[2024-07-26T09:01:04.963+0000] {local_task_job_runner.py:120} INFO - ::group::Pre task execution logs
[2024-07-26T09:01:05.005+0000] {taskinstance.py:2076} INFO - Dependencies all met for dep_context=non-requeueable deps ti=<TaskInstance: raw_data_processing_pipeline.themuse_api_call scheduled__2024-07-26T08:01:00+00:00 [queued]>
[2024-07-26T09:01:05.021+0000] {taskinstance.py:2076} INFO - Dependencies all met for dep_context=requeueable deps ti=<TaskInstance: raw_data_processing_pipeline.themuse_api_call scheduled__2024-07-26T08:01:00+00:00 [queued]>
[2024-07-26T09:01:05.021+0000] {taskinstance.py:2306} INFO - Starting attempt 1 of 1
[2024-07-26T09:01:05.042+0000] {taskinstance.py:2330} INFO - Executing <Task(PythonOperator): themuse_api_call> on 2024-07-26 08:01:00+00:00
[2024-07-26T09:01:05.050+0000] {standard_task_runner.py:64} INFO - Started process 7384 to run task
[2024-07-26T09:01:05.056+0000] {standard_task_runner.py:90} INFO - Running: ['airflow', 'tasks', 'run', 'raw_data_processing_pipeline', 'themuse_api_call', 'scheduled__2024-07-26T08:01:00+00:00', '--job-id', '183', '--raw', '--subdir', 'DAGS_FOLDER/raw_data_processing_pipeline.py', '--cfg-path', '/tmp/tmp48vsfz6e']
[2024-07-26T09:01:05.059+0000] {standard_task_runner.py:91} INFO - Job 183: Subtask themuse_api_call
[2024-07-26T09:01:05.158+0000] {task_command.py:426} INFO - Running <TaskInstance: raw_data_processing_pipeline.themuse_api_call scheduled__2024-07-26T08:01:00+00:00 [running]> on host 1a5e8209220d
[2024-07-26T09:01:05.333+0000] {taskinstance.py:2648} INFO - Exporting env vars: AIRFLOW_CTX_DAG_OWNER='airflow' AIRFLOW_CTX_DAG_ID='raw_data_processing_pipeline' AIRFLOW_CTX_TASK_ID='themuse_api_call' AIRFLOW_CTX_EXECUTION_DATE='2024-07-26T08:01:00+00:00' AIRFLOW_CTX_TRY_NUMBER='1' AIRFLOW_CTX_DAG_RUN_ID='scheduled__2024-07-26T08:01:00+00:00'
[2024-07-26T09:01:05.335+0000] {taskinstance.py:430} INFO - ::endgroup::
[2024-07-26T09:01:12.714+0000] {logging_mixin.py:188} INFO - Saved to 'data/raw/themuse_jobs_part_1.csv': 200 jobs
[2024-07-26T09:01:18.783+0000] {logging_mixin.py:188} INFO - Saved to 'data/raw/themuse_jobs_part_2.csv': 200 jobs
[2024-07-26T09:01:24.555+0000] {logging_mixin.py:188} INFO - Saved to 'data/raw/themuse_jobs_part_3.csv': 200 jobs
[2024-07-26T09:01:31.467+0000] {logging_mixin.py:188} INFO - Saved to 'data/raw/themuse_jobs_part_4.csv': 200 jobs
[2024-07-26T09:01:38.041+0000] {logging_mixin.py:188} INFO - Saved to 'data/raw/themuse_jobs_part_5.csv': 200 jobs
[2024-07-26T09:01:42.588+0000] {logging_mixin.py:188} INFO - Saved to 'data/raw/themuse_jobs_part_6.csv': 200 jobs
[2024-07-26T09:01:48.553+0000] {logging_mixin.py:188} INFO - Saved to 'data/raw/themuse_jobs_part_7.csv': 200 jobs
[2024-07-26T09:01:53.403+0000] {logging_mixin.py:188} INFO - Saved to 'data/raw/themuse_jobs_part_8.csv': 200 jobs
[2024-07-26T09:01:58.939+0000] {logging_mixin.py:188} INFO - Saved to 'data/raw/themuse_jobs_part_9.csv': 200 jobs
[2024-07-26T09:02:05.190+0000] {logging_mixin.py:188} INFO - Saved to 'data/raw/themuse_jobs_part_10.csv': 200 jobs
[2024-07-26T09:02:05.376+0000] {logging_mixin.py:188} INFO - Error 400: Value `page` is too high
[2024-07-26T09:02:09.096+0000] {logging_mixin.py:188} INFO - Saved to 'data/raw/themuse_companies_part_1.csv': 200 companies
[2024-07-26T09:02:11.632+0000] {logging_mixin.py:188} INFO - Saved to 'data/raw/themuse_companies_part_2.csv': 200 companies
[2024-07-26T09:02:14.051+0000] {logging_mixin.py:188} INFO - Saved to 'data/raw/themuse_companies_part_3.csv': 200 companies
[2024-07-26T09:02:14.813+0000] {logging_mixin.py:188} INFO - Saved to 'data/raw/themuse_companies_part_4.csv': 64 companies
[2024-07-26T09:02:14.813+0000] {python.py:237} INFO - Done. Returned value was: None
[2024-07-26T09:02:14.814+0000] {taskinstance.py:441} INFO - ::group::Post task execution logs
[2024-07-26T09:02:14.834+0000] {taskinstance.py:1206} INFO - Marking task as SUCCESS. dag_id=raw_data_processing_pipeline, task_id=themuse_api_call, run_id=scheduled__2024-07-26T08:01:00+00:00, execution_date=20240726T080100, start_date=20240726T090105, end_date=20240726T090214
[2024-07-26T09:02:14.906+0000] {local_task_job_runner.py:243} INFO - Task exited with return code 0
[2024-07-26T09:02:14.963+0000] {taskinstance.py:3503} INFO - 0 downstream tasks scheduled from follow-on schedule check
[2024-07-26T09:02:14.966+0000] {local_task_job_runner.py:222} INFO - ::endgroup::
