[2024-07-26T16:01:05.435+0000] {local_task_job_runner.py:120} INFO - ::group::Pre task execution logs
[2024-07-26T16:01:05.484+0000] {taskinstance.py:2076} INFO - Dependencies all met for dep_context=non-requeueable deps ti=<TaskInstance: raw_data_processing_pipeline.themuse_api_call scheduled__2024-07-26T15:01:00+00:00 [queued]>
[2024-07-26T16:01:05.505+0000] {taskinstance.py:2076} INFO - Dependencies all met for dep_context=requeueable deps ti=<TaskInstance: raw_data_processing_pipeline.themuse_api_call scheduled__2024-07-26T15:01:00+00:00 [queued]>
[2024-07-26T16:01:05.506+0000] {taskinstance.py:2306} INFO - Starting attempt 1 of 1
[2024-07-26T16:01:05.533+0000] {taskinstance.py:2330} INFO - Executing <Task(PythonOperator): themuse_api_call> on 2024-07-26 15:01:00+00:00
[2024-07-26T16:01:05.542+0000] {standard_task_runner.py:64} INFO - Started process 21788 to run task
[2024-07-26T16:01:05.551+0000] {standard_task_runner.py:90} INFO - Running: ['airflow', 'tasks', 'run', 'raw_data_processing_pipeline', 'themuse_api_call', 'scheduled__2024-07-26T15:01:00+00:00', '--job-id', '211', '--raw', '--subdir', 'DAGS_FOLDER/raw_data_processing_pipeline.py', '--cfg-path', '/tmp/tmpcvooo0qu']
[2024-07-26T16:01:05.555+0000] {standard_task_runner.py:91} INFO - Job 211: Subtask themuse_api_call
[2024-07-26T16:01:05.666+0000] {task_command.py:426} INFO - Running <TaskInstance: raw_data_processing_pipeline.themuse_api_call scheduled__2024-07-26T15:01:00+00:00 [running]> on host 1a5e8209220d
[2024-07-26T16:01:05.881+0000] {taskinstance.py:2648} INFO - Exporting env vars: AIRFLOW_CTX_DAG_OWNER='airflow' AIRFLOW_CTX_DAG_ID='raw_data_processing_pipeline' AIRFLOW_CTX_TASK_ID='themuse_api_call' AIRFLOW_CTX_EXECUTION_DATE='2024-07-26T15:01:00+00:00' AIRFLOW_CTX_TRY_NUMBER='1' AIRFLOW_CTX_DAG_RUN_ID='scheduled__2024-07-26T15:01:00+00:00'
[2024-07-26T16:01:05.884+0000] {taskinstance.py:430} INFO - ::endgroup::
[2024-07-26T16:01:14.246+0000] {logging_mixin.py:188} INFO - Saved to 'data/raw/themuse_jobs_part_1.csv': 200 jobs
[2024-07-26T16:01:27.236+0000] {logging_mixin.py:188} INFO - Saved to 'data/raw/themuse_jobs_part_2.csv': 200 jobs
[2024-07-26T16:01:33.700+0000] {logging_mixin.py:188} INFO - Saved to 'data/raw/themuse_jobs_part_3.csv': 200 jobs
[2024-07-26T16:01:38.637+0000] {logging_mixin.py:188} INFO - Saved to 'data/raw/themuse_jobs_part_4.csv': 200 jobs
[2024-07-26T16:01:43.123+0000] {logging_mixin.py:188} INFO - Saved to 'data/raw/themuse_jobs_part_5.csv': 200 jobs
[2024-07-26T16:01:48.147+0000] {logging_mixin.py:188} INFO - Saved to 'data/raw/themuse_jobs_part_6.csv': 200 jobs
[2024-07-26T16:01:51.885+0000] {logging_mixin.py:188} INFO - Saved to 'data/raw/themuse_jobs_part_7.csv': 200 jobs
[2024-07-26T16:01:55.152+0000] {logging_mixin.py:188} INFO - Saved to 'data/raw/themuse_jobs_part_8.csv': 200 jobs
[2024-07-26T16:01:59.598+0000] {logging_mixin.py:188} INFO - Saved to 'data/raw/themuse_jobs_part_9.csv': 200 jobs
[2024-07-26T16:02:03.915+0000] {logging_mixin.py:188} INFO - Saved to 'data/raw/themuse_jobs_part_10.csv': 200 jobs
[2024-07-26T16:02:04.096+0000] {logging_mixin.py:188} INFO - Error 400: Value `page` is too high
[2024-07-26T16:02:07.681+0000] {logging_mixin.py:188} INFO - Saved to 'data/raw/themuse_companies_part_1.csv': 200 companies
[2024-07-26T16:02:10.320+0000] {logging_mixin.py:188} INFO - Saved to 'data/raw/themuse_companies_part_2.csv': 200 companies
[2024-07-26T16:02:13.316+0000] {logging_mixin.py:188} INFO - Saved to 'data/raw/themuse_companies_part_3.csv': 200 companies
[2024-07-26T16:02:14.116+0000] {logging_mixin.py:188} INFO - Saved to 'data/raw/themuse_companies_part_4.csv': 63 companies
[2024-07-26T16:02:14.117+0000] {python.py:237} INFO - Done. Returned value was: None
[2024-07-26T16:02:14.118+0000] {taskinstance.py:441} INFO - ::group::Post task execution logs
[2024-07-26T16:02:14.140+0000] {taskinstance.py:1206} INFO - Marking task as SUCCESS. dag_id=raw_data_processing_pipeline, task_id=themuse_api_call, run_id=scheduled__2024-07-26T15:01:00+00:00, execution_date=20240726T150100, start_date=20240726T160105, end_date=20240726T160214
[2024-07-26T16:02:14.186+0000] {local_task_job_runner.py:243} INFO - Task exited with return code 0
[2024-07-26T16:02:14.235+0000] {taskinstance.py:3503} INFO - 1 downstream tasks scheduled from follow-on schedule check
[2024-07-26T16:02:14.238+0000] {local_task_job_runner.py:222} INFO - ::endgroup::
