[2024-07-20T10:40:20.733+0000] {local_task_job_runner.py:120} INFO - ::group::Pre task execution logs
[2024-07-20T10:40:20.809+0000] {taskinstance.py:2076} INFO - Dependencies all met for dep_context=non-requeueable deps ti=<TaskInstance: raw_data_processing_pipeline.clean_themuseapi_data manual__2024-07-20T10:38:36.418449+00:00 [queued]>
[2024-07-20T10:40:20.828+0000] {taskinstance.py:2076} INFO - Dependencies all met for dep_context=requeueable deps ti=<TaskInstance: raw_data_processing_pipeline.clean_themuseapi_data manual__2024-07-20T10:38:36.418449+00:00 [queued]>
[2024-07-20T10:40:20.829+0000] {taskinstance.py:2306} INFO - Starting attempt 1 of 1
[2024-07-20T10:40:20.863+0000] {taskinstance.py:2330} INFO - Executing <Task(PythonOperator): clean_themuseapi_data> on 2024-07-20 10:38:36.418449+00:00
[2024-07-20T10:40:20.871+0000] {standard_task_runner.py:64} INFO - Started process 58055 to run task
[2024-07-20T10:40:20.879+0000] {clientserver.py:543} INFO - Closing down clientserver connection
[2024-07-20T10:40:20.891+0000] {standard_task_runner.py:90} INFO - Running: ['airflow', 'tasks', 'run', 'raw_data_processing_pipeline', 'clean_themuseapi_data', 'manual__2024-07-20T10:38:36.418449+00:00', '--job-id', '67', '--raw', '--subdir', 'DAGS_FOLDER/raw_data_processing_pipeline.py', '--cfg-path', '/tmp/tmpzkwf96r_']
[2024-07-20T10:40:20.891+0000] {standard_task_runner.py:91} INFO - Job 67: Subtask clean_themuseapi_data
[2024-07-20T10:40:21.138+0000] {task_command.py:426} INFO - Running <TaskInstance: raw_data_processing_pipeline.clean_themuseapi_data manual__2024-07-20T10:38:36.418449+00:00 [running]> on host 87b32801fdc9
[2024-07-20T10:40:21.383+0000] {taskinstance.py:2648} INFO - Exporting env vars: AIRFLOW_CTX_DAG_OWNER='airflow' AIRFLOW_CTX_DAG_ID='raw_data_processing_pipeline' AIRFLOW_CTX_TASK_ID='clean_themuseapi_data' AIRFLOW_CTX_EXECUTION_DATE='2024-07-20T10:38:36.418449+00:00' AIRFLOW_CTX_TRY_NUMBER='1' AIRFLOW_CTX_DAG_RUN_ID='manual__2024-07-20T10:38:36.418449+00:00'
[2024-07-20T10:40:21.386+0000] {taskinstance.py:430} INFO - ::endgroup::
[2024-07-20T10:40:23.883+0000] {logging_mixin.py:188} INFO - Combined cleaned jobs data saved to 'data/cleaned/cleaned_all_jobs.csv'
[2024-07-20T10:40:23.941+0000] {logging_mixin.py:188} INFO - Combined cleaned companies data saved to 'data/cleaned/cleaned_all_companies.csv'
[2024-07-20T10:40:23.944+0000] {python.py:237} INFO - Done. Returned value was: None
[2024-07-20T10:40:23.944+0000] {taskinstance.py:441} INFO - ::group::Post task execution logs
[2024-07-20T10:40:23.989+0000] {taskinstance.py:1206} INFO - Marking task as SUCCESS. dag_id=raw_data_processing_pipeline, task_id=clean_themuseapi_data, run_id=manual__2024-07-20T10:38:36.418449+00:00, execution_date=20240720T103836, start_date=20240720T104020, end_date=20240720T104023
[2024-07-20T10:40:24.047+0000] {local_task_job_runner.py:243} INFO - Task exited with return code 0
[2024-07-20T10:40:24.101+0000] {taskinstance.py:3503} INFO - 0 downstream tasks scheduled from follow-on schedule check
[2024-07-20T10:40:24.110+0000] {local_task_job_runner.py:222} INFO - ::endgroup::
