[2024-07-25T10:01:04.114+0000] {local_task_job_runner.py:120} INFO - ::group::Pre task execution logs
[2024-07-25T10:01:04.156+0000] {taskinstance.py:2076} INFO - Dependencies all met for dep_context=non-requeueable deps ti=<TaskInstance: raw_data_processing_pipeline.themuse_api_call scheduled__2024-07-25T09:01:00+00:00 [queued]>
[2024-07-25T10:01:04.170+0000] {taskinstance.py:2076} INFO - Dependencies all met for dep_context=requeueable deps ti=<TaskInstance: raw_data_processing_pipeline.themuse_api_call scheduled__2024-07-25T09:01:00+00:00 [queued]>
[2024-07-25T10:01:04.170+0000] {taskinstance.py:2306} INFO - Starting attempt 1 of 1
[2024-07-25T10:01:04.190+0000] {taskinstance.py:2330} INFO - Executing <Task(PythonOperator): themuse_api_call> on 2024-07-25 09:01:00+00:00
[2024-07-25T10:01:04.197+0000] {standard_task_runner.py:64} INFO - Started process 235 to run task
[2024-07-25T10:01:04.202+0000] {standard_task_runner.py:90} INFO - Running: ['airflow', 'tasks', 'run', 'raw_data_processing_pipeline', 'themuse_api_call', 'scheduled__2024-07-25T09:01:00+00:00', '--job-id', '37', '--raw', '--subdir', 'DAGS_FOLDER/raw_data_processing_pipeline.py', '--cfg-path', '/tmp/tmpga5g8y5x']
[2024-07-25T10:01:04.205+0000] {standard_task_runner.py:91} INFO - Job 37: Subtask themuse_api_call
[2024-07-25T10:01:04.302+0000] {task_command.py:426} INFO - Running <TaskInstance: raw_data_processing_pipeline.themuse_api_call scheduled__2024-07-25T09:01:00+00:00 [running]> on host 5e8b32b69c95
[2024-07-25T10:01:04.450+0000] {taskinstance.py:2648} INFO - Exporting env vars: AIRFLOW_CTX_DAG_OWNER='airflow' AIRFLOW_CTX_DAG_ID='raw_data_processing_pipeline' AIRFLOW_CTX_TASK_ID='themuse_api_call' AIRFLOW_CTX_EXECUTION_DATE='2024-07-25T09:01:00+00:00' AIRFLOW_CTX_TRY_NUMBER='1' AIRFLOW_CTX_DAG_RUN_ID='scheduled__2024-07-25T09:01:00+00:00'
[2024-07-25T10:01:04.452+0000] {taskinstance.py:430} INFO - ::endgroup::
[2024-07-25T10:01:11.272+0000] {logging_mixin.py:188} INFO - Saved to 'data/raw/themuse_jobs_part_1.csv': 200 jobs
[2024-07-25T10:01:17.838+0000] {logging_mixin.py:188} INFO - Saved to 'data/raw/themuse_jobs_part_2.csv': 200 jobs
[2024-07-25T10:01:24.055+0000] {logging_mixin.py:188} INFO - Saved to 'data/raw/themuse_jobs_part_3.csv': 200 jobs
[2024-07-25T10:01:28.111+0000] {logging_mixin.py:188} INFO - Saved to 'data/raw/themuse_jobs_part_4.csv': 200 jobs
[2024-07-25T10:01:34.209+0000] {logging_mixin.py:188} INFO - Saved to 'data/raw/themuse_jobs_part_5.csv': 200 jobs
[2024-07-25T10:01:39.543+0000] {logging_mixin.py:188} INFO - Saved to 'data/raw/themuse_jobs_part_6.csv': 200 jobs
[2024-07-25T10:01:43.564+0000] {logging_mixin.py:188} INFO - Saved to 'data/raw/themuse_jobs_part_7.csv': 200 jobs
[2024-07-25T10:01:50.074+0000] {logging_mixin.py:188} INFO - Saved to 'data/raw/themuse_jobs_part_8.csv': 200 jobs
[2024-07-25T10:02:01.774+0000] {logging_mixin.py:188} INFO - Saved to 'data/raw/themuse_jobs_part_9.csv': 200 jobs
[2024-07-25T10:02:06.439+0000] {logging_mixin.py:188} INFO - Saved to 'data/raw/themuse_jobs_part_10.csv': 200 jobs
[2024-07-25T10:02:06.595+0000] {logging_mixin.py:188} INFO - Error 400: Value `page` is too high
[2024-07-25T10:02:09.180+0000] {logging_mixin.py:188} INFO - Saved to 'data/raw/themuse_companies_part_1.csv': 200 companies
[2024-07-25T10:02:11.222+0000] {logging_mixin.py:188} INFO - Saved to 'data/raw/themuse_companies_part_2.csv': 200 companies
[2024-07-25T10:02:16.679+0000] {logging_mixin.py:188} INFO - Saved to 'data/raw/themuse_companies_part_3.csv': 200 companies
[2024-07-25T10:02:18.760+0000] {logging_mixin.py:188} INFO - Saved to 'data/raw/themuse_companies_part_4.csv': 93 companies
[2024-07-25T10:02:18.761+0000] {python.py:237} INFO - Done. Returned value was: None
[2024-07-25T10:02:18.761+0000] {taskinstance.py:441} INFO - ::group::Post task execution logs
[2024-07-25T10:02:18.781+0000] {taskinstance.py:1206} INFO - Marking task as SUCCESS. dag_id=raw_data_processing_pipeline, task_id=themuse_api_call, run_id=scheduled__2024-07-25T09:01:00+00:00, execution_date=20240725T090100, start_date=20240725T100104, end_date=20240725T100218
[2024-07-25T10:02:18.821+0000] {local_task_job_runner.py:243} INFO - Task exited with return code 0
[2024-07-25T10:02:18.865+0000] {taskinstance.py:3503} INFO - 1 downstream tasks scheduled from follow-on schedule check
[2024-07-25T10:02:18.867+0000] {local_task_job_runner.py:222} INFO - ::endgroup::
