[2024-07-25T09:34:59.058+0000] {local_task_job_runner.py:120} INFO - ::group::Pre task execution logs
[2024-07-25T09:34:59.099+0000] {taskinstance.py:2076} INFO - Dependencies all met for dep_context=non-requeueable deps ti=<TaskInstance: raw_data_processing_pipeline.themuse_api_call manual__2024-07-25T09:34:54.368280+00:00 [queued]>
[2024-07-25T09:34:59.111+0000] {taskinstance.py:2076} INFO - Dependencies all met for dep_context=requeueable deps ti=<TaskInstance: raw_data_processing_pipeline.themuse_api_call manual__2024-07-25T09:34:54.368280+00:00 [queued]>
[2024-07-25T09:34:59.112+0000] {taskinstance.py:2306} INFO - Starting attempt 1 of 1
[2024-07-25T09:34:59.131+0000] {taskinstance.py:2330} INFO - Executing <Task(PythonOperator): themuse_api_call> on 2024-07-25 09:34:54.368280+00:00
[2024-07-25T09:34:59.137+0000] {standard_task_runner.py:64} INFO - Started process 683 to run task
[2024-07-25T09:34:59.143+0000] {standard_task_runner.py:90} INFO - Running: ['airflow', 'tasks', 'run', 'raw_data_processing_pipeline', 'themuse_api_call', 'manual__2024-07-25T09:34:54.368280+00:00', '--job-id', '23', '--raw', '--subdir', 'DAGS_FOLDER/raw_data_processing_pipeline.py', '--cfg-path', '/tmp/tmpunbapabt']
[2024-07-25T09:34:59.146+0000] {standard_task_runner.py:91} INFO - Job 23: Subtask themuse_api_call
[2024-07-25T09:34:59.236+0000] {task_command.py:426} INFO - Running <TaskInstance: raw_data_processing_pipeline.themuse_api_call manual__2024-07-25T09:34:54.368280+00:00 [running]> on host a2e39b95bff0
[2024-07-25T09:34:59.400+0000] {taskinstance.py:2648} INFO - Exporting env vars: AIRFLOW_CTX_DAG_OWNER='airflow' AIRFLOW_CTX_DAG_ID='raw_data_processing_pipeline' AIRFLOW_CTX_TASK_ID='themuse_api_call' AIRFLOW_CTX_EXECUTION_DATE='2024-07-25T09:34:54.368280+00:00' AIRFLOW_CTX_TRY_NUMBER='1' AIRFLOW_CTX_DAG_RUN_ID='manual__2024-07-25T09:34:54.368280+00:00'
[2024-07-25T09:34:59.401+0000] {taskinstance.py:430} INFO - ::endgroup::
[2024-07-25T09:35:05.553+0000] {logging_mixin.py:188} INFO - Saved to 'data/raw/themuse_jobs_part_1.csv': 200 jobs
[2024-07-25T09:35:25.181+0000] {logging_mixin.py:188} INFO - Saved to 'data/raw/themuse_jobs_part_2.csv': 200 jobs
[2024-07-25T09:35:35.179+0000] {logging_mixin.py:188} INFO - Saved to 'data/raw/themuse_jobs_part_3.csv': 200 jobs
[2024-07-25T09:35:40.148+0000] {logging_mixin.py:188} INFO - Saved to 'data/raw/themuse_jobs_part_4.csv': 200 jobs
[2024-07-25T09:35:43.473+0000] {logging_mixin.py:188} INFO - Saved to 'data/raw/themuse_jobs_part_5.csv': 200 jobs
[2024-07-25T09:35:48.019+0000] {logging_mixin.py:188} INFO - Saved to 'data/raw/themuse_jobs_part_6.csv': 200 jobs
[2024-07-25T09:35:52.272+0000] {logging_mixin.py:188} INFO - Saved to 'data/raw/themuse_jobs_part_7.csv': 200 jobs
[2024-07-25T09:35:56.763+0000] {logging_mixin.py:188} INFO - Saved to 'data/raw/themuse_jobs_part_8.csv': 200 jobs
[2024-07-25T09:36:00.086+0000] {logging_mixin.py:188} INFO - Saved to 'data/raw/themuse_jobs_part_9.csv': 200 jobs
[2024-07-25T09:36:04.063+0000] {logging_mixin.py:188} INFO - Saved to 'data/raw/themuse_jobs_part_10.csv': 200 jobs
[2024-07-25T09:36:04.251+0000] {logging_mixin.py:188} INFO - Error 400: Value `page` is too high
[2024-07-25T09:36:06.498+0000] {logging_mixin.py:188} INFO - Saved to 'data/raw/themuse_companies_part_1.csv': 200 companies
[2024-07-25T09:36:09.235+0000] {logging_mixin.py:188} INFO - Saved to 'data/raw/themuse_companies_part_2.csv': 200 companies
[2024-07-25T09:36:11.396+0000] {logging_mixin.py:188} INFO - Saved to 'data/raw/themuse_companies_part_3.csv': 200 companies
[2024-07-25T09:36:12.455+0000] {logging_mixin.py:188} INFO - Saved to 'data/raw/themuse_companies_part_4.csv': 93 companies
[2024-07-25T09:36:12.456+0000] {python.py:237} INFO - Done. Returned value was: None
[2024-07-25T09:36:12.456+0000] {taskinstance.py:441} INFO - ::group::Post task execution logs
[2024-07-25T09:36:12.476+0000] {taskinstance.py:1206} INFO - Marking task as SUCCESS. dag_id=raw_data_processing_pipeline, task_id=themuse_api_call, run_id=manual__2024-07-25T09:34:54.368280+00:00, execution_date=20240725T093454, start_date=20240725T093459, end_date=20240725T093612
[2024-07-25T09:36:12.515+0000] {local_task_job_runner.py:243} INFO - Task exited with return code 0
[2024-07-25T09:36:12.559+0000] {taskinstance.py:3503} INFO - 1 downstream tasks scheduled from follow-on schedule check
[2024-07-25T09:36:12.561+0000] {local_task_job_runner.py:222} INFO - ::endgroup::
