[2024-07-25T15:40:15.671+0000] {local_task_job_runner.py:120} INFO - ::group::Pre task execution logs
[2024-07-25T15:40:15.714+0000] {taskinstance.py:2076} INFO - Dependencies all met for dep_context=non-requeueable deps ti=<TaskInstance: raw_data_processing_pipeline.themuse_api_call scheduled__2024-07-25T14:01:00+00:00 [queued]>
[2024-07-25T15:40:15.726+0000] {taskinstance.py:2076} INFO - Dependencies all met for dep_context=requeueable deps ti=<TaskInstance: raw_data_processing_pipeline.themuse_api_call scheduled__2024-07-25T14:01:00+00:00 [queued]>
[2024-07-25T15:40:15.726+0000] {taskinstance.py:2306} INFO - Starting attempt 2 of 1
[2024-07-25T15:40:15.748+0000] {taskinstance.py:2330} INFO - Executing <Task(PythonOperator): themuse_api_call> on 2024-07-25 14:01:00+00:00
[2024-07-25T15:40:15.757+0000] {standard_task_runner.py:64} INFO - Started process 182 to run task
[2024-07-25T15:40:15.766+0000] {standard_task_runner.py:90} INFO - Running: ['airflow', 'tasks', 'run', 'raw_data_processing_pipeline', 'themuse_api_call', 'scheduled__2024-07-25T14:01:00+00:00', '--job-id', '142', '--raw', '--subdir', 'DAGS_FOLDER/raw_data_processing_pipeline.py', '--cfg-path', '/tmp/tmpvkpouisf']
[2024-07-25T15:40:15.769+0000] {standard_task_runner.py:91} INFO - Job 142: Subtask themuse_api_call
[2024-07-25T15:40:15.871+0000] {task_command.py:426} INFO - Running <TaskInstance: raw_data_processing_pipeline.themuse_api_call scheduled__2024-07-25T14:01:00+00:00 [running]> on host 2bf2ef232c56
[2024-07-25T15:40:16.069+0000] {taskinstance.py:2648} INFO - Exporting env vars: AIRFLOW_CTX_DAG_OWNER='airflow' AIRFLOW_CTX_DAG_ID='raw_data_processing_pipeline' AIRFLOW_CTX_TASK_ID='themuse_api_call' AIRFLOW_CTX_EXECUTION_DATE='2024-07-25T14:01:00+00:00' AIRFLOW_CTX_TRY_NUMBER='2' AIRFLOW_CTX_DAG_RUN_ID='scheduled__2024-07-25T14:01:00+00:00'
[2024-07-25T15:40:16.071+0000] {taskinstance.py:430} INFO - ::endgroup::
[2024-07-25T15:40:42.065+0000] {logging_mixin.py:188} INFO - Saved to 'data/raw/themuse_jobs_part_1.csv': 200 jobs
[2024-07-25T15:41:10.375+0000] {logging_mixin.py:188} INFO - Saved to 'data/raw/themuse_jobs_part_2.csv': 200 jobs
[2024-07-25T15:41:41.026+0000] {logging_mixin.py:188} INFO - Saved to 'data/raw/themuse_jobs_part_3.csv': 200 jobs
[2024-07-25T15:41:56.039+0000] {logging_mixin.py:188} INFO - Saved to 'data/raw/themuse_jobs_part_4.csv': 200 jobs
[2024-07-25T15:42:10.834+0000] {logging_mixin.py:188} INFO - Saved to 'data/raw/themuse_jobs_part_5.csv': 200 jobs
[2024-07-25T15:42:22.522+0000] {logging_mixin.py:188} INFO - Saved to 'data/raw/themuse_jobs_part_6.csv': 200 jobs
[2024-07-25T15:42:42.445+0000] {logging_mixin.py:188} INFO - Saved to 'data/raw/themuse_jobs_part_7.csv': 200 jobs
[2024-07-25T15:43:00.753+0000] {logging_mixin.py:188} INFO - Saved to 'data/raw/themuse_jobs_part_8.csv': 200 jobs
[2024-07-25T15:43:09.328+0000] {logging_mixin.py:188} INFO - Saved to 'data/raw/themuse_jobs_part_9.csv': 200 jobs
[2024-07-25T15:43:17.082+0000] {logging_mixin.py:188} INFO - Saved to 'data/raw/themuse_jobs_part_10.csv': 200 jobs
[2024-07-25T15:43:17.242+0000] {logging_mixin.py:188} INFO - Error 400: Value `page` is too high
[2024-07-25T15:43:20.418+0000] {logging_mixin.py:188} INFO - Saved to 'data/raw/themuse_companies_part_1.csv': 200 companies
[2024-07-25T15:43:22.974+0000] {logging_mixin.py:188} INFO - Saved to 'data/raw/themuse_companies_part_2.csv': 200 companies
[2024-07-25T15:43:28.819+0000] {logging_mixin.py:188} INFO - Saved to 'data/raw/themuse_companies_part_3.csv': 200 companies
[2024-07-25T15:43:29.711+0000] {logging_mixin.py:188} INFO - Saved to 'data/raw/themuse_companies_part_4.csv': 64 companies
[2024-07-25T15:43:29.712+0000] {python.py:237} INFO - Done. Returned value was: None
[2024-07-25T15:43:29.713+0000] {taskinstance.py:441} INFO - ::group::Post task execution logs
[2024-07-25T15:43:29.735+0000] {taskinstance.py:1206} INFO - Marking task as SUCCESS. dag_id=raw_data_processing_pipeline, task_id=themuse_api_call, run_id=scheduled__2024-07-25T14:01:00+00:00, execution_date=20240725T140100, start_date=20240725T154015, end_date=20240725T154329
[2024-07-25T15:43:29.788+0000] {local_task_job_runner.py:243} INFO - Task exited with return code 0
[2024-07-25T15:43:29.832+0000] {taskinstance.py:3503} INFO - 1 downstream tasks scheduled from follow-on schedule check
[2024-07-25T15:43:29.834+0000] {local_task_job_runner.py:222} INFO - ::endgroup::
