[2024-07-23T13:35:43.236+0000] {local_task_job_runner.py:120} INFO - ::group::Pre task execution logs
[2024-07-23T13:35:43.308+0000] {taskinstance.py:2076} INFO - Dependencies all met for dep_context=non-requeueable deps ti=<TaskInstance: raw_data_processing_pipeline.themuse_api_call scheduled__2024-07-23T12:01:00+00:00 [queued]>
[2024-07-23T13:35:43.324+0000] {taskinstance.py:2076} INFO - Dependencies all met for dep_context=requeueable deps ti=<TaskInstance: raw_data_processing_pipeline.themuse_api_call scheduled__2024-07-23T12:01:00+00:00 [queued]>
[2024-07-23T13:35:43.325+0000] {taskinstance.py:2306} INFO - Starting attempt 1 of 1
[2024-07-23T13:35:43.354+0000] {taskinstance.py:2330} INFO - Executing <Task(PythonOperator): themuse_api_call> on 2024-07-23 12:01:00+00:00
[2024-07-23T13:35:43.362+0000] {standard_task_runner.py:64} INFO - Started process 424 to run task
[2024-07-23T13:35:43.386+0000] {standard_task_runner.py:90} INFO - Running: ['airflow', 'tasks', 'run', 'raw_data_processing_pipeline', 'themuse_api_call', 'scheduled__2024-07-23T12:01:00+00:00', '--job-id', '79', '--raw', '--subdir', 'DAGS_FOLDER/raw_data_processing_pipeline.py', '--cfg-path', '/tmp/tmpy2kitip0']
[2024-07-23T13:35:43.395+0000] {standard_task_runner.py:91} INFO - Job 79: Subtask themuse_api_call
[2024-07-23T13:35:43.541+0000] {task_command.py:426} INFO - Running <TaskInstance: raw_data_processing_pipeline.themuse_api_call scheduled__2024-07-23T12:01:00+00:00 [running]> on host 4742c68cb1e2
[2024-07-23T13:35:43.847+0000] {taskinstance.py:2648} INFO - Exporting env vars: AIRFLOW_CTX_DAG_OWNER='airflow' AIRFLOW_CTX_DAG_ID='raw_data_processing_pipeline' AIRFLOW_CTX_TASK_ID='themuse_api_call' AIRFLOW_CTX_EXECUTION_DATE='2024-07-23T12:01:00+00:00' AIRFLOW_CTX_TRY_NUMBER='1' AIRFLOW_CTX_DAG_RUN_ID='scheduled__2024-07-23T12:01:00+00:00'
[2024-07-23T13:35:43.849+0000] {taskinstance.py:430} INFO - ::endgroup::
[2024-07-23T13:35:53.337+0000] {logging_mixin.py:188} INFO - Saved to 'data/source/themuse_jobs_part_1.csv': 200 jobs
[2024-07-23T13:35:59.464+0000] {logging_mixin.py:188} INFO - Saved to 'data/source/themuse_jobs_part_2.csv': 200 jobs
[2024-07-23T13:36:04.557+0000] {logging_mixin.py:188} INFO - Saved to 'data/source/themuse_jobs_part_3.csv': 200 jobs
[2024-07-23T13:36:10.839+0000] {logging_mixin.py:188} INFO - Saved to 'data/source/themuse_jobs_part_4.csv': 200 jobs
[2024-07-23T13:36:17.555+0000] {logging_mixin.py:188} INFO - Saved to 'data/source/themuse_jobs_part_5.csv': 200 jobs
[2024-07-23T13:36:21.309+0000] {logging_mixin.py:188} INFO - Saved to 'data/source/themuse_jobs_part_6.csv': 200 jobs
[2024-07-23T13:36:26.125+0000] {logging_mixin.py:188} INFO - Saved to 'data/source/themuse_jobs_part_7.csv': 200 jobs
[2024-07-23T13:36:30.465+0000] {logging_mixin.py:188} INFO - Saved to 'data/source/themuse_jobs_part_8.csv': 200 jobs
[2024-07-23T13:36:34.572+0000] {logging_mixin.py:188} INFO - Saved to 'data/source/themuse_jobs_part_9.csv': 200 jobs
[2024-07-23T13:36:39.033+0000] {logging_mixin.py:188} INFO - Saved to 'data/source/themuse_jobs_part_10.csv': 200 jobs
[2024-07-23T13:36:39.197+0000] {logging_mixin.py:188} INFO - Error 400: Value `page` is too high
[2024-07-23T13:36:41.775+0000] {logging_mixin.py:188} INFO - Saved to 'data/source/themuse_companies_part_1.csv': 200 companies
[2024-07-23T13:36:44.794+0000] {logging_mixin.py:188} INFO - Saved to 'data/source/themuse_companies_part_2.csv': 200 companies
[2024-07-23T13:36:47.308+0000] {logging_mixin.py:188} INFO - Saved to 'data/source/themuse_companies_part_3.csv': 200 companies
[2024-07-23T13:36:48.658+0000] {logging_mixin.py:188} INFO - Saved to 'data/source/themuse_companies_part_4.csv': 94 companies
[2024-07-23T13:36:48.659+0000] {python.py:237} INFO - Done. Returned value was: None
[2024-07-23T13:36:48.659+0000] {taskinstance.py:441} INFO - ::group::Post task execution logs
[2024-07-23T13:36:48.680+0000] {taskinstance.py:1206} INFO - Marking task as SUCCESS. dag_id=raw_data_processing_pipeline, task_id=themuse_api_call, run_id=scheduled__2024-07-23T12:01:00+00:00, execution_date=20240723T120100, start_date=20240723T133543, end_date=20240723T133648
[2024-07-23T13:36:48.746+0000] {local_task_job_runner.py:243} INFO - Task exited with return code 0
[2024-07-23T13:36:48.784+0000] {taskinstance.py:3503} INFO - 1 downstream tasks scheduled from follow-on schedule check
[2024-07-23T13:36:48.786+0000] {local_task_job_runner.py:222} INFO - ::endgroup::
