[2024-07-24T13:01:13.284+0000] {local_task_job_runner.py:120} INFO - ::group::Pre task execution logs
[2024-07-24T13:01:13.386+0000] {taskinstance.py:2076} INFO - Dependencies all met for dep_context=non-requeueable deps ti=<TaskInstance: raw_data_processing_pipeline.themuse_api_call scheduled__2024-07-24T12:01:00+00:00 [queued]>
[2024-07-24T13:01:13.403+0000] {taskinstance.py:2076} INFO - Dependencies all met for dep_context=requeueable deps ti=<TaskInstance: raw_data_processing_pipeline.themuse_api_call scheduled__2024-07-24T12:01:00+00:00 [queued]>
[2024-07-24T13:01:13.404+0000] {taskinstance.py:2306} INFO - Starting attempt 1 of 1
[2024-07-24T13:01:13.433+0000] {taskinstance.py:2330} INFO - Executing <Task(PythonOperator): themuse_api_call> on 2024-07-24 12:01:00+00:00
[2024-07-24T13:01:13.445+0000] {standard_task_runner.py:64} INFO - Started process 168683 to run task
[2024-07-24T13:01:13.453+0000] {standard_task_runner.py:90} INFO - Running: ['airflow', 'tasks', 'run', 'raw_data_processing_pipeline', 'themuse_api_call', 'scheduled__2024-07-24T12:01:00+00:00', '--job-id', '117', '--raw', '--subdir', 'DAGS_FOLDER/raw_data_processing_pipeline.py', '--cfg-path', '/tmp/tmpd7_lug38']
[2024-07-24T13:01:13.455+0000] {standard_task_runner.py:91} INFO - Job 117: Subtask themuse_api_call
[2024-07-24T13:01:13.607+0000] {task_command.py:426} INFO - Running <TaskInstance: raw_data_processing_pipeline.themuse_api_call scheduled__2024-07-24T12:01:00+00:00 [running]> on host 3f3ef3b72f68
[2024-07-24T13:01:14.032+0000] {taskinstance.py:2648} INFO - Exporting env vars: AIRFLOW_CTX_DAG_OWNER='airflow' AIRFLOW_CTX_DAG_ID='raw_data_processing_pipeline' AIRFLOW_CTX_TASK_ID='themuse_api_call' AIRFLOW_CTX_EXECUTION_DATE='2024-07-24T12:01:00+00:00' AIRFLOW_CTX_TRY_NUMBER='1' AIRFLOW_CTX_DAG_RUN_ID='scheduled__2024-07-24T12:01:00+00:00'
[2024-07-24T13:01:14.034+0000] {taskinstance.py:430} INFO - ::endgroup::
[2024-07-24T13:01:23.096+0000] {logging_mixin.py:188} INFO - Saved to 'data/raw/themuse_jobs_part_1.csv': 200 jobs
[2024-07-24T13:01:28.879+0000] {logging_mixin.py:188} INFO - Saved to 'data/raw/themuse_jobs_part_2.csv': 200 jobs
[2024-07-24T13:01:33.067+0000] {logging_mixin.py:188} INFO - Saved to 'data/raw/themuse_jobs_part_3.csv': 200 jobs
[2024-07-24T13:01:39.023+0000] {logging_mixin.py:188} INFO - Saved to 'data/raw/themuse_jobs_part_4.csv': 200 jobs
[2024-07-24T13:01:44.582+0000] {logging_mixin.py:188} INFO - Saved to 'data/raw/themuse_jobs_part_5.csv': 200 jobs
[2024-07-24T13:01:50.884+0000] {logging_mixin.py:188} INFO - Saved to 'data/raw/themuse_jobs_part_6.csv': 200 jobs
[2024-07-24T13:01:55.898+0000] {logging_mixin.py:188} INFO - Saved to 'data/raw/themuse_jobs_part_7.csv': 200 jobs
[2024-07-24T13:02:01.958+0000] {logging_mixin.py:188} INFO - Saved to 'data/raw/themuse_jobs_part_8.csv': 200 jobs
[2024-07-24T13:02:09.963+0000] {logging_mixin.py:188} INFO - Saved to 'data/raw/themuse_jobs_part_9.csv': 200 jobs
[2024-07-24T13:02:16.090+0000] {logging_mixin.py:188} INFO - Saved to 'data/raw/themuse_jobs_part_10.csv': 200 jobs
[2024-07-24T13:02:16.724+0000] {logging_mixin.py:188} INFO - Error 400: Value `page` is too high
[2024-07-24T13:02:20.415+0000] {logging_mixin.py:188} INFO - Saved to 'data/raw/themuse_companies_part_1.csv': 200 companies
[2024-07-24T13:02:22.980+0000] {logging_mixin.py:188} INFO - Saved to 'data/raw/themuse_companies_part_2.csv': 200 companies
[2024-07-24T13:02:26.288+0000] {logging_mixin.py:188} INFO - Saved to 'data/raw/themuse_companies_part_3.csv': 200 companies
[2024-07-24T13:02:28.310+0000] {logging_mixin.py:188} INFO - Saved to 'data/raw/themuse_companies_part_4.csv': 94 companies
[2024-07-24T13:02:28.311+0000] {python.py:237} INFO - Done. Returned value was: None
[2024-07-24T13:02:28.312+0000] {taskinstance.py:441} INFO - ::group::Post task execution logs
[2024-07-24T13:02:28.382+0000] {taskinstance.py:1206} INFO - Marking task as SUCCESS. dag_id=raw_data_processing_pipeline, task_id=themuse_api_call, run_id=scheduled__2024-07-24T12:01:00+00:00, execution_date=20240724T120100, start_date=20240724T130113, end_date=20240724T130228
[2024-07-24T13:02:28.519+0000] {local_task_job_runner.py:243} INFO - Task exited with return code 0
[2024-07-24T13:02:28.634+0000] {taskinstance.py:3503} INFO - 0 downstream tasks scheduled from follow-on schedule check
[2024-07-24T13:02:28.642+0000] {local_task_job_runner.py:222} INFO - ::endgroup::
