[2024-07-24T14:01:02.090+0000] {local_task_job_runner.py:120} INFO - ::group::Pre task execution logs
[2024-07-24T14:01:02.131+0000] {taskinstance.py:2076} INFO - Dependencies all met for dep_context=non-requeueable deps ti=<TaskInstance: raw_data_processing_pipeline.extract_from_raw_data scheduled__2024-07-24T13:01:00+00:00 [queued]>
[2024-07-24T14:01:02.143+0000] {taskinstance.py:2076} INFO - Dependencies all met for dep_context=requeueable deps ti=<TaskInstance: raw_data_processing_pipeline.extract_from_raw_data scheduled__2024-07-24T13:01:00+00:00 [queued]>
[2024-07-24T14:01:02.144+0000] {taskinstance.py:2306} INFO - Starting attempt 1 of 1
[2024-07-24T14:01:02.164+0000] {taskinstance.py:2330} INFO - Executing <Task(PythonOperator): extract_from_raw_data> on 2024-07-24 13:01:00+00:00
[2024-07-24T14:01:02.171+0000] {standard_task_runner.py:64} INFO - Started process 199850 to run task
[2024-07-24T14:01:02.177+0000] {standard_task_runner.py:90} INFO - Running: ['airflow', 'tasks', 'run', 'raw_data_processing_pipeline', 'extract_from_raw_data', 'scheduled__2024-07-24T13:01:00+00:00', '--job-id', '119', '--raw', '--subdir', 'DAGS_FOLDER/raw_data_processing_pipeline.py', '--cfg-path', '/tmp/tmp606gpukd']
[2024-07-24T14:01:02.178+0000] {standard_task_runner.py:91} INFO - Job 119: Subtask extract_from_raw_data
[2024-07-24T14:01:02.272+0000] {task_command.py:426} INFO - Running <TaskInstance: raw_data_processing_pipeline.extract_from_raw_data scheduled__2024-07-24T13:01:00+00:00 [running]> on host 3f3ef3b72f68
[2024-07-24T14:01:02.443+0000] {taskinstance.py:2648} INFO - Exporting env vars: AIRFLOW_CTX_DAG_OWNER='airflow' AIRFLOW_CTX_DAG_ID='raw_data_processing_pipeline' AIRFLOW_CTX_TASK_ID='extract_from_raw_data' AIRFLOW_CTX_EXECUTION_DATE='2024-07-24T13:01:00+00:00' AIRFLOW_CTX_TRY_NUMBER='1' AIRFLOW_CTX_DAG_RUN_ID='scheduled__2024-07-24T13:01:00+00:00'
[2024-07-24T14:01:02.445+0000] {taskinstance.py:430} INFO - ::endgroup::
[2024-07-24T14:01:02.603+0000] {logging_mixin.py:188} INFO - Error decoding JSON: Expecting ',' delimiter: line 1 column 717 (char 716)
[2024-07-24T14:01:02.604+0000] {logging_mixin.py:188} INFO - Error decoding JSON: Expecting ',' delimiter: line 1 column 3207 (char 3206)
[2024-07-24T14:01:02.604+0000] {logging_mixin.py:188} INFO - Error decoding JSON: Expecting ',' delimiter: line 1 column 767 (char 766)
[2024-07-24T14:01:02.605+0000] {logging_mixin.py:188} INFO - Error decoding JSON: Expecting ',' delimiter: line 1 column 360 (char 359)
[2024-07-24T14:01:02.605+0000] {logging_mixin.py:188} INFO - Error decoding JSON: Expecting ',' delimiter: line 1 column 1806 (char 1805)
[2024-07-24T14:01:02.605+0000] {logging_mixin.py:188} INFO - Error decoding JSON: Expecting ',' delimiter: line 1 column 1212 (char 1211)
[2024-07-24T14:01:02.606+0000] {logging_mixin.py:188} INFO - Error decoding JSON: Expecting ',' delimiter: line 1 column 865 (char 864)
[2024-07-24T14:01:02.606+0000] {logging_mixin.py:188} INFO - Error decoding JSON: Expecting ',' delimiter: line 1 column 105 (char 104)
[2024-07-24T14:01:02.606+0000] {logging_mixin.py:188} INFO - Error decoding JSON: Expecting ',' delimiter: line 1 column 713 (char 712)
[2024-07-24T14:01:02.607+0000] {logging_mixin.py:188} INFO - Error decoding JSON: Expecting ',' delimiter: line 1 column 161 (char 160)
[2024-07-24T14:01:02.607+0000] {logging_mixin.py:188} INFO - Error decoding JSON: Expecting ',' delimiter: line 1 column 6209 (char 6208)
[2024-07-24T14:01:02.608+0000] {logging_mixin.py:188} INFO - Error decoding JSON: Expecting ',' delimiter: line 1 column 2232 (char 2231)
[2024-07-24T14:01:02.608+0000] {logging_mixin.py:188} INFO - Error decoding JSON: Expecting ',' delimiter: line 1 column 665 (char 664)
[2024-07-24T14:01:02.609+0000] {logging_mixin.py:188} INFO - Error decoding JSON: Expecting ',' delimiter: line 1 column 689 (char 688)
[2024-07-24T14:01:02.609+0000] {logging_mixin.py:188} INFO - Error decoding JSON: Expecting ',' delimiter: line 1 column 18 (char 17)
[2024-07-24T14:01:02.610+0000] {logging_mixin.py:188} INFO - Error decoding JSON: Expecting ',' delimiter: line 1 column 29 (char 28)
[2024-07-24T14:01:02.610+0000] {logging_mixin.py:188} INFO - Error decoding JSON: Expecting ',' delimiter: line 1 column 7821 (char 7820)
[2024-07-24T14:01:02.610+0000] {logging_mixin.py:188} INFO - Error decoding JSON: Expecting ',' delimiter: line 1 column 712 (char 711)
[2024-07-24T14:01:02.610+0000] {logging_mixin.py:188} INFO - Error decoding JSON: Expecting ',' delimiter: line 1 column 2386 (char 2385)
[2024-07-24T14:01:02.611+0000] {logging_mixin.py:188} INFO - Error decoding JSON: Expecting ',' delimiter: line 1 column 428 (char 427)
[2024-07-24T14:01:02.611+0000] {logging_mixin.py:188} INFO - Error decoding JSON: Expecting ',' delimiter: line 1 column 241 (char 240)
[2024-07-24T14:01:02.612+0000] {logging_mixin.py:188} INFO - Error decoding JSON: Expecting ',' delimiter: line 1 column 429 (char 428)
[2024-07-24T14:01:02.612+0000] {logging_mixin.py:188} INFO - Error decoding JSON: Expecting ',' delimiter: line 1 column 463 (char 462)
[2024-07-24T14:01:02.613+0000] {logging_mixin.py:188} INFO - Error decoding JSON: Expecting ',' delimiter: line 1 column 3655 (char 3654)
[2024-07-24T14:01:02.614+0000] {logging_mixin.py:188} INFO - Error decoding JSON: Expecting ',' delimiter: line 1 column 2895 (char 2894)
[2024-07-24T14:01:02.614+0000] {logging_mixin.py:188} INFO - Error decoding JSON: Expecting ',' delimiter: line 1 column 24 (char 23)
[2024-07-24T14:01:02.615+0000] {logging_mixin.py:188} INFO - Error decoding JSON: Expecting ',' delimiter: line 1 column 23 (char 22)
[2024-07-24T14:01:02.615+0000] {logging_mixin.py:188} INFO - Error decoding JSON: Expecting ',' delimiter: line 1 column 467 (char 466)
[2024-07-24T14:01:02.616+0000] {logging_mixin.py:188} INFO - Error decoding JSON: Expecting ',' delimiter: line 1 column 1252 (char 1251)
[2024-07-24T14:01:02.616+0000] {logging_mixin.py:188} INFO - Error decoding JSON: Expecting ',' delimiter: line 1 column 1568 (char 1567)
[2024-07-24T14:01:02.617+0000] {logging_mixin.py:188} INFO - Error decoding JSON: Expecting ',' delimiter: line 1 column 1566 (char 1565)
[2024-07-24T14:01:02.617+0000] {logging_mixin.py:188} INFO - Error decoding JSON: Expecting ',' delimiter: line 1 column 2257 (char 2256)
[2024-07-24T14:01:02.618+0000] {logging_mixin.py:188} INFO - Error decoding JSON: Expecting ',' delimiter: line 1 column 250 (char 249)
[2024-07-24T14:01:02.618+0000] {logging_mixin.py:188} INFO - Error decoding JSON: Expecting ',' delimiter: line 1 column 688 (char 687)
[2024-07-24T14:01:02.618+0000] {logging_mixin.py:188} INFO - Error decoding JSON: Expecting ',' delimiter: line 1 column 3039 (char 3038)
[2024-07-24T14:01:02.619+0000] {logging_mixin.py:188} INFO - Error decoding JSON: Expecting ',' delimiter: line 1 column 261 (char 260)
[2024-07-24T14:01:02.619+0000] {logging_mixin.py:188} INFO - Error decoding JSON: Expecting ',' delimiter: line 1 column 25 (char 24)
[2024-07-24T14:01:02.619+0000] {logging_mixin.py:188} INFO - Error decoding JSON: Expecting ',' delimiter: line 1 column 979 (char 978)
[2024-07-24T14:01:02.620+0000] {logging_mixin.py:188} INFO - Error decoding JSON: Expecting ',' delimiter: line 1 column 1958 (char 1957)
[2024-07-24T14:01:02.620+0000] {logging_mixin.py:188} INFO - Error decoding JSON: Expecting ',' delimiter: line 1 column 768 (char 767)
[2024-07-24T14:01:02.621+0000] {logging_mixin.py:188} INFO - Error decoding JSON: Expecting ',' delimiter: line 1 column 1520 (char 1519)
[2024-07-24T14:01:02.621+0000] {logging_mixin.py:188} INFO - Error decoding JSON: Expecting ',' delimiter: line 1 column 2408 (char 2407)
[2024-07-24T14:01:02.622+0000] {logging_mixin.py:188} INFO - Error decoding JSON: Expecting ',' delimiter: line 1 column 7131 (char 7130)
[2024-07-24T14:01:02.622+0000] {logging_mixin.py:188} INFO - Error decoding JSON: Expecting ',' delimiter: line 1 column 5509 (char 5508)
[2024-07-24T14:01:02.623+0000] {logging_mixin.py:188} INFO - Error decoding JSON: Expecting ',' delimiter: line 1 column 1093 (char 1092)
[2024-07-24T14:01:02.623+0000] {logging_mixin.py:188} INFO - Error decoding JSON: Expecting ',' delimiter: line 1 column 772 (char 771)
[2024-07-24T14:01:02.623+0000] {logging_mixin.py:188} INFO - Error decoding JSON: Expecting ',' delimiter: line 1 column 762 (char 761)
[2024-07-24T14:01:02.624+0000] {logging_mixin.py:188} INFO - Error decoding JSON: Expecting ',' delimiter: line 1 column 32 (char 31)
[2024-07-24T14:01:02.624+0000] {logging_mixin.py:188} INFO - Error decoding JSON: Expecting ',' delimiter: line 1 column 1985 (char 1984)
[2024-07-24T14:01:02.625+0000] {logging_mixin.py:188} INFO - Error decoding JSON: Expecting ',' delimiter: line 1 column 5715 (char 5714)
[2024-07-24T14:01:02.625+0000] {logging_mixin.py:188} INFO - Error decoding JSON: Expecting ',' delimiter: line 1 column 2894 (char 2893)
[2024-07-24T14:01:02.626+0000] {logging_mixin.py:188} INFO - Error decoding JSON: Expecting ',' delimiter: line 1 column 1639 (char 1638)
[2024-07-24T14:01:02.626+0000] {logging_mixin.py:188} INFO - Error decoding JSON: Expecting ',' delimiter: line 1 column 297 (char 296)
[2024-07-24T14:01:02.626+0000] {logging_mixin.py:188} INFO - Error decoding JSON: Expecting ',' delimiter: line 1 column 4895 (char 4894)
[2024-07-24T14:01:02.627+0000] {logging_mixin.py:188} INFO - Error decoding JSON: Expecting ',' delimiter: line 1 column 2745 (char 2744)
[2024-07-24T14:01:02.627+0000] {logging_mixin.py:188} INFO - Error decoding JSON: Expecting ',' delimiter: line 1 column 4036 (char 4035)
[2024-07-24T14:01:02.627+0000] {logging_mixin.py:188} INFO - Error decoding JSON: Expecting ',' delimiter: line 1 column 2028 (char 2027)
[2024-07-24T14:01:02.628+0000] {logging_mixin.py:188} INFO - Error decoding JSON: Expecting ',' delimiter: line 1 column 33 (char 32)
[2024-07-24T14:01:02.628+0000] {logging_mixin.py:188} INFO - Error decoding JSON: Expecting ',' delimiter: line 1 column 37 (char 36)
[2024-07-24T14:01:02.629+0000] {logging_mixin.py:188} INFO - Error decoding JSON: Expecting ',' delimiter: line 1 column 3971 (char 3970)
[2024-07-24T14:01:02.629+0000] {logging_mixin.py:188} INFO - Error decoding JSON: Expecting ',' delimiter: line 1 column 284 (char 283)
[2024-07-24T14:01:02.630+0000] {logging_mixin.py:188} INFO - Error decoding JSON: Expecting ',' delimiter: line 1 column 188 (char 187)
[2024-07-24T14:01:02.630+0000] {logging_mixin.py:188} INFO - Error decoding JSON: Expecting ',' delimiter: line 1 column 36 (char 35)
[2024-07-24T14:01:02.631+0000] {logging_mixin.py:188} INFO - Error decoding JSON: Invalid \escape: line 1 column 2378 (char 2377)
[2024-07-24T14:01:02.631+0000] {logging_mixin.py:188} INFO - Error decoding JSON: Expecting ',' delimiter: line 1 column 1356 (char 1355)
[2024-07-24T14:01:02.631+0000] {logging_mixin.py:188} INFO - Error decoding JSON: Expecting ',' delimiter: line 1 column 1161 (char 1160)
[2024-07-24T14:01:02.632+0000] {logging_mixin.py:188} INFO - Error decoding JSON: Expecting ',' delimiter: line 1 column 767 (char 766)
[2024-07-24T14:01:02.632+0000] {logging_mixin.py:188} INFO - Error decoding JSON: Expecting ',' delimiter: line 1 column 4872 (char 4871)
[2024-07-24T14:01:02.633+0000] {logging_mixin.py:188} INFO - Error decoding JSON: Expecting ',' delimiter: line 1 column 6464 (char 6463)
[2024-07-24T14:01:02.634+0000] {logging_mixin.py:188} INFO - Error decoding JSON: Expecting ',' delimiter: line 1 column 1527 (char 1526)
[2024-07-24T14:01:02.634+0000] {logging_mixin.py:188} INFO - Error decoding JSON: Expecting ',' delimiter: line 1 column 2073 (char 2072)
[2024-07-24T14:01:02.635+0000] {logging_mixin.py:188} INFO - Error decoding JSON: Expecting ',' delimiter: line 1 column 419 (char 418)
[2024-07-24T14:01:02.638+0000] {logging_mixin.py:188} INFO - Error decoding JSON: Expecting ',' delimiter: line 1 column 2887 (char 2886)
[2024-07-24T14:01:02.638+0000] {logging_mixin.py:188} INFO - Error decoding JSON: Expecting ',' delimiter: line 1 column 3805 (char 3804)
[2024-07-24T14:01:02.638+0000] {logging_mixin.py:188} INFO - Error decoding JSON: Expecting ',' delimiter: line 1 column 180 (char 179)
[2024-07-24T14:01:02.639+0000] {logging_mixin.py:188} INFO - Error decoding JSON: Expecting ',' delimiter: line 1 column 32 (char 31)
[2024-07-24T14:01:02.639+0000] {logging_mixin.py:188} INFO - Error decoding JSON: Expecting ',' delimiter: line 1 column 1044 (char 1043)
[2024-07-24T14:01:02.640+0000] {logging_mixin.py:188} INFO - Error decoding JSON: Expecting ',' delimiter: line 1 column 2070 (char 2069)
[2024-07-24T14:01:02.641+0000] {logging_mixin.py:188} INFO - Error decoding JSON: Expecting ',' delimiter: line 1 column 933 (char 932)
[2024-07-24T14:01:02.641+0000] {logging_mixin.py:188} INFO - Error decoding JSON: Expecting ',' delimiter: line 1 column 1306 (char 1305)
[2024-07-24T14:01:02.641+0000] {logging_mixin.py:188} INFO - Error decoding JSON: Expecting ',' delimiter: line 1 column 2612 (char 2611)
[2024-07-24T14:01:02.642+0000] {logging_mixin.py:188} INFO - Error decoding JSON: Expecting ',' delimiter: line 1 column 2004 (char 2003)
[2024-07-24T14:01:02.642+0000] {logging_mixin.py:188} INFO - Error decoding JSON: Expecting ',' delimiter: line 1 column 851 (char 850)
[2024-07-24T14:01:02.642+0000] {logging_mixin.py:188} INFO - Error decoding JSON: Expecting ',' delimiter: line 1 column 3420 (char 3419)
[2024-07-24T14:01:02.643+0000] {logging_mixin.py:188} INFO - Error decoding JSON: Expecting ',' delimiter: line 1 column 3655 (char 3654)
[2024-07-24T14:01:02.644+0000] {logging_mixin.py:188} INFO - Error decoding JSON: Expecting ',' delimiter: line 1 column 5220 (char 5219)
[2024-07-24T14:01:02.644+0000] {logging_mixin.py:188} INFO - Error decoding JSON: Expecting ',' delimiter: line 1 column 222 (char 221)
[2024-07-24T14:01:02.645+0000] {logging_mixin.py:188} INFO - Error decoding JSON: Expecting ',' delimiter: line 1 column 2440 (char 2439)
[2024-07-24T14:01:02.645+0000] {logging_mixin.py:188} INFO - Error decoding JSON: Expecting ',' delimiter: line 1 column 896 (char 895)
[2024-07-24T14:01:02.880+0000] {logging_mixin.py:188} INFO - Error decoding JSON: Expecting ',' delimiter: line 1 column 1097 (char 1096)
[2024-07-24T14:01:02.881+0000] {logging_mixin.py:188} INFO - Error decoding JSON: Expecting ',' delimiter: line 1 column 332 (char 331)
[2024-07-24T14:01:02.881+0000] {logging_mixin.py:188} INFO - Error decoding JSON: Expecting ',' delimiter: line 1 column 1236 (char 1235)
[2024-07-24T14:01:02.882+0000] {logging_mixin.py:188} INFO - Error decoding JSON: Expecting ',' delimiter: line 1 column 1018 (char 1017)
[2024-07-24T14:01:02.882+0000] {logging_mixin.py:188} INFO - Error decoding JSON: Expecting ',' delimiter: line 1 column 19 (char 18)
[2024-07-24T14:01:02.883+0000] {logging_mixin.py:188} INFO - Error decoding JSON: Expecting ',' delimiter: line 1 column 1031 (char 1030)
[2024-07-24T14:01:02.884+0000] {logging_mixin.py:188} INFO - Error decoding JSON: Expecting ',' delimiter: line 1 column 2586 (char 2585)
[2024-07-24T14:01:02.886+0000] {logging_mixin.py:188} INFO - Error decoding JSON: Expecting ',' delimiter: line 1 column 2414 (char 2413)
[2024-07-24T14:01:02.886+0000] {logging_mixin.py:188} INFO - Error decoding JSON: Expecting ',' delimiter: line 1 column 209 (char 208)
[2024-07-24T14:01:02.887+0000] {logging_mixin.py:188} INFO - Error decoding JSON: Expecting ',' delimiter: line 1 column 1899 (char 1898)
[2024-07-24T14:01:02.888+0000] {logging_mixin.py:188} INFO - Error decoding JSON: Expecting ',' delimiter: line 1 column 9265 (char 9264)
[2024-07-24T14:01:02.888+0000] {logging_mixin.py:188} INFO - Error decoding JSON: Expecting ',' delimiter: line 1 column 904 (char 903)
[2024-07-24T14:01:02.889+0000] {logging_mixin.py:188} INFO - Error decoding JSON: Expecting ',' delimiter: line 1 column 389 (char 388)
[2024-07-24T14:01:02.891+0000] {logging_mixin.py:188} INFO - Error decoding JSON: Expecting ',' delimiter: line 1 column 289 (char 288)
[2024-07-24T14:01:02.891+0000] {logging_mixin.py:188} INFO - Error decoding JSON: Expecting ',' delimiter: line 1 column 588 (char 587)
[2024-07-24T14:01:02.892+0000] {logging_mixin.py:188} INFO - Error decoding JSON: Expecting ',' delimiter: line 1 column 895 (char 894)
[2024-07-24T14:01:02.892+0000] {logging_mixin.py:188} INFO - Error decoding JSON: Expecting ',' delimiter: line 1 column 2497 (char 2496)
[2024-07-24T14:01:02.893+0000] {logging_mixin.py:188} INFO - Error decoding JSON: Expecting ',' delimiter: line 1 column 526 (char 525)
[2024-07-24T14:01:02.894+0000] {logging_mixin.py:188} INFO - Error decoding JSON: Expecting ',' delimiter: line 1 column 5576 (char 5575)
[2024-07-24T14:01:02.894+0000] {logging_mixin.py:188} INFO - Error decoding JSON: Expecting ',' delimiter: line 1 column 348 (char 347)
[2024-07-24T14:01:02.895+0000] {logging_mixin.py:188} INFO - Error decoding JSON: Expecting ',' delimiter: line 1 column 243 (char 242)
[2024-07-24T14:01:02.896+0000] {logging_mixin.py:188} INFO - Error decoding JSON: Expecting ',' delimiter: line 1 column 2417 (char 2416)
[2024-07-24T14:01:02.897+0000] {logging_mixin.py:188} INFO - Error decoding JSON: Expecting ',' delimiter: line 1 column 284 (char 283)
[2024-07-24T14:01:02.897+0000] {logging_mixin.py:188} INFO - Error decoding JSON: Expecting ',' delimiter: line 1 column 171 (char 170)
[2024-07-24T14:01:02.898+0000] {logging_mixin.py:188} INFO - Error decoding JSON: Expecting ',' delimiter: line 1 column 541 (char 540)
[2024-07-24T14:01:02.898+0000] {logging_mixin.py:188} INFO - Error decoding JSON: Expecting ',' delimiter: line 1 column 134 (char 133)
[2024-07-24T14:01:02.899+0000] {logging_mixin.py:188} INFO - Error decoding JSON: Expecting ',' delimiter: line 1 column 738 (char 737)
[2024-07-24T14:01:02.900+0000] {logging_mixin.py:188} INFO - Error decoding JSON: Expecting ',' delimiter: line 1 column 128 (char 127)
[2024-07-24T14:01:02.900+0000] {logging_mixin.py:188} INFO - Error decoding JSON: Expecting ',' delimiter: line 1 column 2011 (char 2010)
[2024-07-24T14:01:02.901+0000] {logging_mixin.py:188} INFO - Error decoding JSON: Expecting ',' delimiter: line 1 column 1680 (char 1679)
[2024-07-24T14:01:02.901+0000] {logging_mixin.py:188} INFO - Error decoding JSON: Expecting ',' delimiter: line 1 column 3278 (char 3277)
[2024-07-24T14:01:02.902+0000] {logging_mixin.py:188} INFO - Error decoding JSON: Expecting ',' delimiter: line 1 column 214 (char 213)
[2024-07-24T14:01:02.903+0000] {logging_mixin.py:188} INFO - Error decoding JSON: Expecting ',' delimiter: line 1 column 739 (char 738)
[2024-07-24T14:01:02.903+0000] {logging_mixin.py:188} INFO - Error decoding JSON: Expecting ',' delimiter: line 1 column 1886 (char 1885)
[2024-07-24T14:01:02.904+0000] {logging_mixin.py:188} INFO - Error decoding JSON: Expecting ',' delimiter: line 1 column 2074 (char 2073)
[2024-07-24T14:01:02.904+0000] {logging_mixin.py:188} INFO - Error decoding JSON: Expecting ',' delimiter: line 1 column 988 (char 987)
[2024-07-24T14:01:02.905+0000] {logging_mixin.py:188} INFO - Error decoding JSON: Expecting ',' delimiter: line 1 column 1852 (char 1851)
[2024-07-24T14:01:02.906+0000] {logging_mixin.py:188} INFO - Error decoding JSON: Expecting ',' delimiter: line 1 column 201 (char 200)
[2024-07-24T14:01:02.906+0000] {logging_mixin.py:188} INFO - Error decoding JSON: Expecting ',' delimiter: line 1 column 16 (char 15)
[2024-07-24T14:01:02.907+0000] {logging_mixin.py:188} INFO - Error decoding JSON: Expecting ',' delimiter: line 1 column 23 (char 22)
[2024-07-24T14:01:02.907+0000] {logging_mixin.py:188} INFO - Error decoding JSON: Expecting ',' delimiter: line 1 column 1293 (char 1292)
[2024-07-24T14:01:02.908+0000] {logging_mixin.py:188} INFO - Error decoding JSON: Expecting ',' delimiter: line 1 column 33 (char 32)
[2024-07-24T14:01:02.910+0000] {logging_mixin.py:188} INFO - Error decoding JSON: Expecting ',' delimiter: line 1 column 5571 (char 5570)
[2024-07-24T14:01:02.911+0000] {logging_mixin.py:188} INFO - Error decoding JSON: Expecting ',' delimiter: line 1 column 29 (char 28)
[2024-07-24T14:01:02.911+0000] {logging_mixin.py:188} INFO - Error decoding JSON: Expecting ',' delimiter: line 1 column 627 (char 626)
[2024-07-24T14:01:02.913+0000] {logging_mixin.py:188} INFO - Error decoding JSON: Expecting ',' delimiter: line 1 column 3027 (char 3026)
[2024-07-24T14:01:02.913+0000] {logging_mixin.py:188} INFO - Error decoding JSON: Expecting ',' delimiter: line 1 column 939 (char 938)
[2024-07-24T14:01:02.914+0000] {logging_mixin.py:188} INFO - Error decoding JSON: Expecting ',' delimiter: line 1 column 154 (char 153)
[2024-07-24T14:01:02.915+0000] {logging_mixin.py:188} INFO - Error decoding JSON: Expecting ',' delimiter: line 1 column 4876 (char 4875)
[2024-07-24T14:01:02.915+0000] {logging_mixin.py:188} INFO - Error decoding JSON: Expecting ',' delimiter: line 1 column 1584 (char 1583)
[2024-07-24T14:01:02.917+0000] {logging_mixin.py:188} INFO - Error decoding JSON: Expecting ',' delimiter: line 1 column 19 (char 18)
[2024-07-24T14:01:02.918+0000] {logging_mixin.py:188} INFO - Error decoding JSON: Expecting ',' delimiter: line 1 column 1845 (char 1844)
[2024-07-24T14:01:02.919+0000] {logging_mixin.py:188} INFO - Error decoding JSON: Expecting ',' delimiter: line 1 column 4527 (char 4526)
[2024-07-24T14:01:02.919+0000] {logging_mixin.py:188} INFO - Error decoding JSON: Expecting ',' delimiter: line 1 column 1877 (char 1876)
[2024-07-24T14:01:02.920+0000] {logging_mixin.py:188} INFO - Error decoding JSON: Expecting ',' delimiter: line 1 column 2351 (char 2350)
[2024-07-24T14:01:02.921+0000] {logging_mixin.py:188} INFO - Error decoding JSON: Expecting ',' delimiter: line 1 column 1781 (char 1780)
[2024-07-24T14:01:02.922+0000] {logging_mixin.py:188} INFO - Error decoding JSON: Expecting ',' delimiter: line 1 column 8620 (char 8619)
[2024-07-24T14:01:02.923+0000] {logging_mixin.py:188} INFO - Error decoding JSON: Expecting ',' delimiter: line 1 column 2801 (char 2800)
[2024-07-24T14:01:02.923+0000] {logging_mixin.py:188} INFO - Error decoding JSON: Expecting ',' delimiter: line 1 column 23 (char 22)
[2024-07-24T14:01:02.924+0000] {logging_mixin.py:188} INFO - Error decoding JSON: Expecting ',' delimiter: line 1 column 289 (char 288)
[2024-07-24T14:01:02.925+0000] {logging_mixin.py:188} INFO - Error decoding JSON: Expecting ',' delimiter: line 1 column 8391 (char 8390)
[2024-07-24T14:01:02.927+0000] {logging_mixin.py:188} INFO - Error decoding JSON: Expecting ',' delimiter: line 1 column 130 (char 129)
[2024-07-24T14:01:02.928+0000] {logging_mixin.py:188} INFO - Error decoding JSON: Expecting ',' delimiter: line 1 column 5774 (char 5773)
[2024-07-24T14:01:02.928+0000] {logging_mixin.py:188} INFO - Error decoding JSON: Expecting ',' delimiter: line 1 column 8853 (char 8852)
[2024-07-24T14:01:02.929+0000] {logging_mixin.py:188} INFO - Error decoding JSON: Expecting ',' delimiter: line 1 column 3224 (char 3223)
[2024-07-24T14:01:02.930+0000] {logging_mixin.py:188} INFO - Error decoding JSON: Expecting ',' delimiter: line 1 column 19 (char 18)
[2024-07-24T14:01:02.930+0000] {logging_mixin.py:188} INFO - Error decoding JSON: Expecting ',' delimiter: line 1 column 118 (char 117)
[2024-07-24T14:01:02.931+0000] {logging_mixin.py:188} INFO - Error decoding JSON: Expecting ',' delimiter: line 1 column 154 (char 153)
[2024-07-24T14:01:02.931+0000] {logging_mixin.py:188} INFO - Error decoding JSON: Expecting ',' delimiter: line 1 column 3115 (char 3114)
[2024-07-24T14:01:02.932+0000] {logging_mixin.py:188} INFO - Error decoding JSON: Expecting ',' delimiter: line 1 column 777 (char 776)
[2024-07-24T14:01:02.933+0000] {logging_mixin.py:188} INFO - Error decoding JSON: Expecting ',' delimiter: line 1 column 7092 (char 7091)
[2024-07-24T14:01:02.933+0000] {logging_mixin.py:188} INFO - Error decoding JSON: Expecting ',' delimiter: line 1 column 129 (char 128)
[2024-07-24T14:01:02.934+0000] {logging_mixin.py:188} INFO - Error decoding JSON: Expecting ',' delimiter: line 1 column 16 (char 15)
[2024-07-24T14:01:02.934+0000] {logging_mixin.py:188} INFO - Error decoding JSON: Expecting ',' delimiter: line 1 column 2956 (char 2955)
[2024-07-24T14:01:02.935+0000] {logging_mixin.py:188} INFO - Error decoding JSON: Expecting ',' delimiter: line 1 column 412 (char 411)
[2024-07-24T14:01:02.935+0000] {logging_mixin.py:188} INFO - Error decoding JSON: Expecting ',' delimiter: line 1 column 1499 (char 1498)
[2024-07-24T14:01:02.936+0000] {logging_mixin.py:188} INFO - Error decoding JSON: Expecting ',' delimiter: line 1 column 1599 (char 1598)
[2024-07-24T14:01:02.938+0000] {logging_mixin.py:188} INFO - Error decoding JSON: Expecting ',' delimiter: line 1 column 162 (char 161)
[2024-07-24T14:01:02.939+0000] {logging_mixin.py:188} INFO - Error decoding JSON: Expecting ',' delimiter: line 1 column 555 (char 554)
[2024-07-24T14:01:02.939+0000] {logging_mixin.py:188} INFO - Error decoding JSON: Expecting ',' delimiter: line 1 column 645 (char 644)
[2024-07-24T14:01:02.939+0000] {logging_mixin.py:188} INFO - Error decoding JSON: Expecting ',' delimiter: line 1 column 106 (char 105)
[2024-07-24T14:01:02.940+0000] {logging_mixin.py:188} INFO - Error decoding JSON: Expecting ',' delimiter: line 1 column 182 (char 181)
[2024-07-24T14:01:02.940+0000] {logging_mixin.py:188} INFO - Error decoding JSON: Expecting ',' delimiter: line 1 column 164 (char 163)
[2024-07-24T14:01:02.940+0000] {logging_mixin.py:188} INFO - Error decoding JSON: Expecting ',' delimiter: line 1 column 22 (char 21)
[2024-07-24T14:01:02.940+0000] {logging_mixin.py:188} INFO - Error decoding JSON: Expecting ',' delimiter: line 1 column 491 (char 490)
[2024-07-24T14:01:02.941+0000] {logging_mixin.py:188} INFO - Error decoding JSON: Expecting ',' delimiter: line 1 column 234 (char 233)
[2024-07-24T14:01:02.941+0000] {logging_mixin.py:188} INFO - Error decoding JSON: Expecting ',' delimiter: line 1 column 227 (char 226)
[2024-07-24T14:01:02.942+0000] {logging_mixin.py:188} INFO - Error decoding JSON: Expecting ',' delimiter: line 1 column 20 (char 19)
[2024-07-24T14:01:02.942+0000] {logging_mixin.py:188} INFO - Error decoding JSON: Expecting ',' delimiter: line 1 column 22 (char 21)
[2024-07-24T14:01:02.942+0000] {logging_mixin.py:188} INFO - Error decoding JSON: Expecting ',' delimiter: line 1 column 443 (char 442)
[2024-07-24T14:01:02.943+0000] {logging_mixin.py:188} INFO - Error decoding JSON: Expecting ',' delimiter: line 1 column 270 (char 269)
[2024-07-24T14:01:02.943+0000] {logging_mixin.py:188} INFO - Error decoding JSON: Expecting ',' delimiter: line 1 column 261 (char 260)
[2024-07-24T14:01:02.943+0000] {logging_mixin.py:188} INFO - Error decoding JSON: Expecting ',' delimiter: line 1 column 295 (char 294)
[2024-07-24T14:01:02.944+0000] {logging_mixin.py:188} INFO - Error decoding JSON: Expecting ',' delimiter: line 1 column 20 (char 19)
[2024-07-24T14:01:02.944+0000] {logging_mixin.py:188} INFO - Error decoding JSON: Expecting ',' delimiter: line 1 column 403 (char 402)
[2024-07-24T14:01:02.944+0000] {logging_mixin.py:188} INFO - Error decoding JSON: Expecting ',' delimiter: line 1 column 289 (char 288)
[2024-07-24T14:01:02.945+0000] {logging_mixin.py:188} INFO - Error decoding JSON: Expecting ',' delimiter: line 1 column 535 (char 534)
[2024-07-24T14:01:02.945+0000] {logging_mixin.py:188} INFO - Error decoding JSON: Expecting ',' delimiter: line 1 column 18 (char 17)
[2024-07-24T14:01:02.945+0000] {logging_mixin.py:188} INFO - Error decoding JSON: Expecting ',' delimiter: line 1 column 22 (char 21)
[2024-07-24T14:01:02.946+0000] {logging_mixin.py:188} INFO - Error decoding JSON: Expecting ',' delimiter: line 1 column 22 (char 21)
[2024-07-24T14:01:02.946+0000] {logging_mixin.py:188} INFO - Error decoding JSON: Expecting ',' delimiter: line 1 column 266 (char 265)
[2024-07-24T14:01:02.946+0000] {logging_mixin.py:188} INFO - Error decoding JSON: Expecting ',' delimiter: line 1 column 22 (char 21)
[2024-07-24T14:01:02.947+0000] {logging_mixin.py:188} INFO - Error decoding JSON: Expecting ',' delimiter: line 1 column 307 (char 306)
[2024-07-24T14:01:02.947+0000] {logging_mixin.py:188} INFO - Error decoding JSON: Expecting ',' delimiter: line 1 column 250 (char 249)
[2024-07-24T14:01:02.947+0000] {logging_mixin.py:188} INFO - Error decoding JSON: Expecting ',' delimiter: line 1 column 22 (char 21)
[2024-07-24T14:01:02.948+0000] {logging_mixin.py:188} INFO - Error decoding JSON: Expecting ',' delimiter: line 1 column 22 (char 21)
[2024-07-24T14:01:02.948+0000] {logging_mixin.py:188} INFO - Error decoding JSON: Expecting ',' delimiter: line 1 column 587 (char 586)
[2024-07-24T14:01:02.948+0000] {logging_mixin.py:188} INFO - Error decoding JSON: Expecting ',' delimiter: line 1 column 389 (char 388)
[2024-07-24T14:01:02.949+0000] {logging_mixin.py:188} INFO - Error decoding JSON: Expecting ',' delimiter: line 1 column 242 (char 241)
[2024-07-24T14:01:02.949+0000] {logging_mixin.py:188} INFO - Error decoding JSON: Expecting ',' delimiter: line 1 column 22 (char 21)
[2024-07-24T14:01:02.949+0000] {logging_mixin.py:188} INFO - Error decoding JSON: Expecting ',' delimiter: line 1 column 402 (char 401)
[2024-07-24T14:01:02.950+0000] {logging_mixin.py:188} INFO - Error decoding JSON: Expecting ',' delimiter: line 1 column 266 (char 265)
[2024-07-24T14:01:02.950+0000] {logging_mixin.py:188} INFO - Error decoding JSON: Expecting ',' delimiter: line 1 column 23 (char 22)
[2024-07-24T14:01:02.950+0000] {logging_mixin.py:188} INFO - Error decoding JSON: Expecting ',' delimiter: line 1 column 22 (char 21)
[2024-07-24T14:01:02.950+0000] {logging_mixin.py:188} INFO - Error decoding JSON: Expecting ',' delimiter: line 1 column 23 (char 22)
[2024-07-24T14:01:02.951+0000] {logging_mixin.py:188} INFO - Error decoding JSON: Expecting ',' delimiter: line 1 column 22 (char 21)
[2024-07-24T14:01:02.951+0000] {logging_mixin.py:188} INFO - Error decoding JSON: Expecting ',' delimiter: line 1 column 316 (char 315)
[2024-07-24T14:01:02.951+0000] {logging_mixin.py:188} INFO - Error decoding JSON: Expecting ',' delimiter: line 1 column 23 (char 22)
[2024-07-24T14:01:02.952+0000] {logging_mixin.py:188} INFO - Error decoding JSON: Expecting ',' delimiter: line 1 column 142 (char 141)
[2024-07-24T14:01:02.952+0000] {logging_mixin.py:188} INFO - Error decoding JSON: Expecting ',' delimiter: line 1 column 22 (char 21)
[2024-07-24T14:01:02.952+0000] {logging_mixin.py:188} INFO - Error decoding JSON: Expecting ',' delimiter: line 1 column 22 (char 21)
[2024-07-24T14:01:02.953+0000] {logging_mixin.py:188} INFO - Error decoding JSON: Expecting ',' delimiter: line 1 column 496 (char 495)
[2024-07-24T14:01:02.953+0000] {logging_mixin.py:188} INFO - Error decoding JSON: Expecting ',' delimiter: line 1 column 278 (char 277)
[2024-07-24T14:01:02.953+0000] {logging_mixin.py:188} INFO - Error decoding JSON: Expecting ',' delimiter: line 1 column 22 (char 21)
[2024-07-24T14:01:02.954+0000] {logging_mixin.py:188} INFO - Error decoding JSON: Expecting ',' delimiter: line 1 column 22 (char 21)
[2024-07-24T14:01:02.954+0000] {logging_mixin.py:188} INFO - Error decoding JSON: Expecting ',' delimiter: line 1 column 484 (char 483)
[2024-07-24T14:01:02.954+0000] {logging_mixin.py:188} INFO - Error decoding JSON: Expecting ',' delimiter: line 1 column 307 (char 306)
[2024-07-24T14:01:02.955+0000] {logging_mixin.py:188} INFO - Error decoding JSON: Expecting ',' delimiter: line 1 column 146 (char 145)
[2024-07-24T14:01:02.955+0000] {logging_mixin.py:188} INFO - Error decoding JSON: Expecting ',' delimiter: line 1 column 681 (char 680)
[2024-07-24T14:01:02.955+0000] {logging_mixin.py:188} INFO - Error decoding JSON: Expecting ',' delimiter: line 1 column 23 (char 22)
[2024-07-24T14:01:02.956+0000] {logging_mixin.py:188} INFO - Error decoding JSON: Expecting ',' delimiter: line 1 column 486 (char 485)
[2024-07-24T14:01:02.956+0000] {logging_mixin.py:188} INFO - Error decoding JSON: Expecting ',' delimiter: line 1 column 20 (char 19)
[2024-07-24T14:01:02.956+0000] {logging_mixin.py:188} INFO - Error decoding JSON: Expecting ',' delimiter: line 1 column 178 (char 177)
[2024-07-24T14:01:02.957+0000] {logging_mixin.py:188} INFO - Error decoding JSON: Expecting ',' delimiter: line 1 column 543 (char 542)
[2024-07-24T14:01:02.957+0000] {logging_mixin.py:188} INFO - Error decoding JSON: Expecting ',' delimiter: line 1 column 22 (char 21)
[2024-07-24T14:01:02.958+0000] {logging_mixin.py:188} INFO - Error decoding JSON: Expecting ',' delimiter: line 1 column 20 (char 19)
[2024-07-24T14:01:02.958+0000] {logging_mixin.py:188} INFO - Error decoding JSON: Expecting ',' delimiter: line 1 column 22 (char 21)
[2024-07-24T14:01:02.959+0000] {logging_mixin.py:188} INFO - Error decoding JSON: Expecting ',' delimiter: line 1 column 283 (char 282)
[2024-07-24T14:01:02.959+0000] {logging_mixin.py:188} INFO - Error decoding JSON: Expecting ',' delimiter: line 1 column 378 (char 377)
[2024-07-24T14:01:02.959+0000] {logging_mixin.py:188} INFO - Error decoding JSON: Expecting ',' delimiter: line 1 column 107 (char 106)
[2024-07-24T14:01:02.960+0000] {logging_mixin.py:188} INFO - Error decoding JSON: Expecting ',' delimiter: line 1 column 280 (char 279)
[2024-07-24T14:01:02.960+0000] {logging_mixin.py:188} INFO - Error decoding JSON: Expecting ',' delimiter: line 1 column 148 (char 147)
[2024-07-24T14:01:02.961+0000] {logging_mixin.py:188} INFO - Error decoding JSON: Expecting ',' delimiter: line 1 column 22 (char 21)
[2024-07-24T14:01:02.961+0000] {logging_mixin.py:188} INFO - Error decoding JSON: Expecting ',' delimiter: line 1 column 22 (char 21)
[2024-07-24T14:01:02.962+0000] {logging_mixin.py:188} INFO - Error decoding JSON: Expecting ',' delimiter: line 1 column 222 (char 221)
[2024-07-24T14:01:02.962+0000] {logging_mixin.py:188} INFO - Error decoding JSON: Expecting ',' delimiter: line 1 column 20 (char 19)
[2024-07-24T14:01:02.963+0000] {logging_mixin.py:188} INFO - Error decoding JSON: Expecting ',' delimiter: line 1 column 789 (char 788)
[2024-07-24T14:01:02.963+0000] {logging_mixin.py:188} INFO - Error decoding JSON: Expecting ',' delimiter: line 1 column 22 (char 21)
[2024-07-24T14:01:02.963+0000] {logging_mixin.py:188} INFO - Error decoding JSON: Expecting ',' delimiter: line 1 column 23 (char 22)
[2024-07-24T14:01:02.964+0000] {logging_mixin.py:188} INFO - Error decoding JSON: Expecting ',' delimiter: line 1 column 22 (char 21)
[2024-07-24T14:01:02.964+0000] {logging_mixin.py:188} INFO - Error decoding JSON: Expecting ',' delimiter: line 1 column 22 (char 21)
[2024-07-24T14:01:02.964+0000] {logging_mixin.py:188} INFO - Error decoding JSON: Expecting ',' delimiter: line 1 column 521 (char 520)
[2024-07-24T14:01:02.964+0000] {logging_mixin.py:188} INFO - Error decoding JSON: Expecting ',' delimiter: line 1 column 20 (char 19)
[2024-07-24T14:01:02.965+0000] {logging_mixin.py:188} INFO - Error decoding JSON: Expecting ',' delimiter: line 1 column 20 (char 19)
[2024-07-24T14:01:02.965+0000] {logging_mixin.py:188} INFO - Error decoding JSON: Expecting ',' delimiter: line 1 column 412 (char 411)
[2024-07-24T14:01:02.965+0000] {logging_mixin.py:188} INFO - Error decoding JSON: Expecting ',' delimiter: line 1 column 20 (char 19)
[2024-07-24T14:01:02.966+0000] {logging_mixin.py:188} INFO - Error decoding JSON: Expecting ',' delimiter: line 1 column 22 (char 21)
[2024-07-24T14:01:02.966+0000] {logging_mixin.py:188} INFO - Error decoding JSON: Expecting ',' delimiter: line 1 column 22 (char 21)
[2024-07-24T14:01:02.966+0000] {logging_mixin.py:188} INFO - Error decoding JSON: Expecting ',' delimiter: line 1 column 642 (char 641)
[2024-07-24T14:01:02.967+0000] {logging_mixin.py:188} INFO - Error decoding JSON: Expecting ',' delimiter: line 1 column 22 (char 21)
[2024-07-24T14:01:02.967+0000] {logging_mixin.py:188} INFO - Error decoding JSON: Expecting ',' delimiter: line 1 column 23 (char 22)
[2024-07-24T14:01:02.967+0000] {logging_mixin.py:188} INFO - Error decoding JSON: Expecting ',' delimiter: line 1 column 506 (char 505)
[2024-07-24T14:01:02.968+0000] {logging_mixin.py:188} INFO - Error decoding JSON: Expecting ',' delimiter: line 1 column 22 (char 21)
[2024-07-24T14:01:02.968+0000] {logging_mixin.py:188} INFO - Error decoding JSON: Expecting ',' delimiter: line 1 column 23 (char 22)
[2024-07-24T14:01:02.968+0000] {logging_mixin.py:188} INFO - Error decoding JSON: Expecting ',' delimiter: line 1 column 22 (char 21)
[2024-07-24T14:01:02.969+0000] {logging_mixin.py:188} INFO - Error decoding JSON: Expecting ',' delimiter: line 1 column 329 (char 328)
[2024-07-24T14:01:02.969+0000] {logging_mixin.py:188} INFO - Error decoding JSON: Expecting ',' delimiter: line 1 column 22 (char 21)
[2024-07-24T14:01:02.970+0000] {logging_mixin.py:188} INFO - Error decoding JSON: Expecting ',' delimiter: line 1 column 282 (char 281)
[2024-07-24T14:01:02.970+0000] {logging_mixin.py:188} INFO - Error decoding JSON: Expecting ',' delimiter: line 1 column 66 (char 65)
[2024-07-24T14:01:02.970+0000] {logging_mixin.py:188} INFO - Error decoding JSON: Expecting ',' delimiter: line 1 column 23 (char 22)
[2024-07-24T14:01:02.970+0000] {logging_mixin.py:188} INFO - Error decoding JSON: Expecting ',' delimiter: line 1 column 20 (char 19)
[2024-07-24T14:01:02.971+0000] {logging_mixin.py:188} INFO - Error decoding JSON: Expecting ',' delimiter: line 1 column 22 (char 21)
[2024-07-24T14:01:02.971+0000] {logging_mixin.py:188} INFO - Error decoding JSON: Expecting ',' delimiter: line 1 column 20 (char 19)
[2024-07-24T14:01:02.971+0000] {logging_mixin.py:188} INFO - Error decoding JSON: Expecting ',' delimiter: line 1 column 934 (char 933)
[2024-07-24T14:01:02.972+0000] {logging_mixin.py:188} INFO - Error decoding JSON: Expecting ',' delimiter: line 1 column 20 (char 19)
[2024-07-24T14:01:02.972+0000] {logging_mixin.py:188} INFO - Error decoding JSON: Expecting ',' delimiter: line 1 column 20 (char 19)
[2024-07-24T14:01:02.973+0000] {logging_mixin.py:188} INFO - Error decoding JSON: Expecting ',' delimiter: line 1 column 742 (char 741)
[2024-07-24T14:01:02.973+0000] {logging_mixin.py:188} INFO - Error decoding JSON: Expecting ',' delimiter: line 1 column 484 (char 483)
[2024-07-24T14:01:02.973+0000] {logging_mixin.py:188} INFO - Error decoding JSON: Expecting ',' delimiter: line 1 column 241 (char 240)
[2024-07-24T14:01:02.974+0000] {logging_mixin.py:188} INFO - Error decoding JSON: Expecting ',' delimiter: line 1 column 22 (char 21)
[2024-07-24T14:01:02.974+0000] {logging_mixin.py:188} INFO - Error decoding JSON: Expecting ',' delimiter: line 1 column 757 (char 756)
[2024-07-24T14:01:02.974+0000] {logging_mixin.py:188} INFO - Error decoding JSON: Expecting ',' delimiter: line 1 column 22 (char 21)
[2024-07-24T14:01:02.975+0000] {logging_mixin.py:188} INFO - Error decoding JSON: Expecting ',' delimiter: line 1 column 506 (char 505)
[2024-07-24T14:01:02.975+0000] {logging_mixin.py:188} INFO - Error decoding JSON: Expecting ',' delimiter: line 1 column 194 (char 193)
[2024-07-24T14:01:02.976+0000] {logging_mixin.py:188} INFO - Error decoding JSON: Expecting ',' delimiter: line 1 column 22 (char 21)
[2024-07-24T14:01:02.976+0000] {logging_mixin.py:188} INFO - Error decoding JSON: Expecting ',' delimiter: line 1 column 20 (char 19)
[2024-07-24T14:01:02.976+0000] {logging_mixin.py:188} INFO - Error decoding JSON: Expecting ',' delimiter: line 1 column 22 (char 21)
[2024-07-24T14:01:02.977+0000] {logging_mixin.py:188} INFO - Error decoding JSON: Expecting ',' delimiter: line 1 column 22 (char 21)
[2024-07-24T14:01:02.977+0000] {logging_mixin.py:188} INFO - Error decoding JSON: Expecting ',' delimiter: line 1 column 22 (char 21)
[2024-07-24T14:01:02.977+0000] {logging_mixin.py:188} INFO - Error decoding JSON: Expecting ',' delimiter: line 1 column 20 (char 19)
[2024-07-24T14:01:02.977+0000] {logging_mixin.py:188} INFO - Error decoding JSON: Expecting ',' delimiter: line 1 column 263 (char 262)
[2024-07-24T14:01:02.978+0000] {logging_mixin.py:188} INFO - Error decoding JSON: Expecting ',' delimiter: line 1 column 262 (char 261)
[2024-07-24T14:01:02.978+0000] {logging_mixin.py:188} INFO - Error decoding JSON: Expecting ',' delimiter: line 1 column 22 (char 21)
[2024-07-24T14:01:02.979+0000] {logging_mixin.py:188} INFO - Error decoding JSON: Expecting ',' delimiter: line 1 column 23 (char 22)
[2024-07-24T14:01:02.979+0000] {logging_mixin.py:188} INFO - Error decoding JSON: Expecting ',' delimiter: line 1 column 453 (char 452)
[2024-07-24T14:01:02.979+0000] {logging_mixin.py:188} INFO - Error decoding JSON: Expecting ',' delimiter: line 1 column 22 (char 21)
[2024-07-24T14:01:02.980+0000] {logging_mixin.py:188} INFO - Error decoding JSON: Expecting ',' delimiter: line 1 column 266 (char 265)
[2024-07-24T14:01:02.980+0000] {logging_mixin.py:188} INFO - Error decoding JSON: Expecting ',' delimiter: line 1 column 338 (char 337)
[2024-07-24T14:01:02.980+0000] {logging_mixin.py:188} INFO - Error decoding JSON: Expecting ',' delimiter: line 1 column 22 (char 21)
[2024-07-24T14:01:02.980+0000] {logging_mixin.py:188} INFO - Error decoding JSON: Expecting ',' delimiter: line 1 column 20 (char 19)
[2024-07-24T14:01:02.981+0000] {logging_mixin.py:188} INFO - Error decoding JSON: Expecting ',' delimiter: line 1 column 22 (char 21)
[2024-07-24T14:01:02.981+0000] {logging_mixin.py:188} INFO - Error decoding JSON: Expecting ',' delimiter: line 1 column 232 (char 231)
[2024-07-24T14:01:02.981+0000] {logging_mixin.py:188} INFO - Error decoding JSON: Expecting ',' delimiter: line 1 column 127 (char 126)
[2024-07-24T14:01:02.982+0000] {logging_mixin.py:188} INFO - Error decoding JSON: Expecting ',' delimiter: line 1 column 237 (char 236)
[2024-07-24T14:01:02.982+0000] {logging_mixin.py:188} INFO - Error decoding JSON: Expecting ',' delimiter: line 1 column 672 (char 671)
[2024-07-24T14:01:02.983+0000] {logging_mixin.py:188} INFO - Error decoding JSON: Expecting ',' delimiter: line 1 column 105 (char 104)
[2024-07-24T14:01:02.983+0000] {logging_mixin.py:188} INFO - Error decoding JSON: Expecting ',' delimiter: line 1 column 1054 (char 1053)
[2024-07-24T14:01:02.983+0000] {logging_mixin.py:188} INFO - Error decoding JSON: Expecting ',' delimiter: line 1 column 235 (char 234)
[2024-07-24T14:01:02.984+0000] {logging_mixin.py:188} INFO - Error decoding JSON: Expecting ',' delimiter: line 1 column 22 (char 21)
[2024-07-24T14:01:02.984+0000] {logging_mixin.py:188} INFO - Error decoding JSON: Expecting ',' delimiter: line 1 column 399 (char 398)
[2024-07-24T14:01:02.984+0000] {logging_mixin.py:188} INFO - Error decoding JSON: Expecting ',' delimiter: line 1 column 420 (char 419)
[2024-07-24T14:01:02.985+0000] {logging_mixin.py:188} INFO - Error decoding JSON: Expecting ',' delimiter: line 1 column 86 (char 85)
[2024-07-24T14:01:02.985+0000] {logging_mixin.py:188} INFO - Error decoding JSON: Expecting ',' delimiter: line 1 column 22 (char 21)
[2024-07-24T14:01:02.986+0000] {logging_mixin.py:188} INFO - Error decoding JSON: Expecting ',' delimiter: line 1 column 118 (char 117)
[2024-07-24T14:01:02.986+0000] {logging_mixin.py:188} INFO - Error decoding JSON: Expecting ',' delimiter: line 1 column 22 (char 21)
[2024-07-24T14:01:02.987+0000] {logging_mixin.py:188} INFO - Error decoding JSON: Expecting ',' delimiter: line 1 column 163 (char 162)
[2024-07-24T14:01:02.987+0000] {logging_mixin.py:188} INFO - Error decoding JSON: Expecting ',' delimiter: line 1 column 2650 (char 2649)
[2024-07-24T14:01:02.987+0000] {logging_mixin.py:188} INFO - Error decoding JSON: Expecting ',' delimiter: line 1 column 301 (char 300)
[2024-07-24T14:01:02.988+0000] {logging_mixin.py:188} INFO - Error decoding JSON: Expecting ',' delimiter: line 1 column 137 (char 136)
[2024-07-24T14:01:02.988+0000] {logging_mixin.py:188} INFO - Error decoding JSON: Expecting ',' delimiter: line 1 column 22 (char 21)
[2024-07-24T14:01:02.988+0000] {logging_mixin.py:188} INFO - Error decoding JSON: Expecting ',' delimiter: line 1 column 22 (char 21)
[2024-07-24T14:01:02.988+0000] {logging_mixin.py:188} INFO - Error decoding JSON: Expecting ',' delimiter: line 1 column 22 (char 21)
[2024-07-24T14:01:02.989+0000] {logging_mixin.py:188} INFO - Error decoding JSON: Expecting ',' delimiter: line 1 column 22 (char 21)
[2024-07-24T14:01:02.989+0000] {logging_mixin.py:188} INFO - Error decoding JSON: Expecting ',' delimiter: line 1 column 904 (char 903)
[2024-07-24T14:01:02.989+0000] {logging_mixin.py:188} INFO - Error decoding JSON: Expecting ',' delimiter: line 1 column 1017 (char 1016)
[2024-07-24T14:01:02.990+0000] {logging_mixin.py:188} INFO - Error decoding JSON: Expecting ',' delimiter: line 1 column 22 (char 21)
[2024-07-24T14:01:02.990+0000] {logging_mixin.py:188} INFO - Error decoding JSON: Expecting ',' delimiter: line 1 column 161 (char 160)
[2024-07-24T14:01:02.990+0000] {logging_mixin.py:188} INFO - Error decoding JSON: Expecting ',' delimiter: line 1 column 22 (char 21)
[2024-07-24T14:01:02.991+0000] {logging_mixin.py:188} INFO - Error decoding JSON: Expecting ',' delimiter: line 1 column 22 (char 21)
[2024-07-24T14:01:02.991+0000] {logging_mixin.py:188} INFO - Error decoding JSON: Expecting ',' delimiter: line 1 column 22 (char 21)
[2024-07-24T14:01:02.991+0000] {logging_mixin.py:188} INFO - Error decoding JSON: Expecting ',' delimiter: line 1 column 22 (char 21)
[2024-07-24T14:01:02.992+0000] {logging_mixin.py:188} INFO - Error decoding JSON: Expecting ',' delimiter: line 1 column 22 (char 21)
[2024-07-24T14:01:02.992+0000] {logging_mixin.py:188} INFO - Error decoding JSON: Expecting ',' delimiter: line 1 column 22 (char 21)
[2024-07-24T14:01:02.992+0000] {logging_mixin.py:188} INFO - Error decoding JSON: Expecting ',' delimiter: line 1 column 22 (char 21)
[2024-07-24T14:01:02.993+0000] {logging_mixin.py:188} INFO - Error decoding JSON: Expecting ',' delimiter: line 1 column 156 (char 155)
[2024-07-24T14:01:02.993+0000] {logging_mixin.py:188} INFO - Error decoding JSON: Expecting ',' delimiter: line 1 column 257 (char 256)
[2024-07-24T14:01:02.993+0000] {logging_mixin.py:188} INFO - Error decoding JSON: Expecting ',' delimiter: line 1 column 20 (char 19)
[2024-07-24T14:01:02.994+0000] {logging_mixin.py:188} INFO - Error decoding JSON: Expecting ',' delimiter: line 1 column 236 (char 235)
[2024-07-24T14:01:02.994+0000] {logging_mixin.py:188} INFO - Error decoding JSON: Expecting ',' delimiter: line 1 column 20 (char 19)
[2024-07-24T14:01:02.995+0000] {logging_mixin.py:188} INFO - Error decoding JSON: Expecting ',' delimiter: line 1 column 20 (char 19)
[2024-07-24T14:01:02.995+0000] {logging_mixin.py:188} INFO - Error decoding JSON: Expecting ',' delimiter: line 1 column 330 (char 329)
[2024-07-24T14:01:02.997+0000] {logging_mixin.py:188} INFO - Error decoding JSON: Expecting ',' delimiter: line 1 column 164 (char 163)
[2024-07-24T14:01:02.999+0000] {logging_mixin.py:188} INFO - Error decoding JSON: Expecting ',' delimiter: line 1 column 571 (char 570)
[2024-07-24T14:01:03.000+0000] {logging_mixin.py:188} INFO - Error decoding JSON: Expecting ',' delimiter: line 1 column 1021 (char 1020)
[2024-07-24T14:01:03.000+0000] {logging_mixin.py:188} INFO - Error decoding JSON: Expecting ',' delimiter: line 1 column 336 (char 335)
[2024-07-24T14:01:03.002+0000] {logging_mixin.py:188} INFO - Error decoding JSON: Expecting ',' delimiter: line 1 column 419 (char 418)
[2024-07-24T14:01:03.002+0000] {logging_mixin.py:188} INFO - Error decoding JSON: Expecting ',' delimiter: line 1 column 77 (char 76)
[2024-07-24T14:01:03.003+0000] {logging_mixin.py:188} INFO - Error decoding JSON: Expecting ',' delimiter: line 1 column 428 (char 427)
[2024-07-24T14:01:03.365+0000] {logging_mixin.py:188} INFO - Experience data has been successfully written to data/cleaned/experiences_data.csv
[2024-07-24T14:01:03.366+0000] {logging_mixin.py:188} INFO - Education data has been successfully written to data/cleaned/education_data.csv
[2024-07-24T14:01:03.366+0000] {logging_mixin.py:188} INFO - Certifications data has been successfully written to data/cleaned/certifications_data.csv
[2024-07-24T14:01:03.366+0000] {logging_mixin.py:188} INFO - cleaned profile data has been successfully written to data/cleaned/cleaned_profile_data.csv
[2024-07-24T14:01:03.373+0000] {python.py:237} INFO - Done. Returned value was: None
[2024-07-24T14:01:03.373+0000] {taskinstance.py:441} INFO - ::group::Post task execution logs
[2024-07-24T14:01:03.394+0000] {taskinstance.py:1206} INFO - Marking task as SUCCESS. dag_id=raw_data_processing_pipeline, task_id=extract_from_raw_data, run_id=scheduled__2024-07-24T13:01:00+00:00, execution_date=20240724T130100, start_date=20240724T140102, end_date=20240724T140103
[2024-07-24T14:01:03.435+0000] {local_task_job_runner.py:243} INFO - Task exited with return code 0
[2024-07-24T14:01:03.482+0000] {taskinstance.py:3503} INFO - 1 downstream tasks scheduled from follow-on schedule check
[2024-07-24T14:01:03.485+0000] {local_task_job_runner.py:222} INFO - ::endgroup::
