[2024-07-23T14:01:04.893+0000] {local_task_job_runner.py:120} INFO - ::group::Pre task execution logs
[2024-07-23T14:01:04.942+0000] {taskinstance.py:2076} INFO - Dependencies all met for dep_context=non-requeueable deps ti=<TaskInstance: raw_data_processing_pipeline.themuse_api_call scheduled__2024-07-23T13:01:00+00:00 [queued]>
[2024-07-23T14:01:04.957+0000] {taskinstance.py:2076} INFO - Dependencies all met for dep_context=requeueable deps ti=<TaskInstance: raw_data_processing_pipeline.themuse_api_call scheduled__2024-07-23T13:01:00+00:00 [queued]>
[2024-07-23T14:01:04.958+0000] {taskinstance.py:2306} INFO - Starting attempt 1 of 1
[2024-07-23T14:01:04.981+0000] {taskinstance.py:2330} INFO - Executing <Task(PythonOperator): themuse_api_call> on 2024-07-23 13:01:00+00:00
[2024-07-23T14:01:04.989+0000] {standard_task_runner.py:64} INFO - Started process 13517 to run task
[2024-07-23T14:01:04.996+0000] {standard_task_runner.py:90} INFO - Running: ['airflow', 'tasks', 'run', 'raw_data_processing_pipeline', 'themuse_api_call', 'scheduled__2024-07-23T13:01:00+00:00', '--job-id', '82', '--raw', '--subdir', 'DAGS_FOLDER/raw_data_processing_pipeline.py', '--cfg-path', '/tmp/tmp2ipho9y0']
[2024-07-23T14:01:04.998+0000] {standard_task_runner.py:91} INFO - Job 82: Subtask themuse_api_call
[2024-07-23T14:01:05.100+0000] {task_command.py:426} INFO - Running <TaskInstance: raw_data_processing_pipeline.themuse_api_call scheduled__2024-07-23T13:01:00+00:00 [running]> on host 4742c68cb1e2
[2024-07-23T14:01:05.259+0000] {taskinstance.py:2648} INFO - Exporting env vars: AIRFLOW_CTX_DAG_OWNER='airflow' AIRFLOW_CTX_DAG_ID='raw_data_processing_pipeline' AIRFLOW_CTX_TASK_ID='themuse_api_call' AIRFLOW_CTX_EXECUTION_DATE='2024-07-23T13:01:00+00:00' AIRFLOW_CTX_TRY_NUMBER='1' AIRFLOW_CTX_DAG_RUN_ID='scheduled__2024-07-23T13:01:00+00:00'
[2024-07-23T14:01:05.261+0000] {taskinstance.py:430} INFO - ::endgroup::
[2024-07-23T14:01:11.863+0000] {logging_mixin.py:188} INFO - Saved to 'data/source/themuse_jobs_part_1.csv': 200 jobs
[2024-07-23T14:01:19.674+0000] {logging_mixin.py:188} INFO - Saved to 'data/source/themuse_jobs_part_2.csv': 200 jobs
[2024-07-23T14:01:24.779+0000] {logging_mixin.py:188} INFO - Saved to 'data/source/themuse_jobs_part_3.csv': 200 jobs
[2024-07-23T14:01:30.834+0000] {logging_mixin.py:188} INFO - Saved to 'data/source/themuse_jobs_part_4.csv': 200 jobs
[2024-07-23T14:01:36.507+0000] {logging_mixin.py:188} INFO - Saved to 'data/source/themuse_jobs_part_5.csv': 200 jobs
[2024-07-23T14:01:42.624+0000] {logging_mixin.py:188} INFO - Saved to 'data/source/themuse_jobs_part_6.csv': 200 jobs
[2024-07-23T14:01:46.497+0000] {logging_mixin.py:188} INFO - Saved to 'data/source/themuse_jobs_part_7.csv': 200 jobs
[2024-07-23T14:01:50.515+0000] {logging_mixin.py:188} INFO - Saved to 'data/source/themuse_jobs_part_8.csv': 200 jobs
[2024-07-23T14:01:54.243+0000] {logging_mixin.py:188} INFO - Saved to 'data/source/themuse_jobs_part_9.csv': 200 jobs
[2024-07-23T14:02:00.445+0000] {logging_mixin.py:188} INFO - Saved to 'data/source/themuse_jobs_part_10.csv': 200 jobs
[2024-07-23T14:02:00.927+0000] {logging_mixin.py:188} INFO - Error 400: Value `page` is too high
[2024-07-23T14:02:05.425+0000] {logging_mixin.py:188} INFO - Saved to 'data/source/themuse_companies_part_1.csv': 200 companies
[2024-07-23T14:02:08.219+0000] {logging_mixin.py:188} INFO - Saved to 'data/source/themuse_companies_part_2.csv': 200 companies
[2024-07-23T14:02:11.804+0000] {logging_mixin.py:188} INFO - Saved to 'data/source/themuse_companies_part_3.csv': 200 companies
[2024-07-23T14:02:13.111+0000] {logging_mixin.py:188} INFO - Saved to 'data/source/themuse_companies_part_4.csv': 94 companies
[2024-07-23T14:02:13.112+0000] {python.py:237} INFO - Done. Returned value was: None
[2024-07-23T14:02:13.112+0000] {taskinstance.py:441} INFO - ::group::Post task execution logs
[2024-07-23T14:02:13.134+0000] {taskinstance.py:1206} INFO - Marking task as SUCCESS. dag_id=raw_data_processing_pipeline, task_id=themuse_api_call, run_id=scheduled__2024-07-23T13:01:00+00:00, execution_date=20240723T130100, start_date=20240723T140104, end_date=20240723T140213
[2024-07-23T14:02:13.172+0000] {local_task_job_runner.py:243} INFO - Task exited with return code 0
[2024-07-23T14:02:13.219+0000] {taskinstance.py:3503} INFO - 1 downstream tasks scheduled from follow-on schedule check
[2024-07-23T14:02:13.221+0000] {local_task_job_runner.py:222} INFO - ::endgroup::
