[2024-07-26T06:00:35.163+0000] {local_task_job_runner.py:120} INFO - ::group::Pre task execution logs
[2024-07-26T06:00:35.202+0000] {taskinstance.py:2076} INFO - Dependencies all met for dep_context=non-requeueable deps ti=<TaskInstance: raw_data_processing_pipeline.themuse_api_call scheduled__2024-07-26T04:01:00+00:00 [queued]>
[2024-07-26T06:00:35.216+0000] {taskinstance.py:2076} INFO - Dependencies all met for dep_context=requeueable deps ti=<TaskInstance: raw_data_processing_pipeline.themuse_api_call scheduled__2024-07-26T04:01:00+00:00 [queued]>
[2024-07-26T06:00:35.217+0000] {taskinstance.py:2306} INFO - Starting attempt 1 of 1
[2024-07-26T06:00:35.236+0000] {taskinstance.py:2330} INFO - Executing <Task(PythonOperator): themuse_api_call> on 2024-07-26 04:01:00+00:00
[2024-07-26T06:00:35.243+0000] {standard_task_runner.py:64} INFO - Started process 192 to run task
[2024-07-26T06:00:35.249+0000] {standard_task_runner.py:90} INFO - Running: ['airflow', 'tasks', 'run', 'raw_data_processing_pipeline', 'themuse_api_call', 'scheduled__2024-07-26T04:01:00+00:00', '--job-id', '167', '--raw', '--subdir', 'DAGS_FOLDER/raw_data_processing_pipeline.py', '--cfg-path', '/tmp/tmpd_59rxs5']
[2024-07-26T06:00:35.252+0000] {standard_task_runner.py:91} INFO - Job 167: Subtask themuse_api_call
[2024-07-26T06:00:35.341+0000] {task_command.py:426} INFO - Running <TaskInstance: raw_data_processing_pipeline.themuse_api_call scheduled__2024-07-26T04:01:00+00:00 [running]> on host 1a5e8209220d
[2024-07-26T06:00:35.512+0000] {taskinstance.py:2648} INFO - Exporting env vars: AIRFLOW_CTX_DAG_OWNER='airflow' AIRFLOW_CTX_DAG_ID='raw_data_processing_pipeline' AIRFLOW_CTX_TASK_ID='themuse_api_call' AIRFLOW_CTX_EXECUTION_DATE='2024-07-26T04:01:00+00:00' AIRFLOW_CTX_TRY_NUMBER='1' AIRFLOW_CTX_DAG_RUN_ID='scheduled__2024-07-26T04:01:00+00:00'
[2024-07-26T06:00:35.514+0000] {taskinstance.py:430} INFO - ::endgroup::
[2024-07-26T06:00:44.276+0000] {logging_mixin.py:188} INFO - Saved to 'data/raw/themuse_jobs_part_1.csv': 200 jobs
[2024-07-26T06:00:57.772+0000] {logging_mixin.py:188} INFO - Saved to 'data/raw/themuse_jobs_part_2.csv': 200 jobs
[2024-07-26T06:01:06.810+0000] {logging_mixin.py:188} INFO - Saved to 'data/raw/themuse_jobs_part_3.csv': 200 jobs
[2024-07-26T06:01:14.631+0000] {logging_mixin.py:188} INFO - Saved to 'data/raw/themuse_jobs_part_4.csv': 200 jobs
[2024-07-26T06:01:23.116+0000] {logging_mixin.py:188} INFO - Saved to 'data/raw/themuse_jobs_part_5.csv': 200 jobs
[2024-07-26T06:01:29.228+0000] {logging_mixin.py:188} INFO - Saved to 'data/raw/themuse_jobs_part_6.csv': 200 jobs
[2024-07-26T06:01:35.553+0000] {logging_mixin.py:188} INFO - Saved to 'data/raw/themuse_jobs_part_7.csv': 200 jobs
[2024-07-26T06:01:40.369+0000] {logging_mixin.py:188} INFO - Saved to 'data/raw/themuse_jobs_part_8.csv': 200 jobs
[2024-07-26T06:01:45.525+0000] {logging_mixin.py:188} INFO - Saved to 'data/raw/themuse_jobs_part_9.csv': 200 jobs
[2024-07-26T06:01:56.350+0000] {logging_mixin.py:188} INFO - Saved to 'data/raw/themuse_jobs_part_10.csv': 200 jobs
[2024-07-26T06:01:56.510+0000] {logging_mixin.py:188} INFO - Error 400: Value `page` is too high
[2024-07-26T06:02:03.000+0000] {logging_mixin.py:188} INFO - Saved to 'data/raw/themuse_companies_part_1.csv': 200 companies
[2024-07-26T06:02:08.360+0000] {logging_mixin.py:188} INFO - Saved to 'data/raw/themuse_companies_part_2.csv': 200 companies
[2024-07-26T06:02:11.438+0000] {logging_mixin.py:188} INFO - Saved to 'data/raw/themuse_companies_part_3.csv': 200 companies
[2024-07-26T06:02:14.231+0000] {logging_mixin.py:188} INFO - Saved to 'data/raw/themuse_companies_part_4.csv': 64 companies
[2024-07-26T06:02:14.232+0000] {python.py:237} INFO - Done. Returned value was: None
[2024-07-26T06:02:14.233+0000] {taskinstance.py:441} INFO - ::group::Post task execution logs
[2024-07-26T06:02:14.253+0000] {taskinstance.py:1206} INFO - Marking task as SUCCESS. dag_id=raw_data_processing_pipeline, task_id=themuse_api_call, run_id=scheduled__2024-07-26T04:01:00+00:00, execution_date=20240726T040100, start_date=20240726T060035, end_date=20240726T060214
[2024-07-26T06:02:14.315+0000] {local_task_job_runner.py:243} INFO - Task exited with return code 0
[2024-07-26T06:02:14.359+0000] {taskinstance.py:3503} INFO - 1 downstream tasks scheduled from follow-on schedule check
[2024-07-26T06:02:14.361+0000] {local_task_job_runner.py:222} INFO - ::endgroup::
