[2024-07-25T14:01:04.205+0000] {local_task_job_runner.py:120} INFO - ::group::Pre task execution logs
[2024-07-25T14:01:04.248+0000] {taskinstance.py:2076} INFO - Dependencies all met for dep_context=non-requeueable deps ti=<TaskInstance: raw_data_processing_pipeline.themuse_api_call scheduled__2024-07-25T13:01:00+00:00 [queued]>
[2024-07-25T14:01:04.261+0000] {taskinstance.py:2076} INFO - Dependencies all met for dep_context=requeueable deps ti=<TaskInstance: raw_data_processing_pipeline.themuse_api_call scheduled__2024-07-25T13:01:00+00:00 [queued]>
[2024-07-25T14:01:04.262+0000] {taskinstance.py:2306} INFO - Starting attempt 1 of 1
[2024-07-25T14:01:04.281+0000] {taskinstance.py:2330} INFO - Executing <Task(PythonOperator): themuse_api_call> on 2024-07-25 13:01:00+00:00
[2024-07-25T14:01:04.289+0000] {standard_task_runner.py:64} INFO - Started process 3904 to run task
[2024-07-25T14:01:04.295+0000] {standard_task_runner.py:90} INFO - Running: ['airflow', 'tasks', 'run', 'raw_data_processing_pipeline', 'themuse_api_call', 'scheduled__2024-07-25T13:01:00+00:00', '--job-id', '54', '--raw', '--subdir', 'DAGS_FOLDER/raw_data_processing_pipeline.py', '--cfg-path', '/tmp/tmplqhe_oel']
[2024-07-25T14:01:04.298+0000] {standard_task_runner.py:91} INFO - Job 54: Subtask themuse_api_call
[2024-07-25T14:01:04.396+0000] {task_command.py:426} INFO - Running <TaskInstance: raw_data_processing_pipeline.themuse_api_call scheduled__2024-07-25T13:01:00+00:00 [running]> on host 5e8b32b69c95
[2024-07-25T14:01:04.567+0000] {taskinstance.py:2648} INFO - Exporting env vars: AIRFLOW_CTX_DAG_OWNER='airflow' AIRFLOW_CTX_DAG_ID='raw_data_processing_pipeline' AIRFLOW_CTX_TASK_ID='themuse_api_call' AIRFLOW_CTX_EXECUTION_DATE='2024-07-25T13:01:00+00:00' AIRFLOW_CTX_TRY_NUMBER='1' AIRFLOW_CTX_DAG_RUN_ID='scheduled__2024-07-25T13:01:00+00:00'
[2024-07-25T14:01:04.569+0000] {taskinstance.py:430} INFO - ::endgroup::
[2024-07-25T14:01:12.046+0000] {logging_mixin.py:188} INFO - Saved to 'data/raw/themuse_jobs_part_1.csv': 200 jobs
[2024-07-25T14:01:17.607+0000] {logging_mixin.py:188} INFO - Saved to 'data/raw/themuse_jobs_part_2.csv': 200 jobs
[2024-07-25T14:01:24.291+0000] {logging_mixin.py:188} INFO - Saved to 'data/raw/themuse_jobs_part_3.csv': 200 jobs
[2024-07-25T14:01:29.269+0000] {logging_mixin.py:188} INFO - Saved to 'data/raw/themuse_jobs_part_4.csv': 200 jobs
[2024-07-25T14:01:33.551+0000] {logging_mixin.py:188} INFO - Saved to 'data/raw/themuse_jobs_part_5.csv': 200 jobs
[2024-07-25T14:01:38.282+0000] {logging_mixin.py:188} INFO - Saved to 'data/raw/themuse_jobs_part_6.csv': 200 jobs
[2024-07-25T14:01:42.147+0000] {logging_mixin.py:188} INFO - Saved to 'data/raw/themuse_jobs_part_7.csv': 200 jobs
[2024-07-25T14:01:47.069+0000] {logging_mixin.py:188} INFO - Saved to 'data/raw/themuse_jobs_part_8.csv': 200 jobs
[2024-07-25T14:01:51.142+0000] {logging_mixin.py:188} INFO - Saved to 'data/raw/themuse_jobs_part_9.csv': 200 jobs
[2024-07-25T14:01:57.363+0000] {logging_mixin.py:188} INFO - Saved to 'data/raw/themuse_jobs_part_10.csv': 200 jobs
[2024-07-25T14:01:57.546+0000] {logging_mixin.py:188} INFO - Error 400: Value `page` is too high
[2024-07-25T14:02:00.448+0000] {logging_mixin.py:188} INFO - Saved to 'data/raw/themuse_companies_part_1.csv': 200 companies
[2024-07-25T14:02:05.934+0000] {logging_mixin.py:188} INFO - Saved to 'data/raw/themuse_companies_part_2.csv': 200 companies
[2024-07-25T14:02:08.578+0000] {logging_mixin.py:188} INFO - Saved to 'data/raw/themuse_companies_part_3.csv': 200 companies
[2024-07-25T14:02:10.098+0000] {logging_mixin.py:188} INFO - Saved to 'data/raw/themuse_companies_part_4.csv': 93 companies
[2024-07-25T14:02:10.099+0000] {python.py:237} INFO - Done. Returned value was: None
[2024-07-25T14:02:10.100+0000] {taskinstance.py:441} INFO - ::group::Post task execution logs
[2024-07-25T14:02:10.125+0000] {taskinstance.py:1206} INFO - Marking task as SUCCESS. dag_id=raw_data_processing_pipeline, task_id=themuse_api_call, run_id=scheduled__2024-07-25T13:01:00+00:00, execution_date=20240725T130100, start_date=20240725T140104, end_date=20240725T140210
[2024-07-25T14:02:10.165+0000] {local_task_job_runner.py:243} INFO - Task exited with return code 0
[2024-07-25T14:02:10.225+0000] {taskinstance.py:3503} INFO - 1 downstream tasks scheduled from follow-on schedule check
[2024-07-25T14:02:10.228+0000] {local_task_job_runner.py:222} INFO - ::endgroup::
