[2024-07-21T15:01:20.014+0000] {local_task_job_runner.py:120} INFO - ::group::Pre task execution logs
[2024-07-21T15:01:20.070+0000] {taskinstance.py:2076} INFO - Dependencies all met for dep_context=non-requeueable deps ti=<TaskInstance: raw_data_processing_pipeline.themuse_api_call scheduled__2024-07-21T14:01:00+00:00 [queued]>
[2024-07-21T15:01:20.084+0000] {taskinstance.py:2076} INFO - Dependencies all met for dep_context=requeueable deps ti=<TaskInstance: raw_data_processing_pipeline.themuse_api_call scheduled__2024-07-21T14:01:00+00:00 [queued]>
[2024-07-21T15:01:20.085+0000] {taskinstance.py:2306} INFO - Starting attempt 1 of 1
[2024-07-21T15:01:20.108+0000] {taskinstance.py:2330} INFO - Executing <Task(PythonOperator): themuse_api_call> on 2024-07-21 14:01:00+00:00
[2024-07-21T15:01:20.115+0000] {standard_task_runner.py:64} INFO - Started process 78192 to run task
[2024-07-21T15:01:20.116+0000] {clientserver.py:543} INFO - Closing down clientserver connection
[2024-07-21T15:01:20.127+0000] {standard_task_runner.py:90} INFO - Running: ['airflow', 'tasks', 'run', 'raw_data_processing_pipeline', 'themuse_api_call', 'scheduled__2024-07-21T14:01:00+00:00', '--job-id', '75', '--raw', '--subdir', 'DAGS_FOLDER/raw_data_processing_pipeline.py', '--cfg-path', '/tmp/tmptgj_hiq8']
[2024-07-21T15:01:20.128+0000] {standard_task_runner.py:91} INFO - Job 75: Subtask themuse_api_call
[2024-07-21T15:01:20.262+0000] {task_command.py:426} INFO - Running <TaskInstance: raw_data_processing_pipeline.themuse_api_call scheduled__2024-07-21T14:01:00+00:00 [running]> on host 87b32801fdc9
[2024-07-21T15:01:20.424+0000] {taskinstance.py:2648} INFO - Exporting env vars: AIRFLOW_CTX_DAG_OWNER='airflow' AIRFLOW_CTX_DAG_ID='raw_data_processing_pipeline' AIRFLOW_CTX_TASK_ID='themuse_api_call' AIRFLOW_CTX_EXECUTION_DATE='2024-07-21T14:01:00+00:00' AIRFLOW_CTX_TRY_NUMBER='1' AIRFLOW_CTX_DAG_RUN_ID='scheduled__2024-07-21T14:01:00+00:00'
[2024-07-21T15:01:20.426+0000] {taskinstance.py:430} INFO - ::endgroup::
[2024-07-21T15:01:26.466+0000] {logging_mixin.py:188} INFO - Saved to 'data/source/themuse_jobs_part_1.csv': 200 jobs
[2024-07-21T15:01:31.634+0000] {logging_mixin.py:188} INFO - Saved to 'data/source/themuse_jobs_part_2.csv': 200 jobs
[2024-07-21T15:01:37.262+0000] {logging_mixin.py:188} INFO - Saved to 'data/source/themuse_jobs_part_3.csv': 200 jobs
[2024-07-21T15:01:42.076+0000] {logging_mixin.py:188} INFO - Saved to 'data/source/themuse_jobs_part_4.csv': 200 jobs
[2024-07-21T15:01:46.671+0000] {logging_mixin.py:188} INFO - Saved to 'data/source/themuse_jobs_part_5.csv': 200 jobs
[2024-07-21T15:01:52.021+0000] {logging_mixin.py:188} INFO - Saved to 'data/source/themuse_jobs_part_6.csv': 200 jobs
[2024-07-21T15:01:55.796+0000] {logging_mixin.py:188} INFO - Saved to 'data/source/themuse_jobs_part_7.csv': 200 jobs
[2024-07-21T15:02:11.249+0000] {logging_mixin.py:188} INFO - Saved to 'data/source/themuse_jobs_part_8.csv': 200 jobs
[2024-07-21T15:02:23.256+0000] {logging_mixin.py:188} INFO - Saved to 'data/source/themuse_jobs_part_9.csv': 200 jobs
[2024-07-21T15:02:26.990+0000] {logging_mixin.py:188} INFO - Saved to 'data/source/themuse_jobs_part_10.csv': 200 jobs
[2024-07-21T15:02:27.498+0000] {logging_mixin.py:188} INFO - Error 400: Value `page` is too high
[2024-07-21T15:02:30.277+0000] {logging_mixin.py:188} INFO - Saved to 'data/source/themuse_companies_part_1.csv': 200 companies
[2024-07-21T15:02:32.319+0000] {logging_mixin.py:188} INFO - Saved to 'data/source/themuse_companies_part_2.csv': 200 companies
[2024-07-21T15:02:34.453+0000] {logging_mixin.py:188} INFO - Saved to 'data/source/themuse_companies_part_3.csv': 200 companies
[2024-07-21T15:02:35.833+0000] {logging_mixin.py:188} INFO - Saved to 'data/source/themuse_companies_part_4.csv': 94 companies
[2024-07-21T15:02:35.834+0000] {python.py:237} INFO - Done. Returned value was: None
[2024-07-21T15:02:35.834+0000] {taskinstance.py:441} INFO - ::group::Post task execution logs
[2024-07-21T15:02:35.854+0000] {taskinstance.py:1206} INFO - Marking task as SUCCESS. dag_id=raw_data_processing_pipeline, task_id=themuse_api_call, run_id=scheduled__2024-07-21T14:01:00+00:00, execution_date=20240721T140100, start_date=20240721T150120, end_date=20240721T150235
[2024-07-21T15:02:35.890+0000] {local_task_job_runner.py:243} INFO - Task exited with return code 0
[2024-07-21T15:02:35.925+0000] {taskinstance.py:3503} INFO - 1 downstream tasks scheduled from follow-on schedule check
[2024-07-21T15:02:35.927+0000] {local_task_job_runner.py:222} INFO - ::endgroup::
