[2024-07-23T18:01:05.836+0000] {local_task_job_runner.py:120} INFO - ::group::Pre task execution logs
[2024-07-23T18:01:05.918+0000] {taskinstance.py:2076} INFO - Dependencies all met for dep_context=non-requeueable deps ti=<TaskInstance: raw_data_processing_pipeline.themuse_api_call scheduled__2024-07-23T17:01:00+00:00 [queued]>
[2024-07-23T18:01:05.939+0000] {taskinstance.py:2076} INFO - Dependencies all met for dep_context=requeueable deps ti=<TaskInstance: raw_data_processing_pipeline.themuse_api_call scheduled__2024-07-23T17:01:00+00:00 [queued]>
[2024-07-23T18:01:05.940+0000] {taskinstance.py:2306} INFO - Starting attempt 1 of 1
[2024-07-23T18:01:05.969+0000] {taskinstance.py:2330} INFO - Executing <Task(PythonOperator): themuse_api_call> on 2024-07-23 17:01:00+00:00
[2024-07-23T18:01:05.980+0000] {standard_task_runner.py:64} INFO - Started process 75382 to run task
[2024-07-23T18:01:05.994+0000] {standard_task_runner.py:90} INFO - Running: ['airflow', 'tasks', 'run', 'raw_data_processing_pipeline', 'themuse_api_call', 'scheduled__2024-07-23T17:01:00+00:00', '--job-id', '95', '--raw', '--subdir', 'DAGS_FOLDER/raw_data_processing_pipeline.py', '--cfg-path', '/tmp/tmp0mqh8j4a']
[2024-07-23T18:01:05.998+0000] {standard_task_runner.py:91} INFO - Job 95: Subtask themuse_api_call
[2024-07-23T18:01:06.184+0000] {task_command.py:426} INFO - Running <TaskInstance: raw_data_processing_pipeline.themuse_api_call scheduled__2024-07-23T17:01:00+00:00 [running]> on host 26e6daac73e6
[2024-07-23T18:01:06.433+0000] {taskinstance.py:2648} INFO - Exporting env vars: AIRFLOW_CTX_DAG_OWNER='airflow' AIRFLOW_CTX_DAG_ID='raw_data_processing_pipeline' AIRFLOW_CTX_TASK_ID='themuse_api_call' AIRFLOW_CTX_EXECUTION_DATE='2024-07-23T17:01:00+00:00' AIRFLOW_CTX_TRY_NUMBER='1' AIRFLOW_CTX_DAG_RUN_ID='scheduled__2024-07-23T17:01:00+00:00'
[2024-07-23T18:01:06.436+0000] {taskinstance.py:430} INFO - ::endgroup::
[2024-07-23T18:01:13.312+0000] {logging_mixin.py:188} INFO - Saved to 'data/source/themuse_jobs_part_1.csv': 200 jobs
[2024-07-23T18:01:18.234+0000] {logging_mixin.py:188} INFO - Saved to 'data/source/themuse_jobs_part_2.csv': 200 jobs
[2024-07-23T18:01:22.792+0000] {logging_mixin.py:188} INFO - Saved to 'data/source/themuse_jobs_part_3.csv': 200 jobs
[2024-07-23T18:01:27.733+0000] {logging_mixin.py:188} INFO - Saved to 'data/source/themuse_jobs_part_4.csv': 200 jobs
[2024-07-23T18:01:32.244+0000] {logging_mixin.py:188} INFO - Saved to 'data/source/themuse_jobs_part_5.csv': 200 jobs
[2024-07-23T18:01:37.573+0000] {logging_mixin.py:188} INFO - Saved to 'data/source/themuse_jobs_part_6.csv': 200 jobs
[2024-07-23T18:01:42.238+0000] {logging_mixin.py:188} INFO - Saved to 'data/source/themuse_jobs_part_7.csv': 200 jobs
[2024-07-23T18:01:46.361+0000] {logging_mixin.py:188} INFO - Saved to 'data/source/themuse_jobs_part_8.csv': 200 jobs
[2024-07-23T18:01:52.091+0000] {logging_mixin.py:188} INFO - Saved to 'data/source/themuse_jobs_part_9.csv': 200 jobs
[2024-07-23T18:01:56.391+0000] {logging_mixin.py:188} INFO - Saved to 'data/source/themuse_jobs_part_10.csv': 200 jobs
[2024-07-23T18:01:56.550+0000] {logging_mixin.py:188} INFO - Error 400: Value `page` is too high
[2024-07-23T18:01:59.254+0000] {logging_mixin.py:188} INFO - Saved to 'data/source/themuse_companies_part_1.csv': 200 companies
[2024-07-23T18:02:02.615+0000] {logging_mixin.py:188} INFO - Saved to 'data/source/themuse_companies_part_2.csv': 200 companies
[2024-07-23T18:02:05.941+0000] {logging_mixin.py:188} INFO - Saved to 'data/source/themuse_companies_part_3.csv': 200 companies
[2024-07-23T18:02:06.960+0000] {logging_mixin.py:188} INFO - Saved to 'data/source/themuse_companies_part_4.csv': 94 companies
[2024-07-23T18:02:06.961+0000] {python.py:237} INFO - Done. Returned value was: None
[2024-07-23T18:02:06.961+0000] {taskinstance.py:441} INFO - ::group::Post task execution logs
[2024-07-23T18:02:06.980+0000] {taskinstance.py:1206} INFO - Marking task as SUCCESS. dag_id=raw_data_processing_pipeline, task_id=themuse_api_call, run_id=scheduled__2024-07-23T17:01:00+00:00, execution_date=20240723T170100, start_date=20240723T180105, end_date=20240723T180206
[2024-07-23T18:02:07.041+0000] {local_task_job_runner.py:243} INFO - Task exited with return code 0
[2024-07-23T18:02:07.079+0000] {taskinstance.py:3503} INFO - 1 downstream tasks scheduled from follow-on schedule check
[2024-07-23T18:02:07.081+0000] {local_task_job_runner.py:222} INFO - ::endgroup::
