[2024-07-25T07:50:32.544+0000] {processor.py:161} INFO - Started process (PID=412) to work on /root/.cache/pypoetry/virtualenvs/freeprise-matchmaker-BsnH11MF-py3.8/lib/python3.8/site-packages/airflow/example_dags/example_branch_labels.py
[2024-07-25T07:50:32.545+0000] {processor.py:830} INFO - Processing file /root/.cache/pypoetry/virtualenvs/freeprise-matchmaker-BsnH11MF-py3.8/lib/python3.8/site-packages/airflow/example_dags/example_branch_labels.py for tasks to queue
[2024-07-25T07:50:32.548+0000] {logging_mixin.py:188} INFO - [2024-07-25T07:50:32.547+0000] {dagbag.py:545} INFO - Filling up the DagBag from /root/.cache/pypoetry/virtualenvs/freeprise-matchmaker-BsnH11MF-py3.8/lib/python3.8/site-packages/airflow/example_dags/example_branch_labels.py
[2024-07-25T07:50:32.562+0000] {processor.py:840} INFO - DAG(s) 'example_branch_labels' retrieved from /root/.cache/pypoetry/virtualenvs/freeprise-matchmaker-BsnH11MF-py3.8/lib/python3.8/site-packages/airflow/example_dags/example_branch_labels.py
[2024-07-25T07:50:32.596+0000] {logging_mixin.py:188} INFO - [2024-07-25T07:50:32.595+0000] {dag.py:3089} INFO - Sync 1 DAGs
[2024-07-25T07:50:32.638+0000] {logging_mixin.py:188} INFO - [2024-07-25T07:50:32.638+0000] {dag.py:3947} INFO - Setting next_dagrun for example_branch_labels to 2024-07-24 00:00:00+00:00, run_after=2024-07-25 00:00:00+00:00
[2024-07-25T07:50:32.664+0000] {processor.py:183} INFO - Processing /root/.cache/pypoetry/virtualenvs/freeprise-matchmaker-BsnH11MF-py3.8/lib/python3.8/site-packages/airflow/example_dags/example_branch_labels.py took 0.133 seconds
[2024-07-25T07:51:10.336+0000] {processor.py:161} INFO - Started process (PID=678) to work on /root/.cache/pypoetry/virtualenvs/freeprise-matchmaker-BsnH11MF-py3.8/lib/python3.8/site-packages/airflow/example_dags/example_branch_labels.py
[2024-07-25T07:51:10.339+0000] {processor.py:830} INFO - Processing file /root/.cache/pypoetry/virtualenvs/freeprise-matchmaker-BsnH11MF-py3.8/lib/python3.8/site-packages/airflow/example_dags/example_branch_labels.py for tasks to queue
[2024-07-25T07:51:10.342+0000] {logging_mixin.py:188} INFO - [2024-07-25T07:51:10.342+0000] {dagbag.py:545} INFO - Filling up the DagBag from /root/.cache/pypoetry/virtualenvs/freeprise-matchmaker-BsnH11MF-py3.8/lib/python3.8/site-packages/airflow/example_dags/example_branch_labels.py
[2024-07-25T07:51:10.360+0000] {processor.py:840} INFO - DAG(s) 'example_branch_labels' retrieved from /root/.cache/pypoetry/virtualenvs/freeprise-matchmaker-BsnH11MF-py3.8/lib/python3.8/site-packages/airflow/example_dags/example_branch_labels.py
[2024-07-25T07:51:10.674+0000] {logging_mixin.py:188} INFO - [2024-07-25T07:51:10.673+0000] {dag.py:3089} INFO - Sync 1 DAGs
[2024-07-25T07:51:10.702+0000] {logging_mixin.py:188} INFO - [2024-07-25T07:51:10.701+0000] {dag.py:3947} INFO - Setting next_dagrun for example_branch_labels to 2024-07-24 00:00:00+00:00, run_after=2024-07-25 00:00:00+00:00
[2024-07-25T07:51:10.729+0000] {processor.py:183} INFO - Processing /root/.cache/pypoetry/virtualenvs/freeprise-matchmaker-BsnH11MF-py3.8/lib/python3.8/site-packages/airflow/example_dags/example_branch_labels.py took 0.407 seconds
[2024-07-25T07:51:40.800+0000] {processor.py:161} INFO - Started process (PID=944) to work on /root/.cache/pypoetry/virtualenvs/freeprise-matchmaker-BsnH11MF-py3.8/lib/python3.8/site-packages/airflow/example_dags/example_branch_labels.py
[2024-07-25T07:51:40.802+0000] {processor.py:830} INFO - Processing file /root/.cache/pypoetry/virtualenvs/freeprise-matchmaker-BsnH11MF-py3.8/lib/python3.8/site-packages/airflow/example_dags/example_branch_labels.py for tasks to queue
[2024-07-25T07:51:40.804+0000] {logging_mixin.py:188} INFO - [2024-07-25T07:51:40.804+0000] {dagbag.py:545} INFO - Filling up the DagBag from /root/.cache/pypoetry/virtualenvs/freeprise-matchmaker-BsnH11MF-py3.8/lib/python3.8/site-packages/airflow/example_dags/example_branch_labels.py
[2024-07-25T07:51:40.820+0000] {processor.py:840} INFO - DAG(s) 'example_branch_labels' retrieved from /root/.cache/pypoetry/virtualenvs/freeprise-matchmaker-BsnH11MF-py3.8/lib/python3.8/site-packages/airflow/example_dags/example_branch_labels.py
[2024-07-25T07:51:40.864+0000] {logging_mixin.py:188} INFO - [2024-07-25T07:51:40.863+0000] {dag.py:3089} INFO - Sync 1 DAGs
[2024-07-25T07:51:40.902+0000] {logging_mixin.py:188} INFO - [2024-07-25T07:51:40.901+0000] {dag.py:3947} INFO - Setting next_dagrun for example_branch_labels to 2024-07-24 00:00:00+00:00, run_after=2024-07-25 00:00:00+00:00
[2024-07-25T07:51:40.930+0000] {processor.py:183} INFO - Processing /root/.cache/pypoetry/virtualenvs/freeprise-matchmaker-BsnH11MF-py3.8/lib/python3.8/site-packages/airflow/example_dags/example_branch_labels.py took 0.145 seconds
[2024-07-25T07:52:11.302+0000] {processor.py:161} INFO - Started process (PID=1210) to work on /root/.cache/pypoetry/virtualenvs/freeprise-matchmaker-BsnH11MF-py3.8/lib/python3.8/site-packages/airflow/example_dags/example_branch_labels.py
[2024-07-25T07:52:11.304+0000] {processor.py:830} INFO - Processing file /root/.cache/pypoetry/virtualenvs/freeprise-matchmaker-BsnH11MF-py3.8/lib/python3.8/site-packages/airflow/example_dags/example_branch_labels.py for tasks to queue
[2024-07-25T07:52:11.308+0000] {logging_mixin.py:188} INFO - [2024-07-25T07:52:11.307+0000] {dagbag.py:545} INFO - Filling up the DagBag from /root/.cache/pypoetry/virtualenvs/freeprise-matchmaker-BsnH11MF-py3.8/lib/python3.8/site-packages/airflow/example_dags/example_branch_labels.py
[2024-07-25T07:52:11.325+0000] {processor.py:840} INFO - DAG(s) 'example_branch_labels' retrieved from /root/.cache/pypoetry/virtualenvs/freeprise-matchmaker-BsnH11MF-py3.8/lib/python3.8/site-packages/airflow/example_dags/example_branch_labels.py
[2024-07-25T07:52:11.370+0000] {logging_mixin.py:188} INFO - [2024-07-25T07:52:11.370+0000] {dag.py:3089} INFO - Sync 1 DAGs
[2024-07-25T07:52:11.408+0000] {logging_mixin.py:188} INFO - [2024-07-25T07:52:11.408+0000] {dag.py:3947} INFO - Setting next_dagrun for example_branch_labels to 2024-07-24 00:00:00+00:00, run_after=2024-07-25 00:00:00+00:00
[2024-07-25T07:52:11.438+0000] {processor.py:183} INFO - Processing /root/.cache/pypoetry/virtualenvs/freeprise-matchmaker-BsnH11MF-py3.8/lib/python3.8/site-packages/airflow/example_dags/example_branch_labels.py took 0.151 seconds
[2024-07-25T07:52:41.742+0000] {processor.py:161} INFO - Started process (PID=1476) to work on /root/.cache/pypoetry/virtualenvs/freeprise-matchmaker-BsnH11MF-py3.8/lib/python3.8/site-packages/airflow/example_dags/example_branch_labels.py
[2024-07-25T07:52:41.744+0000] {processor.py:830} INFO - Processing file /root/.cache/pypoetry/virtualenvs/freeprise-matchmaker-BsnH11MF-py3.8/lib/python3.8/site-packages/airflow/example_dags/example_branch_labels.py for tasks to queue
[2024-07-25T07:52:41.746+0000] {logging_mixin.py:188} INFO - [2024-07-25T07:52:41.746+0000] {dagbag.py:545} INFO - Filling up the DagBag from /root/.cache/pypoetry/virtualenvs/freeprise-matchmaker-BsnH11MF-py3.8/lib/python3.8/site-packages/airflow/example_dags/example_branch_labels.py
[2024-07-25T07:52:41.762+0000] {processor.py:840} INFO - DAG(s) 'example_branch_labels' retrieved from /root/.cache/pypoetry/virtualenvs/freeprise-matchmaker-BsnH11MF-py3.8/lib/python3.8/site-packages/airflow/example_dags/example_branch_labels.py
[2024-07-25T07:52:41.807+0000] {logging_mixin.py:188} INFO - [2024-07-25T07:52:41.806+0000] {dag.py:3089} INFO - Sync 1 DAGs
[2024-07-25T07:52:41.846+0000] {logging_mixin.py:188} INFO - [2024-07-25T07:52:41.846+0000] {dag.py:3947} INFO - Setting next_dagrun for example_branch_labels to 2024-07-24 00:00:00+00:00, run_after=2024-07-25 00:00:00+00:00
[2024-07-25T07:52:41.875+0000] {processor.py:183} INFO - Processing /root/.cache/pypoetry/virtualenvs/freeprise-matchmaker-BsnH11MF-py3.8/lib/python3.8/site-packages/airflow/example_dags/example_branch_labels.py took 0.145 seconds
[2024-07-25T07:53:12.365+0000] {processor.py:161} INFO - Started process (PID=1742) to work on /root/.cache/pypoetry/virtualenvs/freeprise-matchmaker-BsnH11MF-py3.8/lib/python3.8/site-packages/airflow/example_dags/example_branch_labels.py
[2024-07-25T07:53:12.367+0000] {processor.py:830} INFO - Processing file /root/.cache/pypoetry/virtualenvs/freeprise-matchmaker-BsnH11MF-py3.8/lib/python3.8/site-packages/airflow/example_dags/example_branch_labels.py for tasks to queue
[2024-07-25T07:53:12.370+0000] {logging_mixin.py:188} INFO - [2024-07-25T07:53:12.369+0000] {dagbag.py:545} INFO - Filling up the DagBag from /root/.cache/pypoetry/virtualenvs/freeprise-matchmaker-BsnH11MF-py3.8/lib/python3.8/site-packages/airflow/example_dags/example_branch_labels.py
[2024-07-25T07:53:12.385+0000] {processor.py:840} INFO - DAG(s) 'example_branch_labels' retrieved from /root/.cache/pypoetry/virtualenvs/freeprise-matchmaker-BsnH11MF-py3.8/lib/python3.8/site-packages/airflow/example_dags/example_branch_labels.py
[2024-07-25T07:53:12.428+0000] {logging_mixin.py:188} INFO - [2024-07-25T07:53:12.427+0000] {dag.py:3089} INFO - Sync 1 DAGs
[2024-07-25T07:53:12.465+0000] {logging_mixin.py:188} INFO - [2024-07-25T07:53:12.465+0000] {dag.py:3947} INFO - Setting next_dagrun for example_branch_labels to 2024-07-24 00:00:00+00:00, run_after=2024-07-25 00:00:00+00:00
[2024-07-25T07:53:12.491+0000] {processor.py:183} INFO - Processing /root/.cache/pypoetry/virtualenvs/freeprise-matchmaker-BsnH11MF-py3.8/lib/python3.8/site-packages/airflow/example_dags/example_branch_labels.py took 0.142 seconds
[2024-07-25T07:53:42.867+0000] {processor.py:161} INFO - Started process (PID=2010) to work on /root/.cache/pypoetry/virtualenvs/freeprise-matchmaker-BsnH11MF-py3.8/lib/python3.8/site-packages/airflow/example_dags/example_branch_labels.py
[2024-07-25T07:53:42.869+0000] {processor.py:830} INFO - Processing file /root/.cache/pypoetry/virtualenvs/freeprise-matchmaker-BsnH11MF-py3.8/lib/python3.8/site-packages/airflow/example_dags/example_branch_labels.py for tasks to queue
[2024-07-25T07:53:42.872+0000] {logging_mixin.py:188} INFO - [2024-07-25T07:53:42.871+0000] {dagbag.py:545} INFO - Filling up the DagBag from /root/.cache/pypoetry/virtualenvs/freeprise-matchmaker-BsnH11MF-py3.8/lib/python3.8/site-packages/airflow/example_dags/example_branch_labels.py
[2024-07-25T07:53:42.885+0000] {processor.py:840} INFO - DAG(s) 'example_branch_labels' retrieved from /root/.cache/pypoetry/virtualenvs/freeprise-matchmaker-BsnH11MF-py3.8/lib/python3.8/site-packages/airflow/example_dags/example_branch_labels.py
[2024-07-25T07:53:42.926+0000] {logging_mixin.py:188} INFO - [2024-07-25T07:53:42.926+0000] {dag.py:3089} INFO - Sync 1 DAGs
[2024-07-25T07:53:42.963+0000] {logging_mixin.py:188} INFO - [2024-07-25T07:53:42.963+0000] {dag.py:3947} INFO - Setting next_dagrun for example_branch_labels to 2024-07-24 00:00:00+00:00, run_after=2024-07-25 00:00:00+00:00
[2024-07-25T07:53:42.990+0000] {processor.py:183} INFO - Processing /root/.cache/pypoetry/virtualenvs/freeprise-matchmaker-BsnH11MF-py3.8/lib/python3.8/site-packages/airflow/example_dags/example_branch_labels.py took 0.135 seconds
[2024-07-25T07:54:13.358+0000] {processor.py:161} INFO - Started process (PID=2274) to work on /root/.cache/pypoetry/virtualenvs/freeprise-matchmaker-BsnH11MF-py3.8/lib/python3.8/site-packages/airflow/example_dags/example_branch_labels.py
[2024-07-25T07:54:13.360+0000] {processor.py:830} INFO - Processing file /root/.cache/pypoetry/virtualenvs/freeprise-matchmaker-BsnH11MF-py3.8/lib/python3.8/site-packages/airflow/example_dags/example_branch_labels.py for tasks to queue
[2024-07-25T07:54:13.363+0000] {logging_mixin.py:188} INFO - [2024-07-25T07:54:13.362+0000] {dagbag.py:545} INFO - Filling up the DagBag from /root/.cache/pypoetry/virtualenvs/freeprise-matchmaker-BsnH11MF-py3.8/lib/python3.8/site-packages/airflow/example_dags/example_branch_labels.py
[2024-07-25T07:54:13.377+0000] {processor.py:840} INFO - DAG(s) 'example_branch_labels' retrieved from /root/.cache/pypoetry/virtualenvs/freeprise-matchmaker-BsnH11MF-py3.8/lib/python3.8/site-packages/airflow/example_dags/example_branch_labels.py
[2024-07-25T07:54:13.421+0000] {logging_mixin.py:188} INFO - [2024-07-25T07:54:13.420+0000] {dag.py:3089} INFO - Sync 1 DAGs
[2024-07-25T07:54:13.460+0000] {logging_mixin.py:188} INFO - [2024-07-25T07:54:13.459+0000] {dag.py:3947} INFO - Setting next_dagrun for example_branch_labels to 2024-07-24 00:00:00+00:00, run_after=2024-07-25 00:00:00+00:00
[2024-07-25T07:54:13.488+0000] {processor.py:183} INFO - Processing /root/.cache/pypoetry/virtualenvs/freeprise-matchmaker-BsnH11MF-py3.8/lib/python3.8/site-packages/airflow/example_dags/example_branch_labels.py took 0.142 seconds
[2024-07-25T07:54:44.021+0000] {processor.py:161} INFO - Started process (PID=2540) to work on /root/.cache/pypoetry/virtualenvs/freeprise-matchmaker-BsnH11MF-py3.8/lib/python3.8/site-packages/airflow/example_dags/example_branch_labels.py
[2024-07-25T07:54:44.022+0000] {processor.py:830} INFO - Processing file /root/.cache/pypoetry/virtualenvs/freeprise-matchmaker-BsnH11MF-py3.8/lib/python3.8/site-packages/airflow/example_dags/example_branch_labels.py for tasks to queue
[2024-07-25T07:54:44.026+0000] {logging_mixin.py:188} INFO - [2024-07-25T07:54:44.025+0000] {dagbag.py:545} INFO - Filling up the DagBag from /root/.cache/pypoetry/virtualenvs/freeprise-matchmaker-BsnH11MF-py3.8/lib/python3.8/site-packages/airflow/example_dags/example_branch_labels.py
[2024-07-25T07:54:44.042+0000] {processor.py:840} INFO - DAG(s) 'example_branch_labels' retrieved from /root/.cache/pypoetry/virtualenvs/freeprise-matchmaker-BsnH11MF-py3.8/lib/python3.8/site-packages/airflow/example_dags/example_branch_labels.py
[2024-07-25T07:54:44.086+0000] {logging_mixin.py:188} INFO - [2024-07-25T07:54:44.086+0000] {dag.py:3089} INFO - Sync 1 DAGs
[2024-07-25T07:54:44.122+0000] {logging_mixin.py:188} INFO - [2024-07-25T07:54:44.122+0000] {dag.py:3947} INFO - Setting next_dagrun for example_branch_labels to 2024-07-24 00:00:00+00:00, run_after=2024-07-25 00:00:00+00:00
[2024-07-25T07:54:44.150+0000] {processor.py:183} INFO - Processing /root/.cache/pypoetry/virtualenvs/freeprise-matchmaker-BsnH11MF-py3.8/lib/python3.8/site-packages/airflow/example_dags/example_branch_labels.py took 0.142 seconds
[2024-07-25T07:55:15.113+0000] {processor.py:161} INFO - Started process (PID=2806) to work on /root/.cache/pypoetry/virtualenvs/freeprise-matchmaker-BsnH11MF-py3.8/lib/python3.8/site-packages/airflow/example_dags/example_branch_labels.py
[2024-07-25T07:55:15.115+0000] {processor.py:830} INFO - Processing file /root/.cache/pypoetry/virtualenvs/freeprise-matchmaker-BsnH11MF-py3.8/lib/python3.8/site-packages/airflow/example_dags/example_branch_labels.py for tasks to queue
[2024-07-25T07:55:15.118+0000] {logging_mixin.py:188} INFO - [2024-07-25T07:55:15.117+0000] {dagbag.py:545} INFO - Filling up the DagBag from /root/.cache/pypoetry/virtualenvs/freeprise-matchmaker-BsnH11MF-py3.8/lib/python3.8/site-packages/airflow/example_dags/example_branch_labels.py
[2024-07-25T07:55:15.133+0000] {processor.py:840} INFO - DAG(s) 'example_branch_labels' retrieved from /root/.cache/pypoetry/virtualenvs/freeprise-matchmaker-BsnH11MF-py3.8/lib/python3.8/site-packages/airflow/example_dags/example_branch_labels.py
[2024-07-25T07:55:15.175+0000] {logging_mixin.py:188} INFO - [2024-07-25T07:55:15.175+0000] {dag.py:3089} INFO - Sync 1 DAGs
[2024-07-25T07:55:15.213+0000] {logging_mixin.py:188} INFO - [2024-07-25T07:55:15.212+0000] {dag.py:3947} INFO - Setting next_dagrun for example_branch_labels to 2024-07-24 00:00:00+00:00, run_after=2024-07-25 00:00:00+00:00
[2024-07-25T07:55:15.243+0000] {processor.py:183} INFO - Processing /root/.cache/pypoetry/virtualenvs/freeprise-matchmaker-BsnH11MF-py3.8/lib/python3.8/site-packages/airflow/example_dags/example_branch_labels.py took 0.142 seconds
[2024-07-25T07:55:45.583+0000] {processor.py:161} INFO - Started process (PID=3072) to work on /root/.cache/pypoetry/virtualenvs/freeprise-matchmaker-BsnH11MF-py3.8/lib/python3.8/site-packages/airflow/example_dags/example_branch_labels.py
[2024-07-25T07:55:45.584+0000] {processor.py:830} INFO - Processing file /root/.cache/pypoetry/virtualenvs/freeprise-matchmaker-BsnH11MF-py3.8/lib/python3.8/site-packages/airflow/example_dags/example_branch_labels.py for tasks to queue
[2024-07-25T07:55:45.587+0000] {logging_mixin.py:188} INFO - [2024-07-25T07:55:45.586+0000] {dagbag.py:545} INFO - Filling up the DagBag from /root/.cache/pypoetry/virtualenvs/freeprise-matchmaker-BsnH11MF-py3.8/lib/python3.8/site-packages/airflow/example_dags/example_branch_labels.py
[2024-07-25T07:55:45.601+0000] {processor.py:840} INFO - DAG(s) 'example_branch_labels' retrieved from /root/.cache/pypoetry/virtualenvs/freeprise-matchmaker-BsnH11MF-py3.8/lib/python3.8/site-packages/airflow/example_dags/example_branch_labels.py
[2024-07-25T07:55:45.644+0000] {logging_mixin.py:188} INFO - [2024-07-25T07:55:45.643+0000] {dag.py:3089} INFO - Sync 1 DAGs
[2024-07-25T07:55:45.681+0000] {logging_mixin.py:188} INFO - [2024-07-25T07:55:45.681+0000] {dag.py:3947} INFO - Setting next_dagrun for example_branch_labels to 2024-07-24 00:00:00+00:00, run_after=2024-07-25 00:00:00+00:00
[2024-07-25T07:55:45.711+0000] {processor.py:183} INFO - Processing /root/.cache/pypoetry/virtualenvs/freeprise-matchmaker-BsnH11MF-py3.8/lib/python3.8/site-packages/airflow/example_dags/example_branch_labels.py took 0.140 seconds
[2024-07-25T07:56:16.264+0000] {processor.py:161} INFO - Started process (PID=3338) to work on /root/.cache/pypoetry/virtualenvs/freeprise-matchmaker-BsnH11MF-py3.8/lib/python3.8/site-packages/airflow/example_dags/example_branch_labels.py
[2024-07-25T07:56:16.266+0000] {processor.py:830} INFO - Processing file /root/.cache/pypoetry/virtualenvs/freeprise-matchmaker-BsnH11MF-py3.8/lib/python3.8/site-packages/airflow/example_dags/example_branch_labels.py for tasks to queue
[2024-07-25T07:56:16.270+0000] {logging_mixin.py:188} INFO - [2024-07-25T07:56:16.269+0000] {dagbag.py:545} INFO - Filling up the DagBag from /root/.cache/pypoetry/virtualenvs/freeprise-matchmaker-BsnH11MF-py3.8/lib/python3.8/site-packages/airflow/example_dags/example_branch_labels.py
[2024-07-25T07:56:16.291+0000] {processor.py:840} INFO - DAG(s) 'example_branch_labels' retrieved from /root/.cache/pypoetry/virtualenvs/freeprise-matchmaker-BsnH11MF-py3.8/lib/python3.8/site-packages/airflow/example_dags/example_branch_labels.py
[2024-07-25T07:56:16.338+0000] {logging_mixin.py:188} INFO - [2024-07-25T07:56:16.337+0000] {dag.py:3089} INFO - Sync 1 DAGs
[2024-07-25T07:56:16.381+0000] {logging_mixin.py:188} INFO - [2024-07-25T07:56:16.380+0000] {dag.py:3947} INFO - Setting next_dagrun for example_branch_labels to 2024-07-24 00:00:00+00:00, run_after=2024-07-25 00:00:00+00:00
[2024-07-25T07:56:16.416+0000] {processor.py:183} INFO - Processing /root/.cache/pypoetry/virtualenvs/freeprise-matchmaker-BsnH11MF-py3.8/lib/python3.8/site-packages/airflow/example_dags/example_branch_labels.py took 0.170 seconds
[2024-07-25T07:56:46.898+0000] {processor.py:161} INFO - Started process (PID=3604) to work on /root/.cache/pypoetry/virtualenvs/freeprise-matchmaker-BsnH11MF-py3.8/lib/python3.8/site-packages/airflow/example_dags/example_branch_labels.py
[2024-07-25T07:56:46.900+0000] {processor.py:830} INFO - Processing file /root/.cache/pypoetry/virtualenvs/freeprise-matchmaker-BsnH11MF-py3.8/lib/python3.8/site-packages/airflow/example_dags/example_branch_labels.py for tasks to queue
[2024-07-25T07:56:46.902+0000] {logging_mixin.py:188} INFO - [2024-07-25T07:56:46.902+0000] {dagbag.py:545} INFO - Filling up the DagBag from /root/.cache/pypoetry/virtualenvs/freeprise-matchmaker-BsnH11MF-py3.8/lib/python3.8/site-packages/airflow/example_dags/example_branch_labels.py
[2024-07-25T07:56:46.921+0000] {processor.py:840} INFO - DAG(s) 'example_branch_labels' retrieved from /root/.cache/pypoetry/virtualenvs/freeprise-matchmaker-BsnH11MF-py3.8/lib/python3.8/site-packages/airflow/example_dags/example_branch_labels.py
[2024-07-25T07:56:46.969+0000] {logging_mixin.py:188} INFO - [2024-07-25T07:56:46.969+0000] {dag.py:3089} INFO - Sync 1 DAGs
[2024-07-25T07:56:47.012+0000] {logging_mixin.py:188} INFO - [2024-07-25T07:56:47.011+0000] {dag.py:3947} INFO - Setting next_dagrun for example_branch_labels to 2024-07-24 00:00:00+00:00, run_after=2024-07-25 00:00:00+00:00
[2024-07-25T07:56:47.040+0000] {processor.py:183} INFO - Processing /root/.cache/pypoetry/virtualenvs/freeprise-matchmaker-BsnH11MF-py3.8/lib/python3.8/site-packages/airflow/example_dags/example_branch_labels.py took 0.158 seconds
[2024-07-25T07:57:17.334+0000] {processor.py:161} INFO - Started process (PID=3870) to work on /root/.cache/pypoetry/virtualenvs/freeprise-matchmaker-BsnH11MF-py3.8/lib/python3.8/site-packages/airflow/example_dags/example_branch_labels.py
[2024-07-25T07:57:17.336+0000] {processor.py:830} INFO - Processing file /root/.cache/pypoetry/virtualenvs/freeprise-matchmaker-BsnH11MF-py3.8/lib/python3.8/site-packages/airflow/example_dags/example_branch_labels.py for tasks to queue
[2024-07-25T07:57:17.340+0000] {logging_mixin.py:188} INFO - [2024-07-25T07:57:17.339+0000] {dagbag.py:545} INFO - Filling up the DagBag from /root/.cache/pypoetry/virtualenvs/freeprise-matchmaker-BsnH11MF-py3.8/lib/python3.8/site-packages/airflow/example_dags/example_branch_labels.py
[2024-07-25T07:57:17.359+0000] {processor.py:840} INFO - DAG(s) 'example_branch_labels' retrieved from /root/.cache/pypoetry/virtualenvs/freeprise-matchmaker-BsnH11MF-py3.8/lib/python3.8/site-packages/airflow/example_dags/example_branch_labels.py
[2024-07-25T07:57:17.405+0000] {logging_mixin.py:188} INFO - [2024-07-25T07:57:17.405+0000] {dag.py:3089} INFO - Sync 1 DAGs
[2024-07-25T07:57:17.443+0000] {logging_mixin.py:188} INFO - [2024-07-25T07:57:17.443+0000] {dag.py:3947} INFO - Setting next_dagrun for example_branch_labels to 2024-07-24 00:00:00+00:00, run_after=2024-07-25 00:00:00+00:00
[2024-07-25T07:57:17.475+0000] {processor.py:183} INFO - Processing /root/.cache/pypoetry/virtualenvs/freeprise-matchmaker-BsnH11MF-py3.8/lib/python3.8/site-packages/airflow/example_dags/example_branch_labels.py took 0.157 seconds
[2024-07-25T07:57:47.690+0000] {processor.py:161} INFO - Started process (PID=4136) to work on /root/.cache/pypoetry/virtualenvs/freeprise-matchmaker-BsnH11MF-py3.8/lib/python3.8/site-packages/airflow/example_dags/example_branch_labels.py
[2024-07-25T07:57:47.692+0000] {processor.py:830} INFO - Processing file /root/.cache/pypoetry/virtualenvs/freeprise-matchmaker-BsnH11MF-py3.8/lib/python3.8/site-packages/airflow/example_dags/example_branch_labels.py for tasks to queue
[2024-07-25T07:57:47.695+0000] {logging_mixin.py:188} INFO - [2024-07-25T07:57:47.695+0000] {dagbag.py:545} INFO - Filling up the DagBag from /root/.cache/pypoetry/virtualenvs/freeprise-matchmaker-BsnH11MF-py3.8/lib/python3.8/site-packages/airflow/example_dags/example_branch_labels.py
[2024-07-25T07:57:47.714+0000] {processor.py:840} INFO - DAG(s) 'example_branch_labels' retrieved from /root/.cache/pypoetry/virtualenvs/freeprise-matchmaker-BsnH11MF-py3.8/lib/python3.8/site-packages/airflow/example_dags/example_branch_labels.py
[2024-07-25T07:57:47.761+0000] {logging_mixin.py:188} INFO - [2024-07-25T07:57:47.760+0000] {dag.py:3089} INFO - Sync 1 DAGs
[2024-07-25T07:57:47.798+0000] {logging_mixin.py:188} INFO - [2024-07-25T07:57:47.797+0000] {dag.py:3947} INFO - Setting next_dagrun for example_branch_labels to 2024-07-24 00:00:00+00:00, run_after=2024-07-25 00:00:00+00:00
[2024-07-25T07:57:47.835+0000] {processor.py:183} INFO - Processing /root/.cache/pypoetry/virtualenvs/freeprise-matchmaker-BsnH11MF-py3.8/lib/python3.8/site-packages/airflow/example_dags/example_branch_labels.py took 0.160 seconds
[2024-07-25T07:58:18.371+0000] {processor.py:161} INFO - Started process (PID=4402) to work on /root/.cache/pypoetry/virtualenvs/freeprise-matchmaker-BsnH11MF-py3.8/lib/python3.8/site-packages/airflow/example_dags/example_branch_labels.py
[2024-07-25T07:58:18.373+0000] {processor.py:830} INFO - Processing file /root/.cache/pypoetry/virtualenvs/freeprise-matchmaker-BsnH11MF-py3.8/lib/python3.8/site-packages/airflow/example_dags/example_branch_labels.py for tasks to queue
[2024-07-25T07:58:18.376+0000] {logging_mixin.py:188} INFO - [2024-07-25T07:58:18.375+0000] {dagbag.py:545} INFO - Filling up the DagBag from /root/.cache/pypoetry/virtualenvs/freeprise-matchmaker-BsnH11MF-py3.8/lib/python3.8/site-packages/airflow/example_dags/example_branch_labels.py
[2024-07-25T07:58:18.390+0000] {processor.py:840} INFO - DAG(s) 'example_branch_labels' retrieved from /root/.cache/pypoetry/virtualenvs/freeprise-matchmaker-BsnH11MF-py3.8/lib/python3.8/site-packages/airflow/example_dags/example_branch_labels.py
[2024-07-25T07:58:18.434+0000] {logging_mixin.py:188} INFO - [2024-07-25T07:58:18.433+0000] {dag.py:3089} INFO - Sync 1 DAGs
[2024-07-25T07:58:18.471+0000] {logging_mixin.py:188} INFO - [2024-07-25T07:58:18.471+0000] {dag.py:3947} INFO - Setting next_dagrun for example_branch_labels to 2024-07-24 00:00:00+00:00, run_after=2024-07-25 00:00:00+00:00
[2024-07-25T07:58:18.498+0000] {processor.py:183} INFO - Processing /root/.cache/pypoetry/virtualenvs/freeprise-matchmaker-BsnH11MF-py3.8/lib/python3.8/site-packages/airflow/example_dags/example_branch_labels.py took 0.140 seconds
[2024-07-25T07:58:48.829+0000] {processor.py:161} INFO - Started process (PID=4670) to work on /root/.cache/pypoetry/virtualenvs/freeprise-matchmaker-BsnH11MF-py3.8/lib/python3.8/site-packages/airflow/example_dags/example_branch_labels.py
[2024-07-25T07:58:48.831+0000] {processor.py:830} INFO - Processing file /root/.cache/pypoetry/virtualenvs/freeprise-matchmaker-BsnH11MF-py3.8/lib/python3.8/site-packages/airflow/example_dags/example_branch_labels.py for tasks to queue
[2024-07-25T07:58:48.834+0000] {logging_mixin.py:188} INFO - [2024-07-25T07:58:48.834+0000] {dagbag.py:545} INFO - Filling up the DagBag from /root/.cache/pypoetry/virtualenvs/freeprise-matchmaker-BsnH11MF-py3.8/lib/python3.8/site-packages/airflow/example_dags/example_branch_labels.py
[2024-07-25T07:58:48.848+0000] {processor.py:840} INFO - DAG(s) 'example_branch_labels' retrieved from /root/.cache/pypoetry/virtualenvs/freeprise-matchmaker-BsnH11MF-py3.8/lib/python3.8/site-packages/airflow/example_dags/example_branch_labels.py
[2024-07-25T07:58:48.896+0000] {logging_mixin.py:188} INFO - [2024-07-25T07:58:48.895+0000] {dag.py:3089} INFO - Sync 1 DAGs
[2024-07-25T07:58:48.935+0000] {logging_mixin.py:188} INFO - [2024-07-25T07:58:48.934+0000] {dag.py:3947} INFO - Setting next_dagrun for example_branch_labels to 2024-07-24 00:00:00+00:00, run_after=2024-07-25 00:00:00+00:00
[2024-07-25T07:58:48.964+0000] {processor.py:183} INFO - Processing /root/.cache/pypoetry/virtualenvs/freeprise-matchmaker-BsnH11MF-py3.8/lib/python3.8/site-packages/airflow/example_dags/example_branch_labels.py took 0.153 seconds
[2024-07-25T07:59:19.306+0000] {processor.py:161} INFO - Started process (PID=4934) to work on /root/.cache/pypoetry/virtualenvs/freeprise-matchmaker-BsnH11MF-py3.8/lib/python3.8/site-packages/airflow/example_dags/example_branch_labels.py
[2024-07-25T07:59:19.308+0000] {processor.py:830} INFO - Processing file /root/.cache/pypoetry/virtualenvs/freeprise-matchmaker-BsnH11MF-py3.8/lib/python3.8/site-packages/airflow/example_dags/example_branch_labels.py for tasks to queue
[2024-07-25T07:59:19.311+0000] {logging_mixin.py:188} INFO - [2024-07-25T07:59:19.311+0000] {dagbag.py:545} INFO - Filling up the DagBag from /root/.cache/pypoetry/virtualenvs/freeprise-matchmaker-BsnH11MF-py3.8/lib/python3.8/site-packages/airflow/example_dags/example_branch_labels.py
[2024-07-25T07:59:19.330+0000] {processor.py:840} INFO - DAG(s) 'example_branch_labels' retrieved from /root/.cache/pypoetry/virtualenvs/freeprise-matchmaker-BsnH11MF-py3.8/lib/python3.8/site-packages/airflow/example_dags/example_branch_labels.py
[2024-07-25T07:59:19.382+0000] {logging_mixin.py:188} INFO - [2024-07-25T07:59:19.382+0000] {dag.py:3089} INFO - Sync 1 DAGs
[2024-07-25T07:59:19.430+0000] {logging_mixin.py:188} INFO - [2024-07-25T07:59:19.429+0000] {dag.py:3947} INFO - Setting next_dagrun for example_branch_labels to 2024-07-24 00:00:00+00:00, run_after=2024-07-25 00:00:00+00:00
[2024-07-25T07:59:19.467+0000] {processor.py:183} INFO - Processing /root/.cache/pypoetry/virtualenvs/freeprise-matchmaker-BsnH11MF-py3.8/lib/python3.8/site-packages/airflow/example_dags/example_branch_labels.py took 0.176 seconds
[2024-07-25T07:59:50.218+0000] {processor.py:161} INFO - Started process (PID=5200) to work on /root/.cache/pypoetry/virtualenvs/freeprise-matchmaker-BsnH11MF-py3.8/lib/python3.8/site-packages/airflow/example_dags/example_branch_labels.py
[2024-07-25T07:59:50.225+0000] {processor.py:830} INFO - Processing file /root/.cache/pypoetry/virtualenvs/freeprise-matchmaker-BsnH11MF-py3.8/lib/python3.8/site-packages/airflow/example_dags/example_branch_labels.py for tasks to queue
[2024-07-25T07:59:50.229+0000] {logging_mixin.py:188} INFO - [2024-07-25T07:59:50.228+0000] {dagbag.py:545} INFO - Filling up the DagBag from /root/.cache/pypoetry/virtualenvs/freeprise-matchmaker-BsnH11MF-py3.8/lib/python3.8/site-packages/airflow/example_dags/example_branch_labels.py
[2024-07-25T07:59:50.249+0000] {processor.py:840} INFO - DAG(s) 'example_branch_labels' retrieved from /root/.cache/pypoetry/virtualenvs/freeprise-matchmaker-BsnH11MF-py3.8/lib/python3.8/site-packages/airflow/example_dags/example_branch_labels.py
[2024-07-25T07:59:50.301+0000] {logging_mixin.py:188} INFO - [2024-07-25T07:59:50.301+0000] {dag.py:3089} INFO - Sync 1 DAGs
[2024-07-25T07:59:50.343+0000] {logging_mixin.py:188} INFO - [2024-07-25T07:59:50.342+0000] {dag.py:3947} INFO - Setting next_dagrun for example_branch_labels to 2024-07-24 00:00:00+00:00, run_after=2024-07-25 00:00:00+00:00
[2024-07-25T07:59:50.379+0000] {processor.py:183} INFO - Processing /root/.cache/pypoetry/virtualenvs/freeprise-matchmaker-BsnH11MF-py3.8/lib/python3.8/site-packages/airflow/example_dags/example_branch_labels.py took 0.175 seconds
[2024-07-25T08:00:21.068+0000] {processor.py:161} INFO - Started process (PID=5466) to work on /root/.cache/pypoetry/virtualenvs/freeprise-matchmaker-BsnH11MF-py3.8/lib/python3.8/site-packages/airflow/example_dags/example_branch_labels.py
[2024-07-25T08:00:21.070+0000] {processor.py:830} INFO - Processing file /root/.cache/pypoetry/virtualenvs/freeprise-matchmaker-BsnH11MF-py3.8/lib/python3.8/site-packages/airflow/example_dags/example_branch_labels.py for tasks to queue
[2024-07-25T08:00:21.074+0000] {logging_mixin.py:188} INFO - [2024-07-25T08:00:21.073+0000] {dagbag.py:545} INFO - Filling up the DagBag from /root/.cache/pypoetry/virtualenvs/freeprise-matchmaker-BsnH11MF-py3.8/lib/python3.8/site-packages/airflow/example_dags/example_branch_labels.py
[2024-07-25T08:00:21.090+0000] {processor.py:840} INFO - DAG(s) 'example_branch_labels' retrieved from /root/.cache/pypoetry/virtualenvs/freeprise-matchmaker-BsnH11MF-py3.8/lib/python3.8/site-packages/airflow/example_dags/example_branch_labels.py
[2024-07-25T08:00:21.132+0000] {logging_mixin.py:188} INFO - [2024-07-25T08:00:21.132+0000] {dag.py:3089} INFO - Sync 1 DAGs
[2024-07-25T08:00:21.181+0000] {logging_mixin.py:188} INFO - [2024-07-25T08:00:21.180+0000] {dag.py:3947} INFO - Setting next_dagrun for example_branch_labels to 2024-07-24 00:00:00+00:00, run_after=2024-07-25 00:00:00+00:00
[2024-07-25T08:00:21.211+0000] {processor.py:183} INFO - Processing /root/.cache/pypoetry/virtualenvs/freeprise-matchmaker-BsnH11MF-py3.8/lib/python3.8/site-packages/airflow/example_dags/example_branch_labels.py took 0.158 seconds
[2024-07-25T08:00:55.717+0000] {processor.py:161} INFO - Started process (PID=5732) to work on /root/.cache/pypoetry/virtualenvs/freeprise-matchmaker-BsnH11MF-py3.8/lib/python3.8/site-packages/airflow/example_dags/example_branch_labels.py
[2024-07-25T08:00:55.720+0000] {processor.py:830} INFO - Processing file /root/.cache/pypoetry/virtualenvs/freeprise-matchmaker-BsnH11MF-py3.8/lib/python3.8/site-packages/airflow/example_dags/example_branch_labels.py for tasks to queue
[2024-07-25T08:00:55.723+0000] {logging_mixin.py:188} INFO - [2024-07-25T08:00:55.723+0000] {dagbag.py:545} INFO - Filling up the DagBag from /root/.cache/pypoetry/virtualenvs/freeprise-matchmaker-BsnH11MF-py3.8/lib/python3.8/site-packages/airflow/example_dags/example_branch_labels.py
[2024-07-25T08:00:55.747+0000] {processor.py:840} INFO - DAG(s) 'example_branch_labels' retrieved from /root/.cache/pypoetry/virtualenvs/freeprise-matchmaker-BsnH11MF-py3.8/lib/python3.8/site-packages/airflow/example_dags/example_branch_labels.py
[2024-07-25T08:00:55.810+0000] {logging_mixin.py:188} INFO - [2024-07-25T08:00:55.810+0000] {dag.py:3089} INFO - Sync 1 DAGs
[2024-07-25T08:00:55.868+0000] {logging_mixin.py:188} INFO - [2024-07-25T08:00:55.867+0000] {dag.py:3947} INFO - Setting next_dagrun for example_branch_labels to 2024-07-24 00:00:00+00:00, run_after=2024-07-25 00:00:00+00:00
[2024-07-25T08:00:55.908+0000] {processor.py:183} INFO - Processing /root/.cache/pypoetry/virtualenvs/freeprise-matchmaker-BsnH11MF-py3.8/lib/python3.8/site-packages/airflow/example_dags/example_branch_labels.py took 0.204 seconds
