[2024-07-25T07:50:30.369+0000] {processor.py:161} INFO - Started process (PID=292) to work on /root/.cache/pypoetry/virtualenvs/freeprise-matchmaker-BsnH11MF-py3.8/lib/python3.8/site-packages/airflow/example_dags/example_sensors.py
[2024-07-25T07:50:30.371+0000] {processor.py:830} INFO - Processing file /root/.cache/pypoetry/virtualenvs/freeprise-matchmaker-BsnH11MF-py3.8/lib/python3.8/site-packages/airflow/example_dags/example_sensors.py for tasks to queue
[2024-07-25T07:50:30.374+0000] {logging_mixin.py:188} INFO - [2024-07-25T07:50:30.373+0000] {dagbag.py:545} INFO - Filling up the DagBag from /root/.cache/pypoetry/virtualenvs/freeprise-matchmaker-BsnH11MF-py3.8/lib/python3.8/site-packages/airflow/example_dags/example_sensors.py
[2024-07-25T07:50:30.394+0000] {processor.py:840} INFO - DAG(s) 'example_sensors' retrieved from /root/.cache/pypoetry/virtualenvs/freeprise-matchmaker-BsnH11MF-py3.8/lib/python3.8/site-packages/airflow/example_dags/example_sensors.py
[2024-07-25T07:50:30.419+0000] {logging_mixin.py:188} INFO - [2024-07-25T07:50:30.418+0000] {dag.py:3089} INFO - Sync 1 DAGs
[2024-07-25T07:50:30.441+0000] {logging_mixin.py:188} INFO - [2024-07-25T07:50:30.440+0000] {dag.py:3947} INFO - Setting next_dagrun for example_sensors to None, run_after=None
[2024-07-25T07:50:30.468+0000] {processor.py:183} INFO - Processing /root/.cache/pypoetry/virtualenvs/freeprise-matchmaker-BsnH11MF-py3.8/lib/python3.8/site-packages/airflow/example_dags/example_sensors.py took 0.112 seconds
[2024-07-25T07:51:04.736+0000] {processor.py:161} INFO - Started process (PID=560) to work on /root/.cache/pypoetry/virtualenvs/freeprise-matchmaker-BsnH11MF-py3.8/lib/python3.8/site-packages/airflow/example_dags/example_sensors.py
[2024-07-25T07:51:04.739+0000] {processor.py:830} INFO - Processing file /root/.cache/pypoetry/virtualenvs/freeprise-matchmaker-BsnH11MF-py3.8/lib/python3.8/site-packages/airflow/example_dags/example_sensors.py for tasks to queue
[2024-07-25T07:51:04.743+0000] {logging_mixin.py:188} INFO - [2024-07-25T07:51:04.742+0000] {dagbag.py:545} INFO - Filling up the DagBag from /root/.cache/pypoetry/virtualenvs/freeprise-matchmaker-BsnH11MF-py3.8/lib/python3.8/site-packages/airflow/example_dags/example_sensors.py
[2024-07-25T07:51:04.764+0000] {processor.py:840} INFO - DAG(s) 'example_sensors' retrieved from /root/.cache/pypoetry/virtualenvs/freeprise-matchmaker-BsnH11MF-py3.8/lib/python3.8/site-packages/airflow/example_dags/example_sensors.py
[2024-07-25T07:51:05.091+0000] {logging_mixin.py:188} INFO - [2024-07-25T07:51:05.091+0000] {dag.py:3089} INFO - Sync 1 DAGs
[2024-07-25T07:51:05.108+0000] {logging_mixin.py:188} INFO - [2024-07-25T07:51:05.107+0000] {dag.py:3947} INFO - Setting next_dagrun for example_sensors to None, run_after=None
[2024-07-25T07:51:05.137+0000] {processor.py:183} INFO - Processing /root/.cache/pypoetry/virtualenvs/freeprise-matchmaker-BsnH11MF-py3.8/lib/python3.8/site-packages/airflow/example_dags/example_sensors.py took 0.415 seconds
[2024-07-25T07:51:35.403+0000] {processor.py:161} INFO - Started process (PID=826) to work on /root/.cache/pypoetry/virtualenvs/freeprise-matchmaker-BsnH11MF-py3.8/lib/python3.8/site-packages/airflow/example_dags/example_sensors.py
[2024-07-25T07:51:35.405+0000] {processor.py:830} INFO - Processing file /root/.cache/pypoetry/virtualenvs/freeprise-matchmaker-BsnH11MF-py3.8/lib/python3.8/site-packages/airflow/example_dags/example_sensors.py for tasks to queue
[2024-07-25T07:51:35.408+0000] {logging_mixin.py:188} INFO - [2024-07-25T07:51:35.408+0000] {dagbag.py:545} INFO - Filling up the DagBag from /root/.cache/pypoetry/virtualenvs/freeprise-matchmaker-BsnH11MF-py3.8/lib/python3.8/site-packages/airflow/example_dags/example_sensors.py
[2024-07-25T07:51:35.433+0000] {processor.py:840} INFO - DAG(s) 'example_sensors' retrieved from /root/.cache/pypoetry/virtualenvs/freeprise-matchmaker-BsnH11MF-py3.8/lib/python3.8/site-packages/airflow/example_dags/example_sensors.py
[2024-07-25T07:51:35.492+0000] {logging_mixin.py:188} INFO - [2024-07-25T07:51:35.492+0000] {dag.py:3089} INFO - Sync 1 DAGs
[2024-07-25T07:51:35.514+0000] {logging_mixin.py:188} INFO - [2024-07-25T07:51:35.513+0000] {dag.py:3947} INFO - Setting next_dagrun for example_sensors to None, run_after=None
[2024-07-25T07:51:35.545+0000] {processor.py:183} INFO - Processing /root/.cache/pypoetry/virtualenvs/freeprise-matchmaker-BsnH11MF-py3.8/lib/python3.8/site-packages/airflow/example_dags/example_sensors.py took 0.159 seconds
[2024-07-25T07:52:05.825+0000] {processor.py:161} INFO - Started process (PID=1092) to work on /root/.cache/pypoetry/virtualenvs/freeprise-matchmaker-BsnH11MF-py3.8/lib/python3.8/site-packages/airflow/example_dags/example_sensors.py
[2024-07-25T07:52:05.827+0000] {processor.py:830} INFO - Processing file /root/.cache/pypoetry/virtualenvs/freeprise-matchmaker-BsnH11MF-py3.8/lib/python3.8/site-packages/airflow/example_dags/example_sensors.py for tasks to queue
[2024-07-25T07:52:05.830+0000] {logging_mixin.py:188} INFO - [2024-07-25T07:52:05.829+0000] {dagbag.py:545} INFO - Filling up the DagBag from /root/.cache/pypoetry/virtualenvs/freeprise-matchmaker-BsnH11MF-py3.8/lib/python3.8/site-packages/airflow/example_dags/example_sensors.py
[2024-07-25T07:52:05.844+0000] {processor.py:840} INFO - DAG(s) 'example_sensors' retrieved from /root/.cache/pypoetry/virtualenvs/freeprise-matchmaker-BsnH11MF-py3.8/lib/python3.8/site-packages/airflow/example_dags/example_sensors.py
[2024-07-25T07:52:05.903+0000] {logging_mixin.py:188} INFO - [2024-07-25T07:52:05.902+0000] {dag.py:3089} INFO - Sync 1 DAGs
[2024-07-25T07:52:05.924+0000] {logging_mixin.py:188} INFO - [2024-07-25T07:52:05.924+0000] {dag.py:3947} INFO - Setting next_dagrun for example_sensors to None, run_after=None
[2024-07-25T07:52:05.954+0000] {processor.py:183} INFO - Processing /root/.cache/pypoetry/virtualenvs/freeprise-matchmaker-BsnH11MF-py3.8/lib/python3.8/site-packages/airflow/example_dags/example_sensors.py took 0.140 seconds
[2024-07-25T07:52:36.825+0000] {processor.py:161} INFO - Started process (PID=1356) to work on /root/.cache/pypoetry/virtualenvs/freeprise-matchmaker-BsnH11MF-py3.8/lib/python3.8/site-packages/airflow/example_dags/example_sensors.py
[2024-07-25T07:52:36.827+0000] {processor.py:830} INFO - Processing file /root/.cache/pypoetry/virtualenvs/freeprise-matchmaker-BsnH11MF-py3.8/lib/python3.8/site-packages/airflow/example_dags/example_sensors.py for tasks to queue
[2024-07-25T07:52:36.830+0000] {logging_mixin.py:188} INFO - [2024-07-25T07:52:36.829+0000] {dagbag.py:545} INFO - Filling up the DagBag from /root/.cache/pypoetry/virtualenvs/freeprise-matchmaker-BsnH11MF-py3.8/lib/python3.8/site-packages/airflow/example_dags/example_sensors.py
[2024-07-25T07:52:36.849+0000] {processor.py:840} INFO - DAG(s) 'example_sensors' retrieved from /root/.cache/pypoetry/virtualenvs/freeprise-matchmaker-BsnH11MF-py3.8/lib/python3.8/site-packages/airflow/example_dags/example_sensors.py
[2024-07-25T07:52:36.915+0000] {logging_mixin.py:188} INFO - [2024-07-25T07:52:36.914+0000] {dag.py:3089} INFO - Sync 1 DAGs
[2024-07-25T07:52:36.941+0000] {logging_mixin.py:188} INFO - [2024-07-25T07:52:36.941+0000] {dag.py:3947} INFO - Setting next_dagrun for example_sensors to None, run_after=None
[2024-07-25T07:52:36.976+0000] {processor.py:183} INFO - Processing /root/.cache/pypoetry/virtualenvs/freeprise-matchmaker-BsnH11MF-py3.8/lib/python3.8/site-packages/airflow/example_dags/example_sensors.py took 0.167 seconds
[2024-07-25T07:53:07.791+0000] {processor.py:161} INFO - Started process (PID=1622) to work on /root/.cache/pypoetry/virtualenvs/freeprise-matchmaker-BsnH11MF-py3.8/lib/python3.8/site-packages/airflow/example_dags/example_sensors.py
[2024-07-25T07:53:07.794+0000] {processor.py:830} INFO - Processing file /root/.cache/pypoetry/virtualenvs/freeprise-matchmaker-BsnH11MF-py3.8/lib/python3.8/site-packages/airflow/example_dags/example_sensors.py for tasks to queue
[2024-07-25T07:53:07.797+0000] {logging_mixin.py:188} INFO - [2024-07-25T07:53:07.796+0000] {dagbag.py:545} INFO - Filling up the DagBag from /root/.cache/pypoetry/virtualenvs/freeprise-matchmaker-BsnH11MF-py3.8/lib/python3.8/site-packages/airflow/example_dags/example_sensors.py
[2024-07-25T07:53:07.816+0000] {processor.py:840} INFO - DAG(s) 'example_sensors' retrieved from /root/.cache/pypoetry/virtualenvs/freeprise-matchmaker-BsnH11MF-py3.8/lib/python3.8/site-packages/airflow/example_dags/example_sensors.py
[2024-07-25T07:53:07.870+0000] {logging_mixin.py:188} INFO - [2024-07-25T07:53:07.869+0000] {dag.py:3089} INFO - Sync 1 DAGs
[2024-07-25T07:53:07.892+0000] {logging_mixin.py:188} INFO - [2024-07-25T07:53:07.891+0000] {dag.py:3947} INFO - Setting next_dagrun for example_sensors to None, run_after=None
[2024-07-25T07:53:07.923+0000] {processor.py:183} INFO - Processing /root/.cache/pypoetry/virtualenvs/freeprise-matchmaker-BsnH11MF-py3.8/lib/python3.8/site-packages/airflow/example_dags/example_sensors.py took 0.149 seconds
[2024-07-25T07:53:38.390+0000] {processor.py:161} INFO - Started process (PID=1888) to work on /root/.cache/pypoetry/virtualenvs/freeprise-matchmaker-BsnH11MF-py3.8/lib/python3.8/site-packages/airflow/example_dags/example_sensors.py
[2024-07-25T07:53:38.392+0000] {processor.py:830} INFO - Processing file /root/.cache/pypoetry/virtualenvs/freeprise-matchmaker-BsnH11MF-py3.8/lib/python3.8/site-packages/airflow/example_dags/example_sensors.py for tasks to queue
[2024-07-25T07:53:38.394+0000] {logging_mixin.py:188} INFO - [2024-07-25T07:53:38.394+0000] {dagbag.py:545} INFO - Filling up the DagBag from /root/.cache/pypoetry/virtualenvs/freeprise-matchmaker-BsnH11MF-py3.8/lib/python3.8/site-packages/airflow/example_dags/example_sensors.py
[2024-07-25T07:53:38.413+0000] {processor.py:840} INFO - DAG(s) 'example_sensors' retrieved from /root/.cache/pypoetry/virtualenvs/freeprise-matchmaker-BsnH11MF-py3.8/lib/python3.8/site-packages/airflow/example_dags/example_sensors.py
[2024-07-25T07:53:38.467+0000] {logging_mixin.py:188} INFO - [2024-07-25T07:53:38.467+0000] {dag.py:3089} INFO - Sync 1 DAGs
[2024-07-25T07:53:38.487+0000] {logging_mixin.py:188} INFO - [2024-07-25T07:53:38.486+0000] {dag.py:3947} INFO - Setting next_dagrun for example_sensors to None, run_after=None
[2024-07-25T07:53:38.515+0000] {processor.py:183} INFO - Processing /root/.cache/pypoetry/virtualenvs/freeprise-matchmaker-BsnH11MF-py3.8/lib/python3.8/site-packages/airflow/example_dags/example_sensors.py took 0.139 seconds
[2024-07-25T07:54:08.874+0000] {processor.py:161} INFO - Started process (PID=2154) to work on /root/.cache/pypoetry/virtualenvs/freeprise-matchmaker-BsnH11MF-py3.8/lib/python3.8/site-packages/airflow/example_dags/example_sensors.py
[2024-07-25T07:54:08.877+0000] {processor.py:830} INFO - Processing file /root/.cache/pypoetry/virtualenvs/freeprise-matchmaker-BsnH11MF-py3.8/lib/python3.8/site-packages/airflow/example_dags/example_sensors.py for tasks to queue
[2024-07-25T07:54:08.880+0000] {logging_mixin.py:188} INFO - [2024-07-25T07:54:08.880+0000] {dagbag.py:545} INFO - Filling up the DagBag from /root/.cache/pypoetry/virtualenvs/freeprise-matchmaker-BsnH11MF-py3.8/lib/python3.8/site-packages/airflow/example_dags/example_sensors.py
[2024-07-25T07:54:08.900+0000] {processor.py:840} INFO - DAG(s) 'example_sensors' retrieved from /root/.cache/pypoetry/virtualenvs/freeprise-matchmaker-BsnH11MF-py3.8/lib/python3.8/site-packages/airflow/example_dags/example_sensors.py
[2024-07-25T07:54:08.955+0000] {logging_mixin.py:188} INFO - [2024-07-25T07:54:08.955+0000] {dag.py:3089} INFO - Sync 1 DAGs
[2024-07-25T07:54:08.976+0000] {logging_mixin.py:188} INFO - [2024-07-25T07:54:08.975+0000] {dag.py:3947} INFO - Setting next_dagrun for example_sensors to None, run_after=None
[2024-07-25T07:54:09.005+0000] {processor.py:183} INFO - Processing /root/.cache/pypoetry/virtualenvs/freeprise-matchmaker-BsnH11MF-py3.8/lib/python3.8/site-packages/airflow/example_dags/example_sensors.py took 0.147 seconds
[2024-07-25T07:54:39.301+0000] {processor.py:161} INFO - Started process (PID=2420) to work on /root/.cache/pypoetry/virtualenvs/freeprise-matchmaker-BsnH11MF-py3.8/lib/python3.8/site-packages/airflow/example_dags/example_sensors.py
[2024-07-25T07:54:39.303+0000] {processor.py:830} INFO - Processing file /root/.cache/pypoetry/virtualenvs/freeprise-matchmaker-BsnH11MF-py3.8/lib/python3.8/site-packages/airflow/example_dags/example_sensors.py for tasks to queue
[2024-07-25T07:54:39.306+0000] {logging_mixin.py:188} INFO - [2024-07-25T07:54:39.306+0000] {dagbag.py:545} INFO - Filling up the DagBag from /root/.cache/pypoetry/virtualenvs/freeprise-matchmaker-BsnH11MF-py3.8/lib/python3.8/site-packages/airflow/example_dags/example_sensors.py
[2024-07-25T07:54:39.326+0000] {processor.py:840} INFO - DAG(s) 'example_sensors' retrieved from /root/.cache/pypoetry/virtualenvs/freeprise-matchmaker-BsnH11MF-py3.8/lib/python3.8/site-packages/airflow/example_dags/example_sensors.py
[2024-07-25T07:54:39.376+0000] {logging_mixin.py:188} INFO - [2024-07-25T07:54:39.376+0000] {dag.py:3089} INFO - Sync 1 DAGs
[2024-07-25T07:54:39.395+0000] {logging_mixin.py:188} INFO - [2024-07-25T07:54:39.395+0000] {dag.py:3947} INFO - Setting next_dagrun for example_sensors to None, run_after=None
[2024-07-25T07:54:39.426+0000] {processor.py:183} INFO - Processing /root/.cache/pypoetry/virtualenvs/freeprise-matchmaker-BsnH11MF-py3.8/lib/python3.8/site-packages/airflow/example_dags/example_sensors.py took 0.141 seconds
[2024-07-25T07:55:09.685+0000] {processor.py:161} INFO - Started process (PID=2686) to work on /root/.cache/pypoetry/virtualenvs/freeprise-matchmaker-BsnH11MF-py3.8/lib/python3.8/site-packages/airflow/example_dags/example_sensors.py
[2024-07-25T07:55:09.687+0000] {processor.py:830} INFO - Processing file /root/.cache/pypoetry/virtualenvs/freeprise-matchmaker-BsnH11MF-py3.8/lib/python3.8/site-packages/airflow/example_dags/example_sensors.py for tasks to queue
[2024-07-25T07:55:09.691+0000] {logging_mixin.py:188} INFO - [2024-07-25T07:55:09.690+0000] {dagbag.py:545} INFO - Filling up the DagBag from /root/.cache/pypoetry/virtualenvs/freeprise-matchmaker-BsnH11MF-py3.8/lib/python3.8/site-packages/airflow/example_dags/example_sensors.py
[2024-07-25T07:55:09.710+0000] {processor.py:840} INFO - DAG(s) 'example_sensors' retrieved from /root/.cache/pypoetry/virtualenvs/freeprise-matchmaker-BsnH11MF-py3.8/lib/python3.8/site-packages/airflow/example_dags/example_sensors.py
[2024-07-25T07:55:09.765+0000] {logging_mixin.py:188} INFO - [2024-07-25T07:55:09.764+0000] {dag.py:3089} INFO - Sync 1 DAGs
[2024-07-25T07:55:09.786+0000] {logging_mixin.py:188} INFO - [2024-07-25T07:55:09.785+0000] {dag.py:3947} INFO - Setting next_dagrun for example_sensors to None, run_after=None
[2024-07-25T07:55:09.819+0000] {processor.py:183} INFO - Processing /root/.cache/pypoetry/virtualenvs/freeprise-matchmaker-BsnH11MF-py3.8/lib/python3.8/site-packages/airflow/example_dags/example_sensors.py took 0.150 seconds
[2024-07-25T07:55:40.082+0000] {processor.py:161} INFO - Started process (PID=2952) to work on /root/.cache/pypoetry/virtualenvs/freeprise-matchmaker-BsnH11MF-py3.8/lib/python3.8/site-packages/airflow/example_dags/example_sensors.py
[2024-07-25T07:55:40.083+0000] {processor.py:830} INFO - Processing file /root/.cache/pypoetry/virtualenvs/freeprise-matchmaker-BsnH11MF-py3.8/lib/python3.8/site-packages/airflow/example_dags/example_sensors.py for tasks to queue
[2024-07-25T07:55:40.087+0000] {logging_mixin.py:188} INFO - [2024-07-25T07:55:40.086+0000] {dagbag.py:545} INFO - Filling up the DagBag from /root/.cache/pypoetry/virtualenvs/freeprise-matchmaker-BsnH11MF-py3.8/lib/python3.8/site-packages/airflow/example_dags/example_sensors.py
[2024-07-25T07:55:40.110+0000] {processor.py:840} INFO - DAG(s) 'example_sensors' retrieved from /root/.cache/pypoetry/virtualenvs/freeprise-matchmaker-BsnH11MF-py3.8/lib/python3.8/site-packages/airflow/example_dags/example_sensors.py
[2024-07-25T07:55:40.170+0000] {logging_mixin.py:188} INFO - [2024-07-25T07:55:40.170+0000] {dag.py:3089} INFO - Sync 1 DAGs
[2024-07-25T07:55:40.192+0000] {logging_mixin.py:188} INFO - [2024-07-25T07:55:40.191+0000] {dag.py:3947} INFO - Setting next_dagrun for example_sensors to None, run_after=None
[2024-07-25T07:55:40.221+0000] {processor.py:183} INFO - Processing /root/.cache/pypoetry/virtualenvs/freeprise-matchmaker-BsnH11MF-py3.8/lib/python3.8/site-packages/airflow/example_dags/example_sensors.py took 0.156 seconds
[2024-07-25T07:56:10.658+0000] {processor.py:161} INFO - Started process (PID=3220) to work on /root/.cache/pypoetry/virtualenvs/freeprise-matchmaker-BsnH11MF-py3.8/lib/python3.8/site-packages/airflow/example_dags/example_sensors.py
[2024-07-25T07:56:10.660+0000] {processor.py:830} INFO - Processing file /root/.cache/pypoetry/virtualenvs/freeprise-matchmaker-BsnH11MF-py3.8/lib/python3.8/site-packages/airflow/example_dags/example_sensors.py for tasks to queue
[2024-07-25T07:56:10.662+0000] {logging_mixin.py:188} INFO - [2024-07-25T07:56:10.662+0000] {dagbag.py:545} INFO - Filling up the DagBag from /root/.cache/pypoetry/virtualenvs/freeprise-matchmaker-BsnH11MF-py3.8/lib/python3.8/site-packages/airflow/example_dags/example_sensors.py
[2024-07-25T07:56:10.684+0000] {processor.py:840} INFO - DAG(s) 'example_sensors' retrieved from /root/.cache/pypoetry/virtualenvs/freeprise-matchmaker-BsnH11MF-py3.8/lib/python3.8/site-packages/airflow/example_dags/example_sensors.py
[2024-07-25T07:56:10.741+0000] {logging_mixin.py:188} INFO - [2024-07-25T07:56:10.740+0000] {dag.py:3089} INFO - Sync 1 DAGs
[2024-07-25T07:56:10.761+0000] {logging_mixin.py:188} INFO - [2024-07-25T07:56:10.761+0000] {dag.py:3947} INFO - Setting next_dagrun for example_sensors to None, run_after=None
[2024-07-25T07:56:10.791+0000] {processor.py:183} INFO - Processing /root/.cache/pypoetry/virtualenvs/freeprise-matchmaker-BsnH11MF-py3.8/lib/python3.8/site-packages/airflow/example_dags/example_sensors.py took 0.145 seconds
[2024-07-25T07:56:41.560+0000] {processor.py:161} INFO - Started process (PID=3486) to work on /root/.cache/pypoetry/virtualenvs/freeprise-matchmaker-BsnH11MF-py3.8/lib/python3.8/site-packages/airflow/example_dags/example_sensors.py
[2024-07-25T07:56:41.562+0000] {processor.py:830} INFO - Processing file /root/.cache/pypoetry/virtualenvs/freeprise-matchmaker-BsnH11MF-py3.8/lib/python3.8/site-packages/airflow/example_dags/example_sensors.py for tasks to queue
[2024-07-25T07:56:41.566+0000] {logging_mixin.py:188} INFO - [2024-07-25T07:56:41.565+0000] {dagbag.py:545} INFO - Filling up the DagBag from /root/.cache/pypoetry/virtualenvs/freeprise-matchmaker-BsnH11MF-py3.8/lib/python3.8/site-packages/airflow/example_dags/example_sensors.py
[2024-07-25T07:56:41.588+0000] {processor.py:840} INFO - DAG(s) 'example_sensors' retrieved from /root/.cache/pypoetry/virtualenvs/freeprise-matchmaker-BsnH11MF-py3.8/lib/python3.8/site-packages/airflow/example_dags/example_sensors.py
[2024-07-25T07:56:41.646+0000] {logging_mixin.py:188} INFO - [2024-07-25T07:56:41.645+0000] {dag.py:3089} INFO - Sync 1 DAGs
[2024-07-25T07:56:41.667+0000] {logging_mixin.py:188} INFO - [2024-07-25T07:56:41.666+0000] {dag.py:3947} INFO - Setting next_dagrun for example_sensors to None, run_after=None
[2024-07-25T07:56:41.694+0000] {processor.py:183} INFO - Processing /root/.cache/pypoetry/virtualenvs/freeprise-matchmaker-BsnH11MF-py3.8/lib/python3.8/site-packages/airflow/example_dags/example_sensors.py took 0.150 seconds
[2024-07-25T07:57:11.894+0000] {processor.py:161} INFO - Started process (PID=3752) to work on /root/.cache/pypoetry/virtualenvs/freeprise-matchmaker-BsnH11MF-py3.8/lib/python3.8/site-packages/airflow/example_dags/example_sensors.py
[2024-07-25T07:57:11.896+0000] {processor.py:830} INFO - Processing file /root/.cache/pypoetry/virtualenvs/freeprise-matchmaker-BsnH11MF-py3.8/lib/python3.8/site-packages/airflow/example_dags/example_sensors.py for tasks to queue
[2024-07-25T07:57:11.898+0000] {logging_mixin.py:188} INFO - [2024-07-25T07:57:11.898+0000] {dagbag.py:545} INFO - Filling up the DagBag from /root/.cache/pypoetry/virtualenvs/freeprise-matchmaker-BsnH11MF-py3.8/lib/python3.8/site-packages/airflow/example_dags/example_sensors.py
[2024-07-25T07:57:11.920+0000] {processor.py:840} INFO - DAG(s) 'example_sensors' retrieved from /root/.cache/pypoetry/virtualenvs/freeprise-matchmaker-BsnH11MF-py3.8/lib/python3.8/site-packages/airflow/example_dags/example_sensors.py
[2024-07-25T07:57:11.974+0000] {logging_mixin.py:188} INFO - [2024-07-25T07:57:11.974+0000] {dag.py:3089} INFO - Sync 1 DAGs
[2024-07-25T07:57:11.994+0000] {logging_mixin.py:188} INFO - [2024-07-25T07:57:11.994+0000] {dag.py:3947} INFO - Setting next_dagrun for example_sensors to None, run_after=None
[2024-07-25T07:57:12.022+0000] {processor.py:183} INFO - Processing /root/.cache/pypoetry/virtualenvs/freeprise-matchmaker-BsnH11MF-py3.8/lib/python3.8/site-packages/airflow/example_dags/example_sensors.py took 0.139 seconds
[2024-07-25T07:57:42.289+0000] {processor.py:161} INFO - Started process (PID=4016) to work on /root/.cache/pypoetry/virtualenvs/freeprise-matchmaker-BsnH11MF-py3.8/lib/python3.8/site-packages/airflow/example_dags/example_sensors.py
[2024-07-25T07:57:42.291+0000] {processor.py:830} INFO - Processing file /root/.cache/pypoetry/virtualenvs/freeprise-matchmaker-BsnH11MF-py3.8/lib/python3.8/site-packages/airflow/example_dags/example_sensors.py for tasks to queue
[2024-07-25T07:57:42.294+0000] {logging_mixin.py:188} INFO - [2024-07-25T07:57:42.293+0000] {dagbag.py:545} INFO - Filling up the DagBag from /root/.cache/pypoetry/virtualenvs/freeprise-matchmaker-BsnH11MF-py3.8/lib/python3.8/site-packages/airflow/example_dags/example_sensors.py
[2024-07-25T07:57:42.310+0000] {processor.py:840} INFO - DAG(s) 'example_sensors' retrieved from /root/.cache/pypoetry/virtualenvs/freeprise-matchmaker-BsnH11MF-py3.8/lib/python3.8/site-packages/airflow/example_dags/example_sensors.py
[2024-07-25T07:57:42.373+0000] {logging_mixin.py:188} INFO - [2024-07-25T07:57:42.372+0000] {dag.py:3089} INFO - Sync 1 DAGs
[2024-07-25T07:57:42.398+0000] {logging_mixin.py:188} INFO - [2024-07-25T07:57:42.397+0000] {dag.py:3947} INFO - Setting next_dagrun for example_sensors to None, run_after=None
[2024-07-25T07:57:42.431+0000] {processor.py:183} INFO - Processing /root/.cache/pypoetry/virtualenvs/freeprise-matchmaker-BsnH11MF-py3.8/lib/python3.8/site-packages/airflow/example_dags/example_sensors.py took 0.154 seconds
[2024-07-25T07:58:13.518+0000] {processor.py:161} INFO - Started process (PID=4282) to work on /root/.cache/pypoetry/virtualenvs/freeprise-matchmaker-BsnH11MF-py3.8/lib/python3.8/site-packages/airflow/example_dags/example_sensors.py
[2024-07-25T07:58:13.519+0000] {processor.py:830} INFO - Processing file /root/.cache/pypoetry/virtualenvs/freeprise-matchmaker-BsnH11MF-py3.8/lib/python3.8/site-packages/airflow/example_dags/example_sensors.py for tasks to queue
[2024-07-25T07:58:13.523+0000] {logging_mixin.py:188} INFO - [2024-07-25T07:58:13.522+0000] {dagbag.py:545} INFO - Filling up the DagBag from /root/.cache/pypoetry/virtualenvs/freeprise-matchmaker-BsnH11MF-py3.8/lib/python3.8/site-packages/airflow/example_dags/example_sensors.py
[2024-07-25T07:58:13.543+0000] {processor.py:840} INFO - DAG(s) 'example_sensors' retrieved from /root/.cache/pypoetry/virtualenvs/freeprise-matchmaker-BsnH11MF-py3.8/lib/python3.8/site-packages/airflow/example_dags/example_sensors.py
[2024-07-25T07:58:13.610+0000] {logging_mixin.py:188} INFO - [2024-07-25T07:58:13.610+0000] {dag.py:3089} INFO - Sync 1 DAGs
[2024-07-25T07:58:13.640+0000] {logging_mixin.py:188} INFO - [2024-07-25T07:58:13.639+0000] {dag.py:3947} INFO - Setting next_dagrun for example_sensors to None, run_after=None
[2024-07-25T07:58:13.673+0000] {processor.py:183} INFO - Processing /root/.cache/pypoetry/virtualenvs/freeprise-matchmaker-BsnH11MF-py3.8/lib/python3.8/site-packages/airflow/example_dags/example_sensors.py took 0.170 seconds
[2024-07-25T07:58:43.881+0000] {processor.py:161} INFO - Started process (PID=4548) to work on /root/.cache/pypoetry/virtualenvs/freeprise-matchmaker-BsnH11MF-py3.8/lib/python3.8/site-packages/airflow/example_dags/example_sensors.py
[2024-07-25T07:58:43.883+0000] {processor.py:830} INFO - Processing file /root/.cache/pypoetry/virtualenvs/freeprise-matchmaker-BsnH11MF-py3.8/lib/python3.8/site-packages/airflow/example_dags/example_sensors.py for tasks to queue
[2024-07-25T07:58:43.885+0000] {logging_mixin.py:188} INFO - [2024-07-25T07:58:43.885+0000] {dagbag.py:545} INFO - Filling up the DagBag from /root/.cache/pypoetry/virtualenvs/freeprise-matchmaker-BsnH11MF-py3.8/lib/python3.8/site-packages/airflow/example_dags/example_sensors.py
[2024-07-25T07:58:43.901+0000] {processor.py:840} INFO - DAG(s) 'example_sensors' retrieved from /root/.cache/pypoetry/virtualenvs/freeprise-matchmaker-BsnH11MF-py3.8/lib/python3.8/site-packages/airflow/example_dags/example_sensors.py
[2024-07-25T07:58:43.962+0000] {logging_mixin.py:188} INFO - [2024-07-25T07:58:43.961+0000] {dag.py:3089} INFO - Sync 1 DAGs
[2024-07-25T07:58:43.983+0000] {logging_mixin.py:188} INFO - [2024-07-25T07:58:43.983+0000] {dag.py:3947} INFO - Setting next_dagrun for example_sensors to None, run_after=None
[2024-07-25T07:58:44.013+0000] {processor.py:183} INFO - Processing /root/.cache/pypoetry/virtualenvs/freeprise-matchmaker-BsnH11MF-py3.8/lib/python3.8/site-packages/airflow/example_dags/example_sensors.py took 0.144 seconds
[2024-07-25T07:59:14.115+0000] {processor.py:161} INFO - Started process (PID=4808) to work on /root/.cache/pypoetry/virtualenvs/freeprise-matchmaker-BsnH11MF-py3.8/lib/python3.8/site-packages/airflow/example_dags/example_sensors.py
[2024-07-25T07:59:14.118+0000] {processor.py:830} INFO - Processing file /root/.cache/pypoetry/virtualenvs/freeprise-matchmaker-BsnH11MF-py3.8/lib/python3.8/site-packages/airflow/example_dags/example_sensors.py for tasks to queue
[2024-07-25T07:59:14.120+0000] {logging_mixin.py:188} INFO - [2024-07-25T07:59:14.120+0000] {dagbag.py:545} INFO - Filling up the DagBag from /root/.cache/pypoetry/virtualenvs/freeprise-matchmaker-BsnH11MF-py3.8/lib/python3.8/site-packages/airflow/example_dags/example_sensors.py
[2024-07-25T07:59:14.136+0000] {processor.py:840} INFO - DAG(s) 'example_sensors' retrieved from /root/.cache/pypoetry/virtualenvs/freeprise-matchmaker-BsnH11MF-py3.8/lib/python3.8/site-packages/airflow/example_dags/example_sensors.py
[2024-07-25T07:59:14.187+0000] {logging_mixin.py:188} INFO - [2024-07-25T07:59:14.186+0000] {dag.py:3089} INFO - Sync 1 DAGs
[2024-07-25T07:59:14.209+0000] {logging_mixin.py:188} INFO - [2024-07-25T07:59:14.208+0000] {dag.py:3947} INFO - Setting next_dagrun for example_sensors to None, run_after=None
[2024-07-25T07:59:14.236+0000] {processor.py:183} INFO - Processing /root/.cache/pypoetry/virtualenvs/freeprise-matchmaker-BsnH11MF-py3.8/lib/python3.8/site-packages/airflow/example_dags/example_sensors.py took 0.133 seconds
[2024-07-25T07:59:44.530+0000] {processor.py:161} INFO - Started process (PID=5072) to work on /root/.cache/pypoetry/virtualenvs/freeprise-matchmaker-BsnH11MF-py3.8/lib/python3.8/site-packages/airflow/example_dags/example_sensors.py
[2024-07-25T07:59:44.532+0000] {processor.py:830} INFO - Processing file /root/.cache/pypoetry/virtualenvs/freeprise-matchmaker-BsnH11MF-py3.8/lib/python3.8/site-packages/airflow/example_dags/example_sensors.py for tasks to queue
[2024-07-25T07:59:44.535+0000] {logging_mixin.py:188} INFO - [2024-07-25T07:59:44.534+0000] {dagbag.py:545} INFO - Filling up the DagBag from /root/.cache/pypoetry/virtualenvs/freeprise-matchmaker-BsnH11MF-py3.8/lib/python3.8/site-packages/airflow/example_dags/example_sensors.py
[2024-07-25T07:59:44.558+0000] {processor.py:840} INFO - DAG(s) 'example_sensors' retrieved from /root/.cache/pypoetry/virtualenvs/freeprise-matchmaker-BsnH11MF-py3.8/lib/python3.8/site-packages/airflow/example_dags/example_sensors.py
[2024-07-25T07:59:44.630+0000] {logging_mixin.py:188} INFO - [2024-07-25T07:59:44.630+0000] {dag.py:3089} INFO - Sync 1 DAGs
[2024-07-25T07:59:44.663+0000] {logging_mixin.py:188} INFO - [2024-07-25T07:59:44.662+0000] {dag.py:3947} INFO - Setting next_dagrun for example_sensors to None, run_after=None
[2024-07-25T07:59:44.701+0000] {processor.py:183} INFO - Processing /root/.cache/pypoetry/virtualenvs/freeprise-matchmaker-BsnH11MF-py3.8/lib/python3.8/site-packages/airflow/example_dags/example_sensors.py took 0.189 seconds
[2024-07-25T08:00:14.903+0000] {processor.py:161} INFO - Started process (PID=5338) to work on /root/.cache/pypoetry/virtualenvs/freeprise-matchmaker-BsnH11MF-py3.8/lib/python3.8/site-packages/airflow/example_dags/example_sensors.py
[2024-07-25T08:00:14.905+0000] {processor.py:830} INFO - Processing file /root/.cache/pypoetry/virtualenvs/freeprise-matchmaker-BsnH11MF-py3.8/lib/python3.8/site-packages/airflow/example_dags/example_sensors.py for tasks to queue
[2024-07-25T08:00:14.908+0000] {logging_mixin.py:188} INFO - [2024-07-25T08:00:14.907+0000] {dagbag.py:545} INFO - Filling up the DagBag from /root/.cache/pypoetry/virtualenvs/freeprise-matchmaker-BsnH11MF-py3.8/lib/python3.8/site-packages/airflow/example_dags/example_sensors.py
[2024-07-25T08:00:14.926+0000] {processor.py:840} INFO - DAG(s) 'example_sensors' retrieved from /root/.cache/pypoetry/virtualenvs/freeprise-matchmaker-BsnH11MF-py3.8/lib/python3.8/site-packages/airflow/example_dags/example_sensors.py
[2024-07-25T08:00:14.980+0000] {logging_mixin.py:188} INFO - [2024-07-25T08:00:14.980+0000] {dag.py:3089} INFO - Sync 1 DAGs
[2024-07-25T08:00:15.003+0000] {logging_mixin.py:188} INFO - [2024-07-25T08:00:15.002+0000] {dag.py:3947} INFO - Setting next_dagrun for example_sensors to None, run_after=None
[2024-07-25T08:00:15.036+0000] {processor.py:183} INFO - Processing /root/.cache/pypoetry/virtualenvs/freeprise-matchmaker-BsnH11MF-py3.8/lib/python3.8/site-packages/airflow/example_dags/example_sensors.py took 0.148 seconds
[2024-07-25T08:00:45.631+0000] {processor.py:161} INFO - Started process (PID=5604) to work on /root/.cache/pypoetry/virtualenvs/freeprise-matchmaker-BsnH11MF-py3.8/lib/python3.8/site-packages/airflow/example_dags/example_sensors.py
[2024-07-25T08:00:45.637+0000] {processor.py:830} INFO - Processing file /root/.cache/pypoetry/virtualenvs/freeprise-matchmaker-BsnH11MF-py3.8/lib/python3.8/site-packages/airflow/example_dags/example_sensors.py for tasks to queue
[2024-07-25T08:00:45.645+0000] {logging_mixin.py:188} INFO - [2024-07-25T08:00:45.644+0000] {dagbag.py:545} INFO - Filling up the DagBag from /root/.cache/pypoetry/virtualenvs/freeprise-matchmaker-BsnH11MF-py3.8/lib/python3.8/site-packages/airflow/example_dags/example_sensors.py
[2024-07-25T08:00:45.704+0000] {processor.py:840} INFO - DAG(s) 'example_sensors' retrieved from /root/.cache/pypoetry/virtualenvs/freeprise-matchmaker-BsnH11MF-py3.8/lib/python3.8/site-packages/airflow/example_dags/example_sensors.py
[2024-07-25T08:00:45.869+0000] {logging_mixin.py:188} INFO - [2024-07-25T08:00:45.868+0000] {dag.py:3089} INFO - Sync 1 DAGs
[2024-07-25T08:00:45.962+0000] {logging_mixin.py:188} INFO - [2024-07-25T08:00:45.959+0000] {dag.py:3947} INFO - Setting next_dagrun for example_sensors to None, run_after=None
[2024-07-25T08:00:46.159+0000] {processor.py:183} INFO - Processing /root/.cache/pypoetry/virtualenvs/freeprise-matchmaker-BsnH11MF-py3.8/lib/python3.8/site-packages/airflow/example_dags/example_sensors.py took 0.561 seconds
