[2024-07-25T07:50:29.610+0000] {processor.py:161} INFO - Started process (PID=252) to work on /root/.cache/pypoetry/virtualenvs/freeprise-matchmaker-BsnH11MF-py3.8/lib/python3.8/site-packages/airflow/example_dags/example_task_group.py
[2024-07-25T07:50:29.612+0000] {processor.py:830} INFO - Processing file /root/.cache/pypoetry/virtualenvs/freeprise-matchmaker-BsnH11MF-py3.8/lib/python3.8/site-packages/airflow/example_dags/example_task_group.py for tasks to queue
[2024-07-25T07:50:29.616+0000] {logging_mixin.py:188} INFO - [2024-07-25T07:50:29.615+0000] {dagbag.py:545} INFO - Filling up the DagBag from /root/.cache/pypoetry/virtualenvs/freeprise-matchmaker-BsnH11MF-py3.8/lib/python3.8/site-packages/airflow/example_dags/example_task_group.py
[2024-07-25T07:50:29.631+0000] {processor.py:840} INFO - DAG(s) 'example_task_group' retrieved from /root/.cache/pypoetry/virtualenvs/freeprise-matchmaker-BsnH11MF-py3.8/lib/python3.8/site-packages/airflow/example_dags/example_task_group.py
[2024-07-25T07:50:29.671+0000] {logging_mixin.py:188} INFO - [2024-07-25T07:50:29.670+0000] {dag.py:3089} INFO - Sync 1 DAGs
[2024-07-25T07:50:29.722+0000] {logging_mixin.py:188} INFO - [2024-07-25T07:50:29.722+0000] {dag.py:3947} INFO - Setting next_dagrun for example_task_group to 2024-07-24 00:00:00+00:00, run_after=2024-07-25 00:00:00+00:00
[2024-07-25T07:50:29.756+0000] {processor.py:183} INFO - Processing /root/.cache/pypoetry/virtualenvs/freeprise-matchmaker-BsnH11MF-py3.8/lib/python3.8/site-packages/airflow/example_dags/example_task_group.py took 0.159 seconds
[2024-07-25T07:51:02.043+0000] {processor.py:161} INFO - Started process (PID=518) to work on /root/.cache/pypoetry/virtualenvs/freeprise-matchmaker-BsnH11MF-py3.8/lib/python3.8/site-packages/airflow/example_dags/example_task_group.py
[2024-07-25T07:51:02.045+0000] {processor.py:830} INFO - Processing file /root/.cache/pypoetry/virtualenvs/freeprise-matchmaker-BsnH11MF-py3.8/lib/python3.8/site-packages/airflow/example_dags/example_task_group.py for tasks to queue
[2024-07-25T07:51:02.048+0000] {logging_mixin.py:188} INFO - [2024-07-25T07:51:02.047+0000] {dagbag.py:545} INFO - Filling up the DagBag from /root/.cache/pypoetry/virtualenvs/freeprise-matchmaker-BsnH11MF-py3.8/lib/python3.8/site-packages/airflow/example_dags/example_task_group.py
[2024-07-25T07:51:02.060+0000] {processor.py:840} INFO - DAG(s) 'example_task_group' retrieved from /root/.cache/pypoetry/virtualenvs/freeprise-matchmaker-BsnH11MF-py3.8/lib/python3.8/site-packages/airflow/example_dags/example_task_group.py
[2024-07-25T07:51:02.415+0000] {logging_mixin.py:188} INFO - [2024-07-25T07:51:02.415+0000] {dag.py:3089} INFO - Sync 1 DAGs
[2024-07-25T07:51:02.444+0000] {logging_mixin.py:188} INFO - [2024-07-25T07:51:02.443+0000] {dag.py:3947} INFO - Setting next_dagrun for example_task_group to 2024-07-24 00:00:00+00:00, run_after=2024-07-25 00:00:00+00:00
[2024-07-25T07:51:02.469+0000] {processor.py:183} INFO - Processing /root/.cache/pypoetry/virtualenvs/freeprise-matchmaker-BsnH11MF-py3.8/lib/python3.8/site-packages/airflow/example_dags/example_task_group.py took 0.441 seconds
[2024-07-25T07:51:32.662+0000] {processor.py:161} INFO - Started process (PID=784) to work on /root/.cache/pypoetry/virtualenvs/freeprise-matchmaker-BsnH11MF-py3.8/lib/python3.8/site-packages/airflow/example_dags/example_task_group.py
[2024-07-25T07:51:32.663+0000] {processor.py:830} INFO - Processing file /root/.cache/pypoetry/virtualenvs/freeprise-matchmaker-BsnH11MF-py3.8/lib/python3.8/site-packages/airflow/example_dags/example_task_group.py for tasks to queue
[2024-07-25T07:51:32.667+0000] {logging_mixin.py:188} INFO - [2024-07-25T07:51:32.666+0000] {dagbag.py:545} INFO - Filling up the DagBag from /root/.cache/pypoetry/virtualenvs/freeprise-matchmaker-BsnH11MF-py3.8/lib/python3.8/site-packages/airflow/example_dags/example_task_group.py
[2024-07-25T07:51:32.837+0000] {processor.py:840} INFO - DAG(s) 'example_task_group' retrieved from /root/.cache/pypoetry/virtualenvs/freeprise-matchmaker-BsnH11MF-py3.8/lib/python3.8/site-packages/airflow/example_dags/example_task_group.py
[2024-07-25T07:51:32.876+0000] {logging_mixin.py:188} INFO - [2024-07-25T07:51:32.876+0000] {dag.py:3089} INFO - Sync 1 DAGs
[2024-07-25T07:51:32.908+0000] {logging_mixin.py:188} INFO - [2024-07-25T07:51:32.908+0000] {dag.py:3947} INFO - Setting next_dagrun for example_task_group to 2024-07-24 00:00:00+00:00, run_after=2024-07-25 00:00:00+00:00
[2024-07-25T07:51:32.934+0000] {processor.py:183} INFO - Processing /root/.cache/pypoetry/virtualenvs/freeprise-matchmaker-BsnH11MF-py3.8/lib/python3.8/site-packages/airflow/example_dags/example_task_group.py took 0.289 seconds
[2024-07-25T07:52:03.117+0000] {processor.py:161} INFO - Started process (PID=1050) to work on /root/.cache/pypoetry/virtualenvs/freeprise-matchmaker-BsnH11MF-py3.8/lib/python3.8/site-packages/airflow/example_dags/example_task_group.py
[2024-07-25T07:52:03.119+0000] {processor.py:830} INFO - Processing file /root/.cache/pypoetry/virtualenvs/freeprise-matchmaker-BsnH11MF-py3.8/lib/python3.8/site-packages/airflow/example_dags/example_task_group.py for tasks to queue
[2024-07-25T07:52:03.123+0000] {logging_mixin.py:188} INFO - [2024-07-25T07:52:03.122+0000] {dagbag.py:545} INFO - Filling up the DagBag from /root/.cache/pypoetry/virtualenvs/freeprise-matchmaker-BsnH11MF-py3.8/lib/python3.8/site-packages/airflow/example_dags/example_task_group.py
[2024-07-25T07:52:03.134+0000] {processor.py:840} INFO - DAG(s) 'example_task_group' retrieved from /root/.cache/pypoetry/virtualenvs/freeprise-matchmaker-BsnH11MF-py3.8/lib/python3.8/site-packages/airflow/example_dags/example_task_group.py
[2024-07-25T07:52:03.185+0000] {logging_mixin.py:188} INFO - [2024-07-25T07:52:03.184+0000] {dag.py:3089} INFO - Sync 1 DAGs
[2024-07-25T07:52:03.221+0000] {logging_mixin.py:188} INFO - [2024-07-25T07:52:03.220+0000] {dag.py:3947} INFO - Setting next_dagrun for example_task_group to 2024-07-24 00:00:00+00:00, run_after=2024-07-25 00:00:00+00:00
[2024-07-25T07:52:03.247+0000] {processor.py:183} INFO - Processing /root/.cache/pypoetry/virtualenvs/freeprise-matchmaker-BsnH11MF-py3.8/lib/python3.8/site-packages/airflow/example_dags/example_task_group.py took 0.142 seconds
[2024-07-25T07:52:34.155+0000] {processor.py:161} INFO - Started process (PID=1316) to work on /root/.cache/pypoetry/virtualenvs/freeprise-matchmaker-BsnH11MF-py3.8/lib/python3.8/site-packages/airflow/example_dags/example_task_group.py
[2024-07-25T07:52:34.158+0000] {processor.py:830} INFO - Processing file /root/.cache/pypoetry/virtualenvs/freeprise-matchmaker-BsnH11MF-py3.8/lib/python3.8/site-packages/airflow/example_dags/example_task_group.py for tasks to queue
[2024-07-25T07:52:34.161+0000] {logging_mixin.py:188} INFO - [2024-07-25T07:52:34.161+0000] {dagbag.py:545} INFO - Filling up the DagBag from /root/.cache/pypoetry/virtualenvs/freeprise-matchmaker-BsnH11MF-py3.8/lib/python3.8/site-packages/airflow/example_dags/example_task_group.py
[2024-07-25T07:52:34.173+0000] {processor.py:840} INFO - DAG(s) 'example_task_group' retrieved from /root/.cache/pypoetry/virtualenvs/freeprise-matchmaker-BsnH11MF-py3.8/lib/python3.8/site-packages/airflow/example_dags/example_task_group.py
[2024-07-25T07:52:34.219+0000] {logging_mixin.py:188} INFO - [2024-07-25T07:52:34.218+0000] {dag.py:3089} INFO - Sync 1 DAGs
[2024-07-25T07:52:34.254+0000] {logging_mixin.py:188} INFO - [2024-07-25T07:52:34.253+0000] {dag.py:3947} INFO - Setting next_dagrun for example_task_group to 2024-07-24 00:00:00+00:00, run_after=2024-07-25 00:00:00+00:00
[2024-07-25T07:52:34.280+0000] {processor.py:183} INFO - Processing /root/.cache/pypoetry/virtualenvs/freeprise-matchmaker-BsnH11MF-py3.8/lib/python3.8/site-packages/airflow/example_dags/example_task_group.py took 0.137 seconds
[2024-07-25T07:53:05.034+0000] {processor.py:161} INFO - Started process (PID=1582) to work on /root/.cache/pypoetry/virtualenvs/freeprise-matchmaker-BsnH11MF-py3.8/lib/python3.8/site-packages/airflow/example_dags/example_task_group.py
[2024-07-25T07:53:05.035+0000] {processor.py:830} INFO - Processing file /root/.cache/pypoetry/virtualenvs/freeprise-matchmaker-BsnH11MF-py3.8/lib/python3.8/site-packages/airflow/example_dags/example_task_group.py for tasks to queue
[2024-07-25T07:53:05.038+0000] {logging_mixin.py:188} INFO - [2024-07-25T07:53:05.037+0000] {dagbag.py:545} INFO - Filling up the DagBag from /root/.cache/pypoetry/virtualenvs/freeprise-matchmaker-BsnH11MF-py3.8/lib/python3.8/site-packages/airflow/example_dags/example_task_group.py
[2024-07-25T07:53:05.052+0000] {processor.py:840} INFO - DAG(s) 'example_task_group' retrieved from /root/.cache/pypoetry/virtualenvs/freeprise-matchmaker-BsnH11MF-py3.8/lib/python3.8/site-packages/airflow/example_dags/example_task_group.py
[2024-07-25T07:53:05.095+0000] {logging_mixin.py:188} INFO - [2024-07-25T07:53:05.095+0000] {dag.py:3089} INFO - Sync 1 DAGs
[2024-07-25T07:53:05.131+0000] {logging_mixin.py:188} INFO - [2024-07-25T07:53:05.131+0000] {dag.py:3947} INFO - Setting next_dagrun for example_task_group to 2024-07-24 00:00:00+00:00, run_after=2024-07-25 00:00:00+00:00
[2024-07-25T07:53:05.163+0000] {processor.py:183} INFO - Processing /root/.cache/pypoetry/virtualenvs/freeprise-matchmaker-BsnH11MF-py3.8/lib/python3.8/site-packages/airflow/example_dags/example_task_group.py took 0.141 seconds
[2024-07-25T07:53:35.590+0000] {processor.py:161} INFO - Started process (PID=1843) to work on /root/.cache/pypoetry/virtualenvs/freeprise-matchmaker-BsnH11MF-py3.8/lib/python3.8/site-packages/airflow/example_dags/example_task_group.py
[2024-07-25T07:53:35.594+0000] {processor.py:830} INFO - Processing file /root/.cache/pypoetry/virtualenvs/freeprise-matchmaker-BsnH11MF-py3.8/lib/python3.8/site-packages/airflow/example_dags/example_task_group.py for tasks to queue
[2024-07-25T07:53:35.598+0000] {logging_mixin.py:188} INFO - [2024-07-25T07:53:35.597+0000] {dagbag.py:545} INFO - Filling up the DagBag from /root/.cache/pypoetry/virtualenvs/freeprise-matchmaker-BsnH11MF-py3.8/lib/python3.8/site-packages/airflow/example_dags/example_task_group.py
[2024-07-25T07:53:35.612+0000] {processor.py:840} INFO - DAG(s) 'example_task_group' retrieved from /root/.cache/pypoetry/virtualenvs/freeprise-matchmaker-BsnH11MF-py3.8/lib/python3.8/site-packages/airflow/example_dags/example_task_group.py
[2024-07-25T07:53:35.656+0000] {logging_mixin.py:188} INFO - [2024-07-25T07:53:35.656+0000] {dag.py:3089} INFO - Sync 1 DAGs
[2024-07-25T07:53:35.703+0000] {logging_mixin.py:188} INFO - [2024-07-25T07:53:35.702+0000] {dag.py:3947} INFO - Setting next_dagrun for example_task_group to 2024-07-24 00:00:00+00:00, run_after=2024-07-25 00:00:00+00:00
[2024-07-25T07:53:35.743+0000] {processor.py:183} INFO - Processing /root/.cache/pypoetry/virtualenvs/freeprise-matchmaker-BsnH11MF-py3.8/lib/python3.8/site-packages/airflow/example_dags/example_task_group.py took 0.168 seconds
[2024-07-25T07:54:06.103+0000] {processor.py:161} INFO - Started process (PID=2109) to work on /root/.cache/pypoetry/virtualenvs/freeprise-matchmaker-BsnH11MF-py3.8/lib/python3.8/site-packages/airflow/example_dags/example_task_group.py
[2024-07-25T07:54:06.105+0000] {processor.py:830} INFO - Processing file /root/.cache/pypoetry/virtualenvs/freeprise-matchmaker-BsnH11MF-py3.8/lib/python3.8/site-packages/airflow/example_dags/example_task_group.py for tasks to queue
[2024-07-25T07:54:06.108+0000] {logging_mixin.py:188} INFO - [2024-07-25T07:54:06.107+0000] {dagbag.py:545} INFO - Filling up the DagBag from /root/.cache/pypoetry/virtualenvs/freeprise-matchmaker-BsnH11MF-py3.8/lib/python3.8/site-packages/airflow/example_dags/example_task_group.py
[2024-07-25T07:54:06.120+0000] {processor.py:840} INFO - DAG(s) 'example_task_group' retrieved from /root/.cache/pypoetry/virtualenvs/freeprise-matchmaker-BsnH11MF-py3.8/lib/python3.8/site-packages/airflow/example_dags/example_task_group.py
[2024-07-25T07:54:06.167+0000] {logging_mixin.py:188} INFO - [2024-07-25T07:54:06.166+0000] {dag.py:3089} INFO - Sync 1 DAGs
[2024-07-25T07:54:06.204+0000] {logging_mixin.py:188} INFO - [2024-07-25T07:54:06.204+0000] {dag.py:3947} INFO - Setting next_dagrun for example_task_group to 2024-07-24 00:00:00+00:00, run_after=2024-07-25 00:00:00+00:00
[2024-07-25T07:54:06.233+0000] {processor.py:183} INFO - Processing /root/.cache/pypoetry/virtualenvs/freeprise-matchmaker-BsnH11MF-py3.8/lib/python3.8/site-packages/airflow/example_dags/example_task_group.py took 0.142 seconds
[2024-07-25T07:54:36.644+0000] {processor.py:161} INFO - Started process (PID=2380) to work on /root/.cache/pypoetry/virtualenvs/freeprise-matchmaker-BsnH11MF-py3.8/lib/python3.8/site-packages/airflow/example_dags/example_task_group.py
[2024-07-25T07:54:36.647+0000] {processor.py:830} INFO - Processing file /root/.cache/pypoetry/virtualenvs/freeprise-matchmaker-BsnH11MF-py3.8/lib/python3.8/site-packages/airflow/example_dags/example_task_group.py for tasks to queue
[2024-07-25T07:54:36.649+0000] {logging_mixin.py:188} INFO - [2024-07-25T07:54:36.648+0000] {dagbag.py:545} INFO - Filling up the DagBag from /root/.cache/pypoetry/virtualenvs/freeprise-matchmaker-BsnH11MF-py3.8/lib/python3.8/site-packages/airflow/example_dags/example_task_group.py
[2024-07-25T07:54:36.661+0000] {processor.py:840} INFO - DAG(s) 'example_task_group' retrieved from /root/.cache/pypoetry/virtualenvs/freeprise-matchmaker-BsnH11MF-py3.8/lib/python3.8/site-packages/airflow/example_dags/example_task_group.py
[2024-07-25T07:54:36.706+0000] {logging_mixin.py:188} INFO - [2024-07-25T07:54:36.705+0000] {dag.py:3089} INFO - Sync 1 DAGs
[2024-07-25T07:54:36.740+0000] {logging_mixin.py:188} INFO - [2024-07-25T07:54:36.740+0000] {dag.py:3947} INFO - Setting next_dagrun for example_task_group to 2024-07-24 00:00:00+00:00, run_after=2024-07-25 00:00:00+00:00
[2024-07-25T07:54:36.767+0000] {processor.py:183} INFO - Processing /root/.cache/pypoetry/virtualenvs/freeprise-matchmaker-BsnH11MF-py3.8/lib/python3.8/site-packages/airflow/example_dags/example_task_group.py took 0.135 seconds
[2024-07-25T07:55:07.096+0000] {processor.py:161} INFO - Started process (PID=2648) to work on /root/.cache/pypoetry/virtualenvs/freeprise-matchmaker-BsnH11MF-py3.8/lib/python3.8/site-packages/airflow/example_dags/example_task_group.py
[2024-07-25T07:55:07.098+0000] {processor.py:830} INFO - Processing file /root/.cache/pypoetry/virtualenvs/freeprise-matchmaker-BsnH11MF-py3.8/lib/python3.8/site-packages/airflow/example_dags/example_task_group.py for tasks to queue
[2024-07-25T07:55:07.101+0000] {logging_mixin.py:188} INFO - [2024-07-25T07:55:07.100+0000] {dagbag.py:545} INFO - Filling up the DagBag from /root/.cache/pypoetry/virtualenvs/freeprise-matchmaker-BsnH11MF-py3.8/lib/python3.8/site-packages/airflow/example_dags/example_task_group.py
[2024-07-25T07:55:07.113+0000] {processor.py:840} INFO - DAG(s) 'example_task_group' retrieved from /root/.cache/pypoetry/virtualenvs/freeprise-matchmaker-BsnH11MF-py3.8/lib/python3.8/site-packages/airflow/example_dags/example_task_group.py
[2024-07-25T07:55:07.156+0000] {logging_mixin.py:188} INFO - [2024-07-25T07:55:07.155+0000] {dag.py:3089} INFO - Sync 1 DAGs
[2024-07-25T07:55:07.190+0000] {logging_mixin.py:188} INFO - [2024-07-25T07:55:07.190+0000] {dag.py:3947} INFO - Setting next_dagrun for example_task_group to 2024-07-24 00:00:00+00:00, run_after=2024-07-25 00:00:00+00:00
[2024-07-25T07:55:07.219+0000] {processor.py:183} INFO - Processing /root/.cache/pypoetry/virtualenvs/freeprise-matchmaker-BsnH11MF-py3.8/lib/python3.8/site-packages/airflow/example_dags/example_task_group.py took 0.134 seconds
[2024-07-25T07:55:38.182+0000] {processor.py:161} INFO - Started process (PID=2912) to work on /root/.cache/pypoetry/virtualenvs/freeprise-matchmaker-BsnH11MF-py3.8/lib/python3.8/site-packages/airflow/example_dags/example_task_group.py
[2024-07-25T07:55:38.185+0000] {processor.py:830} INFO - Processing file /root/.cache/pypoetry/virtualenvs/freeprise-matchmaker-BsnH11MF-py3.8/lib/python3.8/site-packages/airflow/example_dags/example_task_group.py for tasks to queue
[2024-07-25T07:55:38.187+0000] {logging_mixin.py:188} INFO - [2024-07-25T07:55:38.187+0000] {dagbag.py:545} INFO - Filling up the DagBag from /root/.cache/pypoetry/virtualenvs/freeprise-matchmaker-BsnH11MF-py3.8/lib/python3.8/site-packages/airflow/example_dags/example_task_group.py
[2024-07-25T07:55:38.199+0000] {processor.py:840} INFO - DAG(s) 'example_task_group' retrieved from /root/.cache/pypoetry/virtualenvs/freeprise-matchmaker-BsnH11MF-py3.8/lib/python3.8/site-packages/airflow/example_dags/example_task_group.py
[2024-07-25T07:55:38.247+0000] {logging_mixin.py:188} INFO - [2024-07-25T07:55:38.247+0000] {dag.py:3089} INFO - Sync 1 DAGs
[2024-07-25T07:55:38.282+0000] {logging_mixin.py:188} INFO - [2024-07-25T07:55:38.282+0000] {dag.py:3947} INFO - Setting next_dagrun for example_task_group to 2024-07-24 00:00:00+00:00, run_after=2024-07-25 00:00:00+00:00
[2024-07-25T07:55:38.310+0000] {processor.py:183} INFO - Processing /root/.cache/pypoetry/virtualenvs/freeprise-matchmaker-BsnH11MF-py3.8/lib/python3.8/site-packages/airflow/example_dags/example_task_group.py took 0.144 seconds
[2024-07-25T07:56:08.370+0000] {processor.py:161} INFO - Started process (PID=3172) to work on /root/.cache/pypoetry/virtualenvs/freeprise-matchmaker-BsnH11MF-py3.8/lib/python3.8/site-packages/airflow/example_dags/example_task_group.py
[2024-07-25T07:56:08.372+0000] {processor.py:830} INFO - Processing file /root/.cache/pypoetry/virtualenvs/freeprise-matchmaker-BsnH11MF-py3.8/lib/python3.8/site-packages/airflow/example_dags/example_task_group.py for tasks to queue
[2024-07-25T07:56:08.374+0000] {logging_mixin.py:188} INFO - [2024-07-25T07:56:08.374+0000] {dagbag.py:545} INFO - Filling up the DagBag from /root/.cache/pypoetry/virtualenvs/freeprise-matchmaker-BsnH11MF-py3.8/lib/python3.8/site-packages/airflow/example_dags/example_task_group.py
[2024-07-25T07:56:08.387+0000] {processor.py:840} INFO - DAG(s) 'example_task_group' retrieved from /root/.cache/pypoetry/virtualenvs/freeprise-matchmaker-BsnH11MF-py3.8/lib/python3.8/site-packages/airflow/example_dags/example_task_group.py
[2024-07-25T07:56:08.430+0000] {logging_mixin.py:188} INFO - [2024-07-25T07:56:08.429+0000] {dag.py:3089} INFO - Sync 1 DAGs
[2024-07-25T07:56:08.463+0000] {logging_mixin.py:188} INFO - [2024-07-25T07:56:08.463+0000] {dag.py:3947} INFO - Setting next_dagrun for example_task_group to 2024-07-24 00:00:00+00:00, run_after=2024-07-25 00:00:00+00:00
[2024-07-25T07:56:08.488+0000] {processor.py:183} INFO - Processing /root/.cache/pypoetry/virtualenvs/freeprise-matchmaker-BsnH11MF-py3.8/lib/python3.8/site-packages/airflow/example_dags/example_task_group.py took 0.131 seconds
[2024-07-25T07:56:38.558+0000] {processor.py:161} INFO - Started process (PID=3436) to work on /root/.cache/pypoetry/virtualenvs/freeprise-matchmaker-BsnH11MF-py3.8/lib/python3.8/site-packages/airflow/example_dags/example_task_group.py
[2024-07-25T07:56:38.560+0000] {processor.py:830} INFO - Processing file /root/.cache/pypoetry/virtualenvs/freeprise-matchmaker-BsnH11MF-py3.8/lib/python3.8/site-packages/airflow/example_dags/example_task_group.py for tasks to queue
[2024-07-25T07:56:38.563+0000] {logging_mixin.py:188} INFO - [2024-07-25T07:56:38.562+0000] {dagbag.py:545} INFO - Filling up the DagBag from /root/.cache/pypoetry/virtualenvs/freeprise-matchmaker-BsnH11MF-py3.8/lib/python3.8/site-packages/airflow/example_dags/example_task_group.py
[2024-07-25T07:56:38.579+0000] {processor.py:840} INFO - DAG(s) 'example_task_group' retrieved from /root/.cache/pypoetry/virtualenvs/freeprise-matchmaker-BsnH11MF-py3.8/lib/python3.8/site-packages/airflow/example_dags/example_task_group.py
[2024-07-25T07:56:38.624+0000] {logging_mixin.py:188} INFO - [2024-07-25T07:56:38.624+0000] {dag.py:3089} INFO - Sync 1 DAGs
[2024-07-25T07:56:38.658+0000] {logging_mixin.py:188} INFO - [2024-07-25T07:56:38.657+0000] {dag.py:3947} INFO - Setting next_dagrun for example_task_group to 2024-07-24 00:00:00+00:00, run_after=2024-07-25 00:00:00+00:00
[2024-07-25T07:56:38.685+0000] {processor.py:183} INFO - Processing /root/.cache/pypoetry/virtualenvs/freeprise-matchmaker-BsnH11MF-py3.8/lib/python3.8/site-packages/airflow/example_dags/example_task_group.py took 0.142 seconds
[2024-07-25T07:57:08.912+0000] {processor.py:161} INFO - Started process (PID=3704) to work on /root/.cache/pypoetry/virtualenvs/freeprise-matchmaker-BsnH11MF-py3.8/lib/python3.8/site-packages/airflow/example_dags/example_task_group.py
[2024-07-25T07:57:08.915+0000] {processor.py:830} INFO - Processing file /root/.cache/pypoetry/virtualenvs/freeprise-matchmaker-BsnH11MF-py3.8/lib/python3.8/site-packages/airflow/example_dags/example_task_group.py for tasks to queue
[2024-07-25T07:57:08.917+0000] {logging_mixin.py:188} INFO - [2024-07-25T07:57:08.917+0000] {dagbag.py:545} INFO - Filling up the DagBag from /root/.cache/pypoetry/virtualenvs/freeprise-matchmaker-BsnH11MF-py3.8/lib/python3.8/site-packages/airflow/example_dags/example_task_group.py
[2024-07-25T07:57:08.930+0000] {processor.py:840} INFO - DAG(s) 'example_task_group' retrieved from /root/.cache/pypoetry/virtualenvs/freeprise-matchmaker-BsnH11MF-py3.8/lib/python3.8/site-packages/airflow/example_dags/example_task_group.py
[2024-07-25T07:57:08.973+0000] {logging_mixin.py:188} INFO - [2024-07-25T07:57:08.972+0000] {dag.py:3089} INFO - Sync 1 DAGs
[2024-07-25T07:57:09.005+0000] {logging_mixin.py:188} INFO - [2024-07-25T07:57:09.005+0000] {dag.py:3947} INFO - Setting next_dagrun for example_task_group to 2024-07-24 00:00:00+00:00, run_after=2024-07-25 00:00:00+00:00
[2024-07-25T07:57:09.033+0000] {processor.py:183} INFO - Processing /root/.cache/pypoetry/virtualenvs/freeprise-matchmaker-BsnH11MF-py3.8/lib/python3.8/site-packages/airflow/example_dags/example_task_group.py took 0.132 seconds
[2024-07-25T07:57:39.209+0000] {processor.py:161} INFO - Started process (PID=3970) to work on /root/.cache/pypoetry/virtualenvs/freeprise-matchmaker-BsnH11MF-py3.8/lib/python3.8/site-packages/airflow/example_dags/example_task_group.py
[2024-07-25T07:57:39.211+0000] {processor.py:830} INFO - Processing file /root/.cache/pypoetry/virtualenvs/freeprise-matchmaker-BsnH11MF-py3.8/lib/python3.8/site-packages/airflow/example_dags/example_task_group.py for tasks to queue
[2024-07-25T07:57:39.214+0000] {logging_mixin.py:188} INFO - [2024-07-25T07:57:39.213+0000] {dagbag.py:545} INFO - Filling up the DagBag from /root/.cache/pypoetry/virtualenvs/freeprise-matchmaker-BsnH11MF-py3.8/lib/python3.8/site-packages/airflow/example_dags/example_task_group.py
[2024-07-25T07:57:39.226+0000] {processor.py:840} INFO - DAG(s) 'example_task_group' retrieved from /root/.cache/pypoetry/virtualenvs/freeprise-matchmaker-BsnH11MF-py3.8/lib/python3.8/site-packages/airflow/example_dags/example_task_group.py
[2024-07-25T07:57:39.271+0000] {logging_mixin.py:188} INFO - [2024-07-25T07:57:39.270+0000] {dag.py:3089} INFO - Sync 1 DAGs
[2024-07-25T07:57:39.306+0000] {logging_mixin.py:188} INFO - [2024-07-25T07:57:39.306+0000] {dag.py:3947} INFO - Setting next_dagrun for example_task_group to 2024-07-24 00:00:00+00:00, run_after=2024-07-25 00:00:00+00:00
[2024-07-25T07:57:39.334+0000] {processor.py:183} INFO - Processing /root/.cache/pypoetry/virtualenvs/freeprise-matchmaker-BsnH11MF-py3.8/lib/python3.8/site-packages/airflow/example_dags/example_task_group.py took 0.138 seconds
[2024-07-25T07:58:09.406+0000] {processor.py:161} INFO - Started process (PID=4234) to work on /root/.cache/pypoetry/virtualenvs/freeprise-matchmaker-BsnH11MF-py3.8/lib/python3.8/site-packages/airflow/example_dags/example_task_group.py
[2024-07-25T07:58:09.408+0000] {processor.py:830} INFO - Processing file /root/.cache/pypoetry/virtualenvs/freeprise-matchmaker-BsnH11MF-py3.8/lib/python3.8/site-packages/airflow/example_dags/example_task_group.py for tasks to queue
[2024-07-25T07:58:09.410+0000] {logging_mixin.py:188} INFO - [2024-07-25T07:58:09.410+0000] {dagbag.py:545} INFO - Filling up the DagBag from /root/.cache/pypoetry/virtualenvs/freeprise-matchmaker-BsnH11MF-py3.8/lib/python3.8/site-packages/airflow/example_dags/example_task_group.py
[2024-07-25T07:58:09.422+0000] {processor.py:840} INFO - DAG(s) 'example_task_group' retrieved from /root/.cache/pypoetry/virtualenvs/freeprise-matchmaker-BsnH11MF-py3.8/lib/python3.8/site-packages/airflow/example_dags/example_task_group.py
[2024-07-25T07:58:09.465+0000] {logging_mixin.py:188} INFO - [2024-07-25T07:58:09.465+0000] {dag.py:3089} INFO - Sync 1 DAGs
[2024-07-25T07:58:09.498+0000] {logging_mixin.py:188} INFO - [2024-07-25T07:58:09.498+0000] {dag.py:3947} INFO - Setting next_dagrun for example_task_group to 2024-07-24 00:00:00+00:00, run_after=2024-07-25 00:00:00+00:00
[2024-07-25T07:58:09.526+0000] {processor.py:183} INFO - Processing /root/.cache/pypoetry/virtualenvs/freeprise-matchmaker-BsnH11MF-py3.8/lib/python3.8/site-packages/airflow/example_dags/example_task_group.py took 0.131 seconds
[2024-07-25T07:58:39.590+0000] {processor.py:161} INFO - Started process (PID=4500) to work on /root/.cache/pypoetry/virtualenvs/freeprise-matchmaker-BsnH11MF-py3.8/lib/python3.8/site-packages/airflow/example_dags/example_task_group.py
[2024-07-25T07:58:39.593+0000] {processor.py:830} INFO - Processing file /root/.cache/pypoetry/virtualenvs/freeprise-matchmaker-BsnH11MF-py3.8/lib/python3.8/site-packages/airflow/example_dags/example_task_group.py for tasks to queue
[2024-07-25T07:58:39.596+0000] {logging_mixin.py:188} INFO - [2024-07-25T07:58:39.595+0000] {dagbag.py:545} INFO - Filling up the DagBag from /root/.cache/pypoetry/virtualenvs/freeprise-matchmaker-BsnH11MF-py3.8/lib/python3.8/site-packages/airflow/example_dags/example_task_group.py
[2024-07-25T07:58:39.612+0000] {processor.py:840} INFO - DAG(s) 'example_task_group' retrieved from /root/.cache/pypoetry/virtualenvs/freeprise-matchmaker-BsnH11MF-py3.8/lib/python3.8/site-packages/airflow/example_dags/example_task_group.py
[2024-07-25T07:58:39.659+0000] {logging_mixin.py:188} INFO - [2024-07-25T07:58:39.659+0000] {dag.py:3089} INFO - Sync 1 DAGs
[2024-07-25T07:58:39.695+0000] {logging_mixin.py:188} INFO - [2024-07-25T07:58:39.694+0000] {dag.py:3947} INFO - Setting next_dagrun for example_task_group to 2024-07-24 00:00:00+00:00, run_after=2024-07-25 00:00:00+00:00
[2024-07-25T07:58:39.728+0000] {processor.py:183} INFO - Processing /root/.cache/pypoetry/virtualenvs/freeprise-matchmaker-BsnH11MF-py3.8/lib/python3.8/site-packages/airflow/example_dags/example_task_group.py took 0.152 seconds
[2024-07-25T07:59:09.850+0000] {processor.py:161} INFO - Started process (PID=4766) to work on /root/.cache/pypoetry/virtualenvs/freeprise-matchmaker-BsnH11MF-py3.8/lib/python3.8/site-packages/airflow/example_dags/example_task_group.py
[2024-07-25T07:59:09.854+0000] {processor.py:830} INFO - Processing file /root/.cache/pypoetry/virtualenvs/freeprise-matchmaker-BsnH11MF-py3.8/lib/python3.8/site-packages/airflow/example_dags/example_task_group.py for tasks to queue
[2024-07-25T07:59:09.857+0000] {logging_mixin.py:188} INFO - [2024-07-25T07:59:09.857+0000] {dagbag.py:545} INFO - Filling up the DagBag from /root/.cache/pypoetry/virtualenvs/freeprise-matchmaker-BsnH11MF-py3.8/lib/python3.8/site-packages/airflow/example_dags/example_task_group.py
[2024-07-25T07:59:09.874+0000] {processor.py:840} INFO - DAG(s) 'example_task_group' retrieved from /root/.cache/pypoetry/virtualenvs/freeprise-matchmaker-BsnH11MF-py3.8/lib/python3.8/site-packages/airflow/example_dags/example_task_group.py
[2024-07-25T07:59:09.951+0000] {logging_mixin.py:188} INFO - [2024-07-25T07:59:09.951+0000] {dag.py:3089} INFO - Sync 1 DAGs
[2024-07-25T07:59:10.007+0000] {logging_mixin.py:188} INFO - [2024-07-25T07:59:10.007+0000] {dag.py:3947} INFO - Setting next_dagrun for example_task_group to 2024-07-24 00:00:00+00:00, run_after=2024-07-25 00:00:00+00:00
[2024-07-25T07:59:10.048+0000] {processor.py:183} INFO - Processing /root/.cache/pypoetry/virtualenvs/freeprise-matchmaker-BsnH11MF-py3.8/lib/python3.8/site-packages/airflow/example_dags/example_task_group.py took 0.214 seconds
[2024-07-25T07:59:40.351+0000] {processor.py:161} INFO - Started process (PID=5032) to work on /root/.cache/pypoetry/virtualenvs/freeprise-matchmaker-BsnH11MF-py3.8/lib/python3.8/site-packages/airflow/example_dags/example_task_group.py
[2024-07-25T07:59:40.354+0000] {processor.py:830} INFO - Processing file /root/.cache/pypoetry/virtualenvs/freeprise-matchmaker-BsnH11MF-py3.8/lib/python3.8/site-packages/airflow/example_dags/example_task_group.py for tasks to queue
[2024-07-25T07:59:40.359+0000] {logging_mixin.py:188} INFO - [2024-07-25T07:59:40.358+0000] {dagbag.py:545} INFO - Filling up the DagBag from /root/.cache/pypoetry/virtualenvs/freeprise-matchmaker-BsnH11MF-py3.8/lib/python3.8/site-packages/airflow/example_dags/example_task_group.py
[2024-07-25T07:59:40.383+0000] {processor.py:840} INFO - DAG(s) 'example_task_group' retrieved from /root/.cache/pypoetry/virtualenvs/freeprise-matchmaker-BsnH11MF-py3.8/lib/python3.8/site-packages/airflow/example_dags/example_task_group.py
[2024-07-25T07:59:40.454+0000] {logging_mixin.py:188} INFO - [2024-07-25T07:59:40.453+0000] {dag.py:3089} INFO - Sync 1 DAGs
[2024-07-25T07:59:40.516+0000] {logging_mixin.py:188} INFO - [2024-07-25T07:59:40.515+0000] {dag.py:3947} INFO - Setting next_dagrun for example_task_group to 2024-07-24 00:00:00+00:00, run_after=2024-07-25 00:00:00+00:00
[2024-07-25T07:59:40.557+0000] {processor.py:183} INFO - Processing /root/.cache/pypoetry/virtualenvs/freeprise-matchmaker-BsnH11MF-py3.8/lib/python3.8/site-packages/airflow/example_dags/example_task_group.py took 0.229 seconds
[2024-07-25T08:00:11.021+0000] {processor.py:161} INFO - Started process (PID=5298) to work on /root/.cache/pypoetry/virtualenvs/freeprise-matchmaker-BsnH11MF-py3.8/lib/python3.8/site-packages/airflow/example_dags/example_task_group.py
[2024-07-25T08:00:11.023+0000] {processor.py:830} INFO - Processing file /root/.cache/pypoetry/virtualenvs/freeprise-matchmaker-BsnH11MF-py3.8/lib/python3.8/site-packages/airflow/example_dags/example_task_group.py for tasks to queue
[2024-07-25T08:00:11.028+0000] {logging_mixin.py:188} INFO - [2024-07-25T08:00:11.027+0000] {dagbag.py:545} INFO - Filling up the DagBag from /root/.cache/pypoetry/virtualenvs/freeprise-matchmaker-BsnH11MF-py3.8/lib/python3.8/site-packages/airflow/example_dags/example_task_group.py
[2024-07-25T08:00:11.050+0000] {processor.py:840} INFO - DAG(s) 'example_task_group' retrieved from /root/.cache/pypoetry/virtualenvs/freeprise-matchmaker-BsnH11MF-py3.8/lib/python3.8/site-packages/airflow/example_dags/example_task_group.py
[2024-07-25T08:00:11.122+0000] {logging_mixin.py:188} INFO - [2024-07-25T08:00:11.121+0000] {dag.py:3089} INFO - Sync 1 DAGs
[2024-07-25T08:00:11.178+0000] {logging_mixin.py:188} INFO - [2024-07-25T08:00:11.177+0000] {dag.py:3947} INFO - Setting next_dagrun for example_task_group to 2024-07-24 00:00:00+00:00, run_after=2024-07-25 00:00:00+00:00
[2024-07-25T08:00:11.213+0000] {processor.py:183} INFO - Processing /root/.cache/pypoetry/virtualenvs/freeprise-matchmaker-BsnH11MF-py3.8/lib/python3.8/site-packages/airflow/example_dags/example_task_group.py took 0.211 seconds
[2024-07-25T08:00:42.054+0000] {processor.py:161} INFO - Started process (PID=5564) to work on /root/.cache/pypoetry/virtualenvs/freeprise-matchmaker-BsnH11MF-py3.8/lib/python3.8/site-packages/airflow/example_dags/example_task_group.py
[2024-07-25T08:00:42.060+0000] {processor.py:830} INFO - Processing file /root/.cache/pypoetry/virtualenvs/freeprise-matchmaker-BsnH11MF-py3.8/lib/python3.8/site-packages/airflow/example_dags/example_task_group.py for tasks to queue
[2024-07-25T08:00:42.068+0000] {logging_mixin.py:188} INFO - [2024-07-25T08:00:42.067+0000] {dagbag.py:545} INFO - Filling up the DagBag from /root/.cache/pypoetry/virtualenvs/freeprise-matchmaker-BsnH11MF-py3.8/lib/python3.8/site-packages/airflow/example_dags/example_task_group.py
[2024-07-25T08:00:42.109+0000] {processor.py:840} INFO - DAG(s) 'example_task_group' retrieved from /root/.cache/pypoetry/virtualenvs/freeprise-matchmaker-BsnH11MF-py3.8/lib/python3.8/site-packages/airflow/example_dags/example_task_group.py
[2024-07-25T08:00:42.227+0000] {logging_mixin.py:188} INFO - [2024-07-25T08:00:42.225+0000] {dag.py:3089} INFO - Sync 1 DAGs
[2024-07-25T08:00:42.335+0000] {logging_mixin.py:188} INFO - [2024-07-25T08:00:42.333+0000] {dag.py:3947} INFO - Setting next_dagrun for example_task_group to 2024-07-24 00:00:00+00:00, run_after=2024-07-25 00:00:00+00:00
[2024-07-25T08:00:42.420+0000] {processor.py:183} INFO - Processing /root/.cache/pypoetry/virtualenvs/freeprise-matchmaker-BsnH11MF-py3.8/lib/python3.8/site-packages/airflow/example_dags/example_task_group.py took 0.411 seconds
[2024-07-25T08:01:12.521+0000] {processor.py:161} INFO - Started process (PID=5830) to work on /root/.cache/pypoetry/virtualenvs/freeprise-matchmaker-BsnH11MF-py3.8/lib/python3.8/site-packages/airflow/example_dags/example_task_group.py
[2024-07-25T08:01:12.524+0000] {processor.py:830} INFO - Processing file /root/.cache/pypoetry/virtualenvs/freeprise-matchmaker-BsnH11MF-py3.8/lib/python3.8/site-packages/airflow/example_dags/example_task_group.py for tasks to queue
[2024-07-25T08:01:12.526+0000] {logging_mixin.py:188} INFO - [2024-07-25T08:01:12.526+0000] {dagbag.py:545} INFO - Filling up the DagBag from /root/.cache/pypoetry/virtualenvs/freeprise-matchmaker-BsnH11MF-py3.8/lib/python3.8/site-packages/airflow/example_dags/example_task_group.py
[2024-07-25T08:01:12.541+0000] {processor.py:840} INFO - DAG(s) 'example_task_group' retrieved from /root/.cache/pypoetry/virtualenvs/freeprise-matchmaker-BsnH11MF-py3.8/lib/python3.8/site-packages/airflow/example_dags/example_task_group.py
[2024-07-25T08:01:12.588+0000] {logging_mixin.py:188} INFO - [2024-07-25T08:01:12.588+0000] {dag.py:3089} INFO - Sync 1 DAGs
[2024-07-25T08:01:12.635+0000] {logging_mixin.py:188} INFO - [2024-07-25T08:01:12.634+0000] {dag.py:3947} INFO - Setting next_dagrun for example_task_group to 2024-07-24 00:00:00+00:00, run_after=2024-07-25 00:00:00+00:00
[2024-07-25T08:01:12.672+0000] {processor.py:183} INFO - Processing /root/.cache/pypoetry/virtualenvs/freeprise-matchmaker-BsnH11MF-py3.8/lib/python3.8/site-packages/airflow/example_dags/example_task_group.py took 0.163 seconds
