[2024-07-25T07:50:29.267+0000] {processor.py:161} INFO - Started process (PID=234) to work on /root/.cache/pypoetry/virtualenvs/freeprise-matchmaker-BsnH11MF-py3.8/lib/python3.8/site-packages/airflow/example_dags/example_time_delta_sensor_async.py
[2024-07-25T07:50:29.268+0000] {processor.py:830} INFO - Processing file /root/.cache/pypoetry/virtualenvs/freeprise-matchmaker-BsnH11MF-py3.8/lib/python3.8/site-packages/airflow/example_dags/example_time_delta_sensor_async.py for tasks to queue
[2024-07-25T07:50:29.271+0000] {logging_mixin.py:188} INFO - [2024-07-25T07:50:29.271+0000] {dagbag.py:545} INFO - Filling up the DagBag from /root/.cache/pypoetry/virtualenvs/freeprise-matchmaker-BsnH11MF-py3.8/lib/python3.8/site-packages/airflow/example_dags/example_time_delta_sensor_async.py
[2024-07-25T07:50:29.286+0000] {processor.py:840} INFO - DAG(s) 'example_time_delta_sensor_async' retrieved from /root/.cache/pypoetry/virtualenvs/freeprise-matchmaker-BsnH11MF-py3.8/lib/python3.8/site-packages/airflow/example_dags/example_time_delta_sensor_async.py
[2024-07-25T07:50:29.320+0000] {logging_mixin.py:188} INFO - [2024-07-25T07:50:29.319+0000] {dag.py:3089} INFO - Sync 1 DAGs
[2024-07-25T07:50:29.351+0000] {logging_mixin.py:188} INFO - [2024-07-25T07:50:29.351+0000] {dag.py:3947} INFO - Setting next_dagrun for example_time_delta_sensor_async to None, run_after=None
[2024-07-25T07:50:29.388+0000] {processor.py:183} INFO - Processing /root/.cache/pypoetry/virtualenvs/freeprise-matchmaker-BsnH11MF-py3.8/lib/python3.8/site-packages/airflow/example_dags/example_time_delta_sensor_async.py took 0.135 seconds
[2024-07-25T07:51:01.163+0000] {processor.py:161} INFO - Started process (PID=498) to work on /root/.cache/pypoetry/virtualenvs/freeprise-matchmaker-BsnH11MF-py3.8/lib/python3.8/site-packages/airflow/example_dags/example_time_delta_sensor_async.py
[2024-07-25T07:51:01.165+0000] {processor.py:830} INFO - Processing file /root/.cache/pypoetry/virtualenvs/freeprise-matchmaker-BsnH11MF-py3.8/lib/python3.8/site-packages/airflow/example_dags/example_time_delta_sensor_async.py for tasks to queue
[2024-07-25T07:51:01.168+0000] {logging_mixin.py:188} INFO - [2024-07-25T07:51:01.167+0000] {dagbag.py:545} INFO - Filling up the DagBag from /root/.cache/pypoetry/virtualenvs/freeprise-matchmaker-BsnH11MF-py3.8/lib/python3.8/site-packages/airflow/example_dags/example_time_delta_sensor_async.py
[2024-07-25T07:51:01.176+0000] {processor.py:840} INFO - DAG(s) 'example_time_delta_sensor_async' retrieved from /root/.cache/pypoetry/virtualenvs/freeprise-matchmaker-BsnH11MF-py3.8/lib/python3.8/site-packages/airflow/example_dags/example_time_delta_sensor_async.py
[2024-07-25T07:51:01.487+0000] {logging_mixin.py:188} INFO - [2024-07-25T07:51:01.487+0000] {dag.py:3089} INFO - Sync 1 DAGs
[2024-07-25T07:51:01.502+0000] {logging_mixin.py:188} INFO - [2024-07-25T07:51:01.501+0000] {dag.py:3947} INFO - Setting next_dagrun for example_time_delta_sensor_async to None, run_after=None
[2024-07-25T07:51:01.528+0000] {processor.py:183} INFO - Processing /root/.cache/pypoetry/virtualenvs/freeprise-matchmaker-BsnH11MF-py3.8/lib/python3.8/site-packages/airflow/example_dags/example_time_delta_sensor_async.py took 0.376 seconds
[2024-07-25T07:51:32.018+0000] {processor.py:161} INFO - Started process (PID=764) to work on /root/.cache/pypoetry/virtualenvs/freeprise-matchmaker-BsnH11MF-py3.8/lib/python3.8/site-packages/airflow/example_dags/example_time_delta_sensor_async.py
[2024-07-25T07:51:32.021+0000] {processor.py:830} INFO - Processing file /root/.cache/pypoetry/virtualenvs/freeprise-matchmaker-BsnH11MF-py3.8/lib/python3.8/site-packages/airflow/example_dags/example_time_delta_sensor_async.py for tasks to queue
[2024-07-25T07:51:32.023+0000] {logging_mixin.py:188} INFO - [2024-07-25T07:51:32.023+0000] {dagbag.py:545} INFO - Filling up the DagBag from /root/.cache/pypoetry/virtualenvs/freeprise-matchmaker-BsnH11MF-py3.8/lib/python3.8/site-packages/airflow/example_dags/example_time_delta_sensor_async.py
[2024-07-25T07:51:32.031+0000] {processor.py:840} INFO - DAG(s) 'example_time_delta_sensor_async' retrieved from /root/.cache/pypoetry/virtualenvs/freeprise-matchmaker-BsnH11MF-py3.8/lib/python3.8/site-packages/airflow/example_dags/example_time_delta_sensor_async.py
[2024-07-25T07:51:32.221+0000] {logging_mixin.py:188} INFO - [2024-07-25T07:51:32.221+0000] {dag.py:3089} INFO - Sync 1 DAGs
[2024-07-25T07:51:32.239+0000] {logging_mixin.py:188} INFO - [2024-07-25T07:51:32.238+0000] {dag.py:3947} INFO - Setting next_dagrun for example_time_delta_sensor_async to None, run_after=None
[2024-07-25T07:51:32.265+0000] {processor.py:183} INFO - Processing /root/.cache/pypoetry/virtualenvs/freeprise-matchmaker-BsnH11MF-py3.8/lib/python3.8/site-packages/airflow/example_dags/example_time_delta_sensor_async.py took 0.259 seconds
[2024-07-25T07:52:02.805+0000] {processor.py:161} INFO - Started process (PID=1030) to work on /root/.cache/pypoetry/virtualenvs/freeprise-matchmaker-BsnH11MF-py3.8/lib/python3.8/site-packages/airflow/example_dags/example_time_delta_sensor_async.py
[2024-07-25T07:52:02.807+0000] {processor.py:830} INFO - Processing file /root/.cache/pypoetry/virtualenvs/freeprise-matchmaker-BsnH11MF-py3.8/lib/python3.8/site-packages/airflow/example_dags/example_time_delta_sensor_async.py for tasks to queue
[2024-07-25T07:52:02.810+0000] {logging_mixin.py:188} INFO - [2024-07-25T07:52:02.809+0000] {dagbag.py:545} INFO - Filling up the DagBag from /root/.cache/pypoetry/virtualenvs/freeprise-matchmaker-BsnH11MF-py3.8/lib/python3.8/site-packages/airflow/example_dags/example_time_delta_sensor_async.py
[2024-07-25T07:52:02.821+0000] {processor.py:840} INFO - DAG(s) 'example_time_delta_sensor_async' retrieved from /root/.cache/pypoetry/virtualenvs/freeprise-matchmaker-BsnH11MF-py3.8/lib/python3.8/site-packages/airflow/example_dags/example_time_delta_sensor_async.py
[2024-07-25T07:52:02.863+0000] {logging_mixin.py:188} INFO - [2024-07-25T07:52:02.863+0000] {dag.py:3089} INFO - Sync 1 DAGs
[2024-07-25T07:52:02.884+0000] {logging_mixin.py:188} INFO - [2024-07-25T07:52:02.883+0000] {dag.py:3947} INFO - Setting next_dagrun for example_time_delta_sensor_async to None, run_after=None
[2024-07-25T07:52:02.911+0000] {processor.py:183} INFO - Processing /root/.cache/pypoetry/virtualenvs/freeprise-matchmaker-BsnH11MF-py3.8/lib/python3.8/site-packages/airflow/example_dags/example_time_delta_sensor_async.py took 0.118 seconds
[2024-07-25T07:52:33.834+0000] {processor.py:161} INFO - Started process (PID=1296) to work on /root/.cache/pypoetry/virtualenvs/freeprise-matchmaker-BsnH11MF-py3.8/lib/python3.8/site-packages/airflow/example_dags/example_time_delta_sensor_async.py
[2024-07-25T07:52:33.837+0000] {processor.py:830} INFO - Processing file /root/.cache/pypoetry/virtualenvs/freeprise-matchmaker-BsnH11MF-py3.8/lib/python3.8/site-packages/airflow/example_dags/example_time_delta_sensor_async.py for tasks to queue
[2024-07-25T07:52:33.840+0000] {logging_mixin.py:188} INFO - [2024-07-25T07:52:33.839+0000] {dagbag.py:545} INFO - Filling up the DagBag from /root/.cache/pypoetry/virtualenvs/freeprise-matchmaker-BsnH11MF-py3.8/lib/python3.8/site-packages/airflow/example_dags/example_time_delta_sensor_async.py
[2024-07-25T07:52:33.848+0000] {processor.py:840} INFO - DAG(s) 'example_time_delta_sensor_async' retrieved from /root/.cache/pypoetry/virtualenvs/freeprise-matchmaker-BsnH11MF-py3.8/lib/python3.8/site-packages/airflow/example_dags/example_time_delta_sensor_async.py
[2024-07-25T07:52:33.890+0000] {logging_mixin.py:188} INFO - [2024-07-25T07:52:33.889+0000] {dag.py:3089} INFO - Sync 1 DAGs
[2024-07-25T07:52:33.910+0000] {logging_mixin.py:188} INFO - [2024-07-25T07:52:33.910+0000] {dag.py:3947} INFO - Setting next_dagrun for example_time_delta_sensor_async to None, run_after=None
[2024-07-25T07:52:33.937+0000] {processor.py:183} INFO - Processing /root/.cache/pypoetry/virtualenvs/freeprise-matchmaker-BsnH11MF-py3.8/lib/python3.8/site-packages/airflow/example_dags/example_time_delta_sensor_async.py took 0.118 seconds
[2024-07-25T07:53:04.572+0000] {processor.py:161} INFO - Started process (PID=1562) to work on /root/.cache/pypoetry/virtualenvs/freeprise-matchmaker-BsnH11MF-py3.8/lib/python3.8/site-packages/airflow/example_dags/example_time_delta_sensor_async.py
[2024-07-25T07:53:04.575+0000] {processor.py:830} INFO - Processing file /root/.cache/pypoetry/virtualenvs/freeprise-matchmaker-BsnH11MF-py3.8/lib/python3.8/site-packages/airflow/example_dags/example_time_delta_sensor_async.py for tasks to queue
[2024-07-25T07:53:04.577+0000] {logging_mixin.py:188} INFO - [2024-07-25T07:53:04.577+0000] {dagbag.py:545} INFO - Filling up the DagBag from /root/.cache/pypoetry/virtualenvs/freeprise-matchmaker-BsnH11MF-py3.8/lib/python3.8/site-packages/airflow/example_dags/example_time_delta_sensor_async.py
[2024-07-25T07:53:04.586+0000] {processor.py:840} INFO - DAG(s) 'example_time_delta_sensor_async' retrieved from /root/.cache/pypoetry/virtualenvs/freeprise-matchmaker-BsnH11MF-py3.8/lib/python3.8/site-packages/airflow/example_dags/example_time_delta_sensor_async.py
[2024-07-25T07:53:04.630+0000] {logging_mixin.py:188} INFO - [2024-07-25T07:53:04.630+0000] {dag.py:3089} INFO - Sync 1 DAGs
[2024-07-25T07:53:04.652+0000] {logging_mixin.py:188} INFO - [2024-07-25T07:53:04.652+0000] {dag.py:3947} INFO - Setting next_dagrun for example_time_delta_sensor_async to None, run_after=None
[2024-07-25T07:53:04.685+0000] {processor.py:183} INFO - Processing /root/.cache/pypoetry/virtualenvs/freeprise-matchmaker-BsnH11MF-py3.8/lib/python3.8/site-packages/airflow/example_dags/example_time_delta_sensor_async.py took 0.124 seconds
[2024-07-25T07:53:35.350+0000] {processor.py:161} INFO - Started process (PID=1828) to work on /root/.cache/pypoetry/virtualenvs/freeprise-matchmaker-BsnH11MF-py3.8/lib/python3.8/site-packages/airflow/example_dags/example_time_delta_sensor_async.py
[2024-07-25T07:53:35.353+0000] {processor.py:830} INFO - Processing file /root/.cache/pypoetry/virtualenvs/freeprise-matchmaker-BsnH11MF-py3.8/lib/python3.8/site-packages/airflow/example_dags/example_time_delta_sensor_async.py for tasks to queue
[2024-07-25T07:53:35.355+0000] {logging_mixin.py:188} INFO - [2024-07-25T07:53:35.355+0000] {dagbag.py:545} INFO - Filling up the DagBag from /root/.cache/pypoetry/virtualenvs/freeprise-matchmaker-BsnH11MF-py3.8/lib/python3.8/site-packages/airflow/example_dags/example_time_delta_sensor_async.py
[2024-07-25T07:53:35.366+0000] {processor.py:840} INFO - DAG(s) 'example_time_delta_sensor_async' retrieved from /root/.cache/pypoetry/virtualenvs/freeprise-matchmaker-BsnH11MF-py3.8/lib/python3.8/site-packages/airflow/example_dags/example_time_delta_sensor_async.py
[2024-07-25T07:53:35.415+0000] {logging_mixin.py:188} INFO - [2024-07-25T07:53:35.414+0000] {dag.py:3089} INFO - Sync 1 DAGs
[2024-07-25T07:53:35.442+0000] {logging_mixin.py:188} INFO - [2024-07-25T07:53:35.441+0000] {dag.py:3947} INFO - Setting next_dagrun for example_time_delta_sensor_async to None, run_after=None
[2024-07-25T07:53:35.478+0000] {processor.py:183} INFO - Processing /root/.cache/pypoetry/virtualenvs/freeprise-matchmaker-BsnH11MF-py3.8/lib/python3.8/site-packages/airflow/example_dags/example_time_delta_sensor_async.py took 0.140 seconds
[2024-07-25T07:54:05.899+0000] {processor.py:161} INFO - Started process (PID=2094) to work on /root/.cache/pypoetry/virtualenvs/freeprise-matchmaker-BsnH11MF-py3.8/lib/python3.8/site-packages/airflow/example_dags/example_time_delta_sensor_async.py
[2024-07-25T07:54:05.901+0000] {processor.py:830} INFO - Processing file /root/.cache/pypoetry/virtualenvs/freeprise-matchmaker-BsnH11MF-py3.8/lib/python3.8/site-packages/airflow/example_dags/example_time_delta_sensor_async.py for tasks to queue
[2024-07-25T07:54:05.903+0000] {logging_mixin.py:188} INFO - [2024-07-25T07:54:05.903+0000] {dagbag.py:545} INFO - Filling up the DagBag from /root/.cache/pypoetry/virtualenvs/freeprise-matchmaker-BsnH11MF-py3.8/lib/python3.8/site-packages/airflow/example_dags/example_time_delta_sensor_async.py
[2024-07-25T07:54:05.911+0000] {processor.py:840} INFO - DAG(s) 'example_time_delta_sensor_async' retrieved from /root/.cache/pypoetry/virtualenvs/freeprise-matchmaker-BsnH11MF-py3.8/lib/python3.8/site-packages/airflow/example_dags/example_time_delta_sensor_async.py
[2024-07-25T07:54:05.954+0000] {logging_mixin.py:188} INFO - [2024-07-25T07:54:05.953+0000] {dag.py:3089} INFO - Sync 1 DAGs
[2024-07-25T07:54:05.979+0000] {logging_mixin.py:188} INFO - [2024-07-25T07:54:05.978+0000] {dag.py:3947} INFO - Setting next_dagrun for example_time_delta_sensor_async to None, run_after=None
[2024-07-25T07:54:06.013+0000] {processor.py:183} INFO - Processing /root/.cache/pypoetry/virtualenvs/freeprise-matchmaker-BsnH11MF-py3.8/lib/python3.8/site-packages/airflow/example_dags/example_time_delta_sensor_async.py took 0.126 seconds
[2024-07-25T07:54:36.190+0000] {processor.py:161} INFO - Started process (PID=2360) to work on /root/.cache/pypoetry/virtualenvs/freeprise-matchmaker-BsnH11MF-py3.8/lib/python3.8/site-packages/airflow/example_dags/example_time_delta_sensor_async.py
[2024-07-25T07:54:36.193+0000] {processor.py:830} INFO - Processing file /root/.cache/pypoetry/virtualenvs/freeprise-matchmaker-BsnH11MF-py3.8/lib/python3.8/site-packages/airflow/example_dags/example_time_delta_sensor_async.py for tasks to queue
[2024-07-25T07:54:36.196+0000] {logging_mixin.py:188} INFO - [2024-07-25T07:54:36.195+0000] {dagbag.py:545} INFO - Filling up the DagBag from /root/.cache/pypoetry/virtualenvs/freeprise-matchmaker-BsnH11MF-py3.8/lib/python3.8/site-packages/airflow/example_dags/example_time_delta_sensor_async.py
[2024-07-25T07:54:36.205+0000] {processor.py:840} INFO - DAG(s) 'example_time_delta_sensor_async' retrieved from /root/.cache/pypoetry/virtualenvs/freeprise-matchmaker-BsnH11MF-py3.8/lib/python3.8/site-packages/airflow/example_dags/example_time_delta_sensor_async.py
[2024-07-25T07:54:36.250+0000] {logging_mixin.py:188} INFO - [2024-07-25T07:54:36.249+0000] {dag.py:3089} INFO - Sync 1 DAGs
[2024-07-25T07:54:36.270+0000] {logging_mixin.py:188} INFO - [2024-07-25T07:54:36.270+0000] {dag.py:3947} INFO - Setting next_dagrun for example_time_delta_sensor_async to None, run_after=None
[2024-07-25T07:54:36.300+0000] {processor.py:183} INFO - Processing /root/.cache/pypoetry/virtualenvs/freeprise-matchmaker-BsnH11MF-py3.8/lib/python3.8/site-packages/airflow/example_dags/example_time_delta_sensor_async.py took 0.126 seconds
[2024-07-25T07:55:06.362+0000] {processor.py:161} INFO - Started process (PID=2620) to work on /root/.cache/pypoetry/virtualenvs/freeprise-matchmaker-BsnH11MF-py3.8/lib/python3.8/site-packages/airflow/example_dags/example_time_delta_sensor_async.py
[2024-07-25T07:55:06.364+0000] {processor.py:830} INFO - Processing file /root/.cache/pypoetry/virtualenvs/freeprise-matchmaker-BsnH11MF-py3.8/lib/python3.8/site-packages/airflow/example_dags/example_time_delta_sensor_async.py for tasks to queue
[2024-07-25T07:55:06.367+0000] {logging_mixin.py:188} INFO - [2024-07-25T07:55:06.366+0000] {dagbag.py:545} INFO - Filling up the DagBag from /root/.cache/pypoetry/virtualenvs/freeprise-matchmaker-BsnH11MF-py3.8/lib/python3.8/site-packages/airflow/example_dags/example_time_delta_sensor_async.py
[2024-07-25T07:55:06.376+0000] {processor.py:840} INFO - DAG(s) 'example_time_delta_sensor_async' retrieved from /root/.cache/pypoetry/virtualenvs/freeprise-matchmaker-BsnH11MF-py3.8/lib/python3.8/site-packages/airflow/example_dags/example_time_delta_sensor_async.py
[2024-07-25T07:55:06.417+0000] {logging_mixin.py:188} INFO - [2024-07-25T07:55:06.416+0000] {dag.py:3089} INFO - Sync 1 DAGs
[2024-07-25T07:55:06.437+0000] {logging_mixin.py:188} INFO - [2024-07-25T07:55:06.437+0000] {dag.py:3947} INFO - Setting next_dagrun for example_time_delta_sensor_async to None, run_after=None
[2024-07-25T07:55:06.467+0000] {processor.py:183} INFO - Processing /root/.cache/pypoetry/virtualenvs/freeprise-matchmaker-BsnH11MF-py3.8/lib/python3.8/site-packages/airflow/example_dags/example_time_delta_sensor_async.py took 0.120 seconds
[2024-07-25T07:55:36.607+0000] {processor.py:161} INFO - Started process (PID=2886) to work on /root/.cache/pypoetry/virtualenvs/freeprise-matchmaker-BsnH11MF-py3.8/lib/python3.8/site-packages/airflow/example_dags/example_time_delta_sensor_async.py
[2024-07-25T07:55:36.609+0000] {processor.py:830} INFO - Processing file /root/.cache/pypoetry/virtualenvs/freeprise-matchmaker-BsnH11MF-py3.8/lib/python3.8/site-packages/airflow/example_dags/example_time_delta_sensor_async.py for tasks to queue
[2024-07-25T07:55:36.611+0000] {logging_mixin.py:188} INFO - [2024-07-25T07:55:36.611+0000] {dagbag.py:545} INFO - Filling up the DagBag from /root/.cache/pypoetry/virtualenvs/freeprise-matchmaker-BsnH11MF-py3.8/lib/python3.8/site-packages/airflow/example_dags/example_time_delta_sensor_async.py
[2024-07-25T07:55:36.620+0000] {processor.py:840} INFO - DAG(s) 'example_time_delta_sensor_async' retrieved from /root/.cache/pypoetry/virtualenvs/freeprise-matchmaker-BsnH11MF-py3.8/lib/python3.8/site-packages/airflow/example_dags/example_time_delta_sensor_async.py
[2024-07-25T07:55:36.660+0000] {logging_mixin.py:188} INFO - [2024-07-25T07:55:36.660+0000] {dag.py:3089} INFO - Sync 1 DAGs
[2024-07-25T07:55:36.682+0000] {logging_mixin.py:188} INFO - [2024-07-25T07:55:36.682+0000] {dag.py:3947} INFO - Setting next_dagrun for example_time_delta_sensor_async to None, run_after=None
[2024-07-25T07:55:36.709+0000] {processor.py:183} INFO - Processing /root/.cache/pypoetry/virtualenvs/freeprise-matchmaker-BsnH11MF-py3.8/lib/python3.8/site-packages/airflow/example_dags/example_time_delta_sensor_async.py took 0.114 seconds
[2024-07-25T07:56:06.871+0000] {processor.py:161} INFO - Started process (PID=3152) to work on /root/.cache/pypoetry/virtualenvs/freeprise-matchmaker-BsnH11MF-py3.8/lib/python3.8/site-packages/airflow/example_dags/example_time_delta_sensor_async.py
[2024-07-25T07:56:06.873+0000] {processor.py:830} INFO - Processing file /root/.cache/pypoetry/virtualenvs/freeprise-matchmaker-BsnH11MF-py3.8/lib/python3.8/site-packages/airflow/example_dags/example_time_delta_sensor_async.py for tasks to queue
[2024-07-25T07:56:06.875+0000] {logging_mixin.py:188} INFO - [2024-07-25T07:56:06.875+0000] {dagbag.py:545} INFO - Filling up the DagBag from /root/.cache/pypoetry/virtualenvs/freeprise-matchmaker-BsnH11MF-py3.8/lib/python3.8/site-packages/airflow/example_dags/example_time_delta_sensor_async.py
[2024-07-25T07:56:06.884+0000] {processor.py:840} INFO - DAG(s) 'example_time_delta_sensor_async' retrieved from /root/.cache/pypoetry/virtualenvs/freeprise-matchmaker-BsnH11MF-py3.8/lib/python3.8/site-packages/airflow/example_dags/example_time_delta_sensor_async.py
[2024-07-25T07:56:06.924+0000] {logging_mixin.py:188} INFO - [2024-07-25T07:56:06.924+0000] {dag.py:3089} INFO - Sync 1 DAGs
[2024-07-25T07:56:06.945+0000] {logging_mixin.py:188} INFO - [2024-07-25T07:56:06.945+0000] {dag.py:3947} INFO - Setting next_dagrun for example_time_delta_sensor_async to None, run_after=None
[2024-07-25T07:56:06.976+0000] {processor.py:183} INFO - Processing /root/.cache/pypoetry/virtualenvs/freeprise-matchmaker-BsnH11MF-py3.8/lib/python3.8/site-packages/airflow/example_dags/example_time_delta_sensor_async.py took 0.117 seconds
[2024-07-25T07:56:37.076+0000] {processor.py:161} INFO - Started process (PID=3418) to work on /root/.cache/pypoetry/virtualenvs/freeprise-matchmaker-BsnH11MF-py3.8/lib/python3.8/site-packages/airflow/example_dags/example_time_delta_sensor_async.py
[2024-07-25T07:56:37.078+0000] {processor.py:830} INFO - Processing file /root/.cache/pypoetry/virtualenvs/freeprise-matchmaker-BsnH11MF-py3.8/lib/python3.8/site-packages/airflow/example_dags/example_time_delta_sensor_async.py for tasks to queue
[2024-07-25T07:56:37.080+0000] {logging_mixin.py:188} INFO - [2024-07-25T07:56:37.080+0000] {dagbag.py:545} INFO - Filling up the DagBag from /root/.cache/pypoetry/virtualenvs/freeprise-matchmaker-BsnH11MF-py3.8/lib/python3.8/site-packages/airflow/example_dags/example_time_delta_sensor_async.py
[2024-07-25T07:56:37.089+0000] {processor.py:840} INFO - DAG(s) 'example_time_delta_sensor_async' retrieved from /root/.cache/pypoetry/virtualenvs/freeprise-matchmaker-BsnH11MF-py3.8/lib/python3.8/site-packages/airflow/example_dags/example_time_delta_sensor_async.py
[2024-07-25T07:56:37.128+0000] {logging_mixin.py:188} INFO - [2024-07-25T07:56:37.128+0000] {dag.py:3089} INFO - Sync 1 DAGs
[2024-07-25T07:56:37.153+0000] {logging_mixin.py:188} INFO - [2024-07-25T07:56:37.152+0000] {dag.py:3947} INFO - Setting next_dagrun for example_time_delta_sensor_async to None, run_after=None
[2024-07-25T07:56:37.191+0000] {processor.py:183} INFO - Processing /root/.cache/pypoetry/virtualenvs/freeprise-matchmaker-BsnH11MF-py3.8/lib/python3.8/site-packages/airflow/example_dags/example_time_delta_sensor_async.py took 0.128 seconds
[2024-07-25T07:57:07.396+0000] {processor.py:161} INFO - Started process (PID=3684) to work on /root/.cache/pypoetry/virtualenvs/freeprise-matchmaker-BsnH11MF-py3.8/lib/python3.8/site-packages/airflow/example_dags/example_time_delta_sensor_async.py
[2024-07-25T07:57:07.397+0000] {processor.py:830} INFO - Processing file /root/.cache/pypoetry/virtualenvs/freeprise-matchmaker-BsnH11MF-py3.8/lib/python3.8/site-packages/airflow/example_dags/example_time_delta_sensor_async.py for tasks to queue
[2024-07-25T07:57:07.399+0000] {logging_mixin.py:188} INFO - [2024-07-25T07:57:07.399+0000] {dagbag.py:545} INFO - Filling up the DagBag from /root/.cache/pypoetry/virtualenvs/freeprise-matchmaker-BsnH11MF-py3.8/lib/python3.8/site-packages/airflow/example_dags/example_time_delta_sensor_async.py
[2024-07-25T07:57:07.407+0000] {processor.py:840} INFO - DAG(s) 'example_time_delta_sensor_async' retrieved from /root/.cache/pypoetry/virtualenvs/freeprise-matchmaker-BsnH11MF-py3.8/lib/python3.8/site-packages/airflow/example_dags/example_time_delta_sensor_async.py
[2024-07-25T07:57:07.454+0000] {logging_mixin.py:188} INFO - [2024-07-25T07:57:07.453+0000] {dag.py:3089} INFO - Sync 1 DAGs
[2024-07-25T07:57:07.482+0000] {logging_mixin.py:188} INFO - [2024-07-25T07:57:07.481+0000] {dag.py:3947} INFO - Setting next_dagrun for example_time_delta_sensor_async to None, run_after=None
[2024-07-25T07:57:07.516+0000] {processor.py:183} INFO - Processing /root/.cache/pypoetry/virtualenvs/freeprise-matchmaker-BsnH11MF-py3.8/lib/python3.8/site-packages/airflow/example_dags/example_time_delta_sensor_async.py took 0.133 seconds
[2024-07-25T07:57:37.679+0000] {processor.py:161} INFO - Started process (PID=3948) to work on /root/.cache/pypoetry/virtualenvs/freeprise-matchmaker-BsnH11MF-py3.8/lib/python3.8/site-packages/airflow/example_dags/example_time_delta_sensor_async.py
[2024-07-25T07:57:37.681+0000] {processor.py:830} INFO - Processing file /root/.cache/pypoetry/virtualenvs/freeprise-matchmaker-BsnH11MF-py3.8/lib/python3.8/site-packages/airflow/example_dags/example_time_delta_sensor_async.py for tasks to queue
[2024-07-25T07:57:37.684+0000] {logging_mixin.py:188} INFO - [2024-07-25T07:57:37.683+0000] {dagbag.py:545} INFO - Filling up the DagBag from /root/.cache/pypoetry/virtualenvs/freeprise-matchmaker-BsnH11MF-py3.8/lib/python3.8/site-packages/airflow/example_dags/example_time_delta_sensor_async.py
[2024-07-25T07:57:37.691+0000] {processor.py:840} INFO - DAG(s) 'example_time_delta_sensor_async' retrieved from /root/.cache/pypoetry/virtualenvs/freeprise-matchmaker-BsnH11MF-py3.8/lib/python3.8/site-packages/airflow/example_dags/example_time_delta_sensor_async.py
[2024-07-25T07:57:37.737+0000] {logging_mixin.py:188} INFO - [2024-07-25T07:57:37.736+0000] {dag.py:3089} INFO - Sync 1 DAGs
[2024-07-25T07:57:37.760+0000] {logging_mixin.py:188} INFO - [2024-07-25T07:57:37.760+0000] {dag.py:3947} INFO - Setting next_dagrun for example_time_delta_sensor_async to None, run_after=None
[2024-07-25T07:57:37.794+0000] {processor.py:183} INFO - Processing /root/.cache/pypoetry/virtualenvs/freeprise-matchmaker-BsnH11MF-py3.8/lib/python3.8/site-packages/airflow/example_dags/example_time_delta_sensor_async.py took 0.127 seconds
[2024-07-25T07:58:08.040+0000] {processor.py:161} INFO - Started process (PID=4214) to work on /root/.cache/pypoetry/virtualenvs/freeprise-matchmaker-BsnH11MF-py3.8/lib/python3.8/site-packages/airflow/example_dags/example_time_delta_sensor_async.py
[2024-07-25T07:58:08.041+0000] {processor.py:830} INFO - Processing file /root/.cache/pypoetry/virtualenvs/freeprise-matchmaker-BsnH11MF-py3.8/lib/python3.8/site-packages/airflow/example_dags/example_time_delta_sensor_async.py for tasks to queue
[2024-07-25T07:58:08.045+0000] {logging_mixin.py:188} INFO - [2024-07-25T07:58:08.044+0000] {dagbag.py:545} INFO - Filling up the DagBag from /root/.cache/pypoetry/virtualenvs/freeprise-matchmaker-BsnH11MF-py3.8/lib/python3.8/site-packages/airflow/example_dags/example_time_delta_sensor_async.py
[2024-07-25T07:58:08.055+0000] {processor.py:840} INFO - DAG(s) 'example_time_delta_sensor_async' retrieved from /root/.cache/pypoetry/virtualenvs/freeprise-matchmaker-BsnH11MF-py3.8/lib/python3.8/site-packages/airflow/example_dags/example_time_delta_sensor_async.py
[2024-07-25T07:58:08.098+0000] {logging_mixin.py:188} INFO - [2024-07-25T07:58:08.097+0000] {dag.py:3089} INFO - Sync 1 DAGs
[2024-07-25T07:58:08.118+0000] {logging_mixin.py:188} INFO - [2024-07-25T07:58:08.118+0000] {dag.py:3947} INFO - Setting next_dagrun for example_time_delta_sensor_async to None, run_after=None
[2024-07-25T07:58:08.149+0000] {processor.py:183} INFO - Processing /root/.cache/pypoetry/virtualenvs/freeprise-matchmaker-BsnH11MF-py3.8/lib/python3.8/site-packages/airflow/example_dags/example_time_delta_sensor_async.py took 0.127 seconds
[2024-07-25T07:58:38.265+0000] {processor.py:161} INFO - Started process (PID=4480) to work on /root/.cache/pypoetry/virtualenvs/freeprise-matchmaker-BsnH11MF-py3.8/lib/python3.8/site-packages/airflow/example_dags/example_time_delta_sensor_async.py
[2024-07-25T07:58:38.267+0000] {processor.py:830} INFO - Processing file /root/.cache/pypoetry/virtualenvs/freeprise-matchmaker-BsnH11MF-py3.8/lib/python3.8/site-packages/airflow/example_dags/example_time_delta_sensor_async.py for tasks to queue
[2024-07-25T07:58:38.269+0000] {logging_mixin.py:188} INFO - [2024-07-25T07:58:38.269+0000] {dagbag.py:545} INFO - Filling up the DagBag from /root/.cache/pypoetry/virtualenvs/freeprise-matchmaker-BsnH11MF-py3.8/lib/python3.8/site-packages/airflow/example_dags/example_time_delta_sensor_async.py
[2024-07-25T07:58:38.277+0000] {processor.py:840} INFO - DAG(s) 'example_time_delta_sensor_async' retrieved from /root/.cache/pypoetry/virtualenvs/freeprise-matchmaker-BsnH11MF-py3.8/lib/python3.8/site-packages/airflow/example_dags/example_time_delta_sensor_async.py
[2024-07-25T07:58:38.319+0000] {logging_mixin.py:188} INFO - [2024-07-25T07:58:38.319+0000] {dag.py:3089} INFO - Sync 1 DAGs
[2024-07-25T07:58:38.339+0000] {logging_mixin.py:188} INFO - [2024-07-25T07:58:38.339+0000] {dag.py:3947} INFO - Setting next_dagrun for example_time_delta_sensor_async to None, run_after=None
[2024-07-25T07:58:38.368+0000] {processor.py:183} INFO - Processing /root/.cache/pypoetry/virtualenvs/freeprise-matchmaker-BsnH11MF-py3.8/lib/python3.8/site-packages/airflow/example_dags/example_time_delta_sensor_async.py took 0.115 seconds
[2024-07-25T07:59:08.514+0000] {processor.py:161} INFO - Started process (PID=4746) to work on /root/.cache/pypoetry/virtualenvs/freeprise-matchmaker-BsnH11MF-py3.8/lib/python3.8/site-packages/airflow/example_dags/example_time_delta_sensor_async.py
[2024-07-25T07:59:08.518+0000] {processor.py:830} INFO - Processing file /root/.cache/pypoetry/virtualenvs/freeprise-matchmaker-BsnH11MF-py3.8/lib/python3.8/site-packages/airflow/example_dags/example_time_delta_sensor_async.py for tasks to queue
[2024-07-25T07:59:08.521+0000] {logging_mixin.py:188} INFO - [2024-07-25T07:59:08.521+0000] {dagbag.py:545} INFO - Filling up the DagBag from /root/.cache/pypoetry/virtualenvs/freeprise-matchmaker-BsnH11MF-py3.8/lib/python3.8/site-packages/airflow/example_dags/example_time_delta_sensor_async.py
[2024-07-25T07:59:08.530+0000] {processor.py:840} INFO - DAG(s) 'example_time_delta_sensor_async' retrieved from /root/.cache/pypoetry/virtualenvs/freeprise-matchmaker-BsnH11MF-py3.8/lib/python3.8/site-packages/airflow/example_dags/example_time_delta_sensor_async.py
[2024-07-25T07:59:08.569+0000] {logging_mixin.py:188} INFO - [2024-07-25T07:59:08.568+0000] {dag.py:3089} INFO - Sync 1 DAGs
[2024-07-25T07:59:08.593+0000] {logging_mixin.py:188} INFO - [2024-07-25T07:59:08.592+0000] {dag.py:3947} INFO - Setting next_dagrun for example_time_delta_sensor_async to None, run_after=None
[2024-07-25T07:59:08.629+0000] {processor.py:183} INFO - Processing /root/.cache/pypoetry/virtualenvs/freeprise-matchmaker-BsnH11MF-py3.8/lib/python3.8/site-packages/airflow/example_dags/example_time_delta_sensor_async.py took 0.131 seconds
[2024-07-25T07:59:38.974+0000] {processor.py:161} INFO - Started process (PID=5012) to work on /root/.cache/pypoetry/virtualenvs/freeprise-matchmaker-BsnH11MF-py3.8/lib/python3.8/site-packages/airflow/example_dags/example_time_delta_sensor_async.py
[2024-07-25T07:59:38.976+0000] {processor.py:830} INFO - Processing file /root/.cache/pypoetry/virtualenvs/freeprise-matchmaker-BsnH11MF-py3.8/lib/python3.8/site-packages/airflow/example_dags/example_time_delta_sensor_async.py for tasks to queue
[2024-07-25T07:59:38.980+0000] {logging_mixin.py:188} INFO - [2024-07-25T07:59:38.979+0000] {dagbag.py:545} INFO - Filling up the DagBag from /root/.cache/pypoetry/virtualenvs/freeprise-matchmaker-BsnH11MF-py3.8/lib/python3.8/site-packages/airflow/example_dags/example_time_delta_sensor_async.py
[2024-07-25T07:59:38.991+0000] {processor.py:840} INFO - DAG(s) 'example_time_delta_sensor_async' retrieved from /root/.cache/pypoetry/virtualenvs/freeprise-matchmaker-BsnH11MF-py3.8/lib/python3.8/site-packages/airflow/example_dags/example_time_delta_sensor_async.py
[2024-07-25T07:59:39.057+0000] {logging_mixin.py:188} INFO - [2024-07-25T07:59:39.056+0000] {dag.py:3089} INFO - Sync 1 DAGs
[2024-07-25T07:59:39.088+0000] {logging_mixin.py:188} INFO - [2024-07-25T07:59:39.087+0000] {dag.py:3947} INFO - Setting next_dagrun for example_time_delta_sensor_async to None, run_after=None
[2024-07-25T07:59:39.137+0000] {processor.py:183} INFO - Processing /root/.cache/pypoetry/virtualenvs/freeprise-matchmaker-BsnH11MF-py3.8/lib/python3.8/site-packages/airflow/example_dags/example_time_delta_sensor_async.py took 0.181 seconds
[2024-07-25T08:00:09.721+0000] {processor.py:161} INFO - Started process (PID=5278) to work on /root/.cache/pypoetry/virtualenvs/freeprise-matchmaker-BsnH11MF-py3.8/lib/python3.8/site-packages/airflow/example_dags/example_time_delta_sensor_async.py
[2024-07-25T08:00:09.723+0000] {processor.py:830} INFO - Processing file /root/.cache/pypoetry/virtualenvs/freeprise-matchmaker-BsnH11MF-py3.8/lib/python3.8/site-packages/airflow/example_dags/example_time_delta_sensor_async.py for tasks to queue
[2024-07-25T08:00:09.726+0000] {logging_mixin.py:188} INFO - [2024-07-25T08:00:09.726+0000] {dagbag.py:545} INFO - Filling up the DagBag from /root/.cache/pypoetry/virtualenvs/freeprise-matchmaker-BsnH11MF-py3.8/lib/python3.8/site-packages/airflow/example_dags/example_time_delta_sensor_async.py
[2024-07-25T08:00:09.736+0000] {processor.py:840} INFO - DAG(s) 'example_time_delta_sensor_async' retrieved from /root/.cache/pypoetry/virtualenvs/freeprise-matchmaker-BsnH11MF-py3.8/lib/python3.8/site-packages/airflow/example_dags/example_time_delta_sensor_async.py
[2024-07-25T08:00:09.787+0000] {logging_mixin.py:188} INFO - [2024-07-25T08:00:09.787+0000] {dag.py:3089} INFO - Sync 1 DAGs
[2024-07-25T08:00:09.814+0000] {logging_mixin.py:188} INFO - [2024-07-25T08:00:09.813+0000] {dag.py:3947} INFO - Setting next_dagrun for example_time_delta_sensor_async to None, run_after=None
[2024-07-25T08:00:09.849+0000] {processor.py:183} INFO - Processing /root/.cache/pypoetry/virtualenvs/freeprise-matchmaker-BsnH11MF-py3.8/lib/python3.8/site-packages/airflow/example_dags/example_time_delta_sensor_async.py took 0.143 seconds
[2024-07-25T08:00:41.083+0000] {processor.py:161} INFO - Started process (PID=5544) to work on /root/.cache/pypoetry/virtualenvs/freeprise-matchmaker-BsnH11MF-py3.8/lib/python3.8/site-packages/airflow/example_dags/example_time_delta_sensor_async.py
[2024-07-25T08:00:41.087+0000] {processor.py:830} INFO - Processing file /root/.cache/pypoetry/virtualenvs/freeprise-matchmaker-BsnH11MF-py3.8/lib/python3.8/site-packages/airflow/example_dags/example_time_delta_sensor_async.py for tasks to queue
[2024-07-25T08:00:41.094+0000] {logging_mixin.py:188} INFO - [2024-07-25T08:00:41.093+0000] {dagbag.py:545} INFO - Filling up the DagBag from /root/.cache/pypoetry/virtualenvs/freeprise-matchmaker-BsnH11MF-py3.8/lib/python3.8/site-packages/airflow/example_dags/example_time_delta_sensor_async.py
[2024-07-25T08:00:41.116+0000] {processor.py:840} INFO - DAG(s) 'example_time_delta_sensor_async' retrieved from /root/.cache/pypoetry/virtualenvs/freeprise-matchmaker-BsnH11MF-py3.8/lib/python3.8/site-packages/airflow/example_dags/example_time_delta_sensor_async.py
[2024-07-25T08:00:41.245+0000] {logging_mixin.py:188} INFO - [2024-07-25T08:00:41.243+0000] {dag.py:3089} INFO - Sync 1 DAGs
[2024-07-25T08:00:41.306+0000] {logging_mixin.py:188} INFO - [2024-07-25T08:00:41.306+0000] {dag.py:3947} INFO - Setting next_dagrun for example_time_delta_sensor_async to None, run_after=None
[2024-07-25T08:00:41.368+0000] {processor.py:183} INFO - Processing /root/.cache/pypoetry/virtualenvs/freeprise-matchmaker-BsnH11MF-py3.8/lib/python3.8/site-packages/airflow/example_dags/example_time_delta_sensor_async.py took 0.325 seconds
[2024-07-25T08:01:12.171+0000] {processor.py:161} INFO - Started process (PID=5812) to work on /root/.cache/pypoetry/virtualenvs/freeprise-matchmaker-BsnH11MF-py3.8/lib/python3.8/site-packages/airflow/example_dags/example_time_delta_sensor_async.py
[2024-07-25T08:01:12.174+0000] {processor.py:830} INFO - Processing file /root/.cache/pypoetry/virtualenvs/freeprise-matchmaker-BsnH11MF-py3.8/lib/python3.8/site-packages/airflow/example_dags/example_time_delta_sensor_async.py for tasks to queue
[2024-07-25T08:01:12.176+0000] {logging_mixin.py:188} INFO - [2024-07-25T08:01:12.176+0000] {dagbag.py:545} INFO - Filling up the DagBag from /root/.cache/pypoetry/virtualenvs/freeprise-matchmaker-BsnH11MF-py3.8/lib/python3.8/site-packages/airflow/example_dags/example_time_delta_sensor_async.py
[2024-07-25T08:01:12.185+0000] {processor.py:840} INFO - DAG(s) 'example_time_delta_sensor_async' retrieved from /root/.cache/pypoetry/virtualenvs/freeprise-matchmaker-BsnH11MF-py3.8/lib/python3.8/site-packages/airflow/example_dags/example_time_delta_sensor_async.py
[2024-07-25T08:01:12.224+0000] {logging_mixin.py:188} INFO - [2024-07-25T08:01:12.223+0000] {dag.py:3089} INFO - Sync 1 DAGs
[2024-07-25T08:01:12.245+0000] {logging_mixin.py:188} INFO - [2024-07-25T08:01:12.245+0000] {dag.py:3947} INFO - Setting next_dagrun for example_time_delta_sensor_async to None, run_after=None
[2024-07-25T08:01:12.273+0000] {processor.py:183} INFO - Processing /root/.cache/pypoetry/virtualenvs/freeprise-matchmaker-BsnH11MF-py3.8/lib/python3.8/site-packages/airflow/example_dags/example_time_delta_sensor_async.py took 0.114 seconds
