[2024-07-25T07:50:30.149+0000] {processor.py:161} INFO - Started process (PID=277) to work on /root/.cache/pypoetry/virtualenvs/freeprise-matchmaker-BsnH11MF-py3.8/lib/python3.8/site-packages/airflow/example_dags/example_short_circuit_decorator.py
[2024-07-25T07:50:30.150+0000] {processor.py:830} INFO - Processing file /root/.cache/pypoetry/virtualenvs/freeprise-matchmaker-BsnH11MF-py3.8/lib/python3.8/site-packages/airflow/example_dags/example_short_circuit_decorator.py for tasks to queue
[2024-07-25T07:50:30.154+0000] {logging_mixin.py:188} INFO - [2024-07-25T07:50:30.153+0000] {dagbag.py:545} INFO - Filling up the DagBag from /root/.cache/pypoetry/virtualenvs/freeprise-matchmaker-BsnH11MF-py3.8/lib/python3.8/site-packages/airflow/example_dags/example_short_circuit_decorator.py
[2024-07-25T07:50:30.175+0000] {processor.py:840} INFO - DAG(s) 'example_short_circuit_decorator' retrieved from /root/.cache/pypoetry/virtualenvs/freeprise-matchmaker-BsnH11MF-py3.8/lib/python3.8/site-packages/airflow/example_dags/example_short_circuit_decorator.py
[2024-07-25T07:50:30.209+0000] {logging_mixin.py:188} INFO - [2024-07-25T07:50:30.209+0000] {dag.py:3089} INFO - Sync 1 DAGs
[2024-07-25T07:50:30.252+0000] {logging_mixin.py:188} INFO - [2024-07-25T07:50:30.251+0000] {dag.py:3947} INFO - Setting next_dagrun for example_short_circuit_decorator to 2024-07-24 00:00:00+00:00, run_after=2024-07-25 00:00:00+00:00
[2024-07-25T07:50:30.283+0000] {processor.py:183} INFO - Processing /root/.cache/pypoetry/virtualenvs/freeprise-matchmaker-BsnH11MF-py3.8/lib/python3.8/site-packages/airflow/example_dags/example_short_circuit_decorator.py took 0.149 seconds
[2024-07-25T07:51:03.844+0000] {processor.py:161} INFO - Started process (PID=545) to work on /root/.cache/pypoetry/virtualenvs/freeprise-matchmaker-BsnH11MF-py3.8/lib/python3.8/site-packages/airflow/example_dags/example_short_circuit_decorator.py
[2024-07-25T07:51:03.847+0000] {processor.py:830} INFO - Processing file /root/.cache/pypoetry/virtualenvs/freeprise-matchmaker-BsnH11MF-py3.8/lib/python3.8/site-packages/airflow/example_dags/example_short_circuit_decorator.py for tasks to queue
[2024-07-25T07:51:03.850+0000] {logging_mixin.py:188} INFO - [2024-07-25T07:51:03.849+0000] {dagbag.py:545} INFO - Filling up the DagBag from /root/.cache/pypoetry/virtualenvs/freeprise-matchmaker-BsnH11MF-py3.8/lib/python3.8/site-packages/airflow/example_dags/example_short_circuit_decorator.py
[2024-07-25T07:51:03.872+0000] {processor.py:840} INFO - DAG(s) 'example_short_circuit_decorator' retrieved from /root/.cache/pypoetry/virtualenvs/freeprise-matchmaker-BsnH11MF-py3.8/lib/python3.8/site-packages/airflow/example_dags/example_short_circuit_decorator.py
[2024-07-25T07:51:04.196+0000] {logging_mixin.py:188} INFO - [2024-07-25T07:51:04.196+0000] {dag.py:3089} INFO - Sync 1 DAGs
[2024-07-25T07:51:04.228+0000] {logging_mixin.py:188} INFO - [2024-07-25T07:51:04.227+0000] {dag.py:3947} INFO - Setting next_dagrun for example_short_circuit_decorator to 2024-07-24 00:00:00+00:00, run_after=2024-07-25 00:00:00+00:00
[2024-07-25T07:51:04.256+0000] {processor.py:183} INFO - Processing /root/.cache/pypoetry/virtualenvs/freeprise-matchmaker-BsnH11MF-py3.8/lib/python3.8/site-packages/airflow/example_dags/example_short_circuit_decorator.py took 0.428 seconds
[2024-07-25T07:51:34.632+0000] {processor.py:161} INFO - Started process (PID=811) to work on /root/.cache/pypoetry/virtualenvs/freeprise-matchmaker-BsnH11MF-py3.8/lib/python3.8/site-packages/airflow/example_dags/example_short_circuit_decorator.py
[2024-07-25T07:51:34.634+0000] {processor.py:830} INFO - Processing file /root/.cache/pypoetry/virtualenvs/freeprise-matchmaker-BsnH11MF-py3.8/lib/python3.8/site-packages/airflow/example_dags/example_short_circuit_decorator.py for tasks to queue
[2024-07-25T07:51:34.638+0000] {logging_mixin.py:188} INFO - [2024-07-25T07:51:34.637+0000] {dagbag.py:545} INFO - Filling up the DagBag from /root/.cache/pypoetry/virtualenvs/freeprise-matchmaker-BsnH11MF-py3.8/lib/python3.8/site-packages/airflow/example_dags/example_short_circuit_decorator.py
[2024-07-25T07:51:34.820+0000] {processor.py:840} INFO - DAG(s) 'example_short_circuit_decorator' retrieved from /root/.cache/pypoetry/virtualenvs/freeprise-matchmaker-BsnH11MF-py3.8/lib/python3.8/site-packages/airflow/example_dags/example_short_circuit_decorator.py
[2024-07-25T07:51:34.860+0000] {logging_mixin.py:188} INFO - [2024-07-25T07:51:34.859+0000] {dag.py:3089} INFO - Sync 1 DAGs
[2024-07-25T07:51:34.888+0000] {logging_mixin.py:188} INFO - [2024-07-25T07:51:34.888+0000] {dag.py:3947} INFO - Setting next_dagrun for example_short_circuit_decorator to 2024-07-24 00:00:00+00:00, run_after=2024-07-25 00:00:00+00:00
[2024-07-25T07:51:34.913+0000] {processor.py:183} INFO - Processing /root/.cache/pypoetry/virtualenvs/freeprise-matchmaker-BsnH11MF-py3.8/lib/python3.8/site-packages/airflow/example_dags/example_short_circuit_decorator.py took 0.298 seconds
[2024-07-25T07:52:05.449+0000] {processor.py:161} INFO - Started process (PID=1075) to work on /root/.cache/pypoetry/virtualenvs/freeprise-matchmaker-BsnH11MF-py3.8/lib/python3.8/site-packages/airflow/example_dags/example_short_circuit_decorator.py
[2024-07-25T07:52:05.452+0000] {processor.py:830} INFO - Processing file /root/.cache/pypoetry/virtualenvs/freeprise-matchmaker-BsnH11MF-py3.8/lib/python3.8/site-packages/airflow/example_dags/example_short_circuit_decorator.py for tasks to queue
[2024-07-25T07:52:05.455+0000] {logging_mixin.py:188} INFO - [2024-07-25T07:52:05.454+0000] {dagbag.py:545} INFO - Filling up the DagBag from /root/.cache/pypoetry/virtualenvs/freeprise-matchmaker-BsnH11MF-py3.8/lib/python3.8/site-packages/airflow/example_dags/example_short_circuit_decorator.py
[2024-07-25T07:52:05.476+0000] {processor.py:840} INFO - DAG(s) 'example_short_circuit_decorator' retrieved from /root/.cache/pypoetry/virtualenvs/freeprise-matchmaker-BsnH11MF-py3.8/lib/python3.8/site-packages/airflow/example_dags/example_short_circuit_decorator.py
[2024-07-25T07:52:05.534+0000] {logging_mixin.py:188} INFO - [2024-07-25T07:52:05.533+0000] {dag.py:3089} INFO - Sync 1 DAGs
[2024-07-25T07:52:05.577+0000] {logging_mixin.py:188} INFO - [2024-07-25T07:52:05.576+0000] {dag.py:3947} INFO - Setting next_dagrun for example_short_circuit_decorator to 2024-07-24 00:00:00+00:00, run_after=2024-07-25 00:00:00+00:00
[2024-07-25T07:52:05.609+0000] {processor.py:183} INFO - Processing /root/.cache/pypoetry/virtualenvs/freeprise-matchmaker-BsnH11MF-py3.8/lib/python3.8/site-packages/airflow/example_dags/example_short_circuit_decorator.py took 0.176 seconds
[2024-07-25T07:52:36.481+0000] {processor.py:161} INFO - Started process (PID=1341) to work on /root/.cache/pypoetry/virtualenvs/freeprise-matchmaker-BsnH11MF-py3.8/lib/python3.8/site-packages/airflow/example_dags/example_short_circuit_decorator.py
[2024-07-25T07:52:36.483+0000] {processor.py:830} INFO - Processing file /root/.cache/pypoetry/virtualenvs/freeprise-matchmaker-BsnH11MF-py3.8/lib/python3.8/site-packages/airflow/example_dags/example_short_circuit_decorator.py for tasks to queue
[2024-07-25T07:52:36.486+0000] {logging_mixin.py:188} INFO - [2024-07-25T07:52:36.485+0000] {dagbag.py:545} INFO - Filling up the DagBag from /root/.cache/pypoetry/virtualenvs/freeprise-matchmaker-BsnH11MF-py3.8/lib/python3.8/site-packages/airflow/example_dags/example_short_circuit_decorator.py
[2024-07-25T07:52:36.506+0000] {processor.py:840} INFO - DAG(s) 'example_short_circuit_decorator' retrieved from /root/.cache/pypoetry/virtualenvs/freeprise-matchmaker-BsnH11MF-py3.8/lib/python3.8/site-packages/airflow/example_dags/example_short_circuit_decorator.py
[2024-07-25T07:52:36.556+0000] {logging_mixin.py:188} INFO - [2024-07-25T07:52:36.555+0000] {dag.py:3089} INFO - Sync 1 DAGs
[2024-07-25T07:52:36.591+0000] {logging_mixin.py:188} INFO - [2024-07-25T07:52:36.591+0000] {dag.py:3947} INFO - Setting next_dagrun for example_short_circuit_decorator to 2024-07-24 00:00:00+00:00, run_after=2024-07-25 00:00:00+00:00
[2024-07-25T07:52:36.621+0000] {processor.py:183} INFO - Processing /root/.cache/pypoetry/virtualenvs/freeprise-matchmaker-BsnH11MF-py3.8/lib/python3.8/site-packages/airflow/example_dags/example_short_circuit_decorator.py took 0.157 seconds
[2024-07-25T07:53:07.438+0000] {processor.py:161} INFO - Started process (PID=1607) to work on /root/.cache/pypoetry/virtualenvs/freeprise-matchmaker-BsnH11MF-py3.8/lib/python3.8/site-packages/airflow/example_dags/example_short_circuit_decorator.py
[2024-07-25T07:53:07.440+0000] {processor.py:830} INFO - Processing file /root/.cache/pypoetry/virtualenvs/freeprise-matchmaker-BsnH11MF-py3.8/lib/python3.8/site-packages/airflow/example_dags/example_short_circuit_decorator.py for tasks to queue
[2024-07-25T07:53:07.444+0000] {logging_mixin.py:188} INFO - [2024-07-25T07:53:07.443+0000] {dagbag.py:545} INFO - Filling up the DagBag from /root/.cache/pypoetry/virtualenvs/freeprise-matchmaker-BsnH11MF-py3.8/lib/python3.8/site-packages/airflow/example_dags/example_short_circuit_decorator.py
[2024-07-25T07:53:07.459+0000] {processor.py:840} INFO - DAG(s) 'example_short_circuit_decorator' retrieved from /root/.cache/pypoetry/virtualenvs/freeprise-matchmaker-BsnH11MF-py3.8/lib/python3.8/site-packages/airflow/example_dags/example_short_circuit_decorator.py
[2024-07-25T07:53:07.508+0000] {logging_mixin.py:188} INFO - [2024-07-25T07:53:07.508+0000] {dag.py:3089} INFO - Sync 1 DAGs
[2024-07-25T07:53:07.545+0000] {logging_mixin.py:188} INFO - [2024-07-25T07:53:07.545+0000] {dag.py:3947} INFO - Setting next_dagrun for example_short_circuit_decorator to 2024-07-24 00:00:00+00:00, run_after=2024-07-25 00:00:00+00:00
[2024-07-25T07:53:07.576+0000] {processor.py:183} INFO - Processing /root/.cache/pypoetry/virtualenvs/freeprise-matchmaker-BsnH11MF-py3.8/lib/python3.8/site-packages/airflow/example_dags/example_short_circuit_decorator.py took 0.150 seconds
[2024-07-25T07:53:38.036+0000] {processor.py:161} INFO - Started process (PID=1873) to work on /root/.cache/pypoetry/virtualenvs/freeprise-matchmaker-BsnH11MF-py3.8/lib/python3.8/site-packages/airflow/example_dags/example_short_circuit_decorator.py
[2024-07-25T07:53:38.039+0000] {processor.py:830} INFO - Processing file /root/.cache/pypoetry/virtualenvs/freeprise-matchmaker-BsnH11MF-py3.8/lib/python3.8/site-packages/airflow/example_dags/example_short_circuit_decorator.py for tasks to queue
[2024-07-25T07:53:38.042+0000] {logging_mixin.py:188} INFO - [2024-07-25T07:53:38.042+0000] {dagbag.py:545} INFO - Filling up the DagBag from /root/.cache/pypoetry/virtualenvs/freeprise-matchmaker-BsnH11MF-py3.8/lib/python3.8/site-packages/airflow/example_dags/example_short_circuit_decorator.py
[2024-07-25T07:53:38.063+0000] {processor.py:840} INFO - DAG(s) 'example_short_circuit_decorator' retrieved from /root/.cache/pypoetry/virtualenvs/freeprise-matchmaker-BsnH11MF-py3.8/lib/python3.8/site-packages/airflow/example_dags/example_short_circuit_decorator.py
[2024-07-25T07:53:38.110+0000] {logging_mixin.py:188} INFO - [2024-07-25T07:53:38.109+0000] {dag.py:3089} INFO - Sync 1 DAGs
[2024-07-25T07:53:38.145+0000] {logging_mixin.py:188} INFO - [2024-07-25T07:53:38.145+0000] {dag.py:3947} INFO - Setting next_dagrun for example_short_circuit_decorator to 2024-07-24 00:00:00+00:00, run_after=2024-07-25 00:00:00+00:00
[2024-07-25T07:53:38.179+0000] {processor.py:183} INFO - Processing /root/.cache/pypoetry/virtualenvs/freeprise-matchmaker-BsnH11MF-py3.8/lib/python3.8/site-packages/airflow/example_dags/example_short_circuit_decorator.py took 0.159 seconds
[2024-07-25T07:54:08.513+0000] {processor.py:161} INFO - Started process (PID=2139) to work on /root/.cache/pypoetry/virtualenvs/freeprise-matchmaker-BsnH11MF-py3.8/lib/python3.8/site-packages/airflow/example_dags/example_short_circuit_decorator.py
[2024-07-25T07:54:08.516+0000] {processor.py:830} INFO - Processing file /root/.cache/pypoetry/virtualenvs/freeprise-matchmaker-BsnH11MF-py3.8/lib/python3.8/site-packages/airflow/example_dags/example_short_circuit_decorator.py for tasks to queue
[2024-07-25T07:54:08.519+0000] {logging_mixin.py:188} INFO - [2024-07-25T07:54:08.518+0000] {dagbag.py:545} INFO - Filling up the DagBag from /root/.cache/pypoetry/virtualenvs/freeprise-matchmaker-BsnH11MF-py3.8/lib/python3.8/site-packages/airflow/example_dags/example_short_circuit_decorator.py
[2024-07-25T07:54:08.541+0000] {processor.py:840} INFO - DAG(s) 'example_short_circuit_decorator' retrieved from /root/.cache/pypoetry/virtualenvs/freeprise-matchmaker-BsnH11MF-py3.8/lib/python3.8/site-packages/airflow/example_dags/example_short_circuit_decorator.py
[2024-07-25T07:54:08.591+0000] {logging_mixin.py:188} INFO - [2024-07-25T07:54:08.591+0000] {dag.py:3089} INFO - Sync 1 DAGs
[2024-07-25T07:54:08.628+0000] {logging_mixin.py:188} INFO - [2024-07-25T07:54:08.628+0000] {dag.py:3947} INFO - Setting next_dagrun for example_short_circuit_decorator to 2024-07-24 00:00:00+00:00, run_after=2024-07-25 00:00:00+00:00
[2024-07-25T07:54:08.660+0000] {processor.py:183} INFO - Processing /root/.cache/pypoetry/virtualenvs/freeprise-matchmaker-BsnH11MF-py3.8/lib/python3.8/site-packages/airflow/example_dags/example_short_circuit_decorator.py took 0.163 seconds
[2024-07-25T07:54:38.948+0000] {processor.py:161} INFO - Started process (PID=2405) to work on /root/.cache/pypoetry/virtualenvs/freeprise-matchmaker-BsnH11MF-py3.8/lib/python3.8/site-packages/airflow/example_dags/example_short_circuit_decorator.py
[2024-07-25T07:54:38.950+0000] {processor.py:830} INFO - Processing file /root/.cache/pypoetry/virtualenvs/freeprise-matchmaker-BsnH11MF-py3.8/lib/python3.8/site-packages/airflow/example_dags/example_short_circuit_decorator.py for tasks to queue
[2024-07-25T07:54:38.953+0000] {logging_mixin.py:188} INFO - [2024-07-25T07:54:38.953+0000] {dagbag.py:545} INFO - Filling up the DagBag from /root/.cache/pypoetry/virtualenvs/freeprise-matchmaker-BsnH11MF-py3.8/lib/python3.8/site-packages/airflow/example_dags/example_short_circuit_decorator.py
[2024-07-25T07:54:38.969+0000] {processor.py:840} INFO - DAG(s) 'example_short_circuit_decorator' retrieved from /root/.cache/pypoetry/virtualenvs/freeprise-matchmaker-BsnH11MF-py3.8/lib/python3.8/site-packages/airflow/example_dags/example_short_circuit_decorator.py
[2024-07-25T07:54:39.020+0000] {logging_mixin.py:188} INFO - [2024-07-25T07:54:39.019+0000] {dag.py:3089} INFO - Sync 1 DAGs
[2024-07-25T07:54:39.058+0000] {logging_mixin.py:188} INFO - [2024-07-25T07:54:39.058+0000] {dag.py:3947} INFO - Setting next_dagrun for example_short_circuit_decorator to 2024-07-24 00:00:00+00:00, run_after=2024-07-25 00:00:00+00:00
[2024-07-25T07:54:39.088+0000] {processor.py:183} INFO - Processing /root/.cache/pypoetry/virtualenvs/freeprise-matchmaker-BsnH11MF-py3.8/lib/python3.8/site-packages/airflow/example_dags/example_short_circuit_decorator.py took 0.152 seconds
[2024-07-25T07:55:09.324+0000] {processor.py:161} INFO - Started process (PID=2671) to work on /root/.cache/pypoetry/virtualenvs/freeprise-matchmaker-BsnH11MF-py3.8/lib/python3.8/site-packages/airflow/example_dags/example_short_circuit_decorator.py
[2024-07-25T07:55:09.326+0000] {processor.py:830} INFO - Processing file /root/.cache/pypoetry/virtualenvs/freeprise-matchmaker-BsnH11MF-py3.8/lib/python3.8/site-packages/airflow/example_dags/example_short_circuit_decorator.py for tasks to queue
[2024-07-25T07:55:09.330+0000] {logging_mixin.py:188} INFO - [2024-07-25T07:55:09.329+0000] {dagbag.py:545} INFO - Filling up the DagBag from /root/.cache/pypoetry/virtualenvs/freeprise-matchmaker-BsnH11MF-py3.8/lib/python3.8/site-packages/airflow/example_dags/example_short_circuit_decorator.py
[2024-07-25T07:55:09.352+0000] {processor.py:840} INFO - DAG(s) 'example_short_circuit_decorator' retrieved from /root/.cache/pypoetry/virtualenvs/freeprise-matchmaker-BsnH11MF-py3.8/lib/python3.8/site-packages/airflow/example_dags/example_short_circuit_decorator.py
[2024-07-25T07:55:09.401+0000] {logging_mixin.py:188} INFO - [2024-07-25T07:55:09.401+0000] {dag.py:3089} INFO - Sync 1 DAGs
[2024-07-25T07:55:09.438+0000] {logging_mixin.py:188} INFO - [2024-07-25T07:55:09.438+0000] {dag.py:3947} INFO - Setting next_dagrun for example_short_circuit_decorator to 2024-07-24 00:00:00+00:00, run_after=2024-07-25 00:00:00+00:00
[2024-07-25T07:55:09.469+0000] {processor.py:183} INFO - Processing /root/.cache/pypoetry/virtualenvs/freeprise-matchmaker-BsnH11MF-py3.8/lib/python3.8/site-packages/airflow/example_dags/example_short_circuit_decorator.py took 0.161 seconds
[2024-07-25T07:55:39.720+0000] {processor.py:161} INFO - Started process (PID=2937) to work on /root/.cache/pypoetry/virtualenvs/freeprise-matchmaker-BsnH11MF-py3.8/lib/python3.8/site-packages/airflow/example_dags/example_short_circuit_decorator.py
[2024-07-25T07:55:39.722+0000] {processor.py:830} INFO - Processing file /root/.cache/pypoetry/virtualenvs/freeprise-matchmaker-BsnH11MF-py3.8/lib/python3.8/site-packages/airflow/example_dags/example_short_circuit_decorator.py for tasks to queue
[2024-07-25T07:55:39.724+0000] {logging_mixin.py:188} INFO - [2024-07-25T07:55:39.724+0000] {dagbag.py:545} INFO - Filling up the DagBag from /root/.cache/pypoetry/virtualenvs/freeprise-matchmaker-BsnH11MF-py3.8/lib/python3.8/site-packages/airflow/example_dags/example_short_circuit_decorator.py
[2024-07-25T07:55:39.742+0000] {processor.py:840} INFO - DAG(s) 'example_short_circuit_decorator' retrieved from /root/.cache/pypoetry/virtualenvs/freeprise-matchmaker-BsnH11MF-py3.8/lib/python3.8/site-packages/airflow/example_dags/example_short_circuit_decorator.py
[2024-07-25T07:55:39.790+0000] {logging_mixin.py:188} INFO - [2024-07-25T07:55:39.790+0000] {dag.py:3089} INFO - Sync 1 DAGs
[2024-07-25T07:55:39.828+0000] {logging_mixin.py:188} INFO - [2024-07-25T07:55:39.828+0000] {dag.py:3947} INFO - Setting next_dagrun for example_short_circuit_decorator to 2024-07-24 00:00:00+00:00, run_after=2024-07-25 00:00:00+00:00
[2024-07-25T07:55:39.861+0000] {processor.py:183} INFO - Processing /root/.cache/pypoetry/virtualenvs/freeprise-matchmaker-BsnH11MF-py3.8/lib/python3.8/site-packages/airflow/example_dags/example_short_circuit_decorator.py took 0.155 seconds
[2024-07-25T07:56:10.296+0000] {processor.py:161} INFO - Started process (PID=3203) to work on /root/.cache/pypoetry/virtualenvs/freeprise-matchmaker-BsnH11MF-py3.8/lib/python3.8/site-packages/airflow/example_dags/example_short_circuit_decorator.py
[2024-07-25T07:56:10.299+0000] {processor.py:830} INFO - Processing file /root/.cache/pypoetry/virtualenvs/freeprise-matchmaker-BsnH11MF-py3.8/lib/python3.8/site-packages/airflow/example_dags/example_short_circuit_decorator.py for tasks to queue
[2024-07-25T07:56:10.302+0000] {logging_mixin.py:188} INFO - [2024-07-25T07:56:10.302+0000] {dagbag.py:545} INFO - Filling up the DagBag from /root/.cache/pypoetry/virtualenvs/freeprise-matchmaker-BsnH11MF-py3.8/lib/python3.8/site-packages/airflow/example_dags/example_short_circuit_decorator.py
[2024-07-25T07:56:10.322+0000] {processor.py:840} INFO - DAG(s) 'example_short_circuit_decorator' retrieved from /root/.cache/pypoetry/virtualenvs/freeprise-matchmaker-BsnH11MF-py3.8/lib/python3.8/site-packages/airflow/example_dags/example_short_circuit_decorator.py
[2024-07-25T07:56:10.373+0000] {logging_mixin.py:188} INFO - [2024-07-25T07:56:10.373+0000] {dag.py:3089} INFO - Sync 1 DAGs
[2024-07-25T07:56:10.411+0000] {logging_mixin.py:188} INFO - [2024-07-25T07:56:10.411+0000] {dag.py:3947} INFO - Setting next_dagrun for example_short_circuit_decorator to 2024-07-24 00:00:00+00:00, run_after=2024-07-25 00:00:00+00:00
[2024-07-25T07:56:10.442+0000] {processor.py:183} INFO - Processing /root/.cache/pypoetry/virtualenvs/freeprise-matchmaker-BsnH11MF-py3.8/lib/python3.8/site-packages/airflow/example_dags/example_short_circuit_decorator.py took 0.161 seconds
[2024-07-25T07:56:41.187+0000] {processor.py:161} INFO - Started process (PID=3469) to work on /root/.cache/pypoetry/virtualenvs/freeprise-matchmaker-BsnH11MF-py3.8/lib/python3.8/site-packages/airflow/example_dags/example_short_circuit_decorator.py
[2024-07-25T07:56:41.188+0000] {processor.py:830} INFO - Processing file /root/.cache/pypoetry/virtualenvs/freeprise-matchmaker-BsnH11MF-py3.8/lib/python3.8/site-packages/airflow/example_dags/example_short_circuit_decorator.py for tasks to queue
[2024-07-25T07:56:41.190+0000] {logging_mixin.py:188} INFO - [2024-07-25T07:56:41.190+0000] {dagbag.py:545} INFO - Filling up the DagBag from /root/.cache/pypoetry/virtualenvs/freeprise-matchmaker-BsnH11MF-py3.8/lib/python3.8/site-packages/airflow/example_dags/example_short_circuit_decorator.py
[2024-07-25T07:56:41.208+0000] {processor.py:840} INFO - DAG(s) 'example_short_circuit_decorator' retrieved from /root/.cache/pypoetry/virtualenvs/freeprise-matchmaker-BsnH11MF-py3.8/lib/python3.8/site-packages/airflow/example_dags/example_short_circuit_decorator.py
[2024-07-25T07:56:41.259+0000] {logging_mixin.py:188} INFO - [2024-07-25T07:56:41.259+0000] {dag.py:3089} INFO - Sync 1 DAGs
[2024-07-25T07:56:41.297+0000] {logging_mixin.py:188} INFO - [2024-07-25T07:56:41.297+0000] {dag.py:3947} INFO - Setting next_dagrun for example_short_circuit_decorator to 2024-07-24 00:00:00+00:00, run_after=2024-07-25 00:00:00+00:00
[2024-07-25T07:56:41.333+0000] {processor.py:183} INFO - Processing /root/.cache/pypoetry/virtualenvs/freeprise-matchmaker-BsnH11MF-py3.8/lib/python3.8/site-packages/airflow/example_dags/example_short_circuit_decorator.py took 0.160 seconds
[2024-07-25T07:57:11.522+0000] {processor.py:161} INFO - Started process (PID=3735) to work on /root/.cache/pypoetry/virtualenvs/freeprise-matchmaker-BsnH11MF-py3.8/lib/python3.8/site-packages/airflow/example_dags/example_short_circuit_decorator.py
[2024-07-25T07:57:11.524+0000] {processor.py:830} INFO - Processing file /root/.cache/pypoetry/virtualenvs/freeprise-matchmaker-BsnH11MF-py3.8/lib/python3.8/site-packages/airflow/example_dags/example_short_circuit_decorator.py for tasks to queue
[2024-07-25T07:57:11.527+0000] {logging_mixin.py:188} INFO - [2024-07-25T07:57:11.526+0000] {dagbag.py:545} INFO - Filling up the DagBag from /root/.cache/pypoetry/virtualenvs/freeprise-matchmaker-BsnH11MF-py3.8/lib/python3.8/site-packages/airflow/example_dags/example_short_circuit_decorator.py
[2024-07-25T07:57:11.544+0000] {processor.py:840} INFO - DAG(s) 'example_short_circuit_decorator' retrieved from /root/.cache/pypoetry/virtualenvs/freeprise-matchmaker-BsnH11MF-py3.8/lib/python3.8/site-packages/airflow/example_dags/example_short_circuit_decorator.py
[2024-07-25T07:57:11.601+0000] {logging_mixin.py:188} INFO - [2024-07-25T07:57:11.601+0000] {dag.py:3089} INFO - Sync 1 DAGs
[2024-07-25T07:57:11.645+0000] {logging_mixin.py:188} INFO - [2024-07-25T07:57:11.645+0000] {dag.py:3947} INFO - Setting next_dagrun for example_short_circuit_decorator to 2024-07-24 00:00:00+00:00, run_after=2024-07-25 00:00:00+00:00
[2024-07-25T07:57:11.679+0000] {processor.py:183} INFO - Processing /root/.cache/pypoetry/virtualenvs/freeprise-matchmaker-BsnH11MF-py3.8/lib/python3.8/site-packages/airflow/example_dags/example_short_circuit_decorator.py took 0.170 seconds
[2024-07-25T07:57:41.922+0000] {processor.py:161} INFO - Started process (PID=4001) to work on /root/.cache/pypoetry/virtualenvs/freeprise-matchmaker-BsnH11MF-py3.8/lib/python3.8/site-packages/airflow/example_dags/example_short_circuit_decorator.py
[2024-07-25T07:57:41.925+0000] {processor.py:830} INFO - Processing file /root/.cache/pypoetry/virtualenvs/freeprise-matchmaker-BsnH11MF-py3.8/lib/python3.8/site-packages/airflow/example_dags/example_short_circuit_decorator.py for tasks to queue
[2024-07-25T07:57:41.928+0000] {logging_mixin.py:188} INFO - [2024-07-25T07:57:41.927+0000] {dagbag.py:545} INFO - Filling up the DagBag from /root/.cache/pypoetry/virtualenvs/freeprise-matchmaker-BsnH11MF-py3.8/lib/python3.8/site-packages/airflow/example_dags/example_short_circuit_decorator.py
[2024-07-25T07:57:41.948+0000] {processor.py:840} INFO - DAG(s) 'example_short_circuit_decorator' retrieved from /root/.cache/pypoetry/virtualenvs/freeprise-matchmaker-BsnH11MF-py3.8/lib/python3.8/site-packages/airflow/example_dags/example_short_circuit_decorator.py
[2024-07-25T07:57:42.009+0000] {logging_mixin.py:188} INFO - [2024-07-25T07:57:42.009+0000] {dag.py:3089} INFO - Sync 1 DAGs
[2024-07-25T07:57:42.046+0000] {logging_mixin.py:188} INFO - [2024-07-25T07:57:42.045+0000] {dag.py:3947} INFO - Setting next_dagrun for example_short_circuit_decorator to 2024-07-24 00:00:00+00:00, run_after=2024-07-25 00:00:00+00:00
[2024-07-25T07:57:42.077+0000] {processor.py:183} INFO - Processing /root/.cache/pypoetry/virtualenvs/freeprise-matchmaker-BsnH11MF-py3.8/lib/python3.8/site-packages/airflow/example_dags/example_short_circuit_decorator.py took 0.168 seconds
[2024-07-25T07:58:12.965+0000] {processor.py:161} INFO - Started process (PID=4264) to work on /root/.cache/pypoetry/virtualenvs/freeprise-matchmaker-BsnH11MF-py3.8/lib/python3.8/site-packages/airflow/example_dags/example_short_circuit_decorator.py
[2024-07-25T07:58:12.967+0000] {processor.py:830} INFO - Processing file /root/.cache/pypoetry/virtualenvs/freeprise-matchmaker-BsnH11MF-py3.8/lib/python3.8/site-packages/airflow/example_dags/example_short_circuit_decorator.py for tasks to queue
[2024-07-25T07:58:12.970+0000] {logging_mixin.py:188} INFO - [2024-07-25T07:58:12.970+0000] {dagbag.py:545} INFO - Filling up the DagBag from /root/.cache/pypoetry/virtualenvs/freeprise-matchmaker-BsnH11MF-py3.8/lib/python3.8/site-packages/airflow/example_dags/example_short_circuit_decorator.py
[2024-07-25T07:58:12.992+0000] {processor.py:840} INFO - DAG(s) 'example_short_circuit_decorator' retrieved from /root/.cache/pypoetry/virtualenvs/freeprise-matchmaker-BsnH11MF-py3.8/lib/python3.8/site-packages/airflow/example_dags/example_short_circuit_decorator.py
[2024-07-25T07:58:13.094+0000] {logging_mixin.py:188} INFO - [2024-07-25T07:58:13.093+0000] {dag.py:3089} INFO - Sync 1 DAGs
[2024-07-25T07:58:13.139+0000] {logging_mixin.py:188} INFO - [2024-07-25T07:58:13.138+0000] {dag.py:3947} INFO - Setting next_dagrun for example_short_circuit_decorator to 2024-07-24 00:00:00+00:00, run_after=2024-07-25 00:00:00+00:00
[2024-07-25T07:58:13.169+0000] {processor.py:183} INFO - Processing /root/.cache/pypoetry/virtualenvs/freeprise-matchmaker-BsnH11MF-py3.8/lib/python3.8/site-packages/airflow/example_dags/example_short_circuit_decorator.py took 0.221 seconds
[2024-07-25T07:58:43.308+0000] {processor.py:161} INFO - Started process (PID=4527) to work on /root/.cache/pypoetry/virtualenvs/freeprise-matchmaker-BsnH11MF-py3.8/lib/python3.8/site-packages/airflow/example_dags/example_short_circuit_decorator.py
[2024-07-25T07:58:43.310+0000] {processor.py:830} INFO - Processing file /root/.cache/pypoetry/virtualenvs/freeprise-matchmaker-BsnH11MF-py3.8/lib/python3.8/site-packages/airflow/example_dags/example_short_circuit_decorator.py for tasks to queue
[2024-07-25T07:58:43.313+0000] {logging_mixin.py:188} INFO - [2024-07-25T07:58:43.312+0000] {dagbag.py:545} INFO - Filling up the DagBag from /root/.cache/pypoetry/virtualenvs/freeprise-matchmaker-BsnH11MF-py3.8/lib/python3.8/site-packages/airflow/example_dags/example_short_circuit_decorator.py
[2024-07-25T07:58:43.328+0000] {processor.py:840} INFO - DAG(s) 'example_short_circuit_decorator' retrieved from /root/.cache/pypoetry/virtualenvs/freeprise-matchmaker-BsnH11MF-py3.8/lib/python3.8/site-packages/airflow/example_dags/example_short_circuit_decorator.py
[2024-07-25T07:58:43.373+0000] {logging_mixin.py:188} INFO - [2024-07-25T07:58:43.373+0000] {dag.py:3089} INFO - Sync 1 DAGs
[2024-07-25T07:58:43.406+0000] {logging_mixin.py:188} INFO - [2024-07-25T07:58:43.406+0000] {dag.py:3947} INFO - Setting next_dagrun for example_short_circuit_decorator to 2024-07-24 00:00:00+00:00, run_after=2024-07-25 00:00:00+00:00
[2024-07-25T07:58:43.435+0000] {processor.py:183} INFO - Processing /root/.cache/pypoetry/virtualenvs/freeprise-matchmaker-BsnH11MF-py3.8/lib/python3.8/site-packages/airflow/example_dags/example_short_circuit_decorator.py took 0.140 seconds
[2024-07-25T07:59:13.548+0000] {processor.py:161} INFO - Started process (PID=4793) to work on /root/.cache/pypoetry/virtualenvs/freeprise-matchmaker-BsnH11MF-py3.8/lib/python3.8/site-packages/airflow/example_dags/example_short_circuit_decorator.py
[2024-07-25T07:59:13.551+0000] {processor.py:830} INFO - Processing file /root/.cache/pypoetry/virtualenvs/freeprise-matchmaker-BsnH11MF-py3.8/lib/python3.8/site-packages/airflow/example_dags/example_short_circuit_decorator.py for tasks to queue
[2024-07-25T07:59:13.555+0000] {logging_mixin.py:188} INFO - [2024-07-25T07:59:13.554+0000] {dagbag.py:545} INFO - Filling up the DagBag from /root/.cache/pypoetry/virtualenvs/freeprise-matchmaker-BsnH11MF-py3.8/lib/python3.8/site-packages/airflow/example_dags/example_short_circuit_decorator.py
[2024-07-25T07:59:13.574+0000] {processor.py:840} INFO - DAG(s) 'example_short_circuit_decorator' retrieved from /root/.cache/pypoetry/virtualenvs/freeprise-matchmaker-BsnH11MF-py3.8/lib/python3.8/site-packages/airflow/example_dags/example_short_circuit_decorator.py
[2024-07-25T07:59:13.638+0000] {logging_mixin.py:188} INFO - [2024-07-25T07:59:13.638+0000] {dag.py:3089} INFO - Sync 1 DAGs
[2024-07-25T07:59:13.685+0000] {logging_mixin.py:188} INFO - [2024-07-25T07:59:13.684+0000] {dag.py:3947} INFO - Setting next_dagrun for example_short_circuit_decorator to 2024-07-24 00:00:00+00:00, run_after=2024-07-25 00:00:00+00:00
[2024-07-25T07:59:13.718+0000] {processor.py:183} INFO - Processing /root/.cache/pypoetry/virtualenvs/freeprise-matchmaker-BsnH11MF-py3.8/lib/python3.8/site-packages/airflow/example_dags/example_short_circuit_decorator.py took 0.185 seconds
[2024-07-25T07:59:44.234+0000] {processor.py:161} INFO - Started process (PID=5059) to work on /root/.cache/pypoetry/virtualenvs/freeprise-matchmaker-BsnH11MF-py3.8/lib/python3.8/site-packages/airflow/example_dags/example_short_circuit_decorator.py
[2024-07-25T07:59:44.237+0000] {processor.py:830} INFO - Processing file /root/.cache/pypoetry/virtualenvs/freeprise-matchmaker-BsnH11MF-py3.8/lib/python3.8/site-packages/airflow/example_dags/example_short_circuit_decorator.py for tasks to queue
[2024-07-25T07:59:44.242+0000] {logging_mixin.py:188} INFO - [2024-07-25T07:59:44.241+0000] {dagbag.py:545} INFO - Filling up the DagBag from /root/.cache/pypoetry/virtualenvs/freeprise-matchmaker-BsnH11MF-py3.8/lib/python3.8/site-packages/airflow/example_dags/example_short_circuit_decorator.py
[2024-07-25T07:59:44.273+0000] {processor.py:840} INFO - DAG(s) 'example_short_circuit_decorator' retrieved from /root/.cache/pypoetry/virtualenvs/freeprise-matchmaker-BsnH11MF-py3.8/lib/python3.8/site-packages/airflow/example_dags/example_short_circuit_decorator.py
[2024-07-25T07:59:44.355+0000] {logging_mixin.py:188} INFO - [2024-07-25T07:59:44.355+0000] {dag.py:3089} INFO - Sync 1 DAGs
[2024-07-25T07:59:44.417+0000] {logging_mixin.py:188} INFO - [2024-07-25T07:59:44.416+0000] {dag.py:3947} INFO - Setting next_dagrun for example_short_circuit_decorator to 2024-07-24 00:00:00+00:00, run_after=2024-07-25 00:00:00+00:00
[2024-07-25T07:59:44.457+0000] {processor.py:183} INFO - Processing /root/.cache/pypoetry/virtualenvs/freeprise-matchmaker-BsnH11MF-py3.8/lib/python3.8/site-packages/airflow/example_dags/example_short_circuit_decorator.py took 0.248 seconds
[2024-07-25T08:00:14.678+0000] {processor.py:161} INFO - Started process (PID=5325) to work on /root/.cache/pypoetry/virtualenvs/freeprise-matchmaker-BsnH11MF-py3.8/lib/python3.8/site-packages/airflow/example_dags/example_short_circuit_decorator.py
[2024-07-25T08:00:14.680+0000] {processor.py:830} INFO - Processing file /root/.cache/pypoetry/virtualenvs/freeprise-matchmaker-BsnH11MF-py3.8/lib/python3.8/site-packages/airflow/example_dags/example_short_circuit_decorator.py for tasks to queue
[2024-07-25T08:00:14.683+0000] {logging_mixin.py:188} INFO - [2024-07-25T08:00:14.682+0000] {dagbag.py:545} INFO - Filling up the DagBag from /root/.cache/pypoetry/virtualenvs/freeprise-matchmaker-BsnH11MF-py3.8/lib/python3.8/site-packages/airflow/example_dags/example_short_circuit_decorator.py
[2024-07-25T08:00:14.699+0000] {processor.py:840} INFO - DAG(s) 'example_short_circuit_decorator' retrieved from /root/.cache/pypoetry/virtualenvs/freeprise-matchmaker-BsnH11MF-py3.8/lib/python3.8/site-packages/airflow/example_dags/example_short_circuit_decorator.py
[2024-07-25T08:00:14.761+0000] {logging_mixin.py:188} INFO - [2024-07-25T08:00:14.760+0000] {dag.py:3089} INFO - Sync 1 DAGs
[2024-07-25T08:00:14.806+0000] {logging_mixin.py:188} INFO - [2024-07-25T08:00:14.805+0000] {dag.py:3947} INFO - Setting next_dagrun for example_short_circuit_decorator to 2024-07-24 00:00:00+00:00, run_after=2024-07-25 00:00:00+00:00
[2024-07-25T08:00:14.844+0000] {processor.py:183} INFO - Processing /root/.cache/pypoetry/virtualenvs/freeprise-matchmaker-BsnH11MF-py3.8/lib/python3.8/site-packages/airflow/example_dags/example_short_circuit_decorator.py took 0.180 seconds
[2024-07-25T08:00:45.050+0000] {processor.py:161} INFO - Started process (PID=5591) to work on /root/.cache/pypoetry/virtualenvs/freeprise-matchmaker-BsnH11MF-py3.8/lib/python3.8/site-packages/airflow/example_dags/example_short_circuit_decorator.py
[2024-07-25T08:00:45.057+0000] {processor.py:830} INFO - Processing file /root/.cache/pypoetry/virtualenvs/freeprise-matchmaker-BsnH11MF-py3.8/lib/python3.8/site-packages/airflow/example_dags/example_short_circuit_decorator.py for tasks to queue
[2024-07-25T08:00:45.066+0000] {logging_mixin.py:188} INFO - [2024-07-25T08:00:45.065+0000] {dagbag.py:545} INFO - Filling up the DagBag from /root/.cache/pypoetry/virtualenvs/freeprise-matchmaker-BsnH11MF-py3.8/lib/python3.8/site-packages/airflow/example_dags/example_short_circuit_decorator.py
[2024-07-25T08:00:45.109+0000] {processor.py:840} INFO - DAG(s) 'example_short_circuit_decorator' retrieved from /root/.cache/pypoetry/virtualenvs/freeprise-matchmaker-BsnH11MF-py3.8/lib/python3.8/site-packages/airflow/example_dags/example_short_circuit_decorator.py
[2024-07-25T08:00:45.247+0000] {logging_mixin.py:188} INFO - [2024-07-25T08:00:45.245+0000] {dag.py:3089} INFO - Sync 1 DAGs
[2024-07-25T08:00:45.346+0000] {logging_mixin.py:188} INFO - [2024-07-25T08:00:45.345+0000] {dag.py:3947} INFO - Setting next_dagrun for example_short_circuit_decorator to 2024-07-24 00:00:00+00:00, run_after=2024-07-25 00:00:00+00:00
[2024-07-25T08:00:45.415+0000] {processor.py:183} INFO - Processing /root/.cache/pypoetry/virtualenvs/freeprise-matchmaker-BsnH11MF-py3.8/lib/python3.8/site-packages/airflow/example_dags/example_short_circuit_decorator.py took 0.407 seconds
