[2024-07-25T07:50:29.453+0000] {processor.py:161} INFO - Started process (PID=242) to work on /root/.cache/pypoetry/virtualenvs/freeprise-matchmaker-BsnH11MF-py3.8/lib/python3.8/site-packages/airflow/example_dags/example_trigger_controller_dag.py
[2024-07-25T07:50:29.454+0000] {processor.py:830} INFO - Processing file /root/.cache/pypoetry/virtualenvs/freeprise-matchmaker-BsnH11MF-py3.8/lib/python3.8/site-packages/airflow/example_dags/example_trigger_controller_dag.py for tasks to queue
[2024-07-25T07:50:29.458+0000] {logging_mixin.py:188} INFO - [2024-07-25T07:50:29.457+0000] {dagbag.py:545} INFO - Filling up the DagBag from /root/.cache/pypoetry/virtualenvs/freeprise-matchmaker-BsnH11MF-py3.8/lib/python3.8/site-packages/airflow/example_dags/example_trigger_controller_dag.py
[2024-07-25T07:50:29.471+0000] {processor.py:840} INFO - DAG(s) 'example_trigger_controller_dag' retrieved from /root/.cache/pypoetry/virtualenvs/freeprise-matchmaker-BsnH11MF-py3.8/lib/python3.8/site-packages/airflow/example_dags/example_trigger_controller_dag.py
[2024-07-25T07:50:29.495+0000] {logging_mixin.py:188} INFO - [2024-07-25T07:50:29.495+0000] {dag.py:3089} INFO - Sync 1 DAGs
[2024-07-25T07:50:29.534+0000] {logging_mixin.py:188} INFO - [2024-07-25T07:50:29.533+0000] {dag.py:3947} INFO - Setting next_dagrun for example_trigger_controller_dag to 2021-01-01 00:00:00+00:00, run_after=2021-01-01 00:00:00+00:00
[2024-07-25T07:50:29.564+0000] {processor.py:183} INFO - Processing /root/.cache/pypoetry/virtualenvs/freeprise-matchmaker-BsnH11MF-py3.8/lib/python3.8/site-packages/airflow/example_dags/example_trigger_controller_dag.py took 0.126 seconds
[2024-07-25T07:51:01.608+0000] {processor.py:161} INFO - Started process (PID=508) to work on /root/.cache/pypoetry/virtualenvs/freeprise-matchmaker-BsnH11MF-py3.8/lib/python3.8/site-packages/airflow/example_dags/example_trigger_controller_dag.py
[2024-07-25T07:51:01.610+0000] {processor.py:830} INFO - Processing file /root/.cache/pypoetry/virtualenvs/freeprise-matchmaker-BsnH11MF-py3.8/lib/python3.8/site-packages/airflow/example_dags/example_trigger_controller_dag.py for tasks to queue
[2024-07-25T07:51:01.613+0000] {logging_mixin.py:188} INFO - [2024-07-25T07:51:01.612+0000] {dagbag.py:545} INFO - Filling up the DagBag from /root/.cache/pypoetry/virtualenvs/freeprise-matchmaker-BsnH11MF-py3.8/lib/python3.8/site-packages/airflow/example_dags/example_trigger_controller_dag.py
[2024-07-25T07:51:01.623+0000] {processor.py:840} INFO - DAG(s) 'example_trigger_controller_dag' retrieved from /root/.cache/pypoetry/virtualenvs/freeprise-matchmaker-BsnH11MF-py3.8/lib/python3.8/site-packages/airflow/example_dags/example_trigger_controller_dag.py
[2024-07-25T07:51:01.932+0000] {logging_mixin.py:188} INFO - [2024-07-25T07:51:01.931+0000] {dag.py:3089} INFO - Sync 1 DAGs
[2024-07-25T07:51:01.959+0000] {logging_mixin.py:188} INFO - [2024-07-25T07:51:01.958+0000] {dag.py:3947} INFO - Setting next_dagrun for example_trigger_controller_dag to 2021-01-01 00:00:00+00:00, run_after=2021-01-01 00:00:00+00:00
[2024-07-25T07:51:01.988+0000] {processor.py:183} INFO - Processing /root/.cache/pypoetry/virtualenvs/freeprise-matchmaker-BsnH11MF-py3.8/lib/python3.8/site-packages/airflow/example_dags/example_trigger_controller_dag.py took 0.395 seconds
[2024-07-25T07:51:32.321+0000] {processor.py:161} INFO - Started process (PID=774) to work on /root/.cache/pypoetry/virtualenvs/freeprise-matchmaker-BsnH11MF-py3.8/lib/python3.8/site-packages/airflow/example_dags/example_trigger_controller_dag.py
[2024-07-25T07:51:32.323+0000] {processor.py:830} INFO - Processing file /root/.cache/pypoetry/virtualenvs/freeprise-matchmaker-BsnH11MF-py3.8/lib/python3.8/site-packages/airflow/example_dags/example_trigger_controller_dag.py for tasks to queue
[2024-07-25T07:51:32.327+0000] {logging_mixin.py:188} INFO - [2024-07-25T07:51:32.326+0000] {dagbag.py:545} INFO - Filling up the DagBag from /root/.cache/pypoetry/virtualenvs/freeprise-matchmaker-BsnH11MF-py3.8/lib/python3.8/site-packages/airflow/example_dags/example_trigger_controller_dag.py
[2024-07-25T07:51:32.339+0000] {processor.py:840} INFO - DAG(s) 'example_trigger_controller_dag' retrieved from /root/.cache/pypoetry/virtualenvs/freeprise-matchmaker-BsnH11MF-py3.8/lib/python3.8/site-packages/airflow/example_dags/example_trigger_controller_dag.py
[2024-07-25T07:51:32.542+0000] {logging_mixin.py:188} INFO - [2024-07-25T07:51:32.541+0000] {dag.py:3089} INFO - Sync 1 DAGs
[2024-07-25T07:51:32.583+0000] {logging_mixin.py:188} INFO - [2024-07-25T07:51:32.583+0000] {dag.py:3947} INFO - Setting next_dagrun for example_trigger_controller_dag to 2021-01-01 00:00:00+00:00, run_after=2021-01-01 00:00:00+00:00
[2024-07-25T07:51:32.608+0000] {processor.py:183} INFO - Processing /root/.cache/pypoetry/virtualenvs/freeprise-matchmaker-BsnH11MF-py3.8/lib/python3.8/site-packages/airflow/example_dags/example_trigger_controller_dag.py took 0.305 seconds
[2024-07-25T07:52:02.957+0000] {processor.py:161} INFO - Started process (PID=1040) to work on /root/.cache/pypoetry/virtualenvs/freeprise-matchmaker-BsnH11MF-py3.8/lib/python3.8/site-packages/airflow/example_dags/example_trigger_controller_dag.py
[2024-07-25T07:52:02.959+0000] {processor.py:830} INFO - Processing file /root/.cache/pypoetry/virtualenvs/freeprise-matchmaker-BsnH11MF-py3.8/lib/python3.8/site-packages/airflow/example_dags/example_trigger_controller_dag.py for tasks to queue
[2024-07-25T07:52:02.962+0000] {logging_mixin.py:188} INFO - [2024-07-25T07:52:02.961+0000] {dagbag.py:545} INFO - Filling up the DagBag from /root/.cache/pypoetry/virtualenvs/freeprise-matchmaker-BsnH11MF-py3.8/lib/python3.8/site-packages/airflow/example_dags/example_trigger_controller_dag.py
[2024-07-25T07:52:02.971+0000] {processor.py:840} INFO - DAG(s) 'example_trigger_controller_dag' retrieved from /root/.cache/pypoetry/virtualenvs/freeprise-matchmaker-BsnH11MF-py3.8/lib/python3.8/site-packages/airflow/example_dags/example_trigger_controller_dag.py
[2024-07-25T07:52:03.010+0000] {logging_mixin.py:188} INFO - [2024-07-25T07:52:03.010+0000] {dag.py:3089} INFO - Sync 1 DAGs
[2024-07-25T07:52:03.046+0000] {logging_mixin.py:188} INFO - [2024-07-25T07:52:03.045+0000] {dag.py:3947} INFO - Setting next_dagrun for example_trigger_controller_dag to 2021-01-01 00:00:00+00:00, run_after=2021-01-01 00:00:00+00:00
[2024-07-25T07:52:03.072+0000] {processor.py:183} INFO - Processing /root/.cache/pypoetry/virtualenvs/freeprise-matchmaker-BsnH11MF-py3.8/lib/python3.8/site-packages/airflow/example_dags/example_trigger_controller_dag.py took 0.128 seconds
[2024-07-25T07:52:33.985+0000] {processor.py:161} INFO - Started process (PID=1306) to work on /root/.cache/pypoetry/virtualenvs/freeprise-matchmaker-BsnH11MF-py3.8/lib/python3.8/site-packages/airflow/example_dags/example_trigger_controller_dag.py
[2024-07-25T07:52:33.987+0000] {processor.py:830} INFO - Processing file /root/.cache/pypoetry/virtualenvs/freeprise-matchmaker-BsnH11MF-py3.8/lib/python3.8/site-packages/airflow/example_dags/example_trigger_controller_dag.py for tasks to queue
[2024-07-25T07:52:33.990+0000] {logging_mixin.py:188} INFO - [2024-07-25T07:52:33.989+0000] {dagbag.py:545} INFO - Filling up the DagBag from /root/.cache/pypoetry/virtualenvs/freeprise-matchmaker-BsnH11MF-py3.8/lib/python3.8/site-packages/airflow/example_dags/example_trigger_controller_dag.py
[2024-07-25T07:52:33.998+0000] {processor.py:840} INFO - DAG(s) 'example_trigger_controller_dag' retrieved from /root/.cache/pypoetry/virtualenvs/freeprise-matchmaker-BsnH11MF-py3.8/lib/python3.8/site-packages/airflow/example_dags/example_trigger_controller_dag.py
[2024-07-25T07:52:34.039+0000] {logging_mixin.py:188} INFO - [2024-07-25T07:52:34.039+0000] {dag.py:3089} INFO - Sync 1 DAGs
[2024-07-25T07:52:34.076+0000] {logging_mixin.py:188} INFO - [2024-07-25T07:52:34.076+0000] {dag.py:3947} INFO - Setting next_dagrun for example_trigger_controller_dag to 2021-01-01 00:00:00+00:00, run_after=2021-01-01 00:00:00+00:00
[2024-07-25T07:52:34.109+0000] {processor.py:183} INFO - Processing /root/.cache/pypoetry/virtualenvs/freeprise-matchmaker-BsnH11MF-py3.8/lib/python3.8/site-packages/airflow/example_dags/example_trigger_controller_dag.py took 0.137 seconds
[2024-07-25T07:53:04.871+0000] {processor.py:161} INFO - Started process (PID=1574) to work on /root/.cache/pypoetry/virtualenvs/freeprise-matchmaker-BsnH11MF-py3.8/lib/python3.8/site-packages/airflow/example_dags/example_trigger_controller_dag.py
[2024-07-25T07:53:04.872+0000] {processor.py:830} INFO - Processing file /root/.cache/pypoetry/virtualenvs/freeprise-matchmaker-BsnH11MF-py3.8/lib/python3.8/site-packages/airflow/example_dags/example_trigger_controller_dag.py for tasks to queue
[2024-07-25T07:53:04.874+0000] {logging_mixin.py:188} INFO - [2024-07-25T07:53:04.874+0000] {dagbag.py:545} INFO - Filling up the DagBag from /root/.cache/pypoetry/virtualenvs/freeprise-matchmaker-BsnH11MF-py3.8/lib/python3.8/site-packages/airflow/example_dags/example_trigger_controller_dag.py
[2024-07-25T07:53:04.882+0000] {processor.py:840} INFO - DAG(s) 'example_trigger_controller_dag' retrieved from /root/.cache/pypoetry/virtualenvs/freeprise-matchmaker-BsnH11MF-py3.8/lib/python3.8/site-packages/airflow/example_dags/example_trigger_controller_dag.py
[2024-07-25T07:53:04.919+0000] {logging_mixin.py:188} INFO - [2024-07-25T07:53:04.919+0000] {dag.py:3089} INFO - Sync 1 DAGs
[2024-07-25T07:53:04.954+0000] {logging_mixin.py:188} INFO - [2024-07-25T07:53:04.954+0000] {dag.py:3947} INFO - Setting next_dagrun for example_trigger_controller_dag to 2021-01-01 00:00:00+00:00, run_after=2021-01-01 00:00:00+00:00
[2024-07-25T07:53:04.980+0000] {processor.py:183} INFO - Processing /root/.cache/pypoetry/virtualenvs/freeprise-matchmaker-BsnH11MF-py3.8/lib/python3.8/site-packages/airflow/example_dags/example_trigger_controller_dag.py took 0.121 seconds
[2024-07-25T07:53:35.530+0000] {processor.py:161} INFO - Started process (PID=1838) to work on /root/.cache/pypoetry/virtualenvs/freeprise-matchmaker-BsnH11MF-py3.8/lib/python3.8/site-packages/airflow/example_dags/example_trigger_controller_dag.py
[2024-07-25T07:53:35.533+0000] {processor.py:830} INFO - Processing file /root/.cache/pypoetry/virtualenvs/freeprise-matchmaker-BsnH11MF-py3.8/lib/python3.8/site-packages/airflow/example_dags/example_trigger_controller_dag.py for tasks to queue
[2024-07-25T07:53:35.535+0000] {logging_mixin.py:188} INFO - [2024-07-25T07:53:35.535+0000] {dagbag.py:545} INFO - Filling up the DagBag from /root/.cache/pypoetry/virtualenvs/freeprise-matchmaker-BsnH11MF-py3.8/lib/python3.8/site-packages/airflow/example_dags/example_trigger_controller_dag.py
[2024-07-25T07:53:35.544+0000] {processor.py:840} INFO - DAG(s) 'example_trigger_controller_dag' retrieved from /root/.cache/pypoetry/virtualenvs/freeprise-matchmaker-BsnH11MF-py3.8/lib/python3.8/site-packages/airflow/example_dags/example_trigger_controller_dag.py
[2024-07-25T07:53:35.589+0000] {logging_mixin.py:188} INFO - [2024-07-25T07:53:35.589+0000] {dag.py:3089} INFO - Sync 1 DAGs
[2024-07-25T07:53:35.631+0000] {logging_mixin.py:188} INFO - [2024-07-25T07:53:35.631+0000] {dag.py:3947} INFO - Setting next_dagrun for example_trigger_controller_dag to 2021-01-01 00:00:00+00:00, run_after=2021-01-01 00:00:00+00:00
[2024-07-25T07:53:35.666+0000] {processor.py:183} INFO - Processing /root/.cache/pypoetry/virtualenvs/freeprise-matchmaker-BsnH11MF-py3.8/lib/python3.8/site-packages/airflow/example_dags/example_trigger_controller_dag.py took 0.152 seconds
[2024-07-25T07:54:06.063+0000] {processor.py:161} INFO - Started process (PID=2104) to work on /root/.cache/pypoetry/virtualenvs/freeprise-matchmaker-BsnH11MF-py3.8/lib/python3.8/site-packages/airflow/example_dags/example_trigger_controller_dag.py
[2024-07-25T07:54:06.067+0000] {processor.py:830} INFO - Processing file /root/.cache/pypoetry/virtualenvs/freeprise-matchmaker-BsnH11MF-py3.8/lib/python3.8/site-packages/airflow/example_dags/example_trigger_controller_dag.py for tasks to queue
[2024-07-25T07:54:06.070+0000] {logging_mixin.py:188} INFO - [2024-07-25T07:54:06.070+0000] {dagbag.py:545} INFO - Filling up the DagBag from /root/.cache/pypoetry/virtualenvs/freeprise-matchmaker-BsnH11MF-py3.8/lib/python3.8/site-packages/airflow/example_dags/example_trigger_controller_dag.py
[2024-07-25T07:54:06.078+0000] {processor.py:840} INFO - DAG(s) 'example_trigger_controller_dag' retrieved from /root/.cache/pypoetry/virtualenvs/freeprise-matchmaker-BsnH11MF-py3.8/lib/python3.8/site-packages/airflow/example_dags/example_trigger_controller_dag.py
[2024-07-25T07:54:06.116+0000] {logging_mixin.py:188} INFO - [2024-07-25T07:54:06.116+0000] {dag.py:3089} INFO - Sync 1 DAGs
[2024-07-25T07:54:06.151+0000] {logging_mixin.py:188} INFO - [2024-07-25T07:54:06.151+0000] {dag.py:3947} INFO - Setting next_dagrun for example_trigger_controller_dag to 2021-01-01 00:00:00+00:00, run_after=2021-01-01 00:00:00+00:00
[2024-07-25T07:54:06.178+0000] {processor.py:183} INFO - Processing /root/.cache/pypoetry/virtualenvs/freeprise-matchmaker-BsnH11MF-py3.8/lib/python3.8/site-packages/airflow/example_dags/example_trigger_controller_dag.py took 0.130 seconds
[2024-07-25T07:54:36.476+0000] {processor.py:161} INFO - Started process (PID=2370) to work on /root/.cache/pypoetry/virtualenvs/freeprise-matchmaker-BsnH11MF-py3.8/lib/python3.8/site-packages/airflow/example_dags/example_trigger_controller_dag.py
[2024-07-25T07:54:36.478+0000] {processor.py:830} INFO - Processing file /root/.cache/pypoetry/virtualenvs/freeprise-matchmaker-BsnH11MF-py3.8/lib/python3.8/site-packages/airflow/example_dags/example_trigger_controller_dag.py for tasks to queue
[2024-07-25T07:54:36.481+0000] {logging_mixin.py:188} INFO - [2024-07-25T07:54:36.480+0000] {dagbag.py:545} INFO - Filling up the DagBag from /root/.cache/pypoetry/virtualenvs/freeprise-matchmaker-BsnH11MF-py3.8/lib/python3.8/site-packages/airflow/example_dags/example_trigger_controller_dag.py
[2024-07-25T07:54:36.488+0000] {processor.py:840} INFO - DAG(s) 'example_trigger_controller_dag' retrieved from /root/.cache/pypoetry/virtualenvs/freeprise-matchmaker-BsnH11MF-py3.8/lib/python3.8/site-packages/airflow/example_dags/example_trigger_controller_dag.py
[2024-07-25T07:54:36.534+0000] {logging_mixin.py:188} INFO - [2024-07-25T07:54:36.533+0000] {dag.py:3089} INFO - Sync 1 DAGs
[2024-07-25T07:54:36.571+0000] {logging_mixin.py:188} INFO - [2024-07-25T07:54:36.570+0000] {dag.py:3947} INFO - Setting next_dagrun for example_trigger_controller_dag to 2021-01-01 00:00:00+00:00, run_after=2021-01-01 00:00:00+00:00
[2024-07-25T07:54:36.598+0000] {processor.py:183} INFO - Processing /root/.cache/pypoetry/virtualenvs/freeprise-matchmaker-BsnH11MF-py3.8/lib/python3.8/site-packages/airflow/example_dags/example_trigger_controller_dag.py took 0.136 seconds
[2024-07-25T07:55:06.728+0000] {processor.py:161} INFO - Started process (PID=2636) to work on /root/.cache/pypoetry/virtualenvs/freeprise-matchmaker-BsnH11MF-py3.8/lib/python3.8/site-packages/airflow/example_dags/example_trigger_controller_dag.py
[2024-07-25T07:55:06.729+0000] {processor.py:830} INFO - Processing file /root/.cache/pypoetry/virtualenvs/freeprise-matchmaker-BsnH11MF-py3.8/lib/python3.8/site-packages/airflow/example_dags/example_trigger_controller_dag.py for tasks to queue
[2024-07-25T07:55:06.732+0000] {logging_mixin.py:188} INFO - [2024-07-25T07:55:06.731+0000] {dagbag.py:545} INFO - Filling up the DagBag from /root/.cache/pypoetry/virtualenvs/freeprise-matchmaker-BsnH11MF-py3.8/lib/python3.8/site-packages/airflow/example_dags/example_trigger_controller_dag.py
[2024-07-25T07:55:06.740+0000] {processor.py:840} INFO - DAG(s) 'example_trigger_controller_dag' retrieved from /root/.cache/pypoetry/virtualenvs/freeprise-matchmaker-BsnH11MF-py3.8/lib/python3.8/site-packages/airflow/example_dags/example_trigger_controller_dag.py
[2024-07-25T07:55:06.781+0000] {logging_mixin.py:188} INFO - [2024-07-25T07:55:06.780+0000] {dag.py:3089} INFO - Sync 1 DAGs
[2024-07-25T07:55:06.816+0000] {logging_mixin.py:188} INFO - [2024-07-25T07:55:06.816+0000] {dag.py:3947} INFO - Setting next_dagrun for example_trigger_controller_dag to 2021-01-01 00:00:00+00:00, run_after=2021-01-01 00:00:00+00:00
[2024-07-25T07:55:06.846+0000] {processor.py:183} INFO - Processing /root/.cache/pypoetry/virtualenvs/freeprise-matchmaker-BsnH11MF-py3.8/lib/python3.8/site-packages/airflow/example_dags/example_trigger_controller_dag.py took 0.130 seconds
[2024-07-25T07:55:36.898+0000] {processor.py:161} INFO - Started process (PID=2896) to work on /root/.cache/pypoetry/virtualenvs/freeprise-matchmaker-BsnH11MF-py3.8/lib/python3.8/site-packages/airflow/example_dags/example_trigger_controller_dag.py
[2024-07-25T07:55:36.901+0000] {processor.py:830} INFO - Processing file /root/.cache/pypoetry/virtualenvs/freeprise-matchmaker-BsnH11MF-py3.8/lib/python3.8/site-packages/airflow/example_dags/example_trigger_controller_dag.py for tasks to queue
[2024-07-25T07:55:36.904+0000] {logging_mixin.py:188} INFO - [2024-07-25T07:55:36.903+0000] {dagbag.py:545} INFO - Filling up the DagBag from /root/.cache/pypoetry/virtualenvs/freeprise-matchmaker-BsnH11MF-py3.8/lib/python3.8/site-packages/airflow/example_dags/example_trigger_controller_dag.py
[2024-07-25T07:55:36.912+0000] {processor.py:840} INFO - DAG(s) 'example_trigger_controller_dag' retrieved from /root/.cache/pypoetry/virtualenvs/freeprise-matchmaker-BsnH11MF-py3.8/lib/python3.8/site-packages/airflow/example_dags/example_trigger_controller_dag.py
[2024-07-25T07:55:36.952+0000] {logging_mixin.py:188} INFO - [2024-07-25T07:55:36.952+0000] {dag.py:3089} INFO - Sync 1 DAGs
[2024-07-25T07:55:36.986+0000] {logging_mixin.py:188} INFO - [2024-07-25T07:55:36.985+0000] {dag.py:3947} INFO - Setting next_dagrun for example_trigger_controller_dag to 2021-01-01 00:00:00+00:00, run_after=2021-01-01 00:00:00+00:00
[2024-07-25T07:55:37.015+0000] {processor.py:183} INFO - Processing /root/.cache/pypoetry/virtualenvs/freeprise-matchmaker-BsnH11MF-py3.8/lib/python3.8/site-packages/airflow/example_dags/example_trigger_controller_dag.py took 0.128 seconds
[2024-07-25T07:56:07.166+0000] {processor.py:161} INFO - Started process (PID=3162) to work on /root/.cache/pypoetry/virtualenvs/freeprise-matchmaker-BsnH11MF-py3.8/lib/python3.8/site-packages/airflow/example_dags/example_trigger_controller_dag.py
[2024-07-25T07:56:07.168+0000] {processor.py:830} INFO - Processing file /root/.cache/pypoetry/virtualenvs/freeprise-matchmaker-BsnH11MF-py3.8/lib/python3.8/site-packages/airflow/example_dags/example_trigger_controller_dag.py for tasks to queue
[2024-07-25T07:56:07.171+0000] {logging_mixin.py:188} INFO - [2024-07-25T07:56:07.170+0000] {dagbag.py:545} INFO - Filling up the DagBag from /root/.cache/pypoetry/virtualenvs/freeprise-matchmaker-BsnH11MF-py3.8/lib/python3.8/site-packages/airflow/example_dags/example_trigger_controller_dag.py
[2024-07-25T07:56:07.180+0000] {processor.py:840} INFO - DAG(s) 'example_trigger_controller_dag' retrieved from /root/.cache/pypoetry/virtualenvs/freeprise-matchmaker-BsnH11MF-py3.8/lib/python3.8/site-packages/airflow/example_dags/example_trigger_controller_dag.py
[2024-07-25T07:56:07.219+0000] {logging_mixin.py:188} INFO - [2024-07-25T07:56:07.219+0000] {dag.py:3089} INFO - Sync 1 DAGs
[2024-07-25T07:56:07.254+0000] {logging_mixin.py:188} INFO - [2024-07-25T07:56:07.254+0000] {dag.py:3947} INFO - Setting next_dagrun for example_trigger_controller_dag to 2021-01-01 00:00:00+00:00, run_after=2021-01-01 00:00:00+00:00
[2024-07-25T07:56:07.282+0000] {processor.py:183} INFO - Processing /root/.cache/pypoetry/virtualenvs/freeprise-matchmaker-BsnH11MF-py3.8/lib/python3.8/site-packages/airflow/example_dags/example_trigger_controller_dag.py took 0.130 seconds
[2024-07-25T07:56:37.386+0000] {processor.py:161} INFO - Started process (PID=3428) to work on /root/.cache/pypoetry/virtualenvs/freeprise-matchmaker-BsnH11MF-py3.8/lib/python3.8/site-packages/airflow/example_dags/example_trigger_controller_dag.py
[2024-07-25T07:56:37.388+0000] {processor.py:830} INFO - Processing file /root/.cache/pypoetry/virtualenvs/freeprise-matchmaker-BsnH11MF-py3.8/lib/python3.8/site-packages/airflow/example_dags/example_trigger_controller_dag.py for tasks to queue
[2024-07-25T07:56:37.391+0000] {logging_mixin.py:188} INFO - [2024-07-25T07:56:37.390+0000] {dagbag.py:545} INFO - Filling up the DagBag from /root/.cache/pypoetry/virtualenvs/freeprise-matchmaker-BsnH11MF-py3.8/lib/python3.8/site-packages/airflow/example_dags/example_trigger_controller_dag.py
[2024-07-25T07:56:37.399+0000] {processor.py:840} INFO - DAG(s) 'example_trigger_controller_dag' retrieved from /root/.cache/pypoetry/virtualenvs/freeprise-matchmaker-BsnH11MF-py3.8/lib/python3.8/site-packages/airflow/example_dags/example_trigger_controller_dag.py
[2024-07-25T07:56:37.439+0000] {logging_mixin.py:188} INFO - [2024-07-25T07:56:37.439+0000] {dag.py:3089} INFO - Sync 1 DAGs
[2024-07-25T07:56:37.473+0000] {logging_mixin.py:188} INFO - [2024-07-25T07:56:37.472+0000] {dag.py:3947} INFO - Setting next_dagrun for example_trigger_controller_dag to 2021-01-01 00:00:00+00:00, run_after=2021-01-01 00:00:00+00:00
[2024-07-25T07:56:37.500+0000] {processor.py:183} INFO - Processing /root/.cache/pypoetry/virtualenvs/freeprise-matchmaker-BsnH11MF-py3.8/lib/python3.8/site-packages/airflow/example_dags/example_trigger_controller_dag.py took 0.128 seconds
[2024-07-25T07:57:07.560+0000] {processor.py:161} INFO - Started process (PID=3694) to work on /root/.cache/pypoetry/virtualenvs/freeprise-matchmaker-BsnH11MF-py3.8/lib/python3.8/site-packages/airflow/example_dags/example_trigger_controller_dag.py
[2024-07-25T07:57:07.561+0000] {processor.py:830} INFO - Processing file /root/.cache/pypoetry/virtualenvs/freeprise-matchmaker-BsnH11MF-py3.8/lib/python3.8/site-packages/airflow/example_dags/example_trigger_controller_dag.py for tasks to queue
[2024-07-25T07:57:07.564+0000] {logging_mixin.py:188} INFO - [2024-07-25T07:57:07.563+0000] {dagbag.py:545} INFO - Filling up the DagBag from /root/.cache/pypoetry/virtualenvs/freeprise-matchmaker-BsnH11MF-py3.8/lib/python3.8/site-packages/airflow/example_dags/example_trigger_controller_dag.py
[2024-07-25T07:57:07.572+0000] {processor.py:840} INFO - DAG(s) 'example_trigger_controller_dag' retrieved from /root/.cache/pypoetry/virtualenvs/freeprise-matchmaker-BsnH11MF-py3.8/lib/python3.8/site-packages/airflow/example_dags/example_trigger_controller_dag.py
[2024-07-25T07:57:07.610+0000] {logging_mixin.py:188} INFO - [2024-07-25T07:57:07.610+0000] {dag.py:3089} INFO - Sync 1 DAGs
[2024-07-25T07:57:07.643+0000] {logging_mixin.py:188} INFO - [2024-07-25T07:57:07.643+0000] {dag.py:3947} INFO - Setting next_dagrun for example_trigger_controller_dag to 2021-01-01 00:00:00+00:00, run_after=2021-01-01 00:00:00+00:00
[2024-07-25T07:57:07.670+0000] {processor.py:183} INFO - Processing /root/.cache/pypoetry/virtualenvs/freeprise-matchmaker-BsnH11MF-py3.8/lib/python3.8/site-packages/airflow/example_dags/example_trigger_controller_dag.py took 0.122 seconds
[2024-07-25T07:57:37.869+0000] {processor.py:161} INFO - Started process (PID=3958) to work on /root/.cache/pypoetry/virtualenvs/freeprise-matchmaker-BsnH11MF-py3.8/lib/python3.8/site-packages/airflow/example_dags/example_trigger_controller_dag.py
[2024-07-25T07:57:37.871+0000] {processor.py:830} INFO - Processing file /root/.cache/pypoetry/virtualenvs/freeprise-matchmaker-BsnH11MF-py3.8/lib/python3.8/site-packages/airflow/example_dags/example_trigger_controller_dag.py for tasks to queue
[2024-07-25T07:57:37.874+0000] {logging_mixin.py:188} INFO - [2024-07-25T07:57:37.874+0000] {dagbag.py:545} INFO - Filling up the DagBag from /root/.cache/pypoetry/virtualenvs/freeprise-matchmaker-BsnH11MF-py3.8/lib/python3.8/site-packages/airflow/example_dags/example_trigger_controller_dag.py
[2024-07-25T07:57:37.883+0000] {processor.py:840} INFO - DAG(s) 'example_trigger_controller_dag' retrieved from /root/.cache/pypoetry/virtualenvs/freeprise-matchmaker-BsnH11MF-py3.8/lib/python3.8/site-packages/airflow/example_dags/example_trigger_controller_dag.py
[2024-07-25T07:57:37.934+0000] {logging_mixin.py:188} INFO - [2024-07-25T07:57:37.934+0000] {dag.py:3089} INFO - Sync 1 DAGs
[2024-07-25T07:57:37.975+0000] {logging_mixin.py:188} INFO - [2024-07-25T07:57:37.974+0000] {dag.py:3947} INFO - Setting next_dagrun for example_trigger_controller_dag to 2021-01-01 00:00:00+00:00, run_after=2021-01-01 00:00:00+00:00
[2024-07-25T07:57:38.001+0000] {processor.py:183} INFO - Processing /root/.cache/pypoetry/virtualenvs/freeprise-matchmaker-BsnH11MF-py3.8/lib/python3.8/site-packages/airflow/example_dags/example_trigger_controller_dag.py took 0.149 seconds
[2024-07-25T07:58:08.221+0000] {processor.py:161} INFO - Started process (PID=4224) to work on /root/.cache/pypoetry/virtualenvs/freeprise-matchmaker-BsnH11MF-py3.8/lib/python3.8/site-packages/airflow/example_dags/example_trigger_controller_dag.py
[2024-07-25T07:58:08.222+0000] {processor.py:830} INFO - Processing file /root/.cache/pypoetry/virtualenvs/freeprise-matchmaker-BsnH11MF-py3.8/lib/python3.8/site-packages/airflow/example_dags/example_trigger_controller_dag.py for tasks to queue
[2024-07-25T07:58:08.226+0000] {logging_mixin.py:188} INFO - [2024-07-25T07:58:08.225+0000] {dagbag.py:545} INFO - Filling up the DagBag from /root/.cache/pypoetry/virtualenvs/freeprise-matchmaker-BsnH11MF-py3.8/lib/python3.8/site-packages/airflow/example_dags/example_trigger_controller_dag.py
[2024-07-25T07:58:08.236+0000] {processor.py:840} INFO - DAG(s) 'example_trigger_controller_dag' retrieved from /root/.cache/pypoetry/virtualenvs/freeprise-matchmaker-BsnH11MF-py3.8/lib/python3.8/site-packages/airflow/example_dags/example_trigger_controller_dag.py
[2024-07-25T07:58:08.284+0000] {logging_mixin.py:188} INFO - [2024-07-25T07:58:08.283+0000] {dag.py:3089} INFO - Sync 1 DAGs
[2024-07-25T07:58:08.327+0000] {logging_mixin.py:188} INFO - [2024-07-25T07:58:08.327+0000] {dag.py:3947} INFO - Setting next_dagrun for example_trigger_controller_dag to 2021-01-01 00:00:00+00:00, run_after=2021-01-01 00:00:00+00:00
[2024-07-25T07:58:08.355+0000] {processor.py:183} INFO - Processing /root/.cache/pypoetry/virtualenvs/freeprise-matchmaker-BsnH11MF-py3.8/lib/python3.8/site-packages/airflow/example_dags/example_trigger_controller_dag.py took 0.149 seconds
[2024-07-25T07:58:38.561+0000] {processor.py:161} INFO - Started process (PID=4492) to work on /root/.cache/pypoetry/virtualenvs/freeprise-matchmaker-BsnH11MF-py3.8/lib/python3.8/site-packages/airflow/example_dags/example_trigger_controller_dag.py
[2024-07-25T07:58:38.563+0000] {processor.py:830} INFO - Processing file /root/.cache/pypoetry/virtualenvs/freeprise-matchmaker-BsnH11MF-py3.8/lib/python3.8/site-packages/airflow/example_dags/example_trigger_controller_dag.py for tasks to queue
[2024-07-25T07:58:38.565+0000] {logging_mixin.py:188} INFO - [2024-07-25T07:58:38.565+0000] {dagbag.py:545} INFO - Filling up the DagBag from /root/.cache/pypoetry/virtualenvs/freeprise-matchmaker-BsnH11MF-py3.8/lib/python3.8/site-packages/airflow/example_dags/example_trigger_controller_dag.py
[2024-07-25T07:58:38.574+0000] {processor.py:840} INFO - DAG(s) 'example_trigger_controller_dag' retrieved from /root/.cache/pypoetry/virtualenvs/freeprise-matchmaker-BsnH11MF-py3.8/lib/python3.8/site-packages/airflow/example_dags/example_trigger_controller_dag.py
[2024-07-25T07:58:38.612+0000] {logging_mixin.py:188} INFO - [2024-07-25T07:58:38.611+0000] {dag.py:3089} INFO - Sync 1 DAGs
[2024-07-25T07:58:38.645+0000] {logging_mixin.py:188} INFO - [2024-07-25T07:58:38.644+0000] {dag.py:3947} INFO - Setting next_dagrun for example_trigger_controller_dag to 2021-01-01 00:00:00+00:00, run_after=2021-01-01 00:00:00+00:00
[2024-07-25T07:58:38.673+0000] {processor.py:183} INFO - Processing /root/.cache/pypoetry/virtualenvs/freeprise-matchmaker-BsnH11MF-py3.8/lib/python3.8/site-packages/airflow/example_dags/example_trigger_controller_dag.py took 0.124 seconds
[2024-07-25T07:59:08.822+0000] {processor.py:161} INFO - Started process (PID=4758) to work on /root/.cache/pypoetry/virtualenvs/freeprise-matchmaker-BsnH11MF-py3.8/lib/python3.8/site-packages/airflow/example_dags/example_trigger_controller_dag.py
[2024-07-25T07:59:08.825+0000] {processor.py:830} INFO - Processing file /root/.cache/pypoetry/virtualenvs/freeprise-matchmaker-BsnH11MF-py3.8/lib/python3.8/site-packages/airflow/example_dags/example_trigger_controller_dag.py for tasks to queue
[2024-07-25T07:59:08.827+0000] {logging_mixin.py:188} INFO - [2024-07-25T07:59:08.827+0000] {dagbag.py:545} INFO - Filling up the DagBag from /root/.cache/pypoetry/virtualenvs/freeprise-matchmaker-BsnH11MF-py3.8/lib/python3.8/site-packages/airflow/example_dags/example_trigger_controller_dag.py
[2024-07-25T07:59:08.837+0000] {processor.py:840} INFO - DAG(s) 'example_trigger_controller_dag' retrieved from /root/.cache/pypoetry/virtualenvs/freeprise-matchmaker-BsnH11MF-py3.8/lib/python3.8/site-packages/airflow/example_dags/example_trigger_controller_dag.py
[2024-07-25T07:59:08.880+0000] {logging_mixin.py:188} INFO - [2024-07-25T07:59:08.879+0000] {dag.py:3089} INFO - Sync 1 DAGs
[2024-07-25T07:59:08.916+0000] {logging_mixin.py:188} INFO - [2024-07-25T07:59:08.916+0000] {dag.py:3947} INFO - Setting next_dagrun for example_trigger_controller_dag to 2021-01-01 00:00:00+00:00, run_after=2021-01-01 00:00:00+00:00
[2024-07-25T07:59:08.948+0000] {processor.py:183} INFO - Processing /root/.cache/pypoetry/virtualenvs/freeprise-matchmaker-BsnH11MF-py3.8/lib/python3.8/site-packages/airflow/example_dags/example_trigger_controller_dag.py took 0.141 seconds
[2024-07-25T07:59:39.203+0000] {processor.py:161} INFO - Started process (PID=5022) to work on /root/.cache/pypoetry/virtualenvs/freeprise-matchmaker-BsnH11MF-py3.8/lib/python3.8/site-packages/airflow/example_dags/example_trigger_controller_dag.py
[2024-07-25T07:59:39.205+0000] {processor.py:830} INFO - Processing file /root/.cache/pypoetry/virtualenvs/freeprise-matchmaker-BsnH11MF-py3.8/lib/python3.8/site-packages/airflow/example_dags/example_trigger_controller_dag.py for tasks to queue
[2024-07-25T07:59:39.208+0000] {logging_mixin.py:188} INFO - [2024-07-25T07:59:39.207+0000] {dagbag.py:545} INFO - Filling up the DagBag from /root/.cache/pypoetry/virtualenvs/freeprise-matchmaker-BsnH11MF-py3.8/lib/python3.8/site-packages/airflow/example_dags/example_trigger_controller_dag.py
[2024-07-25T07:59:39.220+0000] {processor.py:840} INFO - DAG(s) 'example_trigger_controller_dag' retrieved from /root/.cache/pypoetry/virtualenvs/freeprise-matchmaker-BsnH11MF-py3.8/lib/python3.8/site-packages/airflow/example_dags/example_trigger_controller_dag.py
[2024-07-25T07:59:39.281+0000] {logging_mixin.py:188} INFO - [2024-07-25T07:59:39.280+0000] {dag.py:3089} INFO - Sync 1 DAGs
[2024-07-25T07:59:39.333+0000] {logging_mixin.py:188} INFO - [2024-07-25T07:59:39.331+0000] {dag.py:3947} INFO - Setting next_dagrun for example_trigger_controller_dag to 2021-01-01 00:00:00+00:00, run_after=2021-01-01 00:00:00+00:00
[2024-07-25T07:59:39.372+0000] {processor.py:183} INFO - Processing /root/.cache/pypoetry/virtualenvs/freeprise-matchmaker-BsnH11MF-py3.8/lib/python3.8/site-packages/airflow/example_dags/example_trigger_controller_dag.py took 0.189 seconds
[2024-07-25T08:00:09.906+0000] {processor.py:161} INFO - Started process (PID=5288) to work on /root/.cache/pypoetry/virtualenvs/freeprise-matchmaker-BsnH11MF-py3.8/lib/python3.8/site-packages/airflow/example_dags/example_trigger_controller_dag.py
[2024-07-25T08:00:09.908+0000] {processor.py:830} INFO - Processing file /root/.cache/pypoetry/virtualenvs/freeprise-matchmaker-BsnH11MF-py3.8/lib/python3.8/site-packages/airflow/example_dags/example_trigger_controller_dag.py for tasks to queue
[2024-07-25T08:00:09.910+0000] {logging_mixin.py:188} INFO - [2024-07-25T08:00:09.910+0000] {dagbag.py:545} INFO - Filling up the DagBag from /root/.cache/pypoetry/virtualenvs/freeprise-matchmaker-BsnH11MF-py3.8/lib/python3.8/site-packages/airflow/example_dags/example_trigger_controller_dag.py
[2024-07-25T08:00:09.920+0000] {processor.py:840} INFO - DAG(s) 'example_trigger_controller_dag' retrieved from /root/.cache/pypoetry/virtualenvs/freeprise-matchmaker-BsnH11MF-py3.8/lib/python3.8/site-packages/airflow/example_dags/example_trigger_controller_dag.py
[2024-07-25T08:00:09.976+0000] {logging_mixin.py:188} INFO - [2024-07-25T08:00:09.975+0000] {dag.py:3089} INFO - Sync 1 DAGs
[2024-07-25T08:00:10.015+0000] {logging_mixin.py:188} INFO - [2024-07-25T08:00:10.014+0000] {dag.py:3947} INFO - Setting next_dagrun for example_trigger_controller_dag to 2021-01-01 00:00:00+00:00, run_after=2021-01-01 00:00:00+00:00
[2024-07-25T08:00:10.044+0000] {processor.py:183} INFO - Processing /root/.cache/pypoetry/virtualenvs/freeprise-matchmaker-BsnH11MF-py3.8/lib/python3.8/site-packages/airflow/example_dags/example_trigger_controller_dag.py took 0.154 seconds
[2024-07-25T08:00:41.512+0000] {processor.py:161} INFO - Started process (PID=5554) to work on /root/.cache/pypoetry/virtualenvs/freeprise-matchmaker-BsnH11MF-py3.8/lib/python3.8/site-packages/airflow/example_dags/example_trigger_controller_dag.py
[2024-07-25T08:00:41.519+0000] {processor.py:830} INFO - Processing file /root/.cache/pypoetry/virtualenvs/freeprise-matchmaker-BsnH11MF-py3.8/lib/python3.8/site-packages/airflow/example_dags/example_trigger_controller_dag.py for tasks to queue
[2024-07-25T08:00:41.528+0000] {logging_mixin.py:188} INFO - [2024-07-25T08:00:41.526+0000] {dagbag.py:545} INFO - Filling up the DagBag from /root/.cache/pypoetry/virtualenvs/freeprise-matchmaker-BsnH11MF-py3.8/lib/python3.8/site-packages/airflow/example_dags/example_trigger_controller_dag.py
[2024-07-25T08:00:41.558+0000] {processor.py:840} INFO - DAG(s) 'example_trigger_controller_dag' retrieved from /root/.cache/pypoetry/virtualenvs/freeprise-matchmaker-BsnH11MF-py3.8/lib/python3.8/site-packages/airflow/example_dags/example_trigger_controller_dag.py
[2024-07-25T08:00:41.696+0000] {logging_mixin.py:188} INFO - [2024-07-25T08:00:41.695+0000] {dag.py:3089} INFO - Sync 1 DAGs
[2024-07-25T08:00:41.810+0000] {logging_mixin.py:188} INFO - [2024-07-25T08:00:41.808+0000] {dag.py:3947} INFO - Setting next_dagrun for example_trigger_controller_dag to 2021-01-01 00:00:00+00:00, run_after=2021-01-01 00:00:00+00:00
[2024-07-25T08:00:41.901+0000] {processor.py:183} INFO - Processing /root/.cache/pypoetry/virtualenvs/freeprise-matchmaker-BsnH11MF-py3.8/lib/python3.8/site-packages/airflow/example_dags/example_trigger_controller_dag.py took 0.423 seconds
[2024-07-25T08:01:12.333+0000] {processor.py:161} INFO - Started process (PID=5820) to work on /root/.cache/pypoetry/virtualenvs/freeprise-matchmaker-BsnH11MF-py3.8/lib/python3.8/site-packages/airflow/example_dags/example_trigger_controller_dag.py
[2024-07-25T08:01:12.336+0000] {processor.py:830} INFO - Processing file /root/.cache/pypoetry/virtualenvs/freeprise-matchmaker-BsnH11MF-py3.8/lib/python3.8/site-packages/airflow/example_dags/example_trigger_controller_dag.py for tasks to queue
[2024-07-25T08:01:12.339+0000] {logging_mixin.py:188} INFO - [2024-07-25T08:01:12.338+0000] {dagbag.py:545} INFO - Filling up the DagBag from /root/.cache/pypoetry/virtualenvs/freeprise-matchmaker-BsnH11MF-py3.8/lib/python3.8/site-packages/airflow/example_dags/example_trigger_controller_dag.py
[2024-07-25T08:01:12.350+0000] {processor.py:840} INFO - DAG(s) 'example_trigger_controller_dag' retrieved from /root/.cache/pypoetry/virtualenvs/freeprise-matchmaker-BsnH11MF-py3.8/lib/python3.8/site-packages/airflow/example_dags/example_trigger_controller_dag.py
[2024-07-25T08:01:12.397+0000] {logging_mixin.py:188} INFO - [2024-07-25T08:01:12.397+0000] {dag.py:3089} INFO - Sync 1 DAGs
[2024-07-25T08:01:12.438+0000] {logging_mixin.py:188} INFO - [2024-07-25T08:01:12.438+0000] {dag.py:3947} INFO - Setting next_dagrun for example_trigger_controller_dag to 2021-01-01 00:00:00+00:00, run_after=2021-01-01 00:00:00+00:00
[2024-07-25T08:01:12.472+0000] {processor.py:183} INFO - Processing /root/.cache/pypoetry/virtualenvs/freeprise-matchmaker-BsnH11MF-py3.8/lib/python3.8/site-packages/airflow/example_dags/example_trigger_controller_dag.py took 0.156 seconds
