[2024-07-25T07:50:28.904+0000] {processor.py:161} INFO - Started process (PID=214) to work on /root/.cache/pypoetry/virtualenvs/freeprise-matchmaker-BsnH11MF-py3.8/lib/python3.8/site-packages/airflow/example_dags/example_xcomargs.py
[2024-07-25T07:50:28.906+0000] {processor.py:830} INFO - Processing file /root/.cache/pypoetry/virtualenvs/freeprise-matchmaker-BsnH11MF-py3.8/lib/python3.8/site-packages/airflow/example_dags/example_xcomargs.py for tasks to queue
[2024-07-25T07:50:28.908+0000] {logging_mixin.py:188} INFO - [2024-07-25T07:50:28.908+0000] {dagbag.py:545} INFO - Filling up the DagBag from /root/.cache/pypoetry/virtualenvs/freeprise-matchmaker-BsnH11MF-py3.8/lib/python3.8/site-packages/airflow/example_dags/example_xcomargs.py
[2024-07-25T07:50:28.931+0000] {processor.py:840} INFO - DAG(s) 'example_xcom_args', 'example_xcom_args_with_operators' retrieved from /root/.cache/pypoetry/virtualenvs/freeprise-matchmaker-BsnH11MF-py3.8/lib/python3.8/site-packages/airflow/example_dags/example_xcomargs.py
[2024-07-25T07:50:28.961+0000] {logging_mixin.py:188} INFO - [2024-07-25T07:50:28.961+0000] {dag.py:3089} INFO - Sync 2 DAGs
[2024-07-25T07:50:28.986+0000] {logging_mixin.py:188} INFO - [2024-07-25T07:50:28.985+0000] {dag.py:3947} INFO - Setting next_dagrun for example_xcom_args to None, run_after=None
[2024-07-25T07:50:28.991+0000] {logging_mixin.py:188} INFO - [2024-07-25T07:50:28.991+0000] {dag.py:3947} INFO - Setting next_dagrun for example_xcom_args_with_operators to None, run_after=None
[2024-07-25T07:50:29.017+0000] {processor.py:183} INFO - Processing /root/.cache/pypoetry/virtualenvs/freeprise-matchmaker-BsnH11MF-py3.8/lib/python3.8/site-packages/airflow/example_dags/example_xcomargs.py took 0.128 seconds
[2024-07-25T07:51:00.275+0000] {processor.py:161} INFO - Started process (PID=480) to work on /root/.cache/pypoetry/virtualenvs/freeprise-matchmaker-BsnH11MF-py3.8/lib/python3.8/site-packages/airflow/example_dags/example_xcomargs.py
[2024-07-25T07:51:00.276+0000] {processor.py:830} INFO - Processing file /root/.cache/pypoetry/virtualenvs/freeprise-matchmaker-BsnH11MF-py3.8/lib/python3.8/site-packages/airflow/example_dags/example_xcomargs.py for tasks to queue
[2024-07-25T07:51:00.278+0000] {logging_mixin.py:188} INFO - [2024-07-25T07:51:00.278+0000] {dagbag.py:545} INFO - Filling up the DagBag from /root/.cache/pypoetry/virtualenvs/freeprise-matchmaker-BsnH11MF-py3.8/lib/python3.8/site-packages/airflow/example_dags/example_xcomargs.py
[2024-07-25T07:51:00.292+0000] {processor.py:840} INFO - DAG(s) 'example_xcom_args', 'example_xcom_args_with_operators' retrieved from /root/.cache/pypoetry/virtualenvs/freeprise-matchmaker-BsnH11MF-py3.8/lib/python3.8/site-packages/airflow/example_dags/example_xcomargs.py
[2024-07-25T07:51:00.627+0000] {logging_mixin.py:188} INFO - [2024-07-25T07:51:00.626+0000] {dag.py:3089} INFO - Sync 2 DAGs
[2024-07-25T07:51:00.648+0000] {logging_mixin.py:188} INFO - [2024-07-25T07:51:00.647+0000] {dag.py:3947} INFO - Setting next_dagrun for example_xcom_args to None, run_after=None
[2024-07-25T07:51:00.654+0000] {logging_mixin.py:188} INFO - [2024-07-25T07:51:00.654+0000] {dag.py:3947} INFO - Setting next_dagrun for example_xcom_args_with_operators to None, run_after=None
[2024-07-25T07:51:00.684+0000] {processor.py:183} INFO - Processing /root/.cache/pypoetry/virtualenvs/freeprise-matchmaker-BsnH11MF-py3.8/lib/python3.8/site-packages/airflow/example_dags/example_xcomargs.py took 0.420 seconds
[2024-07-25T07:51:31.360+0000] {processor.py:161} INFO - Started process (PID=744) to work on /root/.cache/pypoetry/virtualenvs/freeprise-matchmaker-BsnH11MF-py3.8/lib/python3.8/site-packages/airflow/example_dags/example_xcomargs.py
[2024-07-25T07:51:31.363+0000] {processor.py:830} INFO - Processing file /root/.cache/pypoetry/virtualenvs/freeprise-matchmaker-BsnH11MF-py3.8/lib/python3.8/site-packages/airflow/example_dags/example_xcomargs.py for tasks to queue
[2024-07-25T07:51:31.367+0000] {logging_mixin.py:188} INFO - [2024-07-25T07:51:31.366+0000] {dagbag.py:545} INFO - Filling up the DagBag from /root/.cache/pypoetry/virtualenvs/freeprise-matchmaker-BsnH11MF-py3.8/lib/python3.8/site-packages/airflow/example_dags/example_xcomargs.py
[2024-07-25T07:51:31.387+0000] {processor.py:840} INFO - DAG(s) 'example_xcom_args', 'example_xcom_args_with_operators' retrieved from /root/.cache/pypoetry/virtualenvs/freeprise-matchmaker-BsnH11MF-py3.8/lib/python3.8/site-packages/airflow/example_dags/example_xcomargs.py
[2024-07-25T07:51:31.600+0000] {logging_mixin.py:188} INFO - [2024-07-25T07:51:31.600+0000] {dag.py:3089} INFO - Sync 2 DAGs
[2024-07-25T07:51:31.626+0000] {logging_mixin.py:188} INFO - [2024-07-25T07:51:31.625+0000] {dag.py:3947} INFO - Setting next_dagrun for example_xcom_args to None, run_after=None
[2024-07-25T07:51:31.634+0000] {logging_mixin.py:188} INFO - [2024-07-25T07:51:31.633+0000] {dag.py:3947} INFO - Setting next_dagrun for example_xcom_args_with_operators to None, run_after=None
[2024-07-25T07:51:31.662+0000] {processor.py:183} INFO - Processing /root/.cache/pypoetry/virtualenvs/freeprise-matchmaker-BsnH11MF-py3.8/lib/python3.8/site-packages/airflow/example_dags/example_xcomargs.py took 0.320 seconds
[2024-07-25T07:52:02.457+0000] {processor.py:161} INFO - Started process (PID=1010) to work on /root/.cache/pypoetry/virtualenvs/freeprise-matchmaker-BsnH11MF-py3.8/lib/python3.8/site-packages/airflow/example_dags/example_xcomargs.py
[2024-07-25T07:52:02.459+0000] {processor.py:830} INFO - Processing file /root/.cache/pypoetry/virtualenvs/freeprise-matchmaker-BsnH11MF-py3.8/lib/python3.8/site-packages/airflow/example_dags/example_xcomargs.py for tasks to queue
[2024-07-25T07:52:02.463+0000] {logging_mixin.py:188} INFO - [2024-07-25T07:52:02.462+0000] {dagbag.py:545} INFO - Filling up the DagBag from /root/.cache/pypoetry/virtualenvs/freeprise-matchmaker-BsnH11MF-py3.8/lib/python3.8/site-packages/airflow/example_dags/example_xcomargs.py
[2024-07-25T07:52:02.479+0000] {processor.py:840} INFO - DAG(s) 'example_xcom_args_with_operators', 'example_xcom_args' retrieved from /root/.cache/pypoetry/virtualenvs/freeprise-matchmaker-BsnH11MF-py3.8/lib/python3.8/site-packages/airflow/example_dags/example_xcomargs.py
[2024-07-25T07:52:02.523+0000] {logging_mixin.py:188} INFO - [2024-07-25T07:52:02.523+0000] {dag.py:3089} INFO - Sync 2 DAGs
[2024-07-25T07:52:02.548+0000] {logging_mixin.py:188} INFO - [2024-07-25T07:52:02.547+0000] {dag.py:3947} INFO - Setting next_dagrun for example_xcom_args to None, run_after=None
[2024-07-25T07:52:02.555+0000] {logging_mixin.py:188} INFO - [2024-07-25T07:52:02.555+0000] {dag.py:3947} INFO - Setting next_dagrun for example_xcom_args_with_operators to None, run_after=None
[2024-07-25T07:52:02.585+0000] {processor.py:183} INFO - Processing /root/.cache/pypoetry/virtualenvs/freeprise-matchmaker-BsnH11MF-py3.8/lib/python3.8/site-packages/airflow/example_dags/example_xcomargs.py took 0.142 seconds
[2024-07-25T07:52:33.494+0000] {processor.py:161} INFO - Started process (PID=1276) to work on /root/.cache/pypoetry/virtualenvs/freeprise-matchmaker-BsnH11MF-py3.8/lib/python3.8/site-packages/airflow/example_dags/example_xcomargs.py
[2024-07-25T07:52:33.496+0000] {processor.py:830} INFO - Processing file /root/.cache/pypoetry/virtualenvs/freeprise-matchmaker-BsnH11MF-py3.8/lib/python3.8/site-packages/airflow/example_dags/example_xcomargs.py for tasks to queue
[2024-07-25T07:52:33.500+0000] {logging_mixin.py:188} INFO - [2024-07-25T07:52:33.499+0000] {dagbag.py:545} INFO - Filling up the DagBag from /root/.cache/pypoetry/virtualenvs/freeprise-matchmaker-BsnH11MF-py3.8/lib/python3.8/site-packages/airflow/example_dags/example_xcomargs.py
[2024-07-25T07:52:33.519+0000] {processor.py:840} INFO - DAG(s) 'example_xcom_args', 'example_xcom_args_with_operators' retrieved from /root/.cache/pypoetry/virtualenvs/freeprise-matchmaker-BsnH11MF-py3.8/lib/python3.8/site-packages/airflow/example_dags/example_xcomargs.py
[2024-07-25T07:52:33.568+0000] {logging_mixin.py:188} INFO - [2024-07-25T07:52:33.567+0000] {dag.py:3089} INFO - Sync 2 DAGs
[2024-07-25T07:52:33.589+0000] {logging_mixin.py:188} INFO - [2024-07-25T07:52:33.588+0000] {dag.py:3947} INFO - Setting next_dagrun for example_xcom_args to None, run_after=None
[2024-07-25T07:52:33.594+0000] {logging_mixin.py:188} INFO - [2024-07-25T07:52:33.594+0000] {dag.py:3947} INFO - Setting next_dagrun for example_xcom_args_with_operators to None, run_after=None
[2024-07-25T07:52:33.619+0000] {processor.py:183} INFO - Processing /root/.cache/pypoetry/virtualenvs/freeprise-matchmaker-BsnH11MF-py3.8/lib/python3.8/site-packages/airflow/example_dags/example_xcomargs.py took 0.139 seconds
[2024-07-25T07:53:04.238+0000] {processor.py:161} INFO - Started process (PID=1544) to work on /root/.cache/pypoetry/virtualenvs/freeprise-matchmaker-BsnH11MF-py3.8/lib/python3.8/site-packages/airflow/example_dags/example_xcomargs.py
[2024-07-25T07:53:04.244+0000] {processor.py:830} INFO - Processing file /root/.cache/pypoetry/virtualenvs/freeprise-matchmaker-BsnH11MF-py3.8/lib/python3.8/site-packages/airflow/example_dags/example_xcomargs.py for tasks to queue
[2024-07-25T07:53:04.248+0000] {logging_mixin.py:188} INFO - [2024-07-25T07:53:04.247+0000] {dagbag.py:545} INFO - Filling up the DagBag from /root/.cache/pypoetry/virtualenvs/freeprise-matchmaker-BsnH11MF-py3.8/lib/python3.8/site-packages/airflow/example_dags/example_xcomargs.py
[2024-07-25T07:53:04.266+0000] {processor.py:840} INFO - DAG(s) 'example_xcom_args_with_operators', 'example_xcom_args' retrieved from /root/.cache/pypoetry/virtualenvs/freeprise-matchmaker-BsnH11MF-py3.8/lib/python3.8/site-packages/airflow/example_dags/example_xcomargs.py
[2024-07-25T07:53:04.316+0000] {logging_mixin.py:188} INFO - [2024-07-25T07:53:04.316+0000] {dag.py:3089} INFO - Sync 2 DAGs
[2024-07-25T07:53:04.337+0000] {logging_mixin.py:188} INFO - [2024-07-25T07:53:04.336+0000] {dag.py:3947} INFO - Setting next_dagrun for example_xcom_args to None, run_after=None
[2024-07-25T07:53:04.343+0000] {logging_mixin.py:188} INFO - [2024-07-25T07:53:04.342+0000] {dag.py:3947} INFO - Setting next_dagrun for example_xcom_args_with_operators to None, run_after=None
[2024-07-25T07:53:04.369+0000] {processor.py:183} INFO - Processing /root/.cache/pypoetry/virtualenvs/freeprise-matchmaker-BsnH11MF-py3.8/lib/python3.8/site-packages/airflow/example_dags/example_xcomargs.py took 0.144 seconds
[2024-07-25T07:53:34.862+0000] {processor.py:161} INFO - Started process (PID=1808) to work on /root/.cache/pypoetry/virtualenvs/freeprise-matchmaker-BsnH11MF-py3.8/lib/python3.8/site-packages/airflow/example_dags/example_xcomargs.py
[2024-07-25T07:53:34.864+0000] {processor.py:830} INFO - Processing file /root/.cache/pypoetry/virtualenvs/freeprise-matchmaker-BsnH11MF-py3.8/lib/python3.8/site-packages/airflow/example_dags/example_xcomargs.py for tasks to queue
[2024-07-25T07:53:34.866+0000] {logging_mixin.py:188} INFO - [2024-07-25T07:53:34.866+0000] {dagbag.py:545} INFO - Filling up the DagBag from /root/.cache/pypoetry/virtualenvs/freeprise-matchmaker-BsnH11MF-py3.8/lib/python3.8/site-packages/airflow/example_dags/example_xcomargs.py
[2024-07-25T07:53:34.880+0000] {processor.py:840} INFO - DAG(s) 'example_xcom_args_with_operators', 'example_xcom_args' retrieved from /root/.cache/pypoetry/virtualenvs/freeprise-matchmaker-BsnH11MF-py3.8/lib/python3.8/site-packages/airflow/example_dags/example_xcomargs.py
[2024-07-25T07:53:34.930+0000] {logging_mixin.py:188} INFO - [2024-07-25T07:53:34.929+0000] {dag.py:3089} INFO - Sync 2 DAGs
[2024-07-25T07:53:34.952+0000] {logging_mixin.py:188} INFO - [2024-07-25T07:53:34.952+0000] {dag.py:3947} INFO - Setting next_dagrun for example_xcom_args to None, run_after=None
[2024-07-25T07:53:34.959+0000] {logging_mixin.py:188} INFO - [2024-07-25T07:53:34.958+0000] {dag.py:3947} INFO - Setting next_dagrun for example_xcom_args_with_operators to None, run_after=None
[2024-07-25T07:53:34.984+0000] {processor.py:183} INFO - Processing /root/.cache/pypoetry/virtualenvs/freeprise-matchmaker-BsnH11MF-py3.8/lib/python3.8/site-packages/airflow/example_dags/example_xcomargs.py took 0.135 seconds
[2024-07-25T07:54:05.142+0000] {processor.py:161} INFO - Started process (PID=2066) to work on /root/.cache/pypoetry/virtualenvs/freeprise-matchmaker-BsnH11MF-py3.8/lib/python3.8/site-packages/airflow/example_dags/example_xcomargs.py
[2024-07-25T07:54:05.144+0000] {processor.py:830} INFO - Processing file /root/.cache/pypoetry/virtualenvs/freeprise-matchmaker-BsnH11MF-py3.8/lib/python3.8/site-packages/airflow/example_dags/example_xcomargs.py for tasks to queue
[2024-07-25T07:54:05.147+0000] {logging_mixin.py:188} INFO - [2024-07-25T07:54:05.147+0000] {dagbag.py:545} INFO - Filling up the DagBag from /root/.cache/pypoetry/virtualenvs/freeprise-matchmaker-BsnH11MF-py3.8/lib/python3.8/site-packages/airflow/example_dags/example_xcomargs.py
[2024-07-25T07:54:05.164+0000] {processor.py:840} INFO - DAG(s) 'example_xcom_args', 'example_xcom_args_with_operators' retrieved from /root/.cache/pypoetry/virtualenvs/freeprise-matchmaker-BsnH11MF-py3.8/lib/python3.8/site-packages/airflow/example_dags/example_xcomargs.py
[2024-07-25T07:54:05.220+0000] {logging_mixin.py:188} INFO - [2024-07-25T07:54:05.219+0000] {dag.py:3089} INFO - Sync 2 DAGs
[2024-07-25T07:54:05.248+0000] {logging_mixin.py:188} INFO - [2024-07-25T07:54:05.247+0000] {dag.py:3947} INFO - Setting next_dagrun for example_xcom_args to None, run_after=None
[2024-07-25T07:54:05.254+0000] {logging_mixin.py:188} INFO - [2024-07-25T07:54:05.254+0000] {dag.py:3947} INFO - Setting next_dagrun for example_xcom_args_with_operators to None, run_after=None
[2024-07-25T07:54:05.284+0000] {processor.py:183} INFO - Processing /root/.cache/pypoetry/virtualenvs/freeprise-matchmaker-BsnH11MF-py3.8/lib/python3.8/site-packages/airflow/example_dags/example_xcomargs.py took 0.159 seconds
[2024-07-25T07:54:35.484+0000] {processor.py:161} INFO - Started process (PID=2332) to work on /root/.cache/pypoetry/virtualenvs/freeprise-matchmaker-BsnH11MF-py3.8/lib/python3.8/site-packages/airflow/example_dags/example_xcomargs.py
[2024-07-25T07:54:35.486+0000] {processor.py:830} INFO - Processing file /root/.cache/pypoetry/virtualenvs/freeprise-matchmaker-BsnH11MF-py3.8/lib/python3.8/site-packages/airflow/example_dags/example_xcomargs.py for tasks to queue
[2024-07-25T07:54:35.489+0000] {logging_mixin.py:188} INFO - [2024-07-25T07:54:35.488+0000] {dagbag.py:545} INFO - Filling up the DagBag from /root/.cache/pypoetry/virtualenvs/freeprise-matchmaker-BsnH11MF-py3.8/lib/python3.8/site-packages/airflow/example_dags/example_xcomargs.py
[2024-07-25T07:54:35.506+0000] {processor.py:840} INFO - DAG(s) 'example_xcom_args', 'example_xcom_args_with_operators' retrieved from /root/.cache/pypoetry/virtualenvs/freeprise-matchmaker-BsnH11MF-py3.8/lib/python3.8/site-packages/airflow/example_dags/example_xcomargs.py
[2024-07-25T07:54:35.558+0000] {logging_mixin.py:188} INFO - [2024-07-25T07:54:35.558+0000] {dag.py:3089} INFO - Sync 2 DAGs
[2024-07-25T07:54:35.587+0000] {logging_mixin.py:188} INFO - [2024-07-25T07:54:35.587+0000] {dag.py:3947} INFO - Setting next_dagrun for example_xcom_args to None, run_after=None
[2024-07-25T07:54:35.594+0000] {logging_mixin.py:188} INFO - [2024-07-25T07:54:35.594+0000] {dag.py:3947} INFO - Setting next_dagrun for example_xcom_args_with_operators to None, run_after=None
[2024-07-25T07:54:35.626+0000] {processor.py:183} INFO - Processing /root/.cache/pypoetry/virtualenvs/freeprise-matchmaker-BsnH11MF-py3.8/lib/python3.8/site-packages/airflow/example_dags/example_xcomargs.py took 0.159 seconds
[2024-07-25T07:55:05.742+0000] {processor.py:161} INFO - Started process (PID=2598) to work on /root/.cache/pypoetry/virtualenvs/freeprise-matchmaker-BsnH11MF-py3.8/lib/python3.8/site-packages/airflow/example_dags/example_xcomargs.py
[2024-07-25T07:55:05.745+0000] {processor.py:830} INFO - Processing file /root/.cache/pypoetry/virtualenvs/freeprise-matchmaker-BsnH11MF-py3.8/lib/python3.8/site-packages/airflow/example_dags/example_xcomargs.py for tasks to queue
[2024-07-25T07:55:05.748+0000] {logging_mixin.py:188} INFO - [2024-07-25T07:55:05.747+0000] {dagbag.py:545} INFO - Filling up the DagBag from /root/.cache/pypoetry/virtualenvs/freeprise-matchmaker-BsnH11MF-py3.8/lib/python3.8/site-packages/airflow/example_dags/example_xcomargs.py
[2024-07-25T07:55:05.766+0000] {processor.py:840} INFO - DAG(s) 'example_xcom_args', 'example_xcom_args_with_operators' retrieved from /root/.cache/pypoetry/virtualenvs/freeprise-matchmaker-BsnH11MF-py3.8/lib/python3.8/site-packages/airflow/example_dags/example_xcomargs.py
[2024-07-25T07:55:05.813+0000] {logging_mixin.py:188} INFO - [2024-07-25T07:55:05.813+0000] {dag.py:3089} INFO - Sync 2 DAGs
[2024-07-25T07:55:05.838+0000] {logging_mixin.py:188} INFO - [2024-07-25T07:55:05.838+0000] {dag.py:3947} INFO - Setting next_dagrun for example_xcom_args to None, run_after=None
[2024-07-25T07:55:05.844+0000] {logging_mixin.py:188} INFO - [2024-07-25T07:55:05.843+0000] {dag.py:3947} INFO - Setting next_dagrun for example_xcom_args_with_operators to None, run_after=None
[2024-07-25T07:55:05.868+0000] {processor.py:183} INFO - Processing /root/.cache/pypoetry/virtualenvs/freeprise-matchmaker-BsnH11MF-py3.8/lib/python3.8/site-packages/airflow/example_dags/example_xcomargs.py took 0.142 seconds
[2024-07-25T07:55:35.987+0000] {processor.py:161} INFO - Started process (PID=2864) to work on /root/.cache/pypoetry/virtualenvs/freeprise-matchmaker-BsnH11MF-py3.8/lib/python3.8/site-packages/airflow/example_dags/example_xcomargs.py
[2024-07-25T07:55:35.989+0000] {processor.py:830} INFO - Processing file /root/.cache/pypoetry/virtualenvs/freeprise-matchmaker-BsnH11MF-py3.8/lib/python3.8/site-packages/airflow/example_dags/example_xcomargs.py for tasks to queue
[2024-07-25T07:55:35.992+0000] {logging_mixin.py:188} INFO - [2024-07-25T07:55:35.992+0000] {dagbag.py:545} INFO - Filling up the DagBag from /root/.cache/pypoetry/virtualenvs/freeprise-matchmaker-BsnH11MF-py3.8/lib/python3.8/site-packages/airflow/example_dags/example_xcomargs.py
[2024-07-25T07:55:36.012+0000] {processor.py:840} INFO - DAG(s) 'example_xcom_args', 'example_xcom_args_with_operators' retrieved from /root/.cache/pypoetry/virtualenvs/freeprise-matchmaker-BsnH11MF-py3.8/lib/python3.8/site-packages/airflow/example_dags/example_xcomargs.py
[2024-07-25T07:55:36.067+0000] {logging_mixin.py:188} INFO - [2024-07-25T07:55:36.066+0000] {dag.py:3089} INFO - Sync 2 DAGs
[2024-07-25T07:55:36.090+0000] {logging_mixin.py:188} INFO - [2024-07-25T07:55:36.089+0000] {dag.py:3947} INFO - Setting next_dagrun for example_xcom_args to None, run_after=None
[2024-07-25T07:55:36.095+0000] {logging_mixin.py:188} INFO - [2024-07-25T07:55:36.095+0000] {dag.py:3947} INFO - Setting next_dagrun for example_xcom_args_with_operators to None, run_after=None
[2024-07-25T07:55:36.123+0000] {processor.py:183} INFO - Processing /root/.cache/pypoetry/virtualenvs/freeprise-matchmaker-BsnH11MF-py3.8/lib/python3.8/site-packages/airflow/example_dags/example_xcomargs.py took 0.153 seconds
[2024-07-25T07:56:06.256+0000] {processor.py:161} INFO - Started process (PID=3130) to work on /root/.cache/pypoetry/virtualenvs/freeprise-matchmaker-BsnH11MF-py3.8/lib/python3.8/site-packages/airflow/example_dags/example_xcomargs.py
[2024-07-25T07:56:06.259+0000] {processor.py:830} INFO - Processing file /root/.cache/pypoetry/virtualenvs/freeprise-matchmaker-BsnH11MF-py3.8/lib/python3.8/site-packages/airflow/example_dags/example_xcomargs.py for tasks to queue
[2024-07-25T07:56:06.263+0000] {logging_mixin.py:188} INFO - [2024-07-25T07:56:06.262+0000] {dagbag.py:545} INFO - Filling up the DagBag from /root/.cache/pypoetry/virtualenvs/freeprise-matchmaker-BsnH11MF-py3.8/lib/python3.8/site-packages/airflow/example_dags/example_xcomargs.py
[2024-07-25T07:56:06.280+0000] {processor.py:840} INFO - DAG(s) 'example_xcom_args', 'example_xcom_args_with_operators' retrieved from /root/.cache/pypoetry/virtualenvs/freeprise-matchmaker-BsnH11MF-py3.8/lib/python3.8/site-packages/airflow/example_dags/example_xcomargs.py
[2024-07-25T07:56:06.331+0000] {logging_mixin.py:188} INFO - [2024-07-25T07:56:06.331+0000] {dag.py:3089} INFO - Sync 2 DAGs
[2024-07-25T07:56:06.356+0000] {logging_mixin.py:188} INFO - [2024-07-25T07:56:06.355+0000] {dag.py:3947} INFO - Setting next_dagrun for example_xcom_args to None, run_after=None
[2024-07-25T07:56:06.361+0000] {logging_mixin.py:188} INFO - [2024-07-25T07:56:06.361+0000] {dag.py:3947} INFO - Setting next_dagrun for example_xcom_args_with_operators to None, run_after=None
[2024-07-25T07:56:06.388+0000] {processor.py:183} INFO - Processing /root/.cache/pypoetry/virtualenvs/freeprise-matchmaker-BsnH11MF-py3.8/lib/python3.8/site-packages/airflow/example_dags/example_xcomargs.py took 0.149 seconds
[2024-07-25T07:56:36.453+0000] {processor.py:161} INFO - Started process (PID=3396) to work on /root/.cache/pypoetry/virtualenvs/freeprise-matchmaker-BsnH11MF-py3.8/lib/python3.8/site-packages/airflow/example_dags/example_xcomargs.py
[2024-07-25T07:56:36.455+0000] {processor.py:830} INFO - Processing file /root/.cache/pypoetry/virtualenvs/freeprise-matchmaker-BsnH11MF-py3.8/lib/python3.8/site-packages/airflow/example_dags/example_xcomargs.py for tasks to queue
[2024-07-25T07:56:36.459+0000] {logging_mixin.py:188} INFO - [2024-07-25T07:56:36.458+0000] {dagbag.py:545} INFO - Filling up the DagBag from /root/.cache/pypoetry/virtualenvs/freeprise-matchmaker-BsnH11MF-py3.8/lib/python3.8/site-packages/airflow/example_dags/example_xcomargs.py
[2024-07-25T07:56:36.477+0000] {processor.py:840} INFO - DAG(s) 'example_xcom_args_with_operators', 'example_xcom_args' retrieved from /root/.cache/pypoetry/virtualenvs/freeprise-matchmaker-BsnH11MF-py3.8/lib/python3.8/site-packages/airflow/example_dags/example_xcomargs.py
[2024-07-25T07:56:36.529+0000] {logging_mixin.py:188} INFO - [2024-07-25T07:56:36.528+0000] {dag.py:3089} INFO - Sync 2 DAGs
[2024-07-25T07:56:36.552+0000] {logging_mixin.py:188} INFO - [2024-07-25T07:56:36.551+0000] {dag.py:3947} INFO - Setting next_dagrun for example_xcom_args to None, run_after=None
[2024-07-25T07:56:36.558+0000] {logging_mixin.py:188} INFO - [2024-07-25T07:56:36.557+0000] {dag.py:3947} INFO - Setting next_dagrun for example_xcom_args_with_operators to None, run_after=None
[2024-07-25T07:56:36.584+0000] {processor.py:183} INFO - Processing /root/.cache/pypoetry/virtualenvs/freeprise-matchmaker-BsnH11MF-py3.8/lib/python3.8/site-packages/airflow/example_dags/example_xcomargs.py took 0.148 seconds
[2024-07-25T07:57:06.906+0000] {processor.py:161} INFO - Started process (PID=3664) to work on /root/.cache/pypoetry/virtualenvs/freeprise-matchmaker-BsnH11MF-py3.8/lib/python3.8/site-packages/airflow/example_dags/example_xcomargs.py
[2024-07-25T07:57:06.909+0000] {processor.py:830} INFO - Processing file /root/.cache/pypoetry/virtualenvs/freeprise-matchmaker-BsnH11MF-py3.8/lib/python3.8/site-packages/airflow/example_dags/example_xcomargs.py for tasks to queue
[2024-07-25T07:57:06.911+0000] {logging_mixin.py:188} INFO - [2024-07-25T07:57:06.911+0000] {dagbag.py:545} INFO - Filling up the DagBag from /root/.cache/pypoetry/virtualenvs/freeprise-matchmaker-BsnH11MF-py3.8/lib/python3.8/site-packages/airflow/example_dags/example_xcomargs.py
[2024-07-25T07:57:06.931+0000] {processor.py:840} INFO - DAG(s) 'example_xcom_args', 'example_xcom_args_with_operators' retrieved from /root/.cache/pypoetry/virtualenvs/freeprise-matchmaker-BsnH11MF-py3.8/lib/python3.8/site-packages/airflow/example_dags/example_xcomargs.py
[2024-07-25T07:57:06.983+0000] {logging_mixin.py:188} INFO - [2024-07-25T07:57:06.982+0000] {dag.py:3089} INFO - Sync 2 DAGs
[2024-07-25T07:57:07.003+0000] {logging_mixin.py:188} INFO - [2024-07-25T07:57:07.003+0000] {dag.py:3947} INFO - Setting next_dagrun for example_xcom_args to None, run_after=None
[2024-07-25T07:57:07.009+0000] {logging_mixin.py:188} INFO - [2024-07-25T07:57:07.009+0000] {dag.py:3947} INFO - Setting next_dagrun for example_xcom_args_with_operators to None, run_after=None
[2024-07-25T07:57:07.038+0000] {processor.py:183} INFO - Processing /root/.cache/pypoetry/virtualenvs/freeprise-matchmaker-BsnH11MF-py3.8/lib/python3.8/site-packages/airflow/example_dags/example_xcomargs.py took 0.145 seconds
[2024-07-25T07:57:37.345+0000] {processor.py:161} INFO - Started process (PID=3930) to work on /root/.cache/pypoetry/virtualenvs/freeprise-matchmaker-BsnH11MF-py3.8/lib/python3.8/site-packages/airflow/example_dags/example_xcomargs.py
[2024-07-25T07:57:37.348+0000] {processor.py:830} INFO - Processing file /root/.cache/pypoetry/virtualenvs/freeprise-matchmaker-BsnH11MF-py3.8/lib/python3.8/site-packages/airflow/example_dags/example_xcomargs.py for tasks to queue
[2024-07-25T07:57:37.352+0000] {logging_mixin.py:188} INFO - [2024-07-25T07:57:37.351+0000] {dagbag.py:545} INFO - Filling up the DagBag from /root/.cache/pypoetry/virtualenvs/freeprise-matchmaker-BsnH11MF-py3.8/lib/python3.8/site-packages/airflow/example_dags/example_xcomargs.py
[2024-07-25T07:57:37.371+0000] {processor.py:840} INFO - DAG(s) 'example_xcom_args', 'example_xcom_args_with_operators' retrieved from /root/.cache/pypoetry/virtualenvs/freeprise-matchmaker-BsnH11MF-py3.8/lib/python3.8/site-packages/airflow/example_dags/example_xcomargs.py
[2024-07-25T07:57:37.422+0000] {logging_mixin.py:188} INFO - [2024-07-25T07:57:37.421+0000] {dag.py:3089} INFO - Sync 2 DAGs
[2024-07-25T07:57:37.442+0000] {logging_mixin.py:188} INFO - [2024-07-25T07:57:37.442+0000] {dag.py:3947} INFO - Setting next_dagrun for example_xcom_args to None, run_after=None
[2024-07-25T07:57:37.447+0000] {logging_mixin.py:188} INFO - [2024-07-25T07:57:37.447+0000] {dag.py:3947} INFO - Setting next_dagrun for example_xcom_args_with_operators to None, run_after=None
[2024-07-25T07:57:37.474+0000] {processor.py:183} INFO - Processing /root/.cache/pypoetry/virtualenvs/freeprise-matchmaker-BsnH11MF-py3.8/lib/python3.8/site-packages/airflow/example_dags/example_xcomargs.py took 0.145 seconds
[2024-07-25T07:58:07.705+0000] {processor.py:161} INFO - Started process (PID=4196) to work on /root/.cache/pypoetry/virtualenvs/freeprise-matchmaker-BsnH11MF-py3.8/lib/python3.8/site-packages/airflow/example_dags/example_xcomargs.py
[2024-07-25T07:58:07.706+0000] {processor.py:830} INFO - Processing file /root/.cache/pypoetry/virtualenvs/freeprise-matchmaker-BsnH11MF-py3.8/lib/python3.8/site-packages/airflow/example_dags/example_xcomargs.py for tasks to queue
[2024-07-25T07:58:07.710+0000] {logging_mixin.py:188} INFO - [2024-07-25T07:58:07.709+0000] {dagbag.py:545} INFO - Filling up the DagBag from /root/.cache/pypoetry/virtualenvs/freeprise-matchmaker-BsnH11MF-py3.8/lib/python3.8/site-packages/airflow/example_dags/example_xcomargs.py
[2024-07-25T07:58:07.729+0000] {processor.py:840} INFO - DAG(s) 'example_xcom_args', 'example_xcom_args_with_operators' retrieved from /root/.cache/pypoetry/virtualenvs/freeprise-matchmaker-BsnH11MF-py3.8/lib/python3.8/site-packages/airflow/example_dags/example_xcomargs.py
[2024-07-25T07:58:07.777+0000] {logging_mixin.py:188} INFO - [2024-07-25T07:58:07.777+0000] {dag.py:3089} INFO - Sync 2 DAGs
[2024-07-25T07:58:07.798+0000] {logging_mixin.py:188} INFO - [2024-07-25T07:58:07.797+0000] {dag.py:3947} INFO - Setting next_dagrun for example_xcom_args to None, run_after=None
[2024-07-25T07:58:07.803+0000] {logging_mixin.py:188} INFO - [2024-07-25T07:58:07.803+0000] {dag.py:3947} INFO - Setting next_dagrun for example_xcom_args_with_operators to None, run_after=None
[2024-07-25T07:58:07.828+0000] {processor.py:183} INFO - Processing /root/.cache/pypoetry/virtualenvs/freeprise-matchmaker-BsnH11MF-py3.8/lib/python3.8/site-packages/airflow/example_dags/example_xcomargs.py took 0.141 seconds
[2024-07-25T07:58:37.906+0000] {processor.py:161} INFO - Started process (PID=4462) to work on /root/.cache/pypoetry/virtualenvs/freeprise-matchmaker-BsnH11MF-py3.8/lib/python3.8/site-packages/airflow/example_dags/example_xcomargs.py
[2024-07-25T07:58:37.909+0000] {processor.py:830} INFO - Processing file /root/.cache/pypoetry/virtualenvs/freeprise-matchmaker-BsnH11MF-py3.8/lib/python3.8/site-packages/airflow/example_dags/example_xcomargs.py for tasks to queue
[2024-07-25T07:58:37.913+0000] {logging_mixin.py:188} INFO - [2024-07-25T07:58:37.912+0000] {dagbag.py:545} INFO - Filling up the DagBag from /root/.cache/pypoetry/virtualenvs/freeprise-matchmaker-BsnH11MF-py3.8/lib/python3.8/site-packages/airflow/example_dags/example_xcomargs.py
[2024-07-25T07:58:37.933+0000] {processor.py:840} INFO - DAG(s) 'example_xcom_args_with_operators', 'example_xcom_args' retrieved from /root/.cache/pypoetry/virtualenvs/freeprise-matchmaker-BsnH11MF-py3.8/lib/python3.8/site-packages/airflow/example_dags/example_xcomargs.py
[2024-07-25T07:58:37.995+0000] {logging_mixin.py:188} INFO - [2024-07-25T07:58:37.995+0000] {dag.py:3089} INFO - Sync 2 DAGs
[2024-07-25T07:58:38.023+0000] {logging_mixin.py:188} INFO - [2024-07-25T07:58:38.022+0000] {dag.py:3947} INFO - Setting next_dagrun for example_xcom_args to None, run_after=None
[2024-07-25T07:58:38.030+0000] {logging_mixin.py:188} INFO - [2024-07-25T07:58:38.030+0000] {dag.py:3947} INFO - Setting next_dagrun for example_xcom_args_with_operators to None, run_after=None
[2024-07-25T07:58:38.061+0000] {processor.py:183} INFO - Processing /root/.cache/pypoetry/virtualenvs/freeprise-matchmaker-BsnH11MF-py3.8/lib/python3.8/site-packages/airflow/example_dags/example_xcomargs.py took 0.171 seconds
[2024-07-25T07:59:08.131+0000] {processor.py:161} INFO - Started process (PID=4726) to work on /root/.cache/pypoetry/virtualenvs/freeprise-matchmaker-BsnH11MF-py3.8/lib/python3.8/site-packages/airflow/example_dags/example_xcomargs.py
[2024-07-25T07:59:08.133+0000] {processor.py:830} INFO - Processing file /root/.cache/pypoetry/virtualenvs/freeprise-matchmaker-BsnH11MF-py3.8/lib/python3.8/site-packages/airflow/example_dags/example_xcomargs.py for tasks to queue
[2024-07-25T07:59:08.137+0000] {logging_mixin.py:188} INFO - [2024-07-25T07:59:08.136+0000] {dagbag.py:545} INFO - Filling up the DagBag from /root/.cache/pypoetry/virtualenvs/freeprise-matchmaker-BsnH11MF-py3.8/lib/python3.8/site-packages/airflow/example_dags/example_xcomargs.py
[2024-07-25T07:59:08.152+0000] {processor.py:840} INFO - DAG(s) 'example_xcom_args', 'example_xcom_args_with_operators' retrieved from /root/.cache/pypoetry/virtualenvs/freeprise-matchmaker-BsnH11MF-py3.8/lib/python3.8/site-packages/airflow/example_dags/example_xcomargs.py
[2024-07-25T07:59:08.201+0000] {logging_mixin.py:188} INFO - [2024-07-25T07:59:08.201+0000] {dag.py:3089} INFO - Sync 2 DAGs
[2024-07-25T07:59:08.223+0000] {logging_mixin.py:188} INFO - [2024-07-25T07:59:08.222+0000] {dag.py:3947} INFO - Setting next_dagrun for example_xcom_args to None, run_after=None
[2024-07-25T07:59:08.229+0000] {logging_mixin.py:188} INFO - [2024-07-25T07:59:08.228+0000] {dag.py:3947} INFO - Setting next_dagrun for example_xcom_args_with_operators to None, run_after=None
[2024-07-25T07:59:08.256+0000] {processor.py:183} INFO - Processing /root/.cache/pypoetry/virtualenvs/freeprise-matchmaker-BsnH11MF-py3.8/lib/python3.8/site-packages/airflow/example_dags/example_xcomargs.py took 0.139 seconds
[2024-07-25T07:59:38.514+0000] {processor.py:161} INFO - Started process (PID=4992) to work on /root/.cache/pypoetry/virtualenvs/freeprise-matchmaker-BsnH11MF-py3.8/lib/python3.8/site-packages/airflow/example_dags/example_xcomargs.py
[2024-07-25T07:59:38.516+0000] {processor.py:830} INFO - Processing file /root/.cache/pypoetry/virtualenvs/freeprise-matchmaker-BsnH11MF-py3.8/lib/python3.8/site-packages/airflow/example_dags/example_xcomargs.py for tasks to queue
[2024-07-25T07:59:38.519+0000] {logging_mixin.py:188} INFO - [2024-07-25T07:59:38.518+0000] {dagbag.py:545} INFO - Filling up the DagBag from /root/.cache/pypoetry/virtualenvs/freeprise-matchmaker-BsnH11MF-py3.8/lib/python3.8/site-packages/airflow/example_dags/example_xcomargs.py
[2024-07-25T07:59:38.538+0000] {processor.py:840} INFO - DAG(s) 'example_xcom_args', 'example_xcom_args_with_operators' retrieved from /root/.cache/pypoetry/virtualenvs/freeprise-matchmaker-BsnH11MF-py3.8/lib/python3.8/site-packages/airflow/example_dags/example_xcomargs.py
[2024-07-25T07:59:38.603+0000] {logging_mixin.py:188} INFO - [2024-07-25T07:59:38.602+0000] {dag.py:3089} INFO - Sync 2 DAGs
[2024-07-25T07:59:38.634+0000] {logging_mixin.py:188} INFO - [2024-07-25T07:59:38.633+0000] {dag.py:3947} INFO - Setting next_dagrun for example_xcom_args to None, run_after=None
[2024-07-25T07:59:38.645+0000] {logging_mixin.py:188} INFO - [2024-07-25T07:59:38.644+0000] {dag.py:3947} INFO - Setting next_dagrun for example_xcom_args_with_operators to None, run_after=None
[2024-07-25T07:59:38.681+0000] {processor.py:183} INFO - Processing /root/.cache/pypoetry/virtualenvs/freeprise-matchmaker-BsnH11MF-py3.8/lib/python3.8/site-packages/airflow/example_dags/example_xcomargs.py took 0.180 seconds
[2024-07-25T08:00:09.221+0000] {processor.py:161} INFO - Started process (PID=5258) to work on /root/.cache/pypoetry/virtualenvs/freeprise-matchmaker-BsnH11MF-py3.8/lib/python3.8/site-packages/airflow/example_dags/example_xcomargs.py
[2024-07-25T08:00:09.223+0000] {processor.py:830} INFO - Processing file /root/.cache/pypoetry/virtualenvs/freeprise-matchmaker-BsnH11MF-py3.8/lib/python3.8/site-packages/airflow/example_dags/example_xcomargs.py for tasks to queue
[2024-07-25T08:00:09.226+0000] {logging_mixin.py:188} INFO - [2024-07-25T08:00:09.226+0000] {dagbag.py:545} INFO - Filling up the DagBag from /root/.cache/pypoetry/virtualenvs/freeprise-matchmaker-BsnH11MF-py3.8/lib/python3.8/site-packages/airflow/example_dags/example_xcomargs.py
[2024-07-25T08:00:09.241+0000] {processor.py:840} INFO - DAG(s) 'example_xcom_args', 'example_xcom_args_with_operators' retrieved from /root/.cache/pypoetry/virtualenvs/freeprise-matchmaker-BsnH11MF-py3.8/lib/python3.8/site-packages/airflow/example_dags/example_xcomargs.py
[2024-07-25T08:00:09.300+0000] {logging_mixin.py:188} INFO - [2024-07-25T08:00:09.299+0000] {dag.py:3089} INFO - Sync 2 DAGs
[2024-07-25T08:00:09.327+0000] {logging_mixin.py:188} INFO - [2024-07-25T08:00:09.327+0000] {dag.py:3947} INFO - Setting next_dagrun for example_xcom_args to None, run_after=None
[2024-07-25T08:00:09.335+0000] {logging_mixin.py:188} INFO - [2024-07-25T08:00:09.335+0000] {dag.py:3947} INFO - Setting next_dagrun for example_xcom_args_with_operators to None, run_after=None
[2024-07-25T08:00:09.376+0000] {processor.py:183} INFO - Processing /root/.cache/pypoetry/virtualenvs/freeprise-matchmaker-BsnH11MF-py3.8/lib/python3.8/site-packages/airflow/example_dags/example_xcomargs.py took 0.168 seconds
[2024-07-25T08:00:39.942+0000] {processor.py:161} INFO - Started process (PID=5524) to work on /root/.cache/pypoetry/virtualenvs/freeprise-matchmaker-BsnH11MF-py3.8/lib/python3.8/site-packages/airflow/example_dags/example_xcomargs.py
[2024-07-25T08:00:39.948+0000] {processor.py:830} INFO - Processing file /root/.cache/pypoetry/virtualenvs/freeprise-matchmaker-BsnH11MF-py3.8/lib/python3.8/site-packages/airflow/example_dags/example_xcomargs.py for tasks to queue
[2024-07-25T08:00:39.961+0000] {logging_mixin.py:188} INFO - [2024-07-25T08:00:39.959+0000] {dagbag.py:545} INFO - Filling up the DagBag from /root/.cache/pypoetry/virtualenvs/freeprise-matchmaker-BsnH11MF-py3.8/lib/python3.8/site-packages/airflow/example_dags/example_xcomargs.py
[2024-07-25T08:00:40.017+0000] {processor.py:840} INFO - DAG(s) 'example_xcom_args', 'example_xcom_args_with_operators' retrieved from /root/.cache/pypoetry/virtualenvs/freeprise-matchmaker-BsnH11MF-py3.8/lib/python3.8/site-packages/airflow/example_dags/example_xcomargs.py
[2024-07-25T08:00:40.157+0000] {logging_mixin.py:188} INFO - [2024-07-25T08:00:40.157+0000] {dag.py:3089} INFO - Sync 2 DAGs
[2024-07-25T08:00:40.251+0000] {logging_mixin.py:188} INFO - [2024-07-25T08:00:40.250+0000] {dag.py:3947} INFO - Setting next_dagrun for example_xcom_args to None, run_after=None
[2024-07-25T08:00:40.268+0000] {logging_mixin.py:188} INFO - [2024-07-25T08:00:40.268+0000] {dag.py:3947} INFO - Setting next_dagrun for example_xcom_args_with_operators to None, run_after=None
[2024-07-25T08:00:40.338+0000] {processor.py:183} INFO - Processing /root/.cache/pypoetry/virtualenvs/freeprise-matchmaker-BsnH11MF-py3.8/lib/python3.8/site-packages/airflow/example_dags/example_xcomargs.py took 0.445 seconds
[2024-07-25T08:01:10.769+0000] {processor.py:161} INFO - Started process (PID=5792) to work on /root/.cache/pypoetry/virtualenvs/freeprise-matchmaker-BsnH11MF-py3.8/lib/python3.8/site-packages/airflow/example_dags/example_xcomargs.py
[2024-07-25T08:01:10.771+0000] {processor.py:830} INFO - Processing file /root/.cache/pypoetry/virtualenvs/freeprise-matchmaker-BsnH11MF-py3.8/lib/python3.8/site-packages/airflow/example_dags/example_xcomargs.py for tasks to queue
[2024-07-25T08:01:10.773+0000] {logging_mixin.py:188} INFO - [2024-07-25T08:01:10.773+0000] {dagbag.py:545} INFO - Filling up the DagBag from /root/.cache/pypoetry/virtualenvs/freeprise-matchmaker-BsnH11MF-py3.8/lib/python3.8/site-packages/airflow/example_dags/example_xcomargs.py
[2024-07-25T08:01:10.790+0000] {processor.py:840} INFO - DAG(s) 'example_xcom_args_with_operators', 'example_xcom_args' retrieved from /root/.cache/pypoetry/virtualenvs/freeprise-matchmaker-BsnH11MF-py3.8/lib/python3.8/site-packages/airflow/example_dags/example_xcomargs.py
[2024-07-25T08:01:10.852+0000] {logging_mixin.py:188} INFO - [2024-07-25T08:01:10.851+0000] {dag.py:3089} INFO - Sync 2 DAGs
[2024-07-25T08:01:10.886+0000] {logging_mixin.py:188} INFO - [2024-07-25T08:01:10.885+0000] {dag.py:3947} INFO - Setting next_dagrun for example_xcom_args to None, run_after=None
[2024-07-25T08:01:10.893+0000] {logging_mixin.py:188} INFO - [2024-07-25T08:01:10.892+0000] {dag.py:3947} INFO - Setting next_dagrun for example_xcom_args_with_operators to None, run_after=None
[2024-07-25T08:01:10.927+0000] {processor.py:183} INFO - Processing /root/.cache/pypoetry/virtualenvs/freeprise-matchmaker-BsnH11MF-py3.8/lib/python3.8/site-packages/airflow/example_dags/example_xcomargs.py took 0.175 seconds
