[2024-07-25T07:50:30.687+0000] {processor.py:161} INFO - Started process (PID=312) to work on /root/.cache/pypoetry/virtualenvs/freeprise-matchmaker-BsnH11MF-py3.8/lib/python3.8/site-packages/airflow/example_dags/example_python_decorator.py
[2024-07-25T07:50:30.688+0000] {processor.py:830} INFO - Processing file /root/.cache/pypoetry/virtualenvs/freeprise-matchmaker-BsnH11MF-py3.8/lib/python3.8/site-packages/airflow/example_dags/example_python_decorator.py for tasks to queue
[2024-07-25T07:50:30.691+0000] {logging_mixin.py:188} INFO - [2024-07-25T07:50:30.690+0000] {dagbag.py:545} INFO - Filling up the DagBag from /root/.cache/pypoetry/virtualenvs/freeprise-matchmaker-BsnH11MF-py3.8/lib/python3.8/site-packages/airflow/example_dags/example_python_decorator.py
[2024-07-25T07:50:30.712+0000] {processor.py:840} INFO - DAG(s) 'example_python_decorator' retrieved from /root/.cache/pypoetry/virtualenvs/freeprise-matchmaker-BsnH11MF-py3.8/lib/python3.8/site-packages/airflow/example_dags/example_python_decorator.py
[2024-07-25T07:50:30.739+0000] {logging_mixin.py:188} INFO - [2024-07-25T07:50:30.739+0000] {dag.py:3089} INFO - Sync 1 DAGs
[2024-07-25T07:50:30.761+0000] {logging_mixin.py:188} INFO - [2024-07-25T07:50:30.760+0000] {dag.py:3947} INFO - Setting next_dagrun for example_python_decorator to None, run_after=None
[2024-07-25T07:50:30.788+0000] {processor.py:183} INFO - Processing /root/.cache/pypoetry/virtualenvs/freeprise-matchmaker-BsnH11MF-py3.8/lib/python3.8/site-packages/airflow/example_dags/example_python_decorator.py took 0.115 seconds
[2024-07-25T07:51:05.604+0000] {processor.py:161} INFO - Started process (PID=578) to work on /root/.cache/pypoetry/virtualenvs/freeprise-matchmaker-BsnH11MF-py3.8/lib/python3.8/site-packages/airflow/example_dags/example_python_decorator.py
[2024-07-25T07:51:05.606+0000] {processor.py:830} INFO - Processing file /root/.cache/pypoetry/virtualenvs/freeprise-matchmaker-BsnH11MF-py3.8/lib/python3.8/site-packages/airflow/example_dags/example_python_decorator.py for tasks to queue
[2024-07-25T07:51:05.609+0000] {logging_mixin.py:188} INFO - [2024-07-25T07:51:05.608+0000] {dagbag.py:545} INFO - Filling up the DagBag from /root/.cache/pypoetry/virtualenvs/freeprise-matchmaker-BsnH11MF-py3.8/lib/python3.8/site-packages/airflow/example_dags/example_python_decorator.py
[2024-07-25T07:51:05.632+0000] {processor.py:840} INFO - DAG(s) 'example_python_decorator' retrieved from /root/.cache/pypoetry/virtualenvs/freeprise-matchmaker-BsnH11MF-py3.8/lib/python3.8/site-packages/airflow/example_dags/example_python_decorator.py
[2024-07-25T07:51:05.950+0000] {logging_mixin.py:188} INFO - [2024-07-25T07:51:05.950+0000] {dag.py:3089} INFO - Sync 1 DAGs
[2024-07-25T07:51:05.965+0000] {logging_mixin.py:188} INFO - [2024-07-25T07:51:05.965+0000] {dag.py:3947} INFO - Setting next_dagrun for example_python_decorator to None, run_after=None
[2024-07-25T07:51:05.990+0000] {processor.py:183} INFO - Processing /root/.cache/pypoetry/virtualenvs/freeprise-matchmaker-BsnH11MF-py3.8/lib/python3.8/site-packages/airflow/example_dags/example_python_decorator.py took 0.398 seconds
[2024-07-25T07:51:36.589+0000] {processor.py:161} INFO - Started process (PID=844) to work on /root/.cache/pypoetry/virtualenvs/freeprise-matchmaker-BsnH11MF-py3.8/lib/python3.8/site-packages/airflow/example_dags/example_python_decorator.py
[2024-07-25T07:51:36.591+0000] {processor.py:830} INFO - Processing file /root/.cache/pypoetry/virtualenvs/freeprise-matchmaker-BsnH11MF-py3.8/lib/python3.8/site-packages/airflow/example_dags/example_python_decorator.py for tasks to queue
[2024-07-25T07:51:36.594+0000] {logging_mixin.py:188} INFO - [2024-07-25T07:51:36.593+0000] {dagbag.py:545} INFO - Filling up the DagBag from /root/.cache/pypoetry/virtualenvs/freeprise-matchmaker-BsnH11MF-py3.8/lib/python3.8/site-packages/airflow/example_dags/example_python_decorator.py
[2024-07-25T07:51:36.625+0000] {processor.py:840} INFO - DAG(s) 'example_python_decorator' retrieved from /root/.cache/pypoetry/virtualenvs/freeprise-matchmaker-BsnH11MF-py3.8/lib/python3.8/site-packages/airflow/example_dags/example_python_decorator.py
[2024-07-25T07:51:36.681+0000] {logging_mixin.py:188} INFO - [2024-07-25T07:51:36.680+0000] {dag.py:3089} INFO - Sync 1 DAGs
[2024-07-25T07:51:36.707+0000] {logging_mixin.py:188} INFO - [2024-07-25T07:51:36.707+0000] {dag.py:3947} INFO - Setting next_dagrun for example_python_decorator to None, run_after=None
[2024-07-25T07:51:36.744+0000] {processor.py:183} INFO - Processing /root/.cache/pypoetry/virtualenvs/freeprise-matchmaker-BsnH11MF-py3.8/lib/python3.8/site-packages/airflow/example_dags/example_python_decorator.py took 0.168 seconds
[2024-07-25T07:52:07.160+0000] {processor.py:161} INFO - Started process (PID=1110) to work on /root/.cache/pypoetry/virtualenvs/freeprise-matchmaker-BsnH11MF-py3.8/lib/python3.8/site-packages/airflow/example_dags/example_python_decorator.py
[2024-07-25T07:52:07.162+0000] {processor.py:830} INFO - Processing file /root/.cache/pypoetry/virtualenvs/freeprise-matchmaker-BsnH11MF-py3.8/lib/python3.8/site-packages/airflow/example_dags/example_python_decorator.py for tasks to queue
[2024-07-25T07:52:07.165+0000] {logging_mixin.py:188} INFO - [2024-07-25T07:52:07.165+0000] {dagbag.py:545} INFO - Filling up the DagBag from /root/.cache/pypoetry/virtualenvs/freeprise-matchmaker-BsnH11MF-py3.8/lib/python3.8/site-packages/airflow/example_dags/example_python_decorator.py
[2024-07-25T07:52:07.195+0000] {processor.py:840} INFO - DAG(s) 'example_python_decorator' retrieved from /root/.cache/pypoetry/virtualenvs/freeprise-matchmaker-BsnH11MF-py3.8/lib/python3.8/site-packages/airflow/example_dags/example_python_decorator.py
[2024-07-25T07:52:07.243+0000] {logging_mixin.py:188} INFO - [2024-07-25T07:52:07.242+0000] {dag.py:3089} INFO - Sync 1 DAGs
[2024-07-25T07:52:07.266+0000] {logging_mixin.py:188} INFO - [2024-07-25T07:52:07.266+0000] {dag.py:3947} INFO - Setting next_dagrun for example_python_decorator to None, run_after=None
[2024-07-25T07:52:07.294+0000] {processor.py:183} INFO - Processing /root/.cache/pypoetry/virtualenvs/freeprise-matchmaker-BsnH11MF-py3.8/lib/python3.8/site-packages/airflow/example_dags/example_python_decorator.py took 0.147 seconds
[2024-07-25T07:52:37.496+0000] {processor.py:161} INFO - Started process (PID=1378) to work on /root/.cache/pypoetry/virtualenvs/freeprise-matchmaker-BsnH11MF-py3.8/lib/python3.8/site-packages/airflow/example_dags/example_python_decorator.py
[2024-07-25T07:52:37.498+0000] {processor.py:830} INFO - Processing file /root/.cache/pypoetry/virtualenvs/freeprise-matchmaker-BsnH11MF-py3.8/lib/python3.8/site-packages/airflow/example_dags/example_python_decorator.py for tasks to queue
[2024-07-25T07:52:37.501+0000] {logging_mixin.py:188} INFO - [2024-07-25T07:52:37.501+0000] {dagbag.py:545} INFO - Filling up the DagBag from /root/.cache/pypoetry/virtualenvs/freeprise-matchmaker-BsnH11MF-py3.8/lib/python3.8/site-packages/airflow/example_dags/example_python_decorator.py
[2024-07-25T07:52:37.532+0000] {processor.py:840} INFO - DAG(s) 'example_python_decorator' retrieved from /root/.cache/pypoetry/virtualenvs/freeprise-matchmaker-BsnH11MF-py3.8/lib/python3.8/site-packages/airflow/example_dags/example_python_decorator.py
[2024-07-25T07:52:37.582+0000] {logging_mixin.py:188} INFO - [2024-07-25T07:52:37.581+0000] {dag.py:3089} INFO - Sync 1 DAGs
[2024-07-25T07:52:37.603+0000] {logging_mixin.py:188} INFO - [2024-07-25T07:52:37.602+0000] {dag.py:3947} INFO - Setting next_dagrun for example_python_decorator to None, run_after=None
[2024-07-25T07:52:37.631+0000] {processor.py:183} INFO - Processing /root/.cache/pypoetry/virtualenvs/freeprise-matchmaker-BsnH11MF-py3.8/lib/python3.8/site-packages/airflow/example_dags/example_python_decorator.py took 0.152 seconds
[2024-07-25T07:53:08.312+0000] {processor.py:161} INFO - Started process (PID=1644) to work on /root/.cache/pypoetry/virtualenvs/freeprise-matchmaker-BsnH11MF-py3.8/lib/python3.8/site-packages/airflow/example_dags/example_python_decorator.py
[2024-07-25T07:53:08.315+0000] {processor.py:830} INFO - Processing file /root/.cache/pypoetry/virtualenvs/freeprise-matchmaker-BsnH11MF-py3.8/lib/python3.8/site-packages/airflow/example_dags/example_python_decorator.py for tasks to queue
[2024-07-25T07:53:08.319+0000] {logging_mixin.py:188} INFO - [2024-07-25T07:53:08.318+0000] {dagbag.py:545} INFO - Filling up the DagBag from /root/.cache/pypoetry/virtualenvs/freeprise-matchmaker-BsnH11MF-py3.8/lib/python3.8/site-packages/airflow/example_dags/example_python_decorator.py
[2024-07-25T07:53:08.350+0000] {processor.py:840} INFO - DAG(s) 'example_python_decorator' retrieved from /root/.cache/pypoetry/virtualenvs/freeprise-matchmaker-BsnH11MF-py3.8/lib/python3.8/site-packages/airflow/example_dags/example_python_decorator.py
[2024-07-25T07:53:08.396+0000] {logging_mixin.py:188} INFO - [2024-07-25T07:53:08.395+0000] {dag.py:3089} INFO - Sync 1 DAGs
[2024-07-25T07:53:08.417+0000] {logging_mixin.py:188} INFO - [2024-07-25T07:53:08.417+0000] {dag.py:3947} INFO - Setting next_dagrun for example_python_decorator to None, run_after=None
[2024-07-25T07:53:08.449+0000] {processor.py:183} INFO - Processing /root/.cache/pypoetry/virtualenvs/freeprise-matchmaker-BsnH11MF-py3.8/lib/python3.8/site-packages/airflow/example_dags/example_python_decorator.py took 0.153 seconds
[2024-07-25T07:53:38.857+0000] {processor.py:161} INFO - Started process (PID=1908) to work on /root/.cache/pypoetry/virtualenvs/freeprise-matchmaker-BsnH11MF-py3.8/lib/python3.8/site-packages/airflow/example_dags/example_python_decorator.py
[2024-07-25T07:53:38.859+0000] {processor.py:830} INFO - Processing file /root/.cache/pypoetry/virtualenvs/freeprise-matchmaker-BsnH11MF-py3.8/lib/python3.8/site-packages/airflow/example_dags/example_python_decorator.py for tasks to queue
[2024-07-25T07:53:38.861+0000] {logging_mixin.py:188} INFO - [2024-07-25T07:53:38.861+0000] {dagbag.py:545} INFO - Filling up the DagBag from /root/.cache/pypoetry/virtualenvs/freeprise-matchmaker-BsnH11MF-py3.8/lib/python3.8/site-packages/airflow/example_dags/example_python_decorator.py
[2024-07-25T07:53:38.885+0000] {processor.py:840} INFO - DAG(s) 'example_python_decorator' retrieved from /root/.cache/pypoetry/virtualenvs/freeprise-matchmaker-BsnH11MF-py3.8/lib/python3.8/site-packages/airflow/example_dags/example_python_decorator.py
[2024-07-25T07:53:38.941+0000] {logging_mixin.py:188} INFO - [2024-07-25T07:53:38.941+0000] {dag.py:3089} INFO - Sync 1 DAGs
[2024-07-25T07:53:38.962+0000] {logging_mixin.py:188} INFO - [2024-07-25T07:53:38.962+0000] {dag.py:3947} INFO - Setting next_dagrun for example_python_decorator to None, run_after=None
[2024-07-25T07:53:38.988+0000] {processor.py:183} INFO - Processing /root/.cache/pypoetry/virtualenvs/freeprise-matchmaker-BsnH11MF-py3.8/lib/python3.8/site-packages/airflow/example_dags/example_python_decorator.py took 0.144 seconds
[2024-07-25T07:54:09.372+0000] {processor.py:161} INFO - Started process (PID=2176) to work on /root/.cache/pypoetry/virtualenvs/freeprise-matchmaker-BsnH11MF-py3.8/lib/python3.8/site-packages/airflow/example_dags/example_python_decorator.py
[2024-07-25T07:54:09.375+0000] {processor.py:830} INFO - Processing file /root/.cache/pypoetry/virtualenvs/freeprise-matchmaker-BsnH11MF-py3.8/lib/python3.8/site-packages/airflow/example_dags/example_python_decorator.py for tasks to queue
[2024-07-25T07:54:09.377+0000] {logging_mixin.py:188} INFO - [2024-07-25T07:54:09.377+0000] {dagbag.py:545} INFO - Filling up the DagBag from /root/.cache/pypoetry/virtualenvs/freeprise-matchmaker-BsnH11MF-py3.8/lib/python3.8/site-packages/airflow/example_dags/example_python_decorator.py
[2024-07-25T07:54:09.399+0000] {processor.py:840} INFO - DAG(s) 'example_python_decorator' retrieved from /root/.cache/pypoetry/virtualenvs/freeprise-matchmaker-BsnH11MF-py3.8/lib/python3.8/site-packages/airflow/example_dags/example_python_decorator.py
[2024-07-25T07:54:09.447+0000] {logging_mixin.py:188} INFO - [2024-07-25T07:54:09.447+0000] {dag.py:3089} INFO - Sync 1 DAGs
[2024-07-25T07:54:09.467+0000] {logging_mixin.py:188} INFO - [2024-07-25T07:54:09.466+0000] {dag.py:3947} INFO - Setting next_dagrun for example_python_decorator to None, run_after=None
[2024-07-25T07:54:09.495+0000] {processor.py:183} INFO - Processing /root/.cache/pypoetry/virtualenvs/freeprise-matchmaker-BsnH11MF-py3.8/lib/python3.8/site-packages/airflow/example_dags/example_python_decorator.py took 0.137 seconds
[2024-07-25T07:54:39.774+0000] {processor.py:161} INFO - Started process (PID=2440) to work on /root/.cache/pypoetry/virtualenvs/freeprise-matchmaker-BsnH11MF-py3.8/lib/python3.8/site-packages/airflow/example_dags/example_python_decorator.py
[2024-07-25T07:54:39.776+0000] {processor.py:830} INFO - Processing file /root/.cache/pypoetry/virtualenvs/freeprise-matchmaker-BsnH11MF-py3.8/lib/python3.8/site-packages/airflow/example_dags/example_python_decorator.py for tasks to queue
[2024-07-25T07:54:39.779+0000] {logging_mixin.py:188} INFO - [2024-07-25T07:54:39.779+0000] {dagbag.py:545} INFO - Filling up the DagBag from /root/.cache/pypoetry/virtualenvs/freeprise-matchmaker-BsnH11MF-py3.8/lib/python3.8/site-packages/airflow/example_dags/example_python_decorator.py
[2024-07-25T07:54:39.809+0000] {processor.py:840} INFO - DAG(s) 'example_python_decorator' retrieved from /root/.cache/pypoetry/virtualenvs/freeprise-matchmaker-BsnH11MF-py3.8/lib/python3.8/site-packages/airflow/example_dags/example_python_decorator.py
[2024-07-25T07:54:39.861+0000] {logging_mixin.py:188} INFO - [2024-07-25T07:54:39.860+0000] {dag.py:3089} INFO - Sync 1 DAGs
[2024-07-25T07:54:39.887+0000] {logging_mixin.py:188} INFO - [2024-07-25T07:54:39.886+0000] {dag.py:3947} INFO - Setting next_dagrun for example_python_decorator to None, run_after=None
[2024-07-25T07:54:39.922+0000] {processor.py:183} INFO - Processing /root/.cache/pypoetry/virtualenvs/freeprise-matchmaker-BsnH11MF-py3.8/lib/python3.8/site-packages/airflow/example_dags/example_python_decorator.py took 0.164 seconds
[2024-07-25T07:55:10.199+0000] {processor.py:161} INFO - Started process (PID=2706) to work on /root/.cache/pypoetry/virtualenvs/freeprise-matchmaker-BsnH11MF-py3.8/lib/python3.8/site-packages/airflow/example_dags/example_python_decorator.py
[2024-07-25T07:55:10.201+0000] {processor.py:830} INFO - Processing file /root/.cache/pypoetry/virtualenvs/freeprise-matchmaker-BsnH11MF-py3.8/lib/python3.8/site-packages/airflow/example_dags/example_python_decorator.py for tasks to queue
[2024-07-25T07:55:10.204+0000] {logging_mixin.py:188} INFO - [2024-07-25T07:55:10.203+0000] {dagbag.py:545} INFO - Filling up the DagBag from /root/.cache/pypoetry/virtualenvs/freeprise-matchmaker-BsnH11MF-py3.8/lib/python3.8/site-packages/airflow/example_dags/example_python_decorator.py
[2024-07-25T07:55:10.235+0000] {processor.py:840} INFO - DAG(s) 'example_python_decorator' retrieved from /root/.cache/pypoetry/virtualenvs/freeprise-matchmaker-BsnH11MF-py3.8/lib/python3.8/site-packages/airflow/example_dags/example_python_decorator.py
[2024-07-25T07:55:10.283+0000] {logging_mixin.py:188} INFO - [2024-07-25T07:55:10.282+0000] {dag.py:3089} INFO - Sync 1 DAGs
[2024-07-25T07:55:10.307+0000] {logging_mixin.py:188} INFO - [2024-07-25T07:55:10.306+0000] {dag.py:3947} INFO - Setting next_dagrun for example_python_decorator to None, run_after=None
[2024-07-25T07:55:10.335+0000] {processor.py:183} INFO - Processing /root/.cache/pypoetry/virtualenvs/freeprise-matchmaker-BsnH11MF-py3.8/lib/python3.8/site-packages/airflow/example_dags/example_python_decorator.py took 0.148 seconds
[2024-07-25T07:55:40.437+0000] {processor.py:161} INFO - Started process (PID=2972) to work on /root/.cache/pypoetry/virtualenvs/freeprise-matchmaker-BsnH11MF-py3.8/lib/python3.8/site-packages/airflow/example_dags/example_python_decorator.py
[2024-07-25T07:55:40.439+0000] {processor.py:830} INFO - Processing file /root/.cache/pypoetry/virtualenvs/freeprise-matchmaker-BsnH11MF-py3.8/lib/python3.8/site-packages/airflow/example_dags/example_python_decorator.py for tasks to queue
[2024-07-25T07:55:40.441+0000] {logging_mixin.py:188} INFO - [2024-07-25T07:55:40.441+0000] {dagbag.py:545} INFO - Filling up the DagBag from /root/.cache/pypoetry/virtualenvs/freeprise-matchmaker-BsnH11MF-py3.8/lib/python3.8/site-packages/airflow/example_dags/example_python_decorator.py
[2024-07-25T07:55:40.463+0000] {processor.py:840} INFO - DAG(s) 'example_python_decorator' retrieved from /root/.cache/pypoetry/virtualenvs/freeprise-matchmaker-BsnH11MF-py3.8/lib/python3.8/site-packages/airflow/example_dags/example_python_decorator.py
[2024-07-25T07:55:40.509+0000] {logging_mixin.py:188} INFO - [2024-07-25T07:55:40.508+0000] {dag.py:3089} INFO - Sync 1 DAGs
[2024-07-25T07:55:40.529+0000] {logging_mixin.py:188} INFO - [2024-07-25T07:55:40.529+0000] {dag.py:3947} INFO - Setting next_dagrun for example_python_decorator to None, run_after=None
[2024-07-25T07:55:40.558+0000] {processor.py:183} INFO - Processing /root/.cache/pypoetry/virtualenvs/freeprise-matchmaker-BsnH11MF-py3.8/lib/python3.8/site-packages/airflow/example_dags/example_python_decorator.py took 0.133 seconds
[2024-07-25T07:56:10.997+0000] {processor.py:161} INFO - Started process (PID=3238) to work on /root/.cache/pypoetry/virtualenvs/freeprise-matchmaker-BsnH11MF-py3.8/lib/python3.8/site-packages/airflow/example_dags/example_python_decorator.py
[2024-07-25T07:56:11.001+0000] {processor.py:830} INFO - Processing file /root/.cache/pypoetry/virtualenvs/freeprise-matchmaker-BsnH11MF-py3.8/lib/python3.8/site-packages/airflow/example_dags/example_python_decorator.py for tasks to queue
[2024-07-25T07:56:11.004+0000] {logging_mixin.py:188} INFO - [2024-07-25T07:56:11.004+0000] {dagbag.py:545} INFO - Filling up the DagBag from /root/.cache/pypoetry/virtualenvs/freeprise-matchmaker-BsnH11MF-py3.8/lib/python3.8/site-packages/airflow/example_dags/example_python_decorator.py
[2024-07-25T07:56:11.033+0000] {processor.py:840} INFO - DAG(s) 'example_python_decorator' retrieved from /root/.cache/pypoetry/virtualenvs/freeprise-matchmaker-BsnH11MF-py3.8/lib/python3.8/site-packages/airflow/example_dags/example_python_decorator.py
[2024-07-25T07:56:11.080+0000] {logging_mixin.py:188} INFO - [2024-07-25T07:56:11.080+0000] {dag.py:3089} INFO - Sync 1 DAGs
[2024-07-25T07:56:11.101+0000] {logging_mixin.py:188} INFO - [2024-07-25T07:56:11.101+0000] {dag.py:3947} INFO - Setting next_dagrun for example_python_decorator to None, run_after=None
[2024-07-25T07:56:11.132+0000] {processor.py:183} INFO - Processing /root/.cache/pypoetry/virtualenvs/freeprise-matchmaker-BsnH11MF-py3.8/lib/python3.8/site-packages/airflow/example_dags/example_python_decorator.py took 0.151 seconds
[2024-07-25T07:56:41.889+0000] {processor.py:161} INFO - Started process (PID=3504) to work on /root/.cache/pypoetry/virtualenvs/freeprise-matchmaker-BsnH11MF-py3.8/lib/python3.8/site-packages/airflow/example_dags/example_python_decorator.py
[2024-07-25T07:56:41.891+0000] {processor.py:830} INFO - Processing file /root/.cache/pypoetry/virtualenvs/freeprise-matchmaker-BsnH11MF-py3.8/lib/python3.8/site-packages/airflow/example_dags/example_python_decorator.py for tasks to queue
[2024-07-25T07:56:41.894+0000] {logging_mixin.py:188} INFO - [2024-07-25T07:56:41.893+0000] {dagbag.py:545} INFO - Filling up the DagBag from /root/.cache/pypoetry/virtualenvs/freeprise-matchmaker-BsnH11MF-py3.8/lib/python3.8/site-packages/airflow/example_dags/example_python_decorator.py
[2024-07-25T07:56:41.922+0000] {processor.py:840} INFO - DAG(s) 'example_python_decorator' retrieved from /root/.cache/pypoetry/virtualenvs/freeprise-matchmaker-BsnH11MF-py3.8/lib/python3.8/site-packages/airflow/example_dags/example_python_decorator.py
[2024-07-25T07:56:41.968+0000] {logging_mixin.py:188} INFO - [2024-07-25T07:56:41.968+0000] {dag.py:3089} INFO - Sync 1 DAGs
[2024-07-25T07:56:41.988+0000] {logging_mixin.py:188} INFO - [2024-07-25T07:56:41.988+0000] {dag.py:3947} INFO - Setting next_dagrun for example_python_decorator to None, run_after=None
[2024-07-25T07:56:42.018+0000] {processor.py:183} INFO - Processing /root/.cache/pypoetry/virtualenvs/freeprise-matchmaker-BsnH11MF-py3.8/lib/python3.8/site-packages/airflow/example_dags/example_python_decorator.py took 0.144 seconds
[2024-07-25T07:57:12.243+0000] {processor.py:161} INFO - Started process (PID=3770) to work on /root/.cache/pypoetry/virtualenvs/freeprise-matchmaker-BsnH11MF-py3.8/lib/python3.8/site-packages/airflow/example_dags/example_python_decorator.py
[2024-07-25T07:57:12.246+0000] {processor.py:830} INFO - Processing file /root/.cache/pypoetry/virtualenvs/freeprise-matchmaker-BsnH11MF-py3.8/lib/python3.8/site-packages/airflow/example_dags/example_python_decorator.py for tasks to queue
[2024-07-25T07:57:12.248+0000] {logging_mixin.py:188} INFO - [2024-07-25T07:57:12.248+0000] {dagbag.py:545} INFO - Filling up the DagBag from /root/.cache/pypoetry/virtualenvs/freeprise-matchmaker-BsnH11MF-py3.8/lib/python3.8/site-packages/airflow/example_dags/example_python_decorator.py
[2024-07-25T07:57:12.275+0000] {processor.py:840} INFO - DAG(s) 'example_python_decorator' retrieved from /root/.cache/pypoetry/virtualenvs/freeprise-matchmaker-BsnH11MF-py3.8/lib/python3.8/site-packages/airflow/example_dags/example_python_decorator.py
[2024-07-25T07:57:12.321+0000] {logging_mixin.py:188} INFO - [2024-07-25T07:57:12.321+0000] {dag.py:3089} INFO - Sync 1 DAGs
[2024-07-25T07:57:12.346+0000] {logging_mixin.py:188} INFO - [2024-07-25T07:57:12.346+0000] {dag.py:3947} INFO - Setting next_dagrun for example_python_decorator to None, run_after=None
[2024-07-25T07:57:12.375+0000] {processor.py:183} INFO - Processing /root/.cache/pypoetry/virtualenvs/freeprise-matchmaker-BsnH11MF-py3.8/lib/python3.8/site-packages/airflow/example_dags/example_python_decorator.py took 0.145 seconds
[2024-07-25T07:57:42.790+0000] {processor.py:161} INFO - Started process (PID=4038) to work on /root/.cache/pypoetry/virtualenvs/freeprise-matchmaker-BsnH11MF-py3.8/lib/python3.8/site-packages/airflow/example_dags/example_python_decorator.py
[2024-07-25T07:57:42.792+0000] {processor.py:830} INFO - Processing file /root/.cache/pypoetry/virtualenvs/freeprise-matchmaker-BsnH11MF-py3.8/lib/python3.8/site-packages/airflow/example_dags/example_python_decorator.py for tasks to queue
[2024-07-25T07:57:42.795+0000] {logging_mixin.py:188} INFO - [2024-07-25T07:57:42.794+0000] {dagbag.py:545} INFO - Filling up the DagBag from /root/.cache/pypoetry/virtualenvs/freeprise-matchmaker-BsnH11MF-py3.8/lib/python3.8/site-packages/airflow/example_dags/example_python_decorator.py
[2024-07-25T07:57:42.817+0000] {processor.py:840} INFO - DAG(s) 'example_python_decorator' retrieved from /root/.cache/pypoetry/virtualenvs/freeprise-matchmaker-BsnH11MF-py3.8/lib/python3.8/site-packages/airflow/example_dags/example_python_decorator.py
[2024-07-25T07:57:42.859+0000] {logging_mixin.py:188} INFO - [2024-07-25T07:57:42.859+0000] {dag.py:3089} INFO - Sync 1 DAGs
[2024-07-25T07:57:42.879+0000] {logging_mixin.py:188} INFO - [2024-07-25T07:57:42.879+0000] {dag.py:3947} INFO - Setting next_dagrun for example_python_decorator to None, run_after=None
[2024-07-25T07:57:42.906+0000] {processor.py:183} INFO - Processing /root/.cache/pypoetry/virtualenvs/freeprise-matchmaker-BsnH11MF-py3.8/lib/python3.8/site-packages/airflow/example_dags/example_python_decorator.py took 0.128 seconds
[2024-07-25T07:58:13.888+0000] {processor.py:161} INFO - Started process (PID=4302) to work on /root/.cache/pypoetry/virtualenvs/freeprise-matchmaker-BsnH11MF-py3.8/lib/python3.8/site-packages/airflow/example_dags/example_python_decorator.py
[2024-07-25T07:58:13.890+0000] {processor.py:830} INFO - Processing file /root/.cache/pypoetry/virtualenvs/freeprise-matchmaker-BsnH11MF-py3.8/lib/python3.8/site-packages/airflow/example_dags/example_python_decorator.py for tasks to queue
[2024-07-25T07:58:13.893+0000] {logging_mixin.py:188} INFO - [2024-07-25T07:58:13.893+0000] {dagbag.py:545} INFO - Filling up the DagBag from /root/.cache/pypoetry/virtualenvs/freeprise-matchmaker-BsnH11MF-py3.8/lib/python3.8/site-packages/airflow/example_dags/example_python_decorator.py
[2024-07-25T07:58:13.922+0000] {processor.py:840} INFO - DAG(s) 'example_python_decorator' retrieved from /root/.cache/pypoetry/virtualenvs/freeprise-matchmaker-BsnH11MF-py3.8/lib/python3.8/site-packages/airflow/example_dags/example_python_decorator.py
[2024-07-25T07:58:13.972+0000] {logging_mixin.py:188} INFO - [2024-07-25T07:58:13.971+0000] {dag.py:3089} INFO - Sync 1 DAGs
[2024-07-25T07:58:14.002+0000] {logging_mixin.py:188} INFO - [2024-07-25T07:58:14.001+0000] {dag.py:3947} INFO - Setting next_dagrun for example_python_decorator to None, run_after=None
[2024-07-25T07:58:14.032+0000] {processor.py:183} INFO - Processing /root/.cache/pypoetry/virtualenvs/freeprise-matchmaker-BsnH11MF-py3.8/lib/python3.8/site-packages/airflow/example_dags/example_python_decorator.py took 0.159 seconds
[2024-07-25T07:58:44.352+0000] {processor.py:161} INFO - Started process (PID=4568) to work on /root/.cache/pypoetry/virtualenvs/freeprise-matchmaker-BsnH11MF-py3.8/lib/python3.8/site-packages/airflow/example_dags/example_python_decorator.py
[2024-07-25T07:58:44.355+0000] {processor.py:830} INFO - Processing file /root/.cache/pypoetry/virtualenvs/freeprise-matchmaker-BsnH11MF-py3.8/lib/python3.8/site-packages/airflow/example_dags/example_python_decorator.py for tasks to queue
[2024-07-25T07:58:44.357+0000] {logging_mixin.py:188} INFO - [2024-07-25T07:58:44.357+0000] {dagbag.py:545} INFO - Filling up the DagBag from /root/.cache/pypoetry/virtualenvs/freeprise-matchmaker-BsnH11MF-py3.8/lib/python3.8/site-packages/airflow/example_dags/example_python_decorator.py
[2024-07-25T07:58:44.382+0000] {processor.py:840} INFO - DAG(s) 'example_python_decorator' retrieved from /root/.cache/pypoetry/virtualenvs/freeprise-matchmaker-BsnH11MF-py3.8/lib/python3.8/site-packages/airflow/example_dags/example_python_decorator.py
[2024-07-25T07:58:44.439+0000] {logging_mixin.py:188} INFO - [2024-07-25T07:58:44.439+0000] {dag.py:3089} INFO - Sync 1 DAGs
[2024-07-25T07:58:44.469+0000] {logging_mixin.py:188} INFO - [2024-07-25T07:58:44.468+0000] {dag.py:3947} INFO - Setting next_dagrun for example_python_decorator to None, run_after=None
[2024-07-25T07:58:44.497+0000] {processor.py:183} INFO - Processing /root/.cache/pypoetry/virtualenvs/freeprise-matchmaker-BsnH11MF-py3.8/lib/python3.8/site-packages/airflow/example_dags/example_python_decorator.py took 0.156 seconds
[2024-07-25T07:59:14.924+0000] {processor.py:161} INFO - Started process (PID=4834) to work on /root/.cache/pypoetry/virtualenvs/freeprise-matchmaker-BsnH11MF-py3.8/lib/python3.8/site-packages/airflow/example_dags/example_python_decorator.py
[2024-07-25T07:59:14.925+0000] {processor.py:830} INFO - Processing file /root/.cache/pypoetry/virtualenvs/freeprise-matchmaker-BsnH11MF-py3.8/lib/python3.8/site-packages/airflow/example_dags/example_python_decorator.py for tasks to queue
[2024-07-25T07:59:14.928+0000] {logging_mixin.py:188} INFO - [2024-07-25T07:59:14.928+0000] {dagbag.py:545} INFO - Filling up the DagBag from /root/.cache/pypoetry/virtualenvs/freeprise-matchmaker-BsnH11MF-py3.8/lib/python3.8/site-packages/airflow/example_dags/example_python_decorator.py
[2024-07-25T07:59:14.954+0000] {processor.py:840} INFO - DAG(s) 'example_python_decorator' retrieved from /root/.cache/pypoetry/virtualenvs/freeprise-matchmaker-BsnH11MF-py3.8/lib/python3.8/site-packages/airflow/example_dags/example_python_decorator.py
[2024-07-25T07:59:15.000+0000] {logging_mixin.py:188} INFO - [2024-07-25T07:59:14.999+0000] {dag.py:3089} INFO - Sync 1 DAGs
[2024-07-25T07:59:15.021+0000] {logging_mixin.py:188} INFO - [2024-07-25T07:59:15.021+0000] {dag.py:3947} INFO - Setting next_dagrun for example_python_decorator to None, run_after=None
[2024-07-25T07:59:15.052+0000] {processor.py:183} INFO - Processing /root/.cache/pypoetry/virtualenvs/freeprise-matchmaker-BsnH11MF-py3.8/lib/python3.8/site-packages/airflow/example_dags/example_python_decorator.py took 0.142 seconds
[2024-07-25T07:59:45.182+0000] {processor.py:161} INFO - Started process (PID=5097) to work on /root/.cache/pypoetry/virtualenvs/freeprise-matchmaker-BsnH11MF-py3.8/lib/python3.8/site-packages/airflow/example_dags/example_python_decorator.py
[2024-07-25T07:59:45.184+0000] {processor.py:830} INFO - Processing file /root/.cache/pypoetry/virtualenvs/freeprise-matchmaker-BsnH11MF-py3.8/lib/python3.8/site-packages/airflow/example_dags/example_python_decorator.py for tasks to queue
[2024-07-25T07:59:45.188+0000] {logging_mixin.py:188} INFO - [2024-07-25T07:59:45.187+0000] {dagbag.py:545} INFO - Filling up the DagBag from /root/.cache/pypoetry/virtualenvs/freeprise-matchmaker-BsnH11MF-py3.8/lib/python3.8/site-packages/airflow/example_dags/example_python_decorator.py
[2024-07-25T07:59:45.239+0000] {processor.py:840} INFO - DAG(s) 'example_python_decorator' retrieved from /root/.cache/pypoetry/virtualenvs/freeprise-matchmaker-BsnH11MF-py3.8/lib/python3.8/site-packages/airflow/example_dags/example_python_decorator.py
[2024-07-25T07:59:45.368+0000] {logging_mixin.py:188} INFO - [2024-07-25T07:59:45.367+0000] {dag.py:3089} INFO - Sync 1 DAGs
[2024-07-25T07:59:45.409+0000] {logging_mixin.py:188} INFO - [2024-07-25T07:59:45.409+0000] {dag.py:3947} INFO - Setting next_dagrun for example_python_decorator to None, run_after=None
[2024-07-25T07:59:45.458+0000] {processor.py:183} INFO - Processing /root/.cache/pypoetry/virtualenvs/freeprise-matchmaker-BsnH11MF-py3.8/lib/python3.8/site-packages/airflow/example_dags/example_python_decorator.py took 0.293 seconds
[2024-07-25T08:00:15.621+0000] {processor.py:161} INFO - Started process (PID=5360) to work on /root/.cache/pypoetry/virtualenvs/freeprise-matchmaker-BsnH11MF-py3.8/lib/python3.8/site-packages/airflow/example_dags/example_python_decorator.py
[2024-07-25T08:00:15.623+0000] {processor.py:830} INFO - Processing file /root/.cache/pypoetry/virtualenvs/freeprise-matchmaker-BsnH11MF-py3.8/lib/python3.8/site-packages/airflow/example_dags/example_python_decorator.py for tasks to queue
[2024-07-25T08:00:15.626+0000] {logging_mixin.py:188} INFO - [2024-07-25T08:00:15.626+0000] {dagbag.py:545} INFO - Filling up the DagBag from /root/.cache/pypoetry/virtualenvs/freeprise-matchmaker-BsnH11MF-py3.8/lib/python3.8/site-packages/airflow/example_dags/example_python_decorator.py
[2024-07-25T08:00:15.655+0000] {processor.py:840} INFO - DAG(s) 'example_python_decorator' retrieved from /root/.cache/pypoetry/virtualenvs/freeprise-matchmaker-BsnH11MF-py3.8/lib/python3.8/site-packages/airflow/example_dags/example_python_decorator.py
[2024-07-25T08:00:15.703+0000] {logging_mixin.py:188} INFO - [2024-07-25T08:00:15.703+0000] {dag.py:3089} INFO - Sync 1 DAGs
[2024-07-25T08:00:15.725+0000] {logging_mixin.py:188} INFO - [2024-07-25T08:00:15.724+0000] {dag.py:3947} INFO - Setting next_dagrun for example_python_decorator to None, run_after=None
[2024-07-25T08:00:15.753+0000] {processor.py:183} INFO - Processing /root/.cache/pypoetry/virtualenvs/freeprise-matchmaker-BsnH11MF-py3.8/lib/python3.8/site-packages/airflow/example_dags/example_python_decorator.py took 0.148 seconds
[2024-07-25T08:00:48.983+0000] {processor.py:161} INFO - Started process (PID=5632) to work on /root/.cache/pypoetry/virtualenvs/freeprise-matchmaker-BsnH11MF-py3.8/lib/python3.8/site-packages/airflow/example_dags/example_python_decorator.py
[2024-07-25T08:00:49.005+0000] {processor.py:830} INFO - Processing file /root/.cache/pypoetry/virtualenvs/freeprise-matchmaker-BsnH11MF-py3.8/lib/python3.8/site-packages/airflow/example_dags/example_python_decorator.py for tasks to queue
[2024-07-25T08:00:49.024+0000] {logging_mixin.py:188} INFO - [2024-07-25T08:00:49.021+0000] {dagbag.py:545} INFO - Filling up the DagBag from /root/.cache/pypoetry/virtualenvs/freeprise-matchmaker-BsnH11MF-py3.8/lib/python3.8/site-packages/airflow/example_dags/example_python_decorator.py
[2024-07-25T08:00:49.167+0000] {processor.py:840} INFO - DAG(s) 'example_python_decorator' retrieved from /root/.cache/pypoetry/virtualenvs/freeprise-matchmaker-BsnH11MF-py3.8/lib/python3.8/site-packages/airflow/example_dags/example_python_decorator.py
[2024-07-25T08:00:49.547+0000] {logging_mixin.py:188} INFO - [2024-07-25T08:00:49.545+0000] {dag.py:3089} INFO - Sync 1 DAGs
[2024-07-25T08:00:49.695+0000] {logging_mixin.py:188} INFO - [2024-07-25T08:00:49.693+0000] {dag.py:3947} INFO - Setting next_dagrun for example_python_decorator to None, run_after=None
[2024-07-25T08:00:49.893+0000] {processor.py:183} INFO - Processing /root/.cache/pypoetry/virtualenvs/freeprise-matchmaker-BsnH11MF-py3.8/lib/python3.8/site-packages/airflow/example_dags/example_python_decorator.py took 0.982 seconds
