[2024-07-25T07:50:30.190+0000] {processor.py:161} INFO - Started process (PID=282) to work on /root/.cache/pypoetry/virtualenvs/freeprise-matchmaker-BsnH11MF-py3.8/lib/python3.8/site-packages/airflow/example_dags/example_skip_dag.py
[2024-07-25T07:50:30.191+0000] {processor.py:830} INFO - Processing file /root/.cache/pypoetry/virtualenvs/freeprise-matchmaker-BsnH11MF-py3.8/lib/python3.8/site-packages/airflow/example_dags/example_skip_dag.py for tasks to queue
[2024-07-25T07:50:30.194+0000] {logging_mixin.py:188} INFO - [2024-07-25T07:50:30.194+0000] {dagbag.py:545} INFO - Filling up the DagBag from /root/.cache/pypoetry/virtualenvs/freeprise-matchmaker-BsnH11MF-py3.8/lib/python3.8/site-packages/airflow/example_dags/example_skip_dag.py
[2024-07-25T07:50:30.211+0000] {processor.py:840} INFO - DAG(s) 'example_skip_dag' retrieved from /root/.cache/pypoetry/virtualenvs/freeprise-matchmaker-BsnH11MF-py3.8/lib/python3.8/site-packages/airflow/example_dags/example_skip_dag.py
[2024-07-25T07:50:30.238+0000] {logging_mixin.py:188} INFO - [2024-07-25T07:50:30.238+0000] {dag.py:3089} INFO - Sync 1 DAGs
[2024-07-25T07:50:30.282+0000] {logging_mixin.py:188} INFO - [2024-07-25T07:50:30.281+0000] {dag.py:3947} INFO - Setting next_dagrun for example_skip_dag to 2024-07-24 00:00:00+00:00, run_after=2024-07-25 00:00:00+00:00
[2024-07-25T07:50:30.313+0000] {processor.py:183} INFO - Processing /root/.cache/pypoetry/virtualenvs/freeprise-matchmaker-BsnH11MF-py3.8/lib/python3.8/site-packages/airflow/example_dags/example_skip_dag.py took 0.142 seconds
[2024-07-25T07:51:03.854+0000] {processor.py:161} INFO - Started process (PID=548) to work on /root/.cache/pypoetry/virtualenvs/freeprise-matchmaker-BsnH11MF-py3.8/lib/python3.8/site-packages/airflow/example_dags/example_skip_dag.py
[2024-07-25T07:51:03.857+0000] {processor.py:830} INFO - Processing file /root/.cache/pypoetry/virtualenvs/freeprise-matchmaker-BsnH11MF-py3.8/lib/python3.8/site-packages/airflow/example_dags/example_skip_dag.py for tasks to queue
[2024-07-25T07:51:03.860+0000] {logging_mixin.py:188} INFO - [2024-07-25T07:51:03.860+0000] {dagbag.py:545} INFO - Filling up the DagBag from /root/.cache/pypoetry/virtualenvs/freeprise-matchmaker-BsnH11MF-py3.8/lib/python3.8/site-packages/airflow/example_dags/example_skip_dag.py
[2024-07-25T07:51:03.875+0000] {processor.py:840} INFO - DAG(s) 'example_skip_dag' retrieved from /root/.cache/pypoetry/virtualenvs/freeprise-matchmaker-BsnH11MF-py3.8/lib/python3.8/site-packages/airflow/example_dags/example_skip_dag.py
[2024-07-25T07:51:04.196+0000] {logging_mixin.py:188} INFO - [2024-07-25T07:51:04.195+0000] {dag.py:3089} INFO - Sync 1 DAGs
[2024-07-25T07:51:04.228+0000] {logging_mixin.py:188} INFO - [2024-07-25T07:51:04.227+0000] {dag.py:3947} INFO - Setting next_dagrun for example_skip_dag to 2024-07-24 00:00:00+00:00, run_after=2024-07-25 00:00:00+00:00
[2024-07-25T07:51:04.255+0000] {processor.py:183} INFO - Processing /root/.cache/pypoetry/virtualenvs/freeprise-matchmaker-BsnH11MF-py3.8/lib/python3.8/site-packages/airflow/example_dags/example_skip_dag.py took 0.416 seconds
[2024-07-25T07:51:34.645+0000] {processor.py:161} INFO - Started process (PID=814) to work on /root/.cache/pypoetry/virtualenvs/freeprise-matchmaker-BsnH11MF-py3.8/lib/python3.8/site-packages/airflow/example_dags/example_skip_dag.py
[2024-07-25T07:51:34.647+0000] {processor.py:830} INFO - Processing file /root/.cache/pypoetry/virtualenvs/freeprise-matchmaker-BsnH11MF-py3.8/lib/python3.8/site-packages/airflow/example_dags/example_skip_dag.py for tasks to queue
[2024-07-25T07:51:34.651+0000] {logging_mixin.py:188} INFO - [2024-07-25T07:51:34.650+0000] {dagbag.py:545} INFO - Filling up the DagBag from /root/.cache/pypoetry/virtualenvs/freeprise-matchmaker-BsnH11MF-py3.8/lib/python3.8/site-packages/airflow/example_dags/example_skip_dag.py
[2024-07-25T07:51:34.816+0000] {processor.py:840} INFO - DAG(s) 'example_skip_dag' retrieved from /root/.cache/pypoetry/virtualenvs/freeprise-matchmaker-BsnH11MF-py3.8/lib/python3.8/site-packages/airflow/example_dags/example_skip_dag.py
[2024-07-25T07:51:34.853+0000] {logging_mixin.py:188} INFO - [2024-07-25T07:51:34.852+0000] {dag.py:3089} INFO - Sync 1 DAGs
[2024-07-25T07:51:34.881+0000] {logging_mixin.py:188} INFO - [2024-07-25T07:51:34.881+0000] {dag.py:3947} INFO - Setting next_dagrun for example_skip_dag to 2024-07-24 00:00:00+00:00, run_after=2024-07-25 00:00:00+00:00
[2024-07-25T07:51:34.906+0000] {processor.py:183} INFO - Processing /root/.cache/pypoetry/virtualenvs/freeprise-matchmaker-BsnH11MF-py3.8/lib/python3.8/site-packages/airflow/example_dags/example_skip_dag.py took 0.278 seconds
[2024-07-25T07:52:05.643+0000] {processor.py:161} INFO - Started process (PID=1082) to work on /root/.cache/pypoetry/virtualenvs/freeprise-matchmaker-BsnH11MF-py3.8/lib/python3.8/site-packages/airflow/example_dags/example_skip_dag.py
[2024-07-25T07:52:05.646+0000] {processor.py:830} INFO - Processing file /root/.cache/pypoetry/virtualenvs/freeprise-matchmaker-BsnH11MF-py3.8/lib/python3.8/site-packages/airflow/example_dags/example_skip_dag.py for tasks to queue
[2024-07-25T07:52:05.649+0000] {logging_mixin.py:188} INFO - [2024-07-25T07:52:05.648+0000] {dagbag.py:545} INFO - Filling up the DagBag from /root/.cache/pypoetry/virtualenvs/freeprise-matchmaker-BsnH11MF-py3.8/lib/python3.8/site-packages/airflow/example_dags/example_skip_dag.py
[2024-07-25T07:52:05.665+0000] {processor.py:840} INFO - DAG(s) 'example_skip_dag' retrieved from /root/.cache/pypoetry/virtualenvs/freeprise-matchmaker-BsnH11MF-py3.8/lib/python3.8/site-packages/airflow/example_dags/example_skip_dag.py
[2024-07-25T07:52:05.714+0000] {logging_mixin.py:188} INFO - [2024-07-25T07:52:05.714+0000] {dag.py:3089} INFO - Sync 1 DAGs
[2024-07-25T07:52:05.750+0000] {logging_mixin.py:188} INFO - [2024-07-25T07:52:05.750+0000] {dag.py:3947} INFO - Setting next_dagrun for example_skip_dag to 2024-07-24 00:00:00+00:00, run_after=2024-07-25 00:00:00+00:00
[2024-07-25T07:52:05.778+0000] {processor.py:183} INFO - Processing /root/.cache/pypoetry/virtualenvs/freeprise-matchmaker-BsnH11MF-py3.8/lib/python3.8/site-packages/airflow/example_dags/example_skip_dag.py took 0.151 seconds
[2024-07-25T07:52:36.650+0000] {processor.py:161} INFO - Started process (PID=1348) to work on /root/.cache/pypoetry/virtualenvs/freeprise-matchmaker-BsnH11MF-py3.8/lib/python3.8/site-packages/airflow/example_dags/example_skip_dag.py
[2024-07-25T07:52:36.651+0000] {processor.py:830} INFO - Processing file /root/.cache/pypoetry/virtualenvs/freeprise-matchmaker-BsnH11MF-py3.8/lib/python3.8/site-packages/airflow/example_dags/example_skip_dag.py for tasks to queue
[2024-07-25T07:52:36.654+0000] {logging_mixin.py:188} INFO - [2024-07-25T07:52:36.653+0000] {dagbag.py:545} INFO - Filling up the DagBag from /root/.cache/pypoetry/virtualenvs/freeprise-matchmaker-BsnH11MF-py3.8/lib/python3.8/site-packages/airflow/example_dags/example_skip_dag.py
[2024-07-25T07:52:36.665+0000] {processor.py:840} INFO - DAG(s) 'example_skip_dag' retrieved from /root/.cache/pypoetry/virtualenvs/freeprise-matchmaker-BsnH11MF-py3.8/lib/python3.8/site-packages/airflow/example_dags/example_skip_dag.py
[2024-07-25T07:52:36.706+0000] {logging_mixin.py:188} INFO - [2024-07-25T07:52:36.705+0000] {dag.py:3089} INFO - Sync 1 DAGs
[2024-07-25T07:52:36.739+0000] {logging_mixin.py:188} INFO - [2024-07-25T07:52:36.739+0000] {dag.py:3947} INFO - Setting next_dagrun for example_skip_dag to 2024-07-24 00:00:00+00:00, run_after=2024-07-25 00:00:00+00:00
[2024-07-25T07:52:36.766+0000] {processor.py:183} INFO - Processing /root/.cache/pypoetry/virtualenvs/freeprise-matchmaker-BsnH11MF-py3.8/lib/python3.8/site-packages/airflow/example_dags/example_skip_dag.py took 0.127 seconds
[2024-07-25T07:53:07.612+0000] {processor.py:161} INFO - Started process (PID=1614) to work on /root/.cache/pypoetry/virtualenvs/freeprise-matchmaker-BsnH11MF-py3.8/lib/python3.8/site-packages/airflow/example_dags/example_skip_dag.py
[2024-07-25T07:53:07.614+0000] {processor.py:830} INFO - Processing file /root/.cache/pypoetry/virtualenvs/freeprise-matchmaker-BsnH11MF-py3.8/lib/python3.8/site-packages/airflow/example_dags/example_skip_dag.py for tasks to queue
[2024-07-25T07:53:07.617+0000] {logging_mixin.py:188} INFO - [2024-07-25T07:53:07.616+0000] {dagbag.py:545} INFO - Filling up the DagBag from /root/.cache/pypoetry/virtualenvs/freeprise-matchmaker-BsnH11MF-py3.8/lib/python3.8/site-packages/airflow/example_dags/example_skip_dag.py
[2024-07-25T07:53:07.627+0000] {processor.py:840} INFO - DAG(s) 'example_skip_dag' retrieved from /root/.cache/pypoetry/virtualenvs/freeprise-matchmaker-BsnH11MF-py3.8/lib/python3.8/site-packages/airflow/example_dags/example_skip_dag.py
[2024-07-25T07:53:07.669+0000] {logging_mixin.py:188} INFO - [2024-07-25T07:53:07.668+0000] {dag.py:3089} INFO - Sync 1 DAGs
[2024-07-25T07:53:07.702+0000] {logging_mixin.py:188} INFO - [2024-07-25T07:53:07.702+0000] {dag.py:3947} INFO - Setting next_dagrun for example_skip_dag to 2024-07-24 00:00:00+00:00, run_after=2024-07-25 00:00:00+00:00
[2024-07-25T07:53:07.730+0000] {processor.py:183} INFO - Processing /root/.cache/pypoetry/virtualenvs/freeprise-matchmaker-BsnH11MF-py3.8/lib/python3.8/site-packages/airflow/example_dags/example_skip_dag.py took 0.132 seconds
[2024-07-25T07:53:38.211+0000] {processor.py:161} INFO - Started process (PID=1880) to work on /root/.cache/pypoetry/virtualenvs/freeprise-matchmaker-BsnH11MF-py3.8/lib/python3.8/site-packages/airflow/example_dags/example_skip_dag.py
[2024-07-25T07:53:38.214+0000] {processor.py:830} INFO - Processing file /root/.cache/pypoetry/virtualenvs/freeprise-matchmaker-BsnH11MF-py3.8/lib/python3.8/site-packages/airflow/example_dags/example_skip_dag.py for tasks to queue
[2024-07-25T07:53:38.217+0000] {logging_mixin.py:188} INFO - [2024-07-25T07:53:38.216+0000] {dagbag.py:545} INFO - Filling up the DagBag from /root/.cache/pypoetry/virtualenvs/freeprise-matchmaker-BsnH11MF-py3.8/lib/python3.8/site-packages/airflow/example_dags/example_skip_dag.py
[2024-07-25T07:53:38.228+0000] {processor.py:840} INFO - DAG(s) 'example_skip_dag' retrieved from /root/.cache/pypoetry/virtualenvs/freeprise-matchmaker-BsnH11MF-py3.8/lib/python3.8/site-packages/airflow/example_dags/example_skip_dag.py
[2024-07-25T07:53:38.270+0000] {logging_mixin.py:188} INFO - [2024-07-25T07:53:38.269+0000] {dag.py:3089} INFO - Sync 1 DAGs
[2024-07-25T07:53:38.304+0000] {logging_mixin.py:188} INFO - [2024-07-25T07:53:38.304+0000] {dag.py:3947} INFO - Setting next_dagrun for example_skip_dag to 2024-07-24 00:00:00+00:00, run_after=2024-07-25 00:00:00+00:00
[2024-07-25T07:53:38.331+0000] {processor.py:183} INFO - Processing /root/.cache/pypoetry/virtualenvs/freeprise-matchmaker-BsnH11MF-py3.8/lib/python3.8/site-packages/airflow/example_dags/example_skip_dag.py took 0.132 seconds
[2024-07-25T07:54:08.694+0000] {processor.py:161} INFO - Started process (PID=2146) to work on /root/.cache/pypoetry/virtualenvs/freeprise-matchmaker-BsnH11MF-py3.8/lib/python3.8/site-packages/airflow/example_dags/example_skip_dag.py
[2024-07-25T07:54:08.696+0000] {processor.py:830} INFO - Processing file /root/.cache/pypoetry/virtualenvs/freeprise-matchmaker-BsnH11MF-py3.8/lib/python3.8/site-packages/airflow/example_dags/example_skip_dag.py for tasks to queue
[2024-07-25T07:54:08.699+0000] {logging_mixin.py:188} INFO - [2024-07-25T07:54:08.698+0000] {dagbag.py:545} INFO - Filling up the DagBag from /root/.cache/pypoetry/virtualenvs/freeprise-matchmaker-BsnH11MF-py3.8/lib/python3.8/site-packages/airflow/example_dags/example_skip_dag.py
[2024-07-25T07:54:08.710+0000] {processor.py:840} INFO - DAG(s) 'example_skip_dag' retrieved from /root/.cache/pypoetry/virtualenvs/freeprise-matchmaker-BsnH11MF-py3.8/lib/python3.8/site-packages/airflow/example_dags/example_skip_dag.py
[2024-07-25T07:54:08.752+0000] {logging_mixin.py:188} INFO - [2024-07-25T07:54:08.751+0000] {dag.py:3089} INFO - Sync 1 DAGs
[2024-07-25T07:54:08.785+0000] {logging_mixin.py:188} INFO - [2024-07-25T07:54:08.784+0000] {dag.py:3947} INFO - Setting next_dagrun for example_skip_dag to 2024-07-24 00:00:00+00:00, run_after=2024-07-25 00:00:00+00:00
[2024-07-25T07:54:08.813+0000] {processor.py:183} INFO - Processing /root/.cache/pypoetry/virtualenvs/freeprise-matchmaker-BsnH11MF-py3.8/lib/python3.8/site-packages/airflow/example_dags/example_skip_dag.py took 0.131 seconds
[2024-07-25T07:54:39.118+0000] {processor.py:161} INFO - Started process (PID=2412) to work on /root/.cache/pypoetry/virtualenvs/freeprise-matchmaker-BsnH11MF-py3.8/lib/python3.8/site-packages/airflow/example_dags/example_skip_dag.py
[2024-07-25T07:54:39.119+0000] {processor.py:830} INFO - Processing file /root/.cache/pypoetry/virtualenvs/freeprise-matchmaker-BsnH11MF-py3.8/lib/python3.8/site-packages/airflow/example_dags/example_skip_dag.py for tasks to queue
[2024-07-25T07:54:39.123+0000] {logging_mixin.py:188} INFO - [2024-07-25T07:54:39.123+0000] {dagbag.py:545} INFO - Filling up the DagBag from /root/.cache/pypoetry/virtualenvs/freeprise-matchmaker-BsnH11MF-py3.8/lib/python3.8/site-packages/airflow/example_dags/example_skip_dag.py
[2024-07-25T07:54:39.134+0000] {processor.py:840} INFO - DAG(s) 'example_skip_dag' retrieved from /root/.cache/pypoetry/virtualenvs/freeprise-matchmaker-BsnH11MF-py3.8/lib/python3.8/site-packages/airflow/example_dags/example_skip_dag.py
[2024-07-25T07:54:39.177+0000] {logging_mixin.py:188} INFO - [2024-07-25T07:54:39.177+0000] {dag.py:3089} INFO - Sync 1 DAGs
[2024-07-25T07:54:39.211+0000] {logging_mixin.py:188} INFO - [2024-07-25T07:54:39.211+0000] {dag.py:3947} INFO - Setting next_dagrun for example_skip_dag to 2024-07-24 00:00:00+00:00, run_after=2024-07-25 00:00:00+00:00
[2024-07-25T07:54:39.239+0000] {processor.py:183} INFO - Processing /root/.cache/pypoetry/virtualenvs/freeprise-matchmaker-BsnH11MF-py3.8/lib/python3.8/site-packages/airflow/example_dags/example_skip_dag.py took 0.132 seconds
[2024-07-25T07:55:09.501+0000] {processor.py:161} INFO - Started process (PID=2678) to work on /root/.cache/pypoetry/virtualenvs/freeprise-matchmaker-BsnH11MF-py3.8/lib/python3.8/site-packages/airflow/example_dags/example_skip_dag.py
[2024-07-25T07:55:09.503+0000] {processor.py:830} INFO - Processing file /root/.cache/pypoetry/virtualenvs/freeprise-matchmaker-BsnH11MF-py3.8/lib/python3.8/site-packages/airflow/example_dags/example_skip_dag.py for tasks to queue
[2024-07-25T07:55:09.506+0000] {logging_mixin.py:188} INFO - [2024-07-25T07:55:09.505+0000] {dagbag.py:545} INFO - Filling up the DagBag from /root/.cache/pypoetry/virtualenvs/freeprise-matchmaker-BsnH11MF-py3.8/lib/python3.8/site-packages/airflow/example_dags/example_skip_dag.py
[2024-07-25T07:55:09.517+0000] {processor.py:840} INFO - DAG(s) 'example_skip_dag' retrieved from /root/.cache/pypoetry/virtualenvs/freeprise-matchmaker-BsnH11MF-py3.8/lib/python3.8/site-packages/airflow/example_dags/example_skip_dag.py
[2024-07-25T07:55:09.560+0000] {logging_mixin.py:188} INFO - [2024-07-25T07:55:09.560+0000] {dag.py:3089} INFO - Sync 1 DAGs
[2024-07-25T07:55:09.595+0000] {logging_mixin.py:188} INFO - [2024-07-25T07:55:09.594+0000] {dag.py:3947} INFO - Setting next_dagrun for example_skip_dag to 2024-07-24 00:00:00+00:00, run_after=2024-07-25 00:00:00+00:00
[2024-07-25T07:55:09.622+0000] {processor.py:183} INFO - Processing /root/.cache/pypoetry/virtualenvs/freeprise-matchmaker-BsnH11MF-py3.8/lib/python3.8/site-packages/airflow/example_dags/example_skip_dag.py took 0.133 seconds
[2024-07-25T07:55:39.892+0000] {processor.py:161} INFO - Started process (PID=2944) to work on /root/.cache/pypoetry/virtualenvs/freeprise-matchmaker-BsnH11MF-py3.8/lib/python3.8/site-packages/airflow/example_dags/example_skip_dag.py
[2024-07-25T07:55:39.894+0000] {processor.py:830} INFO - Processing file /root/.cache/pypoetry/virtualenvs/freeprise-matchmaker-BsnH11MF-py3.8/lib/python3.8/site-packages/airflow/example_dags/example_skip_dag.py for tasks to queue
[2024-07-25T07:55:39.898+0000] {logging_mixin.py:188} INFO - [2024-07-25T07:55:39.897+0000] {dagbag.py:545} INFO - Filling up the DagBag from /root/.cache/pypoetry/virtualenvs/freeprise-matchmaker-BsnH11MF-py3.8/lib/python3.8/site-packages/airflow/example_dags/example_skip_dag.py
[2024-07-25T07:55:39.914+0000] {processor.py:840} INFO - DAG(s) 'example_skip_dag' retrieved from /root/.cache/pypoetry/virtualenvs/freeprise-matchmaker-BsnH11MF-py3.8/lib/python3.8/site-packages/airflow/example_dags/example_skip_dag.py
[2024-07-25T07:55:39.966+0000] {logging_mixin.py:188} INFO - [2024-07-25T07:55:39.966+0000] {dag.py:3089} INFO - Sync 1 DAGs
[2024-07-25T07:55:39.999+0000] {logging_mixin.py:188} INFO - [2024-07-25T07:55:39.999+0000] {dag.py:3947} INFO - Setting next_dagrun for example_skip_dag to 2024-07-24 00:00:00+00:00, run_after=2024-07-25 00:00:00+00:00
[2024-07-25T07:55:40.027+0000] {processor.py:183} INFO - Processing /root/.cache/pypoetry/virtualenvs/freeprise-matchmaker-BsnH11MF-py3.8/lib/python3.8/site-packages/airflow/example_dags/example_skip_dag.py took 0.148 seconds
[2024-07-25T07:56:10.477+0000] {processor.py:161} INFO - Started process (PID=3210) to work on /root/.cache/pypoetry/virtualenvs/freeprise-matchmaker-BsnH11MF-py3.8/lib/python3.8/site-packages/airflow/example_dags/example_skip_dag.py
[2024-07-25T07:56:10.479+0000] {processor.py:830} INFO - Processing file /root/.cache/pypoetry/virtualenvs/freeprise-matchmaker-BsnH11MF-py3.8/lib/python3.8/site-packages/airflow/example_dags/example_skip_dag.py for tasks to queue
[2024-07-25T07:56:10.482+0000] {logging_mixin.py:188} INFO - [2024-07-25T07:56:10.482+0000] {dagbag.py:545} INFO - Filling up the DagBag from /root/.cache/pypoetry/virtualenvs/freeprise-matchmaker-BsnH11MF-py3.8/lib/python3.8/site-packages/airflow/example_dags/example_skip_dag.py
[2024-07-25T07:56:10.498+0000] {processor.py:840} INFO - DAG(s) 'example_skip_dag' retrieved from /root/.cache/pypoetry/virtualenvs/freeprise-matchmaker-BsnH11MF-py3.8/lib/python3.8/site-packages/airflow/example_dags/example_skip_dag.py
[2024-07-25T07:56:10.543+0000] {logging_mixin.py:188} INFO - [2024-07-25T07:56:10.543+0000] {dag.py:3089} INFO - Sync 1 DAGs
[2024-07-25T07:56:10.581+0000] {logging_mixin.py:188} INFO - [2024-07-25T07:56:10.581+0000] {dag.py:3947} INFO - Setting next_dagrun for example_skip_dag to 2024-07-24 00:00:00+00:00, run_after=2024-07-25 00:00:00+00:00
[2024-07-25T07:56:10.610+0000] {processor.py:183} INFO - Processing /root/.cache/pypoetry/virtualenvs/freeprise-matchmaker-BsnH11MF-py3.8/lib/python3.8/site-packages/airflow/example_dags/example_skip_dag.py took 0.149 seconds
[2024-07-25T07:56:41.369+0000] {processor.py:161} INFO - Started process (PID=3476) to work on /root/.cache/pypoetry/virtualenvs/freeprise-matchmaker-BsnH11MF-py3.8/lib/python3.8/site-packages/airflow/example_dags/example_skip_dag.py
[2024-07-25T07:56:41.370+0000] {processor.py:830} INFO - Processing file /root/.cache/pypoetry/virtualenvs/freeprise-matchmaker-BsnH11MF-py3.8/lib/python3.8/site-packages/airflow/example_dags/example_skip_dag.py for tasks to queue
[2024-07-25T07:56:41.374+0000] {logging_mixin.py:188} INFO - [2024-07-25T07:56:41.373+0000] {dagbag.py:545} INFO - Filling up the DagBag from /root/.cache/pypoetry/virtualenvs/freeprise-matchmaker-BsnH11MF-py3.8/lib/python3.8/site-packages/airflow/example_dags/example_skip_dag.py
[2024-07-25T07:56:41.390+0000] {processor.py:840} INFO - DAG(s) 'example_skip_dag' retrieved from /root/.cache/pypoetry/virtualenvs/freeprise-matchmaker-BsnH11MF-py3.8/lib/python3.8/site-packages/airflow/example_dags/example_skip_dag.py
[2024-07-25T07:56:41.439+0000] {logging_mixin.py:188} INFO - [2024-07-25T07:56:41.439+0000] {dag.py:3089} INFO - Sync 1 DAGs
[2024-07-25T07:56:41.475+0000] {logging_mixin.py:188} INFO - [2024-07-25T07:56:41.474+0000] {dag.py:3947} INFO - Setting next_dagrun for example_skip_dag to 2024-07-24 00:00:00+00:00, run_after=2024-07-25 00:00:00+00:00
[2024-07-25T07:56:41.507+0000] {processor.py:183} INFO - Processing /root/.cache/pypoetry/virtualenvs/freeprise-matchmaker-BsnH11MF-py3.8/lib/python3.8/site-packages/airflow/example_dags/example_skip_dag.py took 0.154 seconds
[2024-07-25T07:57:11.713+0000] {processor.py:161} INFO - Started process (PID=3742) to work on /root/.cache/pypoetry/virtualenvs/freeprise-matchmaker-BsnH11MF-py3.8/lib/python3.8/site-packages/airflow/example_dags/example_skip_dag.py
[2024-07-25T07:57:11.716+0000] {processor.py:830} INFO - Processing file /root/.cache/pypoetry/virtualenvs/freeprise-matchmaker-BsnH11MF-py3.8/lib/python3.8/site-packages/airflow/example_dags/example_skip_dag.py for tasks to queue
[2024-07-25T07:57:11.719+0000] {logging_mixin.py:188} INFO - [2024-07-25T07:57:11.718+0000] {dagbag.py:545} INFO - Filling up the DagBag from /root/.cache/pypoetry/virtualenvs/freeprise-matchmaker-BsnH11MF-py3.8/lib/python3.8/site-packages/airflow/example_dags/example_skip_dag.py
[2024-07-25T07:57:11.735+0000] {processor.py:840} INFO - DAG(s) 'example_skip_dag' retrieved from /root/.cache/pypoetry/virtualenvs/freeprise-matchmaker-BsnH11MF-py3.8/lib/python3.8/site-packages/airflow/example_dags/example_skip_dag.py
[2024-07-25T07:57:11.782+0000] {logging_mixin.py:188} INFO - [2024-07-25T07:57:11.782+0000] {dag.py:3089} INFO - Sync 1 DAGs
[2024-07-25T07:57:11.817+0000] {logging_mixin.py:188} INFO - [2024-07-25T07:57:11.817+0000] {dag.py:3947} INFO - Setting next_dagrun for example_skip_dag to 2024-07-24 00:00:00+00:00, run_after=2024-07-25 00:00:00+00:00
[2024-07-25T07:57:11.847+0000] {processor.py:183} INFO - Processing /root/.cache/pypoetry/virtualenvs/freeprise-matchmaker-BsnH11MF-py3.8/lib/python3.8/site-packages/airflow/example_dags/example_skip_dag.py took 0.150 seconds
[2024-07-25T07:57:42.115+0000] {processor.py:161} INFO - Started process (PID=4008) to work on /root/.cache/pypoetry/virtualenvs/freeprise-matchmaker-BsnH11MF-py3.8/lib/python3.8/site-packages/airflow/example_dags/example_skip_dag.py
[2024-07-25T07:57:42.117+0000] {processor.py:830} INFO - Processing file /root/.cache/pypoetry/virtualenvs/freeprise-matchmaker-BsnH11MF-py3.8/lib/python3.8/site-packages/airflow/example_dags/example_skip_dag.py for tasks to queue
[2024-07-25T07:57:42.120+0000] {logging_mixin.py:188} INFO - [2024-07-25T07:57:42.119+0000] {dagbag.py:545} INFO - Filling up the DagBag from /root/.cache/pypoetry/virtualenvs/freeprise-matchmaker-BsnH11MF-py3.8/lib/python3.8/site-packages/airflow/example_dags/example_skip_dag.py
[2024-07-25T07:57:42.131+0000] {processor.py:840} INFO - DAG(s) 'example_skip_dag' retrieved from /root/.cache/pypoetry/virtualenvs/freeprise-matchmaker-BsnH11MF-py3.8/lib/python3.8/site-packages/airflow/example_dags/example_skip_dag.py
[2024-07-25T07:57:42.173+0000] {logging_mixin.py:188} INFO - [2024-07-25T07:57:42.172+0000] {dag.py:3089} INFO - Sync 1 DAGs
[2024-07-25T07:57:42.207+0000] {logging_mixin.py:188} INFO - [2024-07-25T07:57:42.207+0000] {dag.py:3947} INFO - Setting next_dagrun for example_skip_dag to 2024-07-24 00:00:00+00:00, run_after=2024-07-25 00:00:00+00:00
[2024-07-25T07:57:42.234+0000] {processor.py:183} INFO - Processing /root/.cache/pypoetry/virtualenvs/freeprise-matchmaker-BsnH11MF-py3.8/lib/python3.8/site-packages/airflow/example_dags/example_skip_dag.py took 0.131 seconds
[2024-07-25T07:58:13.214+0000] {processor.py:161} INFO - Started process (PID=4272) to work on /root/.cache/pypoetry/virtualenvs/freeprise-matchmaker-BsnH11MF-py3.8/lib/python3.8/site-packages/airflow/example_dags/example_skip_dag.py
[2024-07-25T07:58:13.216+0000] {processor.py:830} INFO - Processing file /root/.cache/pypoetry/virtualenvs/freeprise-matchmaker-BsnH11MF-py3.8/lib/python3.8/site-packages/airflow/example_dags/example_skip_dag.py for tasks to queue
[2024-07-25T07:58:13.219+0000] {logging_mixin.py:188} INFO - [2024-07-25T07:58:13.218+0000] {dagbag.py:545} INFO - Filling up the DagBag from /root/.cache/pypoetry/virtualenvs/freeprise-matchmaker-BsnH11MF-py3.8/lib/python3.8/site-packages/airflow/example_dags/example_skip_dag.py
[2024-07-25T07:58:13.234+0000] {processor.py:840} INFO - DAG(s) 'example_skip_dag' retrieved from /root/.cache/pypoetry/virtualenvs/freeprise-matchmaker-BsnH11MF-py3.8/lib/python3.8/site-packages/airflow/example_dags/example_skip_dag.py
[2024-07-25T07:58:13.286+0000] {logging_mixin.py:188} INFO - [2024-07-25T07:58:13.286+0000] {dag.py:3089} INFO - Sync 1 DAGs
[2024-07-25T07:58:13.321+0000] {logging_mixin.py:188} INFO - [2024-07-25T07:58:13.321+0000] {dag.py:3947} INFO - Setting next_dagrun for example_skip_dag to 2024-07-24 00:00:00+00:00, run_after=2024-07-25 00:00:00+00:00
[2024-07-25T07:58:13.350+0000] {processor.py:183} INFO - Processing /root/.cache/pypoetry/virtualenvs/freeprise-matchmaker-BsnH11MF-py3.8/lib/python3.8/site-packages/airflow/example_dags/example_skip_dag.py took 0.152 seconds
[2024-07-25T07:58:43.477+0000] {processor.py:161} INFO - Started process (PID=4532) to work on /root/.cache/pypoetry/virtualenvs/freeprise-matchmaker-BsnH11MF-py3.8/lib/python3.8/site-packages/airflow/example_dags/example_skip_dag.py
[2024-07-25T07:58:43.479+0000] {processor.py:830} INFO - Processing file /root/.cache/pypoetry/virtualenvs/freeprise-matchmaker-BsnH11MF-py3.8/lib/python3.8/site-packages/airflow/example_dags/example_skip_dag.py for tasks to queue
[2024-07-25T07:58:43.481+0000] {logging_mixin.py:188} INFO - [2024-07-25T07:58:43.481+0000] {dagbag.py:545} INFO - Filling up the DagBag from /root/.cache/pypoetry/virtualenvs/freeprise-matchmaker-BsnH11MF-py3.8/lib/python3.8/site-packages/airflow/example_dags/example_skip_dag.py
[2024-07-25T07:58:43.493+0000] {processor.py:840} INFO - DAG(s) 'example_skip_dag' retrieved from /root/.cache/pypoetry/virtualenvs/freeprise-matchmaker-BsnH11MF-py3.8/lib/python3.8/site-packages/airflow/example_dags/example_skip_dag.py
[2024-07-25T07:58:43.534+0000] {logging_mixin.py:188} INFO - [2024-07-25T07:58:43.533+0000] {dag.py:3089} INFO - Sync 1 DAGs
[2024-07-25T07:58:43.569+0000] {logging_mixin.py:188} INFO - [2024-07-25T07:58:43.569+0000] {dag.py:3947} INFO - Setting next_dagrun for example_skip_dag to 2024-07-24 00:00:00+00:00, run_after=2024-07-25 00:00:00+00:00
[2024-07-25T07:58:43.600+0000] {processor.py:183} INFO - Processing /root/.cache/pypoetry/virtualenvs/freeprise-matchmaker-BsnH11MF-py3.8/lib/python3.8/site-packages/airflow/example_dags/example_skip_dag.py took 0.135 seconds
[2024-07-25T07:59:13.760+0000] {processor.py:161} INFO - Started process (PID=4798) to work on /root/.cache/pypoetry/virtualenvs/freeprise-matchmaker-BsnH11MF-py3.8/lib/python3.8/site-packages/airflow/example_dags/example_skip_dag.py
[2024-07-25T07:59:13.762+0000] {processor.py:830} INFO - Processing file /root/.cache/pypoetry/virtualenvs/freeprise-matchmaker-BsnH11MF-py3.8/lib/python3.8/site-packages/airflow/example_dags/example_skip_dag.py for tasks to queue
[2024-07-25T07:59:13.765+0000] {logging_mixin.py:188} INFO - [2024-07-25T07:59:13.764+0000] {dagbag.py:545} INFO - Filling up the DagBag from /root/.cache/pypoetry/virtualenvs/freeprise-matchmaker-BsnH11MF-py3.8/lib/python3.8/site-packages/airflow/example_dags/example_skip_dag.py
[2024-07-25T07:59:13.776+0000] {processor.py:840} INFO - DAG(s) 'example_skip_dag' retrieved from /root/.cache/pypoetry/virtualenvs/freeprise-matchmaker-BsnH11MF-py3.8/lib/python3.8/site-packages/airflow/example_dags/example_skip_dag.py
[2024-07-25T07:59:13.819+0000] {logging_mixin.py:188} INFO - [2024-07-25T07:59:13.819+0000] {dag.py:3089} INFO - Sync 1 DAGs
[2024-07-25T07:59:13.855+0000] {logging_mixin.py:188} INFO - [2024-07-25T07:59:13.855+0000] {dag.py:3947} INFO - Setting next_dagrun for example_skip_dag to 2024-07-24 00:00:00+00:00, run_after=2024-07-25 00:00:00+00:00
[2024-07-25T07:59:13.883+0000] {processor.py:183} INFO - Processing /root/.cache/pypoetry/virtualenvs/freeprise-matchmaker-BsnH11MF-py3.8/lib/python3.8/site-packages/airflow/example_dags/example_skip_dag.py took 0.135 seconds
[2024-07-25T07:59:44.239+0000] {processor.py:161} INFO - Started process (PID=5060) to work on /root/.cache/pypoetry/virtualenvs/freeprise-matchmaker-BsnH11MF-py3.8/lib/python3.8/site-packages/airflow/example_dags/example_skip_dag.py
[2024-07-25T07:59:44.242+0000] {processor.py:830} INFO - Processing file /root/.cache/pypoetry/virtualenvs/freeprise-matchmaker-BsnH11MF-py3.8/lib/python3.8/site-packages/airflow/example_dags/example_skip_dag.py for tasks to queue
[2024-07-25T07:59:44.247+0000] {logging_mixin.py:188} INFO - [2024-07-25T07:59:44.246+0000] {dagbag.py:545} INFO - Filling up the DagBag from /root/.cache/pypoetry/virtualenvs/freeprise-matchmaker-BsnH11MF-py3.8/lib/python3.8/site-packages/airflow/example_dags/example_skip_dag.py
[2024-07-25T07:59:44.268+0000] {processor.py:840} INFO - DAG(s) 'example_skip_dag' retrieved from /root/.cache/pypoetry/virtualenvs/freeprise-matchmaker-BsnH11MF-py3.8/lib/python3.8/site-packages/airflow/example_dags/example_skip_dag.py
[2024-07-25T07:59:44.342+0000] {logging_mixin.py:188} INFO - [2024-07-25T07:59:44.342+0000] {dag.py:3089} INFO - Sync 1 DAGs
[2024-07-25T07:59:44.403+0000] {logging_mixin.py:188} INFO - [2024-07-25T07:59:44.402+0000] {dag.py:3947} INFO - Setting next_dagrun for example_skip_dag to 2024-07-24 00:00:00+00:00, run_after=2024-07-25 00:00:00+00:00
[2024-07-25T07:59:44.443+0000] {processor.py:183} INFO - Processing /root/.cache/pypoetry/virtualenvs/freeprise-matchmaker-BsnH11MF-py3.8/lib/python3.8/site-packages/airflow/example_dags/example_skip_dag.py took 0.229 seconds
[2024-07-25T08:00:14.690+0000] {processor.py:161} INFO - Started process (PID=5328) to work on /root/.cache/pypoetry/virtualenvs/freeprise-matchmaker-BsnH11MF-py3.8/lib/python3.8/site-packages/airflow/example_dags/example_skip_dag.py
[2024-07-25T08:00:14.692+0000] {processor.py:830} INFO - Processing file /root/.cache/pypoetry/virtualenvs/freeprise-matchmaker-BsnH11MF-py3.8/lib/python3.8/site-packages/airflow/example_dags/example_skip_dag.py for tasks to queue
[2024-07-25T08:00:14.695+0000] {logging_mixin.py:188} INFO - [2024-07-25T08:00:14.695+0000] {dagbag.py:545} INFO - Filling up the DagBag from /root/.cache/pypoetry/virtualenvs/freeprise-matchmaker-BsnH11MF-py3.8/lib/python3.8/site-packages/airflow/example_dags/example_skip_dag.py
[2024-07-25T08:00:14.709+0000] {processor.py:840} INFO - DAG(s) 'example_skip_dag' retrieved from /root/.cache/pypoetry/virtualenvs/freeprise-matchmaker-BsnH11MF-py3.8/lib/python3.8/site-packages/airflow/example_dags/example_skip_dag.py
[2024-07-25T08:00:14.758+0000] {logging_mixin.py:188} INFO - [2024-07-25T08:00:14.758+0000] {dag.py:3089} INFO - Sync 1 DAGs
[2024-07-25T08:00:14.796+0000] {logging_mixin.py:188} INFO - [2024-07-25T08:00:14.795+0000] {dag.py:3947} INFO - Setting next_dagrun for example_skip_dag to 2024-07-24 00:00:00+00:00, run_after=2024-07-25 00:00:00+00:00
[2024-07-25T08:00:14.826+0000] {processor.py:183} INFO - Processing /root/.cache/pypoetry/virtualenvs/freeprise-matchmaker-BsnH11MF-py3.8/lib/python3.8/site-packages/airflow/example_dags/example_skip_dag.py took 0.151 seconds
[2024-07-25T08:00:45.088+0000] {processor.py:161} INFO - Started process (PID=5594) to work on /root/.cache/pypoetry/virtualenvs/freeprise-matchmaker-BsnH11MF-py3.8/lib/python3.8/site-packages/airflow/example_dags/example_skip_dag.py
[2024-07-25T08:00:45.098+0000] {processor.py:830} INFO - Processing file /root/.cache/pypoetry/virtualenvs/freeprise-matchmaker-BsnH11MF-py3.8/lib/python3.8/site-packages/airflow/example_dags/example_skip_dag.py for tasks to queue
[2024-07-25T08:00:45.111+0000] {logging_mixin.py:188} INFO - [2024-07-25T08:00:45.109+0000] {dagbag.py:545} INFO - Filling up the DagBag from /root/.cache/pypoetry/virtualenvs/freeprise-matchmaker-BsnH11MF-py3.8/lib/python3.8/site-packages/airflow/example_dags/example_skip_dag.py
[2024-07-25T08:00:45.140+0000] {processor.py:840} INFO - DAG(s) 'example_skip_dag' retrieved from /root/.cache/pypoetry/virtualenvs/freeprise-matchmaker-BsnH11MF-py3.8/lib/python3.8/site-packages/airflow/example_dags/example_skip_dag.py
[2024-07-25T08:00:45.257+0000] {logging_mixin.py:188} INFO - [2024-07-25T08:00:45.256+0000] {dag.py:3089} INFO - Sync 1 DAGs
[2024-07-25T08:00:45.360+0000] {logging_mixin.py:188} INFO - [2024-07-25T08:00:45.359+0000] {dag.py:3947} INFO - Setting next_dagrun for example_skip_dag to 2024-07-24 00:00:00+00:00, run_after=2024-07-25 00:00:00+00:00
[2024-07-25T08:00:45.459+0000] {processor.py:183} INFO - Processing /root/.cache/pypoetry/virtualenvs/freeprise-matchmaker-BsnH11MF-py3.8/lib/python3.8/site-packages/airflow/example_dags/example_skip_dag.py took 0.416 seconds
