[2024-07-25T07:50:29.288+0000] {processor.py:161} INFO - Started process (PID=237) to work on /root/.cache/pypoetry/virtualenvs/freeprise-matchmaker-BsnH11MF-py3.8/lib/python3.8/site-packages/airflow/example_dags/example_trigger_target_dag.py
[2024-07-25T07:50:29.290+0000] {processor.py:830} INFO - Processing file /root/.cache/pypoetry/virtualenvs/freeprise-matchmaker-BsnH11MF-py3.8/lib/python3.8/site-packages/airflow/example_dags/example_trigger_target_dag.py for tasks to queue
[2024-07-25T07:50:29.293+0000] {logging_mixin.py:188} INFO - [2024-07-25T07:50:29.292+0000] {dagbag.py:545} INFO - Filling up the DagBag from /root/.cache/pypoetry/virtualenvs/freeprise-matchmaker-BsnH11MF-py3.8/lib/python3.8/site-packages/airflow/example_dags/example_trigger_target_dag.py
[2024-07-25T07:50:29.311+0000] {processor.py:840} INFO - DAG(s) 'example_trigger_target_dag' retrieved from /root/.cache/pypoetry/virtualenvs/freeprise-matchmaker-BsnH11MF-py3.8/lib/python3.8/site-packages/airflow/example_dags/example_trigger_target_dag.py
[2024-07-25T07:50:29.349+0000] {logging_mixin.py:188} INFO - [2024-07-25T07:50:29.348+0000] {dag.py:3089} INFO - Sync 1 DAGs
[2024-07-25T07:50:29.383+0000] {logging_mixin.py:188} INFO - [2024-07-25T07:50:29.382+0000] {dag.py:3947} INFO - Setting next_dagrun for example_trigger_target_dag to None, run_after=None
[2024-07-25T07:50:29.423+0000] {processor.py:183} INFO - Processing /root/.cache/pypoetry/virtualenvs/freeprise-matchmaker-BsnH11MF-py3.8/lib/python3.8/site-packages/airflow/example_dags/example_trigger_target_dag.py took 0.149 seconds
[2024-07-25T07:51:01.576+0000] {processor.py:161} INFO - Started process (PID=505) to work on /root/.cache/pypoetry/virtualenvs/freeprise-matchmaker-BsnH11MF-py3.8/lib/python3.8/site-packages/airflow/example_dags/example_trigger_target_dag.py
[2024-07-25T07:51:01.579+0000] {processor.py:830} INFO - Processing file /root/.cache/pypoetry/virtualenvs/freeprise-matchmaker-BsnH11MF-py3.8/lib/python3.8/site-packages/airflow/example_dags/example_trigger_target_dag.py for tasks to queue
[2024-07-25T07:51:01.582+0000] {logging_mixin.py:188} INFO - [2024-07-25T07:51:01.582+0000] {dagbag.py:545} INFO - Filling up the DagBag from /root/.cache/pypoetry/virtualenvs/freeprise-matchmaker-BsnH11MF-py3.8/lib/python3.8/site-packages/airflow/example_dags/example_trigger_target_dag.py
[2024-07-25T07:51:01.595+0000] {processor.py:840} INFO - DAG(s) 'example_trigger_target_dag' retrieved from /root/.cache/pypoetry/virtualenvs/freeprise-matchmaker-BsnH11MF-py3.8/lib/python3.8/site-packages/airflow/example_dags/example_trigger_target_dag.py
[2024-07-25T07:51:01.913+0000] {logging_mixin.py:188} INFO - [2024-07-25T07:51:01.912+0000] {dag.py:3089} INFO - Sync 1 DAGs
[2024-07-25T07:51:01.928+0000] {logging_mixin.py:188} INFO - [2024-07-25T07:51:01.927+0000] {dag.py:3947} INFO - Setting next_dagrun for example_trigger_target_dag to None, run_after=None
[2024-07-25T07:51:01.954+0000] {processor.py:183} INFO - Processing /root/.cache/pypoetry/virtualenvs/freeprise-matchmaker-BsnH11MF-py3.8/lib/python3.8/site-packages/airflow/example_dags/example_trigger_target_dag.py took 0.390 seconds
[2024-07-25T07:51:32.249+0000] {processor.py:161} INFO - Started process (PID=769) to work on /root/.cache/pypoetry/virtualenvs/freeprise-matchmaker-BsnH11MF-py3.8/lib/python3.8/site-packages/airflow/example_dags/example_trigger_target_dag.py
[2024-07-25T07:51:32.251+0000] {processor.py:830} INFO - Processing file /root/.cache/pypoetry/virtualenvs/freeprise-matchmaker-BsnH11MF-py3.8/lib/python3.8/site-packages/airflow/example_dags/example_trigger_target_dag.py for tasks to queue
[2024-07-25T07:51:32.254+0000] {logging_mixin.py:188} INFO - [2024-07-25T07:51:32.253+0000] {dagbag.py:545} INFO - Filling up the DagBag from /root/.cache/pypoetry/virtualenvs/freeprise-matchmaker-BsnH11MF-py3.8/lib/python3.8/site-packages/airflow/example_dags/example_trigger_target_dag.py
[2024-07-25T07:51:32.264+0000] {processor.py:840} INFO - DAG(s) 'example_trigger_target_dag' retrieved from /root/.cache/pypoetry/virtualenvs/freeprise-matchmaker-BsnH11MF-py3.8/lib/python3.8/site-packages/airflow/example_dags/example_trigger_target_dag.py
[2024-07-25T07:51:32.499+0000] {logging_mixin.py:188} INFO - [2024-07-25T07:51:32.499+0000] {dag.py:3089} INFO - Sync 1 DAGs
[2024-07-25T07:51:32.517+0000] {logging_mixin.py:188} INFO - [2024-07-25T07:51:32.516+0000] {dag.py:3947} INFO - Setting next_dagrun for example_trigger_target_dag to None, run_after=None
[2024-07-25T07:51:32.545+0000] {processor.py:183} INFO - Processing /root/.cache/pypoetry/virtualenvs/freeprise-matchmaker-BsnH11MF-py3.8/lib/python3.8/site-packages/airflow/example_dags/example_trigger_target_dag.py took 0.308 seconds
[2024-07-25T07:52:02.858+0000] {processor.py:161} INFO - Started process (PID=1035) to work on /root/.cache/pypoetry/virtualenvs/freeprise-matchmaker-BsnH11MF-py3.8/lib/python3.8/site-packages/airflow/example_dags/example_trigger_target_dag.py
[2024-07-25T07:52:02.860+0000] {processor.py:830} INFO - Processing file /root/.cache/pypoetry/virtualenvs/freeprise-matchmaker-BsnH11MF-py3.8/lib/python3.8/site-packages/airflow/example_dags/example_trigger_target_dag.py for tasks to queue
[2024-07-25T07:52:02.863+0000] {logging_mixin.py:188} INFO - [2024-07-25T07:52:02.862+0000] {dagbag.py:545} INFO - Filling up the DagBag from /root/.cache/pypoetry/virtualenvs/freeprise-matchmaker-BsnH11MF-py3.8/lib/python3.8/site-packages/airflow/example_dags/example_trigger_target_dag.py
[2024-07-25T07:52:02.872+0000] {processor.py:840} INFO - DAG(s) 'example_trigger_target_dag' retrieved from /root/.cache/pypoetry/virtualenvs/freeprise-matchmaker-BsnH11MF-py3.8/lib/python3.8/site-packages/airflow/example_dags/example_trigger_target_dag.py
[2024-07-25T07:52:02.913+0000] {logging_mixin.py:188} INFO - [2024-07-25T07:52:02.912+0000] {dag.py:3089} INFO - Sync 1 DAGs
[2024-07-25T07:52:02.935+0000] {logging_mixin.py:188} INFO - [2024-07-25T07:52:02.934+0000] {dag.py:3947} INFO - Setting next_dagrun for example_trigger_target_dag to None, run_after=None
[2024-07-25T07:52:02.965+0000] {processor.py:183} INFO - Processing /root/.cache/pypoetry/virtualenvs/freeprise-matchmaker-BsnH11MF-py3.8/lib/python3.8/site-packages/airflow/example_dags/example_trigger_target_dag.py took 0.119 seconds
[2024-07-25T07:52:33.881+0000] {processor.py:161} INFO - Started process (PID=1301) to work on /root/.cache/pypoetry/virtualenvs/freeprise-matchmaker-BsnH11MF-py3.8/lib/python3.8/site-packages/airflow/example_dags/example_trigger_target_dag.py
[2024-07-25T07:52:33.883+0000] {processor.py:830} INFO - Processing file /root/.cache/pypoetry/virtualenvs/freeprise-matchmaker-BsnH11MF-py3.8/lib/python3.8/site-packages/airflow/example_dags/example_trigger_target_dag.py for tasks to queue
[2024-07-25T07:52:33.886+0000] {logging_mixin.py:188} INFO - [2024-07-25T07:52:33.885+0000] {dagbag.py:545} INFO - Filling up the DagBag from /root/.cache/pypoetry/virtualenvs/freeprise-matchmaker-BsnH11MF-py3.8/lib/python3.8/site-packages/airflow/example_dags/example_trigger_target_dag.py
[2024-07-25T07:52:33.896+0000] {processor.py:840} INFO - DAG(s) 'example_trigger_target_dag' retrieved from /root/.cache/pypoetry/virtualenvs/freeprise-matchmaker-BsnH11MF-py3.8/lib/python3.8/site-packages/airflow/example_dags/example_trigger_target_dag.py
[2024-07-25T07:52:33.935+0000] {logging_mixin.py:188} INFO - [2024-07-25T07:52:33.934+0000] {dag.py:3089} INFO - Sync 1 DAGs
[2024-07-25T07:52:33.959+0000] {logging_mixin.py:188} INFO - [2024-07-25T07:52:33.958+0000] {dag.py:3947} INFO - Setting next_dagrun for example_trigger_target_dag to None, run_after=None
[2024-07-25T07:52:33.990+0000] {processor.py:183} INFO - Processing /root/.cache/pypoetry/virtualenvs/freeprise-matchmaker-BsnH11MF-py3.8/lib/python3.8/site-packages/airflow/example_dags/example_trigger_target_dag.py took 0.121 seconds
[2024-07-25T07:53:04.730+0000] {processor.py:161} INFO - Started process (PID=1569) to work on /root/.cache/pypoetry/virtualenvs/freeprise-matchmaker-BsnH11MF-py3.8/lib/python3.8/site-packages/airflow/example_dags/example_trigger_target_dag.py
[2024-07-25T07:53:04.735+0000] {processor.py:830} INFO - Processing file /root/.cache/pypoetry/virtualenvs/freeprise-matchmaker-BsnH11MF-py3.8/lib/python3.8/site-packages/airflow/example_dags/example_trigger_target_dag.py for tasks to queue
[2024-07-25T07:53:04.737+0000] {logging_mixin.py:188} INFO - [2024-07-25T07:53:04.737+0000] {dagbag.py:545} INFO - Filling up the DagBag from /root/.cache/pypoetry/virtualenvs/freeprise-matchmaker-BsnH11MF-py3.8/lib/python3.8/site-packages/airflow/example_dags/example_trigger_target_dag.py
[2024-07-25T07:53:04.747+0000] {processor.py:840} INFO - DAG(s) 'example_trigger_target_dag' retrieved from /root/.cache/pypoetry/virtualenvs/freeprise-matchmaker-BsnH11MF-py3.8/lib/python3.8/site-packages/airflow/example_dags/example_trigger_target_dag.py
[2024-07-25T07:53:04.784+0000] {logging_mixin.py:188} INFO - [2024-07-25T07:53:04.784+0000] {dag.py:3089} INFO - Sync 1 DAGs
[2024-07-25T07:53:04.803+0000] {logging_mixin.py:188} INFO - [2024-07-25T07:53:04.803+0000] {dag.py:3947} INFO - Setting next_dagrun for example_trigger_target_dag to None, run_after=None
[2024-07-25T07:53:04.831+0000] {processor.py:183} INFO - Processing /root/.cache/pypoetry/virtualenvs/freeprise-matchmaker-BsnH11MF-py3.8/lib/python3.8/site-packages/airflow/example_dags/example_trigger_target_dag.py took 0.113 seconds
[2024-07-25T07:53:35.400+0000] {processor.py:161} INFO - Started process (PID=1833) to work on /root/.cache/pypoetry/virtualenvs/freeprise-matchmaker-BsnH11MF-py3.8/lib/python3.8/site-packages/airflow/example_dags/example_trigger_target_dag.py
[2024-07-25T07:53:35.402+0000] {processor.py:830} INFO - Processing file /root/.cache/pypoetry/virtualenvs/freeprise-matchmaker-BsnH11MF-py3.8/lib/python3.8/site-packages/airflow/example_dags/example_trigger_target_dag.py for tasks to queue
[2024-07-25T07:53:35.406+0000] {logging_mixin.py:188} INFO - [2024-07-25T07:53:35.405+0000] {dagbag.py:545} INFO - Filling up the DagBag from /root/.cache/pypoetry/virtualenvs/freeprise-matchmaker-BsnH11MF-py3.8/lib/python3.8/site-packages/airflow/example_dags/example_trigger_target_dag.py
[2024-07-25T07:53:35.418+0000] {processor.py:840} INFO - DAG(s) 'example_trigger_target_dag' retrieved from /root/.cache/pypoetry/virtualenvs/freeprise-matchmaker-BsnH11MF-py3.8/lib/python3.8/site-packages/airflow/example_dags/example_trigger_target_dag.py
[2024-07-25T07:53:35.466+0000] {logging_mixin.py:188} INFO - [2024-07-25T07:53:35.465+0000] {dag.py:3089} INFO - Sync 1 DAGs
[2024-07-25T07:53:35.491+0000] {logging_mixin.py:188} INFO - [2024-07-25T07:53:35.491+0000] {dag.py:3947} INFO - Setting next_dagrun for example_trigger_target_dag to None, run_after=None
[2024-07-25T07:53:35.531+0000] {processor.py:183} INFO - Processing /root/.cache/pypoetry/virtualenvs/freeprise-matchmaker-BsnH11MF-py3.8/lib/python3.8/site-packages/airflow/example_dags/example_trigger_target_dag.py took 0.147 seconds
[2024-07-25T07:54:05.930+0000] {processor.py:161} INFO - Started process (PID=2099) to work on /root/.cache/pypoetry/virtualenvs/freeprise-matchmaker-BsnH11MF-py3.8/lib/python3.8/site-packages/airflow/example_dags/example_trigger_target_dag.py
[2024-07-25T07:54:05.932+0000] {processor.py:830} INFO - Processing file /root/.cache/pypoetry/virtualenvs/freeprise-matchmaker-BsnH11MF-py3.8/lib/python3.8/site-packages/airflow/example_dags/example_trigger_target_dag.py for tasks to queue
[2024-07-25T07:54:05.934+0000] {logging_mixin.py:188} INFO - [2024-07-25T07:54:05.934+0000] {dagbag.py:545} INFO - Filling up the DagBag from /root/.cache/pypoetry/virtualenvs/freeprise-matchmaker-BsnH11MF-py3.8/lib/python3.8/site-packages/airflow/example_dags/example_trigger_target_dag.py
[2024-07-25T07:54:05.945+0000] {processor.py:840} INFO - DAG(s) 'example_trigger_target_dag' retrieved from /root/.cache/pypoetry/virtualenvs/freeprise-matchmaker-BsnH11MF-py3.8/lib/python3.8/site-packages/airflow/example_dags/example_trigger_target_dag.py
[2024-07-25T07:54:05.991+0000] {logging_mixin.py:188} INFO - [2024-07-25T07:54:05.991+0000] {dag.py:3089} INFO - Sync 1 DAGs
[2024-07-25T07:54:06.018+0000] {logging_mixin.py:188} INFO - [2024-07-25T07:54:06.018+0000] {dag.py:3947} INFO - Setting next_dagrun for example_trigger_target_dag to None, run_after=None
[2024-07-25T07:54:06.056+0000] {processor.py:183} INFO - Processing /root/.cache/pypoetry/virtualenvs/freeprise-matchmaker-BsnH11MF-py3.8/lib/python3.8/site-packages/airflow/example_dags/example_trigger_target_dag.py took 0.140 seconds
[2024-07-25T07:54:36.343+0000] {processor.py:161} INFO - Started process (PID=2365) to work on /root/.cache/pypoetry/virtualenvs/freeprise-matchmaker-BsnH11MF-py3.8/lib/python3.8/site-packages/airflow/example_dags/example_trigger_target_dag.py
[2024-07-25T07:54:36.345+0000] {processor.py:830} INFO - Processing file /root/.cache/pypoetry/virtualenvs/freeprise-matchmaker-BsnH11MF-py3.8/lib/python3.8/site-packages/airflow/example_dags/example_trigger_target_dag.py for tasks to queue
[2024-07-25T07:54:36.348+0000] {logging_mixin.py:188} INFO - [2024-07-25T07:54:36.347+0000] {dagbag.py:545} INFO - Filling up the DagBag from /root/.cache/pypoetry/virtualenvs/freeprise-matchmaker-BsnH11MF-py3.8/lib/python3.8/site-packages/airflow/example_dags/example_trigger_target_dag.py
[2024-07-25T07:54:36.357+0000] {processor.py:840} INFO - DAG(s) 'example_trigger_target_dag' retrieved from /root/.cache/pypoetry/virtualenvs/freeprise-matchmaker-BsnH11MF-py3.8/lib/python3.8/site-packages/airflow/example_dags/example_trigger_target_dag.py
[2024-07-25T07:54:36.396+0000] {logging_mixin.py:188} INFO - [2024-07-25T07:54:36.395+0000] {dag.py:3089} INFO - Sync 1 DAGs
[2024-07-25T07:54:36.422+0000] {logging_mixin.py:188} INFO - [2024-07-25T07:54:36.422+0000] {dag.py:3947} INFO - Setting next_dagrun for example_trigger_target_dag to None, run_after=None
[2024-07-25T07:54:36.454+0000] {processor.py:183} INFO - Processing /root/.cache/pypoetry/virtualenvs/freeprise-matchmaker-BsnH11MF-py3.8/lib/python3.8/site-packages/airflow/example_dags/example_trigger_target_dag.py took 0.123 seconds
[2024-07-25T07:55:06.526+0000] {processor.py:161} INFO - Started process (PID=2628) to work on /root/.cache/pypoetry/virtualenvs/freeprise-matchmaker-BsnH11MF-py3.8/lib/python3.8/site-packages/airflow/example_dags/example_trigger_target_dag.py
[2024-07-25T07:55:06.528+0000] {processor.py:830} INFO - Processing file /root/.cache/pypoetry/virtualenvs/freeprise-matchmaker-BsnH11MF-py3.8/lib/python3.8/site-packages/airflow/example_dags/example_trigger_target_dag.py for tasks to queue
[2024-07-25T07:55:06.531+0000] {logging_mixin.py:188} INFO - [2024-07-25T07:55:06.530+0000] {dagbag.py:545} INFO - Filling up the DagBag from /root/.cache/pypoetry/virtualenvs/freeprise-matchmaker-BsnH11MF-py3.8/lib/python3.8/site-packages/airflow/example_dags/example_trigger_target_dag.py
[2024-07-25T07:55:06.541+0000] {processor.py:840} INFO - DAG(s) 'example_trigger_target_dag' retrieved from /root/.cache/pypoetry/virtualenvs/freeprise-matchmaker-BsnH11MF-py3.8/lib/python3.8/site-packages/airflow/example_dags/example_trigger_target_dag.py
[2024-07-25T07:55:06.609+0000] {logging_mixin.py:188} INFO - [2024-07-25T07:55:06.609+0000] {dag.py:3089} INFO - Sync 1 DAGs
[2024-07-25T07:55:06.649+0000] {logging_mixin.py:188} INFO - [2024-07-25T07:55:06.648+0000] {dag.py:3947} INFO - Setting next_dagrun for example_trigger_target_dag to None, run_after=None
[2024-07-25T07:55:06.682+0000] {processor.py:183} INFO - Processing /root/.cache/pypoetry/virtualenvs/freeprise-matchmaker-BsnH11MF-py3.8/lib/python3.8/site-packages/airflow/example_dags/example_trigger_target_dag.py took 0.173 seconds
[2024-07-25T07:55:36.752+0000] {processor.py:161} INFO - Started process (PID=2891) to work on /root/.cache/pypoetry/virtualenvs/freeprise-matchmaker-BsnH11MF-py3.8/lib/python3.8/site-packages/airflow/example_dags/example_trigger_target_dag.py
[2024-07-25T07:55:36.755+0000] {processor.py:830} INFO - Processing file /root/.cache/pypoetry/virtualenvs/freeprise-matchmaker-BsnH11MF-py3.8/lib/python3.8/site-packages/airflow/example_dags/example_trigger_target_dag.py for tasks to queue
[2024-07-25T07:55:36.757+0000] {logging_mixin.py:188} INFO - [2024-07-25T07:55:36.757+0000] {dagbag.py:545} INFO - Filling up the DagBag from /root/.cache/pypoetry/virtualenvs/freeprise-matchmaker-BsnH11MF-py3.8/lib/python3.8/site-packages/airflow/example_dags/example_trigger_target_dag.py
[2024-07-25T07:55:36.767+0000] {processor.py:840} INFO - DAG(s) 'example_trigger_target_dag' retrieved from /root/.cache/pypoetry/virtualenvs/freeprise-matchmaker-BsnH11MF-py3.8/lib/python3.8/site-packages/airflow/example_dags/example_trigger_target_dag.py
[2024-07-25T07:55:36.807+0000] {logging_mixin.py:188} INFO - [2024-07-25T07:55:36.806+0000] {dag.py:3089} INFO - Sync 1 DAGs
[2024-07-25T07:55:36.827+0000] {logging_mixin.py:188} INFO - [2024-07-25T07:55:36.826+0000] {dag.py:3947} INFO - Setting next_dagrun for example_trigger_target_dag to None, run_after=None
[2024-07-25T07:55:36.857+0000] {processor.py:183} INFO - Processing /root/.cache/pypoetry/virtualenvs/freeprise-matchmaker-BsnH11MF-py3.8/lib/python3.8/site-packages/airflow/example_dags/example_trigger_target_dag.py took 0.117 seconds
[2024-07-25T07:56:07.020+0000] {processor.py:161} INFO - Started process (PID=3157) to work on /root/.cache/pypoetry/virtualenvs/freeprise-matchmaker-BsnH11MF-py3.8/lib/python3.8/site-packages/airflow/example_dags/example_trigger_target_dag.py
[2024-07-25T07:56:07.021+0000] {processor.py:830} INFO - Processing file /root/.cache/pypoetry/virtualenvs/freeprise-matchmaker-BsnH11MF-py3.8/lib/python3.8/site-packages/airflow/example_dags/example_trigger_target_dag.py for tasks to queue
[2024-07-25T07:56:07.024+0000] {logging_mixin.py:188} INFO - [2024-07-25T07:56:07.023+0000] {dagbag.py:545} INFO - Filling up the DagBag from /root/.cache/pypoetry/virtualenvs/freeprise-matchmaker-BsnH11MF-py3.8/lib/python3.8/site-packages/airflow/example_dags/example_trigger_target_dag.py
[2024-07-25T07:56:07.034+0000] {processor.py:840} INFO - DAG(s) 'example_trigger_target_dag' retrieved from /root/.cache/pypoetry/virtualenvs/freeprise-matchmaker-BsnH11MF-py3.8/lib/python3.8/site-packages/airflow/example_dags/example_trigger_target_dag.py
[2024-07-25T07:56:07.072+0000] {logging_mixin.py:188} INFO - [2024-07-25T07:56:07.072+0000] {dag.py:3089} INFO - Sync 1 DAGs
[2024-07-25T07:56:07.092+0000] {logging_mixin.py:188} INFO - [2024-07-25T07:56:07.092+0000] {dag.py:3947} INFO - Setting next_dagrun for example_trigger_target_dag to None, run_after=None
[2024-07-25T07:56:07.120+0000] {processor.py:183} INFO - Processing /root/.cache/pypoetry/virtualenvs/freeprise-matchmaker-BsnH11MF-py3.8/lib/python3.8/site-packages/airflow/example_dags/example_trigger_target_dag.py took 0.112 seconds
[2024-07-25T07:56:37.234+0000] {processor.py:161} INFO - Started process (PID=3423) to work on /root/.cache/pypoetry/virtualenvs/freeprise-matchmaker-BsnH11MF-py3.8/lib/python3.8/site-packages/airflow/example_dags/example_trigger_target_dag.py
[2024-07-25T07:56:37.236+0000] {processor.py:830} INFO - Processing file /root/.cache/pypoetry/virtualenvs/freeprise-matchmaker-BsnH11MF-py3.8/lib/python3.8/site-packages/airflow/example_dags/example_trigger_target_dag.py for tasks to queue
[2024-07-25T07:56:37.239+0000] {logging_mixin.py:188} INFO - [2024-07-25T07:56:37.238+0000] {dagbag.py:545} INFO - Filling up the DagBag from /root/.cache/pypoetry/virtualenvs/freeprise-matchmaker-BsnH11MF-py3.8/lib/python3.8/site-packages/airflow/example_dags/example_trigger_target_dag.py
[2024-07-25T07:56:37.249+0000] {processor.py:840} INFO - DAG(s) 'example_trigger_target_dag' retrieved from /root/.cache/pypoetry/virtualenvs/freeprise-matchmaker-BsnH11MF-py3.8/lib/python3.8/site-packages/airflow/example_dags/example_trigger_target_dag.py
[2024-07-25T07:56:37.287+0000] {logging_mixin.py:188} INFO - [2024-07-25T07:56:37.287+0000] {dag.py:3089} INFO - Sync 1 DAGs
[2024-07-25T07:56:37.313+0000] {logging_mixin.py:188} INFO - [2024-07-25T07:56:37.313+0000] {dag.py:3947} INFO - Setting next_dagrun for example_trigger_target_dag to None, run_after=None
[2024-07-25T07:56:37.341+0000] {processor.py:183} INFO - Processing /root/.cache/pypoetry/virtualenvs/freeprise-matchmaker-BsnH11MF-py3.8/lib/python3.8/site-packages/airflow/example_dags/example_trigger_target_dag.py took 0.120 seconds
[2024-07-25T07:57:07.406+0000] {processor.py:161} INFO - Started process (PID=3687) to work on /root/.cache/pypoetry/virtualenvs/freeprise-matchmaker-BsnH11MF-py3.8/lib/python3.8/site-packages/airflow/example_dags/example_trigger_target_dag.py
[2024-07-25T07:57:07.407+0000] {processor.py:830} INFO - Processing file /root/.cache/pypoetry/virtualenvs/freeprise-matchmaker-BsnH11MF-py3.8/lib/python3.8/site-packages/airflow/example_dags/example_trigger_target_dag.py for tasks to queue
[2024-07-25T07:57:07.410+0000] {logging_mixin.py:188} INFO - [2024-07-25T07:57:07.409+0000] {dagbag.py:545} INFO - Filling up the DagBag from /root/.cache/pypoetry/virtualenvs/freeprise-matchmaker-BsnH11MF-py3.8/lib/python3.8/site-packages/airflow/example_dags/example_trigger_target_dag.py
[2024-07-25T07:57:07.421+0000] {processor.py:840} INFO - DAG(s) 'example_trigger_target_dag' retrieved from /root/.cache/pypoetry/virtualenvs/freeprise-matchmaker-BsnH11MF-py3.8/lib/python3.8/site-packages/airflow/example_dags/example_trigger_target_dag.py
[2024-07-25T07:57:07.467+0000] {logging_mixin.py:188} INFO - [2024-07-25T07:57:07.466+0000] {dag.py:3089} INFO - Sync 1 DAGs
[2024-07-25T07:57:07.493+0000] {logging_mixin.py:188} INFO - [2024-07-25T07:57:07.493+0000] {dag.py:3947} INFO - Setting next_dagrun for example_trigger_target_dag to None, run_after=None
[2024-07-25T07:57:07.527+0000] {processor.py:183} INFO - Processing /root/.cache/pypoetry/virtualenvs/freeprise-matchmaker-BsnH11MF-py3.8/lib/python3.8/site-packages/airflow/example_dags/example_trigger_target_dag.py took 0.133 seconds
[2024-07-25T07:57:37.844+0000] {processor.py:161} INFO - Started process (PID=3955) to work on /root/.cache/pypoetry/virtualenvs/freeprise-matchmaker-BsnH11MF-py3.8/lib/python3.8/site-packages/airflow/example_dags/example_trigger_target_dag.py
[2024-07-25T07:57:37.846+0000] {processor.py:830} INFO - Processing file /root/.cache/pypoetry/virtualenvs/freeprise-matchmaker-BsnH11MF-py3.8/lib/python3.8/site-packages/airflow/example_dags/example_trigger_target_dag.py for tasks to queue
[2024-07-25T07:57:37.850+0000] {logging_mixin.py:188} INFO - [2024-07-25T07:57:37.849+0000] {dagbag.py:545} INFO - Filling up the DagBag from /root/.cache/pypoetry/virtualenvs/freeprise-matchmaker-BsnH11MF-py3.8/lib/python3.8/site-packages/airflow/example_dags/example_trigger_target_dag.py
[2024-07-25T07:57:37.863+0000] {processor.py:840} INFO - DAG(s) 'example_trigger_target_dag' retrieved from /root/.cache/pypoetry/virtualenvs/freeprise-matchmaker-BsnH11MF-py3.8/lib/python3.8/site-packages/airflow/example_dags/example_trigger_target_dag.py
[2024-07-25T07:57:37.905+0000] {logging_mixin.py:188} INFO - [2024-07-25T07:57:37.905+0000] {dag.py:3089} INFO - Sync 1 DAGs
[2024-07-25T07:57:37.933+0000] {logging_mixin.py:188} INFO - [2024-07-25T07:57:37.932+0000] {dag.py:3947} INFO - Setting next_dagrun for example_trigger_target_dag to None, run_after=None
[2024-07-25T07:57:37.966+0000] {processor.py:183} INFO - Processing /root/.cache/pypoetry/virtualenvs/freeprise-matchmaker-BsnH11MF-py3.8/lib/python3.8/site-packages/airflow/example_dags/example_trigger_target_dag.py took 0.138 seconds
[2024-07-25T07:58:08.193+0000] {processor.py:161} INFO - Started process (PID=4221) to work on /root/.cache/pypoetry/virtualenvs/freeprise-matchmaker-BsnH11MF-py3.8/lib/python3.8/site-packages/airflow/example_dags/example_trigger_target_dag.py
[2024-07-25T07:58:08.195+0000] {processor.py:830} INFO - Processing file /root/.cache/pypoetry/virtualenvs/freeprise-matchmaker-BsnH11MF-py3.8/lib/python3.8/site-packages/airflow/example_dags/example_trigger_target_dag.py for tasks to queue
[2024-07-25T07:58:08.197+0000] {logging_mixin.py:188} INFO - [2024-07-25T07:58:08.197+0000] {dagbag.py:545} INFO - Filling up the DagBag from /root/.cache/pypoetry/virtualenvs/freeprise-matchmaker-BsnH11MF-py3.8/lib/python3.8/site-packages/airflow/example_dags/example_trigger_target_dag.py
[2024-07-25T07:58:08.208+0000] {processor.py:840} INFO - DAG(s) 'example_trigger_target_dag' retrieved from /root/.cache/pypoetry/virtualenvs/freeprise-matchmaker-BsnH11MF-py3.8/lib/python3.8/site-packages/airflow/example_dags/example_trigger_target_dag.py
[2024-07-25T07:58:08.253+0000] {logging_mixin.py:188} INFO - [2024-07-25T07:58:08.253+0000] {dag.py:3089} INFO - Sync 1 DAGs
[2024-07-25T07:58:08.281+0000] {logging_mixin.py:188} INFO - [2024-07-25T07:58:08.280+0000] {dag.py:3947} INFO - Setting next_dagrun for example_trigger_target_dag to None, run_after=None
[2024-07-25T07:58:08.315+0000] {processor.py:183} INFO - Processing /root/.cache/pypoetry/virtualenvs/freeprise-matchmaker-BsnH11MF-py3.8/lib/python3.8/site-packages/airflow/example_dags/example_trigger_target_dag.py took 0.133 seconds
[2024-07-25T07:58:38.414+0000] {processor.py:161} INFO - Started process (PID=4487) to work on /root/.cache/pypoetry/virtualenvs/freeprise-matchmaker-BsnH11MF-py3.8/lib/python3.8/site-packages/airflow/example_dags/example_trigger_target_dag.py
[2024-07-25T07:58:38.416+0000] {processor.py:830} INFO - Processing file /root/.cache/pypoetry/virtualenvs/freeprise-matchmaker-BsnH11MF-py3.8/lib/python3.8/site-packages/airflow/example_dags/example_trigger_target_dag.py for tasks to queue
[2024-07-25T07:58:38.418+0000] {logging_mixin.py:188} INFO - [2024-07-25T07:58:38.418+0000] {dagbag.py:545} INFO - Filling up the DagBag from /root/.cache/pypoetry/virtualenvs/freeprise-matchmaker-BsnH11MF-py3.8/lib/python3.8/site-packages/airflow/example_dags/example_trigger_target_dag.py
[2024-07-25T07:58:38.428+0000] {processor.py:840} INFO - DAG(s) 'example_trigger_target_dag' retrieved from /root/.cache/pypoetry/virtualenvs/freeprise-matchmaker-BsnH11MF-py3.8/lib/python3.8/site-packages/airflow/example_dags/example_trigger_target_dag.py
[2024-07-25T07:58:38.466+0000] {logging_mixin.py:188} INFO - [2024-07-25T07:58:38.466+0000] {dag.py:3089} INFO - Sync 1 DAGs
[2024-07-25T07:58:38.486+0000] {logging_mixin.py:188} INFO - [2024-07-25T07:58:38.485+0000] {dag.py:3947} INFO - Setting next_dagrun for example_trigger_target_dag to None, run_after=None
[2024-07-25T07:58:38.515+0000] {processor.py:183} INFO - Processing /root/.cache/pypoetry/virtualenvs/freeprise-matchmaker-BsnH11MF-py3.8/lib/python3.8/site-packages/airflow/example_dags/example_trigger_target_dag.py took 0.114 seconds
[2024-07-25T07:59:08.663+0000] {processor.py:161} INFO - Started process (PID=4752) to work on /root/.cache/pypoetry/virtualenvs/freeprise-matchmaker-BsnH11MF-py3.8/lib/python3.8/site-packages/airflow/example_dags/example_trigger_target_dag.py
[2024-07-25T07:59:08.665+0000] {processor.py:830} INFO - Processing file /root/.cache/pypoetry/virtualenvs/freeprise-matchmaker-BsnH11MF-py3.8/lib/python3.8/site-packages/airflow/example_dags/example_trigger_target_dag.py for tasks to queue
[2024-07-25T07:59:08.668+0000] {logging_mixin.py:188} INFO - [2024-07-25T07:59:08.667+0000] {dagbag.py:545} INFO - Filling up the DagBag from /root/.cache/pypoetry/virtualenvs/freeprise-matchmaker-BsnH11MF-py3.8/lib/python3.8/site-packages/airflow/example_dags/example_trigger_target_dag.py
[2024-07-25T07:59:08.678+0000] {processor.py:840} INFO - DAG(s) 'example_trigger_target_dag' retrieved from /root/.cache/pypoetry/virtualenvs/freeprise-matchmaker-BsnH11MF-py3.8/lib/python3.8/site-packages/airflow/example_dags/example_trigger_target_dag.py
[2024-07-25T07:59:08.722+0000] {logging_mixin.py:188} INFO - [2024-07-25T07:59:08.721+0000] {dag.py:3089} INFO - Sync 1 DAGs
[2024-07-25T07:59:08.744+0000] {logging_mixin.py:188} INFO - [2024-07-25T07:59:08.744+0000] {dag.py:3947} INFO - Setting next_dagrun for example_trigger_target_dag to None, run_after=None
[2024-07-25T07:59:08.777+0000] {processor.py:183} INFO - Processing /root/.cache/pypoetry/virtualenvs/freeprise-matchmaker-BsnH11MF-py3.8/lib/python3.8/site-packages/airflow/example_dags/example_trigger_target_dag.py took 0.130 seconds
[2024-07-25T07:59:39.109+0000] {processor.py:161} INFO - Started process (PID=5017) to work on /root/.cache/pypoetry/virtualenvs/freeprise-matchmaker-BsnH11MF-py3.8/lib/python3.8/site-packages/airflow/example_dags/example_trigger_target_dag.py
[2024-07-25T07:59:39.113+0000] {processor.py:830} INFO - Processing file /root/.cache/pypoetry/virtualenvs/freeprise-matchmaker-BsnH11MF-py3.8/lib/python3.8/site-packages/airflow/example_dags/example_trigger_target_dag.py for tasks to queue
[2024-07-25T07:59:39.117+0000] {logging_mixin.py:188} INFO - [2024-07-25T07:59:39.116+0000] {dagbag.py:545} INFO - Filling up the DagBag from /root/.cache/pypoetry/virtualenvs/freeprise-matchmaker-BsnH11MF-py3.8/lib/python3.8/site-packages/airflow/example_dags/example_trigger_target_dag.py
[2024-07-25T07:59:39.130+0000] {processor.py:840} INFO - DAG(s) 'example_trigger_target_dag' retrieved from /root/.cache/pypoetry/virtualenvs/freeprise-matchmaker-BsnH11MF-py3.8/lib/python3.8/site-packages/airflow/example_dags/example_trigger_target_dag.py
[2024-07-25T07:59:39.184+0000] {logging_mixin.py:188} INFO - [2024-07-25T07:59:39.183+0000] {dag.py:3089} INFO - Sync 1 DAGs
[2024-07-25T07:59:39.209+0000] {logging_mixin.py:188} INFO - [2024-07-25T07:59:39.209+0000] {dag.py:3947} INFO - Setting next_dagrun for example_trigger_target_dag to None, run_after=None
[2024-07-25T07:59:39.254+0000] {processor.py:183} INFO - Processing /root/.cache/pypoetry/virtualenvs/freeprise-matchmaker-BsnH11MF-py3.8/lib/python3.8/site-packages/airflow/example_dags/example_trigger_target_dag.py took 0.160 seconds
[2024-07-25T08:00:09.815+0000] {processor.py:161} INFO - Started process (PID=5283) to work on /root/.cache/pypoetry/virtualenvs/freeprise-matchmaker-BsnH11MF-py3.8/lib/python3.8/site-packages/airflow/example_dags/example_trigger_target_dag.py
[2024-07-25T08:00:09.817+0000] {processor.py:830} INFO - Processing file /root/.cache/pypoetry/virtualenvs/freeprise-matchmaker-BsnH11MF-py3.8/lib/python3.8/site-packages/airflow/example_dags/example_trigger_target_dag.py for tasks to queue
[2024-07-25T08:00:09.820+0000] {logging_mixin.py:188} INFO - [2024-07-25T08:00:09.819+0000] {dagbag.py:545} INFO - Filling up the DagBag from /root/.cache/pypoetry/virtualenvs/freeprise-matchmaker-BsnH11MF-py3.8/lib/python3.8/site-packages/airflow/example_dags/example_trigger_target_dag.py
[2024-07-25T08:00:09.830+0000] {processor.py:840} INFO - DAG(s) 'example_trigger_target_dag' retrieved from /root/.cache/pypoetry/virtualenvs/freeprise-matchmaker-BsnH11MF-py3.8/lib/python3.8/site-packages/airflow/example_dags/example_trigger_target_dag.py
[2024-07-25T08:00:09.874+0000] {logging_mixin.py:188} INFO - [2024-07-25T08:00:09.874+0000] {dag.py:3089} INFO - Sync 1 DAGs
[2024-07-25T08:00:09.901+0000] {logging_mixin.py:188} INFO - [2024-07-25T08:00:09.901+0000] {dag.py:3947} INFO - Setting next_dagrun for example_trigger_target_dag to None, run_after=None
[2024-07-25T08:00:09.942+0000] {processor.py:183} INFO - Processing /root/.cache/pypoetry/virtualenvs/freeprise-matchmaker-BsnH11MF-py3.8/lib/python3.8/site-packages/airflow/example_dags/example_trigger_target_dag.py took 0.140 seconds
[2024-07-25T08:00:41.322+0000] {processor.py:161} INFO - Started process (PID=5549) to work on /root/.cache/pypoetry/virtualenvs/freeprise-matchmaker-BsnH11MF-py3.8/lib/python3.8/site-packages/airflow/example_dags/example_trigger_target_dag.py
[2024-07-25T08:00:41.327+0000] {processor.py:830} INFO - Processing file /root/.cache/pypoetry/virtualenvs/freeprise-matchmaker-BsnH11MF-py3.8/lib/python3.8/site-packages/airflow/example_dags/example_trigger_target_dag.py for tasks to queue
[2024-07-25T08:00:41.336+0000] {logging_mixin.py:188} INFO - [2024-07-25T08:00:41.333+0000] {dagbag.py:545} INFO - Filling up the DagBag from /root/.cache/pypoetry/virtualenvs/freeprise-matchmaker-BsnH11MF-py3.8/lib/python3.8/site-packages/airflow/example_dags/example_trigger_target_dag.py
[2024-07-25T08:00:41.368+0000] {processor.py:840} INFO - DAG(s) 'example_trigger_target_dag' retrieved from /root/.cache/pypoetry/virtualenvs/freeprise-matchmaker-BsnH11MF-py3.8/lib/python3.8/site-packages/airflow/example_dags/example_trigger_target_dag.py
[2024-07-25T08:00:41.485+0000] {logging_mixin.py:188} INFO - [2024-07-25T08:00:41.484+0000] {dag.py:3089} INFO - Sync 1 DAGs
[2024-07-25T08:00:41.549+0000] {logging_mixin.py:188} INFO - [2024-07-25T08:00:41.549+0000] {dag.py:3947} INFO - Setting next_dagrun for example_trigger_target_dag to None, run_after=None
[2024-07-25T08:00:41.624+0000] {processor.py:183} INFO - Processing /root/.cache/pypoetry/virtualenvs/freeprise-matchmaker-BsnH11MF-py3.8/lib/python3.8/site-packages/airflow/example_dags/example_trigger_target_dag.py took 0.342 seconds
[2024-07-25T08:01:12.323+0000] {processor.py:161} INFO - Started process (PID=5817) to work on /root/.cache/pypoetry/virtualenvs/freeprise-matchmaker-BsnH11MF-py3.8/lib/python3.8/site-packages/airflow/example_dags/example_trigger_target_dag.py
[2024-07-25T08:01:12.325+0000] {processor.py:830} INFO - Processing file /root/.cache/pypoetry/virtualenvs/freeprise-matchmaker-BsnH11MF-py3.8/lib/python3.8/site-packages/airflow/example_dags/example_trigger_target_dag.py for tasks to queue
[2024-07-25T08:01:12.329+0000] {logging_mixin.py:188} INFO - [2024-07-25T08:01:12.328+0000] {dagbag.py:545} INFO - Filling up the DagBag from /root/.cache/pypoetry/virtualenvs/freeprise-matchmaker-BsnH11MF-py3.8/lib/python3.8/site-packages/airflow/example_dags/example_trigger_target_dag.py
[2024-07-25T08:01:12.343+0000] {processor.py:840} INFO - DAG(s) 'example_trigger_target_dag' retrieved from /root/.cache/pypoetry/virtualenvs/freeprise-matchmaker-BsnH11MF-py3.8/lib/python3.8/site-packages/airflow/example_dags/example_trigger_target_dag.py
[2024-07-25T08:01:12.390+0000] {logging_mixin.py:188} INFO - [2024-07-25T08:01:12.390+0000] {dag.py:3089} INFO - Sync 1 DAGs
[2024-07-25T08:01:12.418+0000] {logging_mixin.py:188} INFO - [2024-07-25T08:01:12.417+0000] {dag.py:3947} INFO - Setting next_dagrun for example_trigger_target_dag to None, run_after=None
[2024-07-25T08:01:12.452+0000] {processor.py:183} INFO - Processing /root/.cache/pypoetry/virtualenvs/freeprise-matchmaker-BsnH11MF-py3.8/lib/python3.8/site-packages/airflow/example_dags/example_trigger_target_dag.py took 0.146 seconds
