[2024-07-25T07:50:29.494+0000] {processor.py:161} INFO - Started process (PID=247) to work on /root/.cache/pypoetry/virtualenvs/freeprise-matchmaker-BsnH11MF-py3.8/lib/python3.8/site-packages/airflow/example_dags/example_subdag_operator.py
[2024-07-25T07:50:29.496+0000] {processor.py:830} INFO - Processing file /root/.cache/pypoetry/virtualenvs/freeprise-matchmaker-BsnH11MF-py3.8/lib/python3.8/site-packages/airflow/example_dags/example_subdag_operator.py for tasks to queue
[2024-07-25T07:50:29.500+0000] {logging_mixin.py:188} INFO - [2024-07-25T07:50:29.500+0000] {dagbag.py:545} INFO - Filling up the DagBag from /root/.cache/pypoetry/virtualenvs/freeprise-matchmaker-BsnH11MF-py3.8/lib/python3.8/site-packages/airflow/example_dags/example_subdag_operator.py
[2024-07-25T07:50:29.561+0000] {processor.py:840} INFO - DAG(s) 'example_subdag_operator.section-1', 'example_subdag_operator.section-2', 'example_subdag_operator' retrieved from /root/.cache/pypoetry/virtualenvs/freeprise-matchmaker-BsnH11MF-py3.8/lib/python3.8/site-packages/airflow/example_dags/example_subdag_operator.py
[2024-07-25T07:50:29.570+0000] {logging_mixin.py:188} INFO - [2024-07-25T07:50:29.569+0000] {dag.py:3089} INFO - Sync 3 DAGs
[2024-07-25T07:50:29.623+0000] {logging_mixin.py:188} INFO - [2024-07-25T07:50:29.623+0000] {dag.py:3947} INFO - Setting next_dagrun for example_subdag_operator to 2022-01-01 00:00:00+00:00, run_after=2022-01-01 00:00:00+00:00
[2024-07-25T07:50:29.631+0000] {logging_mixin.py:188} INFO - [2024-07-25T07:50:29.630+0000] {dag.py:3947} INFO - Setting next_dagrun for example_subdag_operator.section-1 to None, run_after=None
[2024-07-25T07:50:29.634+0000] {logging_mixin.py:188} INFO - [2024-07-25T07:50:29.633+0000] {dag.py:3947} INFO - Setting next_dagrun for example_subdag_operator.section-2 to None, run_after=None
[2024-07-25T07:50:29.650+0000] {logging_mixin.py:188} INFO - [2024-07-25T07:50:29.649+0000] {dag.py:3089} INFO - Sync 2 DAGs
[2024-07-25T07:50:29.660+0000] {logging_mixin.py:188} INFO - [2024-07-25T07:50:29.660+0000] {dag.py:3947} INFO - Setting next_dagrun for example_subdag_operator.section-1 to None, run_after=None
[2024-07-25T07:50:29.661+0000] {logging_mixin.py:188} INFO - [2024-07-25T07:50:29.661+0000] {dag.py:3947} INFO - Setting next_dagrun for example_subdag_operator.section-2 to None, run_after=None
[2024-07-25T07:50:29.693+0000] {processor.py:183} INFO - Processing /root/.cache/pypoetry/virtualenvs/freeprise-matchmaker-BsnH11MF-py3.8/lib/python3.8/site-packages/airflow/example_dags/example_subdag_operator.py took 0.215 seconds
[2024-07-25T07:51:02.005+0000] {processor.py:161} INFO - Started process (PID=513) to work on /root/.cache/pypoetry/virtualenvs/freeprise-matchmaker-BsnH11MF-py3.8/lib/python3.8/site-packages/airflow/example_dags/example_subdag_operator.py
[2024-07-25T07:51:02.007+0000] {processor.py:830} INFO - Processing file /root/.cache/pypoetry/virtualenvs/freeprise-matchmaker-BsnH11MF-py3.8/lib/python3.8/site-packages/airflow/example_dags/example_subdag_operator.py for tasks to queue
[2024-07-25T07:51:02.010+0000] {logging_mixin.py:188} INFO - [2024-07-25T07:51:02.009+0000] {dagbag.py:545} INFO - Filling up the DagBag from /root/.cache/pypoetry/virtualenvs/freeprise-matchmaker-BsnH11MF-py3.8/lib/python3.8/site-packages/airflow/example_dags/example_subdag_operator.py
[2024-07-25T07:51:02.062+0000] {processor.py:840} INFO - DAG(s) 'example_subdag_operator.section-1', 'example_subdag_operator.section-2', 'example_subdag_operator' retrieved from /root/.cache/pypoetry/virtualenvs/freeprise-matchmaker-BsnH11MF-py3.8/lib/python3.8/site-packages/airflow/example_dags/example_subdag_operator.py
[2024-07-25T07:51:02.394+0000] {logging_mixin.py:188} INFO - [2024-07-25T07:51:02.393+0000] {dag.py:3089} INFO - Sync 3 DAGs
[2024-07-25T07:51:02.425+0000] {logging_mixin.py:188} INFO - [2024-07-25T07:51:02.424+0000] {dag.py:3947} INFO - Setting next_dagrun for example_subdag_operator to 2022-01-01 00:00:00+00:00, run_after=2022-01-01 00:00:00+00:00
[2024-07-25T07:51:02.429+0000] {logging_mixin.py:188} INFO - [2024-07-25T07:51:02.429+0000] {dag.py:3947} INFO - Setting next_dagrun for example_subdag_operator.section-1 to None, run_after=None
[2024-07-25T07:51:02.431+0000] {logging_mixin.py:188} INFO - [2024-07-25T07:51:02.431+0000] {dag.py:3947} INFO - Setting next_dagrun for example_subdag_operator.section-2 to None, run_after=None
[2024-07-25T07:51:02.444+0000] {logging_mixin.py:188} INFO - [2024-07-25T07:51:02.444+0000] {dag.py:3089} INFO - Sync 2 DAGs
[2024-07-25T07:51:02.452+0000] {logging_mixin.py:188} INFO - [2024-07-25T07:51:02.452+0000] {dag.py:3947} INFO - Setting next_dagrun for example_subdag_operator.section-1 to None, run_after=None
[2024-07-25T07:51:02.453+0000] {logging_mixin.py:188} INFO - [2024-07-25T07:51:02.453+0000] {dag.py:3947} INFO - Setting next_dagrun for example_subdag_operator.section-2 to None, run_after=None
[2024-07-25T07:51:02.470+0000] {processor.py:183} INFO - Processing /root/.cache/pypoetry/virtualenvs/freeprise-matchmaker-BsnH11MF-py3.8/lib/python3.8/site-packages/airflow/example_dags/example_subdag_operator.py took 0.480 seconds
[2024-07-25T07:51:32.595+0000] {processor.py:161} INFO - Started process (PID=779) to work on /root/.cache/pypoetry/virtualenvs/freeprise-matchmaker-BsnH11MF-py3.8/lib/python3.8/site-packages/airflow/example_dags/example_subdag_operator.py
[2024-07-25T07:51:32.596+0000] {processor.py:830} INFO - Processing file /root/.cache/pypoetry/virtualenvs/freeprise-matchmaker-BsnH11MF-py3.8/lib/python3.8/site-packages/airflow/example_dags/example_subdag_operator.py for tasks to queue
[2024-07-25T07:51:32.599+0000] {logging_mixin.py:188} INFO - [2024-07-25T07:51:32.598+0000] {dagbag.py:545} INFO - Filling up the DagBag from /root/.cache/pypoetry/virtualenvs/freeprise-matchmaker-BsnH11MF-py3.8/lib/python3.8/site-packages/airflow/example_dags/example_subdag_operator.py
[2024-07-25T07:51:32.807+0000] {processor.py:840} INFO - DAG(s) 'example_subdag_operator.section-1', 'example_subdag_operator.section-2', 'example_subdag_operator' retrieved from /root/.cache/pypoetry/virtualenvs/freeprise-matchmaker-BsnH11MF-py3.8/lib/python3.8/site-packages/airflow/example_dags/example_subdag_operator.py
[2024-07-25T07:51:32.831+0000] {logging_mixin.py:188} INFO - [2024-07-25T07:51:32.831+0000] {dag.py:3089} INFO - Sync 3 DAGs
[2024-07-25T07:51:32.864+0000] {logging_mixin.py:188} INFO - [2024-07-25T07:51:32.863+0000] {dag.py:3947} INFO - Setting next_dagrun for example_subdag_operator to 2022-01-01 00:00:00+00:00, run_after=2022-01-01 00:00:00+00:00
[2024-07-25T07:51:32.868+0000] {logging_mixin.py:188} INFO - [2024-07-25T07:51:32.868+0000] {dag.py:3947} INFO - Setting next_dagrun for example_subdag_operator.section-1 to None, run_after=None
[2024-07-25T07:51:32.870+0000] {logging_mixin.py:188} INFO - [2024-07-25T07:51:32.870+0000] {dag.py:3947} INFO - Setting next_dagrun for example_subdag_operator.section-2 to None, run_after=None
[2024-07-25T07:51:32.879+0000] {logging_mixin.py:188} INFO - [2024-07-25T07:51:32.879+0000] {dag.py:3089} INFO - Sync 2 DAGs
[2024-07-25T07:51:32.887+0000] {logging_mixin.py:188} INFO - [2024-07-25T07:51:32.887+0000] {dag.py:3947} INFO - Setting next_dagrun for example_subdag_operator.section-1 to None, run_after=None
[2024-07-25T07:51:32.887+0000] {logging_mixin.py:188} INFO - [2024-07-25T07:51:32.887+0000] {dag.py:3947} INFO - Setting next_dagrun for example_subdag_operator.section-2 to None, run_after=None
[2024-07-25T07:51:32.903+0000] {processor.py:183} INFO - Processing /root/.cache/pypoetry/virtualenvs/freeprise-matchmaker-BsnH11MF-py3.8/lib/python3.8/site-packages/airflow/example_dags/example_subdag_operator.py took 0.321 seconds
[2024-07-25T07:52:03.011+0000] {processor.py:161} INFO - Started process (PID=1045) to work on /root/.cache/pypoetry/virtualenvs/freeprise-matchmaker-BsnH11MF-py3.8/lib/python3.8/site-packages/airflow/example_dags/example_subdag_operator.py
[2024-07-25T07:52:03.013+0000] {processor.py:830} INFO - Processing file /root/.cache/pypoetry/virtualenvs/freeprise-matchmaker-BsnH11MF-py3.8/lib/python3.8/site-packages/airflow/example_dags/example_subdag_operator.py for tasks to queue
[2024-07-25T07:52:03.017+0000] {logging_mixin.py:188} INFO - [2024-07-25T07:52:03.016+0000] {dagbag.py:545} INFO - Filling up the DagBag from /root/.cache/pypoetry/virtualenvs/freeprise-matchmaker-BsnH11MF-py3.8/lib/python3.8/site-packages/airflow/example_dags/example_subdag_operator.py
[2024-07-25T07:52:03.063+0000] {processor.py:840} INFO - DAG(s) 'example_subdag_operator.section-1', 'example_subdag_operator.section-2', 'example_subdag_operator' retrieved from /root/.cache/pypoetry/virtualenvs/freeprise-matchmaker-BsnH11MF-py3.8/lib/python3.8/site-packages/airflow/example_dags/example_subdag_operator.py
[2024-07-25T07:52:03.095+0000] {logging_mixin.py:188} INFO - [2024-07-25T07:52:03.094+0000] {dag.py:3089} INFO - Sync 3 DAGs
[2024-07-25T07:52:03.128+0000] {logging_mixin.py:188} INFO - [2024-07-25T07:52:03.128+0000] {dag.py:3947} INFO - Setting next_dagrun for example_subdag_operator to 2022-01-01 00:00:00+00:00, run_after=2022-01-01 00:00:00+00:00
[2024-07-25T07:52:03.134+0000] {logging_mixin.py:188} INFO - [2024-07-25T07:52:03.133+0000] {dag.py:3947} INFO - Setting next_dagrun for example_subdag_operator.section-1 to None, run_after=None
[2024-07-25T07:52:03.136+0000] {logging_mixin.py:188} INFO - [2024-07-25T07:52:03.136+0000] {dag.py:3947} INFO - Setting next_dagrun for example_subdag_operator.section-2 to None, run_after=None
[2024-07-25T07:52:03.146+0000] {logging_mixin.py:188} INFO - [2024-07-25T07:52:03.146+0000] {dag.py:3089} INFO - Sync 2 DAGs
[2024-07-25T07:52:03.157+0000] {logging_mixin.py:188} INFO - [2024-07-25T07:52:03.156+0000] {dag.py:3947} INFO - Setting next_dagrun for example_subdag_operator.section-1 to None, run_after=None
[2024-07-25T07:52:03.158+0000] {logging_mixin.py:188} INFO - [2024-07-25T07:52:03.157+0000] {dag.py:3947} INFO - Setting next_dagrun for example_subdag_operator.section-2 to None, run_after=None
[2024-07-25T07:52:03.177+0000] {processor.py:183} INFO - Processing /root/.cache/pypoetry/virtualenvs/freeprise-matchmaker-BsnH11MF-py3.8/lib/python3.8/site-packages/airflow/example_dags/example_subdag_operator.py took 0.178 seconds
[2024-07-25T07:52:34.038+0000] {processor.py:161} INFO - Started process (PID=1311) to work on /root/.cache/pypoetry/virtualenvs/freeprise-matchmaker-BsnH11MF-py3.8/lib/python3.8/site-packages/airflow/example_dags/example_subdag_operator.py
[2024-07-25T07:52:34.040+0000] {processor.py:830} INFO - Processing file /root/.cache/pypoetry/virtualenvs/freeprise-matchmaker-BsnH11MF-py3.8/lib/python3.8/site-packages/airflow/example_dags/example_subdag_operator.py for tasks to queue
[2024-07-25T07:52:34.044+0000] {logging_mixin.py:188} INFO - [2024-07-25T07:52:34.042+0000] {dagbag.py:545} INFO - Filling up the DagBag from /root/.cache/pypoetry/virtualenvs/freeprise-matchmaker-BsnH11MF-py3.8/lib/python3.8/site-packages/airflow/example_dags/example_subdag_operator.py
[2024-07-25T07:52:34.097+0000] {processor.py:840} INFO - DAG(s) 'example_subdag_operator.section-1', 'example_subdag_operator.section-2', 'example_subdag_operator' retrieved from /root/.cache/pypoetry/virtualenvs/freeprise-matchmaker-BsnH11MF-py3.8/lib/python3.8/site-packages/airflow/example_dags/example_subdag_operator.py
[2024-07-25T07:52:34.133+0000] {logging_mixin.py:188} INFO - [2024-07-25T07:52:34.133+0000] {dag.py:3089} INFO - Sync 3 DAGs
[2024-07-25T07:52:34.168+0000] {logging_mixin.py:188} INFO - [2024-07-25T07:52:34.168+0000] {dag.py:3947} INFO - Setting next_dagrun for example_subdag_operator to 2022-01-01 00:00:00+00:00, run_after=2022-01-01 00:00:00+00:00
[2024-07-25T07:52:34.174+0000] {logging_mixin.py:188} INFO - [2024-07-25T07:52:34.173+0000] {dag.py:3947} INFO - Setting next_dagrun for example_subdag_operator.section-1 to None, run_after=None
[2024-07-25T07:52:34.176+0000] {logging_mixin.py:188} INFO - [2024-07-25T07:52:34.176+0000] {dag.py:3947} INFO - Setting next_dagrun for example_subdag_operator.section-2 to None, run_after=None
[2024-07-25T07:52:34.187+0000] {logging_mixin.py:188} INFO - [2024-07-25T07:52:34.187+0000] {dag.py:3089} INFO - Sync 2 DAGs
[2024-07-25T07:52:34.196+0000] {logging_mixin.py:188} INFO - [2024-07-25T07:52:34.195+0000] {dag.py:3947} INFO - Setting next_dagrun for example_subdag_operator.section-1 to None, run_after=None
[2024-07-25T07:52:34.197+0000] {logging_mixin.py:188} INFO - [2024-07-25T07:52:34.197+0000] {dag.py:3947} INFO - Setting next_dagrun for example_subdag_operator.section-2 to None, run_after=None
[2024-07-25T07:52:34.214+0000] {processor.py:183} INFO - Processing /root/.cache/pypoetry/virtualenvs/freeprise-matchmaker-BsnH11MF-py3.8/lib/python3.8/site-packages/airflow/example_dags/example_subdag_operator.py took 0.188 seconds
[2024-07-25T07:53:05.025+0000] {processor.py:161} INFO - Started process (PID=1579) to work on /root/.cache/pypoetry/virtualenvs/freeprise-matchmaker-BsnH11MF-py3.8/lib/python3.8/site-packages/airflow/example_dags/example_subdag_operator.py
[2024-07-25T07:53:05.026+0000] {processor.py:830} INFO - Processing file /root/.cache/pypoetry/virtualenvs/freeprise-matchmaker-BsnH11MF-py3.8/lib/python3.8/site-packages/airflow/example_dags/example_subdag_operator.py for tasks to queue
[2024-07-25T07:53:05.029+0000] {logging_mixin.py:188} INFO - [2024-07-25T07:53:05.028+0000] {dagbag.py:545} INFO - Filling up the DagBag from /root/.cache/pypoetry/virtualenvs/freeprise-matchmaker-BsnH11MF-py3.8/lib/python3.8/site-packages/airflow/example_dags/example_subdag_operator.py
[2024-07-25T07:53:05.078+0000] {processor.py:840} INFO - DAG(s) 'example_subdag_operator.section-1', 'example_subdag_operator.section-2', 'example_subdag_operator' retrieved from /root/.cache/pypoetry/virtualenvs/freeprise-matchmaker-BsnH11MF-py3.8/lib/python3.8/site-packages/airflow/example_dags/example_subdag_operator.py
[2024-07-25T07:53:05.105+0000] {logging_mixin.py:188} INFO - [2024-07-25T07:53:05.105+0000] {dag.py:3089} INFO - Sync 3 DAGs
[2024-07-25T07:53:05.141+0000] {logging_mixin.py:188} INFO - [2024-07-25T07:53:05.140+0000] {dag.py:3947} INFO - Setting next_dagrun for example_subdag_operator to 2022-01-01 00:00:00+00:00, run_after=2022-01-01 00:00:00+00:00
[2024-07-25T07:53:05.148+0000] {logging_mixin.py:188} INFO - [2024-07-25T07:53:05.148+0000] {dag.py:3947} INFO - Setting next_dagrun for example_subdag_operator.section-1 to None, run_after=None
[2024-07-25T07:53:05.152+0000] {logging_mixin.py:188} INFO - [2024-07-25T07:53:05.151+0000] {dag.py:3947} INFO - Setting next_dagrun for example_subdag_operator.section-2 to None, run_after=None
[2024-07-25T07:53:05.166+0000] {logging_mixin.py:188} INFO - [2024-07-25T07:53:05.166+0000] {dag.py:3089} INFO - Sync 2 DAGs
[2024-07-25T07:53:05.176+0000] {logging_mixin.py:188} INFO - [2024-07-25T07:53:05.176+0000] {dag.py:3947} INFO - Setting next_dagrun for example_subdag_operator.section-1 to None, run_after=None
[2024-07-25T07:53:05.177+0000] {logging_mixin.py:188} INFO - [2024-07-25T07:53:05.177+0000] {dag.py:3947} INFO - Setting next_dagrun for example_subdag_operator.section-2 to None, run_after=None
[2024-07-25T07:53:05.195+0000] {processor.py:183} INFO - Processing /root/.cache/pypoetry/virtualenvs/freeprise-matchmaker-BsnH11MF-py3.8/lib/python3.8/site-packages/airflow/example_dags/example_subdag_operator.py took 0.183 seconds
[2024-07-25T07:53:35.721+0000] {processor.py:161} INFO - Started process (PID=1848) to work on /root/.cache/pypoetry/virtualenvs/freeprise-matchmaker-BsnH11MF-py3.8/lib/python3.8/site-packages/airflow/example_dags/example_subdag_operator.py
[2024-07-25T07:53:35.724+0000] {processor.py:830} INFO - Processing file /root/.cache/pypoetry/virtualenvs/freeprise-matchmaker-BsnH11MF-py3.8/lib/python3.8/site-packages/airflow/example_dags/example_subdag_operator.py for tasks to queue
[2024-07-25T07:53:35.727+0000] {logging_mixin.py:188} INFO - [2024-07-25T07:53:35.726+0000] {dagbag.py:545} INFO - Filling up the DagBag from /root/.cache/pypoetry/virtualenvs/freeprise-matchmaker-BsnH11MF-py3.8/lib/python3.8/site-packages/airflow/example_dags/example_subdag_operator.py
[2024-07-25T07:53:35.787+0000] {processor.py:840} INFO - DAG(s) 'example_subdag_operator.section-1', 'example_subdag_operator.section-2', 'example_subdag_operator' retrieved from /root/.cache/pypoetry/virtualenvs/freeprise-matchmaker-BsnH11MF-py3.8/lib/python3.8/site-packages/airflow/example_dags/example_subdag_operator.py
[2024-07-25T07:53:35.824+0000] {logging_mixin.py:188} INFO - [2024-07-25T07:53:35.823+0000] {dag.py:3089} INFO - Sync 3 DAGs
[2024-07-25T07:53:35.863+0000] {logging_mixin.py:188} INFO - [2024-07-25T07:53:35.863+0000] {dag.py:3947} INFO - Setting next_dagrun for example_subdag_operator to 2022-01-01 00:00:00+00:00, run_after=2022-01-01 00:00:00+00:00
[2024-07-25T07:53:35.869+0000] {logging_mixin.py:188} INFO - [2024-07-25T07:53:35.869+0000] {dag.py:3947} INFO - Setting next_dagrun for example_subdag_operator.section-1 to None, run_after=None
[2024-07-25T07:53:35.871+0000] {logging_mixin.py:188} INFO - [2024-07-25T07:53:35.871+0000] {dag.py:3947} INFO - Setting next_dagrun for example_subdag_operator.section-2 to None, run_after=None
[2024-07-25T07:53:35.882+0000] {logging_mixin.py:188} INFO - [2024-07-25T07:53:35.881+0000] {dag.py:3089} INFO - Sync 2 DAGs
[2024-07-25T07:53:35.891+0000] {logging_mixin.py:188} INFO - [2024-07-25T07:53:35.891+0000] {dag.py:3947} INFO - Setting next_dagrun for example_subdag_operator.section-1 to None, run_after=None
[2024-07-25T07:53:35.892+0000] {logging_mixin.py:188} INFO - [2024-07-25T07:53:35.891+0000] {dag.py:3947} INFO - Setting next_dagrun for example_subdag_operator.section-2 to None, run_after=None
[2024-07-25T07:53:35.909+0000] {processor.py:183} INFO - Processing /root/.cache/pypoetry/virtualenvs/freeprise-matchmaker-BsnH11MF-py3.8/lib/python3.8/site-packages/airflow/example_dags/example_subdag_operator.py took 0.203 seconds
[2024-07-25T07:54:06.228+0000] {processor.py:161} INFO - Started process (PID=2114) to work on /root/.cache/pypoetry/virtualenvs/freeprise-matchmaker-BsnH11MF-py3.8/lib/python3.8/site-packages/airflow/example_dags/example_subdag_operator.py
[2024-07-25T07:54:06.231+0000] {processor.py:830} INFO - Processing file /root/.cache/pypoetry/virtualenvs/freeprise-matchmaker-BsnH11MF-py3.8/lib/python3.8/site-packages/airflow/example_dags/example_subdag_operator.py for tasks to queue
[2024-07-25T07:54:06.234+0000] {logging_mixin.py:188} INFO - [2024-07-25T07:54:06.233+0000] {dagbag.py:545} INFO - Filling up the DagBag from /root/.cache/pypoetry/virtualenvs/freeprise-matchmaker-BsnH11MF-py3.8/lib/python3.8/site-packages/airflow/example_dags/example_subdag_operator.py
[2024-07-25T07:54:06.283+0000] {processor.py:840} INFO - DAG(s) 'example_subdag_operator.section-1', 'example_subdag_operator.section-2', 'example_subdag_operator' retrieved from /root/.cache/pypoetry/virtualenvs/freeprise-matchmaker-BsnH11MF-py3.8/lib/python3.8/site-packages/airflow/example_dags/example_subdag_operator.py
[2024-07-25T07:54:06.311+0000] {logging_mixin.py:188} INFO - [2024-07-25T07:54:06.310+0000] {dag.py:3089} INFO - Sync 3 DAGs
[2024-07-25T07:54:06.344+0000] {logging_mixin.py:188} INFO - [2024-07-25T07:54:06.344+0000] {dag.py:3947} INFO - Setting next_dagrun for example_subdag_operator to 2022-01-01 00:00:00+00:00, run_after=2022-01-01 00:00:00+00:00
[2024-07-25T07:54:06.349+0000] {logging_mixin.py:188} INFO - [2024-07-25T07:54:06.349+0000] {dag.py:3947} INFO - Setting next_dagrun for example_subdag_operator.section-1 to None, run_after=None
[2024-07-25T07:54:06.351+0000] {logging_mixin.py:188} INFO - [2024-07-25T07:54:06.351+0000] {dag.py:3947} INFO - Setting next_dagrun for example_subdag_operator.section-2 to None, run_after=None
[2024-07-25T07:54:06.361+0000] {logging_mixin.py:188} INFO - [2024-07-25T07:54:06.361+0000] {dag.py:3089} INFO - Sync 2 DAGs
[2024-07-25T07:54:06.369+0000] {logging_mixin.py:188} INFO - [2024-07-25T07:54:06.369+0000] {dag.py:3947} INFO - Setting next_dagrun for example_subdag_operator.section-1 to None, run_after=None
[2024-07-25T07:54:06.370+0000] {logging_mixin.py:188} INFO - [2024-07-25T07:54:06.370+0000] {dag.py:3947} INFO - Setting next_dagrun for example_subdag_operator.section-2 to None, run_after=None
[2024-07-25T07:54:06.385+0000] {processor.py:183} INFO - Processing /root/.cache/pypoetry/virtualenvs/freeprise-matchmaker-BsnH11MF-py3.8/lib/python3.8/site-packages/airflow/example_dags/example_subdag_operator.py took 0.171 seconds
[2024-07-25T07:54:36.507+0000] {processor.py:161} INFO - Started process (PID=2375) to work on /root/.cache/pypoetry/virtualenvs/freeprise-matchmaker-BsnH11MF-py3.8/lib/python3.8/site-packages/airflow/example_dags/example_subdag_operator.py
[2024-07-25T07:54:36.508+0000] {processor.py:830} INFO - Processing file /root/.cache/pypoetry/virtualenvs/freeprise-matchmaker-BsnH11MF-py3.8/lib/python3.8/site-packages/airflow/example_dags/example_subdag_operator.py for tasks to queue
[2024-07-25T07:54:36.510+0000] {logging_mixin.py:188} INFO - [2024-07-25T07:54:36.510+0000] {dagbag.py:545} INFO - Filling up the DagBag from /root/.cache/pypoetry/virtualenvs/freeprise-matchmaker-BsnH11MF-py3.8/lib/python3.8/site-packages/airflow/example_dags/example_subdag_operator.py
[2024-07-25T07:54:36.560+0000] {processor.py:840} INFO - DAG(s) 'example_subdag_operator.section-1', 'example_subdag_operator.section-2', 'example_subdag_operator' retrieved from /root/.cache/pypoetry/virtualenvs/freeprise-matchmaker-BsnH11MF-py3.8/lib/python3.8/site-packages/airflow/example_dags/example_subdag_operator.py
[2024-07-25T07:54:36.589+0000] {logging_mixin.py:188} INFO - [2024-07-25T07:54:36.589+0000] {dag.py:3089} INFO - Sync 3 DAGs
[2024-07-25T07:54:36.629+0000] {logging_mixin.py:188} INFO - [2024-07-25T07:54:36.629+0000] {dag.py:3947} INFO - Setting next_dagrun for example_subdag_operator to 2022-01-01 00:00:00+00:00, run_after=2022-01-01 00:00:00+00:00
[2024-07-25T07:54:36.635+0000] {logging_mixin.py:188} INFO - [2024-07-25T07:54:36.634+0000] {dag.py:3947} INFO - Setting next_dagrun for example_subdag_operator.section-1 to None, run_after=None
[2024-07-25T07:54:36.637+0000] {logging_mixin.py:188} INFO - [2024-07-25T07:54:36.637+0000] {dag.py:3947} INFO - Setting next_dagrun for example_subdag_operator.section-2 to None, run_after=None
[2024-07-25T07:54:36.647+0000] {logging_mixin.py:188} INFO - [2024-07-25T07:54:36.647+0000] {dag.py:3089} INFO - Sync 2 DAGs
[2024-07-25T07:54:36.655+0000] {logging_mixin.py:188} INFO - [2024-07-25T07:54:36.655+0000] {dag.py:3947} INFO - Setting next_dagrun for example_subdag_operator.section-1 to None, run_after=None
[2024-07-25T07:54:36.656+0000] {logging_mixin.py:188} INFO - [2024-07-25T07:54:36.656+0000] {dag.py:3947} INFO - Setting next_dagrun for example_subdag_operator.section-2 to None, run_after=None
[2024-07-25T07:54:36.672+0000] {processor.py:183} INFO - Processing /root/.cache/pypoetry/virtualenvs/freeprise-matchmaker-BsnH11MF-py3.8/lib/python3.8/site-packages/airflow/example_dags/example_subdag_operator.py took 0.180 seconds
[2024-07-25T07:55:06.892+0000] {processor.py:161} INFO - Started process (PID=2641) to work on /root/.cache/pypoetry/virtualenvs/freeprise-matchmaker-BsnH11MF-py3.8/lib/python3.8/site-packages/airflow/example_dags/example_subdag_operator.py
[2024-07-25T07:55:06.896+0000] {processor.py:830} INFO - Processing file /root/.cache/pypoetry/virtualenvs/freeprise-matchmaker-BsnH11MF-py3.8/lib/python3.8/site-packages/airflow/example_dags/example_subdag_operator.py for tasks to queue
[2024-07-25T07:55:06.899+0000] {logging_mixin.py:188} INFO - [2024-07-25T07:55:06.898+0000] {dagbag.py:545} INFO - Filling up the DagBag from /root/.cache/pypoetry/virtualenvs/freeprise-matchmaker-BsnH11MF-py3.8/lib/python3.8/site-packages/airflow/example_dags/example_subdag_operator.py
[2024-07-25T07:55:06.951+0000] {processor.py:840} INFO - DAG(s) 'example_subdag_operator.section-1', 'example_subdag_operator.section-2', 'example_subdag_operator' retrieved from /root/.cache/pypoetry/virtualenvs/freeprise-matchmaker-BsnH11MF-py3.8/lib/python3.8/site-packages/airflow/example_dags/example_subdag_operator.py
[2024-07-25T07:55:06.980+0000] {logging_mixin.py:188} INFO - [2024-07-25T07:55:06.980+0000] {dag.py:3089} INFO - Sync 3 DAGs
[2024-07-25T07:55:07.014+0000] {logging_mixin.py:188} INFO - [2024-07-25T07:55:07.014+0000] {dag.py:3947} INFO - Setting next_dagrun for example_subdag_operator to 2022-01-01 00:00:00+00:00, run_after=2022-01-01 00:00:00+00:00
[2024-07-25T07:55:07.019+0000] {logging_mixin.py:188} INFO - [2024-07-25T07:55:07.019+0000] {dag.py:3947} INFO - Setting next_dagrun for example_subdag_operator.section-1 to None, run_after=None
[2024-07-25T07:55:07.021+0000] {logging_mixin.py:188} INFO - [2024-07-25T07:55:07.021+0000] {dag.py:3947} INFO - Setting next_dagrun for example_subdag_operator.section-2 to None, run_after=None
[2024-07-25T07:55:07.033+0000] {logging_mixin.py:188} INFO - [2024-07-25T07:55:07.033+0000] {dag.py:3089} INFO - Sync 2 DAGs
[2024-07-25T07:55:07.043+0000] {logging_mixin.py:188} INFO - [2024-07-25T07:55:07.043+0000] {dag.py:3947} INFO - Setting next_dagrun for example_subdag_operator.section-1 to None, run_after=None
[2024-07-25T07:55:07.044+0000] {logging_mixin.py:188} INFO - [2024-07-25T07:55:07.044+0000] {dag.py:3947} INFO - Setting next_dagrun for example_subdag_operator.section-2 to None, run_after=None
[2024-07-25T07:55:07.062+0000] {processor.py:183} INFO - Processing /root/.cache/pypoetry/virtualenvs/freeprise-matchmaker-BsnH11MF-py3.8/lib/python3.8/site-packages/airflow/example_dags/example_subdag_operator.py took 0.185 seconds
[2024-07-25T07:55:37.924+0000] {processor.py:161} INFO - Started process (PID=2904) to work on /root/.cache/pypoetry/virtualenvs/freeprise-matchmaker-BsnH11MF-py3.8/lib/python3.8/site-packages/airflow/example_dags/example_subdag_operator.py
[2024-07-25T07:55:37.926+0000] {processor.py:830} INFO - Processing file /root/.cache/pypoetry/virtualenvs/freeprise-matchmaker-BsnH11MF-py3.8/lib/python3.8/site-packages/airflow/example_dags/example_subdag_operator.py for tasks to queue
[2024-07-25T07:55:37.928+0000] {logging_mixin.py:188} INFO - [2024-07-25T07:55:37.928+0000] {dagbag.py:545} INFO - Filling up the DagBag from /root/.cache/pypoetry/virtualenvs/freeprise-matchmaker-BsnH11MF-py3.8/lib/python3.8/site-packages/airflow/example_dags/example_subdag_operator.py
[2024-07-25T07:55:38.004+0000] {processor.py:840} INFO - DAG(s) 'example_subdag_operator.section-1', 'example_subdag_operator.section-2', 'example_subdag_operator' retrieved from /root/.cache/pypoetry/virtualenvs/freeprise-matchmaker-BsnH11MF-py3.8/lib/python3.8/site-packages/airflow/example_dags/example_subdag_operator.py
[2024-07-25T07:55:38.058+0000] {logging_mixin.py:188} INFO - [2024-07-25T07:55:38.057+0000] {dag.py:3089} INFO - Sync 3 DAGs
[2024-07-25T07:55:38.092+0000] {logging_mixin.py:188} INFO - [2024-07-25T07:55:38.092+0000] {dag.py:3947} INFO - Setting next_dagrun for example_subdag_operator to 2022-01-01 00:00:00+00:00, run_after=2022-01-01 00:00:00+00:00
[2024-07-25T07:55:38.098+0000] {logging_mixin.py:188} INFO - [2024-07-25T07:55:38.097+0000] {dag.py:3947} INFO - Setting next_dagrun for example_subdag_operator.section-1 to None, run_after=None
[2024-07-25T07:55:38.100+0000] {logging_mixin.py:188} INFO - [2024-07-25T07:55:38.099+0000] {dag.py:3947} INFO - Setting next_dagrun for example_subdag_operator.section-2 to None, run_after=None
[2024-07-25T07:55:38.109+0000] {logging_mixin.py:188} INFO - [2024-07-25T07:55:38.109+0000] {dag.py:3089} INFO - Sync 2 DAGs
[2024-07-25T07:55:38.117+0000] {logging_mixin.py:188} INFO - [2024-07-25T07:55:38.117+0000] {dag.py:3947} INFO - Setting next_dagrun for example_subdag_operator.section-1 to None, run_after=None
[2024-07-25T07:55:38.118+0000] {logging_mixin.py:188} INFO - [2024-07-25T07:55:38.118+0000] {dag.py:3947} INFO - Setting next_dagrun for example_subdag_operator.section-2 to None, run_after=None
[2024-07-25T07:55:38.134+0000] {processor.py:183} INFO - Processing /root/.cache/pypoetry/virtualenvs/freeprise-matchmaker-BsnH11MF-py3.8/lib/python3.8/site-packages/airflow/example_dags/example_subdag_operator.py took 0.222 seconds
[2024-07-25T07:56:08.178+0000] {processor.py:161} INFO - Started process (PID=3167) to work on /root/.cache/pypoetry/virtualenvs/freeprise-matchmaker-BsnH11MF-py3.8/lib/python3.8/site-packages/airflow/example_dags/example_subdag_operator.py
[2024-07-25T07:56:08.180+0000] {processor.py:830} INFO - Processing file /root/.cache/pypoetry/virtualenvs/freeprise-matchmaker-BsnH11MF-py3.8/lib/python3.8/site-packages/airflow/example_dags/example_subdag_operator.py for tasks to queue
[2024-07-25T07:56:08.182+0000] {logging_mixin.py:188} INFO - [2024-07-25T07:56:08.182+0000] {dagbag.py:545} INFO - Filling up the DagBag from /root/.cache/pypoetry/virtualenvs/freeprise-matchmaker-BsnH11MF-py3.8/lib/python3.8/site-packages/airflow/example_dags/example_subdag_operator.py
[2024-07-25T07:56:08.228+0000] {processor.py:840} INFO - DAG(s) 'example_subdag_operator.section-1', 'example_subdag_operator.section-2', 'example_subdag_operator' retrieved from /root/.cache/pypoetry/virtualenvs/freeprise-matchmaker-BsnH11MF-py3.8/lib/python3.8/site-packages/airflow/example_dags/example_subdag_operator.py
[2024-07-25T07:56:08.256+0000] {logging_mixin.py:188} INFO - [2024-07-25T07:56:08.256+0000] {dag.py:3089} INFO - Sync 3 DAGs
[2024-07-25T07:56:08.290+0000] {logging_mixin.py:188} INFO - [2024-07-25T07:56:08.289+0000] {dag.py:3947} INFO - Setting next_dagrun for example_subdag_operator to 2022-01-01 00:00:00+00:00, run_after=2022-01-01 00:00:00+00:00
[2024-07-25T07:56:08.295+0000] {logging_mixin.py:188} INFO - [2024-07-25T07:56:08.294+0000] {dag.py:3947} INFO - Setting next_dagrun for example_subdag_operator.section-1 to None, run_after=None
[2024-07-25T07:56:08.297+0000] {logging_mixin.py:188} INFO - [2024-07-25T07:56:08.296+0000] {dag.py:3947} INFO - Setting next_dagrun for example_subdag_operator.section-2 to None, run_after=None
[2024-07-25T07:56:08.307+0000] {logging_mixin.py:188} INFO - [2024-07-25T07:56:08.307+0000] {dag.py:3089} INFO - Sync 2 DAGs
[2024-07-25T07:56:08.315+0000] {logging_mixin.py:188} INFO - [2024-07-25T07:56:08.315+0000] {dag.py:3947} INFO - Setting next_dagrun for example_subdag_operator.section-1 to None, run_after=None
[2024-07-25T07:56:08.316+0000] {logging_mixin.py:188} INFO - [2024-07-25T07:56:08.316+0000] {dag.py:3947} INFO - Setting next_dagrun for example_subdag_operator.section-2 to None, run_after=None
[2024-07-25T07:56:08.330+0000] {processor.py:183} INFO - Processing /root/.cache/pypoetry/virtualenvs/freeprise-matchmaker-BsnH11MF-py3.8/lib/python3.8/site-packages/airflow/example_dags/example_subdag_operator.py took 0.164 seconds
[2024-07-25T07:56:38.399+0000] {processor.py:161} INFO - Started process (PID=3433) to work on /root/.cache/pypoetry/virtualenvs/freeprise-matchmaker-BsnH11MF-py3.8/lib/python3.8/site-packages/airflow/example_dags/example_subdag_operator.py
[2024-07-25T07:56:38.401+0000] {processor.py:830} INFO - Processing file /root/.cache/pypoetry/virtualenvs/freeprise-matchmaker-BsnH11MF-py3.8/lib/python3.8/site-packages/airflow/example_dags/example_subdag_operator.py for tasks to queue
[2024-07-25T07:56:38.404+0000] {logging_mixin.py:188} INFO - [2024-07-25T07:56:38.403+0000] {dagbag.py:545} INFO - Filling up the DagBag from /root/.cache/pypoetry/virtualenvs/freeprise-matchmaker-BsnH11MF-py3.8/lib/python3.8/site-packages/airflow/example_dags/example_subdag_operator.py
[2024-07-25T07:56:38.451+0000] {processor.py:840} INFO - DAG(s) 'example_subdag_operator.section-1', 'example_subdag_operator.section-2', 'example_subdag_operator' retrieved from /root/.cache/pypoetry/virtualenvs/freeprise-matchmaker-BsnH11MF-py3.8/lib/python3.8/site-packages/airflow/example_dags/example_subdag_operator.py
[2024-07-25T07:56:38.480+0000] {logging_mixin.py:188} INFO - [2024-07-25T07:56:38.479+0000] {dag.py:3089} INFO - Sync 3 DAGs
[2024-07-25T07:56:38.514+0000] {logging_mixin.py:188} INFO - [2024-07-25T07:56:38.514+0000] {dag.py:3947} INFO - Setting next_dagrun for example_subdag_operator to 2022-01-01 00:00:00+00:00, run_after=2022-01-01 00:00:00+00:00
[2024-07-25T07:56:38.522+0000] {logging_mixin.py:188} INFO - [2024-07-25T07:56:38.521+0000] {dag.py:3947} INFO - Setting next_dagrun for example_subdag_operator.section-1 to None, run_after=None
[2024-07-25T07:56:38.524+0000] {logging_mixin.py:188} INFO - [2024-07-25T07:56:38.524+0000] {dag.py:3947} INFO - Setting next_dagrun for example_subdag_operator.section-2 to None, run_after=None
[2024-07-25T07:56:38.543+0000] {logging_mixin.py:188} INFO - [2024-07-25T07:56:38.542+0000] {dag.py:3089} INFO - Sync 2 DAGs
[2024-07-25T07:56:38.555+0000] {logging_mixin.py:188} INFO - [2024-07-25T07:56:38.554+0000] {dag.py:3947} INFO - Setting next_dagrun for example_subdag_operator.section-1 to None, run_after=None
[2024-07-25T07:56:38.556+0000] {logging_mixin.py:188} INFO - [2024-07-25T07:56:38.555+0000] {dag.py:3947} INFO - Setting next_dagrun for example_subdag_operator.section-2 to None, run_after=None
[2024-07-25T07:56:38.578+0000] {processor.py:183} INFO - Processing /root/.cache/pypoetry/virtualenvs/freeprise-matchmaker-BsnH11MF-py3.8/lib/python3.8/site-packages/airflow/example_dags/example_subdag_operator.py took 0.192 seconds
[2024-07-25T07:57:08.717+0000] {processor.py:161} INFO - Started process (PID=3699) to work on /root/.cache/pypoetry/virtualenvs/freeprise-matchmaker-BsnH11MF-py3.8/lib/python3.8/site-packages/airflow/example_dags/example_subdag_operator.py
[2024-07-25T07:57:08.719+0000] {processor.py:830} INFO - Processing file /root/.cache/pypoetry/virtualenvs/freeprise-matchmaker-BsnH11MF-py3.8/lib/python3.8/site-packages/airflow/example_dags/example_subdag_operator.py for tasks to queue
[2024-07-25T07:57:08.722+0000] {logging_mixin.py:188} INFO - [2024-07-25T07:57:08.721+0000] {dagbag.py:545} INFO - Filling up the DagBag from /root/.cache/pypoetry/virtualenvs/freeprise-matchmaker-BsnH11MF-py3.8/lib/python3.8/site-packages/airflow/example_dags/example_subdag_operator.py
[2024-07-25T07:57:08.767+0000] {processor.py:840} INFO - DAG(s) 'example_subdag_operator.section-1', 'example_subdag_operator.section-2', 'example_subdag_operator' retrieved from /root/.cache/pypoetry/virtualenvs/freeprise-matchmaker-BsnH11MF-py3.8/lib/python3.8/site-packages/airflow/example_dags/example_subdag_operator.py
[2024-07-25T07:57:08.795+0000] {logging_mixin.py:188} INFO - [2024-07-25T07:57:08.795+0000] {dag.py:3089} INFO - Sync 3 DAGs
[2024-07-25T07:57:08.828+0000] {logging_mixin.py:188} INFO - [2024-07-25T07:57:08.828+0000] {dag.py:3947} INFO - Setting next_dagrun for example_subdag_operator to 2022-01-01 00:00:00+00:00, run_after=2022-01-01 00:00:00+00:00
[2024-07-25T07:57:08.835+0000] {logging_mixin.py:188} INFO - [2024-07-25T07:57:08.834+0000] {dag.py:3947} INFO - Setting next_dagrun for example_subdag_operator.section-1 to None, run_after=None
[2024-07-25T07:57:08.837+0000] {logging_mixin.py:188} INFO - [2024-07-25T07:57:08.836+0000] {dag.py:3947} INFO - Setting next_dagrun for example_subdag_operator.section-2 to None, run_after=None
[2024-07-25T07:57:08.847+0000] {logging_mixin.py:188} INFO - [2024-07-25T07:57:08.847+0000] {dag.py:3089} INFO - Sync 2 DAGs
[2024-07-25T07:57:08.855+0000] {logging_mixin.py:188} INFO - [2024-07-25T07:57:08.855+0000] {dag.py:3947} INFO - Setting next_dagrun for example_subdag_operator.section-1 to None, run_after=None
[2024-07-25T07:57:08.856+0000] {logging_mixin.py:188} INFO - [2024-07-25T07:57:08.855+0000] {dag.py:3947} INFO - Setting next_dagrun for example_subdag_operator.section-2 to None, run_after=None
[2024-07-25T07:57:08.870+0000] {processor.py:183} INFO - Processing /root/.cache/pypoetry/virtualenvs/freeprise-matchmaker-BsnH11MF-py3.8/lib/python3.8/site-packages/airflow/example_dags/example_subdag_operator.py took 0.165 seconds
[2024-07-25T07:57:39.015+0000] {processor.py:161} INFO - Started process (PID=3965) to work on /root/.cache/pypoetry/virtualenvs/freeprise-matchmaker-BsnH11MF-py3.8/lib/python3.8/site-packages/airflow/example_dags/example_subdag_operator.py
[2024-07-25T07:57:39.017+0000] {processor.py:830} INFO - Processing file /root/.cache/pypoetry/virtualenvs/freeprise-matchmaker-BsnH11MF-py3.8/lib/python3.8/site-packages/airflow/example_dags/example_subdag_operator.py for tasks to queue
[2024-07-25T07:57:39.020+0000] {logging_mixin.py:188} INFO - [2024-07-25T07:57:39.019+0000] {dagbag.py:545} INFO - Filling up the DagBag from /root/.cache/pypoetry/virtualenvs/freeprise-matchmaker-BsnH11MF-py3.8/lib/python3.8/site-packages/airflow/example_dags/example_subdag_operator.py
[2024-07-25T07:57:39.064+0000] {processor.py:840} INFO - DAG(s) 'example_subdag_operator.section-1', 'example_subdag_operator.section-2', 'example_subdag_operator' retrieved from /root/.cache/pypoetry/virtualenvs/freeprise-matchmaker-BsnH11MF-py3.8/lib/python3.8/site-packages/airflow/example_dags/example_subdag_operator.py
[2024-07-25T07:57:39.091+0000] {logging_mixin.py:188} INFO - [2024-07-25T07:57:39.091+0000] {dag.py:3089} INFO - Sync 3 DAGs
[2024-07-25T07:57:39.125+0000] {logging_mixin.py:188} INFO - [2024-07-25T07:57:39.125+0000] {dag.py:3947} INFO - Setting next_dagrun for example_subdag_operator to 2022-01-01 00:00:00+00:00, run_after=2022-01-01 00:00:00+00:00
[2024-07-25T07:57:39.131+0000] {logging_mixin.py:188} INFO - [2024-07-25T07:57:39.130+0000] {dag.py:3947} INFO - Setting next_dagrun for example_subdag_operator.section-1 to None, run_after=None
[2024-07-25T07:57:39.133+0000] {logging_mixin.py:188} INFO - [2024-07-25T07:57:39.133+0000] {dag.py:3947} INFO - Setting next_dagrun for example_subdag_operator.section-2 to None, run_after=None
[2024-07-25T07:57:39.143+0000] {logging_mixin.py:188} INFO - [2024-07-25T07:57:39.143+0000] {dag.py:3089} INFO - Sync 2 DAGs
[2024-07-25T07:57:39.151+0000] {logging_mixin.py:188} INFO - [2024-07-25T07:57:39.151+0000] {dag.py:3947} INFO - Setting next_dagrun for example_subdag_operator.section-1 to None, run_after=None
[2024-07-25T07:57:39.152+0000] {logging_mixin.py:188} INFO - [2024-07-25T07:57:39.151+0000] {dag.py:3947} INFO - Setting next_dagrun for example_subdag_operator.section-2 to None, run_after=None
[2024-07-25T07:57:39.167+0000] {processor.py:183} INFO - Processing /root/.cache/pypoetry/virtualenvs/freeprise-matchmaker-BsnH11MF-py3.8/lib/python3.8/site-packages/airflow/example_dags/example_subdag_operator.py took 0.163 seconds
[2024-07-25T07:58:09.366+0000] {processor.py:161} INFO - Started process (PID=4231) to work on /root/.cache/pypoetry/virtualenvs/freeprise-matchmaker-BsnH11MF-py3.8/lib/python3.8/site-packages/airflow/example_dags/example_subdag_operator.py
[2024-07-25T07:58:09.367+0000] {processor.py:830} INFO - Processing file /root/.cache/pypoetry/virtualenvs/freeprise-matchmaker-BsnH11MF-py3.8/lib/python3.8/site-packages/airflow/example_dags/example_subdag_operator.py for tasks to queue
[2024-07-25T07:58:09.370+0000] {logging_mixin.py:188} INFO - [2024-07-25T07:58:09.369+0000] {dagbag.py:545} INFO - Filling up the DagBag from /root/.cache/pypoetry/virtualenvs/freeprise-matchmaker-BsnH11MF-py3.8/lib/python3.8/site-packages/airflow/example_dags/example_subdag_operator.py
[2024-07-25T07:58:09.414+0000] {processor.py:840} INFO - DAG(s) 'example_subdag_operator.section-1', 'example_subdag_operator.section-2', 'example_subdag_operator' retrieved from /root/.cache/pypoetry/virtualenvs/freeprise-matchmaker-BsnH11MF-py3.8/lib/python3.8/site-packages/airflow/example_dags/example_subdag_operator.py
[2024-07-25T07:58:09.443+0000] {logging_mixin.py:188} INFO - [2024-07-25T07:58:09.443+0000] {dag.py:3089} INFO - Sync 3 DAGs
[2024-07-25T07:58:09.476+0000] {logging_mixin.py:188} INFO - [2024-07-25T07:58:09.476+0000] {dag.py:3947} INFO - Setting next_dagrun for example_subdag_operator to 2022-01-01 00:00:00+00:00, run_after=2022-01-01 00:00:00+00:00
[2024-07-25T07:58:09.481+0000] {logging_mixin.py:188} INFO - [2024-07-25T07:58:09.481+0000] {dag.py:3947} INFO - Setting next_dagrun for example_subdag_operator.section-1 to None, run_after=None
[2024-07-25T07:58:09.483+0000] {logging_mixin.py:188} INFO - [2024-07-25T07:58:09.483+0000] {dag.py:3947} INFO - Setting next_dagrun for example_subdag_operator.section-2 to None, run_after=None
[2024-07-25T07:58:09.494+0000] {logging_mixin.py:188} INFO - [2024-07-25T07:58:09.494+0000] {dag.py:3089} INFO - Sync 2 DAGs
[2024-07-25T07:58:09.502+0000] {logging_mixin.py:188} INFO - [2024-07-25T07:58:09.501+0000] {dag.py:3947} INFO - Setting next_dagrun for example_subdag_operator.section-1 to None, run_after=None
[2024-07-25T07:58:09.502+0000] {logging_mixin.py:188} INFO - [2024-07-25T07:58:09.502+0000] {dag.py:3947} INFO - Setting next_dagrun for example_subdag_operator.section-2 to None, run_after=None
[2024-07-25T07:58:09.518+0000] {processor.py:183} INFO - Processing /root/.cache/pypoetry/virtualenvs/freeprise-matchmaker-BsnH11MF-py3.8/lib/python3.8/site-packages/airflow/example_dags/example_subdag_operator.py took 0.164 seconds
[2024-07-25T07:58:39.578+0000] {processor.py:161} INFO - Started process (PID=4497) to work on /root/.cache/pypoetry/virtualenvs/freeprise-matchmaker-BsnH11MF-py3.8/lib/python3.8/site-packages/airflow/example_dags/example_subdag_operator.py
[2024-07-25T07:58:39.581+0000] {processor.py:830} INFO - Processing file /root/.cache/pypoetry/virtualenvs/freeprise-matchmaker-BsnH11MF-py3.8/lib/python3.8/site-packages/airflow/example_dags/example_subdag_operator.py for tasks to queue
[2024-07-25T07:58:39.583+0000] {logging_mixin.py:188} INFO - [2024-07-25T07:58:39.583+0000] {dagbag.py:545} INFO - Filling up the DagBag from /root/.cache/pypoetry/virtualenvs/freeprise-matchmaker-BsnH11MF-py3.8/lib/python3.8/site-packages/airflow/example_dags/example_subdag_operator.py
[2024-07-25T07:58:39.638+0000] {processor.py:840} INFO - DAG(s) 'example_subdag_operator.section-1', 'example_subdag_operator.section-2', 'example_subdag_operator' retrieved from /root/.cache/pypoetry/virtualenvs/freeprise-matchmaker-BsnH11MF-py3.8/lib/python3.8/site-packages/airflow/example_dags/example_subdag_operator.py
[2024-07-25T07:58:39.667+0000] {logging_mixin.py:188} INFO - [2024-07-25T07:58:39.666+0000] {dag.py:3089} INFO - Sync 3 DAGs
[2024-07-25T07:58:39.702+0000] {logging_mixin.py:188} INFO - [2024-07-25T07:58:39.701+0000] {dag.py:3947} INFO - Setting next_dagrun for example_subdag_operator to 2022-01-01 00:00:00+00:00, run_after=2022-01-01 00:00:00+00:00
[2024-07-25T07:58:39.709+0000] {logging_mixin.py:188} INFO - [2024-07-25T07:58:39.708+0000] {dag.py:3947} INFO - Setting next_dagrun for example_subdag_operator.section-1 to None, run_after=None
[2024-07-25T07:58:39.711+0000] {logging_mixin.py:188} INFO - [2024-07-25T07:58:39.711+0000] {dag.py:3947} INFO - Setting next_dagrun for example_subdag_operator.section-2 to None, run_after=None
[2024-07-25T07:58:39.725+0000] {logging_mixin.py:188} INFO - [2024-07-25T07:58:39.725+0000] {dag.py:3089} INFO - Sync 2 DAGs
[2024-07-25T07:58:39.734+0000] {logging_mixin.py:188} INFO - [2024-07-25T07:58:39.734+0000] {dag.py:3947} INFO - Setting next_dagrun for example_subdag_operator.section-1 to None, run_after=None
[2024-07-25T07:58:39.735+0000] {logging_mixin.py:188} INFO - [2024-07-25T07:58:39.735+0000] {dag.py:3947} INFO - Setting next_dagrun for example_subdag_operator.section-2 to None, run_after=None
[2024-07-25T07:58:39.751+0000] {processor.py:183} INFO - Processing /root/.cache/pypoetry/virtualenvs/freeprise-matchmaker-BsnH11MF-py3.8/lib/python3.8/site-packages/airflow/example_dags/example_subdag_operator.py took 0.189 seconds
[2024-07-25T07:59:09.836+0000] {processor.py:161} INFO - Started process (PID=4763) to work on /root/.cache/pypoetry/virtualenvs/freeprise-matchmaker-BsnH11MF-py3.8/lib/python3.8/site-packages/airflow/example_dags/example_subdag_operator.py
[2024-07-25T07:59:09.838+0000] {processor.py:830} INFO - Processing file /root/.cache/pypoetry/virtualenvs/freeprise-matchmaker-BsnH11MF-py3.8/lib/python3.8/site-packages/airflow/example_dags/example_subdag_operator.py for tasks to queue
[2024-07-25T07:59:09.841+0000] {logging_mixin.py:188} INFO - [2024-07-25T07:59:09.840+0000] {dagbag.py:545} INFO - Filling up the DagBag from /root/.cache/pypoetry/virtualenvs/freeprise-matchmaker-BsnH11MF-py3.8/lib/python3.8/site-packages/airflow/example_dags/example_subdag_operator.py
[2024-07-25T07:59:09.915+0000] {processor.py:840} INFO - DAG(s) 'example_subdag_operator.section-1', 'example_subdag_operator.section-2', 'example_subdag_operator' retrieved from /root/.cache/pypoetry/virtualenvs/freeprise-matchmaker-BsnH11MF-py3.8/lib/python3.8/site-packages/airflow/example_dags/example_subdag_operator.py
[2024-07-25T07:59:09.949+0000] {logging_mixin.py:188} INFO - [2024-07-25T07:59:09.949+0000] {dag.py:3089} INFO - Sync 3 DAGs
[2024-07-25T07:59:09.994+0000] {logging_mixin.py:188} INFO - [2024-07-25T07:59:09.993+0000] {dag.py:3947} INFO - Setting next_dagrun for example_subdag_operator to 2022-01-01 00:00:00+00:00, run_after=2022-01-01 00:00:00+00:00
[2024-07-25T07:59:10.006+0000] {logging_mixin.py:188} INFO - [2024-07-25T07:59:10.005+0000] {dag.py:3947} INFO - Setting next_dagrun for example_subdag_operator.section-1 to None, run_after=None
[2024-07-25T07:59:10.009+0000] {logging_mixin.py:188} INFO - [2024-07-25T07:59:10.008+0000] {dag.py:3947} INFO - Setting next_dagrun for example_subdag_operator.section-2 to None, run_after=None
[2024-07-25T07:59:10.024+0000] {logging_mixin.py:188} INFO - [2024-07-25T07:59:10.023+0000] {dag.py:3089} INFO - Sync 2 DAGs
[2024-07-25T07:59:10.035+0000] {logging_mixin.py:188} INFO - [2024-07-25T07:59:10.035+0000] {dag.py:3947} INFO - Setting next_dagrun for example_subdag_operator.section-1 to None, run_after=None
[2024-07-25T07:59:10.036+0000] {logging_mixin.py:188} INFO - [2024-07-25T07:59:10.036+0000] {dag.py:3947} INFO - Setting next_dagrun for example_subdag_operator.section-2 to None, run_after=None
[2024-07-25T07:59:10.059+0000] {processor.py:183} INFO - Processing /root/.cache/pypoetry/virtualenvs/freeprise-matchmaker-BsnH11MF-py3.8/lib/python3.8/site-packages/airflow/example_dags/example_subdag_operator.py took 0.236 seconds
[2024-07-25T07:59:40.318+0000] {processor.py:161} INFO - Started process (PID=5029) to work on /root/.cache/pypoetry/virtualenvs/freeprise-matchmaker-BsnH11MF-py3.8/lib/python3.8/site-packages/airflow/example_dags/example_subdag_operator.py
[2024-07-25T07:59:40.321+0000] {processor.py:830} INFO - Processing file /root/.cache/pypoetry/virtualenvs/freeprise-matchmaker-BsnH11MF-py3.8/lib/python3.8/site-packages/airflow/example_dags/example_subdag_operator.py for tasks to queue
[2024-07-25T07:59:40.325+0000] {logging_mixin.py:188} INFO - [2024-07-25T07:59:40.325+0000] {dagbag.py:545} INFO - Filling up the DagBag from /root/.cache/pypoetry/virtualenvs/freeprise-matchmaker-BsnH11MF-py3.8/lib/python3.8/site-packages/airflow/example_dags/example_subdag_operator.py
[2024-07-25T07:59:40.416+0000] {processor.py:840} INFO - DAG(s) 'example_subdag_operator.section-1', 'example_subdag_operator.section-2', 'example_subdag_operator' retrieved from /root/.cache/pypoetry/virtualenvs/freeprise-matchmaker-BsnH11MF-py3.8/lib/python3.8/site-packages/airflow/example_dags/example_subdag_operator.py
[2024-07-25T07:59:40.461+0000] {logging_mixin.py:188} INFO - [2024-07-25T07:59:40.461+0000] {dag.py:3089} INFO - Sync 3 DAGs
[2024-07-25T07:59:40.520+0000] {logging_mixin.py:188} INFO - [2024-07-25T07:59:40.519+0000] {dag.py:3947} INFO - Setting next_dagrun for example_subdag_operator to 2022-01-01 00:00:00+00:00, run_after=2022-01-01 00:00:00+00:00
[2024-07-25T07:59:40.529+0000] {logging_mixin.py:188} INFO - [2024-07-25T07:59:40.529+0000] {dag.py:3947} INFO - Setting next_dagrun for example_subdag_operator.section-1 to None, run_after=None
[2024-07-25T07:59:40.532+0000] {logging_mixin.py:188} INFO - [2024-07-25T07:59:40.531+0000] {dag.py:3947} INFO - Setting next_dagrun for example_subdag_operator.section-2 to None, run_after=None
[2024-07-25T07:59:40.548+0000] {logging_mixin.py:188} INFO - [2024-07-25T07:59:40.548+0000] {dag.py:3089} INFO - Sync 2 DAGs
[2024-07-25T07:59:40.561+0000] {logging_mixin.py:188} INFO - [2024-07-25T07:59:40.561+0000] {dag.py:3947} INFO - Setting next_dagrun for example_subdag_operator.section-1 to None, run_after=None
[2024-07-25T07:59:40.562+0000] {logging_mixin.py:188} INFO - [2024-07-25T07:59:40.562+0000] {dag.py:3947} INFO - Setting next_dagrun for example_subdag_operator.section-2 to None, run_after=None
[2024-07-25T07:59:40.586+0000] {processor.py:183} INFO - Processing /root/.cache/pypoetry/virtualenvs/freeprise-matchmaker-BsnH11MF-py3.8/lib/python3.8/site-packages/airflow/example_dags/example_subdag_operator.py took 0.285 seconds
[2024-07-25T08:00:11.003+0000] {processor.py:161} INFO - Started process (PID=5295) to work on /root/.cache/pypoetry/virtualenvs/freeprise-matchmaker-BsnH11MF-py3.8/lib/python3.8/site-packages/airflow/example_dags/example_subdag_operator.py
[2024-07-25T08:00:11.006+0000] {processor.py:830} INFO - Processing file /root/.cache/pypoetry/virtualenvs/freeprise-matchmaker-BsnH11MF-py3.8/lib/python3.8/site-packages/airflow/example_dags/example_subdag_operator.py for tasks to queue
[2024-07-25T08:00:11.008+0000] {logging_mixin.py:188} INFO - [2024-07-25T08:00:11.008+0000] {dagbag.py:545} INFO - Filling up the DagBag from /root/.cache/pypoetry/virtualenvs/freeprise-matchmaker-BsnH11MF-py3.8/lib/python3.8/site-packages/airflow/example_dags/example_subdag_operator.py
[2024-07-25T08:00:11.062+0000] {processor.py:840} INFO - DAG(s) 'example_subdag_operator.section-1', 'example_subdag_operator.section-2', 'example_subdag_operator' retrieved from /root/.cache/pypoetry/virtualenvs/freeprise-matchmaker-BsnH11MF-py3.8/lib/python3.8/site-packages/airflow/example_dags/example_subdag_operator.py
[2024-07-25T08:00:11.106+0000] {logging_mixin.py:188} INFO - [2024-07-25T08:00:11.106+0000] {dag.py:3089} INFO - Sync 3 DAGs
[2024-07-25T08:00:11.163+0000] {logging_mixin.py:188} INFO - [2024-07-25T08:00:11.163+0000] {dag.py:3947} INFO - Setting next_dagrun for example_subdag_operator to 2022-01-01 00:00:00+00:00, run_after=2022-01-01 00:00:00+00:00
[2024-07-25T08:00:11.170+0000] {logging_mixin.py:188} INFO - [2024-07-25T08:00:11.170+0000] {dag.py:3947} INFO - Setting next_dagrun for example_subdag_operator.section-1 to None, run_after=None
[2024-07-25T08:00:11.173+0000] {logging_mixin.py:188} INFO - [2024-07-25T08:00:11.173+0000] {dag.py:3947} INFO - Setting next_dagrun for example_subdag_operator.section-2 to None, run_after=None
[2024-07-25T08:00:11.190+0000] {logging_mixin.py:188} INFO - [2024-07-25T08:00:11.189+0000] {dag.py:3089} INFO - Sync 2 DAGs
[2024-07-25T08:00:11.202+0000] {logging_mixin.py:188} INFO - [2024-07-25T08:00:11.202+0000] {dag.py:3947} INFO - Setting next_dagrun for example_subdag_operator.section-1 to None, run_after=None
[2024-07-25T08:00:11.203+0000] {logging_mixin.py:188} INFO - [2024-07-25T08:00:11.203+0000] {dag.py:3947} INFO - Setting next_dagrun for example_subdag_operator.section-2 to None, run_after=None
[2024-07-25T08:00:11.225+0000] {processor.py:183} INFO - Processing /root/.cache/pypoetry/virtualenvs/freeprise-matchmaker-BsnH11MF-py3.8/lib/python3.8/site-packages/airflow/example_dags/example_subdag_operator.py took 0.236 seconds
[2024-07-25T08:00:41.830+0000] {processor.py:161} INFO - Started process (PID=5559) to work on /root/.cache/pypoetry/virtualenvs/freeprise-matchmaker-BsnH11MF-py3.8/lib/python3.8/site-packages/airflow/example_dags/example_subdag_operator.py
[2024-07-25T08:00:41.835+0000] {processor.py:830} INFO - Processing file /root/.cache/pypoetry/virtualenvs/freeprise-matchmaker-BsnH11MF-py3.8/lib/python3.8/site-packages/airflow/example_dags/example_subdag_operator.py for tasks to queue
[2024-07-25T08:00:41.843+0000] {logging_mixin.py:188} INFO - [2024-07-25T08:00:41.841+0000] {dagbag.py:545} INFO - Filling up the DagBag from /root/.cache/pypoetry/virtualenvs/freeprise-matchmaker-BsnH11MF-py3.8/lib/python3.8/site-packages/airflow/example_dags/example_subdag_operator.py
[2024-07-25T08:00:42.003+0000] {processor.py:840} INFO - DAG(s) 'example_subdag_operator.section-1', 'example_subdag_operator.section-2', 'example_subdag_operator' retrieved from /root/.cache/pypoetry/virtualenvs/freeprise-matchmaker-BsnH11MF-py3.8/lib/python3.8/site-packages/airflow/example_dags/example_subdag_operator.py
[2024-07-25T08:00:42.088+0000] {logging_mixin.py:188} INFO - [2024-07-25T08:00:42.087+0000] {dag.py:3089} INFO - Sync 3 DAGs
[2024-07-25T08:00:42.197+0000] {logging_mixin.py:188} INFO - [2024-07-25T08:00:42.196+0000] {dag.py:3947} INFO - Setting next_dagrun for example_subdag_operator to 2022-01-01 00:00:00+00:00, run_after=2022-01-01 00:00:00+00:00
[2024-07-25T08:00:42.210+0000] {logging_mixin.py:188} INFO - [2024-07-25T08:00:42.210+0000] {dag.py:3947} INFO - Setting next_dagrun for example_subdag_operator.section-1 to None, run_after=None
[2024-07-25T08:00:42.213+0000] {logging_mixin.py:188} INFO - [2024-07-25T08:00:42.213+0000] {dag.py:3947} INFO - Setting next_dagrun for example_subdag_operator.section-2 to None, run_after=None
[2024-07-25T08:00:42.246+0000] {logging_mixin.py:188} INFO - [2024-07-25T08:00:42.245+0000] {dag.py:3089} INFO - Sync 2 DAGs
[2024-07-25T08:00:42.275+0000] {logging_mixin.py:188} INFO - [2024-07-25T08:00:42.274+0000] {dag.py:3947} INFO - Setting next_dagrun for example_subdag_operator.section-1 to None, run_after=None
[2024-07-25T08:00:42.277+0000] {logging_mixin.py:188} INFO - [2024-07-25T08:00:42.276+0000] {dag.py:3947} INFO - Setting next_dagrun for example_subdag_operator.section-2 to None, run_after=None
[2024-07-25T08:00:42.319+0000] {processor.py:183} INFO - Processing /root/.cache/pypoetry/virtualenvs/freeprise-matchmaker-BsnH11MF-py3.8/lib/python3.8/site-packages/airflow/example_dags/example_subdag_operator.py took 0.532 seconds
[2024-07-25T08:01:12.498+0000] {processor.py:161} INFO - Started process (PID=5827) to work on /root/.cache/pypoetry/virtualenvs/freeprise-matchmaker-BsnH11MF-py3.8/lib/python3.8/site-packages/airflow/example_dags/example_subdag_operator.py
[2024-07-25T08:01:12.500+0000] {processor.py:830} INFO - Processing file /root/.cache/pypoetry/virtualenvs/freeprise-matchmaker-BsnH11MF-py3.8/lib/python3.8/site-packages/airflow/example_dags/example_subdag_operator.py for tasks to queue
[2024-07-25T08:01:12.503+0000] {logging_mixin.py:188} INFO - [2024-07-25T08:01:12.503+0000] {dagbag.py:545} INFO - Filling up the DagBag from /root/.cache/pypoetry/virtualenvs/freeprise-matchmaker-BsnH11MF-py3.8/lib/python3.8/site-packages/airflow/example_dags/example_subdag_operator.py
[2024-07-25T08:01:12.550+0000] {processor.py:840} INFO - DAG(s) 'example_subdag_operator.section-1', 'example_subdag_operator.section-2', 'example_subdag_operator' retrieved from /root/.cache/pypoetry/virtualenvs/freeprise-matchmaker-BsnH11MF-py3.8/lib/python3.8/site-packages/airflow/example_dags/example_subdag_operator.py
[2024-07-25T08:01:12.582+0000] {logging_mixin.py:188} INFO - [2024-07-25T08:01:12.582+0000] {dag.py:3089} INFO - Sync 3 DAGs
[2024-07-25T08:01:12.627+0000] {logging_mixin.py:188} INFO - [2024-07-25T08:01:12.627+0000] {dag.py:3947} INFO - Setting next_dagrun for example_subdag_operator to 2022-01-01 00:00:00+00:00, run_after=2022-01-01 00:00:00+00:00
[2024-07-25T08:01:12.634+0000] {logging_mixin.py:188} INFO - [2024-07-25T08:01:12.634+0000] {dag.py:3947} INFO - Setting next_dagrun for example_subdag_operator.section-1 to None, run_after=None
[2024-07-25T08:01:12.637+0000] {logging_mixin.py:188} INFO - [2024-07-25T08:01:12.636+0000] {dag.py:3947} INFO - Setting next_dagrun for example_subdag_operator.section-2 to None, run_after=None
[2024-07-25T08:01:12.652+0000] {logging_mixin.py:188} INFO - [2024-07-25T08:01:12.651+0000] {dag.py:3089} INFO - Sync 2 DAGs
[2024-07-25T08:01:12.663+0000] {logging_mixin.py:188} INFO - [2024-07-25T08:01:12.663+0000] {dag.py:3947} INFO - Setting next_dagrun for example_subdag_operator.section-1 to None, run_after=None
[2024-07-25T08:01:12.664+0000] {logging_mixin.py:188} INFO - [2024-07-25T08:01:12.664+0000] {dag.py:3947} INFO - Setting next_dagrun for example_subdag_operator.section-2 to None, run_after=None
[2024-07-25T08:01:12.685+0000] {processor.py:183} INFO - Processing /root/.cache/pypoetry/virtualenvs/freeprise-matchmaker-BsnH11MF-py3.8/lib/python3.8/site-packages/airflow/example_dags/example_subdag_operator.py took 0.199 seconds
