[2024-07-25T07:50:32.629+0000] {processor.py:161} INFO - Started process (PID=417) to work on /root/.cache/pypoetry/virtualenvs/freeprise-matchmaker-BsnH11MF-py3.8/lib/python3.8/site-packages/airflow/example_dags/example_bash_decorator.py
[2024-07-25T07:50:32.630+0000] {processor.py:830} INFO - Processing file /root/.cache/pypoetry/virtualenvs/freeprise-matchmaker-BsnH11MF-py3.8/lib/python3.8/site-packages/airflow/example_dags/example_bash_decorator.py for tasks to queue
[2024-07-25T07:50:32.633+0000] {logging_mixin.py:188} INFO - [2024-07-25T07:50:32.632+0000] {dagbag.py:545} INFO - Filling up the DagBag from /root/.cache/pypoetry/virtualenvs/freeprise-matchmaker-BsnH11MF-py3.8/lib/python3.8/site-packages/airflow/example_dags/example_bash_decorator.py
[2024-07-25T07:50:32.657+0000] {processor.py:840} INFO - DAG(s) 'example_bash_decorator' retrieved from /root/.cache/pypoetry/virtualenvs/freeprise-matchmaker-BsnH11MF-py3.8/lib/python3.8/site-packages/airflow/example_dags/example_bash_decorator.py
[2024-07-25T07:50:32.685+0000] {logging_mixin.py:188} INFO - [2024-07-25T07:50:32.684+0000] {dag.py:3089} INFO - Sync 1 DAGs
[2024-07-25T07:50:32.714+0000] {logging_mixin.py:188} INFO - [2024-07-25T07:50:32.713+0000] {dag.py:3947} INFO - Setting next_dagrun for example_bash_decorator to None, run_after=None
[2024-07-25T07:50:32.750+0000] {processor.py:183} INFO - Processing /root/.cache/pypoetry/virtualenvs/freeprise-matchmaker-BsnH11MF-py3.8/lib/python3.8/site-packages/airflow/example_dags/example_bash_decorator.py took 0.134 seconds
[2024-07-25T07:51:10.477+0000] {processor.py:161} INFO - Started process (PID=683) to work on /root/.cache/pypoetry/virtualenvs/freeprise-matchmaker-BsnH11MF-py3.8/lib/python3.8/site-packages/airflow/example_dags/example_bash_decorator.py
[2024-07-25T07:51:10.479+0000] {processor.py:830} INFO - Processing file /root/.cache/pypoetry/virtualenvs/freeprise-matchmaker-BsnH11MF-py3.8/lib/python3.8/site-packages/airflow/example_dags/example_bash_decorator.py for tasks to queue
[2024-07-25T07:51:10.481+0000] {logging_mixin.py:188} INFO - [2024-07-25T07:51:10.481+0000] {dagbag.py:545} INFO - Filling up the DagBag from /root/.cache/pypoetry/virtualenvs/freeprise-matchmaker-BsnH11MF-py3.8/lib/python3.8/site-packages/airflow/example_dags/example_bash_decorator.py
[2024-07-25T07:51:10.503+0000] {processor.py:840} INFO - DAG(s) 'example_bash_decorator' retrieved from /root/.cache/pypoetry/virtualenvs/freeprise-matchmaker-BsnH11MF-py3.8/lib/python3.8/site-packages/airflow/example_dags/example_bash_decorator.py
[2024-07-25T07:51:10.840+0000] {logging_mixin.py:188} INFO - [2024-07-25T07:51:10.839+0000] {dag.py:3089} INFO - Sync 1 DAGs
[2024-07-25T07:51:10.855+0000] {logging_mixin.py:188} INFO - [2024-07-25T07:51:10.855+0000] {dag.py:3947} INFO - Setting next_dagrun for example_bash_decorator to None, run_after=None
[2024-07-25T07:51:10.881+0000] {processor.py:183} INFO - Processing /root/.cache/pypoetry/virtualenvs/freeprise-matchmaker-BsnH11MF-py3.8/lib/python3.8/site-packages/airflow/example_dags/example_bash_decorator.py took 0.416 seconds
[2024-07-25T07:51:40.964+0000] {processor.py:161} INFO - Started process (PID=951) to work on /root/.cache/pypoetry/virtualenvs/freeprise-matchmaker-BsnH11MF-py3.8/lib/python3.8/site-packages/airflow/example_dags/example_bash_decorator.py
[2024-07-25T07:51:40.965+0000] {processor.py:830} INFO - Processing file /root/.cache/pypoetry/virtualenvs/freeprise-matchmaker-BsnH11MF-py3.8/lib/python3.8/site-packages/airflow/example_dags/example_bash_decorator.py for tasks to queue
[2024-07-25T07:51:40.968+0000] {logging_mixin.py:188} INFO - [2024-07-25T07:51:40.967+0000] {dagbag.py:545} INFO - Filling up the DagBag from /root/.cache/pypoetry/virtualenvs/freeprise-matchmaker-BsnH11MF-py3.8/lib/python3.8/site-packages/airflow/example_dags/example_bash_decorator.py
[2024-07-25T07:51:40.991+0000] {processor.py:840} INFO - DAG(s) 'example_bash_decorator' retrieved from /root/.cache/pypoetry/virtualenvs/freeprise-matchmaker-BsnH11MF-py3.8/lib/python3.8/site-packages/airflow/example_dags/example_bash_decorator.py
[2024-07-25T07:51:41.036+0000] {logging_mixin.py:188} INFO - [2024-07-25T07:51:41.035+0000] {dag.py:3089} INFO - Sync 1 DAGs
[2024-07-25T07:51:41.057+0000] {logging_mixin.py:188} INFO - [2024-07-25T07:51:41.057+0000] {dag.py:3947} INFO - Setting next_dagrun for example_bash_decorator to None, run_after=None
[2024-07-25T07:51:41.084+0000] {processor.py:183} INFO - Processing /root/.cache/pypoetry/virtualenvs/freeprise-matchmaker-BsnH11MF-py3.8/lib/python3.8/site-packages/airflow/example_dags/example_bash_decorator.py took 0.131 seconds
[2024-07-25T07:52:11.485+0000] {processor.py:161} INFO - Started process (PID=1217) to work on /root/.cache/pypoetry/virtualenvs/freeprise-matchmaker-BsnH11MF-py3.8/lib/python3.8/site-packages/airflow/example_dags/example_bash_decorator.py
[2024-07-25T07:52:11.488+0000] {processor.py:830} INFO - Processing file /root/.cache/pypoetry/virtualenvs/freeprise-matchmaker-BsnH11MF-py3.8/lib/python3.8/site-packages/airflow/example_dags/example_bash_decorator.py for tasks to queue
[2024-07-25T07:52:11.490+0000] {logging_mixin.py:188} INFO - [2024-07-25T07:52:11.490+0000] {dagbag.py:545} INFO - Filling up the DagBag from /root/.cache/pypoetry/virtualenvs/freeprise-matchmaker-BsnH11MF-py3.8/lib/python3.8/site-packages/airflow/example_dags/example_bash_decorator.py
[2024-07-25T07:52:11.513+0000] {processor.py:840} INFO - DAG(s) 'example_bash_decorator' retrieved from /root/.cache/pypoetry/virtualenvs/freeprise-matchmaker-BsnH11MF-py3.8/lib/python3.8/site-packages/airflow/example_dags/example_bash_decorator.py
[2024-07-25T07:52:11.560+0000] {logging_mixin.py:188} INFO - [2024-07-25T07:52:11.559+0000] {dag.py:3089} INFO - Sync 1 DAGs
[2024-07-25T07:52:11.580+0000] {logging_mixin.py:188} INFO - [2024-07-25T07:52:11.580+0000] {dag.py:3947} INFO - Setting next_dagrun for example_bash_decorator to None, run_after=None
[2024-07-25T07:52:11.608+0000] {processor.py:183} INFO - Processing /root/.cache/pypoetry/virtualenvs/freeprise-matchmaker-BsnH11MF-py3.8/lib/python3.8/site-packages/airflow/example_dags/example_bash_decorator.py took 0.134 seconds
[2024-07-25T07:52:41.922+0000] {processor.py:161} INFO - Started process (PID=1483) to work on /root/.cache/pypoetry/virtualenvs/freeprise-matchmaker-BsnH11MF-py3.8/lib/python3.8/site-packages/airflow/example_dags/example_bash_decorator.py
[2024-07-25T07:52:41.924+0000] {processor.py:830} INFO - Processing file /root/.cache/pypoetry/virtualenvs/freeprise-matchmaker-BsnH11MF-py3.8/lib/python3.8/site-packages/airflow/example_dags/example_bash_decorator.py for tasks to queue
[2024-07-25T07:52:41.926+0000] {logging_mixin.py:188} INFO - [2024-07-25T07:52:41.926+0000] {dagbag.py:545} INFO - Filling up the DagBag from /root/.cache/pypoetry/virtualenvs/freeprise-matchmaker-BsnH11MF-py3.8/lib/python3.8/site-packages/airflow/example_dags/example_bash_decorator.py
[2024-07-25T07:52:41.948+0000] {processor.py:840} INFO - DAG(s) 'example_bash_decorator' retrieved from /root/.cache/pypoetry/virtualenvs/freeprise-matchmaker-BsnH11MF-py3.8/lib/python3.8/site-packages/airflow/example_dags/example_bash_decorator.py
[2024-07-25T07:52:42.002+0000] {logging_mixin.py:188} INFO - [2024-07-25T07:52:42.002+0000] {dag.py:3089} INFO - Sync 1 DAGs
[2024-07-25T07:52:42.022+0000] {logging_mixin.py:188} INFO - [2024-07-25T07:52:42.022+0000] {dag.py:3947} INFO - Setting next_dagrun for example_bash_decorator to None, run_after=None
[2024-07-25T07:52:42.051+0000] {processor.py:183} INFO - Processing /root/.cache/pypoetry/virtualenvs/freeprise-matchmaker-BsnH11MF-py3.8/lib/python3.8/site-packages/airflow/example_dags/example_bash_decorator.py took 0.142 seconds
[2024-07-25T07:53:12.536+0000] {processor.py:161} INFO - Started process (PID=1749) to work on /root/.cache/pypoetry/virtualenvs/freeprise-matchmaker-BsnH11MF-py3.8/lib/python3.8/site-packages/airflow/example_dags/example_bash_decorator.py
[2024-07-25T07:53:12.539+0000] {processor.py:830} INFO - Processing file /root/.cache/pypoetry/virtualenvs/freeprise-matchmaker-BsnH11MF-py3.8/lib/python3.8/site-packages/airflow/example_dags/example_bash_decorator.py for tasks to queue
[2024-07-25T07:53:12.541+0000] {logging_mixin.py:188} INFO - [2024-07-25T07:53:12.541+0000] {dagbag.py:545} INFO - Filling up the DagBag from /root/.cache/pypoetry/virtualenvs/freeprise-matchmaker-BsnH11MF-py3.8/lib/python3.8/site-packages/airflow/example_dags/example_bash_decorator.py
[2024-07-25T07:53:12.564+0000] {processor.py:840} INFO - DAG(s) 'example_bash_decorator' retrieved from /root/.cache/pypoetry/virtualenvs/freeprise-matchmaker-BsnH11MF-py3.8/lib/python3.8/site-packages/airflow/example_dags/example_bash_decorator.py
[2024-07-25T07:53:12.611+0000] {logging_mixin.py:188} INFO - [2024-07-25T07:53:12.610+0000] {dag.py:3089} INFO - Sync 1 DAGs
[2024-07-25T07:53:12.632+0000] {logging_mixin.py:188} INFO - [2024-07-25T07:53:12.632+0000] {dag.py:3947} INFO - Setting next_dagrun for example_bash_decorator to None, run_after=None
[2024-07-25T07:53:12.662+0000] {processor.py:183} INFO - Processing /root/.cache/pypoetry/virtualenvs/freeprise-matchmaker-BsnH11MF-py3.8/lib/python3.8/site-packages/airflow/example_dags/example_bash_decorator.py took 0.138 seconds
[2024-07-25T07:53:43.033+0000] {processor.py:161} INFO - Started process (PID=2015) to work on /root/.cache/pypoetry/virtualenvs/freeprise-matchmaker-BsnH11MF-py3.8/lib/python3.8/site-packages/airflow/example_dags/example_bash_decorator.py
[2024-07-25T07:53:43.035+0000] {processor.py:830} INFO - Processing file /root/.cache/pypoetry/virtualenvs/freeprise-matchmaker-BsnH11MF-py3.8/lib/python3.8/site-packages/airflow/example_dags/example_bash_decorator.py for tasks to queue
[2024-07-25T07:53:43.038+0000] {logging_mixin.py:188} INFO - [2024-07-25T07:53:43.037+0000] {dagbag.py:545} INFO - Filling up the DagBag from /root/.cache/pypoetry/virtualenvs/freeprise-matchmaker-BsnH11MF-py3.8/lib/python3.8/site-packages/airflow/example_dags/example_bash_decorator.py
[2024-07-25T07:53:43.061+0000] {processor.py:840} INFO - DAG(s) 'example_bash_decorator' retrieved from /root/.cache/pypoetry/virtualenvs/freeprise-matchmaker-BsnH11MF-py3.8/lib/python3.8/site-packages/airflow/example_dags/example_bash_decorator.py
[2024-07-25T07:53:43.107+0000] {logging_mixin.py:188} INFO - [2024-07-25T07:53:43.107+0000] {dag.py:3089} INFO - Sync 1 DAGs
[2024-07-25T07:53:43.128+0000] {logging_mixin.py:188} INFO - [2024-07-25T07:53:43.128+0000] {dag.py:3947} INFO - Setting next_dagrun for example_bash_decorator to None, run_after=None
[2024-07-25T07:53:43.156+0000] {processor.py:183} INFO - Processing /root/.cache/pypoetry/virtualenvs/freeprise-matchmaker-BsnH11MF-py3.8/lib/python3.8/site-packages/airflow/example_dags/example_bash_decorator.py took 0.135 seconds
[2024-07-25T07:54:13.442+0000] {processor.py:161} INFO - Started process (PID=2279) to work on /root/.cache/pypoetry/virtualenvs/freeprise-matchmaker-BsnH11MF-py3.8/lib/python3.8/site-packages/airflow/example_dags/example_bash_decorator.py
[2024-07-25T07:54:13.444+0000] {processor.py:830} INFO - Processing file /root/.cache/pypoetry/virtualenvs/freeprise-matchmaker-BsnH11MF-py3.8/lib/python3.8/site-packages/airflow/example_dags/example_bash_decorator.py for tasks to queue
[2024-07-25T07:54:13.447+0000] {logging_mixin.py:188} INFO - [2024-07-25T07:54:13.446+0000] {dagbag.py:545} INFO - Filling up the DagBag from /root/.cache/pypoetry/virtualenvs/freeprise-matchmaker-BsnH11MF-py3.8/lib/python3.8/site-packages/airflow/example_dags/example_bash_decorator.py
[2024-07-25T07:54:13.471+0000] {processor.py:840} INFO - DAG(s) 'example_bash_decorator' retrieved from /root/.cache/pypoetry/virtualenvs/freeprise-matchmaker-BsnH11MF-py3.8/lib/python3.8/site-packages/airflow/example_dags/example_bash_decorator.py
[2024-07-25T07:54:13.524+0000] {logging_mixin.py:188} INFO - [2024-07-25T07:54:13.523+0000] {dag.py:3089} INFO - Sync 1 DAGs
[2024-07-25T07:54:13.545+0000] {logging_mixin.py:188} INFO - [2024-07-25T07:54:13.544+0000] {dag.py:3947} INFO - Setting next_dagrun for example_bash_decorator to None, run_after=None
[2024-07-25T07:54:13.572+0000] {processor.py:183} INFO - Processing /root/.cache/pypoetry/virtualenvs/freeprise-matchmaker-BsnH11MF-py3.8/lib/python3.8/site-packages/airflow/example_dags/example_bash_decorator.py took 0.143 seconds
[2024-07-25T07:54:44.195+0000] {processor.py:161} INFO - Started process (PID=2547) to work on /root/.cache/pypoetry/virtualenvs/freeprise-matchmaker-BsnH11MF-py3.8/lib/python3.8/site-packages/airflow/example_dags/example_bash_decorator.py
[2024-07-25T07:54:44.196+0000] {processor.py:830} INFO - Processing file /root/.cache/pypoetry/virtualenvs/freeprise-matchmaker-BsnH11MF-py3.8/lib/python3.8/site-packages/airflow/example_dags/example_bash_decorator.py for tasks to queue
[2024-07-25T07:54:44.199+0000] {logging_mixin.py:188} INFO - [2024-07-25T07:54:44.198+0000] {dagbag.py:545} INFO - Filling up the DagBag from /root/.cache/pypoetry/virtualenvs/freeprise-matchmaker-BsnH11MF-py3.8/lib/python3.8/site-packages/airflow/example_dags/example_bash_decorator.py
[2024-07-25T07:54:44.221+0000] {processor.py:840} INFO - DAG(s) 'example_bash_decorator' retrieved from /root/.cache/pypoetry/virtualenvs/freeprise-matchmaker-BsnH11MF-py3.8/lib/python3.8/site-packages/airflow/example_dags/example_bash_decorator.py
[2024-07-25T07:54:44.267+0000] {logging_mixin.py:188} INFO - [2024-07-25T07:54:44.267+0000] {dag.py:3089} INFO - Sync 1 DAGs
[2024-07-25T07:54:44.287+0000] {logging_mixin.py:188} INFO - [2024-07-25T07:54:44.287+0000] {dag.py:3947} INFO - Setting next_dagrun for example_bash_decorator to None, run_after=None
[2024-07-25T07:54:44.315+0000] {processor.py:183} INFO - Processing /root/.cache/pypoetry/virtualenvs/freeprise-matchmaker-BsnH11MF-py3.8/lib/python3.8/site-packages/airflow/example_dags/example_bash_decorator.py took 0.132 seconds
[2024-07-25T07:55:15.288+0000] {processor.py:161} INFO - Started process (PID=2813) to work on /root/.cache/pypoetry/virtualenvs/freeprise-matchmaker-BsnH11MF-py3.8/lib/python3.8/site-packages/airflow/example_dags/example_bash_decorator.py
[2024-07-25T07:55:15.290+0000] {processor.py:830} INFO - Processing file /root/.cache/pypoetry/virtualenvs/freeprise-matchmaker-BsnH11MF-py3.8/lib/python3.8/site-packages/airflow/example_dags/example_bash_decorator.py for tasks to queue
[2024-07-25T07:55:15.293+0000] {logging_mixin.py:188} INFO - [2024-07-25T07:55:15.292+0000] {dagbag.py:545} INFO - Filling up the DagBag from /root/.cache/pypoetry/virtualenvs/freeprise-matchmaker-BsnH11MF-py3.8/lib/python3.8/site-packages/airflow/example_dags/example_bash_decorator.py
[2024-07-25T07:55:15.316+0000] {processor.py:840} INFO - DAG(s) 'example_bash_decorator' retrieved from /root/.cache/pypoetry/virtualenvs/freeprise-matchmaker-BsnH11MF-py3.8/lib/python3.8/site-packages/airflow/example_dags/example_bash_decorator.py
[2024-07-25T07:55:15.363+0000] {logging_mixin.py:188} INFO - [2024-07-25T07:55:15.362+0000] {dag.py:3089} INFO - Sync 1 DAGs
[2024-07-25T07:55:15.384+0000] {logging_mixin.py:188} INFO - [2024-07-25T07:55:15.383+0000] {dag.py:3947} INFO - Setting next_dagrun for example_bash_decorator to None, run_after=None
[2024-07-25T07:55:15.410+0000] {processor.py:183} INFO - Processing /root/.cache/pypoetry/virtualenvs/freeprise-matchmaker-BsnH11MF-py3.8/lib/python3.8/site-packages/airflow/example_dags/example_bash_decorator.py took 0.133 seconds
[2024-07-25T07:55:45.648+0000] {processor.py:161} INFO - Started process (PID=3077) to work on /root/.cache/pypoetry/virtualenvs/freeprise-matchmaker-BsnH11MF-py3.8/lib/python3.8/site-packages/airflow/example_dags/example_bash_decorator.py
[2024-07-25T07:55:45.649+0000] {processor.py:830} INFO - Processing file /root/.cache/pypoetry/virtualenvs/freeprise-matchmaker-BsnH11MF-py3.8/lib/python3.8/site-packages/airflow/example_dags/example_bash_decorator.py for tasks to queue
[2024-07-25T07:55:45.651+0000] {logging_mixin.py:188} INFO - [2024-07-25T07:55:45.651+0000] {dagbag.py:545} INFO - Filling up the DagBag from /root/.cache/pypoetry/virtualenvs/freeprise-matchmaker-BsnH11MF-py3.8/lib/python3.8/site-packages/airflow/example_dags/example_bash_decorator.py
[2024-07-25T07:55:45.675+0000] {processor.py:840} INFO - DAG(s) 'example_bash_decorator' retrieved from /root/.cache/pypoetry/virtualenvs/freeprise-matchmaker-BsnH11MF-py3.8/lib/python3.8/site-packages/airflow/example_dags/example_bash_decorator.py
[2024-07-25T07:55:45.730+0000] {logging_mixin.py:188} INFO - [2024-07-25T07:55:45.729+0000] {dag.py:3089} INFO - Sync 1 DAGs
[2024-07-25T07:55:45.754+0000] {logging_mixin.py:188} INFO - [2024-07-25T07:55:45.753+0000] {dag.py:3947} INFO - Setting next_dagrun for example_bash_decorator to None, run_after=None
[2024-07-25T07:55:45.783+0000] {processor.py:183} INFO - Processing /root/.cache/pypoetry/virtualenvs/freeprise-matchmaker-BsnH11MF-py3.8/lib/python3.8/site-packages/airflow/example_dags/example_bash_decorator.py took 0.147 seconds
[2024-07-25T07:56:16.318+0000] {processor.py:161} INFO - Started process (PID=3343) to work on /root/.cache/pypoetry/virtualenvs/freeprise-matchmaker-BsnH11MF-py3.8/lib/python3.8/site-packages/airflow/example_dags/example_bash_decorator.py
[2024-07-25T07:56:16.321+0000] {processor.py:830} INFO - Processing file /root/.cache/pypoetry/virtualenvs/freeprise-matchmaker-BsnH11MF-py3.8/lib/python3.8/site-packages/airflow/example_dags/example_bash_decorator.py for tasks to queue
[2024-07-25T07:56:16.324+0000] {logging_mixin.py:188} INFO - [2024-07-25T07:56:16.323+0000] {dagbag.py:545} INFO - Filling up the DagBag from /root/.cache/pypoetry/virtualenvs/freeprise-matchmaker-BsnH11MF-py3.8/lib/python3.8/site-packages/airflow/example_dags/example_bash_decorator.py
[2024-07-25T07:56:16.350+0000] {processor.py:840} INFO - DAG(s) 'example_bash_decorator' retrieved from /root/.cache/pypoetry/virtualenvs/freeprise-matchmaker-BsnH11MF-py3.8/lib/python3.8/site-packages/airflow/example_dags/example_bash_decorator.py
[2024-07-25T07:56:16.412+0000] {logging_mixin.py:188} INFO - [2024-07-25T07:56:16.412+0000] {dag.py:3089} INFO - Sync 1 DAGs
[2024-07-25T07:56:16.441+0000] {logging_mixin.py:188} INFO - [2024-07-25T07:56:16.441+0000] {dag.py:3947} INFO - Setting next_dagrun for example_bash_decorator to None, run_after=None
[2024-07-25T07:56:16.479+0000] {processor.py:183} INFO - Processing /root/.cache/pypoetry/virtualenvs/freeprise-matchmaker-BsnH11MF-py3.8/lib/python3.8/site-packages/airflow/example_dags/example_bash_decorator.py took 0.177 seconds
[2024-07-25T07:56:47.023+0000] {processor.py:161} INFO - Started process (PID=3609) to work on /root/.cache/pypoetry/virtualenvs/freeprise-matchmaker-BsnH11MF-py3.8/lib/python3.8/site-packages/airflow/example_dags/example_bash_decorator.py
[2024-07-25T07:56:47.025+0000] {processor.py:830} INFO - Processing file /root/.cache/pypoetry/virtualenvs/freeprise-matchmaker-BsnH11MF-py3.8/lib/python3.8/site-packages/airflow/example_dags/example_bash_decorator.py for tasks to queue
[2024-07-25T07:56:47.028+0000] {logging_mixin.py:188} INFO - [2024-07-25T07:56:47.027+0000] {dagbag.py:545} INFO - Filling up the DagBag from /root/.cache/pypoetry/virtualenvs/freeprise-matchmaker-BsnH11MF-py3.8/lib/python3.8/site-packages/airflow/example_dags/example_bash_decorator.py
[2024-07-25T07:56:47.055+0000] {processor.py:840} INFO - DAG(s) 'example_bash_decorator' retrieved from /root/.cache/pypoetry/virtualenvs/freeprise-matchmaker-BsnH11MF-py3.8/lib/python3.8/site-packages/airflow/example_dags/example_bash_decorator.py
[2024-07-25T07:56:47.110+0000] {logging_mixin.py:188} INFO - [2024-07-25T07:56:47.110+0000] {dag.py:3089} INFO - Sync 1 DAGs
[2024-07-25T07:56:47.133+0000] {logging_mixin.py:188} INFO - [2024-07-25T07:56:47.133+0000] {dag.py:3947} INFO - Setting next_dagrun for example_bash_decorator to None, run_after=None
[2024-07-25T07:56:47.164+0000] {processor.py:183} INFO - Processing /root/.cache/pypoetry/virtualenvs/freeprise-matchmaker-BsnH11MF-py3.8/lib/python3.8/site-packages/airflow/example_dags/example_bash_decorator.py took 0.153 seconds
[2024-07-25T07:57:17.465+0000] {processor.py:161} INFO - Started process (PID=3875) to work on /root/.cache/pypoetry/virtualenvs/freeprise-matchmaker-BsnH11MF-py3.8/lib/python3.8/site-packages/airflow/example_dags/example_bash_decorator.py
[2024-07-25T07:57:17.467+0000] {processor.py:830} INFO - Processing file /root/.cache/pypoetry/virtualenvs/freeprise-matchmaker-BsnH11MF-py3.8/lib/python3.8/site-packages/airflow/example_dags/example_bash_decorator.py for tasks to queue
[2024-07-25T07:57:17.470+0000] {logging_mixin.py:188} INFO - [2024-07-25T07:57:17.470+0000] {dagbag.py:545} INFO - Filling up the DagBag from /root/.cache/pypoetry/virtualenvs/freeprise-matchmaker-BsnH11MF-py3.8/lib/python3.8/site-packages/airflow/example_dags/example_bash_decorator.py
[2024-07-25T07:57:17.501+0000] {processor.py:840} INFO - DAG(s) 'example_bash_decorator' retrieved from /root/.cache/pypoetry/virtualenvs/freeprise-matchmaker-BsnH11MF-py3.8/lib/python3.8/site-packages/airflow/example_dags/example_bash_decorator.py
[2024-07-25T07:57:17.552+0000] {logging_mixin.py:188} INFO - [2024-07-25T07:57:17.552+0000] {dag.py:3089} INFO - Sync 1 DAGs
[2024-07-25T07:57:17.575+0000] {logging_mixin.py:188} INFO - [2024-07-25T07:57:17.574+0000] {dag.py:3947} INFO - Setting next_dagrun for example_bash_decorator to None, run_after=None
[2024-07-25T07:57:17.603+0000] {processor.py:183} INFO - Processing /root/.cache/pypoetry/virtualenvs/freeprise-matchmaker-BsnH11MF-py3.8/lib/python3.8/site-packages/airflow/example_dags/example_bash_decorator.py took 0.152 seconds
[2024-07-25T07:57:47.837+0000] {processor.py:161} INFO - Started process (PID=4141) to work on /root/.cache/pypoetry/virtualenvs/freeprise-matchmaker-BsnH11MF-py3.8/lib/python3.8/site-packages/airflow/example_dags/example_bash_decorator.py
[2024-07-25T07:57:47.840+0000] {processor.py:830} INFO - Processing file /root/.cache/pypoetry/virtualenvs/freeprise-matchmaker-BsnH11MF-py3.8/lib/python3.8/site-packages/airflow/example_dags/example_bash_decorator.py for tasks to queue
[2024-07-25T07:57:47.843+0000] {logging_mixin.py:188} INFO - [2024-07-25T07:57:47.842+0000] {dagbag.py:545} INFO - Filling up the DagBag from /root/.cache/pypoetry/virtualenvs/freeprise-matchmaker-BsnH11MF-py3.8/lib/python3.8/site-packages/airflow/example_dags/example_bash_decorator.py
[2024-07-25T07:57:47.866+0000] {processor.py:840} INFO - DAG(s) 'example_bash_decorator' retrieved from /root/.cache/pypoetry/virtualenvs/freeprise-matchmaker-BsnH11MF-py3.8/lib/python3.8/site-packages/airflow/example_dags/example_bash_decorator.py
[2024-07-25T07:57:47.911+0000] {logging_mixin.py:188} INFO - [2024-07-25T07:57:47.910+0000] {dag.py:3089} INFO - Sync 1 DAGs
[2024-07-25T07:57:47.934+0000] {logging_mixin.py:188} INFO - [2024-07-25T07:57:47.933+0000] {dag.py:3947} INFO - Setting next_dagrun for example_bash_decorator to None, run_after=None
[2024-07-25T07:57:47.968+0000] {processor.py:183} INFO - Processing /root/.cache/pypoetry/virtualenvs/freeprise-matchmaker-BsnH11MF-py3.8/lib/python3.8/site-packages/airflow/example_dags/example_bash_decorator.py took 0.146 seconds
[2024-07-25T07:58:18.416+0000] {processor.py:161} INFO - Started process (PID=4407) to work on /root/.cache/pypoetry/virtualenvs/freeprise-matchmaker-BsnH11MF-py3.8/lib/python3.8/site-packages/airflow/example_dags/example_bash_decorator.py
[2024-07-25T07:58:18.417+0000] {processor.py:830} INFO - Processing file /root/.cache/pypoetry/virtualenvs/freeprise-matchmaker-BsnH11MF-py3.8/lib/python3.8/site-packages/airflow/example_dags/example_bash_decorator.py for tasks to queue
[2024-07-25T07:58:18.419+0000] {logging_mixin.py:188} INFO - [2024-07-25T07:58:18.419+0000] {dagbag.py:545} INFO - Filling up the DagBag from /root/.cache/pypoetry/virtualenvs/freeprise-matchmaker-BsnH11MF-py3.8/lib/python3.8/site-packages/airflow/example_dags/example_bash_decorator.py
[2024-07-25T07:58:18.443+0000] {processor.py:840} INFO - DAG(s) 'example_bash_decorator' retrieved from /root/.cache/pypoetry/virtualenvs/freeprise-matchmaker-BsnH11MF-py3.8/lib/python3.8/site-packages/airflow/example_dags/example_bash_decorator.py
[2024-07-25T07:58:18.492+0000] {logging_mixin.py:188} INFO - [2024-07-25T07:58:18.491+0000] {dag.py:3089} INFO - Sync 1 DAGs
[2024-07-25T07:58:18.514+0000] {logging_mixin.py:188} INFO - [2024-07-25T07:58:18.513+0000] {dag.py:3947} INFO - Setting next_dagrun for example_bash_decorator to None, run_after=None
[2024-07-25T07:58:18.542+0000] {processor.py:183} INFO - Processing /root/.cache/pypoetry/virtualenvs/freeprise-matchmaker-BsnH11MF-py3.8/lib/python3.8/site-packages/airflow/example_dags/example_bash_decorator.py took 0.140 seconds
[2024-07-25T07:58:48.839+0000] {processor.py:161} INFO - Started process (PID=4673) to work on /root/.cache/pypoetry/virtualenvs/freeprise-matchmaker-BsnH11MF-py3.8/lib/python3.8/site-packages/airflow/example_dags/example_bash_decorator.py
[2024-07-25T07:58:48.841+0000] {processor.py:830} INFO - Processing file /root/.cache/pypoetry/virtualenvs/freeprise-matchmaker-BsnH11MF-py3.8/lib/python3.8/site-packages/airflow/example_dags/example_bash_decorator.py for tasks to queue
[2024-07-25T07:58:48.843+0000] {logging_mixin.py:188} INFO - [2024-07-25T07:58:48.843+0000] {dagbag.py:545} INFO - Filling up the DagBag from /root/.cache/pypoetry/virtualenvs/freeprise-matchmaker-BsnH11MF-py3.8/lib/python3.8/site-packages/airflow/example_dags/example_bash_decorator.py
[2024-07-25T07:58:48.868+0000] {processor.py:840} INFO - DAG(s) 'example_bash_decorator' retrieved from /root/.cache/pypoetry/virtualenvs/freeprise-matchmaker-BsnH11MF-py3.8/lib/python3.8/site-packages/airflow/example_dags/example_bash_decorator.py
[2024-07-25T07:58:48.917+0000] {logging_mixin.py:188} INFO - [2024-07-25T07:58:48.916+0000] {dag.py:3089} INFO - Sync 1 DAGs
[2024-07-25T07:58:48.938+0000] {logging_mixin.py:188} INFO - [2024-07-25T07:58:48.938+0000] {dag.py:3947} INFO - Setting next_dagrun for example_bash_decorator to None, run_after=None
[2024-07-25T07:58:48.970+0000] {processor.py:183} INFO - Processing /root/.cache/pypoetry/virtualenvs/freeprise-matchmaker-BsnH11MF-py3.8/lib/python3.8/site-packages/airflow/example_dags/example_bash_decorator.py took 0.145 seconds
[2024-07-25T07:59:19.522+0000] {processor.py:161} INFO - Started process (PID=4941) to work on /root/.cache/pypoetry/virtualenvs/freeprise-matchmaker-BsnH11MF-py3.8/lib/python3.8/site-packages/airflow/example_dags/example_bash_decorator.py
[2024-07-25T07:59:19.524+0000] {processor.py:830} INFO - Processing file /root/.cache/pypoetry/virtualenvs/freeprise-matchmaker-BsnH11MF-py3.8/lib/python3.8/site-packages/airflow/example_dags/example_bash_decorator.py for tasks to queue
[2024-07-25T07:59:19.528+0000] {logging_mixin.py:188} INFO - [2024-07-25T07:59:19.527+0000] {dagbag.py:545} INFO - Filling up the DagBag from /root/.cache/pypoetry/virtualenvs/freeprise-matchmaker-BsnH11MF-py3.8/lib/python3.8/site-packages/airflow/example_dags/example_bash_decorator.py
[2024-07-25T07:59:19.555+0000] {processor.py:840} INFO - DAG(s) 'example_bash_decorator' retrieved from /root/.cache/pypoetry/virtualenvs/freeprise-matchmaker-BsnH11MF-py3.8/lib/python3.8/site-packages/airflow/example_dags/example_bash_decorator.py
[2024-07-25T07:59:19.604+0000] {logging_mixin.py:188} INFO - [2024-07-25T07:59:19.604+0000] {dag.py:3089} INFO - Sync 1 DAGs
[2024-07-25T07:59:19.624+0000] {logging_mixin.py:188} INFO - [2024-07-25T07:59:19.624+0000] {dag.py:3947} INFO - Setting next_dagrun for example_bash_decorator to None, run_after=None
[2024-07-25T07:59:19.652+0000] {processor.py:183} INFO - Processing /root/.cache/pypoetry/virtualenvs/freeprise-matchmaker-BsnH11MF-py3.8/lib/python3.8/site-packages/airflow/example_dags/example_bash_decorator.py took 0.147 seconds
[2024-07-25T07:59:50.442+0000] {processor.py:161} INFO - Started process (PID=5205) to work on /root/.cache/pypoetry/virtualenvs/freeprise-matchmaker-BsnH11MF-py3.8/lib/python3.8/site-packages/airflow/example_dags/example_bash_decorator.py
[2024-07-25T07:59:50.444+0000] {processor.py:830} INFO - Processing file /root/.cache/pypoetry/virtualenvs/freeprise-matchmaker-BsnH11MF-py3.8/lib/python3.8/site-packages/airflow/example_dags/example_bash_decorator.py for tasks to queue
[2024-07-25T07:59:50.448+0000] {logging_mixin.py:188} INFO - [2024-07-25T07:59:50.447+0000] {dagbag.py:545} INFO - Filling up the DagBag from /root/.cache/pypoetry/virtualenvs/freeprise-matchmaker-BsnH11MF-py3.8/lib/python3.8/site-packages/airflow/example_dags/example_bash_decorator.py
[2024-07-25T07:59:50.490+0000] {processor.py:840} INFO - DAG(s) 'example_bash_decorator' retrieved from /root/.cache/pypoetry/virtualenvs/freeprise-matchmaker-BsnH11MF-py3.8/lib/python3.8/site-packages/airflow/example_dags/example_bash_decorator.py
[2024-07-25T07:59:50.569+0000] {logging_mixin.py:188} INFO - [2024-07-25T07:59:50.569+0000] {dag.py:3089} INFO - Sync 1 DAGs
[2024-07-25T07:59:50.604+0000] {logging_mixin.py:188} INFO - [2024-07-25T07:59:50.603+0000] {dag.py:3947} INFO - Setting next_dagrun for example_bash_decorator to None, run_after=None
[2024-07-25T07:59:50.646+0000] {processor.py:183} INFO - Processing /root/.cache/pypoetry/virtualenvs/freeprise-matchmaker-BsnH11MF-py3.8/lib/python3.8/site-packages/airflow/example_dags/example_bash_decorator.py took 0.221 seconds
[2024-07-25T08:00:21.262+0000] {processor.py:161} INFO - Started process (PID=5471) to work on /root/.cache/pypoetry/virtualenvs/freeprise-matchmaker-BsnH11MF-py3.8/lib/python3.8/site-packages/airflow/example_dags/example_bash_decorator.py
[2024-07-25T08:00:21.265+0000] {processor.py:830} INFO - Processing file /root/.cache/pypoetry/virtualenvs/freeprise-matchmaker-BsnH11MF-py3.8/lib/python3.8/site-packages/airflow/example_dags/example_bash_decorator.py for tasks to queue
[2024-07-25T08:00:21.267+0000] {logging_mixin.py:188} INFO - [2024-07-25T08:00:21.267+0000] {dagbag.py:545} INFO - Filling up the DagBag from /root/.cache/pypoetry/virtualenvs/freeprise-matchmaker-BsnH11MF-py3.8/lib/python3.8/site-packages/airflow/example_dags/example_bash_decorator.py
[2024-07-25T08:00:21.295+0000] {processor.py:840} INFO - DAG(s) 'example_bash_decorator' retrieved from /root/.cache/pypoetry/virtualenvs/freeprise-matchmaker-BsnH11MF-py3.8/lib/python3.8/site-packages/airflow/example_dags/example_bash_decorator.py
[2024-07-25T08:00:21.359+0000] {logging_mixin.py:188} INFO - [2024-07-25T08:00:21.358+0000] {dag.py:3089} INFO - Sync 1 DAGs
[2024-07-25T08:00:21.387+0000] {logging_mixin.py:188} INFO - [2024-07-25T08:00:21.386+0000] {dag.py:3947} INFO - Setting next_dagrun for example_bash_decorator to None, run_after=None
[2024-07-25T08:00:21.428+0000] {processor.py:183} INFO - Processing /root/.cache/pypoetry/virtualenvs/freeprise-matchmaker-BsnH11MF-py3.8/lib/python3.8/site-packages/airflow/example_dags/example_bash_decorator.py took 0.178 seconds
[2024-07-25T08:00:55.817+0000] {processor.py:161} INFO - Started process (PID=5737) to work on /root/.cache/pypoetry/virtualenvs/freeprise-matchmaker-BsnH11MF-py3.8/lib/python3.8/site-packages/airflow/example_dags/example_bash_decorator.py
[2024-07-25T08:00:55.820+0000] {processor.py:830} INFO - Processing file /root/.cache/pypoetry/virtualenvs/freeprise-matchmaker-BsnH11MF-py3.8/lib/python3.8/site-packages/airflow/example_dags/example_bash_decorator.py for tasks to queue
[2024-07-25T08:00:55.823+0000] {logging_mixin.py:188} INFO - [2024-07-25T08:00:55.823+0000] {dagbag.py:545} INFO - Filling up the DagBag from /root/.cache/pypoetry/virtualenvs/freeprise-matchmaker-BsnH11MF-py3.8/lib/python3.8/site-packages/airflow/example_dags/example_bash_decorator.py
[2024-07-25T08:00:55.864+0000] {processor.py:840} INFO - DAG(s) 'example_bash_decorator' retrieved from /root/.cache/pypoetry/virtualenvs/freeprise-matchmaker-BsnH11MF-py3.8/lib/python3.8/site-packages/airflow/example_dags/example_bash_decorator.py
[2024-07-25T08:00:55.932+0000] {logging_mixin.py:188} INFO - [2024-07-25T08:00:55.931+0000] {dag.py:3089} INFO - Sync 1 DAGs
[2024-07-25T08:00:55.957+0000] {logging_mixin.py:188} INFO - [2024-07-25T08:00:55.957+0000] {dag.py:3947} INFO - Setting next_dagrun for example_bash_decorator to None, run_after=None
[2024-07-25T08:00:55.990+0000] {processor.py:183} INFO - Processing /root/.cache/pypoetry/virtualenvs/freeprise-matchmaker-BsnH11MF-py3.8/lib/python3.8/site-packages/airflow/example_dags/example_bash_decorator.py took 0.189 seconds
