[2024-07-25T07:50:32.245+0000] {processor.py:161} INFO - Started process (PID=397) to work on /root/.cache/pypoetry/virtualenvs/freeprise-matchmaker-BsnH11MF-py3.8/lib/python3.8/site-packages/airflow/example_dags/example_branch_operator.py
[2024-07-25T07:50:32.246+0000] {processor.py:830} INFO - Processing file /root/.cache/pypoetry/virtualenvs/freeprise-matchmaker-BsnH11MF-py3.8/lib/python3.8/site-packages/airflow/example_dags/example_branch_operator.py for tasks to queue
[2024-07-25T07:50:32.249+0000] {logging_mixin.py:188} INFO - [2024-07-25T07:50:32.249+0000] {dagbag.py:545} INFO - Filling up the DagBag from /root/.cache/pypoetry/virtualenvs/freeprise-matchmaker-BsnH11MF-py3.8/lib/python3.8/site-packages/airflow/example_dags/example_branch_operator.py
[2024-07-25T07:50:32.279+0000] {processor.py:840} INFO - DAG(s) 'example_branch_operator' retrieved from /root/.cache/pypoetry/virtualenvs/freeprise-matchmaker-BsnH11MF-py3.8/lib/python3.8/site-packages/airflow/example_dags/example_branch_operator.py
[2024-07-25T07:50:32.309+0000] {logging_mixin.py:188} INFO - [2024-07-25T07:50:32.309+0000] {dag.py:3089} INFO - Sync 1 DAGs
[2024-07-25T07:50:32.357+0000] {logging_mixin.py:188} INFO - [2024-07-25T07:50:32.357+0000] {dag.py:3947} INFO - Setting next_dagrun for example_branch_operator to 2024-07-24 00:00:00+00:00, run_after=2024-07-25 00:00:00+00:00
[2024-07-25T07:50:32.396+0000] {processor.py:183} INFO - Processing /root/.cache/pypoetry/virtualenvs/freeprise-matchmaker-BsnH11MF-py3.8/lib/python3.8/site-packages/airflow/example_dags/example_branch_operator.py took 0.164 seconds
[2024-07-25T07:51:09.463+0000] {processor.py:161} INFO - Started process (PID=663) to work on /root/.cache/pypoetry/virtualenvs/freeprise-matchmaker-BsnH11MF-py3.8/lib/python3.8/site-packages/airflow/example_dags/example_branch_operator.py
[2024-07-25T07:51:09.465+0000] {processor.py:830} INFO - Processing file /root/.cache/pypoetry/virtualenvs/freeprise-matchmaker-BsnH11MF-py3.8/lib/python3.8/site-packages/airflow/example_dags/example_branch_operator.py for tasks to queue
[2024-07-25T07:51:09.467+0000] {logging_mixin.py:188} INFO - [2024-07-25T07:51:09.467+0000] {dagbag.py:545} INFO - Filling up the DagBag from /root/.cache/pypoetry/virtualenvs/freeprise-matchmaker-BsnH11MF-py3.8/lib/python3.8/site-packages/airflow/example_dags/example_branch_operator.py
[2024-07-25T07:51:09.507+0000] {processor.py:840} INFO - DAG(s) 'example_branch_operator' retrieved from /root/.cache/pypoetry/virtualenvs/freeprise-matchmaker-BsnH11MF-py3.8/lib/python3.8/site-packages/airflow/example_dags/example_branch_operator.py
[2024-07-25T07:51:09.843+0000] {logging_mixin.py:188} INFO - [2024-07-25T07:51:09.842+0000] {dag.py:3089} INFO - Sync 1 DAGs
[2024-07-25T07:51:09.880+0000] {logging_mixin.py:188} INFO - [2024-07-25T07:51:09.879+0000] {dag.py:3947} INFO - Setting next_dagrun for example_branch_operator to 2024-07-24 00:00:00+00:00, run_after=2024-07-25 00:00:00+00:00
[2024-07-25T07:51:09.910+0000] {processor.py:183} INFO - Processing /root/.cache/pypoetry/virtualenvs/freeprise-matchmaker-BsnH11MF-py3.8/lib/python3.8/site-packages/airflow/example_dags/example_branch_operator.py took 0.461 seconds
[2024-07-25T07:51:40.564+0000] {processor.py:161} INFO - Started process (PID=931) to work on /root/.cache/pypoetry/virtualenvs/freeprise-matchmaker-BsnH11MF-py3.8/lib/python3.8/site-packages/airflow/example_dags/example_branch_operator.py
[2024-07-25T07:51:40.566+0000] {processor.py:830} INFO - Processing file /root/.cache/pypoetry/virtualenvs/freeprise-matchmaker-BsnH11MF-py3.8/lib/python3.8/site-packages/airflow/example_dags/example_branch_operator.py for tasks to queue
[2024-07-25T07:51:40.570+0000] {logging_mixin.py:188} INFO - [2024-07-25T07:51:40.569+0000] {dagbag.py:545} INFO - Filling up the DagBag from /root/.cache/pypoetry/virtualenvs/freeprise-matchmaker-BsnH11MF-py3.8/lib/python3.8/site-packages/airflow/example_dags/example_branch_operator.py
[2024-07-25T07:51:40.613+0000] {processor.py:840} INFO - DAG(s) 'example_branch_operator' retrieved from /root/.cache/pypoetry/virtualenvs/freeprise-matchmaker-BsnH11MF-py3.8/lib/python3.8/site-packages/airflow/example_dags/example_branch_operator.py
[2024-07-25T07:51:40.677+0000] {logging_mixin.py:188} INFO - [2024-07-25T07:51:40.677+0000] {dag.py:3089} INFO - Sync 1 DAGs
[2024-07-25T07:51:40.713+0000] {logging_mixin.py:188} INFO - [2024-07-25T07:51:40.713+0000] {dag.py:3947} INFO - Setting next_dagrun for example_branch_operator to 2024-07-24 00:00:00+00:00, run_after=2024-07-25 00:00:00+00:00
[2024-07-25T07:51:40.748+0000] {processor.py:183} INFO - Processing /root/.cache/pypoetry/virtualenvs/freeprise-matchmaker-BsnH11MF-py3.8/lib/python3.8/site-packages/airflow/example_dags/example_branch_operator.py took 0.198 seconds
[2024-07-25T07:52:11.066+0000] {processor.py:161} INFO - Started process (PID=1197) to work on /root/.cache/pypoetry/virtualenvs/freeprise-matchmaker-BsnH11MF-py3.8/lib/python3.8/site-packages/airflow/example_dags/example_branch_operator.py
[2024-07-25T07:52:11.069+0000] {processor.py:830} INFO - Processing file /root/.cache/pypoetry/virtualenvs/freeprise-matchmaker-BsnH11MF-py3.8/lib/python3.8/site-packages/airflow/example_dags/example_branch_operator.py for tasks to queue
[2024-07-25T07:52:11.072+0000] {logging_mixin.py:188} INFO - [2024-07-25T07:52:11.072+0000] {dagbag.py:545} INFO - Filling up the DagBag from /root/.cache/pypoetry/virtualenvs/freeprise-matchmaker-BsnH11MF-py3.8/lib/python3.8/site-packages/airflow/example_dags/example_branch_operator.py
[2024-07-25T07:52:11.114+0000] {processor.py:840} INFO - DAG(s) 'example_branch_operator' retrieved from /root/.cache/pypoetry/virtualenvs/freeprise-matchmaker-BsnH11MF-py3.8/lib/python3.8/site-packages/airflow/example_dags/example_branch_operator.py
[2024-07-25T07:52:11.177+0000] {logging_mixin.py:188} INFO - [2024-07-25T07:52:11.177+0000] {dag.py:3089} INFO - Sync 1 DAGs
[2024-07-25T07:52:11.214+0000] {logging_mixin.py:188} INFO - [2024-07-25T07:52:11.214+0000] {dag.py:3947} INFO - Setting next_dagrun for example_branch_operator to 2024-07-24 00:00:00+00:00, run_after=2024-07-25 00:00:00+00:00
[2024-07-25T07:52:11.248+0000] {processor.py:183} INFO - Processing /root/.cache/pypoetry/virtualenvs/freeprise-matchmaker-BsnH11MF-py3.8/lib/python3.8/site-packages/airflow/example_dags/example_branch_operator.py took 0.199 seconds
[2024-07-25T07:52:41.368+0000] {processor.py:161} INFO - Started process (PID=1463) to work on /root/.cache/pypoetry/virtualenvs/freeprise-matchmaker-BsnH11MF-py3.8/lib/python3.8/site-packages/airflow/example_dags/example_branch_operator.py
[2024-07-25T07:52:41.369+0000] {processor.py:830} INFO - Processing file /root/.cache/pypoetry/virtualenvs/freeprise-matchmaker-BsnH11MF-py3.8/lib/python3.8/site-packages/airflow/example_dags/example_branch_operator.py for tasks to queue
[2024-07-25T07:52:41.372+0000] {logging_mixin.py:188} INFO - [2024-07-25T07:52:41.371+0000] {dagbag.py:545} INFO - Filling up the DagBag from /root/.cache/pypoetry/virtualenvs/freeprise-matchmaker-BsnH11MF-py3.8/lib/python3.8/site-packages/airflow/example_dags/example_branch_operator.py
[2024-07-25T07:52:41.401+0000] {processor.py:840} INFO - DAG(s) 'example_branch_operator' retrieved from /root/.cache/pypoetry/virtualenvs/freeprise-matchmaker-BsnH11MF-py3.8/lib/python3.8/site-packages/airflow/example_dags/example_branch_operator.py
[2024-07-25T07:52:41.460+0000] {logging_mixin.py:188} INFO - [2024-07-25T07:52:41.460+0000] {dag.py:3089} INFO - Sync 1 DAGs
[2024-07-25T07:52:41.496+0000] {logging_mixin.py:188} INFO - [2024-07-25T07:52:41.495+0000] {dag.py:3947} INFO - Setting next_dagrun for example_branch_operator to 2024-07-24 00:00:00+00:00, run_after=2024-07-25 00:00:00+00:00
[2024-07-25T07:52:41.523+0000] {processor.py:183} INFO - Processing /root/.cache/pypoetry/virtualenvs/freeprise-matchmaker-BsnH11MF-py3.8/lib/python3.8/site-packages/airflow/example_dags/example_branch_operator.py took 0.169 seconds
[2024-07-25T07:53:12.137+0000] {processor.py:161} INFO - Started process (PID=1729) to work on /root/.cache/pypoetry/virtualenvs/freeprise-matchmaker-BsnH11MF-py3.8/lib/python3.8/site-packages/airflow/example_dags/example_branch_operator.py
[2024-07-25T07:53:12.139+0000] {processor.py:830} INFO - Processing file /root/.cache/pypoetry/virtualenvs/freeprise-matchmaker-BsnH11MF-py3.8/lib/python3.8/site-packages/airflow/example_dags/example_branch_operator.py for tasks to queue
[2024-07-25T07:53:12.142+0000] {logging_mixin.py:188} INFO - [2024-07-25T07:53:12.141+0000] {dagbag.py:545} INFO - Filling up the DagBag from /root/.cache/pypoetry/virtualenvs/freeprise-matchmaker-BsnH11MF-py3.8/lib/python3.8/site-packages/airflow/example_dags/example_branch_operator.py
[2024-07-25T07:53:12.173+0000] {processor.py:840} INFO - DAG(s) 'example_branch_operator' retrieved from /root/.cache/pypoetry/virtualenvs/freeprise-matchmaker-BsnH11MF-py3.8/lib/python3.8/site-packages/airflow/example_dags/example_branch_operator.py
[2024-07-25T07:53:12.234+0000] {logging_mixin.py:188} INFO - [2024-07-25T07:53:12.234+0000] {dag.py:3089} INFO - Sync 1 DAGs
[2024-07-25T07:53:12.273+0000] {logging_mixin.py:188} INFO - [2024-07-25T07:53:12.273+0000] {dag.py:3947} INFO - Setting next_dagrun for example_branch_operator to 2024-07-24 00:00:00+00:00, run_after=2024-07-25 00:00:00+00:00
[2024-07-25T07:53:12.309+0000] {processor.py:183} INFO - Processing /root/.cache/pypoetry/virtualenvs/freeprise-matchmaker-BsnH11MF-py3.8/lib/python3.8/site-packages/airflow/example_dags/example_branch_operator.py took 0.185 seconds
[2024-07-25T07:53:42.653+0000] {processor.py:161} INFO - Started process (PID=2000) to work on /root/.cache/pypoetry/virtualenvs/freeprise-matchmaker-BsnH11MF-py3.8/lib/python3.8/site-packages/airflow/example_dags/example_branch_operator.py
[2024-07-25T07:53:42.655+0000] {processor.py:830} INFO - Processing file /root/.cache/pypoetry/virtualenvs/freeprise-matchmaker-BsnH11MF-py3.8/lib/python3.8/site-packages/airflow/example_dags/example_branch_operator.py for tasks to queue
[2024-07-25T07:53:42.659+0000] {logging_mixin.py:188} INFO - [2024-07-25T07:53:42.658+0000] {dagbag.py:545} INFO - Filling up the DagBag from /root/.cache/pypoetry/virtualenvs/freeprise-matchmaker-BsnH11MF-py3.8/lib/python3.8/site-packages/airflow/example_dags/example_branch_operator.py
[2024-07-25T07:53:42.700+0000] {processor.py:840} INFO - DAG(s) 'example_branch_operator' retrieved from /root/.cache/pypoetry/virtualenvs/freeprise-matchmaker-BsnH11MF-py3.8/lib/python3.8/site-packages/airflow/example_dags/example_branch_operator.py
[2024-07-25T07:53:42.763+0000] {logging_mixin.py:188} INFO - [2024-07-25T07:53:42.763+0000] {dag.py:3089} INFO - Sync 1 DAGs
[2024-07-25T07:53:42.798+0000] {logging_mixin.py:188} INFO - [2024-07-25T07:53:42.798+0000] {dag.py:3947} INFO - Setting next_dagrun for example_branch_operator to 2024-07-24 00:00:00+00:00, run_after=2024-07-25 00:00:00+00:00
[2024-07-25T07:53:42.826+0000] {processor.py:183} INFO - Processing /root/.cache/pypoetry/virtualenvs/freeprise-matchmaker-BsnH11MF-py3.8/lib/python3.8/site-packages/airflow/example_dags/example_branch_operator.py took 0.190 seconds
[2024-07-25T07:54:12.978+0000] {processor.py:161} INFO - Started process (PID=2259) to work on /root/.cache/pypoetry/virtualenvs/freeprise-matchmaker-BsnH11MF-py3.8/lib/python3.8/site-packages/airflow/example_dags/example_branch_operator.py
[2024-07-25T07:54:12.981+0000] {processor.py:830} INFO - Processing file /root/.cache/pypoetry/virtualenvs/freeprise-matchmaker-BsnH11MF-py3.8/lib/python3.8/site-packages/airflow/example_dags/example_branch_operator.py for tasks to queue
[2024-07-25T07:54:12.985+0000] {logging_mixin.py:188} INFO - [2024-07-25T07:54:12.984+0000] {dagbag.py:545} INFO - Filling up the DagBag from /root/.cache/pypoetry/virtualenvs/freeprise-matchmaker-BsnH11MF-py3.8/lib/python3.8/site-packages/airflow/example_dags/example_branch_operator.py
[2024-07-25T07:54:13.023+0000] {processor.py:840} INFO - DAG(s) 'example_branch_operator' retrieved from /root/.cache/pypoetry/virtualenvs/freeprise-matchmaker-BsnH11MF-py3.8/lib/python3.8/site-packages/airflow/example_dags/example_branch_operator.py
[2024-07-25T07:54:13.101+0000] {logging_mixin.py:188} INFO - [2024-07-25T07:54:13.100+0000] {dag.py:3089} INFO - Sync 1 DAGs
[2024-07-25T07:54:13.147+0000] {logging_mixin.py:188} INFO - [2024-07-25T07:54:13.147+0000] {dag.py:3947} INFO - Setting next_dagrun for example_branch_operator to 2024-07-24 00:00:00+00:00, run_after=2024-07-25 00:00:00+00:00
[2024-07-25T07:54:13.178+0000] {processor.py:183} INFO - Processing /root/.cache/pypoetry/virtualenvs/freeprise-matchmaker-BsnH11MF-py3.8/lib/python3.8/site-packages/airflow/example_dags/example_branch_operator.py took 0.215 seconds
[2024-07-25T07:54:43.799+0000] {processor.py:161} INFO - Started process (PID=2527) to work on /root/.cache/pypoetry/virtualenvs/freeprise-matchmaker-BsnH11MF-py3.8/lib/python3.8/site-packages/airflow/example_dags/example_branch_operator.py
[2024-07-25T07:54:43.800+0000] {processor.py:830} INFO - Processing file /root/.cache/pypoetry/virtualenvs/freeprise-matchmaker-BsnH11MF-py3.8/lib/python3.8/site-packages/airflow/example_dags/example_branch_operator.py for tasks to queue
[2024-07-25T07:54:43.804+0000] {logging_mixin.py:188} INFO - [2024-07-25T07:54:43.803+0000] {dagbag.py:545} INFO - Filling up the DagBag from /root/.cache/pypoetry/virtualenvs/freeprise-matchmaker-BsnH11MF-py3.8/lib/python3.8/site-packages/airflow/example_dags/example_branch_operator.py
[2024-07-25T07:54:43.843+0000] {processor.py:840} INFO - DAG(s) 'example_branch_operator' retrieved from /root/.cache/pypoetry/virtualenvs/freeprise-matchmaker-BsnH11MF-py3.8/lib/python3.8/site-packages/airflow/example_dags/example_branch_operator.py
[2024-07-25T07:54:43.902+0000] {logging_mixin.py:188} INFO - [2024-07-25T07:54:43.901+0000] {dag.py:3089} INFO - Sync 1 DAGs
[2024-07-25T07:54:43.939+0000] {logging_mixin.py:188} INFO - [2024-07-25T07:54:43.938+0000] {dag.py:3947} INFO - Setting next_dagrun for example_branch_operator to 2024-07-24 00:00:00+00:00, run_after=2024-07-25 00:00:00+00:00
[2024-07-25T07:54:43.969+0000] {processor.py:183} INFO - Processing /root/.cache/pypoetry/virtualenvs/freeprise-matchmaker-BsnH11MF-py3.8/lib/python3.8/site-packages/airflow/example_dags/example_branch_operator.py took 0.185 seconds
[2024-07-25T07:55:14.883+0000] {processor.py:161} INFO - Started process (PID=2793) to work on /root/.cache/pypoetry/virtualenvs/freeprise-matchmaker-BsnH11MF-py3.8/lib/python3.8/site-packages/airflow/example_dags/example_branch_operator.py
[2024-07-25T07:55:14.885+0000] {processor.py:830} INFO - Processing file /root/.cache/pypoetry/virtualenvs/freeprise-matchmaker-BsnH11MF-py3.8/lib/python3.8/site-packages/airflow/example_dags/example_branch_operator.py for tasks to queue
[2024-07-25T07:55:14.888+0000] {logging_mixin.py:188} INFO - [2024-07-25T07:55:14.887+0000] {dagbag.py:545} INFO - Filling up the DagBag from /root/.cache/pypoetry/virtualenvs/freeprise-matchmaker-BsnH11MF-py3.8/lib/python3.8/site-packages/airflow/example_dags/example_branch_operator.py
[2024-07-25T07:55:14.930+0000] {processor.py:840} INFO - DAG(s) 'example_branch_operator' retrieved from /root/.cache/pypoetry/virtualenvs/freeprise-matchmaker-BsnH11MF-py3.8/lib/python3.8/site-packages/airflow/example_dags/example_branch_operator.py
[2024-07-25T07:55:14.992+0000] {logging_mixin.py:188} INFO - [2024-07-25T07:55:14.992+0000] {dag.py:3089} INFO - Sync 1 DAGs
[2024-07-25T07:55:15.032+0000] {logging_mixin.py:188} INFO - [2024-07-25T07:55:15.031+0000] {dag.py:3947} INFO - Setting next_dagrun for example_branch_operator to 2024-07-24 00:00:00+00:00, run_after=2024-07-25 00:00:00+00:00
[2024-07-25T07:55:15.062+0000] {processor.py:183} INFO - Processing /root/.cache/pypoetry/virtualenvs/freeprise-matchmaker-BsnH11MF-py3.8/lib/python3.8/site-packages/airflow/example_dags/example_branch_operator.py took 0.190 seconds
[2024-07-25T07:55:45.186+0000] {processor.py:161} INFO - Started process (PID=3057) to work on /root/.cache/pypoetry/virtualenvs/freeprise-matchmaker-BsnH11MF-py3.8/lib/python3.8/site-packages/airflow/example_dags/example_branch_operator.py
[2024-07-25T07:55:45.187+0000] {processor.py:830} INFO - Processing file /root/.cache/pypoetry/virtualenvs/freeprise-matchmaker-BsnH11MF-py3.8/lib/python3.8/site-packages/airflow/example_dags/example_branch_operator.py for tasks to queue
[2024-07-25T07:55:45.191+0000] {logging_mixin.py:188} INFO - [2024-07-25T07:55:45.190+0000] {dagbag.py:545} INFO - Filling up the DagBag from /root/.cache/pypoetry/virtualenvs/freeprise-matchmaker-BsnH11MF-py3.8/lib/python3.8/site-packages/airflow/example_dags/example_branch_operator.py
[2024-07-25T07:55:45.231+0000] {processor.py:840} INFO - DAG(s) 'example_branch_operator' retrieved from /root/.cache/pypoetry/virtualenvs/freeprise-matchmaker-BsnH11MF-py3.8/lib/python3.8/site-packages/airflow/example_dags/example_branch_operator.py
[2024-07-25T07:55:45.293+0000] {logging_mixin.py:188} INFO - [2024-07-25T07:55:45.293+0000] {dag.py:3089} INFO - Sync 1 DAGs
[2024-07-25T07:55:45.332+0000] {logging_mixin.py:188} INFO - [2024-07-25T07:55:45.332+0000] {dag.py:3947} INFO - Setting next_dagrun for example_branch_operator to 2024-07-24 00:00:00+00:00, run_after=2024-07-25 00:00:00+00:00
[2024-07-25T07:55:45.362+0000] {processor.py:183} INFO - Processing /root/.cache/pypoetry/virtualenvs/freeprise-matchmaker-BsnH11MF-py3.8/lib/python3.8/site-packages/airflow/example_dags/example_branch_operator.py took 0.192 seconds
[2024-07-25T07:56:15.875+0000] {processor.py:161} INFO - Started process (PID=3325) to work on /root/.cache/pypoetry/virtualenvs/freeprise-matchmaker-BsnH11MF-py3.8/lib/python3.8/site-packages/airflow/example_dags/example_branch_operator.py
[2024-07-25T07:56:15.878+0000] {processor.py:830} INFO - Processing file /root/.cache/pypoetry/virtualenvs/freeprise-matchmaker-BsnH11MF-py3.8/lib/python3.8/site-packages/airflow/example_dags/example_branch_operator.py for tasks to queue
[2024-07-25T07:56:15.880+0000] {logging_mixin.py:188} INFO - [2024-07-25T07:56:15.880+0000] {dagbag.py:545} INFO - Filling up the DagBag from /root/.cache/pypoetry/virtualenvs/freeprise-matchmaker-BsnH11MF-py3.8/lib/python3.8/site-packages/airflow/example_dags/example_branch_operator.py
[2024-07-25T07:56:15.909+0000] {processor.py:840} INFO - DAG(s) 'example_branch_operator' retrieved from /root/.cache/pypoetry/virtualenvs/freeprise-matchmaker-BsnH11MF-py3.8/lib/python3.8/site-packages/airflow/example_dags/example_branch_operator.py
[2024-07-25T07:56:15.967+0000] {logging_mixin.py:188} INFO - [2024-07-25T07:56:15.966+0000] {dag.py:3089} INFO - Sync 1 DAGs
[2024-07-25T07:56:16.001+0000] {logging_mixin.py:188} INFO - [2024-07-25T07:56:16.001+0000] {dag.py:3947} INFO - Setting next_dagrun for example_branch_operator to 2024-07-24 00:00:00+00:00, run_after=2024-07-25 00:00:00+00:00
[2024-07-25T07:56:16.032+0000] {processor.py:183} INFO - Processing /root/.cache/pypoetry/virtualenvs/freeprise-matchmaker-BsnH11MF-py3.8/lib/python3.8/site-packages/airflow/example_dags/example_branch_operator.py took 0.169 seconds
[2024-07-25T07:56:46.549+0000] {processor.py:161} INFO - Started process (PID=3589) to work on /root/.cache/pypoetry/virtualenvs/freeprise-matchmaker-BsnH11MF-py3.8/lib/python3.8/site-packages/airflow/example_dags/example_branch_operator.py
[2024-07-25T07:56:46.550+0000] {processor.py:830} INFO - Processing file /root/.cache/pypoetry/virtualenvs/freeprise-matchmaker-BsnH11MF-py3.8/lib/python3.8/site-packages/airflow/example_dags/example_branch_operator.py for tasks to queue
[2024-07-25T07:56:46.554+0000] {logging_mixin.py:188} INFO - [2024-07-25T07:56:46.553+0000] {dagbag.py:545} INFO - Filling up the DagBag from /root/.cache/pypoetry/virtualenvs/freeprise-matchmaker-BsnH11MF-py3.8/lib/python3.8/site-packages/airflow/example_dags/example_branch_operator.py
[2024-07-25T07:56:46.594+0000] {processor.py:840} INFO - DAG(s) 'example_branch_operator' retrieved from /root/.cache/pypoetry/virtualenvs/freeprise-matchmaker-BsnH11MF-py3.8/lib/python3.8/site-packages/airflow/example_dags/example_branch_operator.py
[2024-07-25T07:56:46.659+0000] {logging_mixin.py:188} INFO - [2024-07-25T07:56:46.659+0000] {dag.py:3089} INFO - Sync 1 DAGs
[2024-07-25T07:56:46.704+0000] {logging_mixin.py:188} INFO - [2024-07-25T07:56:46.704+0000] {dag.py:3947} INFO - Setting next_dagrun for example_branch_operator to 2024-07-24 00:00:00+00:00, run_after=2024-07-25 00:00:00+00:00
[2024-07-25T07:56:46.738+0000] {processor.py:183} INFO - Processing /root/.cache/pypoetry/virtualenvs/freeprise-matchmaker-BsnH11MF-py3.8/lib/python3.8/site-packages/airflow/example_dags/example_branch_operator.py took 0.205 seconds
[2024-07-25T07:57:16.988+0000] {processor.py:161} INFO - Started process (PID=3855) to work on /root/.cache/pypoetry/virtualenvs/freeprise-matchmaker-BsnH11MF-py3.8/lib/python3.8/site-packages/airflow/example_dags/example_branch_operator.py
[2024-07-25T07:57:16.990+0000] {processor.py:830} INFO - Processing file /root/.cache/pypoetry/virtualenvs/freeprise-matchmaker-BsnH11MF-py3.8/lib/python3.8/site-packages/airflow/example_dags/example_branch_operator.py for tasks to queue
[2024-07-25T07:57:16.993+0000] {logging_mixin.py:188} INFO - [2024-07-25T07:57:16.992+0000] {dagbag.py:545} INFO - Filling up the DagBag from /root/.cache/pypoetry/virtualenvs/freeprise-matchmaker-BsnH11MF-py3.8/lib/python3.8/site-packages/airflow/example_dags/example_branch_operator.py
[2024-07-25T07:57:17.025+0000] {processor.py:840} INFO - DAG(s) 'example_branch_operator' retrieved from /root/.cache/pypoetry/virtualenvs/freeprise-matchmaker-BsnH11MF-py3.8/lib/python3.8/site-packages/airflow/example_dags/example_branch_operator.py
[2024-07-25T07:57:17.101+0000] {logging_mixin.py:188} INFO - [2024-07-25T07:57:17.100+0000] {dag.py:3089} INFO - Sync 1 DAGs
[2024-07-25T07:57:17.140+0000] {logging_mixin.py:188} INFO - [2024-07-25T07:57:17.139+0000] {dag.py:3947} INFO - Setting next_dagrun for example_branch_operator to 2024-07-24 00:00:00+00:00, run_after=2024-07-25 00:00:00+00:00
[2024-07-25T07:57:17.174+0000] {processor.py:183} INFO - Processing /root/.cache/pypoetry/virtualenvs/freeprise-matchmaker-BsnH11MF-py3.8/lib/python3.8/site-packages/airflow/example_dags/example_branch_operator.py took 0.199 seconds
[2024-07-25T07:57:47.396+0000] {processor.py:161} INFO - Started process (PID=4121) to work on /root/.cache/pypoetry/virtualenvs/freeprise-matchmaker-BsnH11MF-py3.8/lib/python3.8/site-packages/airflow/example_dags/example_branch_operator.py
[2024-07-25T07:57:47.398+0000] {processor.py:830} INFO - Processing file /root/.cache/pypoetry/virtualenvs/freeprise-matchmaker-BsnH11MF-py3.8/lib/python3.8/site-packages/airflow/example_dags/example_branch_operator.py for tasks to queue
[2024-07-25T07:57:47.400+0000] {logging_mixin.py:188} INFO - [2024-07-25T07:57:47.400+0000] {dagbag.py:545} INFO - Filling up the DagBag from /root/.cache/pypoetry/virtualenvs/freeprise-matchmaker-BsnH11MF-py3.8/lib/python3.8/site-packages/airflow/example_dags/example_branch_operator.py
[2024-07-25T07:57:47.431+0000] {processor.py:840} INFO - DAG(s) 'example_branch_operator' retrieved from /root/.cache/pypoetry/virtualenvs/freeprise-matchmaker-BsnH11MF-py3.8/lib/python3.8/site-packages/airflow/example_dags/example_branch_operator.py
[2024-07-25T07:57:47.501+0000] {logging_mixin.py:188} INFO - [2024-07-25T07:57:47.501+0000] {dag.py:3089} INFO - Sync 1 DAGs
[2024-07-25T07:57:47.539+0000] {logging_mixin.py:188} INFO - [2024-07-25T07:57:47.539+0000] {dag.py:3947} INFO - Setting next_dagrun for example_branch_operator to 2024-07-24 00:00:00+00:00, run_after=2024-07-25 00:00:00+00:00
[2024-07-25T07:57:47.567+0000] {processor.py:183} INFO - Processing /root/.cache/pypoetry/virtualenvs/freeprise-matchmaker-BsnH11MF-py3.8/lib/python3.8/site-packages/airflow/example_dags/example_branch_operator.py took 0.183 seconds
[2024-07-25T07:58:17.988+0000] {processor.py:161} INFO - Started process (PID=4389) to work on /root/.cache/pypoetry/virtualenvs/freeprise-matchmaker-BsnH11MF-py3.8/lib/python3.8/site-packages/airflow/example_dags/example_branch_operator.py
[2024-07-25T07:58:17.990+0000] {processor.py:830} INFO - Processing file /root/.cache/pypoetry/virtualenvs/freeprise-matchmaker-BsnH11MF-py3.8/lib/python3.8/site-packages/airflow/example_dags/example_branch_operator.py for tasks to queue
[2024-07-25T07:58:17.992+0000] {logging_mixin.py:188} INFO - [2024-07-25T07:58:17.992+0000] {dagbag.py:545} INFO - Filling up the DagBag from /root/.cache/pypoetry/virtualenvs/freeprise-matchmaker-BsnH11MF-py3.8/lib/python3.8/site-packages/airflow/example_dags/example_branch_operator.py
[2024-07-25T07:58:18.021+0000] {processor.py:840} INFO - DAG(s) 'example_branch_operator' retrieved from /root/.cache/pypoetry/virtualenvs/freeprise-matchmaker-BsnH11MF-py3.8/lib/python3.8/site-packages/airflow/example_dags/example_branch_operator.py
[2024-07-25T07:58:18.077+0000] {logging_mixin.py:188} INFO - [2024-07-25T07:58:18.077+0000] {dag.py:3089} INFO - Sync 1 DAGs
[2024-07-25T07:58:18.112+0000] {logging_mixin.py:188} INFO - [2024-07-25T07:58:18.112+0000] {dag.py:3947} INFO - Setting next_dagrun for example_branch_operator to 2024-07-24 00:00:00+00:00, run_after=2024-07-25 00:00:00+00:00
[2024-07-25T07:58:18.140+0000] {processor.py:183} INFO - Processing /root/.cache/pypoetry/virtualenvs/freeprise-matchmaker-BsnH11MF-py3.8/lib/python3.8/site-packages/airflow/example_dags/example_branch_operator.py took 0.164 seconds
[2024-07-25T07:58:48.257+0000] {processor.py:161} INFO - Started process (PID=4653) to work on /root/.cache/pypoetry/virtualenvs/freeprise-matchmaker-BsnH11MF-py3.8/lib/python3.8/site-packages/airflow/example_dags/example_branch_operator.py
[2024-07-25T07:58:48.259+0000] {processor.py:830} INFO - Processing file /root/.cache/pypoetry/virtualenvs/freeprise-matchmaker-BsnH11MF-py3.8/lib/python3.8/site-packages/airflow/example_dags/example_branch_operator.py for tasks to queue
[2024-07-25T07:58:48.262+0000] {logging_mixin.py:188} INFO - [2024-07-25T07:58:48.261+0000] {dagbag.py:545} INFO - Filling up the DagBag from /root/.cache/pypoetry/virtualenvs/freeprise-matchmaker-BsnH11MF-py3.8/lib/python3.8/site-packages/airflow/example_dags/example_branch_operator.py
[2024-07-25T07:58:48.291+0000] {processor.py:840} INFO - DAG(s) 'example_branch_operator' retrieved from /root/.cache/pypoetry/virtualenvs/freeprise-matchmaker-BsnH11MF-py3.8/lib/python3.8/site-packages/airflow/example_dags/example_branch_operator.py
[2024-07-25T07:58:48.367+0000] {logging_mixin.py:188} INFO - [2024-07-25T07:58:48.367+0000] {dag.py:3089} INFO - Sync 1 DAGs
[2024-07-25T07:58:48.401+0000] {logging_mixin.py:188} INFO - [2024-07-25T07:58:48.400+0000] {dag.py:3947} INFO - Setting next_dagrun for example_branch_operator to 2024-07-24 00:00:00+00:00, run_after=2024-07-25 00:00:00+00:00
[2024-07-25T07:58:48.427+0000] {processor.py:183} INFO - Processing /root/.cache/pypoetry/virtualenvs/freeprise-matchmaker-BsnH11MF-py3.8/lib/python3.8/site-packages/airflow/example_dags/example_branch_operator.py took 0.182 seconds
[2024-07-25T07:59:18.739+0000] {processor.py:161} INFO - Started process (PID=4919) to work on /root/.cache/pypoetry/virtualenvs/freeprise-matchmaker-BsnH11MF-py3.8/lib/python3.8/site-packages/airflow/example_dags/example_branch_operator.py
[2024-07-25T07:59:18.742+0000] {processor.py:830} INFO - Processing file /root/.cache/pypoetry/virtualenvs/freeprise-matchmaker-BsnH11MF-py3.8/lib/python3.8/site-packages/airflow/example_dags/example_branch_operator.py for tasks to queue
[2024-07-25T07:59:18.745+0000] {logging_mixin.py:188} INFO - [2024-07-25T07:59:18.745+0000] {dagbag.py:545} INFO - Filling up the DagBag from /root/.cache/pypoetry/virtualenvs/freeprise-matchmaker-BsnH11MF-py3.8/lib/python3.8/site-packages/airflow/example_dags/example_branch_operator.py
[2024-07-25T07:59:18.789+0000] {processor.py:840} INFO - DAG(s) 'example_branch_operator' retrieved from /root/.cache/pypoetry/virtualenvs/freeprise-matchmaker-BsnH11MF-py3.8/lib/python3.8/site-packages/airflow/example_dags/example_branch_operator.py
[2024-07-25T07:59:18.880+0000] {logging_mixin.py:188} INFO - [2024-07-25T07:59:18.879+0000] {dag.py:3089} INFO - Sync 1 DAGs
[2024-07-25T07:59:18.959+0000] {logging_mixin.py:188} INFO - [2024-07-25T07:59:18.958+0000] {dag.py:3947} INFO - Setting next_dagrun for example_branch_operator to 2024-07-24 00:00:00+00:00, run_after=2024-07-25 00:00:00+00:00
[2024-07-25T07:59:18.999+0000] {processor.py:183} INFO - Processing /root/.cache/pypoetry/virtualenvs/freeprise-matchmaker-BsnH11MF-py3.8/lib/python3.8/site-packages/airflow/example_dags/example_branch_operator.py took 0.277 seconds
[2024-07-25T07:59:49.552+0000] {processor.py:161} INFO - Started process (PID=5180) to work on /root/.cache/pypoetry/virtualenvs/freeprise-matchmaker-BsnH11MF-py3.8/lib/python3.8/site-packages/airflow/example_dags/example_branch_operator.py
[2024-07-25T07:59:49.556+0000] {processor.py:830} INFO - Processing file /root/.cache/pypoetry/virtualenvs/freeprise-matchmaker-BsnH11MF-py3.8/lib/python3.8/site-packages/airflow/example_dags/example_branch_operator.py for tasks to queue
[2024-07-25T07:59:49.560+0000] {logging_mixin.py:188} INFO - [2024-07-25T07:59:49.559+0000] {dagbag.py:545} INFO - Filling up the DagBag from /root/.cache/pypoetry/virtualenvs/freeprise-matchmaker-BsnH11MF-py3.8/lib/python3.8/site-packages/airflow/example_dags/example_branch_operator.py
[2024-07-25T07:59:49.608+0000] {processor.py:840} INFO - DAG(s) 'example_branch_operator' retrieved from /root/.cache/pypoetry/virtualenvs/freeprise-matchmaker-BsnH11MF-py3.8/lib/python3.8/site-packages/airflow/example_dags/example_branch_operator.py
[2024-07-25T07:59:49.694+0000] {logging_mixin.py:188} INFO - [2024-07-25T07:59:49.694+0000] {dag.py:3089} INFO - Sync 1 DAGs
[2024-07-25T07:59:49.752+0000] {logging_mixin.py:188} INFO - [2024-07-25T07:59:49.752+0000] {dag.py:3947} INFO - Setting next_dagrun for example_branch_operator to 2024-07-24 00:00:00+00:00, run_after=2024-07-25 00:00:00+00:00
[2024-07-25T07:59:49.800+0000] {processor.py:183} INFO - Processing /root/.cache/pypoetry/virtualenvs/freeprise-matchmaker-BsnH11MF-py3.8/lib/python3.8/site-packages/airflow/example_dags/example_branch_operator.py took 0.270 seconds
[2024-07-25T08:00:20.771+0000] {processor.py:161} INFO - Started process (PID=5451) to work on /root/.cache/pypoetry/virtualenvs/freeprise-matchmaker-BsnH11MF-py3.8/lib/python3.8/site-packages/airflow/example_dags/example_branch_operator.py
[2024-07-25T08:00:20.773+0000] {processor.py:830} INFO - Processing file /root/.cache/pypoetry/virtualenvs/freeprise-matchmaker-BsnH11MF-py3.8/lib/python3.8/site-packages/airflow/example_dags/example_branch_operator.py for tasks to queue
[2024-07-25T08:00:20.776+0000] {logging_mixin.py:188} INFO - [2024-07-25T08:00:20.775+0000] {dagbag.py:545} INFO - Filling up the DagBag from /root/.cache/pypoetry/virtualenvs/freeprise-matchmaker-BsnH11MF-py3.8/lib/python3.8/site-packages/airflow/example_dags/example_branch_operator.py
[2024-07-25T08:00:20.815+0000] {processor.py:840} INFO - DAG(s) 'example_branch_operator' retrieved from /root/.cache/pypoetry/virtualenvs/freeprise-matchmaker-BsnH11MF-py3.8/lib/python3.8/site-packages/airflow/example_dags/example_branch_operator.py
[2024-07-25T08:00:20.875+0000] {logging_mixin.py:188} INFO - [2024-07-25T08:00:20.874+0000] {dag.py:3089} INFO - Sync 1 DAGs
[2024-07-25T08:00:20.927+0000] {logging_mixin.py:188} INFO - [2024-07-25T08:00:20.926+0000] {dag.py:3947} INFO - Setting next_dagrun for example_branch_operator to 2024-07-24 00:00:00+00:00, run_after=2024-07-25 00:00:00+00:00
[2024-07-25T08:00:20.959+0000] {processor.py:183} INFO - Processing /root/.cache/pypoetry/virtualenvs/freeprise-matchmaker-BsnH11MF-py3.8/lib/python3.8/site-packages/airflow/example_dags/example_branch_operator.py took 0.201 seconds
[2024-07-25T08:00:55.230+0000] {processor.py:161} INFO - Started process (PID=5717) to work on /root/.cache/pypoetry/virtualenvs/freeprise-matchmaker-BsnH11MF-py3.8/lib/python3.8/site-packages/airflow/example_dags/example_branch_operator.py
[2024-07-25T08:00:55.234+0000] {processor.py:830} INFO - Processing file /root/.cache/pypoetry/virtualenvs/freeprise-matchmaker-BsnH11MF-py3.8/lib/python3.8/site-packages/airflow/example_dags/example_branch_operator.py for tasks to queue
[2024-07-25T08:00:55.243+0000] {logging_mixin.py:188} INFO - [2024-07-25T08:00:55.242+0000] {dagbag.py:545} INFO - Filling up the DagBag from /root/.cache/pypoetry/virtualenvs/freeprise-matchmaker-BsnH11MF-py3.8/lib/python3.8/site-packages/airflow/example_dags/example_branch_operator.py
[2024-07-25T08:00:55.289+0000] {processor.py:840} INFO - DAG(s) 'example_branch_operator' retrieved from /root/.cache/pypoetry/virtualenvs/freeprise-matchmaker-BsnH11MF-py3.8/lib/python3.8/site-packages/airflow/example_dags/example_branch_operator.py
[2024-07-25T08:00:55.377+0000] {logging_mixin.py:188} INFO - [2024-07-25T08:00:55.377+0000] {dag.py:3089} INFO - Sync 1 DAGs
[2024-07-25T08:00:55.430+0000] {logging_mixin.py:188} INFO - [2024-07-25T08:00:55.429+0000] {dag.py:3947} INFO - Setting next_dagrun for example_branch_operator to 2024-07-24 00:00:00+00:00, run_after=2024-07-25 00:00:00+00:00
[2024-07-25T08:00:55.473+0000] {processor.py:183} INFO - Processing /root/.cache/pypoetry/virtualenvs/freeprise-matchmaker-BsnH11MF-py3.8/lib/python3.8/site-packages/airflow/example_dags/example_branch_operator.py took 0.262 seconds
