[2024-07-25T07:50:31.779+0000] {processor.py:161} INFO - Started process (PID=377) to work on /root/.cache/pypoetry/virtualenvs/freeprise-matchmaker-BsnH11MF-py3.8/lib/python3.8/site-packages/airflow/example_dags/example_dag_decorator.py
[2024-07-25T07:50:31.781+0000] {processor.py:830} INFO - Processing file /root/.cache/pypoetry/virtualenvs/freeprise-matchmaker-BsnH11MF-py3.8/lib/python3.8/site-packages/airflow/example_dags/example_dag_decorator.py for tasks to queue
[2024-07-25T07:50:31.784+0000] {logging_mixin.py:188} INFO - [2024-07-25T07:50:31.783+0000] {dagbag.py:545} INFO - Filling up the DagBag from /root/.cache/pypoetry/virtualenvs/freeprise-matchmaker-BsnH11MF-py3.8/lib/python3.8/site-packages/airflow/example_dags/example_dag_decorator.py
[2024-07-25T07:50:32.100+0000] {processor.py:840} INFO - DAG(s) 'example_dag_decorator' retrieved from /root/.cache/pypoetry/virtualenvs/freeprise-matchmaker-BsnH11MF-py3.8/lib/python3.8/site-packages/airflow/example_dags/example_dag_decorator.py
[2024-07-25T07:50:32.130+0000] {logging_mixin.py:188} INFO - [2024-07-25T07:50:32.129+0000] {dag.py:3089} INFO - Sync 1 DAGs
[2024-07-25T07:50:32.154+0000] {logging_mixin.py:188} INFO - [2024-07-25T07:50:32.153+0000] {dag.py:3947} INFO - Setting next_dagrun for example_dag_decorator to None, run_after=None
[2024-07-25T07:50:32.187+0000] {processor.py:183} INFO - Processing /root/.cache/pypoetry/virtualenvs/freeprise-matchmaker-BsnH11MF-py3.8/lib/python3.8/site-packages/airflow/example_dags/example_dag_decorator.py took 0.423 seconds
[2024-07-25T07:51:08.411+0000] {processor.py:161} INFO - Started process (PID=645) to work on /root/.cache/pypoetry/virtualenvs/freeprise-matchmaker-BsnH11MF-py3.8/lib/python3.8/site-packages/airflow/example_dags/example_dag_decorator.py
[2024-07-25T07:51:08.413+0000] {processor.py:830} INFO - Processing file /root/.cache/pypoetry/virtualenvs/freeprise-matchmaker-BsnH11MF-py3.8/lib/python3.8/site-packages/airflow/example_dags/example_dag_decorator.py for tasks to queue
[2024-07-25T07:51:08.415+0000] {logging_mixin.py:188} INFO - [2024-07-25T07:51:08.415+0000] {dagbag.py:545} INFO - Filling up the DagBag from /root/.cache/pypoetry/virtualenvs/freeprise-matchmaker-BsnH11MF-py3.8/lib/python3.8/site-packages/airflow/example_dags/example_dag_decorator.py
[2024-07-25T07:51:08.679+0000] {processor.py:840} INFO - DAG(s) 'example_dag_decorator' retrieved from /root/.cache/pypoetry/virtualenvs/freeprise-matchmaker-BsnH11MF-py3.8/lib/python3.8/site-packages/airflow/example_dags/example_dag_decorator.py
[2024-07-25T07:51:08.836+0000] {logging_mixin.py:188} INFO - [2024-07-25T07:51:08.836+0000] {dag.py:3089} INFO - Sync 1 DAGs
[2024-07-25T07:51:08.852+0000] {logging_mixin.py:188} INFO - [2024-07-25T07:51:08.851+0000] {dag.py:3947} INFO - Setting next_dagrun for example_dag_decorator to None, run_after=None
[2024-07-25T07:51:08.877+0000] {processor.py:183} INFO - Processing /root/.cache/pypoetry/virtualenvs/freeprise-matchmaker-BsnH11MF-py3.8/lib/python3.8/site-packages/airflow/example_dags/example_dag_decorator.py took 0.478 seconds
[2024-07-25T07:51:39.914+0000] {processor.py:161} INFO - Started process (PID=911) to work on /root/.cache/pypoetry/virtualenvs/freeprise-matchmaker-BsnH11MF-py3.8/lib/python3.8/site-packages/airflow/example_dags/example_dag_decorator.py
[2024-07-25T07:51:39.916+0000] {processor.py:830} INFO - Processing file /root/.cache/pypoetry/virtualenvs/freeprise-matchmaker-BsnH11MF-py3.8/lib/python3.8/site-packages/airflow/example_dags/example_dag_decorator.py for tasks to queue
[2024-07-25T07:51:39.920+0000] {logging_mixin.py:188} INFO - [2024-07-25T07:51:39.920+0000] {dagbag.py:545} INFO - Filling up the DagBag from /root/.cache/pypoetry/virtualenvs/freeprise-matchmaker-BsnH11MF-py3.8/lib/python3.8/site-packages/airflow/example_dags/example_dag_decorator.py
[2024-07-25T07:51:40.075+0000] {processor.py:840} INFO - DAG(s) 'example_dag_decorator' retrieved from /root/.cache/pypoetry/virtualenvs/freeprise-matchmaker-BsnH11MF-py3.8/lib/python3.8/site-packages/airflow/example_dags/example_dag_decorator.py
[2024-07-25T07:51:40.285+0000] {logging_mixin.py:188} INFO - [2024-07-25T07:51:40.285+0000] {dag.py:3089} INFO - Sync 1 DAGs
[2024-07-25T07:51:40.304+0000] {logging_mixin.py:188} INFO - [2024-07-25T07:51:40.304+0000] {dag.py:3947} INFO - Setting next_dagrun for example_dag_decorator to None, run_after=None
[2024-07-25T07:51:40.333+0000] {processor.py:183} INFO - Processing /root/.cache/pypoetry/virtualenvs/freeprise-matchmaker-BsnH11MF-py3.8/lib/python3.8/site-packages/airflow/example_dags/example_dag_decorator.py took 0.438 seconds
[2024-07-25T07:52:10.432+0000] {processor.py:161} INFO - Started process (PID=1177) to work on /root/.cache/pypoetry/virtualenvs/freeprise-matchmaker-BsnH11MF-py3.8/lib/python3.8/site-packages/airflow/example_dags/example_dag_decorator.py
[2024-07-25T07:52:10.435+0000] {processor.py:830} INFO - Processing file /root/.cache/pypoetry/virtualenvs/freeprise-matchmaker-BsnH11MF-py3.8/lib/python3.8/site-packages/airflow/example_dags/example_dag_decorator.py for tasks to queue
[2024-07-25T07:52:10.437+0000] {logging_mixin.py:188} INFO - [2024-07-25T07:52:10.437+0000] {dagbag.py:545} INFO - Filling up the DagBag from /root/.cache/pypoetry/virtualenvs/freeprise-matchmaker-BsnH11MF-py3.8/lib/python3.8/site-packages/airflow/example_dags/example_dag_decorator.py
[2024-07-25T07:52:10.562+0000] {processor.py:840} INFO - DAG(s) 'example_dag_decorator' retrieved from /root/.cache/pypoetry/virtualenvs/freeprise-matchmaker-BsnH11MF-py3.8/lib/python3.8/site-packages/airflow/example_dags/example_dag_decorator.py
[2024-07-25T07:52:10.786+0000] {logging_mixin.py:188} INFO - [2024-07-25T07:52:10.786+0000] {dag.py:3089} INFO - Sync 1 DAGs
[2024-07-25T07:52:10.810+0000] {logging_mixin.py:188} INFO - [2024-07-25T07:52:10.809+0000] {dag.py:3947} INFO - Setting next_dagrun for example_dag_decorator to None, run_after=None
[2024-07-25T07:52:10.845+0000] {processor.py:183} INFO - Processing /root/.cache/pypoetry/virtualenvs/freeprise-matchmaker-BsnH11MF-py3.8/lib/python3.8/site-packages/airflow/example_dags/example_dag_decorator.py took 0.429 seconds
[2024-07-25T07:52:40.917+0000] {processor.py:161} INFO - Started process (PID=1448) to work on /root/.cache/pypoetry/virtualenvs/freeprise-matchmaker-BsnH11MF-py3.8/lib/python3.8/site-packages/airflow/example_dags/example_dag_decorator.py
[2024-07-25T07:52:40.919+0000] {processor.py:830} INFO - Processing file /root/.cache/pypoetry/virtualenvs/freeprise-matchmaker-BsnH11MF-py3.8/lib/python3.8/site-packages/airflow/example_dags/example_dag_decorator.py for tasks to queue
[2024-07-25T07:52:40.922+0000] {logging_mixin.py:188} INFO - [2024-07-25T07:52:40.922+0000] {dagbag.py:545} INFO - Filling up the DagBag from /root/.cache/pypoetry/virtualenvs/freeprise-matchmaker-BsnH11MF-py3.8/lib/python3.8/site-packages/airflow/example_dags/example_dag_decorator.py
[2024-07-25T07:52:41.078+0000] {processor.py:840} INFO - DAG(s) 'example_dag_decorator' retrieved from /root/.cache/pypoetry/virtualenvs/freeprise-matchmaker-BsnH11MF-py3.8/lib/python3.8/site-packages/airflow/example_dags/example_dag_decorator.py
[2024-07-25T07:52:41.278+0000] {logging_mixin.py:188} INFO - [2024-07-25T07:52:41.277+0000] {dag.py:3089} INFO - Sync 1 DAGs
[2024-07-25T07:52:41.295+0000] {logging_mixin.py:188} INFO - [2024-07-25T07:52:41.295+0000] {dag.py:3947} INFO - Setting next_dagrun for example_dag_decorator to None, run_after=None
[2024-07-25T07:52:41.331+0000] {processor.py:183} INFO - Processing /root/.cache/pypoetry/virtualenvs/freeprise-matchmaker-BsnH11MF-py3.8/lib/python3.8/site-packages/airflow/example_dags/example_dag_decorator.py took 0.428 seconds
[2024-07-25T07:53:11.542+0000] {processor.py:161} INFO - Started process (PID=1709) to work on /root/.cache/pypoetry/virtualenvs/freeprise-matchmaker-BsnH11MF-py3.8/lib/python3.8/site-packages/airflow/example_dags/example_dag_decorator.py
[2024-07-25T07:53:11.544+0000] {processor.py:830} INFO - Processing file /root/.cache/pypoetry/virtualenvs/freeprise-matchmaker-BsnH11MF-py3.8/lib/python3.8/site-packages/airflow/example_dags/example_dag_decorator.py for tasks to queue
[2024-07-25T07:53:11.547+0000] {logging_mixin.py:188} INFO - [2024-07-25T07:53:11.547+0000] {dagbag.py:545} INFO - Filling up the DagBag from /root/.cache/pypoetry/virtualenvs/freeprise-matchmaker-BsnH11MF-py3.8/lib/python3.8/site-packages/airflow/example_dags/example_dag_decorator.py
[2024-07-25T07:53:11.680+0000] {processor.py:840} INFO - DAG(s) 'example_dag_decorator' retrieved from /root/.cache/pypoetry/virtualenvs/freeprise-matchmaker-BsnH11MF-py3.8/lib/python3.8/site-packages/airflow/example_dags/example_dag_decorator.py
[2024-07-25T07:53:11.862+0000] {logging_mixin.py:188} INFO - [2024-07-25T07:53:11.862+0000] {dag.py:3089} INFO - Sync 1 DAGs
[2024-07-25T07:53:11.879+0000] {logging_mixin.py:188} INFO - [2024-07-25T07:53:11.879+0000] {dag.py:3947} INFO - Setting next_dagrun for example_dag_decorator to None, run_after=None
[2024-07-25T07:53:11.909+0000] {processor.py:183} INFO - Processing /root/.cache/pypoetry/virtualenvs/freeprise-matchmaker-BsnH11MF-py3.8/lib/python3.8/site-packages/airflow/example_dags/example_dag_decorator.py took 0.380 seconds
[2024-07-25T07:53:42.080+0000] {processor.py:161} INFO - Started process (PID=1978) to work on /root/.cache/pypoetry/virtualenvs/freeprise-matchmaker-BsnH11MF-py3.8/lib/python3.8/site-packages/airflow/example_dags/example_dag_decorator.py
[2024-07-25T07:53:42.082+0000] {processor.py:830} INFO - Processing file /root/.cache/pypoetry/virtualenvs/freeprise-matchmaker-BsnH11MF-py3.8/lib/python3.8/site-packages/airflow/example_dags/example_dag_decorator.py for tasks to queue
[2024-07-25T07:53:42.085+0000] {logging_mixin.py:188} INFO - [2024-07-25T07:53:42.084+0000] {dagbag.py:545} INFO - Filling up the DagBag from /root/.cache/pypoetry/virtualenvs/freeprise-matchmaker-BsnH11MF-py3.8/lib/python3.8/site-packages/airflow/example_dags/example_dag_decorator.py
[2024-07-25T07:53:42.221+0000] {processor.py:840} INFO - DAG(s) 'example_dag_decorator' retrieved from /root/.cache/pypoetry/virtualenvs/freeprise-matchmaker-BsnH11MF-py3.8/lib/python3.8/site-packages/airflow/example_dags/example_dag_decorator.py
[2024-07-25T07:53:42.393+0000] {logging_mixin.py:188} INFO - [2024-07-25T07:53:42.392+0000] {dag.py:3089} INFO - Sync 1 DAGs
[2024-07-25T07:53:42.410+0000] {logging_mixin.py:188} INFO - [2024-07-25T07:53:42.409+0000] {dag.py:3947} INFO - Setting next_dagrun for example_dag_decorator to None, run_after=None
[2024-07-25T07:53:42.439+0000] {processor.py:183} INFO - Processing /root/.cache/pypoetry/virtualenvs/freeprise-matchmaker-BsnH11MF-py3.8/lib/python3.8/site-packages/airflow/example_dags/example_dag_decorator.py took 0.371 seconds
[2024-07-25T07:54:12.545+0000] {processor.py:161} INFO - Started process (PID=2241) to work on /root/.cache/pypoetry/virtualenvs/freeprise-matchmaker-BsnH11MF-py3.8/lib/python3.8/site-packages/airflow/example_dags/example_dag_decorator.py
[2024-07-25T07:54:12.547+0000] {processor.py:830} INFO - Processing file /root/.cache/pypoetry/virtualenvs/freeprise-matchmaker-BsnH11MF-py3.8/lib/python3.8/site-packages/airflow/example_dags/example_dag_decorator.py for tasks to queue
[2024-07-25T07:54:12.550+0000] {logging_mixin.py:188} INFO - [2024-07-25T07:54:12.549+0000] {dagbag.py:545} INFO - Filling up the DagBag from /root/.cache/pypoetry/virtualenvs/freeprise-matchmaker-BsnH11MF-py3.8/lib/python3.8/site-packages/airflow/example_dags/example_dag_decorator.py
[2024-07-25T07:54:12.673+0000] {processor.py:840} INFO - DAG(s) 'example_dag_decorator' retrieved from /root/.cache/pypoetry/virtualenvs/freeprise-matchmaker-BsnH11MF-py3.8/lib/python3.8/site-packages/airflow/example_dags/example_dag_decorator.py
[2024-07-25T07:54:12.850+0000] {logging_mixin.py:188} INFO - [2024-07-25T07:54:12.849+0000] {dag.py:3089} INFO - Sync 1 DAGs
[2024-07-25T07:54:12.867+0000] {logging_mixin.py:188} INFO - [2024-07-25T07:54:12.866+0000] {dag.py:3947} INFO - Setting next_dagrun for example_dag_decorator to None, run_after=None
[2024-07-25T07:54:12.903+0000] {processor.py:183} INFO - Processing /root/.cache/pypoetry/virtualenvs/freeprise-matchmaker-BsnH11MF-py3.8/lib/python3.8/site-packages/airflow/example_dags/example_dag_decorator.py took 0.371 seconds
[2024-07-25T07:54:43.206+0000] {processor.py:161} INFO - Started process (PID=2507) to work on /root/.cache/pypoetry/virtualenvs/freeprise-matchmaker-BsnH11MF-py3.8/lib/python3.8/site-packages/airflow/example_dags/example_dag_decorator.py
[2024-07-25T07:54:43.208+0000] {processor.py:830} INFO - Processing file /root/.cache/pypoetry/virtualenvs/freeprise-matchmaker-BsnH11MF-py3.8/lib/python3.8/site-packages/airflow/example_dags/example_dag_decorator.py for tasks to queue
[2024-07-25T07:54:43.211+0000] {logging_mixin.py:188} INFO - [2024-07-25T07:54:43.210+0000] {dagbag.py:545} INFO - Filling up the DagBag from /root/.cache/pypoetry/virtualenvs/freeprise-matchmaker-BsnH11MF-py3.8/lib/python3.8/site-packages/airflow/example_dags/example_dag_decorator.py
[2024-07-25T07:54:43.348+0000] {processor.py:840} INFO - DAG(s) 'example_dag_decorator' retrieved from /root/.cache/pypoetry/virtualenvs/freeprise-matchmaker-BsnH11MF-py3.8/lib/python3.8/site-packages/airflow/example_dags/example_dag_decorator.py
[2024-07-25T07:54:43.535+0000] {logging_mixin.py:188} INFO - [2024-07-25T07:54:43.535+0000] {dag.py:3089} INFO - Sync 1 DAGs
[2024-07-25T07:54:43.552+0000] {logging_mixin.py:188} INFO - [2024-07-25T07:54:43.552+0000] {dag.py:3947} INFO - Setting next_dagrun for example_dag_decorator to None, run_after=None
[2024-07-25T07:54:43.583+0000] {processor.py:183} INFO - Processing /root/.cache/pypoetry/virtualenvs/freeprise-matchmaker-BsnH11MF-py3.8/lib/python3.8/site-packages/airflow/example_dags/example_dag_decorator.py took 0.392 seconds
[2024-07-25T07:55:14.457+0000] {processor.py:161} INFO - Started process (PID=2778) to work on /root/.cache/pypoetry/virtualenvs/freeprise-matchmaker-BsnH11MF-py3.8/lib/python3.8/site-packages/airflow/example_dags/example_dag_decorator.py
[2024-07-25T07:55:14.459+0000] {processor.py:830} INFO - Processing file /root/.cache/pypoetry/virtualenvs/freeprise-matchmaker-BsnH11MF-py3.8/lib/python3.8/site-packages/airflow/example_dags/example_dag_decorator.py for tasks to queue
[2024-07-25T07:55:14.463+0000] {logging_mixin.py:188} INFO - [2024-07-25T07:55:14.462+0000] {dagbag.py:545} INFO - Filling up the DagBag from /root/.cache/pypoetry/virtualenvs/freeprise-matchmaker-BsnH11MF-py3.8/lib/python3.8/site-packages/airflow/example_dags/example_dag_decorator.py
[2024-07-25T07:55:14.622+0000] {processor.py:840} INFO - DAG(s) 'example_dag_decorator' retrieved from /root/.cache/pypoetry/virtualenvs/freeprise-matchmaker-BsnH11MF-py3.8/lib/python3.8/site-packages/airflow/example_dags/example_dag_decorator.py
[2024-07-25T07:55:14.805+0000] {logging_mixin.py:188} INFO - [2024-07-25T07:55:14.805+0000] {dag.py:3089} INFO - Sync 1 DAGs
[2024-07-25T07:55:14.822+0000] {logging_mixin.py:188} INFO - [2024-07-25T07:55:14.821+0000] {dag.py:3947} INFO - Setting next_dagrun for example_dag_decorator to None, run_after=None
[2024-07-25T07:55:14.852+0000] {processor.py:183} INFO - Processing /root/.cache/pypoetry/virtualenvs/freeprise-matchmaker-BsnH11MF-py3.8/lib/python3.8/site-packages/airflow/example_dags/example_dag_decorator.py took 0.412 seconds
[2024-07-25T07:55:44.989+0000] {processor.py:161} INFO - Started process (PID=3049) to work on /root/.cache/pypoetry/virtualenvs/freeprise-matchmaker-BsnH11MF-py3.8/lib/python3.8/site-packages/airflow/example_dags/example_dag_decorator.py
[2024-07-25T07:55:44.991+0000] {processor.py:830} INFO - Processing file /root/.cache/pypoetry/virtualenvs/freeprise-matchmaker-BsnH11MF-py3.8/lib/python3.8/site-packages/airflow/example_dags/example_dag_decorator.py for tasks to queue
[2024-07-25T07:55:44.993+0000] {logging_mixin.py:188} INFO - [2024-07-25T07:55:44.993+0000] {dagbag.py:545} INFO - Filling up the DagBag from /root/.cache/pypoetry/virtualenvs/freeprise-matchmaker-BsnH11MF-py3.8/lib/python3.8/site-packages/airflow/example_dags/example_dag_decorator.py
[2024-07-25T07:55:45.124+0000] {processor.py:840} INFO - DAG(s) 'example_dag_decorator' retrieved from /root/.cache/pypoetry/virtualenvs/freeprise-matchmaker-BsnH11MF-py3.8/lib/python3.8/site-packages/airflow/example_dags/example_dag_decorator.py
[2024-07-25T07:55:45.334+0000] {logging_mixin.py:188} INFO - [2024-07-25T07:55:45.333+0000] {dag.py:3089} INFO - Sync 1 DAGs
[2024-07-25T07:55:45.351+0000] {logging_mixin.py:188} INFO - [2024-07-25T07:55:45.351+0000] {dag.py:3947} INFO - Setting next_dagrun for example_dag_decorator to None, run_after=None
[2024-07-25T07:55:45.381+0000] {processor.py:183} INFO - Processing /root/.cache/pypoetry/virtualenvs/freeprise-matchmaker-BsnH11MF-py3.8/lib/python3.8/site-packages/airflow/example_dags/example_dag_decorator.py took 0.404 seconds
[2024-07-25T07:56:15.452+0000] {processor.py:161} INFO - Started process (PID=3310) to work on /root/.cache/pypoetry/virtualenvs/freeprise-matchmaker-BsnH11MF-py3.8/lib/python3.8/site-packages/airflow/example_dags/example_dag_decorator.py
[2024-07-25T07:56:15.454+0000] {processor.py:830} INFO - Processing file /root/.cache/pypoetry/virtualenvs/freeprise-matchmaker-BsnH11MF-py3.8/lib/python3.8/site-packages/airflow/example_dags/example_dag_decorator.py for tasks to queue
[2024-07-25T07:56:15.458+0000] {logging_mixin.py:188} INFO - [2024-07-25T07:56:15.457+0000] {dagbag.py:545} INFO - Filling up the DagBag from /root/.cache/pypoetry/virtualenvs/freeprise-matchmaker-BsnH11MF-py3.8/lib/python3.8/site-packages/airflow/example_dags/example_dag_decorator.py
[2024-07-25T07:56:15.592+0000] {processor.py:840} INFO - DAG(s) 'example_dag_decorator' retrieved from /root/.cache/pypoetry/virtualenvs/freeprise-matchmaker-BsnH11MF-py3.8/lib/python3.8/site-packages/airflow/example_dags/example_dag_decorator.py
[2024-07-25T07:56:15.783+0000] {logging_mixin.py:188} INFO - [2024-07-25T07:56:15.783+0000] {dag.py:3089} INFO - Sync 1 DAGs
[2024-07-25T07:56:15.800+0000] {logging_mixin.py:188} INFO - [2024-07-25T07:56:15.800+0000] {dag.py:3947} INFO - Setting next_dagrun for example_dag_decorator to None, run_after=None
[2024-07-25T07:56:15.831+0000] {processor.py:183} INFO - Processing /root/.cache/pypoetry/virtualenvs/freeprise-matchmaker-BsnH11MF-py3.8/lib/python3.8/site-packages/airflow/example_dags/example_dag_decorator.py took 0.393 seconds
[2024-07-25T07:56:46.230+0000] {processor.py:161} INFO - Started process (PID=3576) to work on /root/.cache/pypoetry/virtualenvs/freeprise-matchmaker-BsnH11MF-py3.8/lib/python3.8/site-packages/airflow/example_dags/example_dag_decorator.py
[2024-07-25T07:56:46.232+0000] {processor.py:830} INFO - Processing file /root/.cache/pypoetry/virtualenvs/freeprise-matchmaker-BsnH11MF-py3.8/lib/python3.8/site-packages/airflow/example_dags/example_dag_decorator.py for tasks to queue
[2024-07-25T07:56:46.234+0000] {logging_mixin.py:188} INFO - [2024-07-25T07:56:46.234+0000] {dagbag.py:545} INFO - Filling up the DagBag from /root/.cache/pypoetry/virtualenvs/freeprise-matchmaker-BsnH11MF-py3.8/lib/python3.8/site-packages/airflow/example_dags/example_dag_decorator.py
[2024-07-25T07:56:46.384+0000] {processor.py:840} INFO - DAG(s) 'example_dag_decorator' retrieved from /root/.cache/pypoetry/virtualenvs/freeprise-matchmaker-BsnH11MF-py3.8/lib/python3.8/site-packages/airflow/example_dags/example_dag_decorator.py
[2024-07-25T07:56:46.432+0000] {logging_mixin.py:188} INFO - [2024-07-25T07:56:46.432+0000] {dag.py:3089} INFO - Sync 1 DAGs
[2024-07-25T07:56:46.455+0000] {logging_mixin.py:188} INFO - [2024-07-25T07:56:46.454+0000] {dag.py:3947} INFO - Setting next_dagrun for example_dag_decorator to None, run_after=None
[2024-07-25T07:56:46.492+0000] {processor.py:183} INFO - Processing /root/.cache/pypoetry/virtualenvs/freeprise-matchmaker-BsnH11MF-py3.8/lib/python3.8/site-packages/airflow/example_dags/example_dag_decorator.py took 0.274 seconds
[2024-07-25T07:57:16.704+0000] {processor.py:161} INFO - Started process (PID=3842) to work on /root/.cache/pypoetry/virtualenvs/freeprise-matchmaker-BsnH11MF-py3.8/lib/python3.8/site-packages/airflow/example_dags/example_dag_decorator.py
[2024-07-25T07:57:16.706+0000] {processor.py:830} INFO - Processing file /root/.cache/pypoetry/virtualenvs/freeprise-matchmaker-BsnH11MF-py3.8/lib/python3.8/site-packages/airflow/example_dags/example_dag_decorator.py for tasks to queue
[2024-07-25T07:57:16.709+0000] {logging_mixin.py:188} INFO - [2024-07-25T07:57:16.709+0000] {dagbag.py:545} INFO - Filling up the DagBag from /root/.cache/pypoetry/virtualenvs/freeprise-matchmaker-BsnH11MF-py3.8/lib/python3.8/site-packages/airflow/example_dags/example_dag_decorator.py
[2024-07-25T07:57:16.837+0000] {processor.py:840} INFO - DAG(s) 'example_dag_decorator' retrieved from /root/.cache/pypoetry/virtualenvs/freeprise-matchmaker-BsnH11MF-py3.8/lib/python3.8/site-packages/airflow/example_dags/example_dag_decorator.py
[2024-07-25T07:57:16.883+0000] {logging_mixin.py:188} INFO - [2024-07-25T07:57:16.882+0000] {dag.py:3089} INFO - Sync 1 DAGs
[2024-07-25T07:57:16.906+0000] {logging_mixin.py:188} INFO - [2024-07-25T07:57:16.906+0000] {dag.py:3947} INFO - Setting next_dagrun for example_dag_decorator to None, run_after=None
[2024-07-25T07:57:16.935+0000] {processor.py:183} INFO - Processing /root/.cache/pypoetry/virtualenvs/freeprise-matchmaker-BsnH11MF-py3.8/lib/python3.8/site-packages/airflow/example_dags/example_dag_decorator.py took 0.245 seconds
[2024-07-25T07:57:47.057+0000] {processor.py:161} INFO - Started process (PID=4108) to work on /root/.cache/pypoetry/virtualenvs/freeprise-matchmaker-BsnH11MF-py3.8/lib/python3.8/site-packages/airflow/example_dags/example_dag_decorator.py
[2024-07-25T07:57:47.060+0000] {processor.py:830} INFO - Processing file /root/.cache/pypoetry/virtualenvs/freeprise-matchmaker-BsnH11MF-py3.8/lib/python3.8/site-packages/airflow/example_dags/example_dag_decorator.py for tasks to queue
[2024-07-25T07:57:47.063+0000] {logging_mixin.py:188} INFO - [2024-07-25T07:57:47.063+0000] {dagbag.py:545} INFO - Filling up the DagBag from /root/.cache/pypoetry/virtualenvs/freeprise-matchmaker-BsnH11MF-py3.8/lib/python3.8/site-packages/airflow/example_dags/example_dag_decorator.py
[2024-07-25T07:57:47.242+0000] {processor.py:840} INFO - DAG(s) 'example_dag_decorator' retrieved from /root/.cache/pypoetry/virtualenvs/freeprise-matchmaker-BsnH11MF-py3.8/lib/python3.8/site-packages/airflow/example_dags/example_dag_decorator.py
[2024-07-25T07:57:47.291+0000] {logging_mixin.py:188} INFO - [2024-07-25T07:57:47.290+0000] {dag.py:3089} INFO - Sync 1 DAGs
[2024-07-25T07:57:47.315+0000] {logging_mixin.py:188} INFO - [2024-07-25T07:57:47.315+0000] {dag.py:3947} INFO - Setting next_dagrun for example_dag_decorator to None, run_after=None
[2024-07-25T07:57:47.347+0000] {processor.py:183} INFO - Processing /root/.cache/pypoetry/virtualenvs/freeprise-matchmaker-BsnH11MF-py3.8/lib/python3.8/site-packages/airflow/example_dags/example_dag_decorator.py took 0.307 seconds
[2024-07-25T07:58:17.567+0000] {processor.py:161} INFO - Started process (PID=4374) to work on /root/.cache/pypoetry/virtualenvs/freeprise-matchmaker-BsnH11MF-py3.8/lib/python3.8/site-packages/airflow/example_dags/example_dag_decorator.py
[2024-07-25T07:58:17.569+0000] {processor.py:830} INFO - Processing file /root/.cache/pypoetry/virtualenvs/freeprise-matchmaker-BsnH11MF-py3.8/lib/python3.8/site-packages/airflow/example_dags/example_dag_decorator.py for tasks to queue
[2024-07-25T07:58:17.573+0000] {logging_mixin.py:188} INFO - [2024-07-25T07:58:17.572+0000] {dagbag.py:545} INFO - Filling up the DagBag from /root/.cache/pypoetry/virtualenvs/freeprise-matchmaker-BsnH11MF-py3.8/lib/python3.8/site-packages/airflow/example_dags/example_dag_decorator.py
[2024-07-25T07:58:17.727+0000] {processor.py:840} INFO - DAG(s) 'example_dag_decorator' retrieved from /root/.cache/pypoetry/virtualenvs/freeprise-matchmaker-BsnH11MF-py3.8/lib/python3.8/site-packages/airflow/example_dags/example_dag_decorator.py
[2024-07-25T07:58:17.905+0000] {logging_mixin.py:188} INFO - [2024-07-25T07:58:17.905+0000] {dag.py:3089} INFO - Sync 1 DAGs
[2024-07-25T07:58:17.921+0000] {logging_mixin.py:188} INFO - [2024-07-25T07:58:17.921+0000] {dag.py:3947} INFO - Setting next_dagrun for example_dag_decorator to None, run_after=None
[2024-07-25T07:58:17.952+0000] {processor.py:183} INFO - Processing /root/.cache/pypoetry/virtualenvs/freeprise-matchmaker-BsnH11MF-py3.8/lib/python3.8/site-packages/airflow/example_dags/example_dag_decorator.py took 0.402 seconds
[2024-07-25T07:58:48.051+0000] {processor.py:161} INFO - Started process (PID=4645) to work on /root/.cache/pypoetry/virtualenvs/freeprise-matchmaker-BsnH11MF-py3.8/lib/python3.8/site-packages/airflow/example_dags/example_dag_decorator.py
[2024-07-25T07:58:48.054+0000] {processor.py:830} INFO - Processing file /root/.cache/pypoetry/virtualenvs/freeprise-matchmaker-BsnH11MF-py3.8/lib/python3.8/site-packages/airflow/example_dags/example_dag_decorator.py for tasks to queue
[2024-07-25T07:58:48.057+0000] {logging_mixin.py:188} INFO - [2024-07-25T07:58:48.056+0000] {dagbag.py:545} INFO - Filling up the DagBag from /root/.cache/pypoetry/virtualenvs/freeprise-matchmaker-BsnH11MF-py3.8/lib/python3.8/site-packages/airflow/example_dags/example_dag_decorator.py
[2024-07-25T07:58:48.202+0000] {processor.py:840} INFO - DAG(s) 'example_dag_decorator' retrieved from /root/.cache/pypoetry/virtualenvs/freeprise-matchmaker-BsnH11MF-py3.8/lib/python3.8/site-packages/airflow/example_dags/example_dag_decorator.py
[2024-07-25T07:58:48.396+0000] {logging_mixin.py:188} INFO - [2024-07-25T07:58:48.396+0000] {dag.py:3089} INFO - Sync 1 DAGs
[2024-07-25T07:58:48.413+0000] {logging_mixin.py:188} INFO - [2024-07-25T07:58:48.413+0000] {dag.py:3947} INFO - Setting next_dagrun for example_dag_decorator to None, run_after=None
[2024-07-25T07:58:48.441+0000] {processor.py:183} INFO - Processing /root/.cache/pypoetry/virtualenvs/freeprise-matchmaker-BsnH11MF-py3.8/lib/python3.8/site-packages/airflow/example_dags/example_dag_decorator.py took 0.407 seconds
[2024-07-25T07:59:18.702+0000] {processor.py:161} INFO - Started process (PID=4914) to work on /root/.cache/pypoetry/virtualenvs/freeprise-matchmaker-BsnH11MF-py3.8/lib/python3.8/site-packages/airflow/example_dags/example_dag_decorator.py
[2024-07-25T07:59:18.705+0000] {processor.py:830} INFO - Processing file /root/.cache/pypoetry/virtualenvs/freeprise-matchmaker-BsnH11MF-py3.8/lib/python3.8/site-packages/airflow/example_dags/example_dag_decorator.py for tasks to queue
[2024-07-25T07:59:18.708+0000] {logging_mixin.py:188} INFO - [2024-07-25T07:59:18.707+0000] {dagbag.py:545} INFO - Filling up the DagBag from /root/.cache/pypoetry/virtualenvs/freeprise-matchmaker-BsnH11MF-py3.8/lib/python3.8/site-packages/airflow/example_dags/example_dag_decorator.py
[2024-07-25T07:59:18.913+0000] {processor.py:840} INFO - DAG(s) 'example_dag_decorator' retrieved from /root/.cache/pypoetry/virtualenvs/freeprise-matchmaker-BsnH11MF-py3.8/lib/python3.8/site-packages/airflow/example_dags/example_dag_decorator.py
[2024-07-25T07:59:19.168+0000] {logging_mixin.py:188} INFO - [2024-07-25T07:59:19.168+0000] {dag.py:3089} INFO - Sync 1 DAGs
[2024-07-25T07:59:19.195+0000] {logging_mixin.py:188} INFO - [2024-07-25T07:59:19.194+0000] {dag.py:3947} INFO - Setting next_dagrun for example_dag_decorator to None, run_after=None
[2024-07-25T07:59:19.234+0000] {processor.py:183} INFO - Processing /root/.cache/pypoetry/virtualenvs/freeprise-matchmaker-BsnH11MF-py3.8/lib/python3.8/site-packages/airflow/example_dags/example_dag_decorator.py took 0.548 seconds
[2024-07-25T07:59:49.610+0000] {processor.py:161} INFO - Started process (PID=5185) to work on /root/.cache/pypoetry/virtualenvs/freeprise-matchmaker-BsnH11MF-py3.8/lib/python3.8/site-packages/airflow/example_dags/example_dag_decorator.py
[2024-07-25T07:59:49.612+0000] {processor.py:830} INFO - Processing file /root/.cache/pypoetry/virtualenvs/freeprise-matchmaker-BsnH11MF-py3.8/lib/python3.8/site-packages/airflow/example_dags/example_dag_decorator.py for tasks to queue
[2024-07-25T07:59:49.616+0000] {logging_mixin.py:188} INFO - [2024-07-25T07:59:49.615+0000] {dagbag.py:545} INFO - Filling up the DagBag from /root/.cache/pypoetry/virtualenvs/freeprise-matchmaker-BsnH11MF-py3.8/lib/python3.8/site-packages/airflow/example_dags/example_dag_decorator.py
[2024-07-25T07:59:49.806+0000] {processor.py:840} INFO - DAG(s) 'example_dag_decorator' retrieved from /root/.cache/pypoetry/virtualenvs/freeprise-matchmaker-BsnH11MF-py3.8/lib/python3.8/site-packages/airflow/example_dags/example_dag_decorator.py
[2024-07-25T07:59:50.087+0000] {logging_mixin.py:188} INFO - [2024-07-25T07:59:50.086+0000] {dag.py:3089} INFO - Sync 1 DAGs
[2024-07-25T07:59:50.123+0000] {logging_mixin.py:188} INFO - [2024-07-25T07:59:50.123+0000] {dag.py:3947} INFO - Setting next_dagrun for example_dag_decorator to None, run_after=None
[2024-07-25T07:59:50.165+0000] {processor.py:183} INFO - Processing /root/.cache/pypoetry/virtualenvs/freeprise-matchmaker-BsnH11MF-py3.8/lib/python3.8/site-packages/airflow/example_dags/example_dag_decorator.py took 0.568 seconds
[2024-07-25T08:00:20.238+0000] {processor.py:161} INFO - Started process (PID=5438) to work on /root/.cache/pypoetry/virtualenvs/freeprise-matchmaker-BsnH11MF-py3.8/lib/python3.8/site-packages/airflow/example_dags/example_dag_decorator.py
[2024-07-25T08:00:20.243+0000] {processor.py:830} INFO - Processing file /root/.cache/pypoetry/virtualenvs/freeprise-matchmaker-BsnH11MF-py3.8/lib/python3.8/site-packages/airflow/example_dags/example_dag_decorator.py for tasks to queue
[2024-07-25T08:00:20.247+0000] {logging_mixin.py:188} INFO - [2024-07-25T08:00:20.246+0000] {dagbag.py:545} INFO - Filling up the DagBag from /root/.cache/pypoetry/virtualenvs/freeprise-matchmaker-BsnH11MF-py3.8/lib/python3.8/site-packages/airflow/example_dags/example_dag_decorator.py
[2024-07-25T08:00:20.436+0000] {processor.py:840} INFO - DAG(s) 'example_dag_decorator' retrieved from /root/.cache/pypoetry/virtualenvs/freeprise-matchmaker-BsnH11MF-py3.8/lib/python3.8/site-packages/airflow/example_dags/example_dag_decorator.py
[2024-07-25T08:00:20.693+0000] {logging_mixin.py:188} INFO - [2024-07-25T08:00:20.692+0000] {dag.py:3089} INFO - Sync 1 DAGs
[2024-07-25T08:00:20.708+0000] {logging_mixin.py:188} INFO - [2024-07-25T08:00:20.708+0000] {dag.py:3947} INFO - Setting next_dagrun for example_dag_decorator to None, run_after=None
[2024-07-25T08:00:20.762+0000] {processor.py:183} INFO - Processing /root/.cache/pypoetry/virtualenvs/freeprise-matchmaker-BsnH11MF-py3.8/lib/python3.8/site-packages/airflow/example_dags/example_dag_decorator.py took 0.540 seconds
[2024-07-25T08:00:54.294+0000] {processor.py:161} INFO - Started process (PID=5697) to work on /root/.cache/pypoetry/virtualenvs/freeprise-matchmaker-BsnH11MF-py3.8/lib/python3.8/site-packages/airflow/example_dags/example_dag_decorator.py
[2024-07-25T08:00:54.299+0000] {processor.py:830} INFO - Processing file /root/.cache/pypoetry/virtualenvs/freeprise-matchmaker-BsnH11MF-py3.8/lib/python3.8/site-packages/airflow/example_dags/example_dag_decorator.py for tasks to queue
[2024-07-25T08:00:54.302+0000] {logging_mixin.py:188} INFO - [2024-07-25T08:00:54.301+0000] {dagbag.py:545} INFO - Filling up the DagBag from /root/.cache/pypoetry/virtualenvs/freeprise-matchmaker-BsnH11MF-py3.8/lib/python3.8/site-packages/airflow/example_dags/example_dag_decorator.py
[2024-07-25T08:00:54.495+0000] {processor.py:840} INFO - DAG(s) 'example_dag_decorator' retrieved from /root/.cache/pypoetry/virtualenvs/freeprise-matchmaker-BsnH11MF-py3.8/lib/python3.8/site-packages/airflow/example_dags/example_dag_decorator.py
[2024-07-25T08:00:54.753+0000] {logging_mixin.py:188} INFO - [2024-07-25T08:00:54.753+0000] {dag.py:3089} INFO - Sync 1 DAGs
[2024-07-25T08:00:54.781+0000] {logging_mixin.py:188} INFO - [2024-07-25T08:00:54.780+0000] {dag.py:3947} INFO - Setting next_dagrun for example_dag_decorator to None, run_after=None
[2024-07-25T08:00:54.827+0000] {processor.py:183} INFO - Processing /root/.cache/pypoetry/virtualenvs/freeprise-matchmaker-BsnH11MF-py3.8/lib/python3.8/site-packages/airflow/example_dags/example_dag_decorator.py took 0.548 seconds
