[2024-07-25T07:50:30.482+0000] {processor.py:161} INFO - Started process (PID=297) to work on /root/.cache/pypoetry/virtualenvs/freeprise-matchmaker-BsnH11MF-py3.8/lib/python3.8/site-packages/airflow/example_dags/example_python_operator.py
[2024-07-25T07:50:30.483+0000] {processor.py:830} INFO - Processing file /root/.cache/pypoetry/virtualenvs/freeprise-matchmaker-BsnH11MF-py3.8/lib/python3.8/site-packages/airflow/example_dags/example_python_operator.py for tasks to queue
[2024-07-25T07:50:30.486+0000] {logging_mixin.py:188} INFO - [2024-07-25T07:50:30.485+0000] {dagbag.py:545} INFO - Filling up the DagBag from /root/.cache/pypoetry/virtualenvs/freeprise-matchmaker-BsnH11MF-py3.8/lib/python3.8/site-packages/airflow/example_dags/example_python_operator.py
[2024-07-25T07:50:30.506+0000] {processor.py:840} INFO - DAG(s) 'example_python_operator' retrieved from /root/.cache/pypoetry/virtualenvs/freeprise-matchmaker-BsnH11MF-py3.8/lib/python3.8/site-packages/airflow/example_dags/example_python_operator.py
[2024-07-25T07:50:30.535+0000] {logging_mixin.py:188} INFO - [2024-07-25T07:50:30.535+0000] {dag.py:3089} INFO - Sync 1 DAGs
[2024-07-25T07:50:30.562+0000] {logging_mixin.py:188} INFO - [2024-07-25T07:50:30.562+0000] {dag.py:3947} INFO - Setting next_dagrun for example_python_operator to None, run_after=None
[2024-07-25T07:50:30.595+0000] {processor.py:183} INFO - Processing /root/.cache/pypoetry/virtualenvs/freeprise-matchmaker-BsnH11MF-py3.8/lib/python3.8/site-packages/airflow/example_dags/example_python_operator.py took 0.127 seconds
[2024-07-25T07:51:04.751+0000] {processor.py:161} INFO - Started process (PID=563) to work on /root/.cache/pypoetry/virtualenvs/freeprise-matchmaker-BsnH11MF-py3.8/lib/python3.8/site-packages/airflow/example_dags/example_python_operator.py
[2024-07-25T07:51:04.755+0000] {processor.py:830} INFO - Processing file /root/.cache/pypoetry/virtualenvs/freeprise-matchmaker-BsnH11MF-py3.8/lib/python3.8/site-packages/airflow/example_dags/example_python_operator.py for tasks to queue
[2024-07-25T07:51:04.758+0000] {logging_mixin.py:188} INFO - [2024-07-25T07:51:04.758+0000] {dagbag.py:545} INFO - Filling up the DagBag from /root/.cache/pypoetry/virtualenvs/freeprise-matchmaker-BsnH11MF-py3.8/lib/python3.8/site-packages/airflow/example_dags/example_python_operator.py
[2024-07-25T07:51:04.781+0000] {processor.py:840} INFO - DAG(s) 'example_python_operator' retrieved from /root/.cache/pypoetry/virtualenvs/freeprise-matchmaker-BsnH11MF-py3.8/lib/python3.8/site-packages/airflow/example_dags/example_python_operator.py
[2024-07-25T07:51:05.104+0000] {logging_mixin.py:188} INFO - [2024-07-25T07:51:05.104+0000] {dag.py:3089} INFO - Sync 1 DAGs
[2024-07-25T07:51:05.121+0000] {logging_mixin.py:188} INFO - [2024-07-25T07:51:05.121+0000] {dag.py:3947} INFO - Setting next_dagrun for example_python_operator to None, run_after=None
[2024-07-25T07:51:05.150+0000] {processor.py:183} INFO - Processing /root/.cache/pypoetry/virtualenvs/freeprise-matchmaker-BsnH11MF-py3.8/lib/python3.8/site-packages/airflow/example_dags/example_python_operator.py took 0.415 seconds
[2024-07-25T07:51:35.417+0000] {processor.py:161} INFO - Started process (PID=829) to work on /root/.cache/pypoetry/virtualenvs/freeprise-matchmaker-BsnH11MF-py3.8/lib/python3.8/site-packages/airflow/example_dags/example_python_operator.py
[2024-07-25T07:51:35.419+0000] {processor.py:830} INFO - Processing file /root/.cache/pypoetry/virtualenvs/freeprise-matchmaker-BsnH11MF-py3.8/lib/python3.8/site-packages/airflow/example_dags/example_python_operator.py for tasks to queue
[2024-07-25T07:51:35.423+0000] {logging_mixin.py:188} INFO - [2024-07-25T07:51:35.422+0000] {dagbag.py:545} INFO - Filling up the DagBag from /root/.cache/pypoetry/virtualenvs/freeprise-matchmaker-BsnH11MF-py3.8/lib/python3.8/site-packages/airflow/example_dags/example_python_operator.py
[2024-07-25T07:51:35.448+0000] {processor.py:840} INFO - DAG(s) 'example_python_operator' retrieved from /root/.cache/pypoetry/virtualenvs/freeprise-matchmaker-BsnH11MF-py3.8/lib/python3.8/site-packages/airflow/example_dags/example_python_operator.py
[2024-07-25T07:51:35.495+0000] {logging_mixin.py:188} INFO - [2024-07-25T07:51:35.495+0000] {dag.py:3089} INFO - Sync 1 DAGs
[2024-07-25T07:51:35.516+0000] {logging_mixin.py:188} INFO - [2024-07-25T07:51:35.516+0000] {dag.py:3947} INFO - Setting next_dagrun for example_python_operator to None, run_after=None
[2024-07-25T07:51:35.546+0000] {processor.py:183} INFO - Processing /root/.cache/pypoetry/virtualenvs/freeprise-matchmaker-BsnH11MF-py3.8/lib/python3.8/site-packages/airflow/example_dags/example_python_operator.py took 0.147 seconds
[2024-07-25T07:52:05.847+0000] {processor.py:161} INFO - Started process (PID=1095) to work on /root/.cache/pypoetry/virtualenvs/freeprise-matchmaker-BsnH11MF-py3.8/lib/python3.8/site-packages/airflow/example_dags/example_python_operator.py
[2024-07-25T07:52:05.849+0000] {processor.py:830} INFO - Processing file /root/.cache/pypoetry/virtualenvs/freeprise-matchmaker-BsnH11MF-py3.8/lib/python3.8/site-packages/airflow/example_dags/example_python_operator.py for tasks to queue
[2024-07-25T07:52:05.852+0000] {logging_mixin.py:188} INFO - [2024-07-25T07:52:05.851+0000] {dagbag.py:545} INFO - Filling up the DagBag from /root/.cache/pypoetry/virtualenvs/freeprise-matchmaker-BsnH11MF-py3.8/lib/python3.8/site-packages/airflow/example_dags/example_python_operator.py
[2024-07-25T07:52:05.873+0000] {processor.py:840} INFO - DAG(s) 'example_python_operator' retrieved from /root/.cache/pypoetry/virtualenvs/freeprise-matchmaker-BsnH11MF-py3.8/lib/python3.8/site-packages/airflow/example_dags/example_python_operator.py
[2024-07-25T07:52:05.924+0000] {logging_mixin.py:188} INFO - [2024-07-25T07:52:05.924+0000] {dag.py:3089} INFO - Sync 1 DAGs
[2024-07-25T07:52:05.945+0000] {logging_mixin.py:188} INFO - [2024-07-25T07:52:05.945+0000] {dag.py:3947} INFO - Setting next_dagrun for example_python_operator to None, run_after=None
[2024-07-25T07:52:05.975+0000] {processor.py:183} INFO - Processing /root/.cache/pypoetry/virtualenvs/freeprise-matchmaker-BsnH11MF-py3.8/lib/python3.8/site-packages/airflow/example_dags/example_python_operator.py took 0.140 seconds
[2024-07-25T07:52:37.004+0000] {processor.py:161} INFO - Started process (PID=1363) to work on /root/.cache/pypoetry/virtualenvs/freeprise-matchmaker-BsnH11MF-py3.8/lib/python3.8/site-packages/airflow/example_dags/example_python_operator.py
[2024-07-25T07:52:37.005+0000] {processor.py:830} INFO - Processing file /root/.cache/pypoetry/virtualenvs/freeprise-matchmaker-BsnH11MF-py3.8/lib/python3.8/site-packages/airflow/example_dags/example_python_operator.py for tasks to queue
[2024-07-25T07:52:37.007+0000] {logging_mixin.py:188} INFO - [2024-07-25T07:52:37.007+0000] {dagbag.py:545} INFO - Filling up the DagBag from /root/.cache/pypoetry/virtualenvs/freeprise-matchmaker-BsnH11MF-py3.8/lib/python3.8/site-packages/airflow/example_dags/example_python_operator.py
[2024-07-25T07:52:37.025+0000] {processor.py:840} INFO - DAG(s) 'example_python_operator' retrieved from /root/.cache/pypoetry/virtualenvs/freeprise-matchmaker-BsnH11MF-py3.8/lib/python3.8/site-packages/airflow/example_dags/example_python_operator.py
[2024-07-25T07:52:37.069+0000] {logging_mixin.py:188} INFO - [2024-07-25T07:52:37.068+0000] {dag.py:3089} INFO - Sync 1 DAGs
[2024-07-25T07:52:37.088+0000] {logging_mixin.py:188} INFO - [2024-07-25T07:52:37.088+0000] {dag.py:3947} INFO - Setting next_dagrun for example_python_operator to None, run_after=None
[2024-07-25T07:52:37.115+0000] {processor.py:183} INFO - Processing /root/.cache/pypoetry/virtualenvs/freeprise-matchmaker-BsnH11MF-py3.8/lib/python3.8/site-packages/airflow/example_dags/example_python_operator.py took 0.123 seconds
[2024-07-25T07:53:07.951+0000] {processor.py:161} INFO - Started process (PID=1629) to work on /root/.cache/pypoetry/virtualenvs/freeprise-matchmaker-BsnH11MF-py3.8/lib/python3.8/site-packages/airflow/example_dags/example_python_operator.py
[2024-07-25T07:53:07.953+0000] {processor.py:830} INFO - Processing file /root/.cache/pypoetry/virtualenvs/freeprise-matchmaker-BsnH11MF-py3.8/lib/python3.8/site-packages/airflow/example_dags/example_python_operator.py for tasks to queue
[2024-07-25T07:53:07.956+0000] {logging_mixin.py:188} INFO - [2024-07-25T07:53:07.955+0000] {dagbag.py:545} INFO - Filling up the DagBag from /root/.cache/pypoetry/virtualenvs/freeprise-matchmaker-BsnH11MF-py3.8/lib/python3.8/site-packages/airflow/example_dags/example_python_operator.py
[2024-07-25T07:53:07.980+0000] {processor.py:840} INFO - DAG(s) 'example_python_operator' retrieved from /root/.cache/pypoetry/virtualenvs/freeprise-matchmaker-BsnH11MF-py3.8/lib/python3.8/site-packages/airflow/example_dags/example_python_operator.py
[2024-07-25T07:53:08.032+0000] {logging_mixin.py:188} INFO - [2024-07-25T07:53:08.032+0000] {dag.py:3089} INFO - Sync 1 DAGs
[2024-07-25T07:53:08.054+0000] {logging_mixin.py:188} INFO - [2024-07-25T07:53:08.054+0000] {dag.py:3947} INFO - Setting next_dagrun for example_python_operator to None, run_after=None
[2024-07-25T07:53:08.083+0000] {processor.py:183} INFO - Processing /root/.cache/pypoetry/virtualenvs/freeprise-matchmaker-BsnH11MF-py3.8/lib/python3.8/site-packages/airflow/example_dags/example_python_operator.py took 0.144 seconds
[2024-07-25T07:53:38.548+0000] {processor.py:161} INFO - Started process (PID=1895) to work on /root/.cache/pypoetry/virtualenvs/freeprise-matchmaker-BsnH11MF-py3.8/lib/python3.8/site-packages/airflow/example_dags/example_python_operator.py
[2024-07-25T07:53:38.550+0000] {processor.py:830} INFO - Processing file /root/.cache/pypoetry/virtualenvs/freeprise-matchmaker-BsnH11MF-py3.8/lib/python3.8/site-packages/airflow/example_dags/example_python_operator.py for tasks to queue
[2024-07-25T07:53:38.553+0000] {logging_mixin.py:188} INFO - [2024-07-25T07:53:38.552+0000] {dagbag.py:545} INFO - Filling up the DagBag from /root/.cache/pypoetry/virtualenvs/freeprise-matchmaker-BsnH11MF-py3.8/lib/python3.8/site-packages/airflow/example_dags/example_python_operator.py
[2024-07-25T07:53:38.570+0000] {processor.py:840} INFO - DAG(s) 'example_python_operator' retrieved from /root/.cache/pypoetry/virtualenvs/freeprise-matchmaker-BsnH11MF-py3.8/lib/python3.8/site-packages/airflow/example_dags/example_python_operator.py
[2024-07-25T07:53:38.615+0000] {logging_mixin.py:188} INFO - [2024-07-25T07:53:38.615+0000] {dag.py:3089} INFO - Sync 1 DAGs
[2024-07-25T07:53:38.635+0000] {logging_mixin.py:188} INFO - [2024-07-25T07:53:38.635+0000] {dag.py:3947} INFO - Setting next_dagrun for example_python_operator to None, run_after=None
[2024-07-25T07:53:38.662+0000] {processor.py:183} INFO - Processing /root/.cache/pypoetry/virtualenvs/freeprise-matchmaker-BsnH11MF-py3.8/lib/python3.8/site-packages/airflow/example_dags/example_python_operator.py took 0.127 seconds
[2024-07-25T07:54:09.035+0000] {processor.py:161} INFO - Started process (PID=2161) to work on /root/.cache/pypoetry/virtualenvs/freeprise-matchmaker-BsnH11MF-py3.8/lib/python3.8/site-packages/airflow/example_dags/example_python_operator.py
[2024-07-25T07:54:09.037+0000] {processor.py:830} INFO - Processing file /root/.cache/pypoetry/virtualenvs/freeprise-matchmaker-BsnH11MF-py3.8/lib/python3.8/site-packages/airflow/example_dags/example_python_operator.py for tasks to queue
[2024-07-25T07:54:09.040+0000] {logging_mixin.py:188} INFO - [2024-07-25T07:54:09.040+0000] {dagbag.py:545} INFO - Filling up the DagBag from /root/.cache/pypoetry/virtualenvs/freeprise-matchmaker-BsnH11MF-py3.8/lib/python3.8/site-packages/airflow/example_dags/example_python_operator.py
[2024-07-25T07:54:09.058+0000] {processor.py:840} INFO - DAG(s) 'example_python_operator' retrieved from /root/.cache/pypoetry/virtualenvs/freeprise-matchmaker-BsnH11MF-py3.8/lib/python3.8/site-packages/airflow/example_dags/example_python_operator.py
[2024-07-25T07:54:09.104+0000] {logging_mixin.py:188} INFO - [2024-07-25T07:54:09.104+0000] {dag.py:3089} INFO - Sync 1 DAGs
[2024-07-25T07:54:09.125+0000] {logging_mixin.py:188} INFO - [2024-07-25T07:54:09.125+0000] {dag.py:3947} INFO - Setting next_dagrun for example_python_operator to None, run_after=None
[2024-07-25T07:54:09.154+0000] {processor.py:183} INFO - Processing /root/.cache/pypoetry/virtualenvs/freeprise-matchmaker-BsnH11MF-py3.8/lib/python3.8/site-packages/airflow/example_dags/example_python_operator.py took 0.130 seconds
[2024-07-25T07:54:39.458+0000] {processor.py:161} INFO - Started process (PID=2427) to work on /root/.cache/pypoetry/virtualenvs/freeprise-matchmaker-BsnH11MF-py3.8/lib/python3.8/site-packages/airflow/example_dags/example_python_operator.py
[2024-07-25T07:54:39.459+0000] {processor.py:830} INFO - Processing file /root/.cache/pypoetry/virtualenvs/freeprise-matchmaker-BsnH11MF-py3.8/lib/python3.8/site-packages/airflow/example_dags/example_python_operator.py for tasks to queue
[2024-07-25T07:54:39.462+0000] {logging_mixin.py:188} INFO - [2024-07-25T07:54:39.461+0000] {dagbag.py:545} INFO - Filling up the DagBag from /root/.cache/pypoetry/virtualenvs/freeprise-matchmaker-BsnH11MF-py3.8/lib/python3.8/site-packages/airflow/example_dags/example_python_operator.py
[2024-07-25T07:54:39.479+0000] {processor.py:840} INFO - DAG(s) 'example_python_operator' retrieved from /root/.cache/pypoetry/virtualenvs/freeprise-matchmaker-BsnH11MF-py3.8/lib/python3.8/site-packages/airflow/example_dags/example_python_operator.py
[2024-07-25T07:54:39.524+0000] {logging_mixin.py:188} INFO - [2024-07-25T07:54:39.523+0000] {dag.py:3089} INFO - Sync 1 DAGs
[2024-07-25T07:54:39.545+0000] {logging_mixin.py:188} INFO - [2024-07-25T07:54:39.544+0000] {dag.py:3947} INFO - Setting next_dagrun for example_python_operator to None, run_after=None
[2024-07-25T07:54:39.572+0000] {processor.py:183} INFO - Processing /root/.cache/pypoetry/virtualenvs/freeprise-matchmaker-BsnH11MF-py3.8/lib/python3.8/site-packages/airflow/example_dags/example_python_operator.py took 0.126 seconds
[2024-07-25T07:55:09.854+0000] {processor.py:161} INFO - Started process (PID=2693) to work on /root/.cache/pypoetry/virtualenvs/freeprise-matchmaker-BsnH11MF-py3.8/lib/python3.8/site-packages/airflow/example_dags/example_python_operator.py
[2024-07-25T07:55:09.856+0000] {processor.py:830} INFO - Processing file /root/.cache/pypoetry/virtualenvs/freeprise-matchmaker-BsnH11MF-py3.8/lib/python3.8/site-packages/airflow/example_dags/example_python_operator.py for tasks to queue
[2024-07-25T07:55:09.859+0000] {logging_mixin.py:188} INFO - [2024-07-25T07:55:09.858+0000] {dagbag.py:545} INFO - Filling up the DagBag from /root/.cache/pypoetry/virtualenvs/freeprise-matchmaker-BsnH11MF-py3.8/lib/python3.8/site-packages/airflow/example_dags/example_python_operator.py
[2024-07-25T07:55:09.876+0000] {processor.py:840} INFO - DAG(s) 'example_python_operator' retrieved from /root/.cache/pypoetry/virtualenvs/freeprise-matchmaker-BsnH11MF-py3.8/lib/python3.8/site-packages/airflow/example_dags/example_python_operator.py
[2024-07-25T07:55:09.927+0000] {logging_mixin.py:188} INFO - [2024-07-25T07:55:09.927+0000] {dag.py:3089} INFO - Sync 1 DAGs
[2024-07-25T07:55:09.949+0000] {logging_mixin.py:188} INFO - [2024-07-25T07:55:09.948+0000] {dag.py:3947} INFO - Setting next_dagrun for example_python_operator to None, run_after=None
[2024-07-25T07:55:09.978+0000] {processor.py:183} INFO - Processing /root/.cache/pypoetry/virtualenvs/freeprise-matchmaker-BsnH11MF-py3.8/lib/python3.8/site-packages/airflow/example_dags/example_python_operator.py took 0.136 seconds
[2024-07-25T07:55:40.115+0000] {processor.py:161} INFO - Started process (PID=2957) to work on /root/.cache/pypoetry/virtualenvs/freeprise-matchmaker-BsnH11MF-py3.8/lib/python3.8/site-packages/airflow/example_dags/example_python_operator.py
[2024-07-25T07:55:40.117+0000] {processor.py:830} INFO - Processing file /root/.cache/pypoetry/virtualenvs/freeprise-matchmaker-BsnH11MF-py3.8/lib/python3.8/site-packages/airflow/example_dags/example_python_operator.py for tasks to queue
[2024-07-25T07:55:40.120+0000] {logging_mixin.py:188} INFO - [2024-07-25T07:55:40.120+0000] {dagbag.py:545} INFO - Filling up the DagBag from /root/.cache/pypoetry/virtualenvs/freeprise-matchmaker-BsnH11MF-py3.8/lib/python3.8/site-packages/airflow/example_dags/example_python_operator.py
[2024-07-25T07:55:40.142+0000] {processor.py:840} INFO - DAG(s) 'example_python_operator' retrieved from /root/.cache/pypoetry/virtualenvs/freeprise-matchmaker-BsnH11MF-py3.8/lib/python3.8/site-packages/airflow/example_dags/example_python_operator.py
[2024-07-25T07:55:40.195+0000] {logging_mixin.py:188} INFO - [2024-07-25T07:55:40.195+0000] {dag.py:3089} INFO - Sync 1 DAGs
[2024-07-25T07:55:40.218+0000] {logging_mixin.py:188} INFO - [2024-07-25T07:55:40.218+0000] {dag.py:3947} INFO - Setting next_dagrun for example_python_operator to None, run_after=None
[2024-07-25T07:55:40.253+0000] {processor.py:183} INFO - Processing /root/.cache/pypoetry/virtualenvs/freeprise-matchmaker-BsnH11MF-py3.8/lib/python3.8/site-packages/airflow/example_dags/example_python_operator.py took 0.153 seconds
[2024-07-25T07:56:10.689+0000] {processor.py:161} INFO - Started process (PID=3223) to work on /root/.cache/pypoetry/virtualenvs/freeprise-matchmaker-BsnH11MF-py3.8/lib/python3.8/site-packages/airflow/example_dags/example_python_operator.py
[2024-07-25T07:56:10.692+0000] {processor.py:830} INFO - Processing file /root/.cache/pypoetry/virtualenvs/freeprise-matchmaker-BsnH11MF-py3.8/lib/python3.8/site-packages/airflow/example_dags/example_python_operator.py for tasks to queue
[2024-07-25T07:56:10.695+0000] {logging_mixin.py:188} INFO - [2024-07-25T07:56:10.695+0000] {dagbag.py:545} INFO - Filling up the DagBag from /root/.cache/pypoetry/virtualenvs/freeprise-matchmaker-BsnH11MF-py3.8/lib/python3.8/site-packages/airflow/example_dags/example_python_operator.py
[2024-07-25T07:56:10.716+0000] {processor.py:840} INFO - DAG(s) 'example_python_operator' retrieved from /root/.cache/pypoetry/virtualenvs/freeprise-matchmaker-BsnH11MF-py3.8/lib/python3.8/site-packages/airflow/example_dags/example_python_operator.py
[2024-07-25T07:56:10.765+0000] {logging_mixin.py:188} INFO - [2024-07-25T07:56:10.765+0000] {dag.py:3089} INFO - Sync 1 DAGs
[2024-07-25T07:56:10.787+0000] {logging_mixin.py:188} INFO - [2024-07-25T07:56:10.787+0000] {dag.py:3947} INFO - Setting next_dagrun for example_python_operator to None, run_after=None
[2024-07-25T07:56:10.825+0000] {processor.py:183} INFO - Processing /root/.cache/pypoetry/virtualenvs/freeprise-matchmaker-BsnH11MF-py3.8/lib/python3.8/site-packages/airflow/example_dags/example_python_operator.py took 0.152 seconds
[2024-07-25T07:56:41.585+0000] {processor.py:161} INFO - Started process (PID=3489) to work on /root/.cache/pypoetry/virtualenvs/freeprise-matchmaker-BsnH11MF-py3.8/lib/python3.8/site-packages/airflow/example_dags/example_python_operator.py
[2024-07-25T07:56:41.586+0000] {processor.py:830} INFO - Processing file /root/.cache/pypoetry/virtualenvs/freeprise-matchmaker-BsnH11MF-py3.8/lib/python3.8/site-packages/airflow/example_dags/example_python_operator.py for tasks to queue
[2024-07-25T07:56:41.590+0000] {logging_mixin.py:188} INFO - [2024-07-25T07:56:41.589+0000] {dagbag.py:545} INFO - Filling up the DagBag from /root/.cache/pypoetry/virtualenvs/freeprise-matchmaker-BsnH11MF-py3.8/lib/python3.8/site-packages/airflow/example_dags/example_python_operator.py
[2024-07-25T07:56:41.611+0000] {processor.py:840} INFO - DAG(s) 'example_python_operator' retrieved from /root/.cache/pypoetry/virtualenvs/freeprise-matchmaker-BsnH11MF-py3.8/lib/python3.8/site-packages/airflow/example_dags/example_python_operator.py
[2024-07-25T07:56:41.663+0000] {logging_mixin.py:188} INFO - [2024-07-25T07:56:41.662+0000] {dag.py:3089} INFO - Sync 1 DAGs
[2024-07-25T07:56:41.685+0000] {logging_mixin.py:188} INFO - [2024-07-25T07:56:41.684+0000] {dag.py:3947} INFO - Setting next_dagrun for example_python_operator to None, run_after=None
[2024-07-25T07:56:41.714+0000] {processor.py:183} INFO - Processing /root/.cache/pypoetry/virtualenvs/freeprise-matchmaker-BsnH11MF-py3.8/lib/python3.8/site-packages/airflow/example_dags/example_python_operator.py took 0.146 seconds
[2024-07-25T07:57:11.925+0000] {processor.py:161} INFO - Started process (PID=3755) to work on /root/.cache/pypoetry/virtualenvs/freeprise-matchmaker-BsnH11MF-py3.8/lib/python3.8/site-packages/airflow/example_dags/example_python_operator.py
[2024-07-25T07:57:11.928+0000] {processor.py:830} INFO - Processing file /root/.cache/pypoetry/virtualenvs/freeprise-matchmaker-BsnH11MF-py3.8/lib/python3.8/site-packages/airflow/example_dags/example_python_operator.py for tasks to queue
[2024-07-25T07:57:11.931+0000] {logging_mixin.py:188} INFO - [2024-07-25T07:57:11.931+0000] {dagbag.py:545} INFO - Filling up the DagBag from /root/.cache/pypoetry/virtualenvs/freeprise-matchmaker-BsnH11MF-py3.8/lib/python3.8/site-packages/airflow/example_dags/example_python_operator.py
[2024-07-25T07:57:11.952+0000] {processor.py:840} INFO - DAG(s) 'example_python_operator' retrieved from /root/.cache/pypoetry/virtualenvs/freeprise-matchmaker-BsnH11MF-py3.8/lib/python3.8/site-packages/airflow/example_dags/example_python_operator.py
[2024-07-25T07:57:11.999+0000] {logging_mixin.py:188} INFO - [2024-07-25T07:57:11.999+0000] {dag.py:3089} INFO - Sync 1 DAGs
[2024-07-25T07:57:12.021+0000] {logging_mixin.py:188} INFO - [2024-07-25T07:57:12.021+0000] {dag.py:3947} INFO - Setting next_dagrun for example_python_operator to None, run_after=None
[2024-07-25T07:57:12.059+0000] {processor.py:183} INFO - Processing /root/.cache/pypoetry/virtualenvs/freeprise-matchmaker-BsnH11MF-py3.8/lib/python3.8/site-packages/airflow/example_dags/example_python_operator.py took 0.150 seconds
[2024-07-25T07:57:42.464+0000] {processor.py:161} INFO - Started process (PID=4023) to work on /root/.cache/pypoetry/virtualenvs/freeprise-matchmaker-BsnH11MF-py3.8/lib/python3.8/site-packages/airflow/example_dags/example_python_operator.py
[2024-07-25T07:57:42.467+0000] {processor.py:830} INFO - Processing file /root/.cache/pypoetry/virtualenvs/freeprise-matchmaker-BsnH11MF-py3.8/lib/python3.8/site-packages/airflow/example_dags/example_python_operator.py for tasks to queue
[2024-07-25T07:57:42.469+0000] {logging_mixin.py:188} INFO - [2024-07-25T07:57:42.469+0000] {dagbag.py:545} INFO - Filling up the DagBag from /root/.cache/pypoetry/virtualenvs/freeprise-matchmaker-BsnH11MF-py3.8/lib/python3.8/site-packages/airflow/example_dags/example_python_operator.py
[2024-07-25T07:57:42.486+0000] {processor.py:840} INFO - DAG(s) 'example_python_operator' retrieved from /root/.cache/pypoetry/virtualenvs/freeprise-matchmaker-BsnH11MF-py3.8/lib/python3.8/site-packages/airflow/example_dags/example_python_operator.py
[2024-07-25T07:57:42.530+0000] {logging_mixin.py:188} INFO - [2024-07-25T07:57:42.529+0000] {dag.py:3089} INFO - Sync 1 DAGs
[2024-07-25T07:57:42.550+0000] {logging_mixin.py:188} INFO - [2024-07-25T07:57:42.549+0000] {dag.py:3947} INFO - Setting next_dagrun for example_python_operator to None, run_after=None
[2024-07-25T07:57:42.576+0000] {processor.py:183} INFO - Processing /root/.cache/pypoetry/virtualenvs/freeprise-matchmaker-BsnH11MF-py3.8/lib/python3.8/site-packages/airflow/example_dags/example_python_operator.py took 0.127 seconds
[2024-07-25T07:58:13.604+0000] {processor.py:161} INFO - Started process (PID=4287) to work on /root/.cache/pypoetry/virtualenvs/freeprise-matchmaker-BsnH11MF-py3.8/lib/python3.8/site-packages/airflow/example_dags/example_python_operator.py
[2024-07-25T07:58:13.605+0000] {processor.py:830} INFO - Processing file /root/.cache/pypoetry/virtualenvs/freeprise-matchmaker-BsnH11MF-py3.8/lib/python3.8/site-packages/airflow/example_dags/example_python_operator.py for tasks to queue
[2024-07-25T07:58:13.609+0000] {logging_mixin.py:188} INFO - [2024-07-25T07:58:13.608+0000] {dagbag.py:545} INFO - Filling up the DagBag from /root/.cache/pypoetry/virtualenvs/freeprise-matchmaker-BsnH11MF-py3.8/lib/python3.8/site-packages/airflow/example_dags/example_python_operator.py
[2024-07-25T07:58:13.633+0000] {processor.py:840} INFO - DAG(s) 'example_python_operator' retrieved from /root/.cache/pypoetry/virtualenvs/freeprise-matchmaker-BsnH11MF-py3.8/lib/python3.8/site-packages/airflow/example_dags/example_python_operator.py
[2024-07-25T07:58:13.690+0000] {logging_mixin.py:188} INFO - [2024-07-25T07:58:13.690+0000] {dag.py:3089} INFO - Sync 1 DAGs
[2024-07-25T07:58:13.713+0000] {logging_mixin.py:188} INFO - [2024-07-25T07:58:13.713+0000] {dag.py:3947} INFO - Setting next_dagrun for example_python_operator to None, run_after=None
[2024-07-25T07:58:13.743+0000] {processor.py:183} INFO - Processing /root/.cache/pypoetry/virtualenvs/freeprise-matchmaker-BsnH11MF-py3.8/lib/python3.8/site-packages/airflow/example_dags/example_python_operator.py took 0.154 seconds
[2024-07-25T07:58:44.057+0000] {processor.py:161} INFO - Started process (PID=4553) to work on /root/.cache/pypoetry/virtualenvs/freeprise-matchmaker-BsnH11MF-py3.8/lib/python3.8/site-packages/airflow/example_dags/example_python_operator.py
[2024-07-25T07:58:44.059+0000] {processor.py:830} INFO - Processing file /root/.cache/pypoetry/virtualenvs/freeprise-matchmaker-BsnH11MF-py3.8/lib/python3.8/site-packages/airflow/example_dags/example_python_operator.py for tasks to queue
[2024-07-25T07:58:44.061+0000] {logging_mixin.py:188} INFO - [2024-07-25T07:58:44.061+0000] {dagbag.py:545} INFO - Filling up the DagBag from /root/.cache/pypoetry/virtualenvs/freeprise-matchmaker-BsnH11MF-py3.8/lib/python3.8/site-packages/airflow/example_dags/example_python_operator.py
[2024-07-25T07:58:44.079+0000] {processor.py:840} INFO - DAG(s) 'example_python_operator' retrieved from /root/.cache/pypoetry/virtualenvs/freeprise-matchmaker-BsnH11MF-py3.8/lib/python3.8/site-packages/airflow/example_dags/example_python_operator.py
[2024-07-25T07:58:44.129+0000] {logging_mixin.py:188} INFO - [2024-07-25T07:58:44.128+0000] {dag.py:3089} INFO - Sync 1 DAGs
[2024-07-25T07:58:44.149+0000] {logging_mixin.py:188} INFO - [2024-07-25T07:58:44.149+0000] {dag.py:3947} INFO - Setting next_dagrun for example_python_operator to None, run_after=None
[2024-07-25T07:58:44.187+0000] {processor.py:183} INFO - Processing /root/.cache/pypoetry/virtualenvs/freeprise-matchmaker-BsnH11MF-py3.8/lib/python3.8/site-packages/airflow/example_dags/example_python_operator.py took 0.142 seconds
[2024-07-25T07:59:14.303+0000] {processor.py:161} INFO - Started process (PID=4816) to work on /root/.cache/pypoetry/virtualenvs/freeprise-matchmaker-BsnH11MF-py3.8/lib/python3.8/site-packages/airflow/example_dags/example_python_operator.py
[2024-07-25T07:59:14.305+0000] {processor.py:830} INFO - Processing file /root/.cache/pypoetry/virtualenvs/freeprise-matchmaker-BsnH11MF-py3.8/lib/python3.8/site-packages/airflow/example_dags/example_python_operator.py for tasks to queue
[2024-07-25T07:59:14.308+0000] {logging_mixin.py:188} INFO - [2024-07-25T07:59:14.308+0000] {dagbag.py:545} INFO - Filling up the DagBag from /root/.cache/pypoetry/virtualenvs/freeprise-matchmaker-BsnH11MF-py3.8/lib/python3.8/site-packages/airflow/example_dags/example_python_operator.py
[2024-07-25T07:59:14.340+0000] {processor.py:840} INFO - DAG(s) 'example_python_operator' retrieved from /root/.cache/pypoetry/virtualenvs/freeprise-matchmaker-BsnH11MF-py3.8/lib/python3.8/site-packages/airflow/example_dags/example_python_operator.py
[2024-07-25T07:59:14.456+0000] {logging_mixin.py:188} INFO - [2024-07-25T07:59:14.455+0000] {dag.py:3089} INFO - Sync 1 DAGs
[2024-07-25T07:59:14.487+0000] {logging_mixin.py:188} INFO - [2024-07-25T07:59:14.486+0000] {dag.py:3947} INFO - Setting next_dagrun for example_python_operator to None, run_after=None
[2024-07-25T07:59:14.525+0000] {processor.py:183} INFO - Processing /root/.cache/pypoetry/virtualenvs/freeprise-matchmaker-BsnH11MF-py3.8/lib/python3.8/site-packages/airflow/example_dags/example_python_operator.py took 0.238 seconds
[2024-07-25T07:59:44.715+0000] {processor.py:161} INFO - Started process (PID=5077) to work on /root/.cache/pypoetry/virtualenvs/freeprise-matchmaker-BsnH11MF-py3.8/lib/python3.8/site-packages/airflow/example_dags/example_python_operator.py
[2024-07-25T07:59:44.717+0000] {processor.py:830} INFO - Processing file /root/.cache/pypoetry/virtualenvs/freeprise-matchmaker-BsnH11MF-py3.8/lib/python3.8/site-packages/airflow/example_dags/example_python_operator.py for tasks to queue
[2024-07-25T07:59:44.721+0000] {logging_mixin.py:188} INFO - [2024-07-25T07:59:44.720+0000] {dagbag.py:545} INFO - Filling up the DagBag from /root/.cache/pypoetry/virtualenvs/freeprise-matchmaker-BsnH11MF-py3.8/lib/python3.8/site-packages/airflow/example_dags/example_python_operator.py
[2024-07-25T07:59:44.746+0000] {processor.py:840} INFO - DAG(s) 'example_python_operator' retrieved from /root/.cache/pypoetry/virtualenvs/freeprise-matchmaker-BsnH11MF-py3.8/lib/python3.8/site-packages/airflow/example_dags/example_python_operator.py
[2024-07-25T07:59:44.818+0000] {logging_mixin.py:188} INFO - [2024-07-25T07:59:44.817+0000] {dag.py:3089} INFO - Sync 1 DAGs
[2024-07-25T07:59:44.857+0000] {logging_mixin.py:188} INFO - [2024-07-25T07:59:44.856+0000] {dag.py:3947} INFO - Setting next_dagrun for example_python_operator to None, run_after=None
[2024-07-25T07:59:44.903+0000] {processor.py:183} INFO - Processing /root/.cache/pypoetry/virtualenvs/freeprise-matchmaker-BsnH11MF-py3.8/lib/python3.8/site-packages/airflow/example_dags/example_python_operator.py took 0.204 seconds
[2024-07-25T08:00:15.079+0000] {processor.py:161} INFO - Started process (PID=5345) to work on /root/.cache/pypoetry/virtualenvs/freeprise-matchmaker-BsnH11MF-py3.8/lib/python3.8/site-packages/airflow/example_dags/example_python_operator.py
[2024-07-25T08:00:15.081+0000] {processor.py:830} INFO - Processing file /root/.cache/pypoetry/virtualenvs/freeprise-matchmaker-BsnH11MF-py3.8/lib/python3.8/site-packages/airflow/example_dags/example_python_operator.py for tasks to queue
[2024-07-25T08:00:15.084+0000] {logging_mixin.py:188} INFO - [2024-07-25T08:00:15.083+0000] {dagbag.py:545} INFO - Filling up the DagBag from /root/.cache/pypoetry/virtualenvs/freeprise-matchmaker-BsnH11MF-py3.8/lib/python3.8/site-packages/airflow/example_dags/example_python_operator.py
[2024-07-25T08:00:15.101+0000] {processor.py:840} INFO - DAG(s) 'example_python_operator' retrieved from /root/.cache/pypoetry/virtualenvs/freeprise-matchmaker-BsnH11MF-py3.8/lib/python3.8/site-packages/airflow/example_dags/example_python_operator.py
[2024-07-25T08:00:15.159+0000] {logging_mixin.py:188} INFO - [2024-07-25T08:00:15.159+0000] {dag.py:3089} INFO - Sync 1 DAGs
[2024-07-25T08:00:15.184+0000] {logging_mixin.py:188} INFO - [2024-07-25T08:00:15.184+0000] {dag.py:3947} INFO - Setting next_dagrun for example_python_operator to None, run_after=None
[2024-07-25T08:00:15.218+0000] {processor.py:183} INFO - Processing /root/.cache/pypoetry/virtualenvs/freeprise-matchmaker-BsnH11MF-py3.8/lib/python3.8/site-packages/airflow/example_dags/example_python_operator.py took 0.150 seconds
[2024-07-25T08:00:46.423+0000] {processor.py:161} INFO - Started process (PID=5611) to work on /root/.cache/pypoetry/virtualenvs/freeprise-matchmaker-BsnH11MF-py3.8/lib/python3.8/site-packages/airflow/example_dags/example_python_operator.py
[2024-07-25T08:00:46.432+0000] {processor.py:830} INFO - Processing file /root/.cache/pypoetry/virtualenvs/freeprise-matchmaker-BsnH11MF-py3.8/lib/python3.8/site-packages/airflow/example_dags/example_python_operator.py for tasks to queue
[2024-07-25T08:00:46.442+0000] {logging_mixin.py:188} INFO - [2024-07-25T08:00:46.441+0000] {dagbag.py:545} INFO - Filling up the DagBag from /root/.cache/pypoetry/virtualenvs/freeprise-matchmaker-BsnH11MF-py3.8/lib/python3.8/site-packages/airflow/example_dags/example_python_operator.py
[2024-07-25T08:00:46.545+0000] {processor.py:840} INFO - DAG(s) 'example_python_operator' retrieved from /root/.cache/pypoetry/virtualenvs/freeprise-matchmaker-BsnH11MF-py3.8/lib/python3.8/site-packages/airflow/example_dags/example_python_operator.py
[2024-07-25T08:00:46.998+0000] {logging_mixin.py:188} INFO - [2024-07-25T08:00:46.996+0000] {dag.py:3089} INFO - Sync 1 DAGs
[2024-07-25T08:00:47.186+0000] {logging_mixin.py:188} INFO - [2024-07-25T08:00:47.183+0000] {dag.py:3947} INFO - Setting next_dagrun for example_python_operator to None, run_after=None
[2024-07-25T08:00:47.342+0000] {processor.py:183} INFO - Processing /root/.cache/pypoetry/virtualenvs/freeprise-matchmaker-BsnH11MF-py3.8/lib/python3.8/site-packages/airflow/example_dags/example_python_operator.py took 0.978 seconds
