[2024-07-25T07:50:30.814+0000] {processor.py:161} INFO - Started process (PID=319) to work on /root/.cache/pypoetry/virtualenvs/freeprise-matchmaker-BsnH11MF-py3.8/lib/python3.8/site-packages/airflow/example_dags/example_params_trigger_ui.py
[2024-07-25T07:50:30.816+0000] {processor.py:830} INFO - Processing file /root/.cache/pypoetry/virtualenvs/freeprise-matchmaker-BsnH11MF-py3.8/lib/python3.8/site-packages/airflow/example_dags/example_params_trigger_ui.py for tasks to queue
[2024-07-25T07:50:30.819+0000] {logging_mixin.py:188} INFO - [2024-07-25T07:50:30.818+0000] {dagbag.py:545} INFO - Filling up the DagBag from /root/.cache/pypoetry/virtualenvs/freeprise-matchmaker-BsnH11MF-py3.8/lib/python3.8/site-packages/airflow/example_dags/example_params_trigger_ui.py
[2024-07-25T07:50:30.836+0000] {processor.py:840} INFO - DAG(s) 'example_params_trigger_ui' retrieved from /root/.cache/pypoetry/virtualenvs/freeprise-matchmaker-BsnH11MF-py3.8/lib/python3.8/site-packages/airflow/example_dags/example_params_trigger_ui.py
[2024-07-25T07:50:30.862+0000] {logging_mixin.py:188} INFO - [2024-07-25T07:50:30.862+0000] {dag.py:3089} INFO - Sync 1 DAGs
[2024-07-25T07:50:30.888+0000] {logging_mixin.py:188} INFO - [2024-07-25T07:50:30.888+0000] {dag.py:3947} INFO - Setting next_dagrun for example_params_trigger_ui to None, run_after=None
[2024-07-25T07:50:30.924+0000] {processor.py:183} INFO - Processing /root/.cache/pypoetry/virtualenvs/freeprise-matchmaker-BsnH11MF-py3.8/lib/python3.8/site-packages/airflow/example_dags/example_params_trigger_ui.py took 0.121 seconds
[2024-07-25T07:51:05.661+0000] {processor.py:161} INFO - Started process (PID=583) to work on /root/.cache/pypoetry/virtualenvs/freeprise-matchmaker-BsnH11MF-py3.8/lib/python3.8/site-packages/airflow/example_dags/example_params_trigger_ui.py
[2024-07-25T07:51:05.663+0000] {processor.py:830} INFO - Processing file /root/.cache/pypoetry/virtualenvs/freeprise-matchmaker-BsnH11MF-py3.8/lib/python3.8/site-packages/airflow/example_dags/example_params_trigger_ui.py for tasks to queue
[2024-07-25T07:51:05.666+0000] {logging_mixin.py:188} INFO - [2024-07-25T07:51:05.665+0000] {dagbag.py:545} INFO - Filling up the DagBag from /root/.cache/pypoetry/virtualenvs/freeprise-matchmaker-BsnH11MF-py3.8/lib/python3.8/site-packages/airflow/example_dags/example_params_trigger_ui.py
[2024-07-25T07:51:05.681+0000] {processor.py:840} INFO - DAG(s) 'example_params_trigger_ui' retrieved from /root/.cache/pypoetry/virtualenvs/freeprise-matchmaker-BsnH11MF-py3.8/lib/python3.8/site-packages/airflow/example_dags/example_params_trigger_ui.py
[2024-07-25T07:51:06.069+0000] {logging_mixin.py:188} INFO - [2024-07-25T07:51:06.068+0000] {dag.py:3089} INFO - Sync 1 DAGs
[2024-07-25T07:51:06.088+0000] {logging_mixin.py:188} INFO - [2024-07-25T07:51:06.088+0000] {dag.py:3947} INFO - Setting next_dagrun for example_params_trigger_ui to None, run_after=None
[2024-07-25T07:51:06.121+0000] {processor.py:183} INFO - Processing /root/.cache/pypoetry/virtualenvs/freeprise-matchmaker-BsnH11MF-py3.8/lib/python3.8/site-packages/airflow/example_dags/example_params_trigger_ui.py took 0.472 seconds
[2024-07-25T07:51:36.658+0000] {processor.py:161} INFO - Started process (PID=849) to work on /root/.cache/pypoetry/virtualenvs/freeprise-matchmaker-BsnH11MF-py3.8/lib/python3.8/site-packages/airflow/example_dags/example_params_trigger_ui.py
[2024-07-25T07:51:36.659+0000] {processor.py:830} INFO - Processing file /root/.cache/pypoetry/virtualenvs/freeprise-matchmaker-BsnH11MF-py3.8/lib/python3.8/site-packages/airflow/example_dags/example_params_trigger_ui.py for tasks to queue
[2024-07-25T07:51:36.661+0000] {logging_mixin.py:188} INFO - [2024-07-25T07:51:36.661+0000] {dagbag.py:545} INFO - Filling up the DagBag from /root/.cache/pypoetry/virtualenvs/freeprise-matchmaker-BsnH11MF-py3.8/lib/python3.8/site-packages/airflow/example_dags/example_params_trigger_ui.py
[2024-07-25T07:51:36.677+0000] {processor.py:840} INFO - DAG(s) 'example_params_trigger_ui' retrieved from /root/.cache/pypoetry/virtualenvs/freeprise-matchmaker-BsnH11MF-py3.8/lib/python3.8/site-packages/airflow/example_dags/example_params_trigger_ui.py
[2024-07-25T07:51:36.794+0000] {logging_mixin.py:188} INFO - [2024-07-25T07:51:36.793+0000] {dag.py:3089} INFO - Sync 1 DAGs
[2024-07-25T07:51:36.820+0000] {logging_mixin.py:188} INFO - [2024-07-25T07:51:36.820+0000] {dag.py:3947} INFO - Setting next_dagrun for example_params_trigger_ui to None, run_after=None
[2024-07-25T07:51:36.859+0000] {processor.py:183} INFO - Processing /root/.cache/pypoetry/virtualenvs/freeprise-matchmaker-BsnH11MF-py3.8/lib/python3.8/site-packages/airflow/example_dags/example_params_trigger_ui.py took 0.214 seconds
[2024-07-25T07:52:07.211+0000] {processor.py:161} INFO - Started process (PID=1115) to work on /root/.cache/pypoetry/virtualenvs/freeprise-matchmaker-BsnH11MF-py3.8/lib/python3.8/site-packages/airflow/example_dags/example_params_trigger_ui.py
[2024-07-25T07:52:07.213+0000] {processor.py:830} INFO - Processing file /root/.cache/pypoetry/virtualenvs/freeprise-matchmaker-BsnH11MF-py3.8/lib/python3.8/site-packages/airflow/example_dags/example_params_trigger_ui.py for tasks to queue
[2024-07-25T07:52:07.216+0000] {logging_mixin.py:188} INFO - [2024-07-25T07:52:07.216+0000] {dagbag.py:545} INFO - Filling up the DagBag from /root/.cache/pypoetry/virtualenvs/freeprise-matchmaker-BsnH11MF-py3.8/lib/python3.8/site-packages/airflow/example_dags/example_params_trigger_ui.py
[2024-07-25T07:52:07.232+0000] {processor.py:840} INFO - DAG(s) 'example_params_trigger_ui' retrieved from /root/.cache/pypoetry/virtualenvs/freeprise-matchmaker-BsnH11MF-py3.8/lib/python3.8/site-packages/airflow/example_dags/example_params_trigger_ui.py
[2024-07-25T07:52:07.336+0000] {logging_mixin.py:188} INFO - [2024-07-25T07:52:07.335+0000] {dag.py:3089} INFO - Sync 1 DAGs
[2024-07-25T07:52:07.356+0000] {logging_mixin.py:188} INFO - [2024-07-25T07:52:07.356+0000] {dag.py:3947} INFO - Setting next_dagrun for example_params_trigger_ui to None, run_after=None
[2024-07-25T07:52:07.387+0000] {processor.py:183} INFO - Processing /root/.cache/pypoetry/virtualenvs/freeprise-matchmaker-BsnH11MF-py3.8/lib/python3.8/site-packages/airflow/example_dags/example_params_trigger_ui.py took 0.189 seconds
[2024-07-25T07:52:37.509+0000] {processor.py:161} INFO - Started process (PID=1381) to work on /root/.cache/pypoetry/virtualenvs/freeprise-matchmaker-BsnH11MF-py3.8/lib/python3.8/site-packages/airflow/example_dags/example_params_trigger_ui.py
[2024-07-25T07:52:37.511+0000] {processor.py:830} INFO - Processing file /root/.cache/pypoetry/virtualenvs/freeprise-matchmaker-BsnH11MF-py3.8/lib/python3.8/site-packages/airflow/example_dags/example_params_trigger_ui.py for tasks to queue
[2024-07-25T07:52:37.514+0000] {logging_mixin.py:188} INFO - [2024-07-25T07:52:37.514+0000] {dagbag.py:545} INFO - Filling up the DagBag from /root/.cache/pypoetry/virtualenvs/freeprise-matchmaker-BsnH11MF-py3.8/lib/python3.8/site-packages/airflow/example_dags/example_params_trigger_ui.py
[2024-07-25T07:52:37.536+0000] {processor.py:840} INFO - DAG(s) 'example_params_trigger_ui' retrieved from /root/.cache/pypoetry/virtualenvs/freeprise-matchmaker-BsnH11MF-py3.8/lib/python3.8/site-packages/airflow/example_dags/example_params_trigger_ui.py
[2024-07-25T07:52:37.641+0000] {logging_mixin.py:188} INFO - [2024-07-25T07:52:37.640+0000] {dag.py:3089} INFO - Sync 1 DAGs
[2024-07-25T07:52:37.667+0000] {logging_mixin.py:188} INFO - [2024-07-25T07:52:37.667+0000] {dag.py:3947} INFO - Setting next_dagrun for example_params_trigger_ui to None, run_after=None
[2024-07-25T07:52:37.695+0000] {processor.py:183} INFO - Processing /root/.cache/pypoetry/virtualenvs/freeprise-matchmaker-BsnH11MF-py3.8/lib/python3.8/site-packages/airflow/example_dags/example_params_trigger_ui.py took 0.202 seconds
[2024-07-25T07:53:08.326+0000] {processor.py:161} INFO - Started process (PID=1647) to work on /root/.cache/pypoetry/virtualenvs/freeprise-matchmaker-BsnH11MF-py3.8/lib/python3.8/site-packages/airflow/example_dags/example_params_trigger_ui.py
[2024-07-25T07:53:08.328+0000] {processor.py:830} INFO - Processing file /root/.cache/pypoetry/virtualenvs/freeprise-matchmaker-BsnH11MF-py3.8/lib/python3.8/site-packages/airflow/example_dags/example_params_trigger_ui.py for tasks to queue
[2024-07-25T07:53:08.332+0000] {logging_mixin.py:188} INFO - [2024-07-25T07:53:08.331+0000] {dagbag.py:545} INFO - Filling up the DagBag from /root/.cache/pypoetry/virtualenvs/freeprise-matchmaker-BsnH11MF-py3.8/lib/python3.8/site-packages/airflow/example_dags/example_params_trigger_ui.py
[2024-07-25T07:53:08.352+0000] {processor.py:840} INFO - DAG(s) 'example_params_trigger_ui' retrieved from /root/.cache/pypoetry/virtualenvs/freeprise-matchmaker-BsnH11MF-py3.8/lib/python3.8/site-packages/airflow/example_dags/example_params_trigger_ui.py
[2024-07-25T07:53:08.454+0000] {logging_mixin.py:188} INFO - [2024-07-25T07:53:08.454+0000] {dag.py:3089} INFO - Sync 1 DAGs
[2024-07-25T07:53:08.474+0000] {logging_mixin.py:188} INFO - [2024-07-25T07:53:08.474+0000] {dag.py:3947} INFO - Setting next_dagrun for example_params_trigger_ui to None, run_after=None
[2024-07-25T07:53:08.502+0000] {processor.py:183} INFO - Processing /root/.cache/pypoetry/virtualenvs/freeprise-matchmaker-BsnH11MF-py3.8/lib/python3.8/site-packages/airflow/example_dags/example_params_trigger_ui.py took 0.192 seconds
[2024-07-25T07:53:38.914+0000] {processor.py:161} INFO - Started process (PID=1913) to work on /root/.cache/pypoetry/virtualenvs/freeprise-matchmaker-BsnH11MF-py3.8/lib/python3.8/site-packages/airflow/example_dags/example_params_trigger_ui.py
[2024-07-25T07:53:38.917+0000] {processor.py:830} INFO - Processing file /root/.cache/pypoetry/virtualenvs/freeprise-matchmaker-BsnH11MF-py3.8/lib/python3.8/site-packages/airflow/example_dags/example_params_trigger_ui.py for tasks to queue
[2024-07-25T07:53:38.920+0000] {logging_mixin.py:188} INFO - [2024-07-25T07:53:38.919+0000] {dagbag.py:545} INFO - Filling up the DagBag from /root/.cache/pypoetry/virtualenvs/freeprise-matchmaker-BsnH11MF-py3.8/lib/python3.8/site-packages/airflow/example_dags/example_params_trigger_ui.py
[2024-07-25T07:53:38.940+0000] {processor.py:840} INFO - DAG(s) 'example_params_trigger_ui' retrieved from /root/.cache/pypoetry/virtualenvs/freeprise-matchmaker-BsnH11MF-py3.8/lib/python3.8/site-packages/airflow/example_dags/example_params_trigger_ui.py
[2024-07-25T07:53:39.054+0000] {logging_mixin.py:188} INFO - [2024-07-25T07:53:39.053+0000] {dag.py:3089} INFO - Sync 1 DAGs
[2024-07-25T07:53:39.080+0000] {logging_mixin.py:188} INFO - [2024-07-25T07:53:39.080+0000] {dag.py:3947} INFO - Setting next_dagrun for example_params_trigger_ui to None, run_after=None
[2024-07-25T07:53:39.115+0000] {processor.py:183} INFO - Processing /root/.cache/pypoetry/virtualenvs/freeprise-matchmaker-BsnH11MF-py3.8/lib/python3.8/site-packages/airflow/example_dags/example_params_trigger_ui.py took 0.215 seconds
[2024-07-25T07:54:09.383+0000] {processor.py:161} INFO - Started process (PID=2179) to work on /root/.cache/pypoetry/virtualenvs/freeprise-matchmaker-BsnH11MF-py3.8/lib/python3.8/site-packages/airflow/example_dags/example_params_trigger_ui.py
[2024-07-25T07:54:09.385+0000] {processor.py:830} INFO - Processing file /root/.cache/pypoetry/virtualenvs/freeprise-matchmaker-BsnH11MF-py3.8/lib/python3.8/site-packages/airflow/example_dags/example_params_trigger_ui.py for tasks to queue
[2024-07-25T07:54:09.388+0000] {logging_mixin.py:188} INFO - [2024-07-25T07:54:09.387+0000] {dagbag.py:545} INFO - Filling up the DagBag from /root/.cache/pypoetry/virtualenvs/freeprise-matchmaker-BsnH11MF-py3.8/lib/python3.8/site-packages/airflow/example_dags/example_params_trigger_ui.py
[2024-07-25T07:54:09.403+0000] {processor.py:840} INFO - DAG(s) 'example_params_trigger_ui' retrieved from /root/.cache/pypoetry/virtualenvs/freeprise-matchmaker-BsnH11MF-py3.8/lib/python3.8/site-packages/airflow/example_dags/example_params_trigger_ui.py
[2024-07-25T07:54:09.503+0000] {logging_mixin.py:188} INFO - [2024-07-25T07:54:09.503+0000] {dag.py:3089} INFO - Sync 1 DAGs
[2024-07-25T07:54:09.527+0000] {logging_mixin.py:188} INFO - [2024-07-25T07:54:09.527+0000] {dag.py:3947} INFO - Setting next_dagrun for example_params_trigger_ui to None, run_after=None
[2024-07-25T07:54:09.566+0000] {processor.py:183} INFO - Processing /root/.cache/pypoetry/virtualenvs/freeprise-matchmaker-BsnH11MF-py3.8/lib/python3.8/site-packages/airflow/example_dags/example_params_trigger_ui.py took 0.194 seconds
[2024-07-25T07:54:39.965+0000] {processor.py:161} INFO - Started process (PID=2447) to work on /root/.cache/pypoetry/virtualenvs/freeprise-matchmaker-BsnH11MF-py3.8/lib/python3.8/site-packages/airflow/example_dags/example_params_trigger_ui.py
[2024-07-25T07:54:39.966+0000] {processor.py:830} INFO - Processing file /root/.cache/pypoetry/virtualenvs/freeprise-matchmaker-BsnH11MF-py3.8/lib/python3.8/site-packages/airflow/example_dags/example_params_trigger_ui.py for tasks to queue
[2024-07-25T07:54:39.969+0000] {logging_mixin.py:188} INFO - [2024-07-25T07:54:39.968+0000] {dagbag.py:545} INFO - Filling up the DagBag from /root/.cache/pypoetry/virtualenvs/freeprise-matchmaker-BsnH11MF-py3.8/lib/python3.8/site-packages/airflow/example_dags/example_params_trigger_ui.py
[2024-07-25T07:54:39.984+0000] {processor.py:840} INFO - DAG(s) 'example_params_trigger_ui' retrieved from /root/.cache/pypoetry/virtualenvs/freeprise-matchmaker-BsnH11MF-py3.8/lib/python3.8/site-packages/airflow/example_dags/example_params_trigger_ui.py
[2024-07-25T07:54:40.084+0000] {logging_mixin.py:188} INFO - [2024-07-25T07:54:40.083+0000] {dag.py:3089} INFO - Sync 1 DAGs
[2024-07-25T07:54:40.104+0000] {logging_mixin.py:188} INFO - [2024-07-25T07:54:40.104+0000] {dag.py:3947} INFO - Setting next_dagrun for example_params_trigger_ui to None, run_after=None
[2024-07-25T07:54:40.134+0000] {processor.py:183} INFO - Processing /root/.cache/pypoetry/virtualenvs/freeprise-matchmaker-BsnH11MF-py3.8/lib/python3.8/site-packages/airflow/example_dags/example_params_trigger_ui.py took 0.181 seconds
[2024-07-25T07:55:10.255+0000] {processor.py:161} INFO - Started process (PID=2711) to work on /root/.cache/pypoetry/virtualenvs/freeprise-matchmaker-BsnH11MF-py3.8/lib/python3.8/site-packages/airflow/example_dags/example_params_trigger_ui.py
[2024-07-25T07:55:10.257+0000] {processor.py:830} INFO - Processing file /root/.cache/pypoetry/virtualenvs/freeprise-matchmaker-BsnH11MF-py3.8/lib/python3.8/site-packages/airflow/example_dags/example_params_trigger_ui.py for tasks to queue
[2024-07-25T07:55:10.260+0000] {logging_mixin.py:188} INFO - [2024-07-25T07:55:10.260+0000] {dagbag.py:545} INFO - Filling up the DagBag from /root/.cache/pypoetry/virtualenvs/freeprise-matchmaker-BsnH11MF-py3.8/lib/python3.8/site-packages/airflow/example_dags/example_params_trigger_ui.py
[2024-07-25T07:55:10.277+0000] {processor.py:840} INFO - DAG(s) 'example_params_trigger_ui' retrieved from /root/.cache/pypoetry/virtualenvs/freeprise-matchmaker-BsnH11MF-py3.8/lib/python3.8/site-packages/airflow/example_dags/example_params_trigger_ui.py
[2024-07-25T07:55:10.396+0000] {logging_mixin.py:188} INFO - [2024-07-25T07:55:10.396+0000] {dag.py:3089} INFO - Sync 1 DAGs
[2024-07-25T07:55:10.418+0000] {logging_mixin.py:188} INFO - [2024-07-25T07:55:10.417+0000] {dag.py:3947} INFO - Setting next_dagrun for example_params_trigger_ui to None, run_after=None
[2024-07-25T07:55:10.448+0000] {processor.py:183} INFO - Processing /root/.cache/pypoetry/virtualenvs/freeprise-matchmaker-BsnH11MF-py3.8/lib/python3.8/site-packages/airflow/example_dags/example_params_trigger_ui.py took 0.206 seconds
[2024-07-25T07:55:40.510+0000] {processor.py:161} INFO - Started process (PID=2977) to work on /root/.cache/pypoetry/virtualenvs/freeprise-matchmaker-BsnH11MF-py3.8/lib/python3.8/site-packages/airflow/example_dags/example_params_trigger_ui.py
[2024-07-25T07:55:40.511+0000] {processor.py:830} INFO - Processing file /root/.cache/pypoetry/virtualenvs/freeprise-matchmaker-BsnH11MF-py3.8/lib/python3.8/site-packages/airflow/example_dags/example_params_trigger_ui.py for tasks to queue
[2024-07-25T07:55:40.513+0000] {logging_mixin.py:188} INFO - [2024-07-25T07:55:40.513+0000] {dagbag.py:545} INFO - Filling up the DagBag from /root/.cache/pypoetry/virtualenvs/freeprise-matchmaker-BsnH11MF-py3.8/lib/python3.8/site-packages/airflow/example_dags/example_params_trigger_ui.py
[2024-07-25T07:55:40.530+0000] {processor.py:840} INFO - DAG(s) 'example_params_trigger_ui' retrieved from /root/.cache/pypoetry/virtualenvs/freeprise-matchmaker-BsnH11MF-py3.8/lib/python3.8/site-packages/airflow/example_dags/example_params_trigger_ui.py
[2024-07-25T07:55:40.632+0000] {logging_mixin.py:188} INFO - [2024-07-25T07:55:40.632+0000] {dag.py:3089} INFO - Sync 1 DAGs
[2024-07-25T07:55:40.657+0000] {logging_mixin.py:188} INFO - [2024-07-25T07:55:40.657+0000] {dag.py:3947} INFO - Setting next_dagrun for example_params_trigger_ui to None, run_after=None
[2024-07-25T07:55:40.698+0000] {processor.py:183} INFO - Processing /root/.cache/pypoetry/virtualenvs/freeprise-matchmaker-BsnH11MF-py3.8/lib/python3.8/site-packages/airflow/example_dags/example_params_trigger_ui.py took 0.200 seconds
[2024-07-25T07:56:11.090+0000] {processor.py:161} INFO - Started process (PID=3243) to work on /root/.cache/pypoetry/virtualenvs/freeprise-matchmaker-BsnH11MF-py3.8/lib/python3.8/site-packages/airflow/example_dags/example_params_trigger_ui.py
[2024-07-25T07:56:11.092+0000] {processor.py:830} INFO - Processing file /root/.cache/pypoetry/virtualenvs/freeprise-matchmaker-BsnH11MF-py3.8/lib/python3.8/site-packages/airflow/example_dags/example_params_trigger_ui.py for tasks to queue
[2024-07-25T07:56:11.095+0000] {logging_mixin.py:188} INFO - [2024-07-25T07:56:11.095+0000] {dagbag.py:545} INFO - Filling up the DagBag from /root/.cache/pypoetry/virtualenvs/freeprise-matchmaker-BsnH11MF-py3.8/lib/python3.8/site-packages/airflow/example_dags/example_params_trigger_ui.py
[2024-07-25T07:56:11.113+0000] {processor.py:840} INFO - DAG(s) 'example_params_trigger_ui' retrieved from /root/.cache/pypoetry/virtualenvs/freeprise-matchmaker-BsnH11MF-py3.8/lib/python3.8/site-packages/airflow/example_dags/example_params_trigger_ui.py
[2024-07-25T07:56:11.223+0000] {logging_mixin.py:188} INFO - [2024-07-25T07:56:11.223+0000] {dag.py:3089} INFO - Sync 1 DAGs
[2024-07-25T07:56:11.244+0000] {logging_mixin.py:188} INFO - [2024-07-25T07:56:11.243+0000] {dag.py:3947} INFO - Setting next_dagrun for example_params_trigger_ui to None, run_after=None
[2024-07-25T07:56:11.272+0000] {processor.py:183} INFO - Processing /root/.cache/pypoetry/virtualenvs/freeprise-matchmaker-BsnH11MF-py3.8/lib/python3.8/site-packages/airflow/example_dags/example_params_trigger_ui.py took 0.194 seconds
[2024-07-25T07:56:41.974+0000] {processor.py:161} INFO - Started process (PID=3509) to work on /root/.cache/pypoetry/virtualenvs/freeprise-matchmaker-BsnH11MF-py3.8/lib/python3.8/site-packages/airflow/example_dags/example_params_trigger_ui.py
[2024-07-25T07:56:41.976+0000] {processor.py:830} INFO - Processing file /root/.cache/pypoetry/virtualenvs/freeprise-matchmaker-BsnH11MF-py3.8/lib/python3.8/site-packages/airflow/example_dags/example_params_trigger_ui.py for tasks to queue
[2024-07-25T07:56:41.978+0000] {logging_mixin.py:188} INFO - [2024-07-25T07:56:41.978+0000] {dagbag.py:545} INFO - Filling up the DagBag from /root/.cache/pypoetry/virtualenvs/freeprise-matchmaker-BsnH11MF-py3.8/lib/python3.8/site-packages/airflow/example_dags/example_params_trigger_ui.py
[2024-07-25T07:56:41.994+0000] {processor.py:840} INFO - DAG(s) 'example_params_trigger_ui' retrieved from /root/.cache/pypoetry/virtualenvs/freeprise-matchmaker-BsnH11MF-py3.8/lib/python3.8/site-packages/airflow/example_dags/example_params_trigger_ui.py
[2024-07-25T07:56:42.120+0000] {logging_mixin.py:188} INFO - [2024-07-25T07:56:42.120+0000] {dag.py:3089} INFO - Sync 1 DAGs
[2024-07-25T07:56:42.147+0000] {logging_mixin.py:188} INFO - [2024-07-25T07:56:42.147+0000] {dag.py:3947} INFO - Setting next_dagrun for example_params_trigger_ui to None, run_after=None
[2024-07-25T07:56:42.176+0000] {processor.py:183} INFO - Processing /root/.cache/pypoetry/virtualenvs/freeprise-matchmaker-BsnH11MF-py3.8/lib/python3.8/site-packages/airflow/example_dags/example_params_trigger_ui.py took 0.214 seconds
[2024-07-25T07:57:12.312+0000] {processor.py:161} INFO - Started process (PID=3775) to work on /root/.cache/pypoetry/virtualenvs/freeprise-matchmaker-BsnH11MF-py3.8/lib/python3.8/site-packages/airflow/example_dags/example_params_trigger_ui.py
[2024-07-25T07:57:12.314+0000] {processor.py:830} INFO - Processing file /root/.cache/pypoetry/virtualenvs/freeprise-matchmaker-BsnH11MF-py3.8/lib/python3.8/site-packages/airflow/example_dags/example_params_trigger_ui.py for tasks to queue
[2024-07-25T07:57:12.317+0000] {logging_mixin.py:188} INFO - [2024-07-25T07:57:12.316+0000] {dagbag.py:545} INFO - Filling up the DagBag from /root/.cache/pypoetry/virtualenvs/freeprise-matchmaker-BsnH11MF-py3.8/lib/python3.8/site-packages/airflow/example_dags/example_params_trigger_ui.py
[2024-07-25T07:57:12.334+0000] {processor.py:840} INFO - DAG(s) 'example_params_trigger_ui' retrieved from /root/.cache/pypoetry/virtualenvs/freeprise-matchmaker-BsnH11MF-py3.8/lib/python3.8/site-packages/airflow/example_dags/example_params_trigger_ui.py
[2024-07-25T07:57:12.433+0000] {logging_mixin.py:188} INFO - [2024-07-25T07:57:12.432+0000] {dag.py:3089} INFO - Sync 1 DAGs
[2024-07-25T07:57:12.454+0000] {logging_mixin.py:188} INFO - [2024-07-25T07:57:12.454+0000] {dag.py:3947} INFO - Setting next_dagrun for example_params_trigger_ui to None, run_after=None
[2024-07-25T07:57:12.483+0000] {processor.py:183} INFO - Processing /root/.cache/pypoetry/virtualenvs/freeprise-matchmaker-BsnH11MF-py3.8/lib/python3.8/site-packages/airflow/example_dags/example_params_trigger_ui.py took 0.184 seconds
[2024-07-25T07:57:42.949+0000] {processor.py:161} INFO - Started process (PID=4043) to work on /root/.cache/pypoetry/virtualenvs/freeprise-matchmaker-BsnH11MF-py3.8/lib/python3.8/site-packages/airflow/example_dags/example_params_trigger_ui.py
[2024-07-25T07:57:42.951+0000] {processor.py:830} INFO - Processing file /root/.cache/pypoetry/virtualenvs/freeprise-matchmaker-BsnH11MF-py3.8/lib/python3.8/site-packages/airflow/example_dags/example_params_trigger_ui.py for tasks to queue
[2024-07-25T07:57:42.954+0000] {logging_mixin.py:188} INFO - [2024-07-25T07:57:42.953+0000] {dagbag.py:545} INFO - Filling up the DagBag from /root/.cache/pypoetry/virtualenvs/freeprise-matchmaker-BsnH11MF-py3.8/lib/python3.8/site-packages/airflow/example_dags/example_params_trigger_ui.py
[2024-07-25T07:57:42.973+0000] {processor.py:840} INFO - DAG(s) 'example_params_trigger_ui' retrieved from /root/.cache/pypoetry/virtualenvs/freeprise-matchmaker-BsnH11MF-py3.8/lib/python3.8/site-packages/airflow/example_dags/example_params_trigger_ui.py
[2024-07-25T07:57:43.074+0000] {logging_mixin.py:188} INFO - [2024-07-25T07:57:43.074+0000] {dag.py:3089} INFO - Sync 1 DAGs
[2024-07-25T07:57:43.095+0000] {logging_mixin.py:188} INFO - [2024-07-25T07:57:43.095+0000] {dag.py:3947} INFO - Setting next_dagrun for example_params_trigger_ui to None, run_after=None
[2024-07-25T07:57:43.126+0000] {processor.py:183} INFO - Processing /root/.cache/pypoetry/virtualenvs/freeprise-matchmaker-BsnH11MF-py3.8/lib/python3.8/site-packages/airflow/example_dags/example_params_trigger_ui.py took 0.189 seconds
[2024-07-25T07:58:14.012+0000] {processor.py:161} INFO - Started process (PID=4307) to work on /root/.cache/pypoetry/virtualenvs/freeprise-matchmaker-BsnH11MF-py3.8/lib/python3.8/site-packages/airflow/example_dags/example_params_trigger_ui.py
[2024-07-25T07:58:14.013+0000] {processor.py:830} INFO - Processing file /root/.cache/pypoetry/virtualenvs/freeprise-matchmaker-BsnH11MF-py3.8/lib/python3.8/site-packages/airflow/example_dags/example_params_trigger_ui.py for tasks to queue
[2024-07-25T07:58:14.016+0000] {logging_mixin.py:188} INFO - [2024-07-25T07:58:14.015+0000] {dagbag.py:545} INFO - Filling up the DagBag from /root/.cache/pypoetry/virtualenvs/freeprise-matchmaker-BsnH11MF-py3.8/lib/python3.8/site-packages/airflow/example_dags/example_params_trigger_ui.py
[2024-07-25T07:58:14.034+0000] {processor.py:840} INFO - DAG(s) 'example_params_trigger_ui' retrieved from /root/.cache/pypoetry/virtualenvs/freeprise-matchmaker-BsnH11MF-py3.8/lib/python3.8/site-packages/airflow/example_dags/example_params_trigger_ui.py
[2024-07-25T07:58:14.158+0000] {logging_mixin.py:188} INFO - [2024-07-25T07:58:14.158+0000] {dag.py:3089} INFO - Sync 1 DAGs
[2024-07-25T07:58:14.179+0000] {logging_mixin.py:188} INFO - [2024-07-25T07:58:14.178+0000] {dag.py:3947} INFO - Setting next_dagrun for example_params_trigger_ui to None, run_after=None
[2024-07-25T07:58:14.206+0000] {processor.py:183} INFO - Processing /root/.cache/pypoetry/virtualenvs/freeprise-matchmaker-BsnH11MF-py3.8/lib/python3.8/site-packages/airflow/example_dags/example_params_trigger_ui.py took 0.207 seconds
[2024-07-25T07:58:44.435+0000] {processor.py:161} INFO - Started process (PID=4573) to work on /root/.cache/pypoetry/virtualenvs/freeprise-matchmaker-BsnH11MF-py3.8/lib/python3.8/site-packages/airflow/example_dags/example_params_trigger_ui.py
[2024-07-25T07:58:44.437+0000] {processor.py:830} INFO - Processing file /root/.cache/pypoetry/virtualenvs/freeprise-matchmaker-BsnH11MF-py3.8/lib/python3.8/site-packages/airflow/example_dags/example_params_trigger_ui.py for tasks to queue
[2024-07-25T07:58:44.441+0000] {logging_mixin.py:188} INFO - [2024-07-25T07:58:44.440+0000] {dagbag.py:545} INFO - Filling up the DagBag from /root/.cache/pypoetry/virtualenvs/freeprise-matchmaker-BsnH11MF-py3.8/lib/python3.8/site-packages/airflow/example_dags/example_params_trigger_ui.py
[2024-07-25T07:58:44.462+0000] {processor.py:840} INFO - DAG(s) 'example_params_trigger_ui' retrieved from /root/.cache/pypoetry/virtualenvs/freeprise-matchmaker-BsnH11MF-py3.8/lib/python3.8/site-packages/airflow/example_dags/example_params_trigger_ui.py
[2024-07-25T07:58:44.589+0000] {logging_mixin.py:188} INFO - [2024-07-25T07:58:44.589+0000] {dag.py:3089} INFO - Sync 1 DAGs
[2024-07-25T07:58:44.611+0000] {logging_mixin.py:188} INFO - [2024-07-25T07:58:44.611+0000] {dag.py:3947} INFO - Setting next_dagrun for example_params_trigger_ui to None, run_after=None
[2024-07-25T07:58:44.639+0000] {processor.py:183} INFO - Processing /root/.cache/pypoetry/virtualenvs/freeprise-matchmaker-BsnH11MF-py3.8/lib/python3.8/site-packages/airflow/example_dags/example_params_trigger_ui.py took 0.220 seconds
[2024-07-25T07:59:14.993+0000] {processor.py:161} INFO - Started process (PID=4839) to work on /root/.cache/pypoetry/virtualenvs/freeprise-matchmaker-BsnH11MF-py3.8/lib/python3.8/site-packages/airflow/example_dags/example_params_trigger_ui.py
[2024-07-25T07:59:14.995+0000] {processor.py:830} INFO - Processing file /root/.cache/pypoetry/virtualenvs/freeprise-matchmaker-BsnH11MF-py3.8/lib/python3.8/site-packages/airflow/example_dags/example_params_trigger_ui.py for tasks to queue
[2024-07-25T07:59:14.998+0000] {logging_mixin.py:188} INFO - [2024-07-25T07:59:14.998+0000] {dagbag.py:545} INFO - Filling up the DagBag from /root/.cache/pypoetry/virtualenvs/freeprise-matchmaker-BsnH11MF-py3.8/lib/python3.8/site-packages/airflow/example_dags/example_params_trigger_ui.py
[2024-07-25T07:59:15.018+0000] {processor.py:840} INFO - DAG(s) 'example_params_trigger_ui' retrieved from /root/.cache/pypoetry/virtualenvs/freeprise-matchmaker-BsnH11MF-py3.8/lib/python3.8/site-packages/airflow/example_dags/example_params_trigger_ui.py
[2024-07-25T07:59:15.169+0000] {logging_mixin.py:188} INFO - [2024-07-25T07:59:15.168+0000] {dag.py:3089} INFO - Sync 1 DAGs
[2024-07-25T07:59:15.191+0000] {logging_mixin.py:188} INFO - [2024-07-25T07:59:15.190+0000] {dag.py:3947} INFO - Setting next_dagrun for example_params_trigger_ui to None, run_after=None
[2024-07-25T07:59:15.219+0000] {processor.py:183} INFO - Processing /root/.cache/pypoetry/virtualenvs/freeprise-matchmaker-BsnH11MF-py3.8/lib/python3.8/site-packages/airflow/example_dags/example_params_trigger_ui.py took 0.241 seconds
[2024-07-25T07:59:45.522+0000] {processor.py:161} INFO - Started process (PID=5105) to work on /root/.cache/pypoetry/virtualenvs/freeprise-matchmaker-BsnH11MF-py3.8/lib/python3.8/site-packages/airflow/example_dags/example_params_trigger_ui.py
[2024-07-25T07:59:45.525+0000] {processor.py:830} INFO - Processing file /root/.cache/pypoetry/virtualenvs/freeprise-matchmaker-BsnH11MF-py3.8/lib/python3.8/site-packages/airflow/example_dags/example_params_trigger_ui.py for tasks to queue
[2024-07-25T07:59:45.530+0000] {logging_mixin.py:188} INFO - [2024-07-25T07:59:45.529+0000] {dagbag.py:545} INFO - Filling up the DagBag from /root/.cache/pypoetry/virtualenvs/freeprise-matchmaker-BsnH11MF-py3.8/lib/python3.8/site-packages/airflow/example_dags/example_params_trigger_ui.py
[2024-07-25T07:59:45.561+0000] {processor.py:840} INFO - DAG(s) 'example_params_trigger_ui' retrieved from /root/.cache/pypoetry/virtualenvs/freeprise-matchmaker-BsnH11MF-py3.8/lib/python3.8/site-packages/airflow/example_dags/example_params_trigger_ui.py
[2024-07-25T07:59:45.721+0000] {logging_mixin.py:188} INFO - [2024-07-25T07:59:45.721+0000] {dag.py:3089} INFO - Sync 1 DAGs
[2024-07-25T07:59:45.755+0000] {logging_mixin.py:188} INFO - [2024-07-25T07:59:45.755+0000] {dag.py:3947} INFO - Setting next_dagrun for example_params_trigger_ui to None, run_after=None
[2024-07-25T07:59:45.800+0000] {processor.py:183} INFO - Processing /root/.cache/pypoetry/virtualenvs/freeprise-matchmaker-BsnH11MF-py3.8/lib/python3.8/site-packages/airflow/example_dags/example_params_trigger_ui.py took 0.298 seconds
[2024-07-25T08:00:16.654+0000] {processor.py:161} INFO - Started process (PID=5368) to work on /root/.cache/pypoetry/virtualenvs/freeprise-matchmaker-BsnH11MF-py3.8/lib/python3.8/site-packages/airflow/example_dags/example_params_trigger_ui.py
[2024-07-25T08:00:16.657+0000] {processor.py:830} INFO - Processing file /root/.cache/pypoetry/virtualenvs/freeprise-matchmaker-BsnH11MF-py3.8/lib/python3.8/site-packages/airflow/example_dags/example_params_trigger_ui.py for tasks to queue
[2024-07-25T08:00:16.660+0000] {logging_mixin.py:188} INFO - [2024-07-25T08:00:16.660+0000] {dagbag.py:545} INFO - Filling up the DagBag from /root/.cache/pypoetry/virtualenvs/freeprise-matchmaker-BsnH11MF-py3.8/lib/python3.8/site-packages/airflow/example_dags/example_params_trigger_ui.py
[2024-07-25T08:00:16.682+0000] {processor.py:840} INFO - DAG(s) 'example_params_trigger_ui' retrieved from /root/.cache/pypoetry/virtualenvs/freeprise-matchmaker-BsnH11MF-py3.8/lib/python3.8/site-packages/airflow/example_dags/example_params_trigger_ui.py
[2024-07-25T08:00:16.837+0000] {logging_mixin.py:188} INFO - [2024-07-25T08:00:16.837+0000] {dag.py:3089} INFO - Sync 1 DAGs
[2024-07-25T08:00:16.860+0000] {logging_mixin.py:188} INFO - [2024-07-25T08:00:16.859+0000] {dag.py:3947} INFO - Setting next_dagrun for example_params_trigger_ui to None, run_after=None
[2024-07-25T08:00:16.889+0000] {processor.py:183} INFO - Processing /root/.cache/pypoetry/virtualenvs/freeprise-matchmaker-BsnH11MF-py3.8/lib/python3.8/site-packages/airflow/example_dags/example_params_trigger_ui.py took 0.251 seconds
[2024-07-25T08:00:50.325+0000] {processor.py:161} INFO - Started process (PID=5637) to work on /root/.cache/pypoetry/virtualenvs/freeprise-matchmaker-BsnH11MF-py3.8/lib/python3.8/site-packages/airflow/example_dags/example_params_trigger_ui.py
[2024-07-25T08:00:50.333+0000] {processor.py:830} INFO - Processing file /root/.cache/pypoetry/virtualenvs/freeprise-matchmaker-BsnH11MF-py3.8/lib/python3.8/site-packages/airflow/example_dags/example_params_trigger_ui.py for tasks to queue
[2024-07-25T08:00:50.345+0000] {logging_mixin.py:188} INFO - [2024-07-25T08:00:50.342+0000] {dagbag.py:545} INFO - Filling up the DagBag from /root/.cache/pypoetry/virtualenvs/freeprise-matchmaker-BsnH11MF-py3.8/lib/python3.8/site-packages/airflow/example_dags/example_params_trigger_ui.py
[2024-07-25T08:00:50.444+0000] {processor.py:840} INFO - DAG(s) 'example_params_trigger_ui' retrieved from /root/.cache/pypoetry/virtualenvs/freeprise-matchmaker-BsnH11MF-py3.8/lib/python3.8/site-packages/airflow/example_dags/example_params_trigger_ui.py
[2024-07-25T08:00:51.287+0000] {logging_mixin.py:188} INFO - [2024-07-25T08:00:51.285+0000] {dag.py:3089} INFO - Sync 1 DAGs
[2024-07-25T08:00:51.385+0000] {logging_mixin.py:188} INFO - [2024-07-25T08:00:51.383+0000] {dag.py:3947} INFO - Setting next_dagrun for example_params_trigger_ui to None, run_after=None
[2024-07-25T08:00:51.540+0000] {processor.py:183} INFO - Processing /root/.cache/pypoetry/virtualenvs/freeprise-matchmaker-BsnH11MF-py3.8/lib/python3.8/site-packages/airflow/example_dags/example_params_trigger_ui.py took 1.283 seconds
