[2024-07-25T07:50:32.384+0000] {processor.py:161} INFO - Started process (PID=402) to work on /root/.cache/pypoetry/virtualenvs/freeprise-matchmaker-BsnH11MF-py3.8/lib/python3.8/site-packages/airflow/example_dags/example_branch_day_of_week_operator.py
[2024-07-25T07:50:32.386+0000] {processor.py:830} INFO - Processing file /root/.cache/pypoetry/virtualenvs/freeprise-matchmaker-BsnH11MF-py3.8/lib/python3.8/site-packages/airflow/example_dags/example_branch_day_of_week_operator.py for tasks to queue
[2024-07-25T07:50:32.389+0000] {logging_mixin.py:188} INFO - [2024-07-25T07:50:32.388+0000] {dagbag.py:545} INFO - Filling up the DagBag from /root/.cache/pypoetry/virtualenvs/freeprise-matchmaker-BsnH11MF-py3.8/lib/python3.8/site-packages/airflow/example_dags/example_branch_day_of_week_operator.py
[2024-07-25T07:50:32.405+0000] {processor.py:840} INFO - DAG(s) 'example_weekday_branch_operator' retrieved from /root/.cache/pypoetry/virtualenvs/freeprise-matchmaker-BsnH11MF-py3.8/lib/python3.8/site-packages/airflow/example_dags/example_branch_day_of_week_operator.py
[2024-07-25T07:50:32.435+0000] {logging_mixin.py:188} INFO - [2024-07-25T07:50:32.435+0000] {dag.py:3089} INFO - Sync 1 DAGs
[2024-07-25T07:50:32.471+0000] {logging_mixin.py:188} INFO - [2024-07-25T07:50:32.471+0000] {dag.py:3947} INFO - Setting next_dagrun for example_weekday_branch_operator to 2024-07-24 00:00:00+00:00, run_after=2024-07-25 00:00:00+00:00
[2024-07-25T07:50:32.500+0000] {processor.py:183} INFO - Processing /root/.cache/pypoetry/virtualenvs/freeprise-matchmaker-BsnH11MF-py3.8/lib/python3.8/site-packages/airflow/example_dags/example_branch_day_of_week_operator.py took 0.131 seconds
[2024-07-25T07:51:09.892+0000] {processor.py:161} INFO - Started process (PID=668) to work on /root/.cache/pypoetry/virtualenvs/freeprise-matchmaker-BsnH11MF-py3.8/lib/python3.8/site-packages/airflow/example_dags/example_branch_day_of_week_operator.py
[2024-07-25T07:51:09.894+0000] {processor.py:830} INFO - Processing file /root/.cache/pypoetry/virtualenvs/freeprise-matchmaker-BsnH11MF-py3.8/lib/python3.8/site-packages/airflow/example_dags/example_branch_day_of_week_operator.py for tasks to queue
[2024-07-25T07:51:09.897+0000] {logging_mixin.py:188} INFO - [2024-07-25T07:51:09.896+0000] {dagbag.py:545} INFO - Filling up the DagBag from /root/.cache/pypoetry/virtualenvs/freeprise-matchmaker-BsnH11MF-py3.8/lib/python3.8/site-packages/airflow/example_dags/example_branch_day_of_week_operator.py
[2024-07-25T07:51:09.909+0000] {processor.py:840} INFO - DAG(s) 'example_weekday_branch_operator' retrieved from /root/.cache/pypoetry/virtualenvs/freeprise-matchmaker-BsnH11MF-py3.8/lib/python3.8/site-packages/airflow/example_dags/example_branch_day_of_week_operator.py
[2024-07-25T07:51:10.233+0000] {logging_mixin.py:188} INFO - [2024-07-25T07:51:10.232+0000] {dag.py:3089} INFO - Sync 1 DAGs
[2024-07-25T07:51:10.261+0000] {logging_mixin.py:188} INFO - [2024-07-25T07:51:10.261+0000] {dag.py:3947} INFO - Setting next_dagrun for example_weekday_branch_operator to 2024-07-24 00:00:00+00:00, run_after=2024-07-25 00:00:00+00:00
[2024-07-25T07:51:10.287+0000] {processor.py:183} INFO - Processing /root/.cache/pypoetry/virtualenvs/freeprise-matchmaker-BsnH11MF-py3.8/lib/python3.8/site-packages/airflow/example_dags/example_branch_day_of_week_operator.py took 0.409 seconds
[2024-07-25T07:51:40.579+0000] {processor.py:161} INFO - Started process (PID=934) to work on /root/.cache/pypoetry/virtualenvs/freeprise-matchmaker-BsnH11MF-py3.8/lib/python3.8/site-packages/airflow/example_dags/example_branch_day_of_week_operator.py
[2024-07-25T07:51:40.581+0000] {processor.py:830} INFO - Processing file /root/.cache/pypoetry/virtualenvs/freeprise-matchmaker-BsnH11MF-py3.8/lib/python3.8/site-packages/airflow/example_dags/example_branch_day_of_week_operator.py for tasks to queue
[2024-07-25T07:51:40.584+0000] {logging_mixin.py:188} INFO - [2024-07-25T07:51:40.583+0000] {dagbag.py:545} INFO - Filling up the DagBag from /root/.cache/pypoetry/virtualenvs/freeprise-matchmaker-BsnH11MF-py3.8/lib/python3.8/site-packages/airflow/example_dags/example_branch_day_of_week_operator.py
[2024-07-25T07:51:40.602+0000] {processor.py:840} INFO - DAG(s) 'example_weekday_branch_operator' retrieved from /root/.cache/pypoetry/virtualenvs/freeprise-matchmaker-BsnH11MF-py3.8/lib/python3.8/site-packages/airflow/example_dags/example_branch_day_of_week_operator.py
[2024-07-25T07:51:40.650+0000] {logging_mixin.py:188} INFO - [2024-07-25T07:51:40.649+0000] {dag.py:3089} INFO - Sync 1 DAGs
[2024-07-25T07:51:40.687+0000] {logging_mixin.py:188} INFO - [2024-07-25T07:51:40.686+0000] {dag.py:3947} INFO - Setting next_dagrun for example_weekday_branch_operator to 2024-07-24 00:00:00+00:00, run_after=2024-07-25 00:00:00+00:00
[2024-07-25T07:51:40.714+0000] {processor.py:183} INFO - Processing /root/.cache/pypoetry/virtualenvs/freeprise-matchmaker-BsnH11MF-py3.8/lib/python3.8/site-packages/airflow/example_dags/example_branch_day_of_week_operator.py took 0.151 seconds
[2024-07-25T07:52:11.077+0000] {processor.py:161} INFO - Started process (PID=1200) to work on /root/.cache/pypoetry/virtualenvs/freeprise-matchmaker-BsnH11MF-py3.8/lib/python3.8/site-packages/airflow/example_dags/example_branch_day_of_week_operator.py
[2024-07-25T07:52:11.080+0000] {processor.py:830} INFO - Processing file /root/.cache/pypoetry/virtualenvs/freeprise-matchmaker-BsnH11MF-py3.8/lib/python3.8/site-packages/airflow/example_dags/example_branch_day_of_week_operator.py for tasks to queue
[2024-07-25T07:52:11.083+0000] {logging_mixin.py:188} INFO - [2024-07-25T07:52:11.083+0000] {dagbag.py:545} INFO - Filling up the DagBag from /root/.cache/pypoetry/virtualenvs/freeprise-matchmaker-BsnH11MF-py3.8/lib/python3.8/site-packages/airflow/example_dags/example_branch_day_of_week_operator.py
[2024-07-25T07:52:11.101+0000] {processor.py:840} INFO - DAG(s) 'example_weekday_branch_operator' retrieved from /root/.cache/pypoetry/virtualenvs/freeprise-matchmaker-BsnH11MF-py3.8/lib/python3.8/site-packages/airflow/example_dags/example_branch_day_of_week_operator.py
[2024-07-25T07:52:11.150+0000] {logging_mixin.py:188} INFO - [2024-07-25T07:52:11.149+0000] {dag.py:3089} INFO - Sync 1 DAGs
[2024-07-25T07:52:11.188+0000] {logging_mixin.py:188} INFO - [2024-07-25T07:52:11.188+0000] {dag.py:3947} INFO - Setting next_dagrun for example_weekday_branch_operator to 2024-07-24 00:00:00+00:00, run_after=2024-07-25 00:00:00+00:00
[2024-07-25T07:52:11.218+0000] {processor.py:183} INFO - Processing /root/.cache/pypoetry/virtualenvs/freeprise-matchmaker-BsnH11MF-py3.8/lib/python3.8/site-packages/airflow/example_dags/example_branch_day_of_week_operator.py took 0.157 seconds
[2024-07-25T07:52:41.566+0000] {processor.py:161} INFO - Started process (PID=1468) to work on /root/.cache/pypoetry/virtualenvs/freeprise-matchmaker-BsnH11MF-py3.8/lib/python3.8/site-packages/airflow/example_dags/example_branch_day_of_week_operator.py
[2024-07-25T07:52:41.567+0000] {processor.py:830} INFO - Processing file /root/.cache/pypoetry/virtualenvs/freeprise-matchmaker-BsnH11MF-py3.8/lib/python3.8/site-packages/airflow/example_dags/example_branch_day_of_week_operator.py for tasks to queue
[2024-07-25T07:52:41.569+0000] {logging_mixin.py:188} INFO - [2024-07-25T07:52:41.569+0000] {dagbag.py:545} INFO - Filling up the DagBag from /root/.cache/pypoetry/virtualenvs/freeprise-matchmaker-BsnH11MF-py3.8/lib/python3.8/site-packages/airflow/example_dags/example_branch_day_of_week_operator.py
[2024-07-25T07:52:41.584+0000] {processor.py:840} INFO - DAG(s) 'example_weekday_branch_operator' retrieved from /root/.cache/pypoetry/virtualenvs/freeprise-matchmaker-BsnH11MF-py3.8/lib/python3.8/site-packages/airflow/example_dags/example_branch_day_of_week_operator.py
[2024-07-25T07:52:41.624+0000] {logging_mixin.py:188} INFO - [2024-07-25T07:52:41.624+0000] {dag.py:3089} INFO - Sync 1 DAGs
[2024-07-25T07:52:41.661+0000] {logging_mixin.py:188} INFO - [2024-07-25T07:52:41.661+0000] {dag.py:3947} INFO - Setting next_dagrun for example_weekday_branch_operator to 2024-07-24 00:00:00+00:00, run_after=2024-07-25 00:00:00+00:00
[2024-07-25T07:52:41.689+0000] {processor.py:183} INFO - Processing /root/.cache/pypoetry/virtualenvs/freeprise-matchmaker-BsnH11MF-py3.8/lib/python3.8/site-packages/airflow/example_dags/example_branch_day_of_week_operator.py took 0.135 seconds
[2024-07-25T07:53:12.148+0000] {processor.py:161} INFO - Started process (PID=1732) to work on /root/.cache/pypoetry/virtualenvs/freeprise-matchmaker-BsnH11MF-py3.8/lib/python3.8/site-packages/airflow/example_dags/example_branch_day_of_week_operator.py
[2024-07-25T07:53:12.150+0000] {processor.py:830} INFO - Processing file /root/.cache/pypoetry/virtualenvs/freeprise-matchmaker-BsnH11MF-py3.8/lib/python3.8/site-packages/airflow/example_dags/example_branch_day_of_week_operator.py for tasks to queue
[2024-07-25T07:53:12.153+0000] {logging_mixin.py:188} INFO - [2024-07-25T07:53:12.152+0000] {dagbag.py:545} INFO - Filling up the DagBag from /root/.cache/pypoetry/virtualenvs/freeprise-matchmaker-BsnH11MF-py3.8/lib/python3.8/site-packages/airflow/example_dags/example_branch_day_of_week_operator.py
[2024-07-25T07:53:12.167+0000] {processor.py:840} INFO - DAG(s) 'example_weekday_branch_operator' retrieved from /root/.cache/pypoetry/virtualenvs/freeprise-matchmaker-BsnH11MF-py3.8/lib/python3.8/site-packages/airflow/example_dags/example_branch_day_of_week_operator.py
[2024-07-25T07:53:12.210+0000] {logging_mixin.py:188} INFO - [2024-07-25T07:53:12.210+0000] {dag.py:3089} INFO - Sync 1 DAGs
[2024-07-25T07:53:12.249+0000] {logging_mixin.py:188} INFO - [2024-07-25T07:53:12.249+0000] {dag.py:3947} INFO - Setting next_dagrun for example_weekday_branch_operator to 2024-07-24 00:00:00+00:00, run_after=2024-07-25 00:00:00+00:00
[2024-07-25T07:53:12.279+0000] {processor.py:183} INFO - Processing /root/.cache/pypoetry/virtualenvs/freeprise-matchmaker-BsnH11MF-py3.8/lib/python3.8/site-packages/airflow/example_dags/example_branch_day_of_week_operator.py took 0.143 seconds
[2024-07-25T07:53:42.483+0000] {processor.py:161} INFO - Started process (PID=1995) to work on /root/.cache/pypoetry/virtualenvs/freeprise-matchmaker-BsnH11MF-py3.8/lib/python3.8/site-packages/airflow/example_dags/example_branch_day_of_week_operator.py
[2024-07-25T07:53:42.485+0000] {processor.py:830} INFO - Processing file /root/.cache/pypoetry/virtualenvs/freeprise-matchmaker-BsnH11MF-py3.8/lib/python3.8/site-packages/airflow/example_dags/example_branch_day_of_week_operator.py for tasks to queue
[2024-07-25T07:53:42.488+0000] {logging_mixin.py:188} INFO - [2024-07-25T07:53:42.487+0000] {dagbag.py:545} INFO - Filling up the DagBag from /root/.cache/pypoetry/virtualenvs/freeprise-matchmaker-BsnH11MF-py3.8/lib/python3.8/site-packages/airflow/example_dags/example_branch_day_of_week_operator.py
[2024-07-25T07:53:42.501+0000] {processor.py:840} INFO - DAG(s) 'example_weekday_branch_operator' retrieved from /root/.cache/pypoetry/virtualenvs/freeprise-matchmaker-BsnH11MF-py3.8/lib/python3.8/site-packages/airflow/example_dags/example_branch_day_of_week_operator.py
[2024-07-25T07:53:42.542+0000] {logging_mixin.py:188} INFO - [2024-07-25T07:53:42.542+0000] {dag.py:3089} INFO - Sync 1 DAGs
[2024-07-25T07:53:42.577+0000] {logging_mixin.py:188} INFO - [2024-07-25T07:53:42.577+0000] {dag.py:3947} INFO - Setting next_dagrun for example_weekday_branch_operator to 2024-07-24 00:00:00+00:00, run_after=2024-07-25 00:00:00+00:00
[2024-07-25T07:53:42.605+0000] {processor.py:183} INFO - Processing /root/.cache/pypoetry/virtualenvs/freeprise-matchmaker-BsnH11MF-py3.8/lib/python3.8/site-packages/airflow/example_dags/example_branch_day_of_week_operator.py took 0.133 seconds
[2024-07-25T07:54:13.171+0000] {processor.py:161} INFO - Started process (PID=2264) to work on /root/.cache/pypoetry/virtualenvs/freeprise-matchmaker-BsnH11MF-py3.8/lib/python3.8/site-packages/airflow/example_dags/example_branch_day_of_week_operator.py
[2024-07-25T07:54:13.176+0000] {processor.py:830} INFO - Processing file /root/.cache/pypoetry/virtualenvs/freeprise-matchmaker-BsnH11MF-py3.8/lib/python3.8/site-packages/airflow/example_dags/example_branch_day_of_week_operator.py for tasks to queue
[2024-07-25T07:54:13.180+0000] {logging_mixin.py:188} INFO - [2024-07-25T07:54:13.179+0000] {dagbag.py:545} INFO - Filling up the DagBag from /root/.cache/pypoetry/virtualenvs/freeprise-matchmaker-BsnH11MF-py3.8/lib/python3.8/site-packages/airflow/example_dags/example_branch_day_of_week_operator.py
[2024-07-25T07:54:13.199+0000] {processor.py:840} INFO - DAG(s) 'example_weekday_branch_operator' retrieved from /root/.cache/pypoetry/virtualenvs/freeprise-matchmaker-BsnH11MF-py3.8/lib/python3.8/site-packages/airflow/example_dags/example_branch_day_of_week_operator.py
[2024-07-25T07:54:13.243+0000] {logging_mixin.py:188} INFO - [2024-07-25T07:54:13.243+0000] {dag.py:3089} INFO - Sync 1 DAGs
[2024-07-25T07:54:13.283+0000] {logging_mixin.py:188} INFO - [2024-07-25T07:54:13.282+0000] {dag.py:3947} INFO - Setting next_dagrun for example_weekday_branch_operator to 2024-07-24 00:00:00+00:00, run_after=2024-07-25 00:00:00+00:00
[2024-07-25T07:54:13.309+0000] {processor.py:183} INFO - Processing /root/.cache/pypoetry/virtualenvs/freeprise-matchmaker-BsnH11MF-py3.8/lib/python3.8/site-packages/airflow/example_dags/example_branch_day_of_week_operator.py took 0.152 seconds
[2024-07-25T07:54:43.813+0000] {processor.py:161} INFO - Started process (PID=2530) to work on /root/.cache/pypoetry/virtualenvs/freeprise-matchmaker-BsnH11MF-py3.8/lib/python3.8/site-packages/airflow/example_dags/example_branch_day_of_week_operator.py
[2024-07-25T07:54:43.815+0000] {processor.py:830} INFO - Processing file /root/.cache/pypoetry/virtualenvs/freeprise-matchmaker-BsnH11MF-py3.8/lib/python3.8/site-packages/airflow/example_dags/example_branch_day_of_week_operator.py for tasks to queue
[2024-07-25T07:54:43.819+0000] {logging_mixin.py:188} INFO - [2024-07-25T07:54:43.818+0000] {dagbag.py:545} INFO - Filling up the DagBag from /root/.cache/pypoetry/virtualenvs/freeprise-matchmaker-BsnH11MF-py3.8/lib/python3.8/site-packages/airflow/example_dags/example_branch_day_of_week_operator.py
[2024-07-25T07:54:43.835+0000] {processor.py:840} INFO - DAG(s) 'example_weekday_branch_operator' retrieved from /root/.cache/pypoetry/virtualenvs/freeprise-matchmaker-BsnH11MF-py3.8/lib/python3.8/site-packages/airflow/example_dags/example_branch_day_of_week_operator.py
[2024-07-25T07:54:43.879+0000] {logging_mixin.py:188} INFO - [2024-07-25T07:54:43.879+0000] {dag.py:3089} INFO - Sync 1 DAGs
[2024-07-25T07:54:43.914+0000] {logging_mixin.py:188} INFO - [2024-07-25T07:54:43.914+0000] {dag.py:3947} INFO - Setting next_dagrun for example_weekday_branch_operator to 2024-07-24 00:00:00+00:00, run_after=2024-07-25 00:00:00+00:00
[2024-07-25T07:54:43.944+0000] {processor.py:183} INFO - Processing /root/.cache/pypoetry/virtualenvs/freeprise-matchmaker-BsnH11MF-py3.8/lib/python3.8/site-packages/airflow/example_dags/example_branch_day_of_week_operator.py took 0.147 seconds
[2024-07-25T07:55:14.910+0000] {processor.py:161} INFO - Started process (PID=2796) to work on /root/.cache/pypoetry/virtualenvs/freeprise-matchmaker-BsnH11MF-py3.8/lib/python3.8/site-packages/airflow/example_dags/example_branch_day_of_week_operator.py
[2024-07-25T07:55:14.912+0000] {processor.py:830} INFO - Processing file /root/.cache/pypoetry/virtualenvs/freeprise-matchmaker-BsnH11MF-py3.8/lib/python3.8/site-packages/airflow/example_dags/example_branch_day_of_week_operator.py for tasks to queue
[2024-07-25T07:55:14.915+0000] {logging_mixin.py:188} INFO - [2024-07-25T07:55:14.915+0000] {dagbag.py:545} INFO - Filling up the DagBag from /root/.cache/pypoetry/virtualenvs/freeprise-matchmaker-BsnH11MF-py3.8/lib/python3.8/site-packages/airflow/example_dags/example_branch_day_of_week_operator.py
[2024-07-25T07:55:14.934+0000] {processor.py:840} INFO - DAG(s) 'example_weekday_branch_operator' retrieved from /root/.cache/pypoetry/virtualenvs/freeprise-matchmaker-BsnH11MF-py3.8/lib/python3.8/site-packages/airflow/example_dags/example_branch_day_of_week_operator.py
[2024-07-25T07:55:14.978+0000] {logging_mixin.py:188} INFO - [2024-07-25T07:55:14.978+0000] {dag.py:3089} INFO - Sync 1 DAGs
[2024-07-25T07:55:15.016+0000] {logging_mixin.py:188} INFO - [2024-07-25T07:55:15.015+0000] {dag.py:3947} INFO - Setting next_dagrun for example_weekday_branch_operator to 2024-07-24 00:00:00+00:00, run_after=2024-07-25 00:00:00+00:00
[2024-07-25T07:55:15.045+0000] {processor.py:183} INFO - Processing /root/.cache/pypoetry/virtualenvs/freeprise-matchmaker-BsnH11MF-py3.8/lib/python3.8/site-packages/airflow/example_dags/example_branch_day_of_week_operator.py took 0.152 seconds
[2024-07-25T07:55:45.406+0000] {processor.py:161} INFO - Started process (PID=3064) to work on /root/.cache/pypoetry/virtualenvs/freeprise-matchmaker-BsnH11MF-py3.8/lib/python3.8/site-packages/airflow/example_dags/example_branch_day_of_week_operator.py
[2024-07-25T07:55:45.407+0000] {processor.py:830} INFO - Processing file /root/.cache/pypoetry/virtualenvs/freeprise-matchmaker-BsnH11MF-py3.8/lib/python3.8/site-packages/airflow/example_dags/example_branch_day_of_week_operator.py for tasks to queue
[2024-07-25T07:55:45.410+0000] {logging_mixin.py:188} INFO - [2024-07-25T07:55:45.409+0000] {dagbag.py:545} INFO - Filling up the DagBag from /root/.cache/pypoetry/virtualenvs/freeprise-matchmaker-BsnH11MF-py3.8/lib/python3.8/site-packages/airflow/example_dags/example_branch_day_of_week_operator.py
[2024-07-25T07:55:45.422+0000] {processor.py:840} INFO - DAG(s) 'example_weekday_branch_operator' retrieved from /root/.cache/pypoetry/virtualenvs/freeprise-matchmaker-BsnH11MF-py3.8/lib/python3.8/site-packages/airflow/example_dags/example_branch_day_of_week_operator.py
[2024-07-25T07:55:45.465+0000] {logging_mixin.py:188} INFO - [2024-07-25T07:55:45.465+0000] {dag.py:3089} INFO - Sync 1 DAGs
[2024-07-25T07:55:45.504+0000] {logging_mixin.py:188} INFO - [2024-07-25T07:55:45.504+0000] {dag.py:3947} INFO - Setting next_dagrun for example_weekday_branch_operator to 2024-07-24 00:00:00+00:00, run_after=2024-07-25 00:00:00+00:00
[2024-07-25T07:55:45.532+0000] {processor.py:183} INFO - Processing /root/.cache/pypoetry/virtualenvs/freeprise-matchmaker-BsnH11MF-py3.8/lib/python3.8/site-packages/airflow/example_dags/example_branch_day_of_week_operator.py took 0.137 seconds
[2024-07-25T07:56:16.080+0000] {processor.py:161} INFO - Started process (PID=3330) to work on /root/.cache/pypoetry/virtualenvs/freeprise-matchmaker-BsnH11MF-py3.8/lib/python3.8/site-packages/airflow/example_dags/example_branch_day_of_week_operator.py
[2024-07-25T07:56:16.082+0000] {processor.py:830} INFO - Processing file /root/.cache/pypoetry/virtualenvs/freeprise-matchmaker-BsnH11MF-py3.8/lib/python3.8/site-packages/airflow/example_dags/example_branch_day_of_week_operator.py for tasks to queue
[2024-07-25T07:56:16.085+0000] {logging_mixin.py:188} INFO - [2024-07-25T07:56:16.084+0000] {dagbag.py:545} INFO - Filling up the DagBag from /root/.cache/pypoetry/virtualenvs/freeprise-matchmaker-BsnH11MF-py3.8/lib/python3.8/site-packages/airflow/example_dags/example_branch_day_of_week_operator.py
[2024-07-25T07:56:16.098+0000] {processor.py:840} INFO - DAG(s) 'example_weekday_branch_operator' retrieved from /root/.cache/pypoetry/virtualenvs/freeprise-matchmaker-BsnH11MF-py3.8/lib/python3.8/site-packages/airflow/example_dags/example_branch_day_of_week_operator.py
[2024-07-25T07:56:16.147+0000] {logging_mixin.py:188} INFO - [2024-07-25T07:56:16.147+0000] {dag.py:3089} INFO - Sync 1 DAGs
[2024-07-25T07:56:16.184+0000] {logging_mixin.py:188} INFO - [2024-07-25T07:56:16.184+0000] {dag.py:3947} INFO - Setting next_dagrun for example_weekday_branch_operator to 2024-07-24 00:00:00+00:00, run_after=2024-07-25 00:00:00+00:00
[2024-07-25T07:56:16.211+0000] {processor.py:183} INFO - Processing /root/.cache/pypoetry/virtualenvs/freeprise-matchmaker-BsnH11MF-py3.8/lib/python3.8/site-packages/airflow/example_dags/example_branch_day_of_week_operator.py took 0.145 seconds
[2024-07-25T07:56:46.696+0000] {processor.py:161} INFO - Started process (PID=3594) to work on /root/.cache/pypoetry/virtualenvs/freeprise-matchmaker-BsnH11MF-py3.8/lib/python3.8/site-packages/airflow/example_dags/example_branch_day_of_week_operator.py
[2024-07-25T07:56:46.698+0000] {processor.py:830} INFO - Processing file /root/.cache/pypoetry/virtualenvs/freeprise-matchmaker-BsnH11MF-py3.8/lib/python3.8/site-packages/airflow/example_dags/example_branch_day_of_week_operator.py for tasks to queue
[2024-07-25T07:56:46.701+0000] {logging_mixin.py:188} INFO - [2024-07-25T07:56:46.700+0000] {dagbag.py:545} INFO - Filling up the DagBag from /root/.cache/pypoetry/virtualenvs/freeprise-matchmaker-BsnH11MF-py3.8/lib/python3.8/site-packages/airflow/example_dags/example_branch_day_of_week_operator.py
[2024-07-25T07:56:46.718+0000] {processor.py:840} INFO - DAG(s) 'example_weekday_branch_operator' retrieved from /root/.cache/pypoetry/virtualenvs/freeprise-matchmaker-BsnH11MF-py3.8/lib/python3.8/site-packages/airflow/example_dags/example_branch_day_of_week_operator.py
[2024-07-25T07:56:46.765+0000] {logging_mixin.py:188} INFO - [2024-07-25T07:56:46.765+0000] {dag.py:3089} INFO - Sync 1 DAGs
[2024-07-25T07:56:46.817+0000] {logging_mixin.py:188} INFO - [2024-07-25T07:56:46.816+0000] {dag.py:3947} INFO - Setting next_dagrun for example_weekday_branch_operator to 2024-07-24 00:00:00+00:00, run_after=2024-07-25 00:00:00+00:00
[2024-07-25T07:56:46.847+0000] {processor.py:183} INFO - Processing /root/.cache/pypoetry/virtualenvs/freeprise-matchmaker-BsnH11MF-py3.8/lib/python3.8/site-packages/airflow/example_dags/example_branch_day_of_week_operator.py took 0.166 seconds
[2024-07-25T07:57:17.123+0000] {processor.py:161} INFO - Started process (PID=3860) to work on /root/.cache/pypoetry/virtualenvs/freeprise-matchmaker-BsnH11MF-py3.8/lib/python3.8/site-packages/airflow/example_dags/example_branch_day_of_week_operator.py
[2024-07-25T07:57:17.126+0000] {processor.py:830} INFO - Processing file /root/.cache/pypoetry/virtualenvs/freeprise-matchmaker-BsnH11MF-py3.8/lib/python3.8/site-packages/airflow/example_dags/example_branch_day_of_week_operator.py for tasks to queue
[2024-07-25T07:57:17.129+0000] {logging_mixin.py:188} INFO - [2024-07-25T07:57:17.128+0000] {dagbag.py:545} INFO - Filling up the DagBag from /root/.cache/pypoetry/virtualenvs/freeprise-matchmaker-BsnH11MF-py3.8/lib/python3.8/site-packages/airflow/example_dags/example_branch_day_of_week_operator.py
[2024-07-25T07:57:17.143+0000] {processor.py:840} INFO - DAG(s) 'example_weekday_branch_operator' retrieved from /root/.cache/pypoetry/virtualenvs/freeprise-matchmaker-BsnH11MF-py3.8/lib/python3.8/site-packages/airflow/example_dags/example_branch_day_of_week_operator.py
[2024-07-25T07:57:17.192+0000] {logging_mixin.py:188} INFO - [2024-07-25T07:57:17.192+0000] {dag.py:3089} INFO - Sync 1 DAGs
[2024-07-25T07:57:17.242+0000] {logging_mixin.py:188} INFO - [2024-07-25T07:57:17.242+0000] {dag.py:3947} INFO - Setting next_dagrun for example_weekday_branch_operator to 2024-07-24 00:00:00+00:00, run_after=2024-07-25 00:00:00+00:00
[2024-07-25T07:57:17.279+0000] {processor.py:183} INFO - Processing /root/.cache/pypoetry/virtualenvs/freeprise-matchmaker-BsnH11MF-py3.8/lib/python3.8/site-packages/airflow/example_dags/example_branch_day_of_week_operator.py took 0.169 seconds
[2024-07-25T07:57:47.516+0000] {processor.py:161} INFO - Started process (PID=4126) to work on /root/.cache/pypoetry/virtualenvs/freeprise-matchmaker-BsnH11MF-py3.8/lib/python3.8/site-packages/airflow/example_dags/example_branch_day_of_week_operator.py
[2024-07-25T07:57:47.518+0000] {processor.py:830} INFO - Processing file /root/.cache/pypoetry/virtualenvs/freeprise-matchmaker-BsnH11MF-py3.8/lib/python3.8/site-packages/airflow/example_dags/example_branch_day_of_week_operator.py for tasks to queue
[2024-07-25T07:57:47.522+0000] {logging_mixin.py:188} INFO - [2024-07-25T07:57:47.521+0000] {dagbag.py:545} INFO - Filling up the DagBag from /root/.cache/pypoetry/virtualenvs/freeprise-matchmaker-BsnH11MF-py3.8/lib/python3.8/site-packages/airflow/example_dags/example_branch_day_of_week_operator.py
[2024-07-25T07:57:47.535+0000] {processor.py:840} INFO - DAG(s) 'example_weekday_branch_operator' retrieved from /root/.cache/pypoetry/virtualenvs/freeprise-matchmaker-BsnH11MF-py3.8/lib/python3.8/site-packages/airflow/example_dags/example_branch_day_of_week_operator.py
[2024-07-25T07:57:47.579+0000] {logging_mixin.py:188} INFO - [2024-07-25T07:57:47.578+0000] {dag.py:3089} INFO - Sync 1 DAGs
[2024-07-25T07:57:47.614+0000] {logging_mixin.py:188} INFO - [2024-07-25T07:57:47.613+0000] {dag.py:3947} INFO - Setting next_dagrun for example_weekday_branch_operator to 2024-07-24 00:00:00+00:00, run_after=2024-07-25 00:00:00+00:00
[2024-07-25T07:57:47.641+0000] {processor.py:183} INFO - Processing /root/.cache/pypoetry/virtualenvs/freeprise-matchmaker-BsnH11MF-py3.8/lib/python3.8/site-packages/airflow/example_dags/example_branch_day_of_week_operator.py took 0.137 seconds
[2024-07-25T07:58:18.188+0000] {processor.py:161} INFO - Started process (PID=4394) to work on /root/.cache/pypoetry/virtualenvs/freeprise-matchmaker-BsnH11MF-py3.8/lib/python3.8/site-packages/airflow/example_dags/example_branch_day_of_week_operator.py
[2024-07-25T07:58:18.190+0000] {processor.py:830} INFO - Processing file /root/.cache/pypoetry/virtualenvs/freeprise-matchmaker-BsnH11MF-py3.8/lib/python3.8/site-packages/airflow/example_dags/example_branch_day_of_week_operator.py for tasks to queue
[2024-07-25T07:58:18.193+0000] {logging_mixin.py:188} INFO - [2024-07-25T07:58:18.192+0000] {dagbag.py:545} INFO - Filling up the DagBag from /root/.cache/pypoetry/virtualenvs/freeprise-matchmaker-BsnH11MF-py3.8/lib/python3.8/site-packages/airflow/example_dags/example_branch_day_of_week_operator.py
[2024-07-25T07:58:18.212+0000] {processor.py:840} INFO - DAG(s) 'example_weekday_branch_operator' retrieved from /root/.cache/pypoetry/virtualenvs/freeprise-matchmaker-BsnH11MF-py3.8/lib/python3.8/site-packages/airflow/example_dags/example_branch_day_of_week_operator.py
[2024-07-25T07:58:18.257+0000] {logging_mixin.py:188} INFO - [2024-07-25T07:58:18.256+0000] {dag.py:3089} INFO - Sync 1 DAGs
[2024-07-25T07:58:18.291+0000] {logging_mixin.py:188} INFO - [2024-07-25T07:58:18.291+0000] {dag.py:3947} INFO - Setting next_dagrun for example_weekday_branch_operator to 2024-07-24 00:00:00+00:00, run_after=2024-07-25 00:00:00+00:00
[2024-07-25T07:58:18.322+0000] {processor.py:183} INFO - Processing /root/.cache/pypoetry/virtualenvs/freeprise-matchmaker-BsnH11MF-py3.8/lib/python3.8/site-packages/airflow/example_dags/example_branch_day_of_week_operator.py took 0.151 seconds
[2024-07-25T07:58:48.472+0000] {processor.py:161} INFO - Started process (PID=4660) to work on /root/.cache/pypoetry/virtualenvs/freeprise-matchmaker-BsnH11MF-py3.8/lib/python3.8/site-packages/airflow/example_dags/example_branch_day_of_week_operator.py
[2024-07-25T07:58:48.474+0000] {processor.py:830} INFO - Processing file /root/.cache/pypoetry/virtualenvs/freeprise-matchmaker-BsnH11MF-py3.8/lib/python3.8/site-packages/airflow/example_dags/example_branch_day_of_week_operator.py for tasks to queue
[2024-07-25T07:58:48.477+0000] {logging_mixin.py:188} INFO - [2024-07-25T07:58:48.476+0000] {dagbag.py:545} INFO - Filling up the DagBag from /root/.cache/pypoetry/virtualenvs/freeprise-matchmaker-BsnH11MF-py3.8/lib/python3.8/site-packages/airflow/example_dags/example_branch_day_of_week_operator.py
[2024-07-25T07:58:48.490+0000] {processor.py:840} INFO - DAG(s) 'example_weekday_branch_operator' retrieved from /root/.cache/pypoetry/virtualenvs/freeprise-matchmaker-BsnH11MF-py3.8/lib/python3.8/site-packages/airflow/example_dags/example_branch_day_of_week_operator.py
[2024-07-25T07:58:48.531+0000] {logging_mixin.py:188} INFO - [2024-07-25T07:58:48.531+0000] {dag.py:3089} INFO - Sync 1 DAGs
[2024-07-25T07:58:48.566+0000] {logging_mixin.py:188} INFO - [2024-07-25T07:58:48.565+0000] {dag.py:3947} INFO - Setting next_dagrun for example_weekday_branch_operator to 2024-07-24 00:00:00+00:00, run_after=2024-07-25 00:00:00+00:00
[2024-07-25T07:58:48.591+0000] {processor.py:183} INFO - Processing /root/.cache/pypoetry/virtualenvs/freeprise-matchmaker-BsnH11MF-py3.8/lib/python3.8/site-packages/airflow/example_dags/example_branch_day_of_week_operator.py took 0.130 seconds
[2024-07-25T07:59:19.065+0000] {processor.py:161} INFO - Started process (PID=4924) to work on /root/.cache/pypoetry/virtualenvs/freeprise-matchmaker-BsnH11MF-py3.8/lib/python3.8/site-packages/airflow/example_dags/example_branch_day_of_week_operator.py
[2024-07-25T07:59:19.068+0000] {processor.py:830} INFO - Processing file /root/.cache/pypoetry/virtualenvs/freeprise-matchmaker-BsnH11MF-py3.8/lib/python3.8/site-packages/airflow/example_dags/example_branch_day_of_week_operator.py for tasks to queue
[2024-07-25T07:59:19.071+0000] {logging_mixin.py:188} INFO - [2024-07-25T07:59:19.070+0000] {dagbag.py:545} INFO - Filling up the DagBag from /root/.cache/pypoetry/virtualenvs/freeprise-matchmaker-BsnH11MF-py3.8/lib/python3.8/site-packages/airflow/example_dags/example_branch_day_of_week_operator.py
[2024-07-25T07:59:19.088+0000] {processor.py:840} INFO - DAG(s) 'example_weekday_branch_operator' retrieved from /root/.cache/pypoetry/virtualenvs/freeprise-matchmaker-BsnH11MF-py3.8/lib/python3.8/site-packages/airflow/example_dags/example_branch_day_of_week_operator.py
[2024-07-25T07:59:19.144+0000] {logging_mixin.py:188} INFO - [2024-07-25T07:59:19.144+0000] {dag.py:3089} INFO - Sync 1 DAGs
[2024-07-25T07:59:19.192+0000] {logging_mixin.py:188} INFO - [2024-07-25T07:59:19.191+0000] {dag.py:3947} INFO - Setting next_dagrun for example_weekday_branch_operator to 2024-07-24 00:00:00+00:00, run_after=2024-07-25 00:00:00+00:00
[2024-07-25T07:59:19.224+0000] {processor.py:183} INFO - Processing /root/.cache/pypoetry/virtualenvs/freeprise-matchmaker-BsnH11MF-py3.8/lib/python3.8/site-packages/airflow/example_dags/example_branch_day_of_week_operator.py took 0.175 seconds
[2024-07-25T07:59:49.859+0000] {processor.py:161} INFO - Started process (PID=5190) to work on /root/.cache/pypoetry/virtualenvs/freeprise-matchmaker-BsnH11MF-py3.8/lib/python3.8/site-packages/airflow/example_dags/example_branch_day_of_week_operator.py
[2024-07-25T07:59:49.867+0000] {processor.py:830} INFO - Processing file /root/.cache/pypoetry/virtualenvs/freeprise-matchmaker-BsnH11MF-py3.8/lib/python3.8/site-packages/airflow/example_dags/example_branch_day_of_week_operator.py for tasks to queue
[2024-07-25T07:59:49.871+0000] {logging_mixin.py:188} INFO - [2024-07-25T07:59:49.871+0000] {dagbag.py:545} INFO - Filling up the DagBag from /root/.cache/pypoetry/virtualenvs/freeprise-matchmaker-BsnH11MF-py3.8/lib/python3.8/site-packages/airflow/example_dags/example_branch_day_of_week_operator.py
[2024-07-25T07:59:49.893+0000] {processor.py:840} INFO - DAG(s) 'example_weekday_branch_operator' retrieved from /root/.cache/pypoetry/virtualenvs/freeprise-matchmaker-BsnH11MF-py3.8/lib/python3.8/site-packages/airflow/example_dags/example_branch_day_of_week_operator.py
[2024-07-25T07:59:49.965+0000] {logging_mixin.py:188} INFO - [2024-07-25T07:59:49.964+0000] {dag.py:3089} INFO - Sync 1 DAGs
[2024-07-25T07:59:50.027+0000] {logging_mixin.py:188} INFO - [2024-07-25T07:59:50.026+0000] {dag.py:3947} INFO - Setting next_dagrun for example_weekday_branch_operator to 2024-07-24 00:00:00+00:00, run_after=2024-07-25 00:00:00+00:00
[2024-07-25T07:59:50.079+0000] {processor.py:183} INFO - Processing /root/.cache/pypoetry/virtualenvs/freeprise-matchmaker-BsnH11MF-py3.8/lib/python3.8/site-packages/airflow/example_dags/example_branch_day_of_week_operator.py took 0.232 seconds
[2024-07-25T08:00:20.830+0000] {processor.py:161} INFO - Started process (PID=5456) to work on /root/.cache/pypoetry/virtualenvs/freeprise-matchmaker-BsnH11MF-py3.8/lib/python3.8/site-packages/airflow/example_dags/example_branch_day_of_week_operator.py
[2024-07-25T08:00:20.832+0000] {processor.py:830} INFO - Processing file /root/.cache/pypoetry/virtualenvs/freeprise-matchmaker-BsnH11MF-py3.8/lib/python3.8/site-packages/airflow/example_dags/example_branch_day_of_week_operator.py for tasks to queue
[2024-07-25T08:00:20.836+0000] {logging_mixin.py:188} INFO - [2024-07-25T08:00:20.835+0000] {dagbag.py:545} INFO - Filling up the DagBag from /root/.cache/pypoetry/virtualenvs/freeprise-matchmaker-BsnH11MF-py3.8/lib/python3.8/site-packages/airflow/example_dags/example_branch_day_of_week_operator.py
[2024-07-25T08:00:20.858+0000] {processor.py:840} INFO - DAG(s) 'example_weekday_branch_operator' retrieved from /root/.cache/pypoetry/virtualenvs/freeprise-matchmaker-BsnH11MF-py3.8/lib/python3.8/site-packages/airflow/example_dags/example_branch_day_of_week_operator.py
[2024-07-25T08:00:20.919+0000] {logging_mixin.py:188} INFO - [2024-07-25T08:00:20.918+0000] {dag.py:3089} INFO - Sync 1 DAGs
[2024-07-25T08:00:20.969+0000] {logging_mixin.py:188} INFO - [2024-07-25T08:00:20.969+0000] {dag.py:3947} INFO - Setting next_dagrun for example_weekday_branch_operator to 2024-07-24 00:00:00+00:00, run_after=2024-07-25 00:00:00+00:00
[2024-07-25T08:00:21.009+0000] {processor.py:183} INFO - Processing /root/.cache/pypoetry/virtualenvs/freeprise-matchmaker-BsnH11MF-py3.8/lib/python3.8/site-packages/airflow/example_dags/example_branch_day_of_week_operator.py took 0.197 seconds
[2024-07-25T08:00:55.492+0000] {processor.py:161} INFO - Started process (PID=5722) to work on /root/.cache/pypoetry/virtualenvs/freeprise-matchmaker-BsnH11MF-py3.8/lib/python3.8/site-packages/airflow/example_dags/example_branch_day_of_week_operator.py
[2024-07-25T08:00:55.495+0000] {processor.py:830} INFO - Processing file /root/.cache/pypoetry/virtualenvs/freeprise-matchmaker-BsnH11MF-py3.8/lib/python3.8/site-packages/airflow/example_dags/example_branch_day_of_week_operator.py for tasks to queue
[2024-07-25T08:00:55.498+0000] {logging_mixin.py:188} INFO - [2024-07-25T08:00:55.498+0000] {dagbag.py:545} INFO - Filling up the DagBag from /root/.cache/pypoetry/virtualenvs/freeprise-matchmaker-BsnH11MF-py3.8/lib/python3.8/site-packages/airflow/example_dags/example_branch_day_of_week_operator.py
[2024-07-25T08:00:55.515+0000] {processor.py:840} INFO - DAG(s) 'example_weekday_branch_operator' retrieved from /root/.cache/pypoetry/virtualenvs/freeprise-matchmaker-BsnH11MF-py3.8/lib/python3.8/site-packages/airflow/example_dags/example_branch_day_of_week_operator.py
[2024-07-25T08:00:55.569+0000] {logging_mixin.py:188} INFO - [2024-07-25T08:00:55.569+0000] {dag.py:3089} INFO - Sync 1 DAGs
[2024-07-25T08:00:55.623+0000] {logging_mixin.py:188} INFO - [2024-07-25T08:00:55.623+0000] {dag.py:3947} INFO - Setting next_dagrun for example_weekday_branch_operator to 2024-07-24 00:00:00+00:00, run_after=2024-07-25 00:00:00+00:00
[2024-07-25T08:00:55.665+0000] {processor.py:183} INFO - Processing /root/.cache/pypoetry/virtualenvs/freeprise-matchmaker-BsnH11MF-py3.8/lib/python3.8/site-packages/airflow/example_dags/example_branch_day_of_week_operator.py took 0.188 seconds
