[2024-07-25T07:50:31.003+0000] {processor.py:161} INFO - Started process (PID=332) to work on /root/.cache/pypoetry/virtualenvs/freeprise-matchmaker-BsnH11MF-py3.8/lib/python3.8/site-packages/airflow/example_dags/example_latest_only_with_trigger.py
[2024-07-25T07:50:31.005+0000] {processor.py:830} INFO - Processing file /root/.cache/pypoetry/virtualenvs/freeprise-matchmaker-BsnH11MF-py3.8/lib/python3.8/site-packages/airflow/example_dags/example_latest_only_with_trigger.py for tasks to queue
[2024-07-25T07:50:31.008+0000] {logging_mixin.py:188} INFO - [2024-07-25T07:50:31.007+0000] {dagbag.py:545} INFO - Filling up the DagBag from /root/.cache/pypoetry/virtualenvs/freeprise-matchmaker-BsnH11MF-py3.8/lib/python3.8/site-packages/airflow/example_dags/example_latest_only_with_trigger.py
[2024-07-25T07:50:31.020+0000] {processor.py:840} INFO - DAG(s) 'latest_only_with_trigger' retrieved from /root/.cache/pypoetry/virtualenvs/freeprise-matchmaker-BsnH11MF-py3.8/lib/python3.8/site-packages/airflow/example_dags/example_latest_only_with_trigger.py
[2024-07-25T07:50:31.046+0000] {logging_mixin.py:188} INFO - [2024-07-25T07:50:31.045+0000] {dag.py:3089} INFO - Sync 1 DAGs
[2024-07-25T07:50:31.081+0000] {logging_mixin.py:188} INFO - [2024-07-25T07:50:31.080+0000] {dag.py:3947} INFO - Setting next_dagrun for latest_only_with_trigger to 2024-07-25 00:00:00+00:00, run_after=2024-07-25 04:00:00+00:00
[2024-07-25T07:50:31.107+0000] {processor.py:183} INFO - Processing /root/.cache/pypoetry/virtualenvs/freeprise-matchmaker-BsnH11MF-py3.8/lib/python3.8/site-packages/airflow/example_dags/example_latest_only_with_trigger.py took 0.117 seconds
[2024-07-25T07:51:06.262+0000] {processor.py:161} INFO - Started process (PID=598) to work on /root/.cache/pypoetry/virtualenvs/freeprise-matchmaker-BsnH11MF-py3.8/lib/python3.8/site-packages/airflow/example_dags/example_latest_only_with_trigger.py
[2024-07-25T07:51:06.265+0000] {processor.py:830} INFO - Processing file /root/.cache/pypoetry/virtualenvs/freeprise-matchmaker-BsnH11MF-py3.8/lib/python3.8/site-packages/airflow/example_dags/example_latest_only_with_trigger.py for tasks to queue
[2024-07-25T07:51:06.269+0000] {logging_mixin.py:188} INFO - [2024-07-25T07:51:06.268+0000] {dagbag.py:545} INFO - Filling up the DagBag from /root/.cache/pypoetry/virtualenvs/freeprise-matchmaker-BsnH11MF-py3.8/lib/python3.8/site-packages/airflow/example_dags/example_latest_only_with_trigger.py
[2024-07-25T07:51:06.283+0000] {processor.py:840} INFO - DAG(s) 'latest_only_with_trigger' retrieved from /root/.cache/pypoetry/virtualenvs/freeprise-matchmaker-BsnH11MF-py3.8/lib/python3.8/site-packages/airflow/example_dags/example_latest_only_with_trigger.py
[2024-07-25T07:51:06.599+0000] {logging_mixin.py:188} INFO - [2024-07-25T07:51:06.598+0000] {dag.py:3089} INFO - Sync 1 DAGs
[2024-07-25T07:51:06.631+0000] {logging_mixin.py:188} INFO - [2024-07-25T07:51:06.631+0000] {dag.py:3947} INFO - Setting next_dagrun for latest_only_with_trigger to 2024-07-25 00:00:00+00:00, run_after=2024-07-25 04:00:00+00:00
[2024-07-25T07:51:06.658+0000] {processor.py:183} INFO - Processing /root/.cache/pypoetry/virtualenvs/freeprise-matchmaker-BsnH11MF-py3.8/lib/python3.8/site-packages/airflow/example_dags/example_latest_only_with_trigger.py took 0.413 seconds
[2024-07-25T07:51:36.922+0000] {processor.py:161} INFO - Started process (PID=864) to work on /root/.cache/pypoetry/virtualenvs/freeprise-matchmaker-BsnH11MF-py3.8/lib/python3.8/site-packages/airflow/example_dags/example_latest_only_with_trigger.py
[2024-07-25T07:51:36.924+0000] {processor.py:830} INFO - Processing file /root/.cache/pypoetry/virtualenvs/freeprise-matchmaker-BsnH11MF-py3.8/lib/python3.8/site-packages/airflow/example_dags/example_latest_only_with_trigger.py for tasks to queue
[2024-07-25T07:51:36.926+0000] {logging_mixin.py:188} INFO - [2024-07-25T07:51:36.926+0000] {dagbag.py:545} INFO - Filling up the DagBag from /root/.cache/pypoetry/virtualenvs/freeprise-matchmaker-BsnH11MF-py3.8/lib/python3.8/site-packages/airflow/example_dags/example_latest_only_with_trigger.py
[2024-07-25T07:51:36.938+0000] {processor.py:840} INFO - DAG(s) 'latest_only_with_trigger' retrieved from /root/.cache/pypoetry/virtualenvs/freeprise-matchmaker-BsnH11MF-py3.8/lib/python3.8/site-packages/airflow/example_dags/example_latest_only_with_trigger.py
[2024-07-25T07:51:36.981+0000] {logging_mixin.py:188} INFO - [2024-07-25T07:51:36.981+0000] {dag.py:3089} INFO - Sync 1 DAGs
[2024-07-25T07:51:37.021+0000] {logging_mixin.py:188} INFO - [2024-07-25T07:51:37.021+0000] {dag.py:3947} INFO - Setting next_dagrun for latest_only_with_trigger to 2024-07-25 00:00:00+00:00, run_after=2024-07-25 04:00:00+00:00
[2024-07-25T07:51:37.060+0000] {processor.py:183} INFO - Processing /root/.cache/pypoetry/virtualenvs/freeprise-matchmaker-BsnH11MF-py3.8/lib/python3.8/site-packages/airflow/example_dags/example_latest_only_with_trigger.py took 0.155 seconds
[2024-07-25T07:52:07.623+0000] {processor.py:161} INFO - Started process (PID=1132) to work on /root/.cache/pypoetry/virtualenvs/freeprise-matchmaker-BsnH11MF-py3.8/lib/python3.8/site-packages/airflow/example_dags/example_latest_only_with_trigger.py
[2024-07-25T07:52:07.624+0000] {processor.py:830} INFO - Processing file /root/.cache/pypoetry/virtualenvs/freeprise-matchmaker-BsnH11MF-py3.8/lib/python3.8/site-packages/airflow/example_dags/example_latest_only_with_trigger.py for tasks to queue
[2024-07-25T07:52:07.627+0000] {logging_mixin.py:188} INFO - [2024-07-25T07:52:07.626+0000] {dagbag.py:545} INFO - Filling up the DagBag from /root/.cache/pypoetry/virtualenvs/freeprise-matchmaker-BsnH11MF-py3.8/lib/python3.8/site-packages/airflow/example_dags/example_latest_only_with_trigger.py
[2024-07-25T07:52:07.636+0000] {processor.py:840} INFO - DAG(s) 'latest_only_with_trigger' retrieved from /root/.cache/pypoetry/virtualenvs/freeprise-matchmaker-BsnH11MF-py3.8/lib/python3.8/site-packages/airflow/example_dags/example_latest_only_with_trigger.py
[2024-07-25T07:52:07.681+0000] {logging_mixin.py:188} INFO - [2024-07-25T07:52:07.681+0000] {dag.py:3089} INFO - Sync 1 DAGs
[2024-07-25T07:52:07.721+0000] {logging_mixin.py:188} INFO - [2024-07-25T07:52:07.721+0000] {dag.py:3947} INFO - Setting next_dagrun for latest_only_with_trigger to 2024-07-25 00:00:00+00:00, run_after=2024-07-25 04:00:00+00:00
[2024-07-25T07:52:07.751+0000] {processor.py:183} INFO - Processing /root/.cache/pypoetry/virtualenvs/freeprise-matchmaker-BsnH11MF-py3.8/lib/python3.8/site-packages/airflow/example_dags/example_latest_only_with_trigger.py took 0.142 seconds
[2024-07-25T07:52:37.946+0000] {processor.py:161} INFO - Started process (PID=1398) to work on /root/.cache/pypoetry/virtualenvs/freeprise-matchmaker-BsnH11MF-py3.8/lib/python3.8/site-packages/airflow/example_dags/example_latest_only_with_trigger.py
[2024-07-25T07:52:37.948+0000] {processor.py:830} INFO - Processing file /root/.cache/pypoetry/virtualenvs/freeprise-matchmaker-BsnH11MF-py3.8/lib/python3.8/site-packages/airflow/example_dags/example_latest_only_with_trigger.py for tasks to queue
[2024-07-25T07:52:37.951+0000] {logging_mixin.py:188} INFO - [2024-07-25T07:52:37.950+0000] {dagbag.py:545} INFO - Filling up the DagBag from /root/.cache/pypoetry/virtualenvs/freeprise-matchmaker-BsnH11MF-py3.8/lib/python3.8/site-packages/airflow/example_dags/example_latest_only_with_trigger.py
[2024-07-25T07:52:37.960+0000] {processor.py:840} INFO - DAG(s) 'latest_only_with_trigger' retrieved from /root/.cache/pypoetry/virtualenvs/freeprise-matchmaker-BsnH11MF-py3.8/lib/python3.8/site-packages/airflow/example_dags/example_latest_only_with_trigger.py
[2024-07-25T07:52:38.009+0000] {logging_mixin.py:188} INFO - [2024-07-25T07:52:38.009+0000] {dag.py:3089} INFO - Sync 1 DAGs
[2024-07-25T07:52:38.044+0000] {logging_mixin.py:188} INFO - [2024-07-25T07:52:38.043+0000] {dag.py:3947} INFO - Setting next_dagrun for latest_only_with_trigger to 2024-07-25 00:00:00+00:00, run_after=2024-07-25 04:00:00+00:00
[2024-07-25T07:52:38.072+0000] {processor.py:183} INFO - Processing /root/.cache/pypoetry/virtualenvs/freeprise-matchmaker-BsnH11MF-py3.8/lib/python3.8/site-packages/airflow/example_dags/example_latest_only_with_trigger.py took 0.143 seconds
[2024-07-25T07:53:08.645+0000] {processor.py:161} INFO - Started process (PID=1662) to work on /root/.cache/pypoetry/virtualenvs/freeprise-matchmaker-BsnH11MF-py3.8/lib/python3.8/site-packages/airflow/example_dags/example_latest_only_with_trigger.py
[2024-07-25T07:53:08.647+0000] {processor.py:830} INFO - Processing file /root/.cache/pypoetry/virtualenvs/freeprise-matchmaker-BsnH11MF-py3.8/lib/python3.8/site-packages/airflow/example_dags/example_latest_only_with_trigger.py for tasks to queue
[2024-07-25T07:53:08.649+0000] {logging_mixin.py:188} INFO - [2024-07-25T07:53:08.649+0000] {dagbag.py:545} INFO - Filling up the DagBag from /root/.cache/pypoetry/virtualenvs/freeprise-matchmaker-BsnH11MF-py3.8/lib/python3.8/site-packages/airflow/example_dags/example_latest_only_with_trigger.py
[2024-07-25T07:53:08.660+0000] {processor.py:840} INFO - DAG(s) 'latest_only_with_trigger' retrieved from /root/.cache/pypoetry/virtualenvs/freeprise-matchmaker-BsnH11MF-py3.8/lib/python3.8/site-packages/airflow/example_dags/example_latest_only_with_trigger.py
[2024-07-25T07:53:08.706+0000] {logging_mixin.py:188} INFO - [2024-07-25T07:53:08.706+0000] {dag.py:3089} INFO - Sync 1 DAGs
[2024-07-25T07:53:08.741+0000] {logging_mixin.py:188} INFO - [2024-07-25T07:53:08.741+0000] {dag.py:3947} INFO - Setting next_dagrun for latest_only_with_trigger to 2024-07-25 00:00:00+00:00, run_after=2024-07-25 04:00:00+00:00
[2024-07-25T07:53:08.770+0000] {processor.py:183} INFO - Processing /root/.cache/pypoetry/virtualenvs/freeprise-matchmaker-BsnH11MF-py3.8/lib/python3.8/site-packages/airflow/example_dags/example_latest_only_with_trigger.py took 0.137 seconds
[2024-07-25T07:53:39.252+0000] {processor.py:161} INFO - Started process (PID=1928) to work on /root/.cache/pypoetry/virtualenvs/freeprise-matchmaker-BsnH11MF-py3.8/lib/python3.8/site-packages/airflow/example_dags/example_latest_only_with_trigger.py
[2024-07-25T07:53:39.255+0000] {processor.py:830} INFO - Processing file /root/.cache/pypoetry/virtualenvs/freeprise-matchmaker-BsnH11MF-py3.8/lib/python3.8/site-packages/airflow/example_dags/example_latest_only_with_trigger.py for tasks to queue
[2024-07-25T07:53:39.258+0000] {logging_mixin.py:188} INFO - [2024-07-25T07:53:39.257+0000] {dagbag.py:545} INFO - Filling up the DagBag from /root/.cache/pypoetry/virtualenvs/freeprise-matchmaker-BsnH11MF-py3.8/lib/python3.8/site-packages/airflow/example_dags/example_latest_only_with_trigger.py
[2024-07-25T07:53:39.267+0000] {processor.py:840} INFO - DAG(s) 'latest_only_with_trigger' retrieved from /root/.cache/pypoetry/virtualenvs/freeprise-matchmaker-BsnH11MF-py3.8/lib/python3.8/site-packages/airflow/example_dags/example_latest_only_with_trigger.py
[2024-07-25T07:53:39.313+0000] {logging_mixin.py:188} INFO - [2024-07-25T07:53:39.312+0000] {dag.py:3089} INFO - Sync 1 DAGs
[2024-07-25T07:53:39.358+0000] {logging_mixin.py:188} INFO - [2024-07-25T07:53:39.358+0000] {dag.py:3947} INFO - Setting next_dagrun for latest_only_with_trigger to 2024-07-25 00:00:00+00:00, run_after=2024-07-25 04:00:00+00:00
[2024-07-25T07:53:39.386+0000] {processor.py:183} INFO - Processing /root/.cache/pypoetry/virtualenvs/freeprise-matchmaker-BsnH11MF-py3.8/lib/python3.8/site-packages/airflow/example_dags/example_latest_only_with_trigger.py took 0.150 seconds
[2024-07-25T07:54:09.703+0000] {processor.py:161} INFO - Started process (PID=2194) to work on /root/.cache/pypoetry/virtualenvs/freeprise-matchmaker-BsnH11MF-py3.8/lib/python3.8/site-packages/airflow/example_dags/example_latest_only_with_trigger.py
[2024-07-25T07:54:09.706+0000] {processor.py:830} INFO - Processing file /root/.cache/pypoetry/virtualenvs/freeprise-matchmaker-BsnH11MF-py3.8/lib/python3.8/site-packages/airflow/example_dags/example_latest_only_with_trigger.py for tasks to queue
[2024-07-25T07:54:09.708+0000] {logging_mixin.py:188} INFO - [2024-07-25T07:54:09.708+0000] {dagbag.py:545} INFO - Filling up the DagBag from /root/.cache/pypoetry/virtualenvs/freeprise-matchmaker-BsnH11MF-py3.8/lib/python3.8/site-packages/airflow/example_dags/example_latest_only_with_trigger.py
[2024-07-25T07:54:09.718+0000] {processor.py:840} INFO - DAG(s) 'latest_only_with_trigger' retrieved from /root/.cache/pypoetry/virtualenvs/freeprise-matchmaker-BsnH11MF-py3.8/lib/python3.8/site-packages/airflow/example_dags/example_latest_only_with_trigger.py
[2024-07-25T07:54:09.767+0000] {logging_mixin.py:188} INFO - [2024-07-25T07:54:09.767+0000] {dag.py:3089} INFO - Sync 1 DAGs
[2024-07-25T07:54:09.816+0000] {logging_mixin.py:188} INFO - [2024-07-25T07:54:09.815+0000] {dag.py:3947} INFO - Setting next_dagrun for latest_only_with_trigger to 2024-07-25 00:00:00+00:00, run_after=2024-07-25 04:00:00+00:00
[2024-07-25T07:54:09.846+0000] {processor.py:183} INFO - Processing /root/.cache/pypoetry/virtualenvs/freeprise-matchmaker-BsnH11MF-py3.8/lib/python3.8/site-packages/airflow/example_dags/example_latest_only_with_trigger.py took 0.155 seconds
[2024-07-25T07:54:40.273+0000] {processor.py:161} INFO - Started process (PID=2460) to work on /root/.cache/pypoetry/virtualenvs/freeprise-matchmaker-BsnH11MF-py3.8/lib/python3.8/site-packages/airflow/example_dags/example_latest_only_with_trigger.py
[2024-07-25T07:54:40.275+0000] {processor.py:830} INFO - Processing file /root/.cache/pypoetry/virtualenvs/freeprise-matchmaker-BsnH11MF-py3.8/lib/python3.8/site-packages/airflow/example_dags/example_latest_only_with_trigger.py for tasks to queue
[2024-07-25T07:54:40.278+0000] {logging_mixin.py:188} INFO - [2024-07-25T07:54:40.278+0000] {dagbag.py:545} INFO - Filling up the DagBag from /root/.cache/pypoetry/virtualenvs/freeprise-matchmaker-BsnH11MF-py3.8/lib/python3.8/site-packages/airflow/example_dags/example_latest_only_with_trigger.py
[2024-07-25T07:54:40.290+0000] {processor.py:840} INFO - DAG(s) 'latest_only_with_trigger' retrieved from /root/.cache/pypoetry/virtualenvs/freeprise-matchmaker-BsnH11MF-py3.8/lib/python3.8/site-packages/airflow/example_dags/example_latest_only_with_trigger.py
[2024-07-25T07:54:40.336+0000] {logging_mixin.py:188} INFO - [2024-07-25T07:54:40.335+0000] {dag.py:3089} INFO - Sync 1 DAGs
[2024-07-25T07:54:40.371+0000] {logging_mixin.py:188} INFO - [2024-07-25T07:54:40.371+0000] {dag.py:3947} INFO - Setting next_dagrun for latest_only_with_trigger to 2024-07-25 00:00:00+00:00, run_after=2024-07-25 04:00:00+00:00
[2024-07-25T07:54:40.401+0000] {processor.py:183} INFO - Processing /root/.cache/pypoetry/virtualenvs/freeprise-matchmaker-BsnH11MF-py3.8/lib/python3.8/site-packages/airflow/example_dags/example_latest_only_with_trigger.py took 0.144 seconds
[2024-07-25T07:55:10.483+0000] {processor.py:161} INFO - Started process (PID=2723) to work on /root/.cache/pypoetry/virtualenvs/freeprise-matchmaker-BsnH11MF-py3.8/lib/python3.8/site-packages/airflow/example_dags/example_latest_only_with_trigger.py
[2024-07-25T07:55:10.485+0000] {processor.py:830} INFO - Processing file /root/.cache/pypoetry/virtualenvs/freeprise-matchmaker-BsnH11MF-py3.8/lib/python3.8/site-packages/airflow/example_dags/example_latest_only_with_trigger.py for tasks to queue
[2024-07-25T07:55:10.489+0000] {logging_mixin.py:188} INFO - [2024-07-25T07:55:10.488+0000] {dagbag.py:545} INFO - Filling up the DagBag from /root/.cache/pypoetry/virtualenvs/freeprise-matchmaker-BsnH11MF-py3.8/lib/python3.8/site-packages/airflow/example_dags/example_latest_only_with_trigger.py
[2024-07-25T07:55:10.502+0000] {processor.py:840} INFO - DAG(s) 'latest_only_with_trigger' retrieved from /root/.cache/pypoetry/virtualenvs/freeprise-matchmaker-BsnH11MF-py3.8/lib/python3.8/site-packages/airflow/example_dags/example_latest_only_with_trigger.py
[2024-07-25T07:55:10.544+0000] {logging_mixin.py:188} INFO - [2024-07-25T07:55:10.544+0000] {dag.py:3089} INFO - Sync 1 DAGs
[2024-07-25T07:55:10.579+0000] {logging_mixin.py:188} INFO - [2024-07-25T07:55:10.579+0000] {dag.py:3947} INFO - Setting next_dagrun for latest_only_with_trigger to 2024-07-25 00:00:00+00:00, run_after=2024-07-25 04:00:00+00:00
[2024-07-25T07:55:10.605+0000] {processor.py:183} INFO - Processing /root/.cache/pypoetry/virtualenvs/freeprise-matchmaker-BsnH11MF-py3.8/lib/python3.8/site-packages/airflow/example_dags/example_latest_only_with_trigger.py took 0.138 seconds
[2024-07-25T07:55:40.698+0000] {processor.py:161} INFO - Started process (PID=2987) to work on /root/.cache/pypoetry/virtualenvs/freeprise-matchmaker-BsnH11MF-py3.8/lib/python3.8/site-packages/airflow/example_dags/example_latest_only_with_trigger.py
[2024-07-25T07:55:40.699+0000] {processor.py:830} INFO - Processing file /root/.cache/pypoetry/virtualenvs/freeprise-matchmaker-BsnH11MF-py3.8/lib/python3.8/site-packages/airflow/example_dags/example_latest_only_with_trigger.py for tasks to queue
[2024-07-25T07:55:40.703+0000] {logging_mixin.py:188} INFO - [2024-07-25T07:55:40.702+0000] {dagbag.py:545} INFO - Filling up the DagBag from /root/.cache/pypoetry/virtualenvs/freeprise-matchmaker-BsnH11MF-py3.8/lib/python3.8/site-packages/airflow/example_dags/example_latest_only_with_trigger.py
[2024-07-25T07:55:40.714+0000] {processor.py:840} INFO - DAG(s) 'latest_only_with_trigger' retrieved from /root/.cache/pypoetry/virtualenvs/freeprise-matchmaker-BsnH11MF-py3.8/lib/python3.8/site-packages/airflow/example_dags/example_latest_only_with_trigger.py
[2024-07-25T07:55:40.754+0000] {logging_mixin.py:188} INFO - [2024-07-25T07:55:40.754+0000] {dag.py:3089} INFO - Sync 1 DAGs
[2024-07-25T07:55:40.788+0000] {logging_mixin.py:188} INFO - [2024-07-25T07:55:40.788+0000] {dag.py:3947} INFO - Setting next_dagrun for latest_only_with_trigger to 2024-07-25 00:00:00+00:00, run_after=2024-07-25 04:00:00+00:00
[2024-07-25T07:55:40.817+0000] {processor.py:183} INFO - Processing /root/.cache/pypoetry/virtualenvs/freeprise-matchmaker-BsnH11MF-py3.8/lib/python3.8/site-packages/airflow/example_dags/example_latest_only_with_trigger.py took 0.134 seconds
[2024-07-25T07:56:11.412+0000] {processor.py:161} INFO - Started process (PID=3260) to work on /root/.cache/pypoetry/virtualenvs/freeprise-matchmaker-BsnH11MF-py3.8/lib/python3.8/site-packages/airflow/example_dags/example_latest_only_with_trigger.py
[2024-07-25T07:56:11.414+0000] {processor.py:830} INFO - Processing file /root/.cache/pypoetry/virtualenvs/freeprise-matchmaker-BsnH11MF-py3.8/lib/python3.8/site-packages/airflow/example_dags/example_latest_only_with_trigger.py for tasks to queue
[2024-07-25T07:56:11.417+0000] {logging_mixin.py:188} INFO - [2024-07-25T07:56:11.416+0000] {dagbag.py:545} INFO - Filling up the DagBag from /root/.cache/pypoetry/virtualenvs/freeprise-matchmaker-BsnH11MF-py3.8/lib/python3.8/site-packages/airflow/example_dags/example_latest_only_with_trigger.py
[2024-07-25T07:56:11.426+0000] {processor.py:840} INFO - DAG(s) 'latest_only_with_trigger' retrieved from /root/.cache/pypoetry/virtualenvs/freeprise-matchmaker-BsnH11MF-py3.8/lib/python3.8/site-packages/airflow/example_dags/example_latest_only_with_trigger.py
[2024-07-25T07:56:11.468+0000] {logging_mixin.py:188} INFO - [2024-07-25T07:56:11.467+0000] {dag.py:3089} INFO - Sync 1 DAGs
[2024-07-25T07:56:11.502+0000] {logging_mixin.py:188} INFO - [2024-07-25T07:56:11.501+0000] {dag.py:3947} INFO - Setting next_dagrun for latest_only_with_trigger to 2024-07-25 00:00:00+00:00, run_after=2024-07-25 04:00:00+00:00
[2024-07-25T07:56:11.529+0000] {processor.py:183} INFO - Processing /root/.cache/pypoetry/virtualenvs/freeprise-matchmaker-BsnH11MF-py3.8/lib/python3.8/site-packages/airflow/example_dags/example_latest_only_with_trigger.py took 0.129 seconds
[2024-07-25T07:56:42.316+0000] {processor.py:161} INFO - Started process (PID=3526) to work on /root/.cache/pypoetry/virtualenvs/freeprise-matchmaker-BsnH11MF-py3.8/lib/python3.8/site-packages/airflow/example_dags/example_latest_only_with_trigger.py
[2024-07-25T07:56:42.317+0000] {processor.py:830} INFO - Processing file /root/.cache/pypoetry/virtualenvs/freeprise-matchmaker-BsnH11MF-py3.8/lib/python3.8/site-packages/airflow/example_dags/example_latest_only_with_trigger.py for tasks to queue
[2024-07-25T07:56:42.319+0000] {logging_mixin.py:188} INFO - [2024-07-25T07:56:42.319+0000] {dagbag.py:545} INFO - Filling up the DagBag from /root/.cache/pypoetry/virtualenvs/freeprise-matchmaker-BsnH11MF-py3.8/lib/python3.8/site-packages/airflow/example_dags/example_latest_only_with_trigger.py
[2024-07-25T07:56:42.329+0000] {processor.py:840} INFO - DAG(s) 'latest_only_with_trigger' retrieved from /root/.cache/pypoetry/virtualenvs/freeprise-matchmaker-BsnH11MF-py3.8/lib/python3.8/site-packages/airflow/example_dags/example_latest_only_with_trigger.py
[2024-07-25T07:56:42.373+0000] {logging_mixin.py:188} INFO - [2024-07-25T07:56:42.372+0000] {dag.py:3089} INFO - Sync 1 DAGs
[2024-07-25T07:56:42.407+0000] {logging_mixin.py:188} INFO - [2024-07-25T07:56:42.407+0000] {dag.py:3947} INFO - Setting next_dagrun for latest_only_with_trigger to 2024-07-25 00:00:00+00:00, run_after=2024-07-25 04:00:00+00:00
[2024-07-25T07:56:42.436+0000] {processor.py:183} INFO - Processing /root/.cache/pypoetry/virtualenvs/freeprise-matchmaker-BsnH11MF-py3.8/lib/python3.8/site-packages/airflow/example_dags/example_latest_only_with_trigger.py took 0.132 seconds
[2024-07-25T07:57:12.624+0000] {processor.py:161} INFO - Started process (PID=3790) to work on /root/.cache/pypoetry/virtualenvs/freeprise-matchmaker-BsnH11MF-py3.8/lib/python3.8/site-packages/airflow/example_dags/example_latest_only_with_trigger.py
[2024-07-25T07:57:12.626+0000] {processor.py:830} INFO - Processing file /root/.cache/pypoetry/virtualenvs/freeprise-matchmaker-BsnH11MF-py3.8/lib/python3.8/site-packages/airflow/example_dags/example_latest_only_with_trigger.py for tasks to queue
[2024-07-25T07:57:12.629+0000] {logging_mixin.py:188} INFO - [2024-07-25T07:57:12.629+0000] {dagbag.py:545} INFO - Filling up the DagBag from /root/.cache/pypoetry/virtualenvs/freeprise-matchmaker-BsnH11MF-py3.8/lib/python3.8/site-packages/airflow/example_dags/example_latest_only_with_trigger.py
[2024-07-25T07:57:12.641+0000] {processor.py:840} INFO - DAG(s) 'latest_only_with_trigger' retrieved from /root/.cache/pypoetry/virtualenvs/freeprise-matchmaker-BsnH11MF-py3.8/lib/python3.8/site-packages/airflow/example_dags/example_latest_only_with_trigger.py
[2024-07-25T07:57:12.688+0000] {logging_mixin.py:188} INFO - [2024-07-25T07:57:12.687+0000] {dag.py:3089} INFO - Sync 1 DAGs
[2024-07-25T07:57:12.726+0000] {logging_mixin.py:188} INFO - [2024-07-25T07:57:12.726+0000] {dag.py:3947} INFO - Setting next_dagrun for latest_only_with_trigger to 2024-07-25 00:00:00+00:00, run_after=2024-07-25 04:00:00+00:00
[2024-07-25T07:57:12.753+0000] {processor.py:183} INFO - Processing /root/.cache/pypoetry/virtualenvs/freeprise-matchmaker-BsnH11MF-py3.8/lib/python3.8/site-packages/airflow/example_dags/example_latest_only_with_trigger.py took 0.143 seconds
[2024-07-25T07:57:43.198+0000] {processor.py:161} INFO - Started process (PID=4056) to work on /root/.cache/pypoetry/virtualenvs/freeprise-matchmaker-BsnH11MF-py3.8/lib/python3.8/site-packages/airflow/example_dags/example_latest_only_with_trigger.py
[2024-07-25T07:57:43.200+0000] {processor.py:830} INFO - Processing file /root/.cache/pypoetry/virtualenvs/freeprise-matchmaker-BsnH11MF-py3.8/lib/python3.8/site-packages/airflow/example_dags/example_latest_only_with_trigger.py for tasks to queue
[2024-07-25T07:57:43.203+0000] {logging_mixin.py:188} INFO - [2024-07-25T07:57:43.203+0000] {dagbag.py:545} INFO - Filling up the DagBag from /root/.cache/pypoetry/virtualenvs/freeprise-matchmaker-BsnH11MF-py3.8/lib/python3.8/site-packages/airflow/example_dags/example_latest_only_with_trigger.py
[2024-07-25T07:57:43.214+0000] {processor.py:840} INFO - DAG(s) 'latest_only_with_trigger' retrieved from /root/.cache/pypoetry/virtualenvs/freeprise-matchmaker-BsnH11MF-py3.8/lib/python3.8/site-packages/airflow/example_dags/example_latest_only_with_trigger.py
[2024-07-25T07:57:43.262+0000] {logging_mixin.py:188} INFO - [2024-07-25T07:57:43.262+0000] {dag.py:3089} INFO - Sync 1 DAGs
[2024-07-25T07:57:43.306+0000] {logging_mixin.py:188} INFO - [2024-07-25T07:57:43.306+0000] {dag.py:3947} INFO - Setting next_dagrun for latest_only_with_trigger to 2024-07-25 00:00:00+00:00, run_after=2024-07-25 04:00:00+00:00
[2024-07-25T07:57:43.335+0000] {processor.py:183} INFO - Processing /root/.cache/pypoetry/virtualenvs/freeprise-matchmaker-BsnH11MF-py3.8/lib/python3.8/site-packages/airflow/example_dags/example_latest_only_with_trigger.py took 0.152 seconds
[2024-07-25T07:58:14.318+0000] {processor.py:161} INFO - Started process (PID=4322) to work on /root/.cache/pypoetry/virtualenvs/freeprise-matchmaker-BsnH11MF-py3.8/lib/python3.8/site-packages/airflow/example_dags/example_latest_only_with_trigger.py
[2024-07-25T07:58:14.319+0000] {processor.py:830} INFO - Processing file /root/.cache/pypoetry/virtualenvs/freeprise-matchmaker-BsnH11MF-py3.8/lib/python3.8/site-packages/airflow/example_dags/example_latest_only_with_trigger.py for tasks to queue
[2024-07-25T07:58:14.321+0000] {logging_mixin.py:188} INFO - [2024-07-25T07:58:14.321+0000] {dagbag.py:545} INFO - Filling up the DagBag from /root/.cache/pypoetry/virtualenvs/freeprise-matchmaker-BsnH11MF-py3.8/lib/python3.8/site-packages/airflow/example_dags/example_latest_only_with_trigger.py
[2024-07-25T07:58:14.331+0000] {processor.py:840} INFO - DAG(s) 'latest_only_with_trigger' retrieved from /root/.cache/pypoetry/virtualenvs/freeprise-matchmaker-BsnH11MF-py3.8/lib/python3.8/site-packages/airflow/example_dags/example_latest_only_with_trigger.py
[2024-07-25T07:58:14.369+0000] {logging_mixin.py:188} INFO - [2024-07-25T07:58:14.369+0000] {dag.py:3089} INFO - Sync 1 DAGs
[2024-07-25T07:58:14.406+0000] {logging_mixin.py:188} INFO - [2024-07-25T07:58:14.406+0000] {dag.py:3947} INFO - Setting next_dagrun for latest_only_with_trigger to 2024-07-25 00:00:00+00:00, run_after=2024-07-25 04:00:00+00:00
[2024-07-25T07:58:14.434+0000] {processor.py:183} INFO - Processing /root/.cache/pypoetry/virtualenvs/freeprise-matchmaker-BsnH11MF-py3.8/lib/python3.8/site-packages/airflow/example_dags/example_latest_only_with_trigger.py took 0.130 seconds
[2024-07-25T07:58:44.772+0000] {processor.py:161} INFO - Started process (PID=4590) to work on /root/.cache/pypoetry/virtualenvs/freeprise-matchmaker-BsnH11MF-py3.8/lib/python3.8/site-packages/airflow/example_dags/example_latest_only_with_trigger.py
[2024-07-25T07:58:44.774+0000] {processor.py:830} INFO - Processing file /root/.cache/pypoetry/virtualenvs/freeprise-matchmaker-BsnH11MF-py3.8/lib/python3.8/site-packages/airflow/example_dags/example_latest_only_with_trigger.py for tasks to queue
[2024-07-25T07:58:44.777+0000] {logging_mixin.py:188} INFO - [2024-07-25T07:58:44.776+0000] {dagbag.py:545} INFO - Filling up the DagBag from /root/.cache/pypoetry/virtualenvs/freeprise-matchmaker-BsnH11MF-py3.8/lib/python3.8/site-packages/airflow/example_dags/example_latest_only_with_trigger.py
[2024-07-25T07:58:44.786+0000] {processor.py:840} INFO - DAG(s) 'latest_only_with_trigger' retrieved from /root/.cache/pypoetry/virtualenvs/freeprise-matchmaker-BsnH11MF-py3.8/lib/python3.8/site-packages/airflow/example_dags/example_latest_only_with_trigger.py
[2024-07-25T07:58:44.826+0000] {logging_mixin.py:188} INFO - [2024-07-25T07:58:44.826+0000] {dag.py:3089} INFO - Sync 1 DAGs
[2024-07-25T07:58:44.861+0000] {logging_mixin.py:188} INFO - [2024-07-25T07:58:44.860+0000] {dag.py:3947} INFO - Setting next_dagrun for latest_only_with_trigger to 2024-07-25 00:00:00+00:00, run_after=2024-07-25 04:00:00+00:00
[2024-07-25T07:58:44.887+0000] {processor.py:183} INFO - Processing /root/.cache/pypoetry/virtualenvs/freeprise-matchmaker-BsnH11MF-py3.8/lib/python3.8/site-packages/airflow/example_dags/example_latest_only_with_trigger.py took 0.127 seconds
[2024-07-25T07:59:15.360+0000] {processor.py:161} INFO - Started process (PID=4854) to work on /root/.cache/pypoetry/virtualenvs/freeprise-matchmaker-BsnH11MF-py3.8/lib/python3.8/site-packages/airflow/example_dags/example_latest_only_with_trigger.py
[2024-07-25T07:59:15.363+0000] {processor.py:830} INFO - Processing file /root/.cache/pypoetry/virtualenvs/freeprise-matchmaker-BsnH11MF-py3.8/lib/python3.8/site-packages/airflow/example_dags/example_latest_only_with_trigger.py for tasks to queue
[2024-07-25T07:59:15.366+0000] {logging_mixin.py:188} INFO - [2024-07-25T07:59:15.365+0000] {dagbag.py:545} INFO - Filling up the DagBag from /root/.cache/pypoetry/virtualenvs/freeprise-matchmaker-BsnH11MF-py3.8/lib/python3.8/site-packages/airflow/example_dags/example_latest_only_with_trigger.py
[2024-07-25T07:59:15.378+0000] {processor.py:840} INFO - DAG(s) 'latest_only_with_trigger' retrieved from /root/.cache/pypoetry/virtualenvs/freeprise-matchmaker-BsnH11MF-py3.8/lib/python3.8/site-packages/airflow/example_dags/example_latest_only_with_trigger.py
[2024-07-25T07:59:15.434+0000] {logging_mixin.py:188} INFO - [2024-07-25T07:59:15.433+0000] {dag.py:3089} INFO - Sync 1 DAGs
[2024-07-25T07:59:15.484+0000] {logging_mixin.py:188} INFO - [2024-07-25T07:59:15.483+0000] {dag.py:3947} INFO - Setting next_dagrun for latest_only_with_trigger to 2024-07-25 00:00:00+00:00, run_after=2024-07-25 04:00:00+00:00
[2024-07-25T07:59:15.521+0000] {processor.py:183} INFO - Processing /root/.cache/pypoetry/virtualenvs/freeprise-matchmaker-BsnH11MF-py3.8/lib/python3.8/site-packages/airflow/example_dags/example_latest_only_with_trigger.py took 0.176 seconds
[2024-07-25T07:59:46.079+0000] {processor.py:161} INFO - Started process (PID=5120) to work on /root/.cache/pypoetry/virtualenvs/freeprise-matchmaker-BsnH11MF-py3.8/lib/python3.8/site-packages/airflow/example_dags/example_latest_only_with_trigger.py
[2024-07-25T07:59:46.081+0000] {processor.py:830} INFO - Processing file /root/.cache/pypoetry/virtualenvs/freeprise-matchmaker-BsnH11MF-py3.8/lib/python3.8/site-packages/airflow/example_dags/example_latest_only_with_trigger.py for tasks to queue
[2024-07-25T07:59:46.084+0000] {logging_mixin.py:188} INFO - [2024-07-25T07:59:46.083+0000] {dagbag.py:545} INFO - Filling up the DagBag from /root/.cache/pypoetry/virtualenvs/freeprise-matchmaker-BsnH11MF-py3.8/lib/python3.8/site-packages/airflow/example_dags/example_latest_only_with_trigger.py
[2024-07-25T07:59:46.098+0000] {processor.py:840} INFO - DAG(s) 'latest_only_with_trigger' retrieved from /root/.cache/pypoetry/virtualenvs/freeprise-matchmaker-BsnH11MF-py3.8/lib/python3.8/site-packages/airflow/example_dags/example_latest_only_with_trigger.py
[2024-07-25T07:59:46.164+0000] {logging_mixin.py:188} INFO - [2024-07-25T07:59:46.164+0000] {dag.py:3089} INFO - Sync 1 DAGs
[2024-07-25T07:59:46.222+0000] {logging_mixin.py:188} INFO - [2024-07-25T07:59:46.221+0000] {dag.py:3947} INFO - Setting next_dagrun for latest_only_with_trigger to 2024-07-25 00:00:00+00:00, run_after=2024-07-25 04:00:00+00:00
[2024-07-25T07:59:46.291+0000] {processor.py:183} INFO - Processing /root/.cache/pypoetry/virtualenvs/freeprise-matchmaker-BsnH11MF-py3.8/lib/python3.8/site-packages/airflow/example_dags/example_latest_only_with_trigger.py took 0.227 seconds
[2024-07-25T08:00:17.255+0000] {processor.py:161} INFO - Started process (PID=5386) to work on /root/.cache/pypoetry/virtualenvs/freeprise-matchmaker-BsnH11MF-py3.8/lib/python3.8/site-packages/airflow/example_dags/example_latest_only_with_trigger.py
[2024-07-25T08:00:17.261+0000] {processor.py:830} INFO - Processing file /root/.cache/pypoetry/virtualenvs/freeprise-matchmaker-BsnH11MF-py3.8/lib/python3.8/site-packages/airflow/example_dags/example_latest_only_with_trigger.py for tasks to queue
[2024-07-25T08:00:17.263+0000] {logging_mixin.py:188} INFO - [2024-07-25T08:00:17.263+0000] {dagbag.py:545} INFO - Filling up the DagBag from /root/.cache/pypoetry/virtualenvs/freeprise-matchmaker-BsnH11MF-py3.8/lib/python3.8/site-packages/airflow/example_dags/example_latest_only_with_trigger.py
[2024-07-25T08:00:17.273+0000] {processor.py:840} INFO - DAG(s) 'latest_only_with_trigger' retrieved from /root/.cache/pypoetry/virtualenvs/freeprise-matchmaker-BsnH11MF-py3.8/lib/python3.8/site-packages/airflow/example_dags/example_latest_only_with_trigger.py
[2024-07-25T08:00:17.323+0000] {logging_mixin.py:188} INFO - [2024-07-25T08:00:17.322+0000] {dag.py:3089} INFO - Sync 1 DAGs
[2024-07-25T08:00:17.386+0000] {logging_mixin.py:188} INFO - [2024-07-25T08:00:17.385+0000] {dag.py:3947} INFO - Setting next_dagrun for latest_only_with_trigger to 2024-07-25 04:00:00+00:00, run_after=2024-07-25 08:00:00+00:00
[2024-07-25T08:00:17.424+0000] {processor.py:183} INFO - Processing /root/.cache/pypoetry/virtualenvs/freeprise-matchmaker-BsnH11MF-py3.8/lib/python3.8/site-packages/airflow/example_dags/example_latest_only_with_trigger.py took 0.184 seconds
[2024-07-25T08:00:51.946+0000] {processor.py:161} INFO - Started process (PID=5652) to work on /root/.cache/pypoetry/virtualenvs/freeprise-matchmaker-BsnH11MF-py3.8/lib/python3.8/site-packages/airflow/example_dags/example_latest_only_with_trigger.py
[2024-07-25T08:00:51.958+0000] {processor.py:830} INFO - Processing file /root/.cache/pypoetry/virtualenvs/freeprise-matchmaker-BsnH11MF-py3.8/lib/python3.8/site-packages/airflow/example_dags/example_latest_only_with_trigger.py for tasks to queue
[2024-07-25T08:00:51.984+0000] {logging_mixin.py:188} INFO - [2024-07-25T08:00:51.982+0000] {dagbag.py:545} INFO - Filling up the DagBag from /root/.cache/pypoetry/virtualenvs/freeprise-matchmaker-BsnH11MF-py3.8/lib/python3.8/site-packages/airflow/example_dags/example_latest_only_with_trigger.py
[2024-07-25T08:00:52.056+0000] {processor.py:840} INFO - DAG(s) 'latest_only_with_trigger' retrieved from /root/.cache/pypoetry/virtualenvs/freeprise-matchmaker-BsnH11MF-py3.8/lib/python3.8/site-packages/airflow/example_dags/example_latest_only_with_trigger.py
[2024-07-25T08:00:52.303+0000] {logging_mixin.py:188} INFO - [2024-07-25T08:00:52.300+0000] {dag.py:3089} INFO - Sync 1 DAGs
[2024-07-25T08:00:52.501+0000] {logging_mixin.py:188} INFO - [2024-07-25T08:00:52.496+0000] {dag.py:3947} INFO - Setting next_dagrun for latest_only_with_trigger to 2024-07-25 04:00:00+00:00, run_after=2024-07-25 08:00:00+00:00
[2024-07-25T08:00:52.621+0000] {processor.py:183} INFO - Processing /root/.cache/pypoetry/virtualenvs/freeprise-matchmaker-BsnH11MF-py3.8/lib/python3.8/site-packages/airflow/example_dags/example_latest_only_with_trigger.py took 0.741 seconds
