[2024-07-25T07:50:31.527+0000] {processor.py:161} INFO - Started process (PID=364) to work on /root/.cache/pypoetry/virtualenvs/freeprise-matchmaker-BsnH11MF-py3.8/lib/python3.8/site-packages/airflow/example_dags/example_display_name.py
[2024-07-25T07:50:31.529+0000] {processor.py:830} INFO - Processing file /root/.cache/pypoetry/virtualenvs/freeprise-matchmaker-BsnH11MF-py3.8/lib/python3.8/site-packages/airflow/example_dags/example_display_name.py for tasks to queue
[2024-07-25T07:50:31.532+0000] {logging_mixin.py:188} INFO - [2024-07-25T07:50:31.531+0000] {dagbag.py:545} INFO - Filling up the DagBag from /root/.cache/pypoetry/virtualenvs/freeprise-matchmaker-BsnH11MF-py3.8/lib/python3.8/site-packages/airflow/example_dags/example_display_name.py
[2024-07-25T07:50:31.545+0000] {processor.py:840} INFO - DAG(s) 'example_display_name' retrieved from /root/.cache/pypoetry/virtualenvs/freeprise-matchmaker-BsnH11MF-py3.8/lib/python3.8/site-packages/airflow/example_dags/example_display_name.py
[2024-07-25T07:50:31.573+0000] {logging_mixin.py:188} INFO - [2024-07-25T07:50:31.572+0000] {dag.py:3089} INFO - Sync 1 DAGs
[2024-07-25T07:50:31.596+0000] {logging_mixin.py:188} INFO - [2024-07-25T07:50:31.596+0000] {dag.py:3947} INFO - Setting next_dagrun for example_display_name to None, run_after=None
[2024-07-25T07:50:31.623+0000] {processor.py:183} INFO - Processing /root/.cache/pypoetry/virtualenvs/freeprise-matchmaker-BsnH11MF-py3.8/lib/python3.8/site-packages/airflow/example_dags/example_display_name.py took 0.110 seconds
[2024-07-25T07:51:07.478+0000] {processor.py:161} INFO - Started process (PID=628) to work on /root/.cache/pypoetry/virtualenvs/freeprise-matchmaker-BsnH11MF-py3.8/lib/python3.8/site-packages/airflow/example_dags/example_display_name.py
[2024-07-25T07:51:07.481+0000] {processor.py:830} INFO - Processing file /root/.cache/pypoetry/virtualenvs/freeprise-matchmaker-BsnH11MF-py3.8/lib/python3.8/site-packages/airflow/example_dags/example_display_name.py for tasks to queue
[2024-07-25T07:51:07.484+0000] {logging_mixin.py:188} INFO - [2024-07-25T07:51:07.483+0000] {dagbag.py:545} INFO - Filling up the DagBag from /root/.cache/pypoetry/virtualenvs/freeprise-matchmaker-BsnH11MF-py3.8/lib/python3.8/site-packages/airflow/example_dags/example_display_name.py
[2024-07-25T07:51:07.494+0000] {processor.py:840} INFO - DAG(s) 'example_display_name' retrieved from /root/.cache/pypoetry/virtualenvs/freeprise-matchmaker-BsnH11MF-py3.8/lib/python3.8/site-packages/airflow/example_dags/example_display_name.py
[2024-07-25T07:51:07.863+0000] {logging_mixin.py:188} INFO - [2024-07-25T07:51:07.862+0000] {dag.py:3089} INFO - Sync 1 DAGs
[2024-07-25T07:51:07.880+0000] {logging_mixin.py:188} INFO - [2024-07-25T07:51:07.880+0000] {dag.py:3947} INFO - Setting next_dagrun for example_display_name to None, run_after=None
[2024-07-25T07:51:07.908+0000] {processor.py:183} INFO - Processing /root/.cache/pypoetry/virtualenvs/freeprise-matchmaker-BsnH11MF-py3.8/lib/python3.8/site-packages/airflow/example_dags/example_display_name.py took 0.444 seconds
[2024-07-25T07:51:38.538+0000] {processor.py:161} INFO - Started process (PID=896) to work on /root/.cache/pypoetry/virtualenvs/freeprise-matchmaker-BsnH11MF-py3.8/lib/python3.8/site-packages/airflow/example_dags/example_display_name.py
[2024-07-25T07:51:38.539+0000] {processor.py:830} INFO - Processing file /root/.cache/pypoetry/virtualenvs/freeprise-matchmaker-BsnH11MF-py3.8/lib/python3.8/site-packages/airflow/example_dags/example_display_name.py for tasks to queue
[2024-07-25T07:51:38.542+0000] {logging_mixin.py:188} INFO - [2024-07-25T07:51:38.541+0000] {dagbag.py:545} INFO - Filling up the DagBag from /root/.cache/pypoetry/virtualenvs/freeprise-matchmaker-BsnH11MF-py3.8/lib/python3.8/site-packages/airflow/example_dags/example_display_name.py
[2024-07-25T07:51:38.551+0000] {processor.py:840} INFO - DAG(s) 'example_display_name' retrieved from /root/.cache/pypoetry/virtualenvs/freeprise-matchmaker-BsnH11MF-py3.8/lib/python3.8/site-packages/airflow/example_dags/example_display_name.py
[2024-07-25T07:51:38.599+0000] {logging_mixin.py:188} INFO - [2024-07-25T07:51:38.599+0000] {dag.py:3089} INFO - Sync 1 DAGs
[2024-07-25T07:51:38.624+0000] {logging_mixin.py:188} INFO - [2024-07-25T07:51:38.623+0000] {dag.py:3947} INFO - Setting next_dagrun for example_display_name to None, run_after=None
[2024-07-25T07:51:38.661+0000] {processor.py:183} INFO - Processing /root/.cache/pypoetry/virtualenvs/freeprise-matchmaker-BsnH11MF-py3.8/lib/python3.8/site-packages/airflow/example_dags/example_display_name.py took 0.134 seconds
[2024-07-25T07:52:09.095+0000] {processor.py:161} INFO - Started process (PID=1162) to work on /root/.cache/pypoetry/virtualenvs/freeprise-matchmaker-BsnH11MF-py3.8/lib/python3.8/site-packages/airflow/example_dags/example_display_name.py
[2024-07-25T07:52:09.097+0000] {processor.py:830} INFO - Processing file /root/.cache/pypoetry/virtualenvs/freeprise-matchmaker-BsnH11MF-py3.8/lib/python3.8/site-packages/airflow/example_dags/example_display_name.py for tasks to queue
[2024-07-25T07:52:09.100+0000] {logging_mixin.py:188} INFO - [2024-07-25T07:52:09.099+0000] {dagbag.py:545} INFO - Filling up the DagBag from /root/.cache/pypoetry/virtualenvs/freeprise-matchmaker-BsnH11MF-py3.8/lib/python3.8/site-packages/airflow/example_dags/example_display_name.py
[2024-07-25T07:52:09.111+0000] {processor.py:840} INFO - DAG(s) 'example_display_name' retrieved from /root/.cache/pypoetry/virtualenvs/freeprise-matchmaker-BsnH11MF-py3.8/lib/python3.8/site-packages/airflow/example_dags/example_display_name.py
[2024-07-25T07:52:09.153+0000] {logging_mixin.py:188} INFO - [2024-07-25T07:52:09.152+0000] {dag.py:3089} INFO - Sync 1 DAGs
[2024-07-25T07:52:09.173+0000] {logging_mixin.py:188} INFO - [2024-07-25T07:52:09.173+0000] {dag.py:3947} INFO - Setting next_dagrun for example_display_name to None, run_after=None
[2024-07-25T07:52:09.203+0000] {processor.py:183} INFO - Processing /root/.cache/pypoetry/virtualenvs/freeprise-matchmaker-BsnH11MF-py3.8/lib/python3.8/site-packages/airflow/example_dags/example_display_name.py took 0.119 seconds
[2024-07-25T07:52:39.396+0000] {processor.py:161} INFO - Started process (PID=1428) to work on /root/.cache/pypoetry/virtualenvs/freeprise-matchmaker-BsnH11MF-py3.8/lib/python3.8/site-packages/airflow/example_dags/example_display_name.py
[2024-07-25T07:52:39.397+0000] {processor.py:830} INFO - Processing file /root/.cache/pypoetry/virtualenvs/freeprise-matchmaker-BsnH11MF-py3.8/lib/python3.8/site-packages/airflow/example_dags/example_display_name.py for tasks to queue
[2024-07-25T07:52:39.400+0000] {logging_mixin.py:188} INFO - [2024-07-25T07:52:39.399+0000] {dagbag.py:545} INFO - Filling up the DagBag from /root/.cache/pypoetry/virtualenvs/freeprise-matchmaker-BsnH11MF-py3.8/lib/python3.8/site-packages/airflow/example_dags/example_display_name.py
[2024-07-25T07:52:39.410+0000] {processor.py:840} INFO - DAG(s) 'example_display_name' retrieved from /root/.cache/pypoetry/virtualenvs/freeprise-matchmaker-BsnH11MF-py3.8/lib/python3.8/site-packages/airflow/example_dags/example_display_name.py
[2024-07-25T07:52:39.449+0000] {logging_mixin.py:188} INFO - [2024-07-25T07:52:39.449+0000] {dag.py:3089} INFO - Sync 1 DAGs
[2024-07-25T07:52:39.470+0000] {logging_mixin.py:188} INFO - [2024-07-25T07:52:39.469+0000] {dag.py:3947} INFO - Setting next_dagrun for example_display_name to None, run_after=None
[2024-07-25T07:52:39.498+0000] {processor.py:183} INFO - Processing /root/.cache/pypoetry/virtualenvs/freeprise-matchmaker-BsnH11MF-py3.8/lib/python3.8/site-packages/airflow/example_dags/example_display_name.py took 0.114 seconds
[2024-07-25T07:53:10.193+0000] {processor.py:161} INFO - Started process (PID=1694) to work on /root/.cache/pypoetry/virtualenvs/freeprise-matchmaker-BsnH11MF-py3.8/lib/python3.8/site-packages/airflow/example_dags/example_display_name.py
[2024-07-25T07:53:10.195+0000] {processor.py:830} INFO - Processing file /root/.cache/pypoetry/virtualenvs/freeprise-matchmaker-BsnH11MF-py3.8/lib/python3.8/site-packages/airflow/example_dags/example_display_name.py for tasks to queue
[2024-07-25T07:53:10.199+0000] {logging_mixin.py:188} INFO - [2024-07-25T07:53:10.198+0000] {dagbag.py:545} INFO - Filling up the DagBag from /root/.cache/pypoetry/virtualenvs/freeprise-matchmaker-BsnH11MF-py3.8/lib/python3.8/site-packages/airflow/example_dags/example_display_name.py
[2024-07-25T07:53:10.209+0000] {processor.py:840} INFO - DAG(s) 'example_display_name' retrieved from /root/.cache/pypoetry/virtualenvs/freeprise-matchmaker-BsnH11MF-py3.8/lib/python3.8/site-packages/airflow/example_dags/example_display_name.py
[2024-07-25T07:53:10.256+0000] {logging_mixin.py:188} INFO - [2024-07-25T07:53:10.255+0000] {dag.py:3089} INFO - Sync 1 DAGs
[2024-07-25T07:53:10.282+0000] {logging_mixin.py:188} INFO - [2024-07-25T07:53:10.281+0000] {dag.py:3947} INFO - Setting next_dagrun for example_display_name to None, run_after=None
[2024-07-25T07:53:10.315+0000] {processor.py:183} INFO - Processing /root/.cache/pypoetry/virtualenvs/freeprise-matchmaker-BsnH11MF-py3.8/lib/python3.8/site-packages/airflow/example_dags/example_display_name.py took 0.138 seconds
[2024-07-25T07:53:40.754+0000] {processor.py:161} INFO - Started process (PID=1960) to work on /root/.cache/pypoetry/virtualenvs/freeprise-matchmaker-BsnH11MF-py3.8/lib/python3.8/site-packages/airflow/example_dags/example_display_name.py
[2024-07-25T07:53:40.756+0000] {processor.py:830} INFO - Processing file /root/.cache/pypoetry/virtualenvs/freeprise-matchmaker-BsnH11MF-py3.8/lib/python3.8/site-packages/airflow/example_dags/example_display_name.py for tasks to queue
[2024-07-25T07:53:40.759+0000] {logging_mixin.py:188} INFO - [2024-07-25T07:53:40.758+0000] {dagbag.py:545} INFO - Filling up the DagBag from /root/.cache/pypoetry/virtualenvs/freeprise-matchmaker-BsnH11MF-py3.8/lib/python3.8/site-packages/airflow/example_dags/example_display_name.py
[2024-07-25T07:53:40.768+0000] {processor.py:840} INFO - DAG(s) 'example_display_name' retrieved from /root/.cache/pypoetry/virtualenvs/freeprise-matchmaker-BsnH11MF-py3.8/lib/python3.8/site-packages/airflow/example_dags/example_display_name.py
[2024-07-25T07:53:40.808+0000] {logging_mixin.py:188} INFO - [2024-07-25T07:53:40.807+0000] {dag.py:3089} INFO - Sync 1 DAGs
[2024-07-25T07:53:40.830+0000] {logging_mixin.py:188} INFO - [2024-07-25T07:53:40.830+0000] {dag.py:3947} INFO - Setting next_dagrun for example_display_name to None, run_after=None
[2024-07-25T07:53:40.857+0000] {processor.py:183} INFO - Processing /root/.cache/pypoetry/virtualenvs/freeprise-matchmaker-BsnH11MF-py3.8/lib/python3.8/site-packages/airflow/example_dags/example_display_name.py took 0.114 seconds
[2024-07-25T07:54:11.175+0000] {processor.py:161} INFO - Started process (PID=2226) to work on /root/.cache/pypoetry/virtualenvs/freeprise-matchmaker-BsnH11MF-py3.8/lib/python3.8/site-packages/airflow/example_dags/example_display_name.py
[2024-07-25T07:54:11.178+0000] {processor.py:830} INFO - Processing file /root/.cache/pypoetry/virtualenvs/freeprise-matchmaker-BsnH11MF-py3.8/lib/python3.8/site-packages/airflow/example_dags/example_display_name.py for tasks to queue
[2024-07-25T07:54:11.181+0000] {logging_mixin.py:188} INFO - [2024-07-25T07:54:11.181+0000] {dagbag.py:545} INFO - Filling up the DagBag from /root/.cache/pypoetry/virtualenvs/freeprise-matchmaker-BsnH11MF-py3.8/lib/python3.8/site-packages/airflow/example_dags/example_display_name.py
[2024-07-25T07:54:11.194+0000] {processor.py:840} INFO - DAG(s) 'example_display_name' retrieved from /root/.cache/pypoetry/virtualenvs/freeprise-matchmaker-BsnH11MF-py3.8/lib/python3.8/site-packages/airflow/example_dags/example_display_name.py
[2024-07-25T07:54:11.242+0000] {logging_mixin.py:188} INFO - [2024-07-25T07:54:11.242+0000] {dag.py:3089} INFO - Sync 1 DAGs
[2024-07-25T07:54:11.269+0000] {logging_mixin.py:188} INFO - [2024-07-25T07:54:11.269+0000] {dag.py:3947} INFO - Setting next_dagrun for example_display_name to None, run_after=None
[2024-07-25T07:54:11.305+0000] {processor.py:183} INFO - Processing /root/.cache/pypoetry/virtualenvs/freeprise-matchmaker-BsnH11MF-py3.8/lib/python3.8/site-packages/airflow/example_dags/example_display_name.py took 0.145 seconds
[2024-07-25T07:54:41.859+0000] {processor.py:161} INFO - Started process (PID=2492) to work on /root/.cache/pypoetry/virtualenvs/freeprise-matchmaker-BsnH11MF-py3.8/lib/python3.8/site-packages/airflow/example_dags/example_display_name.py
[2024-07-25T07:54:41.861+0000] {processor.py:830} INFO - Processing file /root/.cache/pypoetry/virtualenvs/freeprise-matchmaker-BsnH11MF-py3.8/lib/python3.8/site-packages/airflow/example_dags/example_display_name.py for tasks to queue
[2024-07-25T07:54:41.863+0000] {logging_mixin.py:188} INFO - [2024-07-25T07:54:41.863+0000] {dagbag.py:545} INFO - Filling up the DagBag from /root/.cache/pypoetry/virtualenvs/freeprise-matchmaker-BsnH11MF-py3.8/lib/python3.8/site-packages/airflow/example_dags/example_display_name.py
[2024-07-25T07:54:41.873+0000] {processor.py:840} INFO - DAG(s) 'example_display_name' retrieved from /root/.cache/pypoetry/virtualenvs/freeprise-matchmaker-BsnH11MF-py3.8/lib/python3.8/site-packages/airflow/example_dags/example_display_name.py
[2024-07-25T07:54:41.911+0000] {logging_mixin.py:188} INFO - [2024-07-25T07:54:41.911+0000] {dag.py:3089} INFO - Sync 1 DAGs
[2024-07-25T07:54:41.931+0000] {logging_mixin.py:188} INFO - [2024-07-25T07:54:41.931+0000] {dag.py:3947} INFO - Setting next_dagrun for example_display_name to None, run_after=None
[2024-07-25T07:54:41.958+0000] {processor.py:183} INFO - Processing /root/.cache/pypoetry/virtualenvs/freeprise-matchmaker-BsnH11MF-py3.8/lib/python3.8/site-packages/airflow/example_dags/example_display_name.py took 0.111 seconds
[2024-07-25T07:55:12.125+0000] {processor.py:161} INFO - Started process (PID=2758) to work on /root/.cache/pypoetry/virtualenvs/freeprise-matchmaker-BsnH11MF-py3.8/lib/python3.8/site-packages/airflow/example_dags/example_display_name.py
[2024-07-25T07:55:12.127+0000] {processor.py:830} INFO - Processing file /root/.cache/pypoetry/virtualenvs/freeprise-matchmaker-BsnH11MF-py3.8/lib/python3.8/site-packages/airflow/example_dags/example_display_name.py for tasks to queue
[2024-07-25T07:55:12.129+0000] {logging_mixin.py:188} INFO - [2024-07-25T07:55:12.129+0000] {dagbag.py:545} INFO - Filling up the DagBag from /root/.cache/pypoetry/virtualenvs/freeprise-matchmaker-BsnH11MF-py3.8/lib/python3.8/site-packages/airflow/example_dags/example_display_name.py
[2024-07-25T07:55:12.138+0000] {processor.py:840} INFO - DAG(s) 'example_display_name' retrieved from /root/.cache/pypoetry/virtualenvs/freeprise-matchmaker-BsnH11MF-py3.8/lib/python3.8/site-packages/airflow/example_dags/example_display_name.py
[2024-07-25T07:55:12.176+0000] {logging_mixin.py:188} INFO - [2024-07-25T07:55:12.175+0000] {dag.py:3089} INFO - Sync 1 DAGs
[2024-07-25T07:55:12.195+0000] {logging_mixin.py:188} INFO - [2024-07-25T07:55:12.195+0000] {dag.py:3947} INFO - Setting next_dagrun for example_display_name to None, run_after=None
[2024-07-25T07:55:12.222+0000] {processor.py:183} INFO - Processing /root/.cache/pypoetry/virtualenvs/freeprise-matchmaker-BsnH11MF-py3.8/lib/python3.8/site-packages/airflow/example_dags/example_display_name.py took 0.111 seconds
[2024-07-25T07:55:42.354+0000] {processor.py:161} INFO - Started process (PID=3024) to work on /root/.cache/pypoetry/virtualenvs/freeprise-matchmaker-BsnH11MF-py3.8/lib/python3.8/site-packages/airflow/example_dags/example_display_name.py
[2024-07-25T07:55:42.355+0000] {processor.py:830} INFO - Processing file /root/.cache/pypoetry/virtualenvs/freeprise-matchmaker-BsnH11MF-py3.8/lib/python3.8/site-packages/airflow/example_dags/example_display_name.py for tasks to queue
[2024-07-25T07:55:42.358+0000] {logging_mixin.py:188} INFO - [2024-07-25T07:55:42.357+0000] {dagbag.py:545} INFO - Filling up the DagBag from /root/.cache/pypoetry/virtualenvs/freeprise-matchmaker-BsnH11MF-py3.8/lib/python3.8/site-packages/airflow/example_dags/example_display_name.py
[2024-07-25T07:55:42.367+0000] {processor.py:840} INFO - DAG(s) 'example_display_name' retrieved from /root/.cache/pypoetry/virtualenvs/freeprise-matchmaker-BsnH11MF-py3.8/lib/python3.8/site-packages/airflow/example_dags/example_display_name.py
[2024-07-25T07:55:42.405+0000] {logging_mixin.py:188} INFO - [2024-07-25T07:55:42.405+0000] {dag.py:3089} INFO - Sync 1 DAGs
[2024-07-25T07:55:42.425+0000] {logging_mixin.py:188} INFO - [2024-07-25T07:55:42.425+0000] {dag.py:3947} INFO - Setting next_dagrun for example_display_name to None, run_after=None
[2024-07-25T07:55:42.452+0000] {processor.py:183} INFO - Processing /root/.cache/pypoetry/virtualenvs/freeprise-matchmaker-BsnH11MF-py3.8/lib/python3.8/site-packages/airflow/example_dags/example_display_name.py took 0.111 seconds
[2024-07-25T07:56:13.039+0000] {processor.py:161} INFO - Started process (PID=3290) to work on /root/.cache/pypoetry/virtualenvs/freeprise-matchmaker-BsnH11MF-py3.8/lib/python3.8/site-packages/airflow/example_dags/example_display_name.py
[2024-07-25T07:56:13.042+0000] {processor.py:830} INFO - Processing file /root/.cache/pypoetry/virtualenvs/freeprise-matchmaker-BsnH11MF-py3.8/lib/python3.8/site-packages/airflow/example_dags/example_display_name.py for tasks to queue
[2024-07-25T07:56:13.044+0000] {logging_mixin.py:188} INFO - [2024-07-25T07:56:13.044+0000] {dagbag.py:545} INFO - Filling up the DagBag from /root/.cache/pypoetry/virtualenvs/freeprise-matchmaker-BsnH11MF-py3.8/lib/python3.8/site-packages/airflow/example_dags/example_display_name.py
[2024-07-25T07:56:13.054+0000] {processor.py:840} INFO - DAG(s) 'example_display_name' retrieved from /root/.cache/pypoetry/virtualenvs/freeprise-matchmaker-BsnH11MF-py3.8/lib/python3.8/site-packages/airflow/example_dags/example_display_name.py
[2024-07-25T07:56:13.093+0000] {logging_mixin.py:188} INFO - [2024-07-25T07:56:13.093+0000] {dag.py:3089} INFO - Sync 1 DAGs
[2024-07-25T07:56:13.114+0000] {logging_mixin.py:188} INFO - [2024-07-25T07:56:13.114+0000] {dag.py:3947} INFO - Setting next_dagrun for example_display_name to None, run_after=None
[2024-07-25T07:56:13.143+0000] {processor.py:183} INFO - Processing /root/.cache/pypoetry/virtualenvs/freeprise-matchmaker-BsnH11MF-py3.8/lib/python3.8/site-packages/airflow/example_dags/example_display_name.py took 0.116 seconds
[2024-07-25T07:56:43.853+0000] {processor.py:161} INFO - Started process (PID=3556) to work on /root/.cache/pypoetry/virtualenvs/freeprise-matchmaker-BsnH11MF-py3.8/lib/python3.8/site-packages/airflow/example_dags/example_display_name.py
[2024-07-25T07:56:43.855+0000] {processor.py:830} INFO - Processing file /root/.cache/pypoetry/virtualenvs/freeprise-matchmaker-BsnH11MF-py3.8/lib/python3.8/site-packages/airflow/example_dags/example_display_name.py for tasks to queue
[2024-07-25T07:56:43.857+0000] {logging_mixin.py:188} INFO - [2024-07-25T07:56:43.857+0000] {dagbag.py:545} INFO - Filling up the DagBag from /root/.cache/pypoetry/virtualenvs/freeprise-matchmaker-BsnH11MF-py3.8/lib/python3.8/site-packages/airflow/example_dags/example_display_name.py
[2024-07-25T07:56:43.867+0000] {processor.py:840} INFO - DAG(s) 'example_display_name' retrieved from /root/.cache/pypoetry/virtualenvs/freeprise-matchmaker-BsnH11MF-py3.8/lib/python3.8/site-packages/airflow/example_dags/example_display_name.py
[2024-07-25T07:56:43.904+0000] {logging_mixin.py:188} INFO - [2024-07-25T07:56:43.904+0000] {dag.py:3089} INFO - Sync 1 DAGs
[2024-07-25T07:56:43.925+0000] {logging_mixin.py:188} INFO - [2024-07-25T07:56:43.925+0000] {dag.py:3947} INFO - Setting next_dagrun for example_display_name to None, run_after=None
[2024-07-25T07:56:43.955+0000] {processor.py:183} INFO - Processing /root/.cache/pypoetry/virtualenvs/freeprise-matchmaker-BsnH11MF-py3.8/lib/python3.8/site-packages/airflow/example_dags/example_display_name.py took 0.113 seconds
[2024-07-25T07:57:14.110+0000] {processor.py:161} INFO - Started process (PID=3822) to work on /root/.cache/pypoetry/virtualenvs/freeprise-matchmaker-BsnH11MF-py3.8/lib/python3.8/site-packages/airflow/example_dags/example_display_name.py
[2024-07-25T07:57:14.112+0000] {processor.py:830} INFO - Processing file /root/.cache/pypoetry/virtualenvs/freeprise-matchmaker-BsnH11MF-py3.8/lib/python3.8/site-packages/airflow/example_dags/example_display_name.py for tasks to queue
[2024-07-25T07:57:14.115+0000] {logging_mixin.py:188} INFO - [2024-07-25T07:57:14.114+0000] {dagbag.py:545} INFO - Filling up the DagBag from /root/.cache/pypoetry/virtualenvs/freeprise-matchmaker-BsnH11MF-py3.8/lib/python3.8/site-packages/airflow/example_dags/example_display_name.py
[2024-07-25T07:57:14.124+0000] {processor.py:840} INFO - DAG(s) 'example_display_name' retrieved from /root/.cache/pypoetry/virtualenvs/freeprise-matchmaker-BsnH11MF-py3.8/lib/python3.8/site-packages/airflow/example_dags/example_display_name.py
[2024-07-25T07:57:14.163+0000] {logging_mixin.py:188} INFO - [2024-07-25T07:57:14.162+0000] {dag.py:3089} INFO - Sync 1 DAGs
[2024-07-25T07:57:14.183+0000] {logging_mixin.py:188} INFO - [2024-07-25T07:57:14.182+0000] {dag.py:3947} INFO - Setting next_dagrun for example_display_name to None, run_after=None
[2024-07-25T07:57:14.211+0000] {processor.py:183} INFO - Processing /root/.cache/pypoetry/virtualenvs/freeprise-matchmaker-BsnH11MF-py3.8/lib/python3.8/site-packages/airflow/example_dags/example_display_name.py took 0.114 seconds
[2024-07-25T07:57:44.659+0000] {processor.py:161} INFO - Started process (PID=4088) to work on /root/.cache/pypoetry/virtualenvs/freeprise-matchmaker-BsnH11MF-py3.8/lib/python3.8/site-packages/airflow/example_dags/example_display_name.py
[2024-07-25T07:57:44.661+0000] {processor.py:830} INFO - Processing file /root/.cache/pypoetry/virtualenvs/freeprise-matchmaker-BsnH11MF-py3.8/lib/python3.8/site-packages/airflow/example_dags/example_display_name.py for tasks to queue
[2024-07-25T07:57:44.664+0000] {logging_mixin.py:188} INFO - [2024-07-25T07:57:44.663+0000] {dagbag.py:545} INFO - Filling up the DagBag from /root/.cache/pypoetry/virtualenvs/freeprise-matchmaker-BsnH11MF-py3.8/lib/python3.8/site-packages/airflow/example_dags/example_display_name.py
[2024-07-25T07:57:44.673+0000] {processor.py:840} INFO - DAG(s) 'example_display_name' retrieved from /root/.cache/pypoetry/virtualenvs/freeprise-matchmaker-BsnH11MF-py3.8/lib/python3.8/site-packages/airflow/example_dags/example_display_name.py
[2024-07-25T07:57:44.710+0000] {logging_mixin.py:188} INFO - [2024-07-25T07:57:44.710+0000] {dag.py:3089} INFO - Sync 1 DAGs
[2024-07-25T07:57:44.730+0000] {logging_mixin.py:188} INFO - [2024-07-25T07:57:44.730+0000] {dag.py:3947} INFO - Setting next_dagrun for example_display_name to None, run_after=None
[2024-07-25T07:57:44.759+0000] {processor.py:183} INFO - Processing /root/.cache/pypoetry/virtualenvs/freeprise-matchmaker-BsnH11MF-py3.8/lib/python3.8/site-packages/airflow/example_dags/example_display_name.py took 0.111 seconds
[2024-07-25T07:58:15.804+0000] {processor.py:161} INFO - Started process (PID=4354) to work on /root/.cache/pypoetry/virtualenvs/freeprise-matchmaker-BsnH11MF-py3.8/lib/python3.8/site-packages/airflow/example_dags/example_display_name.py
[2024-07-25T07:58:15.806+0000] {processor.py:830} INFO - Processing file /root/.cache/pypoetry/virtualenvs/freeprise-matchmaker-BsnH11MF-py3.8/lib/python3.8/site-packages/airflow/example_dags/example_display_name.py for tasks to queue
[2024-07-25T07:58:15.808+0000] {logging_mixin.py:188} INFO - [2024-07-25T07:58:15.807+0000] {dagbag.py:545} INFO - Filling up the DagBag from /root/.cache/pypoetry/virtualenvs/freeprise-matchmaker-BsnH11MF-py3.8/lib/python3.8/site-packages/airflow/example_dags/example_display_name.py
[2024-07-25T07:58:15.817+0000] {processor.py:840} INFO - DAG(s) 'example_display_name' retrieved from /root/.cache/pypoetry/virtualenvs/freeprise-matchmaker-BsnH11MF-py3.8/lib/python3.8/site-packages/airflow/example_dags/example_display_name.py
[2024-07-25T07:58:15.856+0000] {logging_mixin.py:188} INFO - [2024-07-25T07:58:15.856+0000] {dag.py:3089} INFO - Sync 1 DAGs
[2024-07-25T07:58:15.877+0000] {logging_mixin.py:188} INFO - [2024-07-25T07:58:15.877+0000] {dag.py:3947} INFO - Setting next_dagrun for example_display_name to None, run_after=None
[2024-07-25T07:58:15.904+0000] {processor.py:183} INFO - Processing /root/.cache/pypoetry/virtualenvs/freeprise-matchmaker-BsnH11MF-py3.8/lib/python3.8/site-packages/airflow/example_dags/example_display_name.py took 0.111 seconds
[2024-07-25T07:58:46.311+0000] {processor.py:161} INFO - Started process (PID=4620) to work on /root/.cache/pypoetry/virtualenvs/freeprise-matchmaker-BsnH11MF-py3.8/lib/python3.8/site-packages/airflow/example_dags/example_display_name.py
[2024-07-25T07:58:46.314+0000] {processor.py:830} INFO - Processing file /root/.cache/pypoetry/virtualenvs/freeprise-matchmaker-BsnH11MF-py3.8/lib/python3.8/site-packages/airflow/example_dags/example_display_name.py for tasks to queue
[2024-07-25T07:58:46.316+0000] {logging_mixin.py:188} INFO - [2024-07-25T07:58:46.316+0000] {dagbag.py:545} INFO - Filling up the DagBag from /root/.cache/pypoetry/virtualenvs/freeprise-matchmaker-BsnH11MF-py3.8/lib/python3.8/site-packages/airflow/example_dags/example_display_name.py
[2024-07-25T07:58:46.326+0000] {processor.py:840} INFO - DAG(s) 'example_display_name' retrieved from /root/.cache/pypoetry/virtualenvs/freeprise-matchmaker-BsnH11MF-py3.8/lib/python3.8/site-packages/airflow/example_dags/example_display_name.py
[2024-07-25T07:58:46.363+0000] {logging_mixin.py:188} INFO - [2024-07-25T07:58:46.362+0000] {dag.py:3089} INFO - Sync 1 DAGs
[2024-07-25T07:58:46.382+0000] {logging_mixin.py:188} INFO - [2024-07-25T07:58:46.382+0000] {dag.py:3947} INFO - Setting next_dagrun for example_display_name to None, run_after=None
[2024-07-25T07:58:46.409+0000] {processor.py:183} INFO - Processing /root/.cache/pypoetry/virtualenvs/freeprise-matchmaker-BsnH11MF-py3.8/lib/python3.8/site-packages/airflow/example_dags/example_display_name.py took 0.110 seconds
[2024-07-25T07:59:16.951+0000] {processor.py:161} INFO - Started process (PID=4884) to work on /root/.cache/pypoetry/virtualenvs/freeprise-matchmaker-BsnH11MF-py3.8/lib/python3.8/site-packages/airflow/example_dags/example_display_name.py
[2024-07-25T07:59:16.953+0000] {processor.py:830} INFO - Processing file /root/.cache/pypoetry/virtualenvs/freeprise-matchmaker-BsnH11MF-py3.8/lib/python3.8/site-packages/airflow/example_dags/example_display_name.py for tasks to queue
[2024-07-25T07:59:16.956+0000] {logging_mixin.py:188} INFO - [2024-07-25T07:59:16.955+0000] {dagbag.py:545} INFO - Filling up the DagBag from /root/.cache/pypoetry/virtualenvs/freeprise-matchmaker-BsnH11MF-py3.8/lib/python3.8/site-packages/airflow/example_dags/example_display_name.py
[2024-07-25T07:59:16.969+0000] {processor.py:840} INFO - DAG(s) 'example_display_name' retrieved from /root/.cache/pypoetry/virtualenvs/freeprise-matchmaker-BsnH11MF-py3.8/lib/python3.8/site-packages/airflow/example_dags/example_display_name.py
[2024-07-25T07:59:17.024+0000] {logging_mixin.py:188} INFO - [2024-07-25T07:59:17.024+0000] {dag.py:3089} INFO - Sync 1 DAGs
[2024-07-25T07:59:17.050+0000] {logging_mixin.py:188} INFO - [2024-07-25T07:59:17.050+0000] {dag.py:3947} INFO - Setting next_dagrun for example_display_name to None, run_after=None
[2024-07-25T07:59:17.078+0000] {processor.py:183} INFO - Processing /root/.cache/pypoetry/virtualenvs/freeprise-matchmaker-BsnH11MF-py3.8/lib/python3.8/site-packages/airflow/example_dags/example_display_name.py took 0.143 seconds
[2024-07-25T07:59:47.747+0000] {processor.py:161} INFO - Started process (PID=5150) to work on /root/.cache/pypoetry/virtualenvs/freeprise-matchmaker-BsnH11MF-py3.8/lib/python3.8/site-packages/airflow/example_dags/example_display_name.py
[2024-07-25T07:59:47.749+0000] {processor.py:830} INFO - Processing file /root/.cache/pypoetry/virtualenvs/freeprise-matchmaker-BsnH11MF-py3.8/lib/python3.8/site-packages/airflow/example_dags/example_display_name.py for tasks to queue
[2024-07-25T07:59:47.752+0000] {logging_mixin.py:188} INFO - [2024-07-25T07:59:47.751+0000] {dagbag.py:545} INFO - Filling up the DagBag from /root/.cache/pypoetry/virtualenvs/freeprise-matchmaker-BsnH11MF-py3.8/lib/python3.8/site-packages/airflow/example_dags/example_display_name.py
[2024-07-25T07:59:47.764+0000] {processor.py:840} INFO - DAG(s) 'example_display_name' retrieved from /root/.cache/pypoetry/virtualenvs/freeprise-matchmaker-BsnH11MF-py3.8/lib/python3.8/site-packages/airflow/example_dags/example_display_name.py
[2024-07-25T07:59:47.813+0000] {logging_mixin.py:188} INFO - [2024-07-25T07:59:47.813+0000] {dag.py:3089} INFO - Sync 1 DAGs
[2024-07-25T07:59:47.835+0000] {logging_mixin.py:188} INFO - [2024-07-25T07:59:47.835+0000] {dag.py:3947} INFO - Setting next_dagrun for example_display_name to None, run_after=None
[2024-07-25T07:59:47.867+0000] {processor.py:183} INFO - Processing /root/.cache/pypoetry/virtualenvs/freeprise-matchmaker-BsnH11MF-py3.8/lib/python3.8/site-packages/airflow/example_dags/example_display_name.py took 0.135 seconds
[2024-07-25T08:00:18.824+0000] {processor.py:161} INFO - Started process (PID=5418) to work on /root/.cache/pypoetry/virtualenvs/freeprise-matchmaker-BsnH11MF-py3.8/lib/python3.8/site-packages/airflow/example_dags/example_display_name.py
[2024-07-25T08:00:18.828+0000] {processor.py:830} INFO - Processing file /root/.cache/pypoetry/virtualenvs/freeprise-matchmaker-BsnH11MF-py3.8/lib/python3.8/site-packages/airflow/example_dags/example_display_name.py for tasks to queue
[2024-07-25T08:00:18.831+0000] {logging_mixin.py:188} INFO - [2024-07-25T08:00:18.831+0000] {dagbag.py:545} INFO - Filling up the DagBag from /root/.cache/pypoetry/virtualenvs/freeprise-matchmaker-BsnH11MF-py3.8/lib/python3.8/site-packages/airflow/example_dags/example_display_name.py
[2024-07-25T08:00:18.844+0000] {processor.py:840} INFO - DAG(s) 'example_display_name' retrieved from /root/.cache/pypoetry/virtualenvs/freeprise-matchmaker-BsnH11MF-py3.8/lib/python3.8/site-packages/airflow/example_dags/example_display_name.py
[2024-07-25T08:00:18.893+0000] {logging_mixin.py:188} INFO - [2024-07-25T08:00:18.893+0000] {dag.py:3089} INFO - Sync 1 DAGs
[2024-07-25T08:00:18.921+0000] {logging_mixin.py:188} INFO - [2024-07-25T08:00:18.920+0000] {dag.py:3947} INFO - Setting next_dagrun for example_display_name to None, run_after=None
[2024-07-25T08:00:18.958+0000] {processor.py:183} INFO - Processing /root/.cache/pypoetry/virtualenvs/freeprise-matchmaker-BsnH11MF-py3.8/lib/python3.8/site-packages/airflow/example_dags/example_display_name.py took 0.149 seconds
[2024-07-25T08:00:53.677+0000] {processor.py:161} INFO - Started process (PID=5682) to work on /root/.cache/pypoetry/virtualenvs/freeprise-matchmaker-BsnH11MF-py3.8/lib/python3.8/site-packages/airflow/example_dags/example_display_name.py
[2024-07-25T08:00:53.683+0000] {processor.py:830} INFO - Processing file /root/.cache/pypoetry/virtualenvs/freeprise-matchmaker-BsnH11MF-py3.8/lib/python3.8/site-packages/airflow/example_dags/example_display_name.py for tasks to queue
[2024-07-25T08:00:53.692+0000] {logging_mixin.py:188} INFO - [2024-07-25T08:00:53.690+0000] {dagbag.py:545} INFO - Filling up the DagBag from /root/.cache/pypoetry/virtualenvs/freeprise-matchmaker-BsnH11MF-py3.8/lib/python3.8/site-packages/airflow/example_dags/example_display_name.py
[2024-07-25T08:00:53.724+0000] {processor.py:840} INFO - DAG(s) 'example_display_name' retrieved from /root/.cache/pypoetry/virtualenvs/freeprise-matchmaker-BsnH11MF-py3.8/lib/python3.8/site-packages/airflow/example_dags/example_display_name.py
[2024-07-25T08:00:53.849+0000] {logging_mixin.py:188} INFO - [2024-07-25T08:00:53.848+0000] {dag.py:3089} INFO - Sync 1 DAGs
[2024-07-25T08:00:53.923+0000] {logging_mixin.py:188} INFO - [2024-07-25T08:00:53.921+0000] {dag.py:3947} INFO - Setting next_dagrun for example_display_name to None, run_after=None
[2024-07-25T08:00:53.976+0000] {processor.py:183} INFO - Processing /root/.cache/pypoetry/virtualenvs/freeprise-matchmaker-BsnH11MF-py3.8/lib/python3.8/site-packages/airflow/example_dags/example_display_name.py took 0.338 seconds
