[2024-07-25T07:50:31.159+0000] {processor.py:161} INFO - Started process (PID=342) to work on /root/.cache/pypoetry/virtualenvs/freeprise-matchmaker-BsnH11MF-py3.8/lib/python3.8/site-packages/airflow/example_dags/example_external_task_marker_dag.py
[2024-07-25T07:50:31.161+0000] {processor.py:830} INFO - Processing file /root/.cache/pypoetry/virtualenvs/freeprise-matchmaker-BsnH11MF-py3.8/lib/python3.8/site-packages/airflow/example_dags/example_external_task_marker_dag.py for tasks to queue
[2024-07-25T07:50:31.165+0000] {logging_mixin.py:188} INFO - [2024-07-25T07:50:31.164+0000] {dagbag.py:545} INFO - Filling up the DagBag from /root/.cache/pypoetry/virtualenvs/freeprise-matchmaker-BsnH11MF-py3.8/lib/python3.8/site-packages/airflow/example_dags/example_external_task_marker_dag.py
[2024-07-25T07:50:31.177+0000] {processor.py:840} INFO - DAG(s) 'example_external_task_marker_parent', 'example_external_task_marker_child' retrieved from /root/.cache/pypoetry/virtualenvs/freeprise-matchmaker-BsnH11MF-py3.8/lib/python3.8/site-packages/airflow/example_dags/example_external_task_marker_dag.py
[2024-07-25T07:50:31.207+0000] {logging_mixin.py:188} INFO - [2024-07-25T07:50:31.207+0000] {dag.py:3089} INFO - Sync 2 DAGs
[2024-07-25T07:50:31.233+0000] {logging_mixin.py:188} INFO - [2024-07-25T07:50:31.233+0000] {dag.py:3947} INFO - Setting next_dagrun for example_external_task_marker_child to None, run_after=None
[2024-07-25T07:50:31.239+0000] {logging_mixin.py:188} INFO - [2024-07-25T07:50:31.239+0000] {dag.py:3947} INFO - Setting next_dagrun for example_external_task_marker_parent to None, run_after=None
[2024-07-25T07:50:31.266+0000] {processor.py:183} INFO - Processing /root/.cache/pypoetry/virtualenvs/freeprise-matchmaker-BsnH11MF-py3.8/lib/python3.8/site-packages/airflow/example_dags/example_external_task_marker_dag.py took 0.121 seconds
[2024-07-25T07:51:06.702+0000] {processor.py:161} INFO - Started process (PID=608) to work on /root/.cache/pypoetry/virtualenvs/freeprise-matchmaker-BsnH11MF-py3.8/lib/python3.8/site-packages/airflow/example_dags/example_external_task_marker_dag.py
[2024-07-25T07:51:06.706+0000] {processor.py:830} INFO - Processing file /root/.cache/pypoetry/virtualenvs/freeprise-matchmaker-BsnH11MF-py3.8/lib/python3.8/site-packages/airflow/example_dags/example_external_task_marker_dag.py for tasks to queue
[2024-07-25T07:51:06.709+0000] {logging_mixin.py:188} INFO - [2024-07-25T07:51:06.708+0000] {dagbag.py:545} INFO - Filling up the DagBag from /root/.cache/pypoetry/virtualenvs/freeprise-matchmaker-BsnH11MF-py3.8/lib/python3.8/site-packages/airflow/example_dags/example_external_task_marker_dag.py
[2024-07-25T07:51:06.719+0000] {processor.py:840} INFO - DAG(s) 'example_external_task_marker_parent', 'example_external_task_marker_child' retrieved from /root/.cache/pypoetry/virtualenvs/freeprise-matchmaker-BsnH11MF-py3.8/lib/python3.8/site-packages/airflow/example_dags/example_external_task_marker_dag.py
[2024-07-25T07:51:07.063+0000] {logging_mixin.py:188} INFO - [2024-07-25T07:51:07.062+0000] {dag.py:3089} INFO - Sync 2 DAGs
[2024-07-25T07:51:07.082+0000] {logging_mixin.py:188} INFO - [2024-07-25T07:51:07.081+0000] {dag.py:3947} INFO - Setting next_dagrun for example_external_task_marker_child to None, run_after=None
[2024-07-25T07:51:07.087+0000] {logging_mixin.py:188} INFO - [2024-07-25T07:51:07.087+0000] {dag.py:3947} INFO - Setting next_dagrun for example_external_task_marker_parent to None, run_after=None
[2024-07-25T07:51:07.115+0000] {processor.py:183} INFO - Processing /root/.cache/pypoetry/virtualenvs/freeprise-matchmaker-BsnH11MF-py3.8/lib/python3.8/site-packages/airflow/example_dags/example_external_task_marker_dag.py took 0.425 seconds
[2024-07-25T07:51:37.167+0000] {processor.py:161} INFO - Started process (PID=874) to work on /root/.cache/pypoetry/virtualenvs/freeprise-matchmaker-BsnH11MF-py3.8/lib/python3.8/site-packages/airflow/example_dags/example_external_task_marker_dag.py
[2024-07-25T07:51:37.173+0000] {processor.py:830} INFO - Processing file /root/.cache/pypoetry/virtualenvs/freeprise-matchmaker-BsnH11MF-py3.8/lib/python3.8/site-packages/airflow/example_dags/example_external_task_marker_dag.py for tasks to queue
[2024-07-25T07:51:37.176+0000] {logging_mixin.py:188} INFO - [2024-07-25T07:51:37.176+0000] {dagbag.py:545} INFO - Filling up the DagBag from /root/.cache/pypoetry/virtualenvs/freeprise-matchmaker-BsnH11MF-py3.8/lib/python3.8/site-packages/airflow/example_dags/example_external_task_marker_dag.py
[2024-07-25T07:51:37.187+0000] {processor.py:840} INFO - DAG(s) 'example_external_task_marker_parent', 'example_external_task_marker_child' retrieved from /root/.cache/pypoetry/virtualenvs/freeprise-matchmaker-BsnH11MF-py3.8/lib/python3.8/site-packages/airflow/example_dags/example_external_task_marker_dag.py
[2024-07-25T07:51:37.241+0000] {logging_mixin.py:188} INFO - [2024-07-25T07:51:37.241+0000] {dag.py:3089} INFO - Sync 2 DAGs
[2024-07-25T07:51:37.268+0000] {logging_mixin.py:188} INFO - [2024-07-25T07:51:37.267+0000] {dag.py:3947} INFO - Setting next_dagrun for example_external_task_marker_child to None, run_after=None
[2024-07-25T07:51:37.275+0000] {logging_mixin.py:188} INFO - [2024-07-25T07:51:37.275+0000] {dag.py:3947} INFO - Setting next_dagrun for example_external_task_marker_parent to None, run_after=None
[2024-07-25T07:51:37.306+0000] {processor.py:183} INFO - Processing /root/.cache/pypoetry/virtualenvs/freeprise-matchmaker-BsnH11MF-py3.8/lib/python3.8/site-packages/airflow/example_dags/example_external_task_marker_dag.py took 0.153 seconds
[2024-07-25T07:52:07.797+0000] {processor.py:161} INFO - Started process (PID=1140) to work on /root/.cache/pypoetry/virtualenvs/freeprise-matchmaker-BsnH11MF-py3.8/lib/python3.8/site-packages/airflow/example_dags/example_external_task_marker_dag.py
[2024-07-25T07:52:07.799+0000] {processor.py:830} INFO - Processing file /root/.cache/pypoetry/virtualenvs/freeprise-matchmaker-BsnH11MF-py3.8/lib/python3.8/site-packages/airflow/example_dags/example_external_task_marker_dag.py for tasks to queue
[2024-07-25T07:52:07.801+0000] {logging_mixin.py:188} INFO - [2024-07-25T07:52:07.801+0000] {dagbag.py:545} INFO - Filling up the DagBag from /root/.cache/pypoetry/virtualenvs/freeprise-matchmaker-BsnH11MF-py3.8/lib/python3.8/site-packages/airflow/example_dags/example_external_task_marker_dag.py
[2024-07-25T07:52:07.812+0000] {processor.py:840} INFO - DAG(s) 'example_external_task_marker_parent', 'example_external_task_marker_child' retrieved from /root/.cache/pypoetry/virtualenvs/freeprise-matchmaker-BsnH11MF-py3.8/lib/python3.8/site-packages/airflow/example_dags/example_external_task_marker_dag.py
[2024-07-25T07:52:07.861+0000] {logging_mixin.py:188} INFO - [2024-07-25T07:52:07.861+0000] {dag.py:3089} INFO - Sync 2 DAGs
[2024-07-25T07:52:07.884+0000] {logging_mixin.py:188} INFO - [2024-07-25T07:52:07.883+0000] {dag.py:3947} INFO - Setting next_dagrun for example_external_task_marker_child to None, run_after=None
[2024-07-25T07:52:07.891+0000] {logging_mixin.py:188} INFO - [2024-07-25T07:52:07.891+0000] {dag.py:3947} INFO - Setting next_dagrun for example_external_task_marker_parent to None, run_after=None
[2024-07-25T07:52:07.916+0000] {processor.py:183} INFO - Processing /root/.cache/pypoetry/virtualenvs/freeprise-matchmaker-BsnH11MF-py3.8/lib/python3.8/site-packages/airflow/example_dags/example_external_task_marker_dag.py took 0.131 seconds
[2024-07-25T07:52:38.151+0000] {processor.py:161} INFO - Started process (PID=1411) to work on /root/.cache/pypoetry/virtualenvs/freeprise-matchmaker-BsnH11MF-py3.8/lib/python3.8/site-packages/airflow/example_dags/example_external_task_marker_dag.py
[2024-07-25T07:52:38.153+0000] {processor.py:830} INFO - Processing file /root/.cache/pypoetry/virtualenvs/freeprise-matchmaker-BsnH11MF-py3.8/lib/python3.8/site-packages/airflow/example_dags/example_external_task_marker_dag.py for tasks to queue
[2024-07-25T07:52:38.156+0000] {logging_mixin.py:188} INFO - [2024-07-25T07:52:38.155+0000] {dagbag.py:545} INFO - Filling up the DagBag from /root/.cache/pypoetry/virtualenvs/freeprise-matchmaker-BsnH11MF-py3.8/lib/python3.8/site-packages/airflow/example_dags/example_external_task_marker_dag.py
[2024-07-25T07:52:38.168+0000] {processor.py:840} INFO - DAG(s) 'example_external_task_marker_child', 'example_external_task_marker_parent' retrieved from /root/.cache/pypoetry/virtualenvs/freeprise-matchmaker-BsnH11MF-py3.8/lib/python3.8/site-packages/airflow/example_dags/example_external_task_marker_dag.py
[2024-07-25T07:52:38.216+0000] {logging_mixin.py:188} INFO - [2024-07-25T07:52:38.215+0000] {dag.py:3089} INFO - Sync 2 DAGs
[2024-07-25T07:52:38.237+0000] {logging_mixin.py:188} INFO - [2024-07-25T07:52:38.236+0000] {dag.py:3947} INFO - Setting next_dagrun for example_external_task_marker_child to None, run_after=None
[2024-07-25T07:52:38.242+0000] {logging_mixin.py:188} INFO - [2024-07-25T07:52:38.242+0000] {dag.py:3947} INFO - Setting next_dagrun for example_external_task_marker_parent to None, run_after=None
[2024-07-25T07:52:38.266+0000] {processor.py:183} INFO - Processing /root/.cache/pypoetry/virtualenvs/freeprise-matchmaker-BsnH11MF-py3.8/lib/python3.8/site-packages/airflow/example_dags/example_external_task_marker_dag.py took 0.130 seconds
[2024-07-25T07:53:08.819+0000] {processor.py:161} INFO - Started process (PID=1672) to work on /root/.cache/pypoetry/virtualenvs/freeprise-matchmaker-BsnH11MF-py3.8/lib/python3.8/site-packages/airflow/example_dags/example_external_task_marker_dag.py
[2024-07-25T07:53:08.822+0000] {processor.py:830} INFO - Processing file /root/.cache/pypoetry/virtualenvs/freeprise-matchmaker-BsnH11MF-py3.8/lib/python3.8/site-packages/airflow/example_dags/example_external_task_marker_dag.py for tasks to queue
[2024-07-25T07:53:08.825+0000] {logging_mixin.py:188} INFO - [2024-07-25T07:53:08.824+0000] {dagbag.py:545} INFO - Filling up the DagBag from /root/.cache/pypoetry/virtualenvs/freeprise-matchmaker-BsnH11MF-py3.8/lib/python3.8/site-packages/airflow/example_dags/example_external_task_marker_dag.py
[2024-07-25T07:53:08.838+0000] {processor.py:840} INFO - DAG(s) 'example_external_task_marker_child', 'example_external_task_marker_parent' retrieved from /root/.cache/pypoetry/virtualenvs/freeprise-matchmaker-BsnH11MF-py3.8/lib/python3.8/site-packages/airflow/example_dags/example_external_task_marker_dag.py
[2024-07-25T07:53:08.894+0000] {logging_mixin.py:188} INFO - [2024-07-25T07:53:08.894+0000] {dag.py:3089} INFO - Sync 2 DAGs
[2024-07-25T07:53:08.920+0000] {logging_mixin.py:188} INFO - [2024-07-25T07:53:08.919+0000] {dag.py:3947} INFO - Setting next_dagrun for example_external_task_marker_child to None, run_after=None
[2024-07-25T07:53:08.926+0000] {logging_mixin.py:188} INFO - [2024-07-25T07:53:08.925+0000] {dag.py:3947} INFO - Setting next_dagrun for example_external_task_marker_parent to None, run_after=None
[2024-07-25T07:53:08.961+0000] {processor.py:183} INFO - Processing /root/.cache/pypoetry/virtualenvs/freeprise-matchmaker-BsnH11MF-py3.8/lib/python3.8/site-packages/airflow/example_dags/example_external_task_marker_dag.py took 0.158 seconds
[2024-07-25T07:53:39.430+0000] {processor.py:161} INFO - Started process (PID=1938) to work on /root/.cache/pypoetry/virtualenvs/freeprise-matchmaker-BsnH11MF-py3.8/lib/python3.8/site-packages/airflow/example_dags/example_external_task_marker_dag.py
[2024-07-25T07:53:39.432+0000] {processor.py:830} INFO - Processing file /root/.cache/pypoetry/virtualenvs/freeprise-matchmaker-BsnH11MF-py3.8/lib/python3.8/site-packages/airflow/example_dags/example_external_task_marker_dag.py for tasks to queue
[2024-07-25T07:53:39.435+0000] {logging_mixin.py:188} INFO - [2024-07-25T07:53:39.435+0000] {dagbag.py:545} INFO - Filling up the DagBag from /root/.cache/pypoetry/virtualenvs/freeprise-matchmaker-BsnH11MF-py3.8/lib/python3.8/site-packages/airflow/example_dags/example_external_task_marker_dag.py
[2024-07-25T07:53:39.449+0000] {processor.py:840} INFO - DAG(s) 'example_external_task_marker_child', 'example_external_task_marker_parent' retrieved from /root/.cache/pypoetry/virtualenvs/freeprise-matchmaker-BsnH11MF-py3.8/lib/python3.8/site-packages/airflow/example_dags/example_external_task_marker_dag.py
[2024-07-25T07:53:39.508+0000] {logging_mixin.py:188} INFO - [2024-07-25T07:53:39.508+0000] {dag.py:3089} INFO - Sync 2 DAGs
[2024-07-25T07:53:39.535+0000] {logging_mixin.py:188} INFO - [2024-07-25T07:53:39.535+0000] {dag.py:3947} INFO - Setting next_dagrun for example_external_task_marker_child to None, run_after=None
[2024-07-25T07:53:39.544+0000] {logging_mixin.py:188} INFO - [2024-07-25T07:53:39.543+0000] {dag.py:3947} INFO - Setting next_dagrun for example_external_task_marker_parent to None, run_after=None
[2024-07-25T07:53:39.570+0000] {processor.py:183} INFO - Processing /root/.cache/pypoetry/virtualenvs/freeprise-matchmaker-BsnH11MF-py3.8/lib/python3.8/site-packages/airflow/example_dags/example_external_task_marker_dag.py took 0.152 seconds
[2024-07-25T07:54:09.895+0000] {processor.py:161} INFO - Started process (PID=2204) to work on /root/.cache/pypoetry/virtualenvs/freeprise-matchmaker-BsnH11MF-py3.8/lib/python3.8/site-packages/airflow/example_dags/example_external_task_marker_dag.py
[2024-07-25T07:54:09.898+0000] {processor.py:830} INFO - Processing file /root/.cache/pypoetry/virtualenvs/freeprise-matchmaker-BsnH11MF-py3.8/lib/python3.8/site-packages/airflow/example_dags/example_external_task_marker_dag.py for tasks to queue
[2024-07-25T07:54:09.900+0000] {logging_mixin.py:188} INFO - [2024-07-25T07:54:09.900+0000] {dagbag.py:545} INFO - Filling up the DagBag from /root/.cache/pypoetry/virtualenvs/freeprise-matchmaker-BsnH11MF-py3.8/lib/python3.8/site-packages/airflow/example_dags/example_external_task_marker_dag.py
[2024-07-25T07:54:09.911+0000] {processor.py:840} INFO - DAG(s) 'example_external_task_marker_child', 'example_external_task_marker_parent' retrieved from /root/.cache/pypoetry/virtualenvs/freeprise-matchmaker-BsnH11MF-py3.8/lib/python3.8/site-packages/airflow/example_dags/example_external_task_marker_dag.py
[2024-07-25T07:54:09.964+0000] {logging_mixin.py:188} INFO - [2024-07-25T07:54:09.963+0000] {dag.py:3089} INFO - Sync 2 DAGs
[2024-07-25T07:54:09.994+0000] {logging_mixin.py:188} INFO - [2024-07-25T07:54:09.994+0000] {dag.py:3947} INFO - Setting next_dagrun for example_external_task_marker_child to None, run_after=None
[2024-07-25T07:54:10.001+0000] {logging_mixin.py:188} INFO - [2024-07-25T07:54:10.001+0000] {dag.py:3947} INFO - Setting next_dagrun for example_external_task_marker_parent to None, run_after=None
[2024-07-25T07:54:10.031+0000] {processor.py:183} INFO - Processing /root/.cache/pypoetry/virtualenvs/freeprise-matchmaker-BsnH11MF-py3.8/lib/python3.8/site-packages/airflow/example_dags/example_external_task_marker_dag.py took 0.149 seconds
[2024-07-25T07:54:40.496+0000] {processor.py:161} INFO - Started process (PID=2470) to work on /root/.cache/pypoetry/virtualenvs/freeprise-matchmaker-BsnH11MF-py3.8/lib/python3.8/site-packages/airflow/example_dags/example_external_task_marker_dag.py
[2024-07-25T07:54:40.498+0000] {processor.py:830} INFO - Processing file /root/.cache/pypoetry/virtualenvs/freeprise-matchmaker-BsnH11MF-py3.8/lib/python3.8/site-packages/airflow/example_dags/example_external_task_marker_dag.py for tasks to queue
[2024-07-25T07:54:40.501+0000] {logging_mixin.py:188} INFO - [2024-07-25T07:54:40.501+0000] {dagbag.py:545} INFO - Filling up the DagBag from /root/.cache/pypoetry/virtualenvs/freeprise-matchmaker-BsnH11MF-py3.8/lib/python3.8/site-packages/airflow/example_dags/example_external_task_marker_dag.py
[2024-07-25T07:54:40.514+0000] {processor.py:840} INFO - DAG(s) 'example_external_task_marker_parent', 'example_external_task_marker_child' retrieved from /root/.cache/pypoetry/virtualenvs/freeprise-matchmaker-BsnH11MF-py3.8/lib/python3.8/site-packages/airflow/example_dags/example_external_task_marker_dag.py
[2024-07-25T07:54:40.572+0000] {logging_mixin.py:188} INFO - [2024-07-25T07:54:40.572+0000] {dag.py:3089} INFO - Sync 2 DAGs
[2024-07-25T07:54:40.599+0000] {logging_mixin.py:188} INFO - [2024-07-25T07:54:40.598+0000] {dag.py:3947} INFO - Setting next_dagrun for example_external_task_marker_child to None, run_after=None
[2024-07-25T07:54:40.606+0000] {logging_mixin.py:188} INFO - [2024-07-25T07:54:40.606+0000] {dag.py:3947} INFO - Setting next_dagrun for example_external_task_marker_parent to None, run_after=None
[2024-07-25T07:54:40.632+0000] {processor.py:183} INFO - Processing /root/.cache/pypoetry/virtualenvs/freeprise-matchmaker-BsnH11MF-py3.8/lib/python3.8/site-packages/airflow/example_dags/example_external_task_marker_dag.py took 0.150 seconds
[2024-07-25T07:55:10.750+0000] {processor.py:161} INFO - Started process (PID=2736) to work on /root/.cache/pypoetry/virtualenvs/freeprise-matchmaker-BsnH11MF-py3.8/lib/python3.8/site-packages/airflow/example_dags/example_external_task_marker_dag.py
[2024-07-25T07:55:10.753+0000] {processor.py:830} INFO - Processing file /root/.cache/pypoetry/virtualenvs/freeprise-matchmaker-BsnH11MF-py3.8/lib/python3.8/site-packages/airflow/example_dags/example_external_task_marker_dag.py for tasks to queue
[2024-07-25T07:55:10.755+0000] {logging_mixin.py:188} INFO - [2024-07-25T07:55:10.755+0000] {dagbag.py:545} INFO - Filling up the DagBag from /root/.cache/pypoetry/virtualenvs/freeprise-matchmaker-BsnH11MF-py3.8/lib/python3.8/site-packages/airflow/example_dags/example_external_task_marker_dag.py
[2024-07-25T07:55:10.765+0000] {processor.py:840} INFO - DAG(s) 'example_external_task_marker_parent', 'example_external_task_marker_child' retrieved from /root/.cache/pypoetry/virtualenvs/freeprise-matchmaker-BsnH11MF-py3.8/lib/python3.8/site-packages/airflow/example_dags/example_external_task_marker_dag.py
[2024-07-25T07:55:10.814+0000] {logging_mixin.py:188} INFO - [2024-07-25T07:55:10.813+0000] {dag.py:3089} INFO - Sync 2 DAGs
[2024-07-25T07:55:10.844+0000] {logging_mixin.py:188} INFO - [2024-07-25T07:55:10.844+0000] {dag.py:3947} INFO - Setting next_dagrun for example_external_task_marker_child to None, run_after=None
[2024-07-25T07:55:10.853+0000] {logging_mixin.py:188} INFO - [2024-07-25T07:55:10.853+0000] {dag.py:3947} INFO - Setting next_dagrun for example_external_task_marker_parent to None, run_after=None
[2024-07-25T07:55:10.886+0000] {processor.py:183} INFO - Processing /root/.cache/pypoetry/virtualenvs/freeprise-matchmaker-BsnH11MF-py3.8/lib/python3.8/site-packages/airflow/example_dags/example_external_task_marker_dag.py took 0.148 seconds
[2024-07-25T07:55:41.011+0000] {processor.py:161} INFO - Started process (PID=3002) to work on /root/.cache/pypoetry/virtualenvs/freeprise-matchmaker-BsnH11MF-py3.8/lib/python3.8/site-packages/airflow/example_dags/example_external_task_marker_dag.py
[2024-07-25T07:55:41.012+0000] {processor.py:830} INFO - Processing file /root/.cache/pypoetry/virtualenvs/freeprise-matchmaker-BsnH11MF-py3.8/lib/python3.8/site-packages/airflow/example_dags/example_external_task_marker_dag.py for tasks to queue
[2024-07-25T07:55:41.015+0000] {logging_mixin.py:188} INFO - [2024-07-25T07:55:41.015+0000] {dagbag.py:545} INFO - Filling up the DagBag from /root/.cache/pypoetry/virtualenvs/freeprise-matchmaker-BsnH11MF-py3.8/lib/python3.8/site-packages/airflow/example_dags/example_external_task_marker_dag.py
[2024-07-25T07:55:41.029+0000] {processor.py:840} INFO - DAG(s) 'example_external_task_marker_parent', 'example_external_task_marker_child' retrieved from /root/.cache/pypoetry/virtualenvs/freeprise-matchmaker-BsnH11MF-py3.8/lib/python3.8/site-packages/airflow/example_dags/example_external_task_marker_dag.py
[2024-07-25T07:55:41.084+0000] {logging_mixin.py:188} INFO - [2024-07-25T07:55:41.084+0000] {dag.py:3089} INFO - Sync 2 DAGs
[2024-07-25T07:55:41.111+0000] {logging_mixin.py:188} INFO - [2024-07-25T07:55:41.111+0000] {dag.py:3947} INFO - Setting next_dagrun for example_external_task_marker_child to None, run_after=None
[2024-07-25T07:55:41.119+0000] {logging_mixin.py:188} INFO - [2024-07-25T07:55:41.119+0000] {dag.py:3947} INFO - Setting next_dagrun for example_external_task_marker_parent to None, run_after=None
[2024-07-25T07:55:41.147+0000] {processor.py:183} INFO - Processing /root/.cache/pypoetry/virtualenvs/freeprise-matchmaker-BsnH11MF-py3.8/lib/python3.8/site-packages/airflow/example_dags/example_external_task_marker_dag.py took 0.151 seconds
[2024-07-25T07:56:11.751+0000] {processor.py:161} INFO - Started process (PID=3270) to work on /root/.cache/pypoetry/virtualenvs/freeprise-matchmaker-BsnH11MF-py3.8/lib/python3.8/site-packages/airflow/example_dags/example_external_task_marker_dag.py
[2024-07-25T07:56:11.755+0000] {processor.py:830} INFO - Processing file /root/.cache/pypoetry/virtualenvs/freeprise-matchmaker-BsnH11MF-py3.8/lib/python3.8/site-packages/airflow/example_dags/example_external_task_marker_dag.py for tasks to queue
[2024-07-25T07:56:11.758+0000] {logging_mixin.py:188} INFO - [2024-07-25T07:56:11.757+0000] {dagbag.py:545} INFO - Filling up the DagBag from /root/.cache/pypoetry/virtualenvs/freeprise-matchmaker-BsnH11MF-py3.8/lib/python3.8/site-packages/airflow/example_dags/example_external_task_marker_dag.py
[2024-07-25T07:56:11.772+0000] {processor.py:840} INFO - DAG(s) 'example_external_task_marker_child', 'example_external_task_marker_parent' retrieved from /root/.cache/pypoetry/virtualenvs/freeprise-matchmaker-BsnH11MF-py3.8/lib/python3.8/site-packages/airflow/example_dags/example_external_task_marker_dag.py
[2024-07-25T07:56:11.825+0000] {logging_mixin.py:188} INFO - [2024-07-25T07:56:11.824+0000] {dag.py:3089} INFO - Sync 2 DAGs
[2024-07-25T07:56:11.846+0000] {logging_mixin.py:188} INFO - [2024-07-25T07:56:11.845+0000] {dag.py:3947} INFO - Setting next_dagrun for example_external_task_marker_child to None, run_after=None
[2024-07-25T07:56:11.851+0000] {logging_mixin.py:188} INFO - [2024-07-25T07:56:11.851+0000] {dag.py:3947} INFO - Setting next_dagrun for example_external_task_marker_parent to None, run_after=None
[2024-07-25T07:56:11.874+0000] {processor.py:183} INFO - Processing /root/.cache/pypoetry/virtualenvs/freeprise-matchmaker-BsnH11MF-py3.8/lib/python3.8/site-packages/airflow/example_dags/example_external_task_marker_dag.py took 0.140 seconds
[2024-07-25T07:56:42.493+0000] {processor.py:161} INFO - Started process (PID=3534) to work on /root/.cache/pypoetry/virtualenvs/freeprise-matchmaker-BsnH11MF-py3.8/lib/python3.8/site-packages/airflow/example_dags/example_external_task_marker_dag.py
[2024-07-25T07:56:42.495+0000] {processor.py:830} INFO - Processing file /root/.cache/pypoetry/virtualenvs/freeprise-matchmaker-BsnH11MF-py3.8/lib/python3.8/site-packages/airflow/example_dags/example_external_task_marker_dag.py for tasks to queue
[2024-07-25T07:56:42.498+0000] {logging_mixin.py:188} INFO - [2024-07-25T07:56:42.497+0000] {dagbag.py:545} INFO - Filling up the DagBag from /root/.cache/pypoetry/virtualenvs/freeprise-matchmaker-BsnH11MF-py3.8/lib/python3.8/site-packages/airflow/example_dags/example_external_task_marker_dag.py
[2024-07-25T07:56:42.509+0000] {processor.py:840} INFO - DAG(s) 'example_external_task_marker_child', 'example_external_task_marker_parent' retrieved from /root/.cache/pypoetry/virtualenvs/freeprise-matchmaker-BsnH11MF-py3.8/lib/python3.8/site-packages/airflow/example_dags/example_external_task_marker_dag.py
[2024-07-25T07:56:42.566+0000] {logging_mixin.py:188} INFO - [2024-07-25T07:56:42.565+0000] {dag.py:3089} INFO - Sync 2 DAGs
[2024-07-25T07:56:42.589+0000] {logging_mixin.py:188} INFO - [2024-07-25T07:56:42.588+0000] {dag.py:3947} INFO - Setting next_dagrun for example_external_task_marker_child to None, run_after=None
[2024-07-25T07:56:42.596+0000] {logging_mixin.py:188} INFO - [2024-07-25T07:56:42.596+0000] {dag.py:3947} INFO - Setting next_dagrun for example_external_task_marker_parent to None, run_after=None
[2024-07-25T07:56:42.621+0000] {processor.py:183} INFO - Processing /root/.cache/pypoetry/virtualenvs/freeprise-matchmaker-BsnH11MF-py3.8/lib/python3.8/site-packages/airflow/example_dags/example_external_task_marker_dag.py took 0.144 seconds
[2024-07-25T07:57:12.679+0000] {processor.py:161} INFO - Started process (PID=3795) to work on /root/.cache/pypoetry/virtualenvs/freeprise-matchmaker-BsnH11MF-py3.8/lib/python3.8/site-packages/airflow/example_dags/example_external_task_marker_dag.py
[2024-07-25T07:57:12.681+0000] {processor.py:830} INFO - Processing file /root/.cache/pypoetry/virtualenvs/freeprise-matchmaker-BsnH11MF-py3.8/lib/python3.8/site-packages/airflow/example_dags/example_external_task_marker_dag.py for tasks to queue
[2024-07-25T07:57:12.684+0000] {logging_mixin.py:188} INFO - [2024-07-25T07:57:12.683+0000] {dagbag.py:545} INFO - Filling up the DagBag from /root/.cache/pypoetry/virtualenvs/freeprise-matchmaker-BsnH11MF-py3.8/lib/python3.8/site-packages/airflow/example_dags/example_external_task_marker_dag.py
[2024-07-25T07:57:12.694+0000] {processor.py:840} INFO - DAG(s) 'example_external_task_marker_parent', 'example_external_task_marker_child' retrieved from /root/.cache/pypoetry/virtualenvs/freeprise-matchmaker-BsnH11MF-py3.8/lib/python3.8/site-packages/airflow/example_dags/example_external_task_marker_dag.py
[2024-07-25T07:57:12.742+0000] {logging_mixin.py:188} INFO - [2024-07-25T07:57:12.741+0000] {dag.py:3089} INFO - Sync 2 DAGs
[2024-07-25T07:57:12.763+0000] {logging_mixin.py:188} INFO - [2024-07-25T07:57:12.762+0000] {dag.py:3947} INFO - Setting next_dagrun for example_external_task_marker_child to None, run_after=None
[2024-07-25T07:57:12.771+0000] {logging_mixin.py:188} INFO - [2024-07-25T07:57:12.770+0000] {dag.py:3947} INFO - Setting next_dagrun for example_external_task_marker_parent to None, run_after=None
[2024-07-25T07:57:12.805+0000] {processor.py:183} INFO - Processing /root/.cache/pypoetry/virtualenvs/freeprise-matchmaker-BsnH11MF-py3.8/lib/python3.8/site-packages/airflow/example_dags/example_external_task_marker_dag.py took 0.141 seconds
[2024-07-25T07:57:43.262+0000] {processor.py:161} INFO - Started process (PID=4061) to work on /root/.cache/pypoetry/virtualenvs/freeprise-matchmaker-BsnH11MF-py3.8/lib/python3.8/site-packages/airflow/example_dags/example_external_task_marker_dag.py
[2024-07-25T07:57:43.266+0000] {processor.py:830} INFO - Processing file /root/.cache/pypoetry/virtualenvs/freeprise-matchmaker-BsnH11MF-py3.8/lib/python3.8/site-packages/airflow/example_dags/example_external_task_marker_dag.py for tasks to queue
[2024-07-25T07:57:43.269+0000] {logging_mixin.py:188} INFO - [2024-07-25T07:57:43.269+0000] {dagbag.py:545} INFO - Filling up the DagBag from /root/.cache/pypoetry/virtualenvs/freeprise-matchmaker-BsnH11MF-py3.8/lib/python3.8/site-packages/airflow/example_dags/example_external_task_marker_dag.py
[2024-07-25T07:57:43.283+0000] {processor.py:840} INFO - DAG(s) 'example_external_task_marker_child', 'example_external_task_marker_parent' retrieved from /root/.cache/pypoetry/virtualenvs/freeprise-matchmaker-BsnH11MF-py3.8/lib/python3.8/site-packages/airflow/example_dags/example_external_task_marker_dag.py
[2024-07-25T07:57:43.331+0000] {logging_mixin.py:188} INFO - [2024-07-25T07:57:43.330+0000] {dag.py:3089} INFO - Sync 2 DAGs
[2024-07-25T07:57:43.353+0000] {logging_mixin.py:188} INFO - [2024-07-25T07:57:43.352+0000] {dag.py:3947} INFO - Setting next_dagrun for example_external_task_marker_child to None, run_after=None
[2024-07-25T07:57:43.361+0000] {logging_mixin.py:188} INFO - [2024-07-25T07:57:43.361+0000] {dag.py:3947} INFO - Setting next_dagrun for example_external_task_marker_parent to None, run_after=None
[2024-07-25T07:57:43.388+0000] {processor.py:183} INFO - Processing /root/.cache/pypoetry/virtualenvs/freeprise-matchmaker-BsnH11MF-py3.8/lib/python3.8/site-packages/airflow/example_dags/example_external_task_marker_dag.py took 0.141 seconds
[2024-07-25T07:58:14.481+0000] {processor.py:161} INFO - Started process (PID=4332) to work on /root/.cache/pypoetry/virtualenvs/freeprise-matchmaker-BsnH11MF-py3.8/lib/python3.8/site-packages/airflow/example_dags/example_external_task_marker_dag.py
[2024-07-25T07:58:14.483+0000] {processor.py:830} INFO - Processing file /root/.cache/pypoetry/virtualenvs/freeprise-matchmaker-BsnH11MF-py3.8/lib/python3.8/site-packages/airflow/example_dags/example_external_task_marker_dag.py for tasks to queue
[2024-07-25T07:58:14.486+0000] {logging_mixin.py:188} INFO - [2024-07-25T07:58:14.486+0000] {dagbag.py:545} INFO - Filling up the DagBag from /root/.cache/pypoetry/virtualenvs/freeprise-matchmaker-BsnH11MF-py3.8/lib/python3.8/site-packages/airflow/example_dags/example_external_task_marker_dag.py
[2024-07-25T07:58:14.502+0000] {processor.py:840} INFO - DAG(s) 'example_external_task_marker_parent', 'example_external_task_marker_child' retrieved from /root/.cache/pypoetry/virtualenvs/freeprise-matchmaker-BsnH11MF-py3.8/lib/python3.8/site-packages/airflow/example_dags/example_external_task_marker_dag.py
[2024-07-25T07:58:14.549+0000] {logging_mixin.py:188} INFO - [2024-07-25T07:58:14.548+0000] {dag.py:3089} INFO - Sync 2 DAGs
[2024-07-25T07:58:14.571+0000] {logging_mixin.py:188} INFO - [2024-07-25T07:58:14.570+0000] {dag.py:3947} INFO - Setting next_dagrun for example_external_task_marker_child to None, run_after=None
[2024-07-25T07:58:14.576+0000] {logging_mixin.py:188} INFO - [2024-07-25T07:58:14.576+0000] {dag.py:3947} INFO - Setting next_dagrun for example_external_task_marker_parent to None, run_after=None
[2024-07-25T07:58:14.602+0000] {processor.py:183} INFO - Processing /root/.cache/pypoetry/virtualenvs/freeprise-matchmaker-BsnH11MF-py3.8/lib/python3.8/site-packages/airflow/example_dags/example_external_task_marker_dag.py took 0.136 seconds
[2024-07-25T07:58:44.948+0000] {processor.py:161} INFO - Started process (PID=4598) to work on /root/.cache/pypoetry/virtualenvs/freeprise-matchmaker-BsnH11MF-py3.8/lib/python3.8/site-packages/airflow/example_dags/example_external_task_marker_dag.py
[2024-07-25T07:58:44.951+0000] {processor.py:830} INFO - Processing file /root/.cache/pypoetry/virtualenvs/freeprise-matchmaker-BsnH11MF-py3.8/lib/python3.8/site-packages/airflow/example_dags/example_external_task_marker_dag.py for tasks to queue
[2024-07-25T07:58:44.954+0000] {logging_mixin.py:188} INFO - [2024-07-25T07:58:44.954+0000] {dagbag.py:545} INFO - Filling up the DagBag from /root/.cache/pypoetry/virtualenvs/freeprise-matchmaker-BsnH11MF-py3.8/lib/python3.8/site-packages/airflow/example_dags/example_external_task_marker_dag.py
[2024-07-25T07:58:44.968+0000] {processor.py:840} INFO - DAG(s) 'example_external_task_marker_parent', 'example_external_task_marker_child' retrieved from /root/.cache/pypoetry/virtualenvs/freeprise-matchmaker-BsnH11MF-py3.8/lib/python3.8/site-packages/airflow/example_dags/example_external_task_marker_dag.py
[2024-07-25T07:58:45.024+0000] {logging_mixin.py:188} INFO - [2024-07-25T07:58:45.023+0000] {dag.py:3089} INFO - Sync 2 DAGs
[2024-07-25T07:58:45.046+0000] {logging_mixin.py:188} INFO - [2024-07-25T07:58:45.046+0000] {dag.py:3947} INFO - Setting next_dagrun for example_external_task_marker_child to None, run_after=None
[2024-07-25T07:58:45.052+0000] {logging_mixin.py:188} INFO - [2024-07-25T07:58:45.052+0000] {dag.py:3947} INFO - Setting next_dagrun for example_external_task_marker_parent to None, run_after=None
[2024-07-25T07:58:45.079+0000] {processor.py:183} INFO - Processing /root/.cache/pypoetry/virtualenvs/freeprise-matchmaker-BsnH11MF-py3.8/lib/python3.8/site-packages/airflow/example_dags/example_external_task_marker_dag.py took 0.148 seconds
[2024-07-25T07:59:15.573+0000] {processor.py:161} INFO - Started process (PID=4864) to work on /root/.cache/pypoetry/virtualenvs/freeprise-matchmaker-BsnH11MF-py3.8/lib/python3.8/site-packages/airflow/example_dags/example_external_task_marker_dag.py
[2024-07-25T07:59:15.575+0000] {processor.py:830} INFO - Processing file /root/.cache/pypoetry/virtualenvs/freeprise-matchmaker-BsnH11MF-py3.8/lib/python3.8/site-packages/airflow/example_dags/example_external_task_marker_dag.py for tasks to queue
[2024-07-25T07:59:15.578+0000] {logging_mixin.py:188} INFO - [2024-07-25T07:59:15.578+0000] {dagbag.py:545} INFO - Filling up the DagBag from /root/.cache/pypoetry/virtualenvs/freeprise-matchmaker-BsnH11MF-py3.8/lib/python3.8/site-packages/airflow/example_dags/example_external_task_marker_dag.py
[2024-07-25T07:59:15.592+0000] {processor.py:840} INFO - DAG(s) 'example_external_task_marker_child', 'example_external_task_marker_parent' retrieved from /root/.cache/pypoetry/virtualenvs/freeprise-matchmaker-BsnH11MF-py3.8/lib/python3.8/site-packages/airflow/example_dags/example_external_task_marker_dag.py
[2024-07-25T07:59:15.658+0000] {logging_mixin.py:188} INFO - [2024-07-25T07:59:15.657+0000] {dag.py:3089} INFO - Sync 2 DAGs
[2024-07-25T07:59:15.692+0000] {logging_mixin.py:188} INFO - [2024-07-25T07:59:15.692+0000] {dag.py:3947} INFO - Setting next_dagrun for example_external_task_marker_child to None, run_after=None
[2024-07-25T07:59:15.701+0000] {logging_mixin.py:188} INFO - [2024-07-25T07:59:15.701+0000] {dag.py:3947} INFO - Setting next_dagrun for example_external_task_marker_parent to None, run_after=None
[2024-07-25T07:59:15.735+0000] {processor.py:183} INFO - Processing /root/.cache/pypoetry/virtualenvs/freeprise-matchmaker-BsnH11MF-py3.8/lib/python3.8/site-packages/airflow/example_dags/example_external_task_marker_dag.py took 0.176 seconds
[2024-07-25T07:59:46.340+0000] {processor.py:161} INFO - Started process (PID=5130) to work on /root/.cache/pypoetry/virtualenvs/freeprise-matchmaker-BsnH11MF-py3.8/lib/python3.8/site-packages/airflow/example_dags/example_external_task_marker_dag.py
[2024-07-25T07:59:46.343+0000] {processor.py:830} INFO - Processing file /root/.cache/pypoetry/virtualenvs/freeprise-matchmaker-BsnH11MF-py3.8/lib/python3.8/site-packages/airflow/example_dags/example_external_task_marker_dag.py for tasks to queue
[2024-07-25T07:59:46.346+0000] {logging_mixin.py:188} INFO - [2024-07-25T07:59:46.346+0000] {dagbag.py:545} INFO - Filling up the DagBag from /root/.cache/pypoetry/virtualenvs/freeprise-matchmaker-BsnH11MF-py3.8/lib/python3.8/site-packages/airflow/example_dags/example_external_task_marker_dag.py
[2024-07-25T07:59:46.358+0000] {processor.py:840} INFO - DAG(s) 'example_external_task_marker_parent', 'example_external_task_marker_child' retrieved from /root/.cache/pypoetry/virtualenvs/freeprise-matchmaker-BsnH11MF-py3.8/lib/python3.8/site-packages/airflow/example_dags/example_external_task_marker_dag.py
[2024-07-25T07:59:46.429+0000] {logging_mixin.py:188} INFO - [2024-07-25T07:59:46.429+0000] {dag.py:3089} INFO - Sync 2 DAGs
[2024-07-25T07:59:46.462+0000] {logging_mixin.py:188} INFO - [2024-07-25T07:59:46.461+0000] {dag.py:3947} INFO - Setting next_dagrun for example_external_task_marker_child to None, run_after=None
[2024-07-25T07:59:46.471+0000] {logging_mixin.py:188} INFO - [2024-07-25T07:59:46.471+0000] {dag.py:3947} INFO - Setting next_dagrun for example_external_task_marker_parent to None, run_after=None
[2024-07-25T07:59:46.505+0000] {processor.py:183} INFO - Processing /root/.cache/pypoetry/virtualenvs/freeprise-matchmaker-BsnH11MF-py3.8/lib/python3.8/site-packages/airflow/example_dags/example_external_task_marker_dag.py took 0.178 seconds
[2024-07-25T08:00:17.483+0000] {processor.py:161} INFO - Started process (PID=5396) to work on /root/.cache/pypoetry/virtualenvs/freeprise-matchmaker-BsnH11MF-py3.8/lib/python3.8/site-packages/airflow/example_dags/example_external_task_marker_dag.py
[2024-07-25T08:00:17.489+0000] {processor.py:830} INFO - Processing file /root/.cache/pypoetry/virtualenvs/freeprise-matchmaker-BsnH11MF-py3.8/lib/python3.8/site-packages/airflow/example_dags/example_external_task_marker_dag.py for tasks to queue
[2024-07-25T08:00:17.491+0000] {logging_mixin.py:188} INFO - [2024-07-25T08:00:17.491+0000] {dagbag.py:545} INFO - Filling up the DagBag from /root/.cache/pypoetry/virtualenvs/freeprise-matchmaker-BsnH11MF-py3.8/lib/python3.8/site-packages/airflow/example_dags/example_external_task_marker_dag.py
[2024-07-25T08:00:17.502+0000] {processor.py:840} INFO - DAG(s) 'example_external_task_marker_child', 'example_external_task_marker_parent' retrieved from /root/.cache/pypoetry/virtualenvs/freeprise-matchmaker-BsnH11MF-py3.8/lib/python3.8/site-packages/airflow/example_dags/example_external_task_marker_dag.py
[2024-07-25T08:00:17.557+0000] {logging_mixin.py:188} INFO - [2024-07-25T08:00:17.557+0000] {dag.py:3089} INFO - Sync 2 DAGs
[2024-07-25T08:00:17.584+0000] {logging_mixin.py:188} INFO - [2024-07-25T08:00:17.583+0000] {dag.py:3947} INFO - Setting next_dagrun for example_external_task_marker_child to None, run_after=None
[2024-07-25T08:00:17.591+0000] {logging_mixin.py:188} INFO - [2024-07-25T08:00:17.590+0000] {dag.py:3947} INFO - Setting next_dagrun for example_external_task_marker_parent to None, run_after=None
[2024-07-25T08:00:17.620+0000] {processor.py:183} INFO - Processing /root/.cache/pypoetry/virtualenvs/freeprise-matchmaker-BsnH11MF-py3.8/lib/python3.8/site-packages/airflow/example_dags/example_external_task_marker_dag.py took 0.152 seconds
[2024-07-25T08:00:52.799+0000] {processor.py:161} INFO - Started process (PID=5662) to work on /root/.cache/pypoetry/virtualenvs/freeprise-matchmaker-BsnH11MF-py3.8/lib/python3.8/site-packages/airflow/example_dags/example_external_task_marker_dag.py
[2024-07-25T08:00:52.805+0000] {processor.py:830} INFO - Processing file /root/.cache/pypoetry/virtualenvs/freeprise-matchmaker-BsnH11MF-py3.8/lib/python3.8/site-packages/airflow/example_dags/example_external_task_marker_dag.py for tasks to queue
[2024-07-25T08:00:52.816+0000] {logging_mixin.py:188} INFO - [2024-07-25T08:00:52.814+0000] {dagbag.py:545} INFO - Filling up the DagBag from /root/.cache/pypoetry/virtualenvs/freeprise-matchmaker-BsnH11MF-py3.8/lib/python3.8/site-packages/airflow/example_dags/example_external_task_marker_dag.py
[2024-07-25T08:00:52.857+0000] {processor.py:840} INFO - DAG(s) 'example_external_task_marker_child', 'example_external_task_marker_parent' retrieved from /root/.cache/pypoetry/virtualenvs/freeprise-matchmaker-BsnH11MF-py3.8/lib/python3.8/site-packages/airflow/example_dags/example_external_task_marker_dag.py
[2024-07-25T08:00:53.002+0000] {logging_mixin.py:188} INFO - [2024-07-25T08:00:53.001+0000] {dag.py:3089} INFO - Sync 2 DAGs
[2024-07-25T08:00:53.075+0000] {logging_mixin.py:188} INFO - [2024-07-25T08:00:53.074+0000] {dag.py:3947} INFO - Setting next_dagrun for example_external_task_marker_child to None, run_after=None
[2024-07-25T08:00:53.092+0000] {logging_mixin.py:188} INFO - [2024-07-25T08:00:53.091+0000] {dag.py:3947} INFO - Setting next_dagrun for example_external_task_marker_parent to None, run_after=None
[2024-07-25T08:00:53.171+0000] {processor.py:183} INFO - Processing /root/.cache/pypoetry/virtualenvs/freeprise-matchmaker-BsnH11MF-py3.8/lib/python3.8/site-packages/airflow/example_dags/example_external_task_marker_dag.py took 0.423 seconds
