[2024-07-25T07:50:30.518+0000] {processor.py:161} INFO - Started process (PID=302) to work on /root/.cache/pypoetry/virtualenvs/freeprise-matchmaker-BsnH11MF-py3.8/lib/python3.8/site-packages/airflow/example_dags/example_sensor_decorator.py
[2024-07-25T07:50:30.519+0000] {processor.py:830} INFO - Processing file /root/.cache/pypoetry/virtualenvs/freeprise-matchmaker-BsnH11MF-py3.8/lib/python3.8/site-packages/airflow/example_dags/example_sensor_decorator.py for tasks to queue
[2024-07-25T07:50:30.522+0000] {logging_mixin.py:188} INFO - [2024-07-25T07:50:30.522+0000] {dagbag.py:545} INFO - Filling up the DagBag from /root/.cache/pypoetry/virtualenvs/freeprise-matchmaker-BsnH11MF-py3.8/lib/python3.8/site-packages/airflow/example_dags/example_sensor_decorator.py
[2024-07-25T07:50:30.538+0000] {processor.py:840} INFO - DAG(s) 'example_sensor_decorator' retrieved from /root/.cache/pypoetry/virtualenvs/freeprise-matchmaker-BsnH11MF-py3.8/lib/python3.8/site-packages/airflow/example_dags/example_sensor_decorator.py
[2024-07-25T07:50:30.569+0000] {logging_mixin.py:188} INFO - [2024-07-25T07:50:30.568+0000] {dag.py:3089} INFO - Sync 1 DAGs
[2024-07-25T07:50:30.595+0000] {logging_mixin.py:188} INFO - [2024-07-25T07:50:30.595+0000] {dag.py:3947} INFO - Setting next_dagrun for example_sensor_decorator to None, run_after=None
[2024-07-25T07:50:30.632+0000] {processor.py:183} INFO - Processing /root/.cache/pypoetry/virtualenvs/freeprise-matchmaker-BsnH11MF-py3.8/lib/python3.8/site-packages/airflow/example_dags/example_sensor_decorator.py took 0.127 seconds
[2024-07-25T07:51:05.187+0000] {processor.py:161} INFO - Started process (PID=570) to work on /root/.cache/pypoetry/virtualenvs/freeprise-matchmaker-BsnH11MF-py3.8/lib/python3.8/site-packages/airflow/example_dags/example_sensor_decorator.py
[2024-07-25T07:51:05.190+0000] {processor.py:830} INFO - Processing file /root/.cache/pypoetry/virtualenvs/freeprise-matchmaker-BsnH11MF-py3.8/lib/python3.8/site-packages/airflow/example_dags/example_sensor_decorator.py for tasks to queue
[2024-07-25T07:51:05.192+0000] {logging_mixin.py:188} INFO - [2024-07-25T07:51:05.191+0000] {dagbag.py:545} INFO - Filling up the DagBag from /root/.cache/pypoetry/virtualenvs/freeprise-matchmaker-BsnH11MF-py3.8/lib/python3.8/site-packages/airflow/example_dags/example_sensor_decorator.py
[2024-07-25T07:51:05.201+0000] {processor.py:840} INFO - DAG(s) 'example_sensor_decorator' retrieved from /root/.cache/pypoetry/virtualenvs/freeprise-matchmaker-BsnH11MF-py3.8/lib/python3.8/site-packages/airflow/example_dags/example_sensor_decorator.py
[2024-07-25T07:51:05.516+0000] {logging_mixin.py:188} INFO - [2024-07-25T07:51:05.516+0000] {dag.py:3089} INFO - Sync 1 DAGs
[2024-07-25T07:51:05.532+0000] {logging_mixin.py:188} INFO - [2024-07-25T07:51:05.531+0000] {dag.py:3947} INFO - Setting next_dagrun for example_sensor_decorator to None, run_after=None
[2024-07-25T07:51:05.559+0000] {processor.py:183} INFO - Processing /root/.cache/pypoetry/virtualenvs/freeprise-matchmaker-BsnH11MF-py3.8/lib/python3.8/site-packages/airflow/example_dags/example_sensor_decorator.py took 0.387 seconds
[2024-07-25T07:51:36.428+0000] {processor.py:161} INFO - Started process (PID=836) to work on /root/.cache/pypoetry/virtualenvs/freeprise-matchmaker-BsnH11MF-py3.8/lib/python3.8/site-packages/airflow/example_dags/example_sensor_decorator.py
[2024-07-25T07:51:36.430+0000] {processor.py:830} INFO - Processing file /root/.cache/pypoetry/virtualenvs/freeprise-matchmaker-BsnH11MF-py3.8/lib/python3.8/site-packages/airflow/example_dags/example_sensor_decorator.py for tasks to queue
[2024-07-25T07:51:36.433+0000] {logging_mixin.py:188} INFO - [2024-07-25T07:51:36.433+0000] {dagbag.py:545} INFO - Filling up the DagBag from /root/.cache/pypoetry/virtualenvs/freeprise-matchmaker-BsnH11MF-py3.8/lib/python3.8/site-packages/airflow/example_dags/example_sensor_decorator.py
[2024-07-25T07:51:36.447+0000] {processor.py:840} INFO - DAG(s) 'example_sensor_decorator' retrieved from /root/.cache/pypoetry/virtualenvs/freeprise-matchmaker-BsnH11MF-py3.8/lib/python3.8/site-packages/airflow/example_dags/example_sensor_decorator.py
[2024-07-25T07:51:36.489+0000] {logging_mixin.py:188} INFO - [2024-07-25T07:51:36.489+0000] {dag.py:3089} INFO - Sync 1 DAGs
[2024-07-25T07:51:36.510+0000] {logging_mixin.py:188} INFO - [2024-07-25T07:51:36.510+0000] {dag.py:3947} INFO - Setting next_dagrun for example_sensor_decorator to None, run_after=None
[2024-07-25T07:51:36.539+0000] {processor.py:183} INFO - Processing /root/.cache/pypoetry/virtualenvs/freeprise-matchmaker-BsnH11MF-py3.8/lib/python3.8/site-packages/airflow/example_dags/example_sensor_decorator.py took 0.128 seconds
[2024-07-25T07:52:07.009+0000] {processor.py:161} INFO - Started process (PID=1102) to work on /root/.cache/pypoetry/virtualenvs/freeprise-matchmaker-BsnH11MF-py3.8/lib/python3.8/site-packages/airflow/example_dags/example_sensor_decorator.py
[2024-07-25T07:52:07.011+0000] {processor.py:830} INFO - Processing file /root/.cache/pypoetry/virtualenvs/freeprise-matchmaker-BsnH11MF-py3.8/lib/python3.8/site-packages/airflow/example_dags/example_sensor_decorator.py for tasks to queue
[2024-07-25T07:52:07.014+0000] {logging_mixin.py:188} INFO - [2024-07-25T07:52:07.014+0000] {dagbag.py:545} INFO - Filling up the DagBag from /root/.cache/pypoetry/virtualenvs/freeprise-matchmaker-BsnH11MF-py3.8/lib/python3.8/site-packages/airflow/example_dags/example_sensor_decorator.py
[2024-07-25T07:52:07.024+0000] {processor.py:840} INFO - DAG(s) 'example_sensor_decorator' retrieved from /root/.cache/pypoetry/virtualenvs/freeprise-matchmaker-BsnH11MF-py3.8/lib/python3.8/site-packages/airflow/example_dags/example_sensor_decorator.py
[2024-07-25T07:52:07.067+0000] {logging_mixin.py:188} INFO - [2024-07-25T07:52:07.066+0000] {dag.py:3089} INFO - Sync 1 DAGs
[2024-07-25T07:52:07.087+0000] {logging_mixin.py:188} INFO - [2024-07-25T07:52:07.087+0000] {dag.py:3947} INFO - Setting next_dagrun for example_sensor_decorator to None, run_after=None
[2024-07-25T07:52:07.117+0000] {processor.py:183} INFO - Processing /root/.cache/pypoetry/virtualenvs/freeprise-matchmaker-BsnH11MF-py3.8/lib/python3.8/site-packages/airflow/example_dags/example_sensor_decorator.py took 0.124 seconds
[2024-07-25T07:52:37.166+0000] {processor.py:161} INFO - Started process (PID=1368) to work on /root/.cache/pypoetry/virtualenvs/freeprise-matchmaker-BsnH11MF-py3.8/lib/python3.8/site-packages/airflow/example_dags/example_sensor_decorator.py
[2024-07-25T07:52:37.168+0000] {processor.py:830} INFO - Processing file /root/.cache/pypoetry/virtualenvs/freeprise-matchmaker-BsnH11MF-py3.8/lib/python3.8/site-packages/airflow/example_dags/example_sensor_decorator.py for tasks to queue
[2024-07-25T07:52:37.170+0000] {logging_mixin.py:188} INFO - [2024-07-25T07:52:37.170+0000] {dagbag.py:545} INFO - Filling up the DagBag from /root/.cache/pypoetry/virtualenvs/freeprise-matchmaker-BsnH11MF-py3.8/lib/python3.8/site-packages/airflow/example_dags/example_sensor_decorator.py
[2024-07-25T07:52:37.180+0000] {processor.py:840} INFO - DAG(s) 'example_sensor_decorator' retrieved from /root/.cache/pypoetry/virtualenvs/freeprise-matchmaker-BsnH11MF-py3.8/lib/python3.8/site-packages/airflow/example_dags/example_sensor_decorator.py
[2024-07-25T07:52:37.219+0000] {logging_mixin.py:188} INFO - [2024-07-25T07:52:37.218+0000] {dag.py:3089} INFO - Sync 1 DAGs
[2024-07-25T07:52:37.239+0000] {logging_mixin.py:188} INFO - [2024-07-25T07:52:37.238+0000] {dag.py:3947} INFO - Setting next_dagrun for example_sensor_decorator to None, run_after=None
[2024-07-25T07:52:37.267+0000] {processor.py:183} INFO - Processing /root/.cache/pypoetry/virtualenvs/freeprise-matchmaker-BsnH11MF-py3.8/lib/python3.8/site-packages/airflow/example_dags/example_sensor_decorator.py took 0.114 seconds
[2024-07-25T07:53:07.979+0000] {processor.py:161} INFO - Started process (PID=1632) to work on /root/.cache/pypoetry/virtualenvs/freeprise-matchmaker-BsnH11MF-py3.8/lib/python3.8/site-packages/airflow/example_dags/example_sensor_decorator.py
[2024-07-25T07:53:07.982+0000] {processor.py:830} INFO - Processing file /root/.cache/pypoetry/virtualenvs/freeprise-matchmaker-BsnH11MF-py3.8/lib/python3.8/site-packages/airflow/example_dags/example_sensor_decorator.py for tasks to queue
[2024-07-25T07:53:07.985+0000] {logging_mixin.py:188} INFO - [2024-07-25T07:53:07.985+0000] {dagbag.py:545} INFO - Filling up the DagBag from /root/.cache/pypoetry/virtualenvs/freeprise-matchmaker-BsnH11MF-py3.8/lib/python3.8/site-packages/airflow/example_dags/example_sensor_decorator.py
[2024-07-25T07:53:07.997+0000] {processor.py:840} INFO - DAG(s) 'example_sensor_decorator' retrieved from /root/.cache/pypoetry/virtualenvs/freeprise-matchmaker-BsnH11MF-py3.8/lib/python3.8/site-packages/airflow/example_dags/example_sensor_decorator.py
[2024-07-25T07:53:08.040+0000] {logging_mixin.py:188} INFO - [2024-07-25T07:53:08.040+0000] {dag.py:3089} INFO - Sync 1 DAGs
[2024-07-25T07:53:08.062+0000] {logging_mixin.py:188} INFO - [2024-07-25T07:53:08.062+0000] {dag.py:3947} INFO - Setting next_dagrun for example_sensor_decorator to None, run_after=None
[2024-07-25T07:53:08.091+0000] {processor.py:183} INFO - Processing /root/.cache/pypoetry/virtualenvs/freeprise-matchmaker-BsnH11MF-py3.8/lib/python3.8/site-packages/airflow/example_dags/example_sensor_decorator.py took 0.127 seconds
[2024-07-25T07:53:38.704+0000] {processor.py:161} INFO - Started process (PID=1900) to work on /root/.cache/pypoetry/virtualenvs/freeprise-matchmaker-BsnH11MF-py3.8/lib/python3.8/site-packages/airflow/example_dags/example_sensor_decorator.py
[2024-07-25T07:53:38.706+0000] {processor.py:830} INFO - Processing file /root/.cache/pypoetry/virtualenvs/freeprise-matchmaker-BsnH11MF-py3.8/lib/python3.8/site-packages/airflow/example_dags/example_sensor_decorator.py for tasks to queue
[2024-07-25T07:53:38.709+0000] {logging_mixin.py:188} INFO - [2024-07-25T07:53:38.708+0000] {dagbag.py:545} INFO - Filling up the DagBag from /root/.cache/pypoetry/virtualenvs/freeprise-matchmaker-BsnH11MF-py3.8/lib/python3.8/site-packages/airflow/example_dags/example_sensor_decorator.py
[2024-07-25T07:53:38.719+0000] {processor.py:840} INFO - DAG(s) 'example_sensor_decorator' retrieved from /root/.cache/pypoetry/virtualenvs/freeprise-matchmaker-BsnH11MF-py3.8/lib/python3.8/site-packages/airflow/example_dags/example_sensor_decorator.py
[2024-07-25T07:53:38.760+0000] {logging_mixin.py:188} INFO - [2024-07-25T07:53:38.760+0000] {dag.py:3089} INFO - Sync 1 DAGs
[2024-07-25T07:53:38.782+0000] {logging_mixin.py:188} INFO - [2024-07-25T07:53:38.782+0000] {dag.py:3947} INFO - Setting next_dagrun for example_sensor_decorator to None, run_after=None
[2024-07-25T07:53:38.811+0000] {processor.py:183} INFO - Processing /root/.cache/pypoetry/virtualenvs/freeprise-matchmaker-BsnH11MF-py3.8/lib/python3.8/site-packages/airflow/example_dags/example_sensor_decorator.py took 0.119 seconds
[2024-07-25T07:54:09.056+0000] {processor.py:161} INFO - Started process (PID=2164) to work on /root/.cache/pypoetry/virtualenvs/freeprise-matchmaker-BsnH11MF-py3.8/lib/python3.8/site-packages/airflow/example_dags/example_sensor_decorator.py
[2024-07-25T07:54:09.059+0000] {processor.py:830} INFO - Processing file /root/.cache/pypoetry/virtualenvs/freeprise-matchmaker-BsnH11MF-py3.8/lib/python3.8/site-packages/airflow/example_dags/example_sensor_decorator.py for tasks to queue
[2024-07-25T07:54:09.062+0000] {logging_mixin.py:188} INFO - [2024-07-25T07:54:09.061+0000] {dagbag.py:545} INFO - Filling up the DagBag from /root/.cache/pypoetry/virtualenvs/freeprise-matchmaker-BsnH11MF-py3.8/lib/python3.8/site-packages/airflow/example_dags/example_sensor_decorator.py
[2024-07-25T07:54:09.075+0000] {processor.py:840} INFO - DAG(s) 'example_sensor_decorator' retrieved from /root/.cache/pypoetry/virtualenvs/freeprise-matchmaker-BsnH11MF-py3.8/lib/python3.8/site-packages/airflow/example_dags/example_sensor_decorator.py
[2024-07-25T07:54:09.115+0000] {logging_mixin.py:188} INFO - [2024-07-25T07:54:09.115+0000] {dag.py:3089} INFO - Sync 1 DAGs
[2024-07-25T07:54:09.135+0000] {logging_mixin.py:188} INFO - [2024-07-25T07:54:09.135+0000] {dag.py:3947} INFO - Setting next_dagrun for example_sensor_decorator to None, run_after=None
[2024-07-25T07:54:09.166+0000] {processor.py:183} INFO - Processing /root/.cache/pypoetry/virtualenvs/freeprise-matchmaker-BsnH11MF-py3.8/lib/python3.8/site-packages/airflow/example_dags/example_sensor_decorator.py took 0.122 seconds
[2024-07-25T07:54:39.613+0000] {processor.py:161} INFO - Started process (PID=2432) to work on /root/.cache/pypoetry/virtualenvs/freeprise-matchmaker-BsnH11MF-py3.8/lib/python3.8/site-packages/airflow/example_dags/example_sensor_decorator.py
[2024-07-25T07:54:39.615+0000] {processor.py:830} INFO - Processing file /root/.cache/pypoetry/virtualenvs/freeprise-matchmaker-BsnH11MF-py3.8/lib/python3.8/site-packages/airflow/example_dags/example_sensor_decorator.py for tasks to queue
[2024-07-25T07:54:39.617+0000] {logging_mixin.py:188} INFO - [2024-07-25T07:54:39.617+0000] {dagbag.py:545} INFO - Filling up the DagBag from /root/.cache/pypoetry/virtualenvs/freeprise-matchmaker-BsnH11MF-py3.8/lib/python3.8/site-packages/airflow/example_dags/example_sensor_decorator.py
[2024-07-25T07:54:39.627+0000] {processor.py:840} INFO - DAG(s) 'example_sensor_decorator' retrieved from /root/.cache/pypoetry/virtualenvs/freeprise-matchmaker-BsnH11MF-py3.8/lib/python3.8/site-packages/airflow/example_dags/example_sensor_decorator.py
[2024-07-25T07:54:39.666+0000] {logging_mixin.py:188} INFO - [2024-07-25T07:54:39.665+0000] {dag.py:3089} INFO - Sync 1 DAGs
[2024-07-25T07:54:39.685+0000] {logging_mixin.py:188} INFO - [2024-07-25T07:54:39.685+0000] {dag.py:3947} INFO - Setting next_dagrun for example_sensor_decorator to None, run_after=None
[2024-07-25T07:54:39.712+0000] {processor.py:183} INFO - Processing /root/.cache/pypoetry/virtualenvs/freeprise-matchmaker-BsnH11MF-py3.8/lib/python3.8/site-packages/airflow/example_dags/example_sensor_decorator.py took 0.110 seconds
[2024-07-25T07:55:10.028+0000] {processor.py:161} INFO - Started process (PID=2698) to work on /root/.cache/pypoetry/virtualenvs/freeprise-matchmaker-BsnH11MF-py3.8/lib/python3.8/site-packages/airflow/example_dags/example_sensor_decorator.py
[2024-07-25T07:55:10.031+0000] {processor.py:830} INFO - Processing file /root/.cache/pypoetry/virtualenvs/freeprise-matchmaker-BsnH11MF-py3.8/lib/python3.8/site-packages/airflow/example_dags/example_sensor_decorator.py for tasks to queue
[2024-07-25T07:55:10.034+0000] {logging_mixin.py:188} INFO - [2024-07-25T07:55:10.034+0000] {dagbag.py:545} INFO - Filling up the DagBag from /root/.cache/pypoetry/virtualenvs/freeprise-matchmaker-BsnH11MF-py3.8/lib/python3.8/site-packages/airflow/example_dags/example_sensor_decorator.py
[2024-07-25T07:55:10.048+0000] {processor.py:840} INFO - DAG(s) 'example_sensor_decorator' retrieved from /root/.cache/pypoetry/virtualenvs/freeprise-matchmaker-BsnH11MF-py3.8/lib/python3.8/site-packages/airflow/example_dags/example_sensor_decorator.py
[2024-07-25T07:55:10.096+0000] {logging_mixin.py:188} INFO - [2024-07-25T07:55:10.096+0000] {dag.py:3089} INFO - Sync 1 DAGs
[2024-07-25T07:55:10.121+0000] {logging_mixin.py:188} INFO - [2024-07-25T07:55:10.121+0000] {dag.py:3947} INFO - Setting next_dagrun for example_sensor_decorator to None, run_after=None
[2024-07-25T07:55:10.153+0000] {processor.py:183} INFO - Processing /root/.cache/pypoetry/virtualenvs/freeprise-matchmaker-BsnH11MF-py3.8/lib/python3.8/site-packages/airflow/example_dags/example_sensor_decorator.py took 0.143 seconds
[2024-07-25T07:55:40.272+0000] {processor.py:161} INFO - Started process (PID=2962) to work on /root/.cache/pypoetry/virtualenvs/freeprise-matchmaker-BsnH11MF-py3.8/lib/python3.8/site-packages/airflow/example_dags/example_sensor_decorator.py
[2024-07-25T07:55:40.273+0000] {processor.py:830} INFO - Processing file /root/.cache/pypoetry/virtualenvs/freeprise-matchmaker-BsnH11MF-py3.8/lib/python3.8/site-packages/airflow/example_dags/example_sensor_decorator.py for tasks to queue
[2024-07-25T07:55:40.276+0000] {logging_mixin.py:188} INFO - [2024-07-25T07:55:40.275+0000] {dagbag.py:545} INFO - Filling up the DagBag from /root/.cache/pypoetry/virtualenvs/freeprise-matchmaker-BsnH11MF-py3.8/lib/python3.8/site-packages/airflow/example_dags/example_sensor_decorator.py
[2024-07-25T07:55:40.286+0000] {processor.py:840} INFO - DAG(s) 'example_sensor_decorator' retrieved from /root/.cache/pypoetry/virtualenvs/freeprise-matchmaker-BsnH11MF-py3.8/lib/python3.8/site-packages/airflow/example_dags/example_sensor_decorator.py
[2024-07-25T07:55:40.330+0000] {logging_mixin.py:188} INFO - [2024-07-25T07:55:40.330+0000] {dag.py:3089} INFO - Sync 1 DAGs
[2024-07-25T07:55:40.356+0000] {logging_mixin.py:188} INFO - [2024-07-25T07:55:40.355+0000] {dag.py:3947} INFO - Setting next_dagrun for example_sensor_decorator to None, run_after=None
[2024-07-25T07:55:40.389+0000] {processor.py:183} INFO - Processing /root/.cache/pypoetry/virtualenvs/freeprise-matchmaker-BsnH11MF-py3.8/lib/python3.8/site-packages/airflow/example_dags/example_sensor_decorator.py took 0.132 seconds
[2024-07-25T07:56:10.841+0000] {processor.py:161} INFO - Started process (PID=3228) to work on /root/.cache/pypoetry/virtualenvs/freeprise-matchmaker-BsnH11MF-py3.8/lib/python3.8/site-packages/airflow/example_dags/example_sensor_decorator.py
[2024-07-25T07:56:10.843+0000] {processor.py:830} INFO - Processing file /root/.cache/pypoetry/virtualenvs/freeprise-matchmaker-BsnH11MF-py3.8/lib/python3.8/site-packages/airflow/example_dags/example_sensor_decorator.py for tasks to queue
[2024-07-25T07:56:10.846+0000] {logging_mixin.py:188} INFO - [2024-07-25T07:56:10.845+0000] {dagbag.py:545} INFO - Filling up the DagBag from /root/.cache/pypoetry/virtualenvs/freeprise-matchmaker-BsnH11MF-py3.8/lib/python3.8/site-packages/airflow/example_dags/example_sensor_decorator.py
[2024-07-25T07:56:10.855+0000] {processor.py:840} INFO - DAG(s) 'example_sensor_decorator' retrieved from /root/.cache/pypoetry/virtualenvs/freeprise-matchmaker-BsnH11MF-py3.8/lib/python3.8/site-packages/airflow/example_dags/example_sensor_decorator.py
[2024-07-25T07:56:10.892+0000] {logging_mixin.py:188} INFO - [2024-07-25T07:56:10.892+0000] {dag.py:3089} INFO - Sync 1 DAGs
[2024-07-25T07:56:10.915+0000] {logging_mixin.py:188} INFO - [2024-07-25T07:56:10.914+0000] {dag.py:3947} INFO - Setting next_dagrun for example_sensor_decorator to None, run_after=None
[2024-07-25T07:56:10.945+0000] {processor.py:183} INFO - Processing /root/.cache/pypoetry/virtualenvs/freeprise-matchmaker-BsnH11MF-py3.8/lib/python3.8/site-packages/airflow/example_dags/example_sensor_decorator.py took 0.120 seconds
[2024-07-25T07:56:41.738+0000] {processor.py:161} INFO - Started process (PID=3494) to work on /root/.cache/pypoetry/virtualenvs/freeprise-matchmaker-BsnH11MF-py3.8/lib/python3.8/site-packages/airflow/example_dags/example_sensor_decorator.py
[2024-07-25T07:56:41.739+0000] {processor.py:830} INFO - Processing file /root/.cache/pypoetry/virtualenvs/freeprise-matchmaker-BsnH11MF-py3.8/lib/python3.8/site-packages/airflow/example_dags/example_sensor_decorator.py for tasks to queue
[2024-07-25T07:56:41.741+0000] {logging_mixin.py:188} INFO - [2024-07-25T07:56:41.741+0000] {dagbag.py:545} INFO - Filling up the DagBag from /root/.cache/pypoetry/virtualenvs/freeprise-matchmaker-BsnH11MF-py3.8/lib/python3.8/site-packages/airflow/example_dags/example_sensor_decorator.py
[2024-07-25T07:56:41.751+0000] {processor.py:840} INFO - DAG(s) 'example_sensor_decorator' retrieved from /root/.cache/pypoetry/virtualenvs/freeprise-matchmaker-BsnH11MF-py3.8/lib/python3.8/site-packages/airflow/example_dags/example_sensor_decorator.py
[2024-07-25T07:56:41.788+0000] {logging_mixin.py:188} INFO - [2024-07-25T07:56:41.787+0000] {dag.py:3089} INFO - Sync 1 DAGs
[2024-07-25T07:56:41.811+0000] {logging_mixin.py:188} INFO - [2024-07-25T07:56:41.811+0000] {dag.py:3947} INFO - Setting next_dagrun for example_sensor_decorator to None, run_after=None
[2024-07-25T07:56:41.840+0000] {processor.py:183} INFO - Processing /root/.cache/pypoetry/virtualenvs/freeprise-matchmaker-BsnH11MF-py3.8/lib/python3.8/site-packages/airflow/example_dags/example_sensor_decorator.py took 0.113 seconds
[2024-07-25T07:57:12.073+0000] {processor.py:161} INFO - Started process (PID=3760) to work on /root/.cache/pypoetry/virtualenvs/freeprise-matchmaker-BsnH11MF-py3.8/lib/python3.8/site-packages/airflow/example_dags/example_sensor_decorator.py
[2024-07-25T07:57:12.075+0000] {processor.py:830} INFO - Processing file /root/.cache/pypoetry/virtualenvs/freeprise-matchmaker-BsnH11MF-py3.8/lib/python3.8/site-packages/airflow/example_dags/example_sensor_decorator.py for tasks to queue
[2024-07-25T07:57:12.078+0000] {logging_mixin.py:188} INFO - [2024-07-25T07:57:12.077+0000] {dagbag.py:545} INFO - Filling up the DagBag from /root/.cache/pypoetry/virtualenvs/freeprise-matchmaker-BsnH11MF-py3.8/lib/python3.8/site-packages/airflow/example_dags/example_sensor_decorator.py
[2024-07-25T07:57:12.088+0000] {processor.py:840} INFO - DAG(s) 'example_sensor_decorator' retrieved from /root/.cache/pypoetry/virtualenvs/freeprise-matchmaker-BsnH11MF-py3.8/lib/python3.8/site-packages/airflow/example_dags/example_sensor_decorator.py
[2024-07-25T07:57:12.128+0000] {logging_mixin.py:188} INFO - [2024-07-25T07:57:12.127+0000] {dag.py:3089} INFO - Sync 1 DAGs
[2024-07-25T07:57:12.152+0000] {logging_mixin.py:188} INFO - [2024-07-25T07:57:12.151+0000] {dag.py:3947} INFO - Setting next_dagrun for example_sensor_decorator to None, run_after=None
[2024-07-25T07:57:12.188+0000] {processor.py:183} INFO - Processing /root/.cache/pypoetry/virtualenvs/freeprise-matchmaker-BsnH11MF-py3.8/lib/python3.8/site-packages/airflow/example_dags/example_sensor_decorator.py took 0.131 seconds
[2024-07-25T07:57:42.483+0000] {processor.py:161} INFO - Started process (PID=4026) to work on /root/.cache/pypoetry/virtualenvs/freeprise-matchmaker-BsnH11MF-py3.8/lib/python3.8/site-packages/airflow/example_dags/example_sensor_decorator.py
[2024-07-25T07:57:42.485+0000] {processor.py:830} INFO - Processing file /root/.cache/pypoetry/virtualenvs/freeprise-matchmaker-BsnH11MF-py3.8/lib/python3.8/site-packages/airflow/example_dags/example_sensor_decorator.py for tasks to queue
[2024-07-25T07:57:42.487+0000] {logging_mixin.py:188} INFO - [2024-07-25T07:57:42.487+0000] {dagbag.py:545} INFO - Filling up the DagBag from /root/.cache/pypoetry/virtualenvs/freeprise-matchmaker-BsnH11MF-py3.8/lib/python3.8/site-packages/airflow/example_dags/example_sensor_decorator.py
[2024-07-25T07:57:42.498+0000] {processor.py:840} INFO - DAG(s) 'example_sensor_decorator' retrieved from /root/.cache/pypoetry/virtualenvs/freeprise-matchmaker-BsnH11MF-py3.8/lib/python3.8/site-packages/airflow/example_dags/example_sensor_decorator.py
[2024-07-25T07:57:42.537+0000] {logging_mixin.py:188} INFO - [2024-07-25T07:57:42.537+0000] {dag.py:3089} INFO - Sync 1 DAGs
[2024-07-25T07:57:42.557+0000] {logging_mixin.py:188} INFO - [2024-07-25T07:57:42.557+0000] {dag.py:3947} INFO - Setting next_dagrun for example_sensor_decorator to None, run_after=None
[2024-07-25T07:57:42.585+0000] {processor.py:183} INFO - Processing /root/.cache/pypoetry/virtualenvs/freeprise-matchmaker-BsnH11MF-py3.8/lib/python3.8/site-packages/airflow/example_dags/example_sensor_decorator.py took 0.114 seconds
[2024-07-25T07:58:13.723+0000] {processor.py:161} INFO - Started process (PID=4292) to work on /root/.cache/pypoetry/virtualenvs/freeprise-matchmaker-BsnH11MF-py3.8/lib/python3.8/site-packages/airflow/example_dags/example_sensor_decorator.py
[2024-07-25T07:58:13.725+0000] {processor.py:830} INFO - Processing file /root/.cache/pypoetry/virtualenvs/freeprise-matchmaker-BsnH11MF-py3.8/lib/python3.8/site-packages/airflow/example_dags/example_sensor_decorator.py for tasks to queue
[2024-07-25T07:58:13.728+0000] {logging_mixin.py:188} INFO - [2024-07-25T07:58:13.728+0000] {dagbag.py:545} INFO - Filling up the DagBag from /root/.cache/pypoetry/virtualenvs/freeprise-matchmaker-BsnH11MF-py3.8/lib/python3.8/site-packages/airflow/example_dags/example_sensor_decorator.py
[2024-07-25T07:58:13.741+0000] {processor.py:840} INFO - DAG(s) 'example_sensor_decorator' retrieved from /root/.cache/pypoetry/virtualenvs/freeprise-matchmaker-BsnH11MF-py3.8/lib/python3.8/site-packages/airflow/example_dags/example_sensor_decorator.py
[2024-07-25T07:58:13.786+0000] {logging_mixin.py:188} INFO - [2024-07-25T07:58:13.785+0000] {dag.py:3089} INFO - Sync 1 DAGs
[2024-07-25T07:58:13.806+0000] {logging_mixin.py:188} INFO - [2024-07-25T07:58:13.806+0000] {dag.py:3947} INFO - Setting next_dagrun for example_sensor_decorator to None, run_after=None
[2024-07-25T07:58:13.836+0000] {processor.py:183} INFO - Processing /root/.cache/pypoetry/virtualenvs/freeprise-matchmaker-BsnH11MF-py3.8/lib/python3.8/site-packages/airflow/example_dags/example_sensor_decorator.py took 0.127 seconds
[2024-07-25T07:58:44.199+0000] {processor.py:161} INFO - Started process (PID=4558) to work on /root/.cache/pypoetry/virtualenvs/freeprise-matchmaker-BsnH11MF-py3.8/lib/python3.8/site-packages/airflow/example_dags/example_sensor_decorator.py
[2024-07-25T07:58:44.201+0000] {processor.py:830} INFO - Processing file /root/.cache/pypoetry/virtualenvs/freeprise-matchmaker-BsnH11MF-py3.8/lib/python3.8/site-packages/airflow/example_dags/example_sensor_decorator.py for tasks to queue
[2024-07-25T07:58:44.203+0000] {logging_mixin.py:188} INFO - [2024-07-25T07:58:44.203+0000] {dagbag.py:545} INFO - Filling up the DagBag from /root/.cache/pypoetry/virtualenvs/freeprise-matchmaker-BsnH11MF-py3.8/lib/python3.8/site-packages/airflow/example_dags/example_sensor_decorator.py
[2024-07-25T07:58:44.214+0000] {processor.py:840} INFO - DAG(s) 'example_sensor_decorator' retrieved from /root/.cache/pypoetry/virtualenvs/freeprise-matchmaker-BsnH11MF-py3.8/lib/python3.8/site-packages/airflow/example_dags/example_sensor_decorator.py
[2024-07-25T07:58:44.252+0000] {logging_mixin.py:188} INFO - [2024-07-25T07:58:44.252+0000] {dag.py:3089} INFO - Sync 1 DAGs
[2024-07-25T07:58:44.273+0000] {logging_mixin.py:188} INFO - [2024-07-25T07:58:44.273+0000] {dag.py:3947} INFO - Setting next_dagrun for example_sensor_decorator to None, run_after=None
[2024-07-25T07:58:44.304+0000] {processor.py:183} INFO - Processing /root/.cache/pypoetry/virtualenvs/freeprise-matchmaker-BsnH11MF-py3.8/lib/python3.8/site-packages/airflow/example_dags/example_sensor_decorator.py took 0.122 seconds
[2024-07-25T07:59:14.577+0000] {processor.py:161} INFO - Started process (PID=4824) to work on /root/.cache/pypoetry/virtualenvs/freeprise-matchmaker-BsnH11MF-py3.8/lib/python3.8/site-packages/airflow/example_dags/example_sensor_decorator.py
[2024-07-25T07:59:14.579+0000] {processor.py:830} INFO - Processing file /root/.cache/pypoetry/virtualenvs/freeprise-matchmaker-BsnH11MF-py3.8/lib/python3.8/site-packages/airflow/example_dags/example_sensor_decorator.py for tasks to queue
[2024-07-25T07:59:14.582+0000] {logging_mixin.py:188} INFO - [2024-07-25T07:59:14.581+0000] {dagbag.py:545} INFO - Filling up the DagBag from /root/.cache/pypoetry/virtualenvs/freeprise-matchmaker-BsnH11MF-py3.8/lib/python3.8/site-packages/airflow/example_dags/example_sensor_decorator.py
[2024-07-25T07:59:14.592+0000] {processor.py:840} INFO - DAG(s) 'example_sensor_decorator' retrieved from /root/.cache/pypoetry/virtualenvs/freeprise-matchmaker-BsnH11MF-py3.8/lib/python3.8/site-packages/airflow/example_dags/example_sensor_decorator.py
[2024-07-25T07:59:14.632+0000] {logging_mixin.py:188} INFO - [2024-07-25T07:59:14.631+0000] {dag.py:3089} INFO - Sync 1 DAGs
[2024-07-25T07:59:14.653+0000] {logging_mixin.py:188} INFO - [2024-07-25T07:59:14.653+0000] {dag.py:3947} INFO - Setting next_dagrun for example_sensor_decorator to None, run_after=None
[2024-07-25T07:59:14.683+0000] {processor.py:183} INFO - Processing /root/.cache/pypoetry/virtualenvs/freeprise-matchmaker-BsnH11MF-py3.8/lib/python3.8/site-packages/airflow/example_dags/example_sensor_decorator.py took 0.119 seconds
[2024-07-25T07:59:44.753+0000] {processor.py:161} INFO - Started process (PID=5082) to work on /root/.cache/pypoetry/virtualenvs/freeprise-matchmaker-BsnH11MF-py3.8/lib/python3.8/site-packages/airflow/example_dags/example_sensor_decorator.py
[2024-07-25T07:59:44.755+0000] {processor.py:830} INFO - Processing file /root/.cache/pypoetry/virtualenvs/freeprise-matchmaker-BsnH11MF-py3.8/lib/python3.8/site-packages/airflow/example_dags/example_sensor_decorator.py for tasks to queue
[2024-07-25T07:59:44.758+0000] {logging_mixin.py:188} INFO - [2024-07-25T07:59:44.757+0000] {dagbag.py:545} INFO - Filling up the DagBag from /root/.cache/pypoetry/virtualenvs/freeprise-matchmaker-BsnH11MF-py3.8/lib/python3.8/site-packages/airflow/example_dags/example_sensor_decorator.py
[2024-07-25T07:59:44.772+0000] {processor.py:840} INFO - DAG(s) 'example_sensor_decorator' retrieved from /root/.cache/pypoetry/virtualenvs/freeprise-matchmaker-BsnH11MF-py3.8/lib/python3.8/site-packages/airflow/example_dags/example_sensor_decorator.py
[2024-07-25T07:59:44.824+0000] {logging_mixin.py:188} INFO - [2024-07-25T07:59:44.823+0000] {dag.py:3089} INFO - Sync 1 DAGs
[2024-07-25T07:59:44.858+0000] {logging_mixin.py:188} INFO - [2024-07-25T07:59:44.858+0000] {dag.py:3947} INFO - Setting next_dagrun for example_sensor_decorator to None, run_after=None
[2024-07-25T07:59:44.898+0000] {processor.py:183} INFO - Processing /root/.cache/pypoetry/virtualenvs/freeprise-matchmaker-BsnH11MF-py3.8/lib/python3.8/site-packages/airflow/example_dags/example_sensor_decorator.py took 0.158 seconds
[2024-07-25T08:00:15.266+0000] {processor.py:161} INFO - Started process (PID=5350) to work on /root/.cache/pypoetry/virtualenvs/freeprise-matchmaker-BsnH11MF-py3.8/lib/python3.8/site-packages/airflow/example_dags/example_sensor_decorator.py
[2024-07-25T08:00:15.268+0000] {processor.py:830} INFO - Processing file /root/.cache/pypoetry/virtualenvs/freeprise-matchmaker-BsnH11MF-py3.8/lib/python3.8/site-packages/airflow/example_dags/example_sensor_decorator.py for tasks to queue
[2024-07-25T08:00:15.271+0000] {logging_mixin.py:188} INFO - [2024-07-25T08:00:15.271+0000] {dagbag.py:545} INFO - Filling up the DagBag from /root/.cache/pypoetry/virtualenvs/freeprise-matchmaker-BsnH11MF-py3.8/lib/python3.8/site-packages/airflow/example_dags/example_sensor_decorator.py
[2024-07-25T08:00:15.283+0000] {processor.py:840} INFO - DAG(s) 'example_sensor_decorator' retrieved from /root/.cache/pypoetry/virtualenvs/freeprise-matchmaker-BsnH11MF-py3.8/lib/python3.8/site-packages/airflow/example_dags/example_sensor_decorator.py
[2024-07-25T08:00:15.330+0000] {logging_mixin.py:188} INFO - [2024-07-25T08:00:15.329+0000] {dag.py:3089} INFO - Sync 1 DAGs
[2024-07-25T08:00:15.355+0000] {logging_mixin.py:188} INFO - [2024-07-25T08:00:15.355+0000] {dag.py:3947} INFO - Setting next_dagrun for example_sensor_decorator to None, run_after=None
[2024-07-25T08:00:15.386+0000] {processor.py:183} INFO - Processing /root/.cache/pypoetry/virtualenvs/freeprise-matchmaker-BsnH11MF-py3.8/lib/python3.8/site-packages/airflow/example_dags/example_sensor_decorator.py took 0.135 seconds
[2024-07-25T08:00:46.921+0000] {processor.py:161} INFO - Started process (PID=5614) to work on /root/.cache/pypoetry/virtualenvs/freeprise-matchmaker-BsnH11MF-py3.8/lib/python3.8/site-packages/airflow/example_dags/example_sensor_decorator.py
[2024-07-25T08:00:46.950+0000] {processor.py:830} INFO - Processing file /root/.cache/pypoetry/virtualenvs/freeprise-matchmaker-BsnH11MF-py3.8/lib/python3.8/site-packages/airflow/example_dags/example_sensor_decorator.py for tasks to queue
[2024-07-25T08:00:46.974+0000] {logging_mixin.py:188} INFO - [2024-07-25T08:00:46.972+0000] {dagbag.py:545} INFO - Filling up the DagBag from /root/.cache/pypoetry/virtualenvs/freeprise-matchmaker-BsnH11MF-py3.8/lib/python3.8/site-packages/airflow/example_dags/example_sensor_decorator.py
[2024-07-25T08:00:47.057+0000] {processor.py:840} INFO - DAG(s) 'example_sensor_decorator' retrieved from /root/.cache/pypoetry/virtualenvs/freeprise-matchmaker-BsnH11MF-py3.8/lib/python3.8/site-packages/airflow/example_dags/example_sensor_decorator.py
[2024-07-25T08:00:47.307+0000] {logging_mixin.py:188} INFO - [2024-07-25T08:00:47.305+0000] {dag.py:3089} INFO - Sync 1 DAGs
[2024-07-25T08:00:47.433+0000] {logging_mixin.py:188} INFO - [2024-07-25T08:00:47.430+0000] {dag.py:3947} INFO - Setting next_dagrun for example_sensor_decorator to None, run_after=None
[2024-07-25T08:00:47.579+0000] {processor.py:183} INFO - Processing /root/.cache/pypoetry/virtualenvs/freeprise-matchmaker-BsnH11MF-py3.8/lib/python3.8/site-packages/airflow/example_dags/example_sensor_decorator.py took 0.814 seconds
