[2024-07-25T07:50:30.841+0000] {processor.py:161} INFO - Started process (PID=322) to work on /root/.cache/pypoetry/virtualenvs/freeprise-matchmaker-BsnH11MF-py3.8/lib/python3.8/site-packages/airflow/example_dags/example_params_ui_tutorial.py
[2024-07-25T07:50:30.843+0000] {processor.py:830} INFO - Processing file /root/.cache/pypoetry/virtualenvs/freeprise-matchmaker-BsnH11MF-py3.8/lib/python3.8/site-packages/airflow/example_dags/example_params_ui_tutorial.py for tasks to queue
[2024-07-25T07:50:30.846+0000] {logging_mixin.py:188} INFO - [2024-07-25T07:50:30.845+0000] {dagbag.py:545} INFO - Filling up the DagBag from /root/.cache/pypoetry/virtualenvs/freeprise-matchmaker-BsnH11MF-py3.8/lib/python3.8/site-packages/airflow/example_dags/example_params_ui_tutorial.py
[2024-07-25T07:50:30.861+0000] {processor.py:840} INFO - DAG(s) 'example_params_ui_tutorial' retrieved from /root/.cache/pypoetry/virtualenvs/freeprise-matchmaker-BsnH11MF-py3.8/lib/python3.8/site-packages/airflow/example_dags/example_params_ui_tutorial.py
[2024-07-25T07:50:30.891+0000] {logging_mixin.py:188} INFO - [2024-07-25T07:50:30.891+0000] {dag.py:3089} INFO - Sync 1 DAGs
[2024-07-25T07:50:30.919+0000] {logging_mixin.py:188} INFO - [2024-07-25T07:50:30.919+0000] {dag.py:3947} INFO - Setting next_dagrun for example_params_ui_tutorial to None, run_after=None
[2024-07-25T07:50:30.949+0000] {processor.py:183} INFO - Processing /root/.cache/pypoetry/virtualenvs/freeprise-matchmaker-BsnH11MF-py3.8/lib/python3.8/site-packages/airflow/example_dags/example_params_ui_tutorial.py took 0.122 seconds
[2024-07-25T07:51:06.044+0000] {processor.py:161} INFO - Started process (PID=588) to work on /root/.cache/pypoetry/virtualenvs/freeprise-matchmaker-BsnH11MF-py3.8/lib/python3.8/site-packages/airflow/example_dags/example_params_ui_tutorial.py
[2024-07-25T07:51:06.047+0000] {processor.py:830} INFO - Processing file /root/.cache/pypoetry/virtualenvs/freeprise-matchmaker-BsnH11MF-py3.8/lib/python3.8/site-packages/airflow/example_dags/example_params_ui_tutorial.py for tasks to queue
[2024-07-25T07:51:06.050+0000] {logging_mixin.py:188} INFO - [2024-07-25T07:51:06.049+0000] {dagbag.py:545} INFO - Filling up the DagBag from /root/.cache/pypoetry/virtualenvs/freeprise-matchmaker-BsnH11MF-py3.8/lib/python3.8/site-packages/airflow/example_dags/example_params_ui_tutorial.py
[2024-07-25T07:51:06.067+0000] {processor.py:840} INFO - DAG(s) 'example_params_ui_tutorial' retrieved from /root/.cache/pypoetry/virtualenvs/freeprise-matchmaker-BsnH11MF-py3.8/lib/python3.8/site-packages/airflow/example_dags/example_params_ui_tutorial.py
[2024-07-25T07:51:06.469+0000] {logging_mixin.py:188} INFO - [2024-07-25T07:51:06.469+0000] {dag.py:3089} INFO - Sync 1 DAGs
[2024-07-25T07:51:06.486+0000] {logging_mixin.py:188} INFO - [2024-07-25T07:51:06.486+0000] {dag.py:3947} INFO - Setting next_dagrun for example_params_ui_tutorial to None, run_after=None
[2024-07-25T07:51:06.512+0000] {processor.py:183} INFO - Processing /root/.cache/pypoetry/virtualenvs/freeprise-matchmaker-BsnH11MF-py3.8/lib/python3.8/site-packages/airflow/example_dags/example_params_ui_tutorial.py took 0.483 seconds
[2024-07-25T07:51:36.889+0000] {processor.py:161} INFO - Started process (PID=861) to work on /root/.cache/pypoetry/virtualenvs/freeprise-matchmaker-BsnH11MF-py3.8/lib/python3.8/site-packages/airflow/example_dags/example_params_ui_tutorial.py
[2024-07-25T07:51:36.890+0000] {processor.py:830} INFO - Processing file /root/.cache/pypoetry/virtualenvs/freeprise-matchmaker-BsnH11MF-py3.8/lib/python3.8/site-packages/airflow/example_dags/example_params_ui_tutorial.py for tasks to queue
[2024-07-25T07:51:36.892+0000] {logging_mixin.py:188} INFO - [2024-07-25T07:51:36.892+0000] {dagbag.py:545} INFO - Filling up the DagBag from /root/.cache/pypoetry/virtualenvs/freeprise-matchmaker-BsnH11MF-py3.8/lib/python3.8/site-packages/airflow/example_dags/example_params_ui_tutorial.py
[2024-07-25T07:51:36.913+0000] {processor.py:840} INFO - DAG(s) 'example_params_ui_tutorial' retrieved from /root/.cache/pypoetry/virtualenvs/freeprise-matchmaker-BsnH11MF-py3.8/lib/python3.8/site-packages/airflow/example_dags/example_params_ui_tutorial.py
[2024-07-25T07:51:37.040+0000] {logging_mixin.py:188} INFO - [2024-07-25T07:51:37.039+0000] {dag.py:3089} INFO - Sync 1 DAGs
[2024-07-25T07:51:37.067+0000] {logging_mixin.py:188} INFO - [2024-07-25T07:51:37.067+0000] {dag.py:3947} INFO - Setting next_dagrun for example_params_ui_tutorial to None, run_after=None
[2024-07-25T07:51:37.099+0000] {processor.py:183} INFO - Processing /root/.cache/pypoetry/virtualenvs/freeprise-matchmaker-BsnH11MF-py3.8/lib/python3.8/site-packages/airflow/example_dags/example_params_ui_tutorial.py took 0.222 seconds
[2024-07-25T07:52:07.420+0000] {processor.py:161} INFO - Started process (PID=1127) to work on /root/.cache/pypoetry/virtualenvs/freeprise-matchmaker-BsnH11MF-py3.8/lib/python3.8/site-packages/airflow/example_dags/example_params_ui_tutorial.py
[2024-07-25T07:52:07.422+0000] {processor.py:830} INFO - Processing file /root/.cache/pypoetry/virtualenvs/freeprise-matchmaker-BsnH11MF-py3.8/lib/python3.8/site-packages/airflow/example_dags/example_params_ui_tutorial.py for tasks to queue
[2024-07-25T07:52:07.424+0000] {logging_mixin.py:188} INFO - [2024-07-25T07:52:07.424+0000] {dagbag.py:545} INFO - Filling up the DagBag from /root/.cache/pypoetry/virtualenvs/freeprise-matchmaker-BsnH11MF-py3.8/lib/python3.8/site-packages/airflow/example_dags/example_params_ui_tutorial.py
[2024-07-25T07:52:07.438+0000] {processor.py:840} INFO - DAG(s) 'example_params_ui_tutorial' retrieved from /root/.cache/pypoetry/virtualenvs/freeprise-matchmaker-BsnH11MF-py3.8/lib/python3.8/site-packages/airflow/example_dags/example_params_ui_tutorial.py
[2024-07-25T07:52:07.535+0000] {logging_mixin.py:188} INFO - [2024-07-25T07:52:07.534+0000] {dag.py:3089} INFO - Sync 1 DAGs
[2024-07-25T07:52:07.554+0000] {logging_mixin.py:188} INFO - [2024-07-25T07:52:07.554+0000] {dag.py:3947} INFO - Setting next_dagrun for example_params_ui_tutorial to None, run_after=None
[2024-07-25T07:52:07.580+0000] {processor.py:183} INFO - Processing /root/.cache/pypoetry/virtualenvs/freeprise-matchmaker-BsnH11MF-py3.8/lib/python3.8/site-packages/airflow/example_dags/example_params_ui_tutorial.py took 0.172 seconds
[2024-07-25T07:52:37.742+0000] {processor.py:161} INFO - Started process (PID=1393) to work on /root/.cache/pypoetry/virtualenvs/freeprise-matchmaker-BsnH11MF-py3.8/lib/python3.8/site-packages/airflow/example_dags/example_params_ui_tutorial.py
[2024-07-25T07:52:37.744+0000] {processor.py:830} INFO - Processing file /root/.cache/pypoetry/virtualenvs/freeprise-matchmaker-BsnH11MF-py3.8/lib/python3.8/site-packages/airflow/example_dags/example_params_ui_tutorial.py for tasks to queue
[2024-07-25T07:52:37.747+0000] {logging_mixin.py:188} INFO - [2024-07-25T07:52:37.746+0000] {dagbag.py:545} INFO - Filling up the DagBag from /root/.cache/pypoetry/virtualenvs/freeprise-matchmaker-BsnH11MF-py3.8/lib/python3.8/site-packages/airflow/example_dags/example_params_ui_tutorial.py
[2024-07-25T07:52:37.760+0000] {processor.py:840} INFO - DAG(s) 'example_params_ui_tutorial' retrieved from /root/.cache/pypoetry/virtualenvs/freeprise-matchmaker-BsnH11MF-py3.8/lib/python3.8/site-packages/airflow/example_dags/example_params_ui_tutorial.py
[2024-07-25T07:52:37.855+0000] {logging_mixin.py:188} INFO - [2024-07-25T07:52:37.854+0000] {dag.py:3089} INFO - Sync 1 DAGs
[2024-07-25T07:52:37.874+0000] {logging_mixin.py:188} INFO - [2024-07-25T07:52:37.874+0000] {dag.py:3947} INFO - Setting next_dagrun for example_params_ui_tutorial to None, run_after=None
[2024-07-25T07:52:37.900+0000] {processor.py:183} INFO - Processing /root/.cache/pypoetry/virtualenvs/freeprise-matchmaker-BsnH11MF-py3.8/lib/python3.8/site-packages/airflow/example_dags/example_params_ui_tutorial.py took 0.169 seconds
[2024-07-25T07:53:08.493+0000] {processor.py:161} INFO - Started process (PID=1652) to work on /root/.cache/pypoetry/virtualenvs/freeprise-matchmaker-BsnH11MF-py3.8/lib/python3.8/site-packages/airflow/example_dags/example_params_ui_tutorial.py
[2024-07-25T07:53:08.495+0000] {processor.py:830} INFO - Processing file /root/.cache/pypoetry/virtualenvs/freeprise-matchmaker-BsnH11MF-py3.8/lib/python3.8/site-packages/airflow/example_dags/example_params_ui_tutorial.py for tasks to queue
[2024-07-25T07:53:08.497+0000] {logging_mixin.py:188} INFO - [2024-07-25T07:53:08.497+0000] {dagbag.py:545} INFO - Filling up the DagBag from /root/.cache/pypoetry/virtualenvs/freeprise-matchmaker-BsnH11MF-py3.8/lib/python3.8/site-packages/airflow/example_dags/example_params_ui_tutorial.py
[2024-07-25T07:53:08.511+0000] {processor.py:840} INFO - DAG(s) 'example_params_ui_tutorial' retrieved from /root/.cache/pypoetry/virtualenvs/freeprise-matchmaker-BsnH11MF-py3.8/lib/python3.8/site-packages/airflow/example_dags/example_params_ui_tutorial.py
[2024-07-25T07:53:08.637+0000] {logging_mixin.py:188} INFO - [2024-07-25T07:53:08.637+0000] {dag.py:3089} INFO - Sync 1 DAGs
[2024-07-25T07:53:08.658+0000] {logging_mixin.py:188} INFO - [2024-07-25T07:53:08.657+0000] {dag.py:3947} INFO - Setting next_dagrun for example_params_ui_tutorial to None, run_after=None
[2024-07-25T07:53:08.689+0000] {processor.py:183} INFO - Processing /root/.cache/pypoetry/virtualenvs/freeprise-matchmaker-BsnH11MF-py3.8/lib/python3.8/site-packages/airflow/example_dags/example_params_ui_tutorial.py took 0.208 seconds
[2024-07-25T07:53:39.042+0000] {processor.py:161} INFO - Started process (PID=1918) to work on /root/.cache/pypoetry/virtualenvs/freeprise-matchmaker-BsnH11MF-py3.8/lib/python3.8/site-packages/airflow/example_dags/example_params_ui_tutorial.py
[2024-07-25T07:53:39.046+0000] {processor.py:830} INFO - Processing file /root/.cache/pypoetry/virtualenvs/freeprise-matchmaker-BsnH11MF-py3.8/lib/python3.8/site-packages/airflow/example_dags/example_params_ui_tutorial.py for tasks to queue
[2024-07-25T07:53:39.049+0000] {logging_mixin.py:188} INFO - [2024-07-25T07:53:39.049+0000] {dagbag.py:545} INFO - Filling up the DagBag from /root/.cache/pypoetry/virtualenvs/freeprise-matchmaker-BsnH11MF-py3.8/lib/python3.8/site-packages/airflow/example_dags/example_params_ui_tutorial.py
[2024-07-25T07:53:39.068+0000] {processor.py:840} INFO - DAG(s) 'example_params_ui_tutorial' retrieved from /root/.cache/pypoetry/virtualenvs/freeprise-matchmaker-BsnH11MF-py3.8/lib/python3.8/site-packages/airflow/example_dags/example_params_ui_tutorial.py
[2024-07-25T07:53:39.185+0000] {logging_mixin.py:188} INFO - [2024-07-25T07:53:39.184+0000] {dag.py:3089} INFO - Sync 1 DAGs
[2024-07-25T07:53:39.207+0000] {logging_mixin.py:188} INFO - [2024-07-25T07:53:39.207+0000] {dag.py:3947} INFO - Setting next_dagrun for example_params_ui_tutorial to None, run_after=None
[2024-07-25T07:53:39.243+0000] {processor.py:183} INFO - Processing /root/.cache/pypoetry/virtualenvs/freeprise-matchmaker-BsnH11MF-py3.8/lib/python3.8/site-packages/airflow/example_dags/example_params_ui_tutorial.py took 0.217 seconds
[2024-07-25T07:54:09.547+0000] {processor.py:161} INFO - Started process (PID=2184) to work on /root/.cache/pypoetry/virtualenvs/freeprise-matchmaker-BsnH11MF-py3.8/lib/python3.8/site-packages/airflow/example_dags/example_params_ui_tutorial.py
[2024-07-25T07:54:09.550+0000] {processor.py:830} INFO - Processing file /root/.cache/pypoetry/virtualenvs/freeprise-matchmaker-BsnH11MF-py3.8/lib/python3.8/site-packages/airflow/example_dags/example_params_ui_tutorial.py for tasks to queue
[2024-07-25T07:54:09.553+0000] {logging_mixin.py:188} INFO - [2024-07-25T07:54:09.552+0000] {dagbag.py:545} INFO - Filling up the DagBag from /root/.cache/pypoetry/virtualenvs/freeprise-matchmaker-BsnH11MF-py3.8/lib/python3.8/site-packages/airflow/example_dags/example_params_ui_tutorial.py
[2024-07-25T07:54:09.570+0000] {processor.py:840} INFO - DAG(s) 'example_params_ui_tutorial' retrieved from /root/.cache/pypoetry/virtualenvs/freeprise-matchmaker-BsnH11MF-py3.8/lib/python3.8/site-packages/airflow/example_dags/example_params_ui_tutorial.py
[2024-07-25T07:54:09.688+0000] {logging_mixin.py:188} INFO - [2024-07-25T07:54:09.688+0000] {dag.py:3089} INFO - Sync 1 DAGs
[2024-07-25T07:54:09.707+0000] {logging_mixin.py:188} INFO - [2024-07-25T07:54:09.707+0000] {dag.py:3947} INFO - Setting next_dagrun for example_params_ui_tutorial to None, run_after=None
[2024-07-25T07:54:09.737+0000] {processor.py:183} INFO - Processing /root/.cache/pypoetry/virtualenvs/freeprise-matchmaker-BsnH11MF-py3.8/lib/python3.8/site-packages/airflow/example_dags/example_params_ui_tutorial.py took 0.206 seconds
[2024-07-25T07:54:40.262+0000] {processor.py:161} INFO - Started process (PID=2457) to work on /root/.cache/pypoetry/virtualenvs/freeprise-matchmaker-BsnH11MF-py3.8/lib/python3.8/site-packages/airflow/example_dags/example_params_ui_tutorial.py
[2024-07-25T07:54:40.264+0000] {processor.py:830} INFO - Processing file /root/.cache/pypoetry/virtualenvs/freeprise-matchmaker-BsnH11MF-py3.8/lib/python3.8/site-packages/airflow/example_dags/example_params_ui_tutorial.py for tasks to queue
[2024-07-25T07:54:40.268+0000] {logging_mixin.py:188} INFO - [2024-07-25T07:54:40.267+0000] {dagbag.py:545} INFO - Filling up the DagBag from /root/.cache/pypoetry/virtualenvs/freeprise-matchmaker-BsnH11MF-py3.8/lib/python3.8/site-packages/airflow/example_dags/example_params_ui_tutorial.py
[2024-07-25T07:54:40.287+0000] {processor.py:840} INFO - DAG(s) 'example_params_ui_tutorial' retrieved from /root/.cache/pypoetry/virtualenvs/freeprise-matchmaker-BsnH11MF-py3.8/lib/python3.8/site-packages/airflow/example_dags/example_params_ui_tutorial.py
[2024-07-25T07:54:40.396+0000] {logging_mixin.py:188} INFO - [2024-07-25T07:54:40.396+0000] {dag.py:3089} INFO - Sync 1 DAGs
[2024-07-25T07:54:40.418+0000] {logging_mixin.py:188} INFO - [2024-07-25T07:54:40.418+0000] {dag.py:3947} INFO - Setting next_dagrun for example_params_ui_tutorial to None, run_after=None
[2024-07-25T07:54:40.445+0000] {processor.py:183} INFO - Processing /root/.cache/pypoetry/virtualenvs/freeprise-matchmaker-BsnH11MF-py3.8/lib/python3.8/site-packages/airflow/example_dags/example_params_ui_tutorial.py took 0.200 seconds
[2024-07-25T07:55:10.512+0000] {processor.py:161} INFO - Started process (PID=2726) to work on /root/.cache/pypoetry/virtualenvs/freeprise-matchmaker-BsnH11MF-py3.8/lib/python3.8/site-packages/airflow/example_dags/example_params_ui_tutorial.py
[2024-07-25T07:55:10.514+0000] {processor.py:830} INFO - Processing file /root/.cache/pypoetry/virtualenvs/freeprise-matchmaker-BsnH11MF-py3.8/lib/python3.8/site-packages/airflow/example_dags/example_params_ui_tutorial.py for tasks to queue
[2024-07-25T07:55:10.517+0000] {logging_mixin.py:188} INFO - [2024-07-25T07:55:10.516+0000] {dagbag.py:545} INFO - Filling up the DagBag from /root/.cache/pypoetry/virtualenvs/freeprise-matchmaker-BsnH11MF-py3.8/lib/python3.8/site-packages/airflow/example_dags/example_params_ui_tutorial.py
[2024-07-25T07:55:10.532+0000] {processor.py:840} INFO - DAG(s) 'example_params_ui_tutorial' retrieved from /root/.cache/pypoetry/virtualenvs/freeprise-matchmaker-BsnH11MF-py3.8/lib/python3.8/site-packages/airflow/example_dags/example_params_ui_tutorial.py
[2024-07-25T07:55:10.639+0000] {logging_mixin.py:188} INFO - [2024-07-25T07:55:10.638+0000] {dag.py:3089} INFO - Sync 1 DAGs
[2024-07-25T07:55:10.669+0000] {logging_mixin.py:188} INFO - [2024-07-25T07:55:10.668+0000] {dag.py:3947} INFO - Setting next_dagrun for example_params_ui_tutorial to None, run_after=None
[2024-07-25T07:55:10.705+0000] {processor.py:183} INFO - Processing /root/.cache/pypoetry/virtualenvs/freeprise-matchmaker-BsnH11MF-py3.8/lib/python3.8/site-packages/airflow/example_dags/example_params_ui_tutorial.py took 0.209 seconds
[2024-07-25T07:55:40.753+0000] {processor.py:161} INFO - Started process (PID=2992) to work on /root/.cache/pypoetry/virtualenvs/freeprise-matchmaker-BsnH11MF-py3.8/lib/python3.8/site-packages/airflow/example_dags/example_params_ui_tutorial.py
[2024-07-25T07:55:40.754+0000] {processor.py:830} INFO - Processing file /root/.cache/pypoetry/virtualenvs/freeprise-matchmaker-BsnH11MF-py3.8/lib/python3.8/site-packages/airflow/example_dags/example_params_ui_tutorial.py for tasks to queue
[2024-07-25T07:55:40.756+0000] {logging_mixin.py:188} INFO - [2024-07-25T07:55:40.756+0000] {dagbag.py:545} INFO - Filling up the DagBag from /root/.cache/pypoetry/virtualenvs/freeprise-matchmaker-BsnH11MF-py3.8/lib/python3.8/site-packages/airflow/example_dags/example_params_ui_tutorial.py
[2024-07-25T07:55:40.770+0000] {processor.py:840} INFO - DAG(s) 'example_params_ui_tutorial' retrieved from /root/.cache/pypoetry/virtualenvs/freeprise-matchmaker-BsnH11MF-py3.8/lib/python3.8/site-packages/airflow/example_dags/example_params_ui_tutorial.py
[2024-07-25T07:55:40.906+0000] {logging_mixin.py:188} INFO - [2024-07-25T07:55:40.906+0000] {dag.py:3089} INFO - Sync 1 DAGs
[2024-07-25T07:55:40.932+0000] {logging_mixin.py:188} INFO - [2024-07-25T07:55:40.931+0000] {dag.py:3947} INFO - Setting next_dagrun for example_params_ui_tutorial to None, run_after=None
[2024-07-25T07:55:40.960+0000] {processor.py:183} INFO - Processing /root/.cache/pypoetry/virtualenvs/freeprise-matchmaker-BsnH11MF-py3.8/lib/python3.8/site-packages/airflow/example_dags/example_params_ui_tutorial.py took 0.219 seconds
[2024-07-25T07:56:11.182+0000] {processor.py:161} INFO - Started process (PID=3248) to work on /root/.cache/pypoetry/virtualenvs/freeprise-matchmaker-BsnH11MF-py3.8/lib/python3.8/site-packages/airflow/example_dags/example_params_ui_tutorial.py
[2024-07-25T07:56:11.185+0000] {processor.py:830} INFO - Processing file /root/.cache/pypoetry/virtualenvs/freeprise-matchmaker-BsnH11MF-py3.8/lib/python3.8/site-packages/airflow/example_dags/example_params_ui_tutorial.py for tasks to queue
[2024-07-25T07:56:11.187+0000] {logging_mixin.py:188} INFO - [2024-07-25T07:56:11.187+0000] {dagbag.py:545} INFO - Filling up the DagBag from /root/.cache/pypoetry/virtualenvs/freeprise-matchmaker-BsnH11MF-py3.8/lib/python3.8/site-packages/airflow/example_dags/example_params_ui_tutorial.py
[2024-07-25T07:56:11.202+0000] {processor.py:840} INFO - DAG(s) 'example_params_ui_tutorial' retrieved from /root/.cache/pypoetry/virtualenvs/freeprise-matchmaker-BsnH11MF-py3.8/lib/python3.8/site-packages/airflow/example_dags/example_params_ui_tutorial.py
[2024-07-25T07:56:11.315+0000] {logging_mixin.py:188} INFO - [2024-07-25T07:56:11.314+0000] {dag.py:3089} INFO - Sync 1 DAGs
[2024-07-25T07:56:11.345+0000] {logging_mixin.py:188} INFO - [2024-07-25T07:56:11.344+0000] {dag.py:3947} INFO - Setting next_dagrun for example_params_ui_tutorial to None, run_after=None
[2024-07-25T07:56:11.380+0000] {processor.py:183} INFO - Processing /root/.cache/pypoetry/virtualenvs/freeprise-matchmaker-BsnH11MF-py3.8/lib/python3.8/site-packages/airflow/example_dags/example_params_ui_tutorial.py took 0.210 seconds
[2024-07-25T07:56:42.071+0000] {processor.py:161} INFO - Started process (PID=3514) to work on /root/.cache/pypoetry/virtualenvs/freeprise-matchmaker-BsnH11MF-py3.8/lib/python3.8/site-packages/airflow/example_dags/example_params_ui_tutorial.py
[2024-07-25T07:56:42.073+0000] {processor.py:830} INFO - Processing file /root/.cache/pypoetry/virtualenvs/freeprise-matchmaker-BsnH11MF-py3.8/lib/python3.8/site-packages/airflow/example_dags/example_params_ui_tutorial.py for tasks to queue
[2024-07-25T07:56:42.076+0000] {logging_mixin.py:188} INFO - [2024-07-25T07:56:42.076+0000] {dagbag.py:545} INFO - Filling up the DagBag from /root/.cache/pypoetry/virtualenvs/freeprise-matchmaker-BsnH11MF-py3.8/lib/python3.8/site-packages/airflow/example_dags/example_params_ui_tutorial.py
[2024-07-25T07:56:42.094+0000] {processor.py:840} INFO - DAG(s) 'example_params_ui_tutorial' retrieved from /root/.cache/pypoetry/virtualenvs/freeprise-matchmaker-BsnH11MF-py3.8/lib/python3.8/site-packages/airflow/example_dags/example_params_ui_tutorial.py
[2024-07-25T07:56:42.217+0000] {logging_mixin.py:188} INFO - [2024-07-25T07:56:42.217+0000] {dag.py:3089} INFO - Sync 1 DAGs
[2024-07-25T07:56:42.246+0000] {logging_mixin.py:188} INFO - [2024-07-25T07:56:42.246+0000] {dag.py:3947} INFO - Setting next_dagrun for example_params_ui_tutorial to None, run_after=None
[2024-07-25T07:56:42.283+0000] {processor.py:183} INFO - Processing /root/.cache/pypoetry/virtualenvs/freeprise-matchmaker-BsnH11MF-py3.8/lib/python3.8/site-packages/airflow/example_dags/example_params_ui_tutorial.py took 0.226 seconds
[2024-07-25T07:57:12.424+0000] {processor.py:161} INFO - Started process (PID=3780) to work on /root/.cache/pypoetry/virtualenvs/freeprise-matchmaker-BsnH11MF-py3.8/lib/python3.8/site-packages/airflow/example_dags/example_params_ui_tutorial.py
[2024-07-25T07:57:12.426+0000] {processor.py:830} INFO - Processing file /root/.cache/pypoetry/virtualenvs/freeprise-matchmaker-BsnH11MF-py3.8/lib/python3.8/site-packages/airflow/example_dags/example_params_ui_tutorial.py for tasks to queue
[2024-07-25T07:57:12.429+0000] {logging_mixin.py:188} INFO - [2024-07-25T07:57:12.428+0000] {dagbag.py:545} INFO - Filling up the DagBag from /root/.cache/pypoetry/virtualenvs/freeprise-matchmaker-BsnH11MF-py3.8/lib/python3.8/site-packages/airflow/example_dags/example_params_ui_tutorial.py
[2024-07-25T07:57:12.443+0000] {processor.py:840} INFO - DAG(s) 'example_params_ui_tutorial' retrieved from /root/.cache/pypoetry/virtualenvs/freeprise-matchmaker-BsnH11MF-py3.8/lib/python3.8/site-packages/airflow/example_dags/example_params_ui_tutorial.py
[2024-07-25T07:57:12.571+0000] {logging_mixin.py:188} INFO - [2024-07-25T07:57:12.571+0000] {dag.py:3089} INFO - Sync 1 DAGs
[2024-07-25T07:57:12.594+0000] {logging_mixin.py:188} INFO - [2024-07-25T07:57:12.594+0000] {dag.py:3947} INFO - Setting next_dagrun for example_params_ui_tutorial to None, run_after=None
[2024-07-25T07:57:12.626+0000] {processor.py:183} INFO - Processing /root/.cache/pypoetry/virtualenvs/freeprise-matchmaker-BsnH11MF-py3.8/lib/python3.8/site-packages/airflow/example_dags/example_params_ui_tutorial.py took 0.214 seconds
[2024-07-25T07:57:42.965+0000] {processor.py:161} INFO - Started process (PID=4046) to work on /root/.cache/pypoetry/virtualenvs/freeprise-matchmaker-BsnH11MF-py3.8/lib/python3.8/site-packages/airflow/example_dags/example_params_ui_tutorial.py
[2024-07-25T07:57:42.967+0000] {processor.py:830} INFO - Processing file /root/.cache/pypoetry/virtualenvs/freeprise-matchmaker-BsnH11MF-py3.8/lib/python3.8/site-packages/airflow/example_dags/example_params_ui_tutorial.py for tasks to queue
[2024-07-25T07:57:42.970+0000] {logging_mixin.py:188} INFO - [2024-07-25T07:57:42.969+0000] {dagbag.py:545} INFO - Filling up the DagBag from /root/.cache/pypoetry/virtualenvs/freeprise-matchmaker-BsnH11MF-py3.8/lib/python3.8/site-packages/airflow/example_dags/example_params_ui_tutorial.py
[2024-07-25T07:57:42.986+0000] {processor.py:840} INFO - DAG(s) 'example_params_ui_tutorial' retrieved from /root/.cache/pypoetry/virtualenvs/freeprise-matchmaker-BsnH11MF-py3.8/lib/python3.8/site-packages/airflow/example_dags/example_params_ui_tutorial.py
[2024-07-25T07:57:43.089+0000] {logging_mixin.py:188} INFO - [2024-07-25T07:57:43.088+0000] {dag.py:3089} INFO - Sync 1 DAGs
[2024-07-25T07:57:43.111+0000] {logging_mixin.py:188} INFO - [2024-07-25T07:57:43.110+0000] {dag.py:3947} INFO - Setting next_dagrun for example_params_ui_tutorial to None, run_after=None
[2024-07-25T07:57:43.144+0000] {processor.py:183} INFO - Processing /root/.cache/pypoetry/virtualenvs/freeprise-matchmaker-BsnH11MF-py3.8/lib/python3.8/site-packages/airflow/example_dags/example_params_ui_tutorial.py took 0.192 seconds
[2024-07-25T07:58:14.084+0000] {processor.py:161} INFO - Started process (PID=4312) to work on /root/.cache/pypoetry/virtualenvs/freeprise-matchmaker-BsnH11MF-py3.8/lib/python3.8/site-packages/airflow/example_dags/example_params_ui_tutorial.py
[2024-07-25T07:58:14.086+0000] {processor.py:830} INFO - Processing file /root/.cache/pypoetry/virtualenvs/freeprise-matchmaker-BsnH11MF-py3.8/lib/python3.8/site-packages/airflow/example_dags/example_params_ui_tutorial.py for tasks to queue
[2024-07-25T07:58:14.089+0000] {logging_mixin.py:188} INFO - [2024-07-25T07:58:14.089+0000] {dagbag.py:545} INFO - Filling up the DagBag from /root/.cache/pypoetry/virtualenvs/freeprise-matchmaker-BsnH11MF-py3.8/lib/python3.8/site-packages/airflow/example_dags/example_params_ui_tutorial.py
[2024-07-25T07:58:14.107+0000] {processor.py:840} INFO - DAG(s) 'example_params_ui_tutorial' retrieved from /root/.cache/pypoetry/virtualenvs/freeprise-matchmaker-BsnH11MF-py3.8/lib/python3.8/site-packages/airflow/example_dags/example_params_ui_tutorial.py
[2024-07-25T07:58:14.211+0000] {logging_mixin.py:188} INFO - [2024-07-25T07:58:14.211+0000] {dag.py:3089} INFO - Sync 1 DAGs
[2024-07-25T07:58:14.237+0000] {logging_mixin.py:188} INFO - [2024-07-25T07:58:14.237+0000] {dag.py:3947} INFO - Setting next_dagrun for example_params_ui_tutorial to None, run_after=None
[2024-07-25T07:58:14.267+0000] {processor.py:183} INFO - Processing /root/.cache/pypoetry/virtualenvs/freeprise-matchmaker-BsnH11MF-py3.8/lib/python3.8/site-packages/airflow/example_dags/example_params_ui_tutorial.py took 0.198 seconds
[2024-07-25T07:58:44.551+0000] {processor.py:161} INFO - Started process (PID=4578) to work on /root/.cache/pypoetry/virtualenvs/freeprise-matchmaker-BsnH11MF-py3.8/lib/python3.8/site-packages/airflow/example_dags/example_params_ui_tutorial.py
[2024-07-25T07:58:44.553+0000] {processor.py:830} INFO - Processing file /root/.cache/pypoetry/virtualenvs/freeprise-matchmaker-BsnH11MF-py3.8/lib/python3.8/site-packages/airflow/example_dags/example_params_ui_tutorial.py for tasks to queue
[2024-07-25T07:58:44.556+0000] {logging_mixin.py:188} INFO - [2024-07-25T07:58:44.556+0000] {dagbag.py:545} INFO - Filling up the DagBag from /root/.cache/pypoetry/virtualenvs/freeprise-matchmaker-BsnH11MF-py3.8/lib/python3.8/site-packages/airflow/example_dags/example_params_ui_tutorial.py
[2024-07-25T07:58:44.574+0000] {processor.py:840} INFO - DAG(s) 'example_params_ui_tutorial' retrieved from /root/.cache/pypoetry/virtualenvs/freeprise-matchmaker-BsnH11MF-py3.8/lib/python3.8/site-packages/airflow/example_dags/example_params_ui_tutorial.py
[2024-07-25T07:58:44.682+0000] {logging_mixin.py:188} INFO - [2024-07-25T07:58:44.681+0000] {dag.py:3089} INFO - Sync 1 DAGs
[2024-07-25T07:58:44.703+0000] {logging_mixin.py:188} INFO - [2024-07-25T07:58:44.703+0000] {dag.py:3947} INFO - Setting next_dagrun for example_params_ui_tutorial to None, run_after=None
[2024-07-25T07:58:44.734+0000] {processor.py:183} INFO - Processing /root/.cache/pypoetry/virtualenvs/freeprise-matchmaker-BsnH11MF-py3.8/lib/python3.8/site-packages/airflow/example_dags/example_params_ui_tutorial.py took 0.199 seconds
[2024-07-25T07:59:15.111+0000] {processor.py:161} INFO - Started process (PID=4844) to work on /root/.cache/pypoetry/virtualenvs/freeprise-matchmaker-BsnH11MF-py3.8/lib/python3.8/site-packages/airflow/example_dags/example_params_ui_tutorial.py
[2024-07-25T07:59:15.113+0000] {processor.py:830} INFO - Processing file /root/.cache/pypoetry/virtualenvs/freeprise-matchmaker-BsnH11MF-py3.8/lib/python3.8/site-packages/airflow/example_dags/example_params_ui_tutorial.py for tasks to queue
[2024-07-25T07:59:15.117+0000] {logging_mixin.py:188} INFO - [2024-07-25T07:59:15.116+0000] {dagbag.py:545} INFO - Filling up the DagBag from /root/.cache/pypoetry/virtualenvs/freeprise-matchmaker-BsnH11MF-py3.8/lib/python3.8/site-packages/airflow/example_dags/example_params_ui_tutorial.py
[2024-07-25T07:59:15.136+0000] {processor.py:840} INFO - DAG(s) 'example_params_ui_tutorial' retrieved from /root/.cache/pypoetry/virtualenvs/freeprise-matchmaker-BsnH11MF-py3.8/lib/python3.8/site-packages/airflow/example_dags/example_params_ui_tutorial.py
[2024-07-25T07:59:15.288+0000] {logging_mixin.py:188} INFO - [2024-07-25T07:59:15.287+0000] {dag.py:3089} INFO - Sync 1 DAGs
[2024-07-25T07:59:15.313+0000] {logging_mixin.py:188} INFO - [2024-07-25T07:59:15.312+0000] {dag.py:3947} INFO - Setting next_dagrun for example_params_ui_tutorial to None, run_after=None
[2024-07-25T07:59:15.348+0000] {processor.py:183} INFO - Processing /root/.cache/pypoetry/virtualenvs/freeprise-matchmaker-BsnH11MF-py3.8/lib/python3.8/site-packages/airflow/example_dags/example_params_ui_tutorial.py took 0.253 seconds
[2024-07-25T07:59:45.860+0000] {processor.py:161} INFO - Started process (PID=5110) to work on /root/.cache/pypoetry/virtualenvs/freeprise-matchmaker-BsnH11MF-py3.8/lib/python3.8/site-packages/airflow/example_dags/example_params_ui_tutorial.py
[2024-07-25T07:59:45.861+0000] {processor.py:830} INFO - Processing file /root/.cache/pypoetry/virtualenvs/freeprise-matchmaker-BsnH11MF-py3.8/lib/python3.8/site-packages/airflow/example_dags/example_params_ui_tutorial.py for tasks to queue
[2024-07-25T07:59:45.865+0000] {logging_mixin.py:188} INFO - [2024-07-25T07:59:45.864+0000] {dagbag.py:545} INFO - Filling up the DagBag from /root/.cache/pypoetry/virtualenvs/freeprise-matchmaker-BsnH11MF-py3.8/lib/python3.8/site-packages/airflow/example_dags/example_params_ui_tutorial.py
[2024-07-25T07:59:45.881+0000] {processor.py:840} INFO - DAG(s) 'example_params_ui_tutorial' retrieved from /root/.cache/pypoetry/virtualenvs/freeprise-matchmaker-BsnH11MF-py3.8/lib/python3.8/site-packages/airflow/example_dags/example_params_ui_tutorial.py
[2024-07-25T07:59:46.003+0000] {logging_mixin.py:188} INFO - [2024-07-25T07:59:46.003+0000] {dag.py:3089} INFO - Sync 1 DAGs
[2024-07-25T07:59:46.033+0000] {logging_mixin.py:188} INFO - [2024-07-25T07:59:46.033+0000] {dag.py:3947} INFO - Setting next_dagrun for example_params_ui_tutorial to None, run_after=None
[2024-07-25T07:59:46.074+0000] {processor.py:183} INFO - Processing /root/.cache/pypoetry/virtualenvs/freeprise-matchmaker-BsnH11MF-py3.8/lib/python3.8/site-packages/airflow/example_dags/example_params_ui_tutorial.py took 0.231 seconds
[2024-07-25T08:00:16.933+0000] {processor.py:161} INFO - Started process (PID=5376) to work on /root/.cache/pypoetry/virtualenvs/freeprise-matchmaker-BsnH11MF-py3.8/lib/python3.8/site-packages/airflow/example_dags/example_params_ui_tutorial.py
[2024-07-25T08:00:16.935+0000] {processor.py:830} INFO - Processing file /root/.cache/pypoetry/virtualenvs/freeprise-matchmaker-BsnH11MF-py3.8/lib/python3.8/site-packages/airflow/example_dags/example_params_ui_tutorial.py for tasks to queue
[2024-07-25T08:00:16.938+0000] {logging_mixin.py:188} INFO - [2024-07-25T08:00:16.937+0000] {dagbag.py:545} INFO - Filling up the DagBag from /root/.cache/pypoetry/virtualenvs/freeprise-matchmaker-BsnH11MF-py3.8/lib/python3.8/site-packages/airflow/example_dags/example_params_ui_tutorial.py
[2024-07-25T08:00:16.952+0000] {processor.py:840} INFO - DAG(s) 'example_params_ui_tutorial' retrieved from /root/.cache/pypoetry/virtualenvs/freeprise-matchmaker-BsnH11MF-py3.8/lib/python3.8/site-packages/airflow/example_dags/example_params_ui_tutorial.py
[2024-07-25T08:00:17.058+0000] {logging_mixin.py:188} INFO - [2024-07-25T08:00:17.058+0000] {dag.py:3089} INFO - Sync 1 DAGs
[2024-07-25T08:00:17.078+0000] {logging_mixin.py:188} INFO - [2024-07-25T08:00:17.078+0000] {dag.py:3947} INFO - Setting next_dagrun for example_params_ui_tutorial to None, run_after=None
[2024-07-25T08:00:17.111+0000] {processor.py:183} INFO - Processing /root/.cache/pypoetry/virtualenvs/freeprise-matchmaker-BsnH11MF-py3.8/lib/python3.8/site-packages/airflow/example_dags/example_params_ui_tutorial.py took 0.190 seconds
[2024-07-25T08:00:50.498+0000] {processor.py:161} INFO - Started process (PID=5642) to work on /root/.cache/pypoetry/virtualenvs/freeprise-matchmaker-BsnH11MF-py3.8/lib/python3.8/site-packages/airflow/example_dags/example_params_ui_tutorial.py
[2024-07-25T08:00:50.508+0000] {processor.py:830} INFO - Processing file /root/.cache/pypoetry/virtualenvs/freeprise-matchmaker-BsnH11MF-py3.8/lib/python3.8/site-packages/airflow/example_dags/example_params_ui_tutorial.py for tasks to queue
[2024-07-25T08:00:50.531+0000] {logging_mixin.py:188} INFO - [2024-07-25T08:00:50.527+0000] {dagbag.py:545} INFO - Filling up the DagBag from /root/.cache/pypoetry/virtualenvs/freeprise-matchmaker-BsnH11MF-py3.8/lib/python3.8/site-packages/airflow/example_dags/example_params_ui_tutorial.py
[2024-07-25T08:00:50.623+0000] {processor.py:840} INFO - DAG(s) 'example_params_ui_tutorial' retrieved from /root/.cache/pypoetry/virtualenvs/freeprise-matchmaker-BsnH11MF-py3.8/lib/python3.8/site-packages/airflow/example_dags/example_params_ui_tutorial.py
[2024-07-25T08:00:51.449+0000] {logging_mixin.py:188} INFO - [2024-07-25T08:00:51.446+0000] {dag.py:3089} INFO - Sync 1 DAGs
[2024-07-25T08:00:51.547+0000] {logging_mixin.py:188} INFO - [2024-07-25T08:00:51.546+0000] {dag.py:3947} INFO - Setting next_dagrun for example_params_ui_tutorial to None, run_after=None
[2024-07-25T08:00:51.697+0000] {processor.py:183} INFO - Processing /root/.cache/pypoetry/virtualenvs/freeprise-matchmaker-BsnH11MF-py3.8/lib/python3.8/site-packages/airflow/example_dags/example_params_ui_tutorial.py took 1.272 seconds
