[2024-07-25T07:50:30.331+0000] {processor.py:161} INFO - Started process (PID=287) to work on /root/.cache/pypoetry/virtualenvs/freeprise-matchmaker-BsnH11MF-py3.8/lib/python3.8/site-packages/airflow/example_dags/example_setup_teardown.py
[2024-07-25T07:50:30.333+0000] {processor.py:830} INFO - Processing file /root/.cache/pypoetry/virtualenvs/freeprise-matchmaker-BsnH11MF-py3.8/lib/python3.8/site-packages/airflow/example_dags/example_setup_teardown.py for tasks to queue
[2024-07-25T07:50:30.335+0000] {logging_mixin.py:188} INFO - [2024-07-25T07:50:30.335+0000] {dagbag.py:545} INFO - Filling up the DagBag from /root/.cache/pypoetry/virtualenvs/freeprise-matchmaker-BsnH11MF-py3.8/lib/python3.8/site-packages/airflow/example_dags/example_setup_teardown.py
[2024-07-25T07:50:30.345+0000] {processor.py:840} INFO - DAG(s) 'example_setup_teardown' retrieved from /root/.cache/pypoetry/virtualenvs/freeprise-matchmaker-BsnH11MF-py3.8/lib/python3.8/site-packages/airflow/example_dags/example_setup_teardown.py
[2024-07-25T07:50:30.374+0000] {logging_mixin.py:188} INFO - [2024-07-25T07:50:30.373+0000] {dag.py:3089} INFO - Sync 1 DAGs
[2024-07-25T07:50:30.409+0000] {logging_mixin.py:188} INFO - [2024-07-25T07:50:30.408+0000] {dag.py:3947} INFO - Setting next_dagrun for example_setup_teardown to 2024-07-24 00:00:00+00:00, run_after=2024-07-25 00:00:00+00:00
[2024-07-25T07:50:30.436+0000] {processor.py:183} INFO - Processing /root/.cache/pypoetry/virtualenvs/freeprise-matchmaker-BsnH11MF-py3.8/lib/python3.8/site-packages/airflow/example_dags/example_setup_teardown.py took 0.118 seconds
[2024-07-25T07:51:04.300+0000] {processor.py:161} INFO - Started process (PID=555) to work on /root/.cache/pypoetry/virtualenvs/freeprise-matchmaker-BsnH11MF-py3.8/lib/python3.8/site-packages/airflow/example_dags/example_setup_teardown.py
[2024-07-25T07:51:04.302+0000] {processor.py:830} INFO - Processing file /root/.cache/pypoetry/virtualenvs/freeprise-matchmaker-BsnH11MF-py3.8/lib/python3.8/site-packages/airflow/example_dags/example_setup_teardown.py for tasks to queue
[2024-07-25T07:51:04.305+0000] {logging_mixin.py:188} INFO - [2024-07-25T07:51:04.304+0000] {dagbag.py:545} INFO - Filling up the DagBag from /root/.cache/pypoetry/virtualenvs/freeprise-matchmaker-BsnH11MF-py3.8/lib/python3.8/site-packages/airflow/example_dags/example_setup_teardown.py
[2024-07-25T07:51:04.315+0000] {processor.py:840} INFO - DAG(s) 'example_setup_teardown' retrieved from /root/.cache/pypoetry/virtualenvs/freeprise-matchmaker-BsnH11MF-py3.8/lib/python3.8/site-packages/airflow/example_dags/example_setup_teardown.py
[2024-07-25T07:51:04.636+0000] {logging_mixin.py:188} INFO - [2024-07-25T07:51:04.636+0000] {dag.py:3089} INFO - Sync 1 DAGs
[2024-07-25T07:51:04.662+0000] {logging_mixin.py:188} INFO - [2024-07-25T07:51:04.662+0000] {dag.py:3947} INFO - Setting next_dagrun for example_setup_teardown to 2024-07-24 00:00:00+00:00, run_after=2024-07-25 00:00:00+00:00
[2024-07-25T07:51:04.690+0000] {processor.py:183} INFO - Processing /root/.cache/pypoetry/virtualenvs/freeprise-matchmaker-BsnH11MF-py3.8/lib/python3.8/site-packages/airflow/example_dags/example_setup_teardown.py took 0.402 seconds
[2024-07-25T07:51:34.952+0000] {processor.py:161} INFO - Started process (PID=821) to work on /root/.cache/pypoetry/virtualenvs/freeprise-matchmaker-BsnH11MF-py3.8/lib/python3.8/site-packages/airflow/example_dags/example_setup_teardown.py
[2024-07-25T07:51:34.953+0000] {processor.py:830} INFO - Processing file /root/.cache/pypoetry/virtualenvs/freeprise-matchmaker-BsnH11MF-py3.8/lib/python3.8/site-packages/airflow/example_dags/example_setup_teardown.py for tasks to queue
[2024-07-25T07:51:34.955+0000] {logging_mixin.py:188} INFO - [2024-07-25T07:51:34.955+0000] {dagbag.py:545} INFO - Filling up the DagBag from /root/.cache/pypoetry/virtualenvs/freeprise-matchmaker-BsnH11MF-py3.8/lib/python3.8/site-packages/airflow/example_dags/example_setup_teardown.py
[2024-07-25T07:51:35.117+0000] {processor.py:840} INFO - DAG(s) 'example_setup_teardown' retrieved from /root/.cache/pypoetry/virtualenvs/freeprise-matchmaker-BsnH11MF-py3.8/lib/python3.8/site-packages/airflow/example_dags/example_setup_teardown.py
[2024-07-25T07:51:35.152+0000] {logging_mixin.py:188} INFO - [2024-07-25T07:51:35.151+0000] {dag.py:3089} INFO - Sync 1 DAGs
[2024-07-25T07:51:35.180+0000] {logging_mixin.py:188} INFO - [2024-07-25T07:51:35.180+0000] {dag.py:3947} INFO - Setting next_dagrun for example_setup_teardown to 2024-07-24 00:00:00+00:00, run_after=2024-07-25 00:00:00+00:00
[2024-07-25T07:51:35.205+0000] {processor.py:183} INFO - Processing /root/.cache/pypoetry/virtualenvs/freeprise-matchmaker-BsnH11MF-py3.8/lib/python3.8/site-packages/airflow/example_dags/example_setup_teardown.py took 0.265 seconds
[2024-07-25T07:52:05.668+0000] {processor.py:161} INFO - Started process (PID=1085) to work on /root/.cache/pypoetry/virtualenvs/freeprise-matchmaker-BsnH11MF-py3.8/lib/python3.8/site-packages/airflow/example_dags/example_setup_teardown.py
[2024-07-25T07:52:05.670+0000] {processor.py:830} INFO - Processing file /root/.cache/pypoetry/virtualenvs/freeprise-matchmaker-BsnH11MF-py3.8/lib/python3.8/site-packages/airflow/example_dags/example_setup_teardown.py for tasks to queue
[2024-07-25T07:52:05.673+0000] {logging_mixin.py:188} INFO - [2024-07-25T07:52:05.673+0000] {dagbag.py:545} INFO - Filling up the DagBag from /root/.cache/pypoetry/virtualenvs/freeprise-matchmaker-BsnH11MF-py3.8/lib/python3.8/site-packages/airflow/example_dags/example_setup_teardown.py
[2024-07-25T07:52:05.686+0000] {processor.py:840} INFO - DAG(s) 'example_setup_teardown' retrieved from /root/.cache/pypoetry/virtualenvs/freeprise-matchmaker-BsnH11MF-py3.8/lib/python3.8/site-packages/airflow/example_dags/example_setup_teardown.py
[2024-07-25T07:52:05.730+0000] {logging_mixin.py:188} INFO - [2024-07-25T07:52:05.729+0000] {dag.py:3089} INFO - Sync 1 DAGs
[2024-07-25T07:52:05.766+0000] {logging_mixin.py:188} INFO - [2024-07-25T07:52:05.766+0000] {dag.py:3947} INFO - Setting next_dagrun for example_setup_teardown to 2024-07-24 00:00:00+00:00, run_after=2024-07-25 00:00:00+00:00
[2024-07-25T07:52:05.796+0000] {processor.py:183} INFO - Processing /root/.cache/pypoetry/virtualenvs/freeprise-matchmaker-BsnH11MF-py3.8/lib/python3.8/site-packages/airflow/example_dags/example_setup_teardown.py took 0.145 seconds
[2024-07-25T07:52:36.807+0000] {processor.py:161} INFO - Started process (PID=1353) to work on /root/.cache/pypoetry/virtualenvs/freeprise-matchmaker-BsnH11MF-py3.8/lib/python3.8/site-packages/airflow/example_dags/example_setup_teardown.py
[2024-07-25T07:52:36.809+0000] {processor.py:830} INFO - Processing file /root/.cache/pypoetry/virtualenvs/freeprise-matchmaker-BsnH11MF-py3.8/lib/python3.8/site-packages/airflow/example_dags/example_setup_teardown.py for tasks to queue
[2024-07-25T07:52:36.812+0000] {logging_mixin.py:188} INFO - [2024-07-25T07:52:36.812+0000] {dagbag.py:545} INFO - Filling up the DagBag from /root/.cache/pypoetry/virtualenvs/freeprise-matchmaker-BsnH11MF-py3.8/lib/python3.8/site-packages/airflow/example_dags/example_setup_teardown.py
[2024-07-25T07:52:36.827+0000] {processor.py:840} INFO - DAG(s) 'example_setup_teardown' retrieved from /root/.cache/pypoetry/virtualenvs/freeprise-matchmaker-BsnH11MF-py3.8/lib/python3.8/site-packages/airflow/example_dags/example_setup_teardown.py
[2024-07-25T07:52:36.877+0000] {logging_mixin.py:188} INFO - [2024-07-25T07:52:36.876+0000] {dag.py:3089} INFO - Sync 1 DAGs
[2024-07-25T07:52:36.922+0000] {logging_mixin.py:188} INFO - [2024-07-25T07:52:36.921+0000] {dag.py:3947} INFO - Setting next_dagrun for example_setup_teardown to 2024-07-24 00:00:00+00:00, run_after=2024-07-25 00:00:00+00:00
[2024-07-25T07:52:36.955+0000] {processor.py:183} INFO - Processing /root/.cache/pypoetry/virtualenvs/freeprise-matchmaker-BsnH11MF-py3.8/lib/python3.8/site-packages/airflow/example_dags/example_setup_teardown.py took 0.161 seconds
[2024-07-25T07:53:07.775+0000] {processor.py:161} INFO - Started process (PID=1619) to work on /root/.cache/pypoetry/virtualenvs/freeprise-matchmaker-BsnH11MF-py3.8/lib/python3.8/site-packages/airflow/example_dags/example_setup_teardown.py
[2024-07-25T07:53:07.777+0000] {processor.py:830} INFO - Processing file /root/.cache/pypoetry/virtualenvs/freeprise-matchmaker-BsnH11MF-py3.8/lib/python3.8/site-packages/airflow/example_dags/example_setup_teardown.py for tasks to queue
[2024-07-25T07:53:07.781+0000] {logging_mixin.py:188} INFO - [2024-07-25T07:53:07.780+0000] {dagbag.py:545} INFO - Filling up the DagBag from /root/.cache/pypoetry/virtualenvs/freeprise-matchmaker-BsnH11MF-py3.8/lib/python3.8/site-packages/airflow/example_dags/example_setup_teardown.py
[2024-07-25T07:53:07.795+0000] {processor.py:840} INFO - DAG(s) 'example_setup_teardown' retrieved from /root/.cache/pypoetry/virtualenvs/freeprise-matchmaker-BsnH11MF-py3.8/lib/python3.8/site-packages/airflow/example_dags/example_setup_teardown.py
[2024-07-25T07:53:07.842+0000] {logging_mixin.py:188} INFO - [2024-07-25T07:53:07.842+0000] {dag.py:3089} INFO - Sync 1 DAGs
[2024-07-25T07:53:07.878+0000] {logging_mixin.py:188} INFO - [2024-07-25T07:53:07.878+0000] {dag.py:3947} INFO - Setting next_dagrun for example_setup_teardown to 2024-07-24 00:00:00+00:00, run_after=2024-07-25 00:00:00+00:00
[2024-07-25T07:53:07.906+0000] {processor.py:183} INFO - Processing /root/.cache/pypoetry/virtualenvs/freeprise-matchmaker-BsnH11MF-py3.8/lib/python3.8/site-packages/airflow/example_dags/example_setup_teardown.py took 0.147 seconds
[2024-07-25T07:53:38.378+0000] {processor.py:161} INFO - Started process (PID=1885) to work on /root/.cache/pypoetry/virtualenvs/freeprise-matchmaker-BsnH11MF-py3.8/lib/python3.8/site-packages/airflow/example_dags/example_setup_teardown.py
[2024-07-25T07:53:38.381+0000] {processor.py:830} INFO - Processing file /root/.cache/pypoetry/virtualenvs/freeprise-matchmaker-BsnH11MF-py3.8/lib/python3.8/site-packages/airflow/example_dags/example_setup_teardown.py for tasks to queue
[2024-07-25T07:53:38.384+0000] {logging_mixin.py:188} INFO - [2024-07-25T07:53:38.383+0000] {dagbag.py:545} INFO - Filling up the DagBag from /root/.cache/pypoetry/virtualenvs/freeprise-matchmaker-BsnH11MF-py3.8/lib/python3.8/site-packages/airflow/example_dags/example_setup_teardown.py
[2024-07-25T07:53:38.397+0000] {processor.py:840} INFO - DAG(s) 'example_setup_teardown' retrieved from /root/.cache/pypoetry/virtualenvs/freeprise-matchmaker-BsnH11MF-py3.8/lib/python3.8/site-packages/airflow/example_dags/example_setup_teardown.py
[2024-07-25T07:53:38.444+0000] {logging_mixin.py:188} INFO - [2024-07-25T07:53:38.443+0000] {dag.py:3089} INFO - Sync 1 DAGs
[2024-07-25T07:53:38.477+0000] {logging_mixin.py:188} INFO - [2024-07-25T07:53:38.476+0000] {dag.py:3947} INFO - Setting next_dagrun for example_setup_teardown to 2024-07-24 00:00:00+00:00, run_after=2024-07-25 00:00:00+00:00
[2024-07-25T07:53:38.503+0000] {processor.py:183} INFO - Processing /root/.cache/pypoetry/virtualenvs/freeprise-matchmaker-BsnH11MF-py3.8/lib/python3.8/site-packages/airflow/example_dags/example_setup_teardown.py took 0.142 seconds
[2024-07-25T07:54:08.860+0000] {processor.py:161} INFO - Started process (PID=2151) to work on /root/.cache/pypoetry/virtualenvs/freeprise-matchmaker-BsnH11MF-py3.8/lib/python3.8/site-packages/airflow/example_dags/example_setup_teardown.py
[2024-07-25T07:54:08.863+0000] {processor.py:830} INFO - Processing file /root/.cache/pypoetry/virtualenvs/freeprise-matchmaker-BsnH11MF-py3.8/lib/python3.8/site-packages/airflow/example_dags/example_setup_teardown.py for tasks to queue
[2024-07-25T07:54:08.866+0000] {logging_mixin.py:188} INFO - [2024-07-25T07:54:08.865+0000] {dagbag.py:545} INFO - Filling up the DagBag from /root/.cache/pypoetry/virtualenvs/freeprise-matchmaker-BsnH11MF-py3.8/lib/python3.8/site-packages/airflow/example_dags/example_setup_teardown.py
[2024-07-25T07:54:08.881+0000] {processor.py:840} INFO - DAG(s) 'example_setup_teardown' retrieved from /root/.cache/pypoetry/virtualenvs/freeprise-matchmaker-BsnH11MF-py3.8/lib/python3.8/site-packages/airflow/example_dags/example_setup_teardown.py
[2024-07-25T07:54:08.930+0000] {logging_mixin.py:188} INFO - [2024-07-25T07:54:08.929+0000] {dag.py:3089} INFO - Sync 1 DAGs
[2024-07-25T07:54:08.965+0000] {logging_mixin.py:188} INFO - [2024-07-25T07:54:08.964+0000] {dag.py:3947} INFO - Setting next_dagrun for example_setup_teardown to 2024-07-24 00:00:00+00:00, run_after=2024-07-25 00:00:00+00:00
[2024-07-25T07:54:08.991+0000] {processor.py:183} INFO - Processing /root/.cache/pypoetry/virtualenvs/freeprise-matchmaker-BsnH11MF-py3.8/lib/python3.8/site-packages/airflow/example_dags/example_setup_teardown.py took 0.148 seconds
[2024-07-25T07:54:39.286+0000] {processor.py:161} INFO - Started process (PID=2417) to work on /root/.cache/pypoetry/virtualenvs/freeprise-matchmaker-BsnH11MF-py3.8/lib/python3.8/site-packages/airflow/example_dags/example_setup_teardown.py
[2024-07-25T07:54:39.288+0000] {processor.py:830} INFO - Processing file /root/.cache/pypoetry/virtualenvs/freeprise-matchmaker-BsnH11MF-py3.8/lib/python3.8/site-packages/airflow/example_dags/example_setup_teardown.py for tasks to queue
[2024-07-25T07:54:39.292+0000] {logging_mixin.py:188} INFO - [2024-07-25T07:54:39.292+0000] {dagbag.py:545} INFO - Filling up the DagBag from /root/.cache/pypoetry/virtualenvs/freeprise-matchmaker-BsnH11MF-py3.8/lib/python3.8/site-packages/airflow/example_dags/example_setup_teardown.py
[2024-07-25T07:54:39.307+0000] {processor.py:840} INFO - DAG(s) 'example_setup_teardown' retrieved from /root/.cache/pypoetry/virtualenvs/freeprise-matchmaker-BsnH11MF-py3.8/lib/python3.8/site-packages/airflow/example_dags/example_setup_teardown.py
[2024-07-25T07:54:39.352+0000] {logging_mixin.py:188} INFO - [2024-07-25T07:54:39.352+0000] {dag.py:3089} INFO - Sync 1 DAGs
[2024-07-25T07:54:39.385+0000] {logging_mixin.py:188} INFO - [2024-07-25T07:54:39.385+0000] {dag.py:3947} INFO - Setting next_dagrun for example_setup_teardown to 2024-07-24 00:00:00+00:00, run_after=2024-07-25 00:00:00+00:00
[2024-07-25T07:54:39.412+0000] {processor.py:183} INFO - Processing /root/.cache/pypoetry/virtualenvs/freeprise-matchmaker-BsnH11MF-py3.8/lib/python3.8/site-packages/airflow/example_dags/example_setup_teardown.py took 0.142 seconds
[2024-07-25T07:55:09.670+0000] {processor.py:161} INFO - Started process (PID=2683) to work on /root/.cache/pypoetry/virtualenvs/freeprise-matchmaker-BsnH11MF-py3.8/lib/python3.8/site-packages/airflow/example_dags/example_setup_teardown.py
[2024-07-25T07:55:09.673+0000] {processor.py:830} INFO - Processing file /root/.cache/pypoetry/virtualenvs/freeprise-matchmaker-BsnH11MF-py3.8/lib/python3.8/site-packages/airflow/example_dags/example_setup_teardown.py for tasks to queue
[2024-07-25T07:55:09.677+0000] {logging_mixin.py:188} INFO - [2024-07-25T07:55:09.676+0000] {dagbag.py:545} INFO - Filling up the DagBag from /root/.cache/pypoetry/virtualenvs/freeprise-matchmaker-BsnH11MF-py3.8/lib/python3.8/site-packages/airflow/example_dags/example_setup_teardown.py
[2024-07-25T07:55:09.692+0000] {processor.py:840} INFO - DAG(s) 'example_setup_teardown' retrieved from /root/.cache/pypoetry/virtualenvs/freeprise-matchmaker-BsnH11MF-py3.8/lib/python3.8/site-packages/airflow/example_dags/example_setup_teardown.py
[2024-07-25T07:55:09.742+0000] {logging_mixin.py:188} INFO - [2024-07-25T07:55:09.742+0000] {dag.py:3089} INFO - Sync 1 DAGs
[2024-07-25T07:55:09.777+0000] {logging_mixin.py:188} INFO - [2024-07-25T07:55:09.777+0000] {dag.py:3947} INFO - Setting next_dagrun for example_setup_teardown to 2024-07-24 00:00:00+00:00, run_after=2024-07-25 00:00:00+00:00
[2024-07-25T07:55:09.806+0000] {processor.py:183} INFO - Processing /root/.cache/pypoetry/virtualenvs/freeprise-matchmaker-BsnH11MF-py3.8/lib/python3.8/site-packages/airflow/example_dags/example_setup_teardown.py took 0.153 seconds
[2024-07-25T07:55:39.923+0000] {processor.py:161} INFO - Started process (PID=2947) to work on /root/.cache/pypoetry/virtualenvs/freeprise-matchmaker-BsnH11MF-py3.8/lib/python3.8/site-packages/airflow/example_dags/example_setup_teardown.py
[2024-07-25T07:55:39.924+0000] {processor.py:830} INFO - Processing file /root/.cache/pypoetry/virtualenvs/freeprise-matchmaker-BsnH11MF-py3.8/lib/python3.8/site-packages/airflow/example_dags/example_setup_teardown.py for tasks to queue
[2024-07-25T07:55:39.927+0000] {logging_mixin.py:188} INFO - [2024-07-25T07:55:39.927+0000] {dagbag.py:545} INFO - Filling up the DagBag from /root/.cache/pypoetry/virtualenvs/freeprise-matchmaker-BsnH11MF-py3.8/lib/python3.8/site-packages/airflow/example_dags/example_setup_teardown.py
[2024-07-25T07:55:39.942+0000] {processor.py:840} INFO - DAG(s) 'example_setup_teardown' retrieved from /root/.cache/pypoetry/virtualenvs/freeprise-matchmaker-BsnH11MF-py3.8/lib/python3.8/site-packages/airflow/example_dags/example_setup_teardown.py
[2024-07-25T07:55:39.989+0000] {logging_mixin.py:188} INFO - [2024-07-25T07:55:39.988+0000] {dag.py:3089} INFO - Sync 1 DAGs
[2024-07-25T07:55:40.023+0000] {logging_mixin.py:188} INFO - [2024-07-25T07:55:40.022+0000] {dag.py:3947} INFO - Setting next_dagrun for example_setup_teardown to 2024-07-24 00:00:00+00:00, run_after=2024-07-25 00:00:00+00:00
[2024-07-25T07:55:40.056+0000] {processor.py:183} INFO - Processing /root/.cache/pypoetry/virtualenvs/freeprise-matchmaker-BsnH11MF-py3.8/lib/python3.8/site-packages/airflow/example_dags/example_setup_teardown.py took 0.150 seconds
[2024-07-25T07:56:10.500+0000] {processor.py:161} INFO - Started process (PID=3213) to work on /root/.cache/pypoetry/virtualenvs/freeprise-matchmaker-BsnH11MF-py3.8/lib/python3.8/site-packages/airflow/example_dags/example_setup_teardown.py
[2024-07-25T07:56:10.503+0000] {processor.py:830} INFO - Processing file /root/.cache/pypoetry/virtualenvs/freeprise-matchmaker-BsnH11MF-py3.8/lib/python3.8/site-packages/airflow/example_dags/example_setup_teardown.py for tasks to queue
[2024-07-25T07:56:10.506+0000] {logging_mixin.py:188} INFO - [2024-07-25T07:56:10.505+0000] {dagbag.py:545} INFO - Filling up the DagBag from /root/.cache/pypoetry/virtualenvs/freeprise-matchmaker-BsnH11MF-py3.8/lib/python3.8/site-packages/airflow/example_dags/example_setup_teardown.py
[2024-07-25T07:56:10.520+0000] {processor.py:840} INFO - DAG(s) 'example_setup_teardown' retrieved from /root/.cache/pypoetry/virtualenvs/freeprise-matchmaker-BsnH11MF-py3.8/lib/python3.8/site-packages/airflow/example_dags/example_setup_teardown.py
[2024-07-25T07:56:10.563+0000] {logging_mixin.py:188} INFO - [2024-07-25T07:56:10.562+0000] {dag.py:3089} INFO - Sync 1 DAGs
[2024-07-25T07:56:10.599+0000] {logging_mixin.py:188} INFO - [2024-07-25T07:56:10.599+0000] {dag.py:3947} INFO - Setting next_dagrun for example_setup_teardown to 2024-07-24 00:00:00+00:00, run_after=2024-07-25 00:00:00+00:00
[2024-07-25T07:56:10.632+0000] {processor.py:183} INFO - Processing /root/.cache/pypoetry/virtualenvs/freeprise-matchmaker-BsnH11MF-py3.8/lib/python3.8/site-packages/airflow/example_dags/example_setup_teardown.py took 0.148 seconds
[2024-07-25T07:56:41.391+0000] {processor.py:161} INFO - Started process (PID=3479) to work on /root/.cache/pypoetry/virtualenvs/freeprise-matchmaker-BsnH11MF-py3.8/lib/python3.8/site-packages/airflow/example_dags/example_setup_teardown.py
[2024-07-25T07:56:41.393+0000] {processor.py:830} INFO - Processing file /root/.cache/pypoetry/virtualenvs/freeprise-matchmaker-BsnH11MF-py3.8/lib/python3.8/site-packages/airflow/example_dags/example_setup_teardown.py for tasks to queue
[2024-07-25T07:56:41.396+0000] {logging_mixin.py:188} INFO - [2024-07-25T07:56:41.395+0000] {dagbag.py:545} INFO - Filling up the DagBag from /root/.cache/pypoetry/virtualenvs/freeprise-matchmaker-BsnH11MF-py3.8/lib/python3.8/site-packages/airflow/example_dags/example_setup_teardown.py
[2024-07-25T07:56:41.409+0000] {processor.py:840} INFO - DAG(s) 'example_setup_teardown' retrieved from /root/.cache/pypoetry/virtualenvs/freeprise-matchmaker-BsnH11MF-py3.8/lib/python3.8/site-packages/airflow/example_dags/example_setup_teardown.py
[2024-07-25T07:56:41.453+0000] {logging_mixin.py:188} INFO - [2024-07-25T07:56:41.453+0000] {dag.py:3089} INFO - Sync 1 DAGs
[2024-07-25T07:56:41.491+0000] {logging_mixin.py:188} INFO - [2024-07-25T07:56:41.491+0000] {dag.py:3947} INFO - Setting next_dagrun for example_setup_teardown to 2024-07-24 00:00:00+00:00, run_after=2024-07-25 00:00:00+00:00
[2024-07-25T07:56:41.525+0000] {processor.py:183} INFO - Processing /root/.cache/pypoetry/virtualenvs/freeprise-matchmaker-BsnH11MF-py3.8/lib/python3.8/site-packages/airflow/example_dags/example_setup_teardown.py took 0.151 seconds
[2024-07-25T07:57:11.737+0000] {processor.py:161} INFO - Started process (PID=3745) to work on /root/.cache/pypoetry/virtualenvs/freeprise-matchmaker-BsnH11MF-py3.8/lib/python3.8/site-packages/airflow/example_dags/example_setup_teardown.py
[2024-07-25T07:57:11.740+0000] {processor.py:830} INFO - Processing file /root/.cache/pypoetry/virtualenvs/freeprise-matchmaker-BsnH11MF-py3.8/lib/python3.8/site-packages/airflow/example_dags/example_setup_teardown.py for tasks to queue
[2024-07-25T07:57:11.743+0000] {logging_mixin.py:188} INFO - [2024-07-25T07:57:11.742+0000] {dagbag.py:545} INFO - Filling up the DagBag from /root/.cache/pypoetry/virtualenvs/freeprise-matchmaker-BsnH11MF-py3.8/lib/python3.8/site-packages/airflow/example_dags/example_setup_teardown.py
[2024-07-25T07:57:11.755+0000] {processor.py:840} INFO - DAG(s) 'example_setup_teardown' retrieved from /root/.cache/pypoetry/virtualenvs/freeprise-matchmaker-BsnH11MF-py3.8/lib/python3.8/site-packages/airflow/example_dags/example_setup_teardown.py
[2024-07-25T07:57:11.802+0000] {logging_mixin.py:188} INFO - [2024-07-25T07:57:11.802+0000] {dag.py:3089} INFO - Sync 1 DAGs
[2024-07-25T07:57:11.837+0000] {logging_mixin.py:188} INFO - [2024-07-25T07:57:11.837+0000] {dag.py:3947} INFO - Setting next_dagrun for example_setup_teardown to 2024-07-24 00:00:00+00:00, run_after=2024-07-25 00:00:00+00:00
[2024-07-25T07:57:11.868+0000] {processor.py:183} INFO - Processing /root/.cache/pypoetry/virtualenvs/freeprise-matchmaker-BsnH11MF-py3.8/lib/python3.8/site-packages/airflow/example_dags/example_setup_teardown.py took 0.147 seconds
[2024-07-25T07:57:42.276+0000] {processor.py:161} INFO - Started process (PID=4013) to work on /root/.cache/pypoetry/virtualenvs/freeprise-matchmaker-BsnH11MF-py3.8/lib/python3.8/site-packages/airflow/example_dags/example_setup_teardown.py
[2024-07-25T07:57:42.278+0000] {processor.py:830} INFO - Processing file /root/.cache/pypoetry/virtualenvs/freeprise-matchmaker-BsnH11MF-py3.8/lib/python3.8/site-packages/airflow/example_dags/example_setup_teardown.py for tasks to queue
[2024-07-25T07:57:42.281+0000] {logging_mixin.py:188} INFO - [2024-07-25T07:57:42.280+0000] {dagbag.py:545} INFO - Filling up the DagBag from /root/.cache/pypoetry/virtualenvs/freeprise-matchmaker-BsnH11MF-py3.8/lib/python3.8/site-packages/airflow/example_dags/example_setup_teardown.py
[2024-07-25T07:57:42.291+0000] {processor.py:840} INFO - DAG(s) 'example_setup_teardown' retrieved from /root/.cache/pypoetry/virtualenvs/freeprise-matchmaker-BsnH11MF-py3.8/lib/python3.8/site-packages/airflow/example_dags/example_setup_teardown.py
[2024-07-25T07:57:42.336+0000] {logging_mixin.py:188} INFO - [2024-07-25T07:57:42.336+0000] {dag.py:3089} INFO - Sync 1 DAGs
[2024-07-25T07:57:42.381+0000] {logging_mixin.py:188} INFO - [2024-07-25T07:57:42.381+0000] {dag.py:3947} INFO - Setting next_dagrun for example_setup_teardown to 2024-07-24 00:00:00+00:00, run_after=2024-07-25 00:00:00+00:00
[2024-07-25T07:57:42.413+0000] {processor.py:183} INFO - Processing /root/.cache/pypoetry/virtualenvs/freeprise-matchmaker-BsnH11MF-py3.8/lib/python3.8/site-packages/airflow/example_dags/example_setup_teardown.py took 0.150 seconds
[2024-07-25T07:58:13.398+0000] {processor.py:161} INFO - Started process (PID=4277) to work on /root/.cache/pypoetry/virtualenvs/freeprise-matchmaker-BsnH11MF-py3.8/lib/python3.8/site-packages/airflow/example_dags/example_setup_teardown.py
[2024-07-25T07:58:13.400+0000] {processor.py:830} INFO - Processing file /root/.cache/pypoetry/virtualenvs/freeprise-matchmaker-BsnH11MF-py3.8/lib/python3.8/site-packages/airflow/example_dags/example_setup_teardown.py for tasks to queue
[2024-07-25T07:58:13.403+0000] {logging_mixin.py:188} INFO - [2024-07-25T07:58:13.402+0000] {dagbag.py:545} INFO - Filling up the DagBag from /root/.cache/pypoetry/virtualenvs/freeprise-matchmaker-BsnH11MF-py3.8/lib/python3.8/site-packages/airflow/example_dags/example_setup_teardown.py
[2024-07-25T07:58:13.417+0000] {processor.py:840} INFO - DAG(s) 'example_setup_teardown' retrieved from /root/.cache/pypoetry/virtualenvs/freeprise-matchmaker-BsnH11MF-py3.8/lib/python3.8/site-packages/airflow/example_dags/example_setup_teardown.py
[2024-07-25T07:58:13.468+0000] {logging_mixin.py:188} INFO - [2024-07-25T07:58:13.467+0000] {dag.py:3089} INFO - Sync 1 DAGs
[2024-07-25T07:58:13.512+0000] {logging_mixin.py:188} INFO - [2024-07-25T07:58:13.511+0000] {dag.py:3947} INFO - Setting next_dagrun for example_setup_teardown to 2024-07-24 00:00:00+00:00, run_after=2024-07-25 00:00:00+00:00
[2024-07-25T07:58:13.552+0000] {processor.py:183} INFO - Processing /root/.cache/pypoetry/virtualenvs/freeprise-matchmaker-BsnH11MF-py3.8/lib/python3.8/site-packages/airflow/example_dags/example_setup_teardown.py took 0.169 seconds
[2024-07-25T07:58:43.654+0000] {processor.py:161} INFO - Started process (PID=4540) to work on /root/.cache/pypoetry/virtualenvs/freeprise-matchmaker-BsnH11MF-py3.8/lib/python3.8/site-packages/airflow/example_dags/example_setup_teardown.py
[2024-07-25T07:58:43.657+0000] {processor.py:830} INFO - Processing file /root/.cache/pypoetry/virtualenvs/freeprise-matchmaker-BsnH11MF-py3.8/lib/python3.8/site-packages/airflow/example_dags/example_setup_teardown.py for tasks to queue
[2024-07-25T07:58:43.659+0000] {logging_mixin.py:188} INFO - [2024-07-25T07:58:43.659+0000] {dagbag.py:545} INFO - Filling up the DagBag from /root/.cache/pypoetry/virtualenvs/freeprise-matchmaker-BsnH11MF-py3.8/lib/python3.8/site-packages/airflow/example_dags/example_setup_teardown.py
[2024-07-25T07:58:43.677+0000] {processor.py:840} INFO - DAG(s) 'example_setup_teardown' retrieved from /root/.cache/pypoetry/virtualenvs/freeprise-matchmaker-BsnH11MF-py3.8/lib/python3.8/site-packages/airflow/example_dags/example_setup_teardown.py
[2024-07-25T07:58:43.756+0000] {logging_mixin.py:188} INFO - [2024-07-25T07:58:43.755+0000] {dag.py:3089} INFO - Sync 1 DAGs
[2024-07-25T07:58:43.806+0000] {logging_mixin.py:188} INFO - [2024-07-25T07:58:43.806+0000] {dag.py:3947} INFO - Setting next_dagrun for example_setup_teardown to 2024-07-24 00:00:00+00:00, run_after=2024-07-25 00:00:00+00:00
[2024-07-25T07:58:43.833+0000] {processor.py:183} INFO - Processing /root/.cache/pypoetry/virtualenvs/freeprise-matchmaker-BsnH11MF-py3.8/lib/python3.8/site-packages/airflow/example_dags/example_setup_teardown.py took 0.191 seconds
[2024-07-25T07:59:13.936+0000] {processor.py:161} INFO - Started process (PID=4803) to work on /root/.cache/pypoetry/virtualenvs/freeprise-matchmaker-BsnH11MF-py3.8/lib/python3.8/site-packages/airflow/example_dags/example_setup_teardown.py
[2024-07-25T07:59:13.938+0000] {processor.py:830} INFO - Processing file /root/.cache/pypoetry/virtualenvs/freeprise-matchmaker-BsnH11MF-py3.8/lib/python3.8/site-packages/airflow/example_dags/example_setup_teardown.py for tasks to queue
[2024-07-25T07:59:13.941+0000] {logging_mixin.py:188} INFO - [2024-07-25T07:59:13.941+0000] {dagbag.py:545} INFO - Filling up the DagBag from /root/.cache/pypoetry/virtualenvs/freeprise-matchmaker-BsnH11MF-py3.8/lib/python3.8/site-packages/airflow/example_dags/example_setup_teardown.py
[2024-07-25T07:59:13.956+0000] {processor.py:840} INFO - DAG(s) 'example_setup_teardown' retrieved from /root/.cache/pypoetry/virtualenvs/freeprise-matchmaker-BsnH11MF-py3.8/lib/python3.8/site-packages/airflow/example_dags/example_setup_teardown.py
[2024-07-25T07:59:13.998+0000] {logging_mixin.py:188} INFO - [2024-07-25T07:59:13.997+0000] {dag.py:3089} INFO - Sync 1 DAGs
[2024-07-25T07:59:14.038+0000] {logging_mixin.py:188} INFO - [2024-07-25T07:59:14.038+0000] {dag.py:3947} INFO - Setting next_dagrun for example_setup_teardown to 2024-07-24 00:00:00+00:00, run_after=2024-07-25 00:00:00+00:00
[2024-07-25T07:59:14.068+0000] {processor.py:183} INFO - Processing /root/.cache/pypoetry/virtualenvs/freeprise-matchmaker-BsnH11MF-py3.8/lib/python3.8/site-packages/airflow/example_dags/example_setup_teardown.py took 0.148 seconds
[2024-07-25T07:59:44.493+0000] {processor.py:161} INFO - Started process (PID=5069) to work on /root/.cache/pypoetry/virtualenvs/freeprise-matchmaker-BsnH11MF-py3.8/lib/python3.8/site-packages/airflow/example_dags/example_setup_teardown.py
[2024-07-25T07:59:44.494+0000] {processor.py:830} INFO - Processing file /root/.cache/pypoetry/virtualenvs/freeprise-matchmaker-BsnH11MF-py3.8/lib/python3.8/site-packages/airflow/example_dags/example_setup_teardown.py for tasks to queue
[2024-07-25T07:59:44.498+0000] {logging_mixin.py:188} INFO - [2024-07-25T07:59:44.497+0000] {dagbag.py:545} INFO - Filling up the DagBag from /root/.cache/pypoetry/virtualenvs/freeprise-matchmaker-BsnH11MF-py3.8/lib/python3.8/site-packages/airflow/example_dags/example_setup_teardown.py
[2024-07-25T07:59:44.514+0000] {processor.py:840} INFO - DAG(s) 'example_setup_teardown' retrieved from /root/.cache/pypoetry/virtualenvs/freeprise-matchmaker-BsnH11MF-py3.8/lib/python3.8/site-packages/airflow/example_dags/example_setup_teardown.py
[2024-07-25T07:59:44.570+0000] {logging_mixin.py:188} INFO - [2024-07-25T07:59:44.570+0000] {dag.py:3089} INFO - Sync 1 DAGs
[2024-07-25T07:59:44.616+0000] {logging_mixin.py:188} INFO - [2024-07-25T07:59:44.615+0000] {dag.py:3947} INFO - Setting next_dagrun for example_setup_teardown to 2024-07-24 00:00:00+00:00, run_after=2024-07-25 00:00:00+00:00
[2024-07-25T07:59:44.652+0000] {processor.py:183} INFO - Processing /root/.cache/pypoetry/virtualenvs/freeprise-matchmaker-BsnH11MF-py3.8/lib/python3.8/site-packages/airflow/example_dags/example_setup_teardown.py took 0.174 seconds
[2024-07-25T08:00:14.874+0000] {processor.py:161} INFO - Started process (PID=5334) to work on /root/.cache/pypoetry/virtualenvs/freeprise-matchmaker-BsnH11MF-py3.8/lib/python3.8/site-packages/airflow/example_dags/example_setup_teardown.py
[2024-07-25T08:00:14.876+0000] {processor.py:830} INFO - Processing file /root/.cache/pypoetry/virtualenvs/freeprise-matchmaker-BsnH11MF-py3.8/lib/python3.8/site-packages/airflow/example_dags/example_setup_teardown.py for tasks to queue
[2024-07-25T08:00:14.879+0000] {logging_mixin.py:188} INFO - [2024-07-25T08:00:14.878+0000] {dagbag.py:545} INFO - Filling up the DagBag from /root/.cache/pypoetry/virtualenvs/freeprise-matchmaker-BsnH11MF-py3.8/lib/python3.8/site-packages/airflow/example_dags/example_setup_teardown.py
[2024-07-25T08:00:14.893+0000] {processor.py:840} INFO - DAG(s) 'example_setup_teardown' retrieved from /root/.cache/pypoetry/virtualenvs/freeprise-matchmaker-BsnH11MF-py3.8/lib/python3.8/site-packages/airflow/example_dags/example_setup_teardown.py
[2024-07-25T08:00:14.947+0000] {logging_mixin.py:188} INFO - [2024-07-25T08:00:14.946+0000] {dag.py:3089} INFO - Sync 1 DAGs
[2024-07-25T08:00:14.992+0000] {logging_mixin.py:188} INFO - [2024-07-25T08:00:14.991+0000] {dag.py:3947} INFO - Setting next_dagrun for example_setup_teardown to 2024-07-24 00:00:00+00:00, run_after=2024-07-25 00:00:00+00:00
[2024-07-25T08:00:15.029+0000] {processor.py:183} INFO - Processing /root/.cache/pypoetry/virtualenvs/freeprise-matchmaker-BsnH11MF-py3.8/lib/python3.8/site-packages/airflow/example_dags/example_setup_teardown.py took 0.168 seconds
[2024-07-25T08:00:45.540+0000] {processor.py:161} INFO - Started process (PID=5599) to work on /root/.cache/pypoetry/virtualenvs/freeprise-matchmaker-BsnH11MF-py3.8/lib/python3.8/site-packages/airflow/example_dags/example_setup_teardown.py
[2024-07-25T08:00:45.547+0000] {processor.py:830} INFO - Processing file /root/.cache/pypoetry/virtualenvs/freeprise-matchmaker-BsnH11MF-py3.8/lib/python3.8/site-packages/airflow/example_dags/example_setup_teardown.py for tasks to queue
[2024-07-25T08:00:45.555+0000] {logging_mixin.py:188} INFO - [2024-07-25T08:00:45.554+0000] {dagbag.py:545} INFO - Filling up the DagBag from /root/.cache/pypoetry/virtualenvs/freeprise-matchmaker-BsnH11MF-py3.8/lib/python3.8/site-packages/airflow/example_dags/example_setup_teardown.py
[2024-07-25T08:00:45.594+0000] {processor.py:840} INFO - DAG(s) 'example_setup_teardown' retrieved from /root/.cache/pypoetry/virtualenvs/freeprise-matchmaker-BsnH11MF-py3.8/lib/python3.8/site-packages/airflow/example_dags/example_setup_teardown.py
[2024-07-25T08:00:45.839+0000] {logging_mixin.py:188} INFO - [2024-07-25T08:00:45.838+0000] {dag.py:3089} INFO - Sync 1 DAGs
[2024-07-25T08:00:46.014+0000] {logging_mixin.py:188} INFO - [2024-07-25T08:00:46.012+0000] {dag.py:3947} INFO - Setting next_dagrun for example_setup_teardown to 2024-07-24 00:00:00+00:00, run_after=2024-07-25 00:00:00+00:00
[2024-07-25T08:00:46.226+0000] {processor.py:183} INFO - Processing /root/.cache/pypoetry/virtualenvs/freeprise-matchmaker-BsnH11MF-py3.8/lib/python3.8/site-packages/airflow/example_dags/example_setup_teardown.py took 0.721 seconds
