[2024-07-25T07:50:31.666+0000] {processor.py:161} INFO - Started process (PID=372) to work on /root/.cache/pypoetry/virtualenvs/freeprise-matchmaker-BsnH11MF-py3.8/lib/python3.8/site-packages/airflow/example_dags/example_dynamic_task_mapping.py
[2024-07-25T07:50:31.668+0000] {processor.py:830} INFO - Processing file /root/.cache/pypoetry/virtualenvs/freeprise-matchmaker-BsnH11MF-py3.8/lib/python3.8/site-packages/airflow/example_dags/example_dynamic_task_mapping.py for tasks to queue
[2024-07-25T07:50:31.670+0000] {logging_mixin.py:188} INFO - [2024-07-25T07:50:31.670+0000] {dagbag.py:545} INFO - Filling up the DagBag from /root/.cache/pypoetry/virtualenvs/freeprise-matchmaker-BsnH11MF-py3.8/lib/python3.8/site-packages/airflow/example_dags/example_dynamic_task_mapping.py
[2024-07-25T07:50:31.680+0000] {processor.py:840} INFO - DAG(s) 'example_dynamic_task_mapping' retrieved from /root/.cache/pypoetry/virtualenvs/freeprise-matchmaker-BsnH11MF-py3.8/lib/python3.8/site-packages/airflow/example_dags/example_dynamic_task_mapping.py
[2024-07-25T07:50:31.708+0000] {logging_mixin.py:188} INFO - [2024-07-25T07:50:31.708+0000] {dag.py:3089} INFO - Sync 1 DAGs
[2024-07-25T07:50:31.744+0000] {logging_mixin.py:188} INFO - [2024-07-25T07:50:31.743+0000] {dag.py:3947} INFO - Setting next_dagrun for example_dynamic_task_mapping to 2022-03-04 00:00:00+00:00, run_after=2022-03-05 00:00:00+00:00
[2024-07-25T07:50:31.783+0000] {processor.py:183} INFO - Processing /root/.cache/pypoetry/virtualenvs/freeprise-matchmaker-BsnH11MF-py3.8/lib/python3.8/site-packages/airflow/example_dags/example_dynamic_task_mapping.py took 0.128 seconds
[2024-07-25T07:51:07.953+0000] {processor.py:161} INFO - Started process (PID=638) to work on /root/.cache/pypoetry/virtualenvs/freeprise-matchmaker-BsnH11MF-py3.8/lib/python3.8/site-packages/airflow/example_dags/example_dynamic_task_mapping.py
[2024-07-25T07:51:07.956+0000] {processor.py:830} INFO - Processing file /root/.cache/pypoetry/virtualenvs/freeprise-matchmaker-BsnH11MF-py3.8/lib/python3.8/site-packages/airflow/example_dags/example_dynamic_task_mapping.py for tasks to queue
[2024-07-25T07:51:07.959+0000] {logging_mixin.py:188} INFO - [2024-07-25T07:51:07.958+0000] {dagbag.py:545} INFO - Filling up the DagBag from /root/.cache/pypoetry/virtualenvs/freeprise-matchmaker-BsnH11MF-py3.8/lib/python3.8/site-packages/airflow/example_dags/example_dynamic_task_mapping.py
[2024-07-25T07:51:07.970+0000] {processor.py:840} INFO - DAG(s) 'example_dynamic_task_mapping' retrieved from /root/.cache/pypoetry/virtualenvs/freeprise-matchmaker-BsnH11MF-py3.8/lib/python3.8/site-packages/airflow/example_dags/example_dynamic_task_mapping.py
[2024-07-25T07:51:08.310+0000] {logging_mixin.py:188} INFO - [2024-07-25T07:51:08.310+0000] {dag.py:3089} INFO - Sync 1 DAGs
[2024-07-25T07:51:08.340+0000] {logging_mixin.py:188} INFO - [2024-07-25T07:51:08.340+0000] {dag.py:3947} INFO - Setting next_dagrun for example_dynamic_task_mapping to 2022-03-04 00:00:00+00:00, run_after=2022-03-05 00:00:00+00:00
[2024-07-25T07:51:08.368+0000] {processor.py:183} INFO - Processing /root/.cache/pypoetry/virtualenvs/freeprise-matchmaker-BsnH11MF-py3.8/lib/python3.8/site-packages/airflow/example_dags/example_dynamic_task_mapping.py took 0.426 seconds
[2024-07-25T07:51:38.710+0000] {processor.py:161} INFO - Started process (PID=904) to work on /root/.cache/pypoetry/virtualenvs/freeprise-matchmaker-BsnH11MF-py3.8/lib/python3.8/site-packages/airflow/example_dags/example_dynamic_task_mapping.py
[2024-07-25T07:51:38.711+0000] {processor.py:830} INFO - Processing file /root/.cache/pypoetry/virtualenvs/freeprise-matchmaker-BsnH11MF-py3.8/lib/python3.8/site-packages/airflow/example_dags/example_dynamic_task_mapping.py for tasks to queue
[2024-07-25T07:51:38.715+0000] {logging_mixin.py:188} INFO - [2024-07-25T07:51:38.714+0000] {dagbag.py:545} INFO - Filling up the DagBag from /root/.cache/pypoetry/virtualenvs/freeprise-matchmaker-BsnH11MF-py3.8/lib/python3.8/site-packages/airflow/example_dags/example_dynamic_task_mapping.py
[2024-07-25T07:51:38.728+0000] {processor.py:840} INFO - DAG(s) 'example_dynamic_task_mapping' retrieved from /root/.cache/pypoetry/virtualenvs/freeprise-matchmaker-BsnH11MF-py3.8/lib/python3.8/site-packages/airflow/example_dags/example_dynamic_task_mapping.py
[2024-07-25T07:51:38.780+0000] {logging_mixin.py:188} INFO - [2024-07-25T07:51:38.779+0000] {dag.py:3089} INFO - Sync 1 DAGs
[2024-07-25T07:51:38.823+0000] {logging_mixin.py:188} INFO - [2024-07-25T07:51:38.823+0000] {dag.py:3947} INFO - Setting next_dagrun for example_dynamic_task_mapping to 2022-03-04 00:00:00+00:00, run_after=2022-03-05 00:00:00+00:00
[2024-07-25T07:51:38.856+0000] {processor.py:183} INFO - Processing /root/.cache/pypoetry/virtualenvs/freeprise-matchmaker-BsnH11MF-py3.8/lib/python3.8/site-packages/airflow/example_dags/example_dynamic_task_mapping.py took 0.161 seconds
[2024-07-25T07:52:09.250+0000] {processor.py:161} INFO - Started process (PID=1170) to work on /root/.cache/pypoetry/virtualenvs/freeprise-matchmaker-BsnH11MF-py3.8/lib/python3.8/site-packages/airflow/example_dags/example_dynamic_task_mapping.py
[2024-07-25T07:52:09.253+0000] {processor.py:830} INFO - Processing file /root/.cache/pypoetry/virtualenvs/freeprise-matchmaker-BsnH11MF-py3.8/lib/python3.8/site-packages/airflow/example_dags/example_dynamic_task_mapping.py for tasks to queue
[2024-07-25T07:52:09.256+0000] {logging_mixin.py:188} INFO - [2024-07-25T07:52:09.255+0000] {dagbag.py:545} INFO - Filling up the DagBag from /root/.cache/pypoetry/virtualenvs/freeprise-matchmaker-BsnH11MF-py3.8/lib/python3.8/site-packages/airflow/example_dags/example_dynamic_task_mapping.py
[2024-07-25T07:52:09.270+0000] {processor.py:840} INFO - DAG(s) 'example_dynamic_task_mapping' retrieved from /root/.cache/pypoetry/virtualenvs/freeprise-matchmaker-BsnH11MF-py3.8/lib/python3.8/site-packages/airflow/example_dags/example_dynamic_task_mapping.py
[2024-07-25T07:52:09.313+0000] {logging_mixin.py:188} INFO - [2024-07-25T07:52:09.312+0000] {dag.py:3089} INFO - Sync 1 DAGs
[2024-07-25T07:52:09.348+0000] {logging_mixin.py:188} INFO - [2024-07-25T07:52:09.348+0000] {dag.py:3947} INFO - Setting next_dagrun for example_dynamic_task_mapping to 2022-03-04 00:00:00+00:00, run_after=2022-03-05 00:00:00+00:00
[2024-07-25T07:52:09.375+0000] {processor.py:183} INFO - Processing /root/.cache/pypoetry/virtualenvs/freeprise-matchmaker-BsnH11MF-py3.8/lib/python3.8/site-packages/airflow/example_dags/example_dynamic_task_mapping.py took 0.140 seconds
[2024-07-25T07:52:39.556+0000] {processor.py:161} INFO - Started process (PID=1436) to work on /root/.cache/pypoetry/virtualenvs/freeprise-matchmaker-BsnH11MF-py3.8/lib/python3.8/site-packages/airflow/example_dags/example_dynamic_task_mapping.py
[2024-07-25T07:52:39.558+0000] {processor.py:830} INFO - Processing file /root/.cache/pypoetry/virtualenvs/freeprise-matchmaker-BsnH11MF-py3.8/lib/python3.8/site-packages/airflow/example_dags/example_dynamic_task_mapping.py for tasks to queue
[2024-07-25T07:52:39.560+0000] {logging_mixin.py:188} INFO - [2024-07-25T07:52:39.560+0000] {dagbag.py:545} INFO - Filling up the DagBag from /root/.cache/pypoetry/virtualenvs/freeprise-matchmaker-BsnH11MF-py3.8/lib/python3.8/site-packages/airflow/example_dags/example_dynamic_task_mapping.py
[2024-07-25T07:52:39.571+0000] {processor.py:840} INFO - DAG(s) 'example_dynamic_task_mapping' retrieved from /root/.cache/pypoetry/virtualenvs/freeprise-matchmaker-BsnH11MF-py3.8/lib/python3.8/site-packages/airflow/example_dags/example_dynamic_task_mapping.py
[2024-07-25T07:52:39.614+0000] {logging_mixin.py:188} INFO - [2024-07-25T07:52:39.613+0000] {dag.py:3089} INFO - Sync 1 DAGs
[2024-07-25T07:52:39.650+0000] {logging_mixin.py:188} INFO - [2024-07-25T07:52:39.650+0000] {dag.py:3947} INFO - Setting next_dagrun for example_dynamic_task_mapping to 2022-03-04 00:00:00+00:00, run_after=2022-03-05 00:00:00+00:00
[2024-07-25T07:52:39.680+0000] {processor.py:183} INFO - Processing /root/.cache/pypoetry/virtualenvs/freeprise-matchmaker-BsnH11MF-py3.8/lib/python3.8/site-packages/airflow/example_dags/example_dynamic_task_mapping.py took 0.139 seconds
[2024-07-25T07:53:10.362+0000] {processor.py:161} INFO - Started process (PID=1702) to work on /root/.cache/pypoetry/virtualenvs/freeprise-matchmaker-BsnH11MF-py3.8/lib/python3.8/site-packages/airflow/example_dags/example_dynamic_task_mapping.py
[2024-07-25T07:53:10.365+0000] {processor.py:830} INFO - Processing file /root/.cache/pypoetry/virtualenvs/freeprise-matchmaker-BsnH11MF-py3.8/lib/python3.8/site-packages/airflow/example_dags/example_dynamic_task_mapping.py for tasks to queue
[2024-07-25T07:53:10.368+0000] {logging_mixin.py:188} INFO - [2024-07-25T07:53:10.367+0000] {dagbag.py:545} INFO - Filling up the DagBag from /root/.cache/pypoetry/virtualenvs/freeprise-matchmaker-BsnH11MF-py3.8/lib/python3.8/site-packages/airflow/example_dags/example_dynamic_task_mapping.py
[2024-07-25T07:53:10.382+0000] {processor.py:840} INFO - DAG(s) 'example_dynamic_task_mapping' retrieved from /root/.cache/pypoetry/virtualenvs/freeprise-matchmaker-BsnH11MF-py3.8/lib/python3.8/site-packages/airflow/example_dags/example_dynamic_task_mapping.py
[2024-07-25T07:53:10.424+0000] {logging_mixin.py:188} INFO - [2024-07-25T07:53:10.424+0000] {dag.py:3089} INFO - Sync 1 DAGs
[2024-07-25T07:53:10.460+0000] {logging_mixin.py:188} INFO - [2024-07-25T07:53:10.459+0000] {dag.py:3947} INFO - Setting next_dagrun for example_dynamic_task_mapping to 2022-03-04 00:00:00+00:00, run_after=2022-03-05 00:00:00+00:00
[2024-07-25T07:53:10.489+0000] {processor.py:183} INFO - Processing /root/.cache/pypoetry/virtualenvs/freeprise-matchmaker-BsnH11MF-py3.8/lib/python3.8/site-packages/airflow/example_dags/example_dynamic_task_mapping.py took 0.142 seconds
[2024-07-25T07:53:40.902+0000] {processor.py:161} INFO - Started process (PID=1968) to work on /root/.cache/pypoetry/virtualenvs/freeprise-matchmaker-BsnH11MF-py3.8/lib/python3.8/site-packages/airflow/example_dags/example_dynamic_task_mapping.py
[2024-07-25T07:53:40.905+0000] {processor.py:830} INFO - Processing file /root/.cache/pypoetry/virtualenvs/freeprise-matchmaker-BsnH11MF-py3.8/lib/python3.8/site-packages/airflow/example_dags/example_dynamic_task_mapping.py for tasks to queue
[2024-07-25T07:53:40.907+0000] {logging_mixin.py:188} INFO - [2024-07-25T07:53:40.907+0000] {dagbag.py:545} INFO - Filling up the DagBag from /root/.cache/pypoetry/virtualenvs/freeprise-matchmaker-BsnH11MF-py3.8/lib/python3.8/site-packages/airflow/example_dags/example_dynamic_task_mapping.py
[2024-07-25T07:53:40.918+0000] {processor.py:840} INFO - DAG(s) 'example_dynamic_task_mapping' retrieved from /root/.cache/pypoetry/virtualenvs/freeprise-matchmaker-BsnH11MF-py3.8/lib/python3.8/site-packages/airflow/example_dags/example_dynamic_task_mapping.py
[2024-07-25T07:53:40.961+0000] {logging_mixin.py:188} INFO - [2024-07-25T07:53:40.960+0000] {dag.py:3089} INFO - Sync 1 DAGs
[2024-07-25T07:53:40.997+0000] {logging_mixin.py:188} INFO - [2024-07-25T07:53:40.997+0000] {dag.py:3947} INFO - Setting next_dagrun for example_dynamic_task_mapping to 2022-03-04 00:00:00+00:00, run_after=2022-03-05 00:00:00+00:00
[2024-07-25T07:53:41.028+0000] {processor.py:183} INFO - Processing /root/.cache/pypoetry/virtualenvs/freeprise-matchmaker-BsnH11MF-py3.8/lib/python3.8/site-packages/airflow/example_dags/example_dynamic_task_mapping.py took 0.139 seconds
[2024-07-25T07:54:11.355+0000] {processor.py:161} INFO - Started process (PID=2234) to work on /root/.cache/pypoetry/virtualenvs/freeprise-matchmaker-BsnH11MF-py3.8/lib/python3.8/site-packages/airflow/example_dags/example_dynamic_task_mapping.py
[2024-07-25T07:54:11.357+0000] {processor.py:830} INFO - Processing file /root/.cache/pypoetry/virtualenvs/freeprise-matchmaker-BsnH11MF-py3.8/lib/python3.8/site-packages/airflow/example_dags/example_dynamic_task_mapping.py for tasks to queue
[2024-07-25T07:54:11.360+0000] {logging_mixin.py:188} INFO - [2024-07-25T07:54:11.359+0000] {dagbag.py:545} INFO - Filling up the DagBag from /root/.cache/pypoetry/virtualenvs/freeprise-matchmaker-BsnH11MF-py3.8/lib/python3.8/site-packages/airflow/example_dags/example_dynamic_task_mapping.py
[2024-07-25T07:54:11.374+0000] {processor.py:840} INFO - DAG(s) 'example_dynamic_task_mapping' retrieved from /root/.cache/pypoetry/virtualenvs/freeprise-matchmaker-BsnH11MF-py3.8/lib/python3.8/site-packages/airflow/example_dags/example_dynamic_task_mapping.py
[2024-07-25T07:54:11.418+0000] {logging_mixin.py:188} INFO - [2024-07-25T07:54:11.417+0000] {dag.py:3089} INFO - Sync 1 DAGs
[2024-07-25T07:54:11.457+0000] {logging_mixin.py:188} INFO - [2024-07-25T07:54:11.457+0000] {dag.py:3947} INFO - Setting next_dagrun for example_dynamic_task_mapping to 2022-03-04 00:00:00+00:00, run_after=2022-03-05 00:00:00+00:00
[2024-07-25T07:54:11.491+0000] {processor.py:183} INFO - Processing /root/.cache/pypoetry/virtualenvs/freeprise-matchmaker-BsnH11MF-py3.8/lib/python3.8/site-packages/airflow/example_dags/example_dynamic_task_mapping.py took 0.152 seconds
[2024-07-25T07:54:42.011+0000] {processor.py:161} INFO - Started process (PID=2500) to work on /root/.cache/pypoetry/virtualenvs/freeprise-matchmaker-BsnH11MF-py3.8/lib/python3.8/site-packages/airflow/example_dags/example_dynamic_task_mapping.py
[2024-07-25T07:54:42.012+0000] {processor.py:830} INFO - Processing file /root/.cache/pypoetry/virtualenvs/freeprise-matchmaker-BsnH11MF-py3.8/lib/python3.8/site-packages/airflow/example_dags/example_dynamic_task_mapping.py for tasks to queue
[2024-07-25T07:54:42.015+0000] {logging_mixin.py:188} INFO - [2024-07-25T07:54:42.014+0000] {dagbag.py:545} INFO - Filling up the DagBag from /root/.cache/pypoetry/virtualenvs/freeprise-matchmaker-BsnH11MF-py3.8/lib/python3.8/site-packages/airflow/example_dags/example_dynamic_task_mapping.py
[2024-07-25T07:54:42.025+0000] {processor.py:840} INFO - DAG(s) 'example_dynamic_task_mapping' retrieved from /root/.cache/pypoetry/virtualenvs/freeprise-matchmaker-BsnH11MF-py3.8/lib/python3.8/site-packages/airflow/example_dags/example_dynamic_task_mapping.py
[2024-07-25T07:54:42.073+0000] {logging_mixin.py:188} INFO - [2024-07-25T07:54:42.072+0000] {dag.py:3089} INFO - Sync 1 DAGs
[2024-07-25T07:54:42.115+0000] {logging_mixin.py:188} INFO - [2024-07-25T07:54:42.115+0000] {dag.py:3947} INFO - Setting next_dagrun for example_dynamic_task_mapping to 2022-03-04 00:00:00+00:00, run_after=2022-03-05 00:00:00+00:00
[2024-07-25T07:54:42.147+0000] {processor.py:183} INFO - Processing /root/.cache/pypoetry/virtualenvs/freeprise-matchmaker-BsnH11MF-py3.8/lib/python3.8/site-packages/airflow/example_dags/example_dynamic_task_mapping.py took 0.149 seconds
[2024-07-25T07:55:12.264+0000] {processor.py:161} INFO - Started process (PID=2763) to work on /root/.cache/pypoetry/virtualenvs/freeprise-matchmaker-BsnH11MF-py3.8/lib/python3.8/site-packages/airflow/example_dags/example_dynamic_task_mapping.py
[2024-07-25T07:55:12.267+0000] {processor.py:830} INFO - Processing file /root/.cache/pypoetry/virtualenvs/freeprise-matchmaker-BsnH11MF-py3.8/lib/python3.8/site-packages/airflow/example_dags/example_dynamic_task_mapping.py for tasks to queue
[2024-07-25T07:55:12.270+0000] {logging_mixin.py:188} INFO - [2024-07-25T07:55:12.269+0000] {dagbag.py:545} INFO - Filling up the DagBag from /root/.cache/pypoetry/virtualenvs/freeprise-matchmaker-BsnH11MF-py3.8/lib/python3.8/site-packages/airflow/example_dags/example_dynamic_task_mapping.py
[2024-07-25T07:55:12.280+0000] {processor.py:840} INFO - DAG(s) 'example_dynamic_task_mapping' retrieved from /root/.cache/pypoetry/virtualenvs/freeprise-matchmaker-BsnH11MF-py3.8/lib/python3.8/site-packages/airflow/example_dags/example_dynamic_task_mapping.py
[2024-07-25T07:55:12.317+0000] {logging_mixin.py:188} INFO - [2024-07-25T07:55:12.317+0000] {dag.py:3089} INFO - Sync 1 DAGs
[2024-07-25T07:55:12.351+0000] {logging_mixin.py:188} INFO - [2024-07-25T07:55:12.350+0000] {dag.py:3947} INFO - Setting next_dagrun for example_dynamic_task_mapping to 2022-03-04 00:00:00+00:00, run_after=2022-03-05 00:00:00+00:00
[2024-07-25T07:55:12.377+0000] {processor.py:183} INFO - Processing /root/.cache/pypoetry/virtualenvs/freeprise-matchmaker-BsnH11MF-py3.8/lib/python3.8/site-packages/airflow/example_dags/example_dynamic_task_mapping.py took 0.125 seconds
[2024-07-25T07:55:42.493+0000] {processor.py:161} INFO - Started process (PID=3029) to work on /root/.cache/pypoetry/virtualenvs/freeprise-matchmaker-BsnH11MF-py3.8/lib/python3.8/site-packages/airflow/example_dags/example_dynamic_task_mapping.py
[2024-07-25T07:55:42.494+0000] {processor.py:830} INFO - Processing file /root/.cache/pypoetry/virtualenvs/freeprise-matchmaker-BsnH11MF-py3.8/lib/python3.8/site-packages/airflow/example_dags/example_dynamic_task_mapping.py for tasks to queue
[2024-07-25T07:55:42.497+0000] {logging_mixin.py:188} INFO - [2024-07-25T07:55:42.496+0000] {dagbag.py:545} INFO - Filling up the DagBag from /root/.cache/pypoetry/virtualenvs/freeprise-matchmaker-BsnH11MF-py3.8/lib/python3.8/site-packages/airflow/example_dags/example_dynamic_task_mapping.py
[2024-07-25T07:55:42.508+0000] {processor.py:840} INFO - DAG(s) 'example_dynamic_task_mapping' retrieved from /root/.cache/pypoetry/virtualenvs/freeprise-matchmaker-BsnH11MF-py3.8/lib/python3.8/site-packages/airflow/example_dags/example_dynamic_task_mapping.py
[2024-07-25T07:55:42.547+0000] {logging_mixin.py:188} INFO - [2024-07-25T07:55:42.546+0000] {dag.py:3089} INFO - Sync 1 DAGs
[2024-07-25T07:55:42.581+0000] {logging_mixin.py:188} INFO - [2024-07-25T07:55:42.580+0000] {dag.py:3947} INFO - Setting next_dagrun for example_dynamic_task_mapping to 2022-03-04 00:00:00+00:00, run_after=2022-03-05 00:00:00+00:00
[2024-07-25T07:55:42.608+0000] {processor.py:183} INFO - Processing /root/.cache/pypoetry/virtualenvs/freeprise-matchmaker-BsnH11MF-py3.8/lib/python3.8/site-packages/airflow/example_dags/example_dynamic_task_mapping.py took 0.127 seconds
[2024-07-25T07:56:13.185+0000] {processor.py:161} INFO - Started process (PID=3295) to work on /root/.cache/pypoetry/virtualenvs/freeprise-matchmaker-BsnH11MF-py3.8/lib/python3.8/site-packages/airflow/example_dags/example_dynamic_task_mapping.py
[2024-07-25T07:56:13.187+0000] {processor.py:830} INFO - Processing file /root/.cache/pypoetry/virtualenvs/freeprise-matchmaker-BsnH11MF-py3.8/lib/python3.8/site-packages/airflow/example_dags/example_dynamic_task_mapping.py for tasks to queue
[2024-07-25T07:56:13.190+0000] {logging_mixin.py:188} INFO - [2024-07-25T07:56:13.189+0000] {dagbag.py:545} INFO - Filling up the DagBag from /root/.cache/pypoetry/virtualenvs/freeprise-matchmaker-BsnH11MF-py3.8/lib/python3.8/site-packages/airflow/example_dags/example_dynamic_task_mapping.py
[2024-07-25T07:56:13.201+0000] {processor.py:840} INFO - DAG(s) 'example_dynamic_task_mapping' retrieved from /root/.cache/pypoetry/virtualenvs/freeprise-matchmaker-BsnH11MF-py3.8/lib/python3.8/site-packages/airflow/example_dags/example_dynamic_task_mapping.py
[2024-07-25T07:56:13.239+0000] {logging_mixin.py:188} INFO - [2024-07-25T07:56:13.239+0000] {dag.py:3089} INFO - Sync 1 DAGs
[2024-07-25T07:56:13.272+0000] {logging_mixin.py:188} INFO - [2024-07-25T07:56:13.272+0000] {dag.py:3947} INFO - Setting next_dagrun for example_dynamic_task_mapping to 2022-03-04 00:00:00+00:00, run_after=2022-03-05 00:00:00+00:00
[2024-07-25T07:56:13.299+0000] {processor.py:183} INFO - Processing /root/.cache/pypoetry/virtualenvs/freeprise-matchmaker-BsnH11MF-py3.8/lib/python3.8/site-packages/airflow/example_dags/example_dynamic_task_mapping.py took 0.127 seconds
[2024-07-25T07:56:43.996+0000] {processor.py:161} INFO - Started process (PID=3561) to work on /root/.cache/pypoetry/virtualenvs/freeprise-matchmaker-BsnH11MF-py3.8/lib/python3.8/site-packages/airflow/example_dags/example_dynamic_task_mapping.py
[2024-07-25T07:56:43.997+0000] {processor.py:830} INFO - Processing file /root/.cache/pypoetry/virtualenvs/freeprise-matchmaker-BsnH11MF-py3.8/lib/python3.8/site-packages/airflow/example_dags/example_dynamic_task_mapping.py for tasks to queue
[2024-07-25T07:56:44.000+0000] {logging_mixin.py:188} INFO - [2024-07-25T07:56:43.999+0000] {dagbag.py:545} INFO - Filling up the DagBag from /root/.cache/pypoetry/virtualenvs/freeprise-matchmaker-BsnH11MF-py3.8/lib/python3.8/site-packages/airflow/example_dags/example_dynamic_task_mapping.py
[2024-07-25T07:56:44.010+0000] {processor.py:840} INFO - DAG(s) 'example_dynamic_task_mapping' retrieved from /root/.cache/pypoetry/virtualenvs/freeprise-matchmaker-BsnH11MF-py3.8/lib/python3.8/site-packages/airflow/example_dags/example_dynamic_task_mapping.py
[2024-07-25T07:56:44.050+0000] {logging_mixin.py:188} INFO - [2024-07-25T07:56:44.049+0000] {dag.py:3089} INFO - Sync 1 DAGs
[2024-07-25T07:56:44.085+0000] {logging_mixin.py:188} INFO - [2024-07-25T07:56:44.084+0000] {dag.py:3947} INFO - Setting next_dagrun for example_dynamic_task_mapping to 2022-03-04 00:00:00+00:00, run_after=2022-03-05 00:00:00+00:00
[2024-07-25T07:56:44.111+0000] {processor.py:183} INFO - Processing /root/.cache/pypoetry/virtualenvs/freeprise-matchmaker-BsnH11MF-py3.8/lib/python3.8/site-packages/airflow/example_dags/example_dynamic_task_mapping.py took 0.128 seconds
[2024-07-25T07:57:14.253+0000] {processor.py:161} INFO - Started process (PID=3827) to work on /root/.cache/pypoetry/virtualenvs/freeprise-matchmaker-BsnH11MF-py3.8/lib/python3.8/site-packages/airflow/example_dags/example_dynamic_task_mapping.py
[2024-07-25T07:57:14.255+0000] {processor.py:830} INFO - Processing file /root/.cache/pypoetry/virtualenvs/freeprise-matchmaker-BsnH11MF-py3.8/lib/python3.8/site-packages/airflow/example_dags/example_dynamic_task_mapping.py for tasks to queue
[2024-07-25T07:57:14.258+0000] {logging_mixin.py:188} INFO - [2024-07-25T07:57:14.258+0000] {dagbag.py:545} INFO - Filling up the DagBag from /root/.cache/pypoetry/virtualenvs/freeprise-matchmaker-BsnH11MF-py3.8/lib/python3.8/site-packages/airflow/example_dags/example_dynamic_task_mapping.py
[2024-07-25T07:57:14.269+0000] {processor.py:840} INFO - DAG(s) 'example_dynamic_task_mapping' retrieved from /root/.cache/pypoetry/virtualenvs/freeprise-matchmaker-BsnH11MF-py3.8/lib/python3.8/site-packages/airflow/example_dags/example_dynamic_task_mapping.py
[2024-07-25T07:57:14.307+0000] {logging_mixin.py:188} INFO - [2024-07-25T07:57:14.306+0000] {dag.py:3089} INFO - Sync 1 DAGs
[2024-07-25T07:57:14.342+0000] {logging_mixin.py:188} INFO - [2024-07-25T07:57:14.342+0000] {dag.py:3947} INFO - Setting next_dagrun for example_dynamic_task_mapping to 2022-03-04 00:00:00+00:00, run_after=2022-03-05 00:00:00+00:00
[2024-07-25T07:57:14.369+0000] {processor.py:183} INFO - Processing /root/.cache/pypoetry/virtualenvs/freeprise-matchmaker-BsnH11MF-py3.8/lib/python3.8/site-packages/airflow/example_dags/example_dynamic_task_mapping.py took 0.128 seconds
[2024-07-25T07:57:44.800+0000] {processor.py:161} INFO - Started process (PID=4093) to work on /root/.cache/pypoetry/virtualenvs/freeprise-matchmaker-BsnH11MF-py3.8/lib/python3.8/site-packages/airflow/example_dags/example_dynamic_task_mapping.py
[2024-07-25T07:57:44.802+0000] {processor.py:830} INFO - Processing file /root/.cache/pypoetry/virtualenvs/freeprise-matchmaker-BsnH11MF-py3.8/lib/python3.8/site-packages/airflow/example_dags/example_dynamic_task_mapping.py for tasks to queue
[2024-07-25T07:57:44.805+0000] {logging_mixin.py:188} INFO - [2024-07-25T07:57:44.804+0000] {dagbag.py:545} INFO - Filling up the DagBag from /root/.cache/pypoetry/virtualenvs/freeprise-matchmaker-BsnH11MF-py3.8/lib/python3.8/site-packages/airflow/example_dags/example_dynamic_task_mapping.py
[2024-07-25T07:57:44.819+0000] {processor.py:840} INFO - DAG(s) 'example_dynamic_task_mapping' retrieved from /root/.cache/pypoetry/virtualenvs/freeprise-matchmaker-BsnH11MF-py3.8/lib/python3.8/site-packages/airflow/example_dags/example_dynamic_task_mapping.py
[2024-07-25T07:57:44.859+0000] {logging_mixin.py:188} INFO - [2024-07-25T07:57:44.858+0000] {dag.py:3089} INFO - Sync 1 DAGs
[2024-07-25T07:57:44.896+0000] {logging_mixin.py:188} INFO - [2024-07-25T07:57:44.896+0000] {dag.py:3947} INFO - Setting next_dagrun for example_dynamic_task_mapping to 2022-03-04 00:00:00+00:00, run_after=2022-03-05 00:00:00+00:00
[2024-07-25T07:57:44.923+0000] {processor.py:183} INFO - Processing /root/.cache/pypoetry/virtualenvs/freeprise-matchmaker-BsnH11MF-py3.8/lib/python3.8/site-packages/airflow/example_dags/example_dynamic_task_mapping.py took 0.135 seconds
[2024-07-25T07:58:15.946+0000] {processor.py:161} INFO - Started process (PID=4359) to work on /root/.cache/pypoetry/virtualenvs/freeprise-matchmaker-BsnH11MF-py3.8/lib/python3.8/site-packages/airflow/example_dags/example_dynamic_task_mapping.py
[2024-07-25T07:58:15.947+0000] {processor.py:830} INFO - Processing file /root/.cache/pypoetry/virtualenvs/freeprise-matchmaker-BsnH11MF-py3.8/lib/python3.8/site-packages/airflow/example_dags/example_dynamic_task_mapping.py for tasks to queue
[2024-07-25T07:58:15.949+0000] {logging_mixin.py:188} INFO - [2024-07-25T07:58:15.949+0000] {dagbag.py:545} INFO - Filling up the DagBag from /root/.cache/pypoetry/virtualenvs/freeprise-matchmaker-BsnH11MF-py3.8/lib/python3.8/site-packages/airflow/example_dags/example_dynamic_task_mapping.py
[2024-07-25T07:58:15.960+0000] {processor.py:840} INFO - DAG(s) 'example_dynamic_task_mapping' retrieved from /root/.cache/pypoetry/virtualenvs/freeprise-matchmaker-BsnH11MF-py3.8/lib/python3.8/site-packages/airflow/example_dags/example_dynamic_task_mapping.py
[2024-07-25T07:58:15.998+0000] {logging_mixin.py:188} INFO - [2024-07-25T07:58:15.998+0000] {dag.py:3089} INFO - Sync 1 DAGs
[2024-07-25T07:58:16.032+0000] {logging_mixin.py:188} INFO - [2024-07-25T07:58:16.031+0000] {dag.py:3947} INFO - Setting next_dagrun for example_dynamic_task_mapping to 2022-03-04 00:00:00+00:00, run_after=2022-03-05 00:00:00+00:00
[2024-07-25T07:58:16.060+0000] {processor.py:183} INFO - Processing /root/.cache/pypoetry/virtualenvs/freeprise-matchmaker-BsnH11MF-py3.8/lib/python3.8/site-packages/airflow/example_dags/example_dynamic_task_mapping.py took 0.126 seconds
[2024-07-25T07:58:46.452+0000] {processor.py:161} INFO - Started process (PID=4625) to work on /root/.cache/pypoetry/virtualenvs/freeprise-matchmaker-BsnH11MF-py3.8/lib/python3.8/site-packages/airflow/example_dags/example_dynamic_task_mapping.py
[2024-07-25T07:58:46.454+0000] {processor.py:830} INFO - Processing file /root/.cache/pypoetry/virtualenvs/freeprise-matchmaker-BsnH11MF-py3.8/lib/python3.8/site-packages/airflow/example_dags/example_dynamic_task_mapping.py for tasks to queue
[2024-07-25T07:58:46.456+0000] {logging_mixin.py:188} INFO - [2024-07-25T07:58:46.456+0000] {dagbag.py:545} INFO - Filling up the DagBag from /root/.cache/pypoetry/virtualenvs/freeprise-matchmaker-BsnH11MF-py3.8/lib/python3.8/site-packages/airflow/example_dags/example_dynamic_task_mapping.py
[2024-07-25T07:58:46.467+0000] {processor.py:840} INFO - DAG(s) 'example_dynamic_task_mapping' retrieved from /root/.cache/pypoetry/virtualenvs/freeprise-matchmaker-BsnH11MF-py3.8/lib/python3.8/site-packages/airflow/example_dags/example_dynamic_task_mapping.py
[2024-07-25T07:58:46.506+0000] {logging_mixin.py:188} INFO - [2024-07-25T07:58:46.505+0000] {dag.py:3089} INFO - Sync 1 DAGs
[2024-07-25T07:58:46.539+0000] {logging_mixin.py:188} INFO - [2024-07-25T07:58:46.539+0000] {dag.py:3947} INFO - Setting next_dagrun for example_dynamic_task_mapping to 2022-03-04 00:00:00+00:00, run_after=2022-03-05 00:00:00+00:00
[2024-07-25T07:58:46.567+0000] {processor.py:183} INFO - Processing /root/.cache/pypoetry/virtualenvs/freeprise-matchmaker-BsnH11MF-py3.8/lib/python3.8/site-packages/airflow/example_dags/example_dynamic_task_mapping.py took 0.128 seconds
[2024-07-25T07:59:16.981+0000] {processor.py:161} INFO - Started process (PID=4889) to work on /root/.cache/pypoetry/virtualenvs/freeprise-matchmaker-BsnH11MF-py3.8/lib/python3.8/site-packages/airflow/example_dags/example_dynamic_task_mapping.py
[2024-07-25T07:59:16.983+0000] {processor.py:830} INFO - Processing file /root/.cache/pypoetry/virtualenvs/freeprise-matchmaker-BsnH11MF-py3.8/lib/python3.8/site-packages/airflow/example_dags/example_dynamic_task_mapping.py for tasks to queue
[2024-07-25T07:59:16.986+0000] {logging_mixin.py:188} INFO - [2024-07-25T07:59:16.985+0000] {dagbag.py:545} INFO - Filling up the DagBag from /root/.cache/pypoetry/virtualenvs/freeprise-matchmaker-BsnH11MF-py3.8/lib/python3.8/site-packages/airflow/example_dags/example_dynamic_task_mapping.py
[2024-07-25T07:59:17.001+0000] {processor.py:840} INFO - DAG(s) 'example_dynamic_task_mapping' retrieved from /root/.cache/pypoetry/virtualenvs/freeprise-matchmaker-BsnH11MF-py3.8/lib/python3.8/site-packages/airflow/example_dags/example_dynamic_task_mapping.py
[2024-07-25T07:59:17.059+0000] {logging_mixin.py:188} INFO - [2024-07-25T07:59:17.058+0000] {dag.py:3089} INFO - Sync 1 DAGs
[2024-07-25T07:59:17.103+0000] {logging_mixin.py:188} INFO - [2024-07-25T07:59:17.102+0000] {dag.py:3947} INFO - Setting next_dagrun for example_dynamic_task_mapping to 2022-03-04 00:00:00+00:00, run_after=2022-03-05 00:00:00+00:00
[2024-07-25T07:59:17.142+0000] {processor.py:183} INFO - Processing /root/.cache/pypoetry/virtualenvs/freeprise-matchmaker-BsnH11MF-py3.8/lib/python3.8/site-packages/airflow/example_dags/example_dynamic_task_mapping.py took 0.173 seconds
[2024-07-25T07:59:47.923+0000] {processor.py:161} INFO - Started process (PID=5160) to work on /root/.cache/pypoetry/virtualenvs/freeprise-matchmaker-BsnH11MF-py3.8/lib/python3.8/site-packages/airflow/example_dags/example_dynamic_task_mapping.py
[2024-07-25T07:59:47.925+0000] {processor.py:830} INFO - Processing file /root/.cache/pypoetry/virtualenvs/freeprise-matchmaker-BsnH11MF-py3.8/lib/python3.8/site-packages/airflow/example_dags/example_dynamic_task_mapping.py for tasks to queue
[2024-07-25T07:59:47.927+0000] {logging_mixin.py:188} INFO - [2024-07-25T07:59:47.927+0000] {dagbag.py:545} INFO - Filling up the DagBag from /root/.cache/pypoetry/virtualenvs/freeprise-matchmaker-BsnH11MF-py3.8/lib/python3.8/site-packages/airflow/example_dags/example_dynamic_task_mapping.py
[2024-07-25T07:59:47.938+0000] {processor.py:840} INFO - DAG(s) 'example_dynamic_task_mapping' retrieved from /root/.cache/pypoetry/virtualenvs/freeprise-matchmaker-BsnH11MF-py3.8/lib/python3.8/site-packages/airflow/example_dags/example_dynamic_task_mapping.py
[2024-07-25T07:59:47.985+0000] {logging_mixin.py:188} INFO - [2024-07-25T07:59:47.984+0000] {dag.py:3089} INFO - Sync 1 DAGs
[2024-07-25T07:59:48.027+0000] {logging_mixin.py:188} INFO - [2024-07-25T07:59:48.027+0000] {dag.py:3947} INFO - Setting next_dagrun for example_dynamic_task_mapping to 2022-03-04 00:00:00+00:00, run_after=2022-03-05 00:00:00+00:00
[2024-07-25T07:59:48.064+0000] {processor.py:183} INFO - Processing /root/.cache/pypoetry/virtualenvs/freeprise-matchmaker-BsnH11MF-py3.8/lib/python3.8/site-packages/airflow/example_dags/example_dynamic_task_mapping.py took 0.154 seconds
[2024-07-25T08:00:19.013+0000] {processor.py:161} INFO - Started process (PID=5426) to work on /root/.cache/pypoetry/virtualenvs/freeprise-matchmaker-BsnH11MF-py3.8/lib/python3.8/site-packages/airflow/example_dags/example_dynamic_task_mapping.py
[2024-07-25T08:00:19.016+0000] {processor.py:830} INFO - Processing file /root/.cache/pypoetry/virtualenvs/freeprise-matchmaker-BsnH11MF-py3.8/lib/python3.8/site-packages/airflow/example_dags/example_dynamic_task_mapping.py for tasks to queue
[2024-07-25T08:00:19.020+0000] {logging_mixin.py:188} INFO - [2024-07-25T08:00:19.019+0000] {dagbag.py:545} INFO - Filling up the DagBag from /root/.cache/pypoetry/virtualenvs/freeprise-matchmaker-BsnH11MF-py3.8/lib/python3.8/site-packages/airflow/example_dags/example_dynamic_task_mapping.py
[2024-07-25T08:00:19.037+0000] {processor.py:840} INFO - DAG(s) 'example_dynamic_task_mapping' retrieved from /root/.cache/pypoetry/virtualenvs/freeprise-matchmaker-BsnH11MF-py3.8/lib/python3.8/site-packages/airflow/example_dags/example_dynamic_task_mapping.py
[2024-07-25T08:00:19.087+0000] {logging_mixin.py:188} INFO - [2024-07-25T08:00:19.087+0000] {dag.py:3089} INFO - Sync 1 DAGs
[2024-07-25T08:00:19.137+0000] {logging_mixin.py:188} INFO - [2024-07-25T08:00:19.136+0000] {dag.py:3947} INFO - Setting next_dagrun for example_dynamic_task_mapping to 2022-03-04 00:00:00+00:00, run_after=2022-03-05 00:00:00+00:00
[2024-07-25T08:00:19.173+0000] {processor.py:183} INFO - Processing /root/.cache/pypoetry/virtualenvs/freeprise-matchmaker-BsnH11MF-py3.8/lib/python3.8/site-packages/airflow/example_dags/example_dynamic_task_mapping.py took 0.177 seconds
[2024-07-25T08:00:54.047+0000] {processor.py:161} INFO - Started process (PID=5692) to work on /root/.cache/pypoetry/virtualenvs/freeprise-matchmaker-BsnH11MF-py3.8/lib/python3.8/site-packages/airflow/example_dags/example_dynamic_task_mapping.py
[2024-07-25T08:00:54.049+0000] {processor.py:830} INFO - Processing file /root/.cache/pypoetry/virtualenvs/freeprise-matchmaker-BsnH11MF-py3.8/lib/python3.8/site-packages/airflow/example_dags/example_dynamic_task_mapping.py for tasks to queue
[2024-07-25T08:00:54.052+0000] {logging_mixin.py:188} INFO - [2024-07-25T08:00:54.052+0000] {dagbag.py:545} INFO - Filling up the DagBag from /root/.cache/pypoetry/virtualenvs/freeprise-matchmaker-BsnH11MF-py3.8/lib/python3.8/site-packages/airflow/example_dags/example_dynamic_task_mapping.py
[2024-07-25T08:00:54.068+0000] {processor.py:840} INFO - DAG(s) 'example_dynamic_task_mapping' retrieved from /root/.cache/pypoetry/virtualenvs/freeprise-matchmaker-BsnH11MF-py3.8/lib/python3.8/site-packages/airflow/example_dags/example_dynamic_task_mapping.py
[2024-07-25T08:00:54.134+0000] {logging_mixin.py:188} INFO - [2024-07-25T08:00:54.133+0000] {dag.py:3089} INFO - Sync 1 DAGs
[2024-07-25T08:00:54.190+0000] {logging_mixin.py:188} INFO - [2024-07-25T08:00:54.189+0000] {dag.py:3947} INFO - Setting next_dagrun for example_dynamic_task_mapping to 2022-03-04 00:00:00+00:00, run_after=2022-03-05 00:00:00+00:00
[2024-07-25T08:00:54.227+0000] {processor.py:183} INFO - Processing /root/.cache/pypoetry/virtualenvs/freeprise-matchmaker-BsnH11MF-py3.8/lib/python3.8/site-packages/airflow/example_dags/example_dynamic_task_mapping.py took 0.194 seconds
