[2024-07-25T07:50:32.196+0000] {processor.py:161} INFO - Started process (PID=392) to work on /root/.cache/pypoetry/virtualenvs/freeprise-matchmaker-BsnH11MF-py3.8/lib/python3.8/site-packages/airflow/example_dags/example_branch_python_dop_operator_3.py
[2024-07-25T07:50:32.198+0000] {processor.py:830} INFO - Processing file /root/.cache/pypoetry/virtualenvs/freeprise-matchmaker-BsnH11MF-py3.8/lib/python3.8/site-packages/airflow/example_dags/example_branch_python_dop_operator_3.py for tasks to queue
[2024-07-25T07:50:32.200+0000] {logging_mixin.py:188} INFO - [2024-07-25T07:50:32.200+0000] {dagbag.py:545} INFO - Filling up the DagBag from /root/.cache/pypoetry/virtualenvs/freeprise-matchmaker-BsnH11MF-py3.8/lib/python3.8/site-packages/airflow/example_dags/example_branch_python_dop_operator_3.py
[2024-07-25T07:50:32.223+0000] {processor.py:840} INFO - DAG(s) 'example_branch_dop_operator_v3' retrieved from /root/.cache/pypoetry/virtualenvs/freeprise-matchmaker-BsnH11MF-py3.8/lib/python3.8/site-packages/airflow/example_dags/example_branch_python_dop_operator_3.py
[2024-07-25T07:50:32.250+0000] {logging_mixin.py:188} INFO - [2024-07-25T07:50:32.250+0000] {dag.py:3089} INFO - Sync 1 DAGs
[2024-07-25T07:50:32.298+0000] {logging_mixin.py:188} INFO - [2024-07-25T07:50:32.297+0000] {dag.py:3947} INFO - Setting next_dagrun for example_branch_dop_operator_v3 to 2024-07-25 07:49:00+00:00, run_after=2024-07-25 07:50:00+00:00
[2024-07-25T07:50:32.334+0000] {processor.py:183} INFO - Processing /root/.cache/pypoetry/virtualenvs/freeprise-matchmaker-BsnH11MF-py3.8/lib/python3.8/site-packages/airflow/example_dags/example_branch_python_dop_operator_3.py took 0.150 seconds
[2024-07-25T07:51:09.431+0000] {processor.py:161} INFO - Started process (PID=658) to work on /root/.cache/pypoetry/virtualenvs/freeprise-matchmaker-BsnH11MF-py3.8/lib/python3.8/site-packages/airflow/example_dags/example_branch_python_dop_operator_3.py
[2024-07-25T07:51:09.433+0000] {processor.py:830} INFO - Processing file /root/.cache/pypoetry/virtualenvs/freeprise-matchmaker-BsnH11MF-py3.8/lib/python3.8/site-packages/airflow/example_dags/example_branch_python_dop_operator_3.py for tasks to queue
[2024-07-25T07:51:09.435+0000] {logging_mixin.py:188} INFO - [2024-07-25T07:51:09.435+0000] {dagbag.py:545} INFO - Filling up the DagBag from /root/.cache/pypoetry/virtualenvs/freeprise-matchmaker-BsnH11MF-py3.8/lib/python3.8/site-packages/airflow/example_dags/example_branch_python_dop_operator_3.py
[2024-07-25T07:51:09.450+0000] {processor.py:840} INFO - DAG(s) 'example_branch_dop_operator_v3' retrieved from /root/.cache/pypoetry/virtualenvs/freeprise-matchmaker-BsnH11MF-py3.8/lib/python3.8/site-packages/airflow/example_dags/example_branch_python_dop_operator_3.py
[2024-07-25T07:51:09.773+0000] {logging_mixin.py:188} INFO - [2024-07-25T07:51:09.773+0000] {dag.py:3089} INFO - Sync 1 DAGs
[2024-07-25T07:51:09.812+0000] {logging_mixin.py:188} INFO - [2024-07-25T07:51:09.811+0000] {dag.py:3947} INFO - Setting next_dagrun for example_branch_dop_operator_v3 to 2024-07-25 07:50:00+00:00, run_after=2024-07-25 07:51:00+00:00
[2024-07-25T07:51:09.842+0000] {processor.py:183} INFO - Processing /root/.cache/pypoetry/virtualenvs/freeprise-matchmaker-BsnH11MF-py3.8/lib/python3.8/site-packages/airflow/example_dags/example_branch_python_dop_operator_3.py took 0.426 seconds
[2024-07-25T07:51:40.380+0000] {processor.py:161} INFO - Started process (PID=926) to work on /root/.cache/pypoetry/virtualenvs/freeprise-matchmaker-BsnH11MF-py3.8/lib/python3.8/site-packages/airflow/example_dags/example_branch_python_dop_operator_3.py
[2024-07-25T07:51:40.381+0000] {processor.py:830} INFO - Processing file /root/.cache/pypoetry/virtualenvs/freeprise-matchmaker-BsnH11MF-py3.8/lib/python3.8/site-packages/airflow/example_dags/example_branch_python_dop_operator_3.py for tasks to queue
[2024-07-25T07:51:40.383+0000] {logging_mixin.py:188} INFO - [2024-07-25T07:51:40.383+0000] {dagbag.py:545} INFO - Filling up the DagBag from /root/.cache/pypoetry/virtualenvs/freeprise-matchmaker-BsnH11MF-py3.8/lib/python3.8/site-packages/airflow/example_dags/example_branch_python_dop_operator_3.py
[2024-07-25T07:51:40.399+0000] {processor.py:840} INFO - DAG(s) 'example_branch_dop_operator_v3' retrieved from /root/.cache/pypoetry/virtualenvs/freeprise-matchmaker-BsnH11MF-py3.8/lib/python3.8/site-packages/airflow/example_dags/example_branch_python_dop_operator_3.py
[2024-07-25T07:51:40.446+0000] {logging_mixin.py:188} INFO - [2024-07-25T07:51:40.446+0000] {dag.py:3089} INFO - Sync 1 DAGs
[2024-07-25T07:51:40.488+0000] {logging_mixin.py:188} INFO - [2024-07-25T07:51:40.488+0000] {dag.py:3947} INFO - Setting next_dagrun for example_branch_dop_operator_v3 to 2024-07-25 07:50:00+00:00, run_after=2024-07-25 07:51:00+00:00
[2024-07-25T07:51:40.518+0000] {processor.py:183} INFO - Processing /root/.cache/pypoetry/virtualenvs/freeprise-matchmaker-BsnH11MF-py3.8/lib/python3.8/site-packages/airflow/example_dags/example_branch_python_dop_operator_3.py took 0.151 seconds
[2024-07-25T07:52:10.889+0000] {processor.py:161} INFO - Started process (PID=1192) to work on /root/.cache/pypoetry/virtualenvs/freeprise-matchmaker-BsnH11MF-py3.8/lib/python3.8/site-packages/airflow/example_dags/example_branch_python_dop_operator_3.py
[2024-07-25T07:52:10.892+0000] {processor.py:830} INFO - Processing file /root/.cache/pypoetry/virtualenvs/freeprise-matchmaker-BsnH11MF-py3.8/lib/python3.8/site-packages/airflow/example_dags/example_branch_python_dop_operator_3.py for tasks to queue
[2024-07-25T07:52:10.894+0000] {logging_mixin.py:188} INFO - [2024-07-25T07:52:10.894+0000] {dagbag.py:545} INFO - Filling up the DagBag from /root/.cache/pypoetry/virtualenvs/freeprise-matchmaker-BsnH11MF-py3.8/lib/python3.8/site-packages/airflow/example_dags/example_branch_python_dop_operator_3.py
[2024-07-25T07:52:10.909+0000] {processor.py:840} INFO - DAG(s) 'example_branch_dop_operator_v3' retrieved from /root/.cache/pypoetry/virtualenvs/freeprise-matchmaker-BsnH11MF-py3.8/lib/python3.8/site-packages/airflow/example_dags/example_branch_python_dop_operator_3.py
[2024-07-25T07:52:10.947+0000] {logging_mixin.py:188} INFO - [2024-07-25T07:52:10.947+0000] {dag.py:3089} INFO - Sync 1 DAGs
[2024-07-25T07:52:10.990+0000] {logging_mixin.py:188} INFO - [2024-07-25T07:52:10.990+0000] {dag.py:3947} INFO - Setting next_dagrun for example_branch_dop_operator_v3 to 2024-07-25 07:51:00+00:00, run_after=2024-07-25 07:52:00+00:00
[2024-07-25T07:52:11.018+0000] {processor.py:183} INFO - Processing /root/.cache/pypoetry/virtualenvs/freeprise-matchmaker-BsnH11MF-py3.8/lib/python3.8/site-packages/airflow/example_dags/example_branch_python_dop_operator_3.py took 0.141 seconds
[2024-07-25T07:52:41.171+0000] {processor.py:161} INFO - Started process (PID=1456) to work on /root/.cache/pypoetry/virtualenvs/freeprise-matchmaker-BsnH11MF-py3.8/lib/python3.8/site-packages/airflow/example_dags/example_branch_python_dop_operator_3.py
[2024-07-25T07:52:41.173+0000] {processor.py:830} INFO - Processing file /root/.cache/pypoetry/virtualenvs/freeprise-matchmaker-BsnH11MF-py3.8/lib/python3.8/site-packages/airflow/example_dags/example_branch_python_dop_operator_3.py for tasks to queue
[2024-07-25T07:52:41.176+0000] {logging_mixin.py:188} INFO - [2024-07-25T07:52:41.175+0000] {dagbag.py:545} INFO - Filling up the DagBag from /root/.cache/pypoetry/virtualenvs/freeprise-matchmaker-BsnH11MF-py3.8/lib/python3.8/site-packages/airflow/example_dags/example_branch_python_dop_operator_3.py
[2024-07-25T07:52:41.197+0000] {processor.py:840} INFO - DAG(s) 'example_branch_dop_operator_v3' retrieved from /root/.cache/pypoetry/virtualenvs/freeprise-matchmaker-BsnH11MF-py3.8/lib/python3.8/site-packages/airflow/example_dags/example_branch_python_dop_operator_3.py
[2024-07-25T07:52:41.240+0000] {logging_mixin.py:188} INFO - [2024-07-25T07:52:41.240+0000] {dag.py:3089} INFO - Sync 1 DAGs
[2024-07-25T07:52:41.286+0000] {logging_mixin.py:188} INFO - [2024-07-25T07:52:41.286+0000] {dag.py:3947} INFO - Setting next_dagrun for example_branch_dop_operator_v3 to 2024-07-25 07:51:00+00:00, run_after=2024-07-25 07:52:00+00:00
[2024-07-25T07:52:41.318+0000] {processor.py:183} INFO - Processing /root/.cache/pypoetry/virtualenvs/freeprise-matchmaker-BsnH11MF-py3.8/lib/python3.8/site-packages/airflow/example_dags/example_branch_python_dop_operator_3.py took 0.162 seconds
[2024-07-25T07:53:11.959+0000] {processor.py:161} INFO - Started process (PID=1724) to work on /root/.cache/pypoetry/virtualenvs/freeprise-matchmaker-BsnH11MF-py3.8/lib/python3.8/site-packages/airflow/example_dags/example_branch_python_dop_operator_3.py
[2024-07-25T07:53:11.961+0000] {processor.py:830} INFO - Processing file /root/.cache/pypoetry/virtualenvs/freeprise-matchmaker-BsnH11MF-py3.8/lib/python3.8/site-packages/airflow/example_dags/example_branch_python_dop_operator_3.py for tasks to queue
[2024-07-25T07:53:11.963+0000] {logging_mixin.py:188} INFO - [2024-07-25T07:53:11.963+0000] {dagbag.py:545} INFO - Filling up the DagBag from /root/.cache/pypoetry/virtualenvs/freeprise-matchmaker-BsnH11MF-py3.8/lib/python3.8/site-packages/airflow/example_dags/example_branch_python_dop_operator_3.py
[2024-07-25T07:53:11.979+0000] {processor.py:840} INFO - DAG(s) 'example_branch_dop_operator_v3' retrieved from /root/.cache/pypoetry/virtualenvs/freeprise-matchmaker-BsnH11MF-py3.8/lib/python3.8/site-packages/airflow/example_dags/example_branch_python_dop_operator_3.py
[2024-07-25T07:53:12.019+0000] {logging_mixin.py:188} INFO - [2024-07-25T07:53:12.019+0000] {dag.py:3089} INFO - Sync 1 DAGs
[2024-07-25T07:53:12.062+0000] {logging_mixin.py:188} INFO - [2024-07-25T07:53:12.062+0000] {dag.py:3947} INFO - Setting next_dagrun for example_branch_dop_operator_v3 to 2024-07-25 07:52:00+00:00, run_after=2024-07-25 07:53:00+00:00
[2024-07-25T07:53:12.090+0000] {processor.py:183} INFO - Processing /root/.cache/pypoetry/virtualenvs/freeprise-matchmaker-BsnH11MF-py3.8/lib/python3.8/site-packages/airflow/example_dags/example_branch_python_dop_operator_3.py took 0.144 seconds
[2024-07-25T07:53:42.321+0000] {processor.py:161} INFO - Started process (PID=1988) to work on /root/.cache/pypoetry/virtualenvs/freeprise-matchmaker-BsnH11MF-py3.8/lib/python3.8/site-packages/airflow/example_dags/example_branch_python_dop_operator_3.py
[2024-07-25T07:53:42.323+0000] {processor.py:830} INFO - Processing file /root/.cache/pypoetry/virtualenvs/freeprise-matchmaker-BsnH11MF-py3.8/lib/python3.8/site-packages/airflow/example_dags/example_branch_python_dop_operator_3.py for tasks to queue
[2024-07-25T07:53:42.326+0000] {logging_mixin.py:188} INFO - [2024-07-25T07:53:42.326+0000] {dagbag.py:545} INFO - Filling up the DagBag from /root/.cache/pypoetry/virtualenvs/freeprise-matchmaker-BsnH11MF-py3.8/lib/python3.8/site-packages/airflow/example_dags/example_branch_python_dop_operator_3.py
[2024-07-25T07:53:42.342+0000] {processor.py:840} INFO - DAG(s) 'example_branch_dop_operator_v3' retrieved from /root/.cache/pypoetry/virtualenvs/freeprise-matchmaker-BsnH11MF-py3.8/lib/python3.8/site-packages/airflow/example_dags/example_branch_python_dop_operator_3.py
[2024-07-25T07:53:42.380+0000] {logging_mixin.py:188} INFO - [2024-07-25T07:53:42.380+0000] {dag.py:3089} INFO - Sync 1 DAGs
[2024-07-25T07:53:42.424+0000] {logging_mixin.py:188} INFO - [2024-07-25T07:53:42.423+0000] {dag.py:3947} INFO - Setting next_dagrun for example_branch_dop_operator_v3 to 2024-07-25 07:52:00+00:00, run_after=2024-07-25 07:53:00+00:00
[2024-07-25T07:53:42.453+0000] {processor.py:183} INFO - Processing /root/.cache/pypoetry/virtualenvs/freeprise-matchmaker-BsnH11MF-py3.8/lib/python3.8/site-packages/airflow/example_dags/example_branch_python_dop_operator_3.py took 0.144 seconds
[2024-07-25T07:54:12.949+0000] {processor.py:161} INFO - Started process (PID=2256) to work on /root/.cache/pypoetry/virtualenvs/freeprise-matchmaker-BsnH11MF-py3.8/lib/python3.8/site-packages/airflow/example_dags/example_branch_python_dop_operator_3.py
[2024-07-25T07:54:12.952+0000] {processor.py:830} INFO - Processing file /root/.cache/pypoetry/virtualenvs/freeprise-matchmaker-BsnH11MF-py3.8/lib/python3.8/site-packages/airflow/example_dags/example_branch_python_dop_operator_3.py for tasks to queue
[2024-07-25T07:54:12.955+0000] {logging_mixin.py:188} INFO - [2024-07-25T07:54:12.954+0000] {dagbag.py:545} INFO - Filling up the DagBag from /root/.cache/pypoetry/virtualenvs/freeprise-matchmaker-BsnH11MF-py3.8/lib/python3.8/site-packages/airflow/example_dags/example_branch_python_dop_operator_3.py
[2024-07-25T07:54:12.977+0000] {processor.py:840} INFO - DAG(s) 'example_branch_dop_operator_v3' retrieved from /root/.cache/pypoetry/virtualenvs/freeprise-matchmaker-BsnH11MF-py3.8/lib/python3.8/site-packages/airflow/example_dags/example_branch_python_dop_operator_3.py
[2024-07-25T07:54:13.026+0000] {logging_mixin.py:188} INFO - [2024-07-25T07:54:13.026+0000] {dag.py:3089} INFO - Sync 1 DAGs
[2024-07-25T07:54:13.085+0000] {logging_mixin.py:188} INFO - [2024-07-25T07:54:13.084+0000] {dag.py:3947} INFO - Setting next_dagrun for example_branch_dop_operator_v3 to 2024-07-25 07:53:00+00:00, run_after=2024-07-25 07:54:00+00:00
[2024-07-25T07:54:13.121+0000] {processor.py:183} INFO - Processing /root/.cache/pypoetry/virtualenvs/freeprise-matchmaker-BsnH11MF-py3.8/lib/python3.8/site-packages/airflow/example_dags/example_branch_python_dop_operator_3.py took 0.183 seconds
[2024-07-25T07:54:43.627+0000] {processor.py:161} INFO - Started process (PID=2522) to work on /root/.cache/pypoetry/virtualenvs/freeprise-matchmaker-BsnH11MF-py3.8/lib/python3.8/site-packages/airflow/example_dags/example_branch_python_dop_operator_3.py
[2024-07-25T07:54:43.628+0000] {processor.py:830} INFO - Processing file /root/.cache/pypoetry/virtualenvs/freeprise-matchmaker-BsnH11MF-py3.8/lib/python3.8/site-packages/airflow/example_dags/example_branch_python_dop_operator_3.py for tasks to queue
[2024-07-25T07:54:43.631+0000] {logging_mixin.py:188} INFO - [2024-07-25T07:54:43.630+0000] {dagbag.py:545} INFO - Filling up the DagBag from /root/.cache/pypoetry/virtualenvs/freeprise-matchmaker-BsnH11MF-py3.8/lib/python3.8/site-packages/airflow/example_dags/example_branch_python_dop_operator_3.py
[2024-07-25T07:54:43.646+0000] {processor.py:840} INFO - DAG(s) 'example_branch_dop_operator_v3' retrieved from /root/.cache/pypoetry/virtualenvs/freeprise-matchmaker-BsnH11MF-py3.8/lib/python3.8/site-packages/airflow/example_dags/example_branch_python_dop_operator_3.py
[2024-07-25T07:54:43.684+0000] {logging_mixin.py:188} INFO - [2024-07-25T07:54:43.684+0000] {dag.py:3089} INFO - Sync 1 DAGs
[2024-07-25T07:54:43.726+0000] {logging_mixin.py:188} INFO - [2024-07-25T07:54:43.726+0000] {dag.py:3947} INFO - Setting next_dagrun for example_branch_dop_operator_v3 to 2024-07-25 07:53:00+00:00, run_after=2024-07-25 07:54:00+00:00
[2024-07-25T07:54:43.753+0000] {processor.py:183} INFO - Processing /root/.cache/pypoetry/virtualenvs/freeprise-matchmaker-BsnH11MF-py3.8/lib/python3.8/site-packages/airflow/example_dags/example_branch_python_dop_operator_3.py took 0.138 seconds
[2024-07-25T07:55:14.706+0000] {processor.py:161} INFO - Started process (PID=2786) to work on /root/.cache/pypoetry/virtualenvs/freeprise-matchmaker-BsnH11MF-py3.8/lib/python3.8/site-packages/airflow/example_dags/example_branch_python_dop_operator_3.py
[2024-07-25T07:55:14.708+0000] {processor.py:830} INFO - Processing file /root/.cache/pypoetry/virtualenvs/freeprise-matchmaker-BsnH11MF-py3.8/lib/python3.8/site-packages/airflow/example_dags/example_branch_python_dop_operator_3.py for tasks to queue
[2024-07-25T07:55:14.711+0000] {logging_mixin.py:188} INFO - [2024-07-25T07:55:14.710+0000] {dagbag.py:545} INFO - Filling up the DagBag from /root/.cache/pypoetry/virtualenvs/freeprise-matchmaker-BsnH11MF-py3.8/lib/python3.8/site-packages/airflow/example_dags/example_branch_python_dop_operator_3.py
[2024-07-25T07:55:14.726+0000] {processor.py:840} INFO - DAG(s) 'example_branch_dop_operator_v3' retrieved from /root/.cache/pypoetry/virtualenvs/freeprise-matchmaker-BsnH11MF-py3.8/lib/python3.8/site-packages/airflow/example_dags/example_branch_python_dop_operator_3.py
[2024-07-25T07:55:14.767+0000] {logging_mixin.py:188} INFO - [2024-07-25T07:55:14.766+0000] {dag.py:3089} INFO - Sync 1 DAGs
[2024-07-25T07:55:14.808+0000] {logging_mixin.py:188} INFO - [2024-07-25T07:55:14.808+0000] {dag.py:3947} INFO - Setting next_dagrun for example_branch_dop_operator_v3 to 2024-07-25 07:54:00+00:00, run_after=2024-07-25 07:55:00+00:00
[2024-07-25T07:55:14.838+0000] {processor.py:183} INFO - Processing /root/.cache/pypoetry/virtualenvs/freeprise-matchmaker-BsnH11MF-py3.8/lib/python3.8/site-packages/airflow/example_dags/example_branch_python_dop_operator_3.py took 0.144 seconds
[2024-07-25T07:55:45.000+0000] {processor.py:161} INFO - Started process (PID=3052) to work on /root/.cache/pypoetry/virtualenvs/freeprise-matchmaker-BsnH11MF-py3.8/lib/python3.8/site-packages/airflow/example_dags/example_branch_python_dop_operator_3.py
[2024-07-25T07:55:45.002+0000] {processor.py:830} INFO - Processing file /root/.cache/pypoetry/virtualenvs/freeprise-matchmaker-BsnH11MF-py3.8/lib/python3.8/site-packages/airflow/example_dags/example_branch_python_dop_operator_3.py for tasks to queue
[2024-07-25T07:55:45.004+0000] {logging_mixin.py:188} INFO - [2024-07-25T07:55:45.004+0000] {dagbag.py:545} INFO - Filling up the DagBag from /root/.cache/pypoetry/virtualenvs/freeprise-matchmaker-BsnH11MF-py3.8/lib/python3.8/site-packages/airflow/example_dags/example_branch_python_dop_operator_3.py
[2024-07-25T07:55:45.020+0000] {processor.py:840} INFO - DAG(s) 'example_branch_dop_operator_v3' retrieved from /root/.cache/pypoetry/virtualenvs/freeprise-matchmaker-BsnH11MF-py3.8/lib/python3.8/site-packages/airflow/example_dags/example_branch_python_dop_operator_3.py
[2024-07-25T07:55:45.059+0000] {logging_mixin.py:188} INFO - [2024-07-25T07:55:45.059+0000] {dag.py:3089} INFO - Sync 1 DAGs
[2024-07-25T07:55:45.101+0000] {logging_mixin.py:188} INFO - [2024-07-25T07:55:45.101+0000] {dag.py:3947} INFO - Setting next_dagrun for example_branch_dop_operator_v3 to 2024-07-25 07:54:00+00:00, run_after=2024-07-25 07:55:00+00:00
[2024-07-25T07:55:45.132+0000] {processor.py:183} INFO - Processing /root/.cache/pypoetry/virtualenvs/freeprise-matchmaker-BsnH11MF-py3.8/lib/python3.8/site-packages/airflow/example_dags/example_branch_python_dop_operator_3.py took 0.144 seconds
[2024-07-25T07:56:15.686+0000] {processor.py:161} INFO - Started process (PID=3318) to work on /root/.cache/pypoetry/virtualenvs/freeprise-matchmaker-BsnH11MF-py3.8/lib/python3.8/site-packages/airflow/example_dags/example_branch_python_dop_operator_3.py
[2024-07-25T07:56:15.688+0000] {processor.py:830} INFO - Processing file /root/.cache/pypoetry/virtualenvs/freeprise-matchmaker-BsnH11MF-py3.8/lib/python3.8/site-packages/airflow/example_dags/example_branch_python_dop_operator_3.py for tasks to queue
[2024-07-25T07:56:15.690+0000] {logging_mixin.py:188} INFO - [2024-07-25T07:56:15.690+0000] {dagbag.py:545} INFO - Filling up the DagBag from /root/.cache/pypoetry/virtualenvs/freeprise-matchmaker-BsnH11MF-py3.8/lib/python3.8/site-packages/airflow/example_dags/example_branch_python_dop_operator_3.py
[2024-07-25T07:56:15.706+0000] {processor.py:840} INFO - DAG(s) 'example_branch_dop_operator_v3' retrieved from /root/.cache/pypoetry/virtualenvs/freeprise-matchmaker-BsnH11MF-py3.8/lib/python3.8/site-packages/airflow/example_dags/example_branch_python_dop_operator_3.py
[2024-07-25T07:56:15.754+0000] {logging_mixin.py:188} INFO - [2024-07-25T07:56:15.754+0000] {dag.py:3089} INFO - Sync 1 DAGs
[2024-07-25T07:56:15.798+0000] {logging_mixin.py:188} INFO - [2024-07-25T07:56:15.798+0000] {dag.py:3947} INFO - Setting next_dagrun for example_branch_dop_operator_v3 to 2024-07-25 07:55:00+00:00, run_after=2024-07-25 07:56:00+00:00
[2024-07-25T07:56:15.829+0000] {processor.py:183} INFO - Processing /root/.cache/pypoetry/virtualenvs/freeprise-matchmaker-BsnH11MF-py3.8/lib/python3.8/site-packages/airflow/example_dags/example_branch_python_dop_operator_3.py took 0.155 seconds
[2024-07-25T07:56:46.485+0000] {processor.py:161} INFO - Started process (PID=3584) to work on /root/.cache/pypoetry/virtualenvs/freeprise-matchmaker-BsnH11MF-py3.8/lib/python3.8/site-packages/airflow/example_dags/example_branch_python_dop_operator_3.py
[2024-07-25T07:56:46.486+0000] {processor.py:830} INFO - Processing file /root/.cache/pypoetry/virtualenvs/freeprise-matchmaker-BsnH11MF-py3.8/lib/python3.8/site-packages/airflow/example_dags/example_branch_python_dop_operator_3.py for tasks to queue
[2024-07-25T07:56:46.490+0000] {logging_mixin.py:188} INFO - [2024-07-25T07:56:46.489+0000] {dagbag.py:545} INFO - Filling up the DagBag from /root/.cache/pypoetry/virtualenvs/freeprise-matchmaker-BsnH11MF-py3.8/lib/python3.8/site-packages/airflow/example_dags/example_branch_python_dop_operator_3.py
[2024-07-25T07:56:46.510+0000] {processor.py:840} INFO - DAG(s) 'example_branch_dop_operator_v3' retrieved from /root/.cache/pypoetry/virtualenvs/freeprise-matchmaker-BsnH11MF-py3.8/lib/python3.8/site-packages/airflow/example_dags/example_branch_python_dop_operator_3.py
[2024-07-25T07:56:46.558+0000] {logging_mixin.py:188} INFO - [2024-07-25T07:56:46.557+0000] {dag.py:3089} INFO - Sync 1 DAGs
[2024-07-25T07:56:46.616+0000] {logging_mixin.py:188} INFO - [2024-07-25T07:56:46.616+0000] {dag.py:3947} INFO - Setting next_dagrun for example_branch_dop_operator_v3 to 2024-07-25 07:55:00+00:00, run_after=2024-07-25 07:56:00+00:00
[2024-07-25T07:56:46.647+0000] {processor.py:183} INFO - Processing /root/.cache/pypoetry/virtualenvs/freeprise-matchmaker-BsnH11MF-py3.8/lib/python3.8/site-packages/airflow/example_dags/example_branch_python_dop_operator_3.py took 0.177 seconds
[2024-07-25T07:57:16.926+0000] {processor.py:161} INFO - Started process (PID=3850) to work on /root/.cache/pypoetry/virtualenvs/freeprise-matchmaker-BsnH11MF-py3.8/lib/python3.8/site-packages/airflow/example_dags/example_branch_python_dop_operator_3.py
[2024-07-25T07:57:16.928+0000] {processor.py:830} INFO - Processing file /root/.cache/pypoetry/virtualenvs/freeprise-matchmaker-BsnH11MF-py3.8/lib/python3.8/site-packages/airflow/example_dags/example_branch_python_dop_operator_3.py for tasks to queue
[2024-07-25T07:57:16.931+0000] {logging_mixin.py:188} INFO - [2024-07-25T07:57:16.930+0000] {dagbag.py:545} INFO - Filling up the DagBag from /root/.cache/pypoetry/virtualenvs/freeprise-matchmaker-BsnH11MF-py3.8/lib/python3.8/site-packages/airflow/example_dags/example_branch_python_dop_operator_3.py
[2024-07-25T07:57:16.951+0000] {processor.py:840} INFO - DAG(s) 'example_branch_dop_operator_v3' retrieved from /root/.cache/pypoetry/virtualenvs/freeprise-matchmaker-BsnH11MF-py3.8/lib/python3.8/site-packages/airflow/example_dags/example_branch_python_dop_operator_3.py
[2024-07-25T07:57:16.991+0000] {logging_mixin.py:188} INFO - [2024-07-25T07:57:16.991+0000] {dag.py:3089} INFO - Sync 1 DAGs
[2024-07-25T07:57:17.038+0000] {logging_mixin.py:188} INFO - [2024-07-25T07:57:17.038+0000] {dag.py:3947} INFO - Setting next_dagrun for example_branch_dop_operator_v3 to 2024-07-25 07:56:00+00:00, run_after=2024-07-25 07:57:00+00:00
[2024-07-25T07:57:17.074+0000] {processor.py:183} INFO - Processing /root/.cache/pypoetry/virtualenvs/freeprise-matchmaker-BsnH11MF-py3.8/lib/python3.8/site-packages/airflow/example_dags/example_branch_python_dop_operator_3.py took 0.160 seconds
[2024-07-25T07:57:47.333+0000] {processor.py:161} INFO - Started process (PID=4116) to work on /root/.cache/pypoetry/virtualenvs/freeprise-matchmaker-BsnH11MF-py3.8/lib/python3.8/site-packages/airflow/example_dags/example_branch_python_dop_operator_3.py
[2024-07-25T07:57:47.335+0000] {processor.py:830} INFO - Processing file /root/.cache/pypoetry/virtualenvs/freeprise-matchmaker-BsnH11MF-py3.8/lib/python3.8/site-packages/airflow/example_dags/example_branch_python_dop_operator_3.py for tasks to queue
[2024-07-25T07:57:47.338+0000] {logging_mixin.py:188} INFO - [2024-07-25T07:57:47.337+0000] {dagbag.py:545} INFO - Filling up the DagBag from /root/.cache/pypoetry/virtualenvs/freeprise-matchmaker-BsnH11MF-py3.8/lib/python3.8/site-packages/airflow/example_dags/example_branch_python_dop_operator_3.py
[2024-07-25T07:57:47.354+0000] {processor.py:840} INFO - DAG(s) 'example_branch_dop_operator_v3' retrieved from /root/.cache/pypoetry/virtualenvs/freeprise-matchmaker-BsnH11MF-py3.8/lib/python3.8/site-packages/airflow/example_dags/example_branch_python_dop_operator_3.py
[2024-07-25T07:57:47.393+0000] {logging_mixin.py:188} INFO - [2024-07-25T07:57:47.393+0000] {dag.py:3089} INFO - Sync 1 DAGs
[2024-07-25T07:57:47.438+0000] {logging_mixin.py:188} INFO - [2024-07-25T07:57:47.438+0000] {dag.py:3947} INFO - Setting next_dagrun for example_branch_dop_operator_v3 to 2024-07-25 07:56:00+00:00, run_after=2024-07-25 07:57:00+00:00
[2024-07-25T07:57:47.470+0000] {processor.py:183} INFO - Processing /root/.cache/pypoetry/virtualenvs/freeprise-matchmaker-BsnH11MF-py3.8/lib/python3.8/site-packages/airflow/example_dags/example_branch_python_dop_operator_3.py took 0.151 seconds
[2024-07-25T07:58:17.819+0000] {processor.py:161} INFO - Started process (PID=4382) to work on /root/.cache/pypoetry/virtualenvs/freeprise-matchmaker-BsnH11MF-py3.8/lib/python3.8/site-packages/airflow/example_dags/example_branch_python_dop_operator_3.py
[2024-07-25T07:58:17.820+0000] {processor.py:830} INFO - Processing file /root/.cache/pypoetry/virtualenvs/freeprise-matchmaker-BsnH11MF-py3.8/lib/python3.8/site-packages/airflow/example_dags/example_branch_python_dop_operator_3.py for tasks to queue
[2024-07-25T07:58:17.822+0000] {logging_mixin.py:188} INFO - [2024-07-25T07:58:17.822+0000] {dagbag.py:545} INFO - Filling up the DagBag from /root/.cache/pypoetry/virtualenvs/freeprise-matchmaker-BsnH11MF-py3.8/lib/python3.8/site-packages/airflow/example_dags/example_branch_python_dop_operator_3.py
[2024-07-25T07:58:17.838+0000] {processor.py:840} INFO - DAG(s) 'example_branch_dop_operator_v3' retrieved from /root/.cache/pypoetry/virtualenvs/freeprise-matchmaker-BsnH11MF-py3.8/lib/python3.8/site-packages/airflow/example_dags/example_branch_python_dop_operator_3.py
[2024-07-25T07:58:17.876+0000] {logging_mixin.py:188} INFO - [2024-07-25T07:58:17.875+0000] {dag.py:3089} INFO - Sync 1 DAGs
[2024-07-25T07:58:17.918+0000] {logging_mixin.py:188} INFO - [2024-07-25T07:58:17.918+0000] {dag.py:3947} INFO - Setting next_dagrun for example_branch_dop_operator_v3 to 2024-07-25 07:57:00+00:00, run_after=2024-07-25 07:58:00+00:00
[2024-07-25T07:58:17.945+0000] {processor.py:183} INFO - Processing /root/.cache/pypoetry/virtualenvs/freeprise-matchmaker-BsnH11MF-py3.8/lib/python3.8/site-packages/airflow/example_dags/example_branch_python_dop_operator_3.py took 0.138 seconds
[2024-07-25T07:58:48.060+0000] {processor.py:161} INFO - Started process (PID=4648) to work on /root/.cache/pypoetry/virtualenvs/freeprise-matchmaker-BsnH11MF-py3.8/lib/python3.8/site-packages/airflow/example_dags/example_branch_python_dop_operator_3.py
[2024-07-25T07:58:48.062+0000] {processor.py:830} INFO - Processing file /root/.cache/pypoetry/virtualenvs/freeprise-matchmaker-BsnH11MF-py3.8/lib/python3.8/site-packages/airflow/example_dags/example_branch_python_dop_operator_3.py for tasks to queue
[2024-07-25T07:58:48.065+0000] {logging_mixin.py:188} INFO - [2024-07-25T07:58:48.064+0000] {dagbag.py:545} INFO - Filling up the DagBag from /root/.cache/pypoetry/virtualenvs/freeprise-matchmaker-BsnH11MF-py3.8/lib/python3.8/site-packages/airflow/example_dags/example_branch_python_dop_operator_3.py
[2024-07-25T07:58:48.081+0000] {processor.py:840} INFO - DAG(s) 'example_branch_dop_operator_v3' retrieved from /root/.cache/pypoetry/virtualenvs/freeprise-matchmaker-BsnH11MF-py3.8/lib/python3.8/site-packages/airflow/example_dags/example_branch_python_dop_operator_3.py
[2024-07-25T07:58:48.131+0000] {logging_mixin.py:188} INFO - [2024-07-25T07:58:48.131+0000] {dag.py:3089} INFO - Sync 1 DAGs
[2024-07-25T07:58:48.180+0000] {logging_mixin.py:188} INFO - [2024-07-25T07:58:48.180+0000] {dag.py:3947} INFO - Setting next_dagrun for example_branch_dop_operator_v3 to 2024-07-25 07:57:00+00:00, run_after=2024-07-25 07:58:00+00:00
[2024-07-25T07:58:48.208+0000] {processor.py:183} INFO - Processing /root/.cache/pypoetry/virtualenvs/freeprise-matchmaker-BsnH11MF-py3.8/lib/python3.8/site-packages/airflow/example_dags/example_branch_python_dop_operator_3.py took 0.163 seconds
[2024-07-25T07:59:18.440+0000] {processor.py:161} INFO - Started process (PID=4909) to work on /root/.cache/pypoetry/virtualenvs/freeprise-matchmaker-BsnH11MF-py3.8/lib/python3.8/site-packages/airflow/example_dags/example_branch_python_dop_operator_3.py
[2024-07-25T07:59:18.442+0000] {processor.py:830} INFO - Processing file /root/.cache/pypoetry/virtualenvs/freeprise-matchmaker-BsnH11MF-py3.8/lib/python3.8/site-packages/airflow/example_dags/example_branch_python_dop_operator_3.py for tasks to queue
[2024-07-25T07:59:18.446+0000] {logging_mixin.py:188} INFO - [2024-07-25T07:59:18.445+0000] {dagbag.py:545} INFO - Filling up the DagBag from /root/.cache/pypoetry/virtualenvs/freeprise-matchmaker-BsnH11MF-py3.8/lib/python3.8/site-packages/airflow/example_dags/example_branch_python_dop_operator_3.py
[2024-07-25T07:59:18.475+0000] {processor.py:840} INFO - DAG(s) 'example_branch_dop_operator_v3' retrieved from /root/.cache/pypoetry/virtualenvs/freeprise-matchmaker-BsnH11MF-py3.8/lib/python3.8/site-packages/airflow/example_dags/example_branch_python_dop_operator_3.py
[2024-07-25T07:59:18.533+0000] {logging_mixin.py:188} INFO - [2024-07-25T07:59:18.533+0000] {dag.py:3089} INFO - Sync 1 DAGs
[2024-07-25T07:59:18.596+0000] {logging_mixin.py:188} INFO - [2024-07-25T07:59:18.595+0000] {dag.py:3947} INFO - Setting next_dagrun for example_branch_dop_operator_v3 to 2024-07-25 07:58:00+00:00, run_after=2024-07-25 07:59:00+00:00
[2024-07-25T07:59:18.639+0000] {processor.py:183} INFO - Processing /root/.cache/pypoetry/virtualenvs/freeprise-matchmaker-BsnH11MF-py3.8/lib/python3.8/site-packages/airflow/example_dags/example_branch_python_dop_operator_3.py took 0.213 seconds
[2024-07-25T07:59:49.275+0000] {processor.py:161} INFO - Started process (PID=5175) to work on /root/.cache/pypoetry/virtualenvs/freeprise-matchmaker-BsnH11MF-py3.8/lib/python3.8/site-packages/airflow/example_dags/example_branch_python_dop_operator_3.py
[2024-07-25T07:59:49.278+0000] {processor.py:830} INFO - Processing file /root/.cache/pypoetry/virtualenvs/freeprise-matchmaker-BsnH11MF-py3.8/lib/python3.8/site-packages/airflow/example_dags/example_branch_python_dop_operator_3.py for tasks to queue
[2024-07-25T07:59:49.282+0000] {logging_mixin.py:188} INFO - [2024-07-25T07:59:49.281+0000] {dagbag.py:545} INFO - Filling up the DagBag from /root/.cache/pypoetry/virtualenvs/freeprise-matchmaker-BsnH11MF-py3.8/lib/python3.8/site-packages/airflow/example_dags/example_branch_python_dop_operator_3.py
[2024-07-25T07:59:49.323+0000] {processor.py:840} INFO - DAG(s) 'example_branch_dop_operator_v3' retrieved from /root/.cache/pypoetry/virtualenvs/freeprise-matchmaker-BsnH11MF-py3.8/lib/python3.8/site-packages/airflow/example_dags/example_branch_python_dop_operator_3.py
[2024-07-25T07:59:49.385+0000] {logging_mixin.py:188} INFO - [2024-07-25T07:59:49.385+0000] {dag.py:3089} INFO - Sync 1 DAGs
[2024-07-25T07:59:49.454+0000] {logging_mixin.py:188} INFO - [2024-07-25T07:59:49.453+0000] {dag.py:3947} INFO - Setting next_dagrun for example_branch_dop_operator_v3 to 2024-07-25 07:58:00+00:00, run_after=2024-07-25 07:59:00+00:00
[2024-07-25T07:59:49.493+0000] {processor.py:183} INFO - Processing /root/.cache/pypoetry/virtualenvs/freeprise-matchmaker-BsnH11MF-py3.8/lib/python3.8/site-packages/airflow/example_dags/example_branch_python_dop_operator_3.py took 0.237 seconds
[2024-07-25T08:00:20.545+0000] {processor.py:161} INFO - Started process (PID=5446) to work on /root/.cache/pypoetry/virtualenvs/freeprise-matchmaker-BsnH11MF-py3.8/lib/python3.8/site-packages/airflow/example_dags/example_branch_python_dop_operator_3.py
[2024-07-25T08:00:20.547+0000] {processor.py:830} INFO - Processing file /root/.cache/pypoetry/virtualenvs/freeprise-matchmaker-BsnH11MF-py3.8/lib/python3.8/site-packages/airflow/example_dags/example_branch_python_dop_operator_3.py for tasks to queue
[2024-07-25T08:00:20.550+0000] {logging_mixin.py:188} INFO - [2024-07-25T08:00:20.549+0000] {dagbag.py:545} INFO - Filling up the DagBag from /root/.cache/pypoetry/virtualenvs/freeprise-matchmaker-BsnH11MF-py3.8/lib/python3.8/site-packages/airflow/example_dags/example_branch_python_dop_operator_3.py
[2024-07-25T08:00:20.565+0000] {processor.py:840} INFO - DAG(s) 'example_branch_dop_operator_v3' retrieved from /root/.cache/pypoetry/virtualenvs/freeprise-matchmaker-BsnH11MF-py3.8/lib/python3.8/site-packages/airflow/example_dags/example_branch_python_dop_operator_3.py
[2024-07-25T08:00:20.607+0000] {logging_mixin.py:188} INFO - [2024-07-25T08:00:20.607+0000] {dag.py:3089} INFO - Sync 1 DAGs
[2024-07-25T08:00:20.659+0000] {logging_mixin.py:188} INFO - [2024-07-25T08:00:20.658+0000] {dag.py:3947} INFO - Setting next_dagrun for example_branch_dop_operator_v3 to 2024-07-25 07:59:00+00:00, run_after=2024-07-25 08:00:00+00:00
[2024-07-25T08:00:20.705+0000] {processor.py:183} INFO - Processing /root/.cache/pypoetry/virtualenvs/freeprise-matchmaker-BsnH11MF-py3.8/lib/python3.8/site-packages/airflow/example_dags/example_branch_python_dop_operator_3.py took 0.173 seconds
[2024-07-25T08:00:55.205+0000] {processor.py:161} INFO - Started process (PID=5714) to work on /root/.cache/pypoetry/virtualenvs/freeprise-matchmaker-BsnH11MF-py3.8/lib/python3.8/site-packages/airflow/example_dags/example_branch_python_dop_operator_3.py
[2024-07-25T08:00:55.209+0000] {processor.py:830} INFO - Processing file /root/.cache/pypoetry/virtualenvs/freeprise-matchmaker-BsnH11MF-py3.8/lib/python3.8/site-packages/airflow/example_dags/example_branch_python_dop_operator_3.py for tasks to queue
[2024-07-25T08:00:55.223+0000] {logging_mixin.py:188} INFO - [2024-07-25T08:00:55.222+0000] {dagbag.py:545} INFO - Filling up the DagBag from /root/.cache/pypoetry/virtualenvs/freeprise-matchmaker-BsnH11MF-py3.8/lib/python3.8/site-packages/airflow/example_dags/example_branch_python_dop_operator_3.py
[2024-07-25T08:00:55.262+0000] {processor.py:840} INFO - DAG(s) 'example_branch_dop_operator_v3' retrieved from /root/.cache/pypoetry/virtualenvs/freeprise-matchmaker-BsnH11MF-py3.8/lib/python3.8/site-packages/airflow/example_dags/example_branch_python_dop_operator_3.py
[2024-07-25T08:00:55.339+0000] {logging_mixin.py:188} INFO - [2024-07-25T08:00:55.339+0000] {dag.py:3089} INFO - Sync 1 DAGs
[2024-07-25T08:00:55.401+0000] {logging_mixin.py:188} INFO - [2024-07-25T08:00:55.400+0000] {dag.py:3947} INFO - Setting next_dagrun for example_branch_dop_operator_v3 to 2024-07-25 07:59:00+00:00, run_after=2024-07-25 08:00:00+00:00
[2024-07-25T08:00:55.437+0000] {processor.py:183} INFO - Processing /root/.cache/pypoetry/virtualenvs/freeprise-matchmaker-BsnH11MF-py3.8/lib/python3.8/site-packages/airflow/example_dags/example_branch_python_dop_operator_3.py took 0.262 seconds
