[2024-07-25T07:50:31.996+0000] {processor.py:161} INFO - Started process (PID=387) to work on /root/.cache/pypoetry/virtualenvs/freeprise-matchmaker-BsnH11MF-py3.8/lib/python3.8/site-packages/airflow/example_dags/example_branch_operator_decorator.py
[2024-07-25T07:50:31.998+0000] {processor.py:830} INFO - Processing file /root/.cache/pypoetry/virtualenvs/freeprise-matchmaker-BsnH11MF-py3.8/lib/python3.8/site-packages/airflow/example_dags/example_branch_operator_decorator.py for tasks to queue
[2024-07-25T07:50:32.000+0000] {logging_mixin.py:188} INFO - [2024-07-25T07:50:31.999+0000] {dagbag.py:545} INFO - Filling up the DagBag from /root/.cache/pypoetry/virtualenvs/freeprise-matchmaker-BsnH11MF-py3.8/lib/python3.8/site-packages/airflow/example_dags/example_branch_operator_decorator.py
[2024-07-25T07:50:32.035+0000] {processor.py:840} INFO - DAG(s) 'example_branch_python_operator_decorator' retrieved from /root/.cache/pypoetry/virtualenvs/freeprise-matchmaker-BsnH11MF-py3.8/lib/python3.8/site-packages/airflow/example_dags/example_branch_operator_decorator.py
[2024-07-25T07:50:32.063+0000] {logging_mixin.py:188} INFO - [2024-07-25T07:50:32.063+0000] {dag.py:3089} INFO - Sync 1 DAGs
[2024-07-25T07:50:32.113+0000] {logging_mixin.py:188} INFO - [2024-07-25T07:50:32.113+0000] {dag.py:3947} INFO - Setting next_dagrun for example_branch_python_operator_decorator to 2024-07-24 00:00:00+00:00, run_after=2024-07-25 00:00:00+00:00
[2024-07-25T07:50:32.150+0000] {processor.py:183} INFO - Processing /root/.cache/pypoetry/virtualenvs/freeprise-matchmaker-BsnH11MF-py3.8/lib/python3.8/site-packages/airflow/example_dags/example_branch_operator_decorator.py took 0.166 seconds
[2024-07-25T07:51:08.939+0000] {processor.py:161} INFO - Started process (PID=653) to work on /root/.cache/pypoetry/virtualenvs/freeprise-matchmaker-BsnH11MF-py3.8/lib/python3.8/site-packages/airflow/example_dags/example_branch_operator_decorator.py
[2024-07-25T07:51:08.942+0000] {processor.py:830} INFO - Processing file /root/.cache/pypoetry/virtualenvs/freeprise-matchmaker-BsnH11MF-py3.8/lib/python3.8/site-packages/airflow/example_dags/example_branch_operator_decorator.py for tasks to queue
[2024-07-25T07:51:08.946+0000] {logging_mixin.py:188} INFO - [2024-07-25T07:51:08.945+0000] {dagbag.py:545} INFO - Filling up the DagBag from /root/.cache/pypoetry/virtualenvs/freeprise-matchmaker-BsnH11MF-py3.8/lib/python3.8/site-packages/airflow/example_dags/example_branch_operator_decorator.py
[2024-07-25T07:51:08.994+0000] {processor.py:840} INFO - DAG(s) 'example_branch_python_operator_decorator' retrieved from /root/.cache/pypoetry/virtualenvs/freeprise-matchmaker-BsnH11MF-py3.8/lib/python3.8/site-packages/airflow/example_dags/example_branch_operator_decorator.py
[2024-07-25T07:51:09.334+0000] {logging_mixin.py:188} INFO - [2024-07-25T07:51:09.334+0000] {dag.py:3089} INFO - Sync 1 DAGs
[2024-07-25T07:51:09.372+0000] {logging_mixin.py:188} INFO - [2024-07-25T07:51:09.372+0000] {dag.py:3947} INFO - Setting next_dagrun for example_branch_python_operator_decorator to 2024-07-24 00:00:00+00:00, run_after=2024-07-25 00:00:00+00:00
[2024-07-25T07:51:09.407+0000] {processor.py:183} INFO - Processing /root/.cache/pypoetry/virtualenvs/freeprise-matchmaker-BsnH11MF-py3.8/lib/python3.8/site-packages/airflow/example_dags/example_branch_operator_decorator.py took 0.483 seconds
[2024-07-25T07:51:40.148+0000] {processor.py:161} INFO - Started process (PID=919) to work on /root/.cache/pypoetry/virtualenvs/freeprise-matchmaker-BsnH11MF-py3.8/lib/python3.8/site-packages/airflow/example_dags/example_branch_operator_decorator.py
[2024-07-25T07:51:40.150+0000] {processor.py:830} INFO - Processing file /root/.cache/pypoetry/virtualenvs/freeprise-matchmaker-BsnH11MF-py3.8/lib/python3.8/site-packages/airflow/example_dags/example_branch_operator_decorator.py for tasks to queue
[2024-07-25T07:51:40.153+0000] {logging_mixin.py:188} INFO - [2024-07-25T07:51:40.152+0000] {dagbag.py:545} INFO - Filling up the DagBag from /root/.cache/pypoetry/virtualenvs/freeprise-matchmaker-BsnH11MF-py3.8/lib/python3.8/site-packages/airflow/example_dags/example_branch_operator_decorator.py
[2024-07-25T07:51:40.202+0000] {processor.py:840} INFO - DAG(s) 'example_branch_python_operator_decorator' retrieved from /root/.cache/pypoetry/virtualenvs/freeprise-matchmaker-BsnH11MF-py3.8/lib/python3.8/site-packages/airflow/example_dags/example_branch_operator_decorator.py
[2024-07-25T07:51:40.263+0000] {logging_mixin.py:188} INFO - [2024-07-25T07:51:40.262+0000] {dag.py:3089} INFO - Sync 1 DAGs
[2024-07-25T07:51:40.302+0000] {logging_mixin.py:188} INFO - [2024-07-25T07:51:40.302+0000] {dag.py:3947} INFO - Setting next_dagrun for example_branch_python_operator_decorator to 2024-07-24 00:00:00+00:00, run_after=2024-07-25 00:00:00+00:00
[2024-07-25T07:51:40.331+0000] {processor.py:183} INFO - Processing /root/.cache/pypoetry/virtualenvs/freeprise-matchmaker-BsnH11MF-py3.8/lib/python3.8/site-packages/airflow/example_dags/example_branch_operator_decorator.py took 0.199 seconds
[2024-07-25T07:52:10.628+0000] {processor.py:161} INFO - Started process (PID=1185) to work on /root/.cache/pypoetry/virtualenvs/freeprise-matchmaker-BsnH11MF-py3.8/lib/python3.8/site-packages/airflow/example_dags/example_branch_operator_decorator.py
[2024-07-25T07:52:10.631+0000] {processor.py:830} INFO - Processing file /root/.cache/pypoetry/virtualenvs/freeprise-matchmaker-BsnH11MF-py3.8/lib/python3.8/site-packages/airflow/example_dags/example_branch_operator_decorator.py for tasks to queue
[2024-07-25T07:52:10.634+0000] {logging_mixin.py:188} INFO - [2024-07-25T07:52:10.633+0000] {dagbag.py:545} INFO - Filling up the DagBag from /root/.cache/pypoetry/virtualenvs/freeprise-matchmaker-BsnH11MF-py3.8/lib/python3.8/site-packages/airflow/example_dags/example_branch_operator_decorator.py
[2024-07-25T07:52:10.684+0000] {processor.py:840} INFO - DAG(s) 'example_branch_python_operator_decorator' retrieved from /root/.cache/pypoetry/virtualenvs/freeprise-matchmaker-BsnH11MF-py3.8/lib/python3.8/site-packages/airflow/example_dags/example_branch_operator_decorator.py
[2024-07-25T07:52:10.759+0000] {logging_mixin.py:188} INFO - [2024-07-25T07:52:10.759+0000] {dag.py:3089} INFO - Sync 1 DAGs
[2024-07-25T07:52:10.807+0000] {logging_mixin.py:188} INFO - [2024-07-25T07:52:10.807+0000] {dag.py:3947} INFO - Setting next_dagrun for example_branch_python_operator_decorator to 2024-07-24 00:00:00+00:00, run_after=2024-07-25 00:00:00+00:00
[2024-07-25T07:52:10.843+0000] {processor.py:183} INFO - Processing /root/.cache/pypoetry/virtualenvs/freeprise-matchmaker-BsnH11MF-py3.8/lib/python3.8/site-packages/airflow/example_dags/example_branch_operator_decorator.py took 0.231 seconds
[2024-07-25T07:52:40.934+0000] {processor.py:161} INFO - Started process (PID=1451) to work on /root/.cache/pypoetry/virtualenvs/freeprise-matchmaker-BsnH11MF-py3.8/lib/python3.8/site-packages/airflow/example_dags/example_branch_operator_decorator.py
[2024-07-25T07:52:40.936+0000] {processor.py:830} INFO - Processing file /root/.cache/pypoetry/virtualenvs/freeprise-matchmaker-BsnH11MF-py3.8/lib/python3.8/site-packages/airflow/example_dags/example_branch_operator_decorator.py for tasks to queue
[2024-07-25T07:52:40.939+0000] {logging_mixin.py:188} INFO - [2024-07-25T07:52:40.939+0000] {dagbag.py:545} INFO - Filling up the DagBag from /root/.cache/pypoetry/virtualenvs/freeprise-matchmaker-BsnH11MF-py3.8/lib/python3.8/site-packages/airflow/example_dags/example_branch_operator_decorator.py
[2024-07-25T07:52:40.992+0000] {processor.py:840} INFO - DAG(s) 'example_branch_python_operator_decorator' retrieved from /root/.cache/pypoetry/virtualenvs/freeprise-matchmaker-BsnH11MF-py3.8/lib/python3.8/site-packages/airflow/example_dags/example_branch_operator_decorator.py
[2024-07-25T07:52:41.057+0000] {logging_mixin.py:188} INFO - [2024-07-25T07:52:41.057+0000] {dag.py:3089} INFO - Sync 1 DAGs
[2024-07-25T07:52:41.094+0000] {logging_mixin.py:188} INFO - [2024-07-25T07:52:41.093+0000] {dag.py:3947} INFO - Setting next_dagrun for example_branch_python_operator_decorator to 2024-07-24 00:00:00+00:00, run_after=2024-07-25 00:00:00+00:00
[2024-07-25T07:52:41.122+0000] {processor.py:183} INFO - Processing /root/.cache/pypoetry/virtualenvs/freeprise-matchmaker-BsnH11MF-py3.8/lib/python3.8/site-packages/airflow/example_dags/example_branch_operator_decorator.py took 0.205 seconds
[2024-07-25T07:53:11.749+0000] {processor.py:161} INFO - Started process (PID=1717) to work on /root/.cache/pypoetry/virtualenvs/freeprise-matchmaker-BsnH11MF-py3.8/lib/python3.8/site-packages/airflow/example_dags/example_branch_operator_decorator.py
[2024-07-25T07:53:11.751+0000] {processor.py:830} INFO - Processing file /root/.cache/pypoetry/virtualenvs/freeprise-matchmaker-BsnH11MF-py3.8/lib/python3.8/site-packages/airflow/example_dags/example_branch_operator_decorator.py for tasks to queue
[2024-07-25T07:53:11.754+0000] {logging_mixin.py:188} INFO - [2024-07-25T07:53:11.753+0000] {dagbag.py:545} INFO - Filling up the DagBag from /root/.cache/pypoetry/virtualenvs/freeprise-matchmaker-BsnH11MF-py3.8/lib/python3.8/site-packages/airflow/example_dags/example_branch_operator_decorator.py
[2024-07-25T07:53:11.791+0000] {processor.py:840} INFO - DAG(s) 'example_branch_python_operator_decorator' retrieved from /root/.cache/pypoetry/virtualenvs/freeprise-matchmaker-BsnH11MF-py3.8/lib/python3.8/site-packages/airflow/example_dags/example_branch_operator_decorator.py
[2024-07-25T07:53:11.852+0000] {logging_mixin.py:188} INFO - [2024-07-25T07:53:11.852+0000] {dag.py:3089} INFO - Sync 1 DAGs
[2024-07-25T07:53:11.889+0000] {logging_mixin.py:188} INFO - [2024-07-25T07:53:11.889+0000] {dag.py:3947} INFO - Setting next_dagrun for example_branch_python_operator_decorator to 2024-07-24 00:00:00+00:00, run_after=2024-07-25 00:00:00+00:00
[2024-07-25T07:53:11.920+0000] {processor.py:183} INFO - Processing /root/.cache/pypoetry/virtualenvs/freeprise-matchmaker-BsnH11MF-py3.8/lib/python3.8/site-packages/airflow/example_dags/example_branch_operator_decorator.py took 0.183 seconds
[2024-07-25T07:53:42.114+0000] {processor.py:161} INFO - Started process (PID=1983) to work on /root/.cache/pypoetry/virtualenvs/freeprise-matchmaker-BsnH11MF-py3.8/lib/python3.8/site-packages/airflow/example_dags/example_branch_operator_decorator.py
[2024-07-25T07:53:42.117+0000] {processor.py:830} INFO - Processing file /root/.cache/pypoetry/virtualenvs/freeprise-matchmaker-BsnH11MF-py3.8/lib/python3.8/site-packages/airflow/example_dags/example_branch_operator_decorator.py for tasks to queue
[2024-07-25T07:53:42.119+0000] {logging_mixin.py:188} INFO - [2024-07-25T07:53:42.119+0000] {dagbag.py:545} INFO - Filling up the DagBag from /root/.cache/pypoetry/virtualenvs/freeprise-matchmaker-BsnH11MF-py3.8/lib/python3.8/site-packages/airflow/example_dags/example_branch_operator_decorator.py
[2024-07-25T07:53:42.155+0000] {processor.py:840} INFO - DAG(s) 'example_branch_python_operator_decorator' retrieved from /root/.cache/pypoetry/virtualenvs/freeprise-matchmaker-BsnH11MF-py3.8/lib/python3.8/site-packages/airflow/example_dags/example_branch_operator_decorator.py
[2024-07-25T07:53:42.215+0000] {logging_mixin.py:188} INFO - [2024-07-25T07:53:42.214+0000] {dag.py:3089} INFO - Sync 1 DAGs
[2024-07-25T07:53:42.252+0000] {logging_mixin.py:188} INFO - [2024-07-25T07:53:42.251+0000] {dag.py:3947} INFO - Setting next_dagrun for example_branch_python_operator_decorator to 2024-07-24 00:00:00+00:00, run_after=2024-07-25 00:00:00+00:00
[2024-07-25T07:53:42.278+0000] {processor.py:183} INFO - Processing /root/.cache/pypoetry/virtualenvs/freeprise-matchmaker-BsnH11MF-py3.8/lib/python3.8/site-packages/airflow/example_dags/example_branch_operator_decorator.py took 0.180 seconds
[2024-07-25T07:54:12.745+0000] {processor.py:161} INFO - Started process (PID=2249) to work on /root/.cache/pypoetry/virtualenvs/freeprise-matchmaker-BsnH11MF-py3.8/lib/python3.8/site-packages/airflow/example_dags/example_branch_operator_decorator.py
[2024-07-25T07:54:12.748+0000] {processor.py:830} INFO - Processing file /root/.cache/pypoetry/virtualenvs/freeprise-matchmaker-BsnH11MF-py3.8/lib/python3.8/site-packages/airflow/example_dags/example_branch_operator_decorator.py for tasks to queue
[2024-07-25T07:54:12.750+0000] {logging_mixin.py:188} INFO - [2024-07-25T07:54:12.750+0000] {dagbag.py:545} INFO - Filling up the DagBag from /root/.cache/pypoetry/virtualenvs/freeprise-matchmaker-BsnH11MF-py3.8/lib/python3.8/site-packages/airflow/example_dags/example_branch_operator_decorator.py
[2024-07-25T07:54:12.785+0000] {processor.py:840} INFO - DAG(s) 'example_branch_python_operator_decorator' retrieved from /root/.cache/pypoetry/virtualenvs/freeprise-matchmaker-BsnH11MF-py3.8/lib/python3.8/site-packages/airflow/example_dags/example_branch_operator_decorator.py
[2024-07-25T07:54:12.843+0000] {logging_mixin.py:188} INFO - [2024-07-25T07:54:12.843+0000] {dag.py:3089} INFO - Sync 1 DAGs
[2024-07-25T07:54:12.884+0000] {logging_mixin.py:188} INFO - [2024-07-25T07:54:12.883+0000] {dag.py:3947} INFO - Setting next_dagrun for example_branch_python_operator_decorator to 2024-07-24 00:00:00+00:00, run_after=2024-07-25 00:00:00+00:00
[2024-07-25T07:54:12.920+0000] {processor.py:183} INFO - Processing /root/.cache/pypoetry/virtualenvs/freeprise-matchmaker-BsnH11MF-py3.8/lib/python3.8/site-packages/airflow/example_dags/example_branch_operator_decorator.py took 0.187 seconds
[2024-07-25T07:54:43.413+0000] {processor.py:161} INFO - Started process (PID=2515) to work on /root/.cache/pypoetry/virtualenvs/freeprise-matchmaker-BsnH11MF-py3.8/lib/python3.8/site-packages/airflow/example_dags/example_branch_operator_decorator.py
[2024-07-25T07:54:43.415+0000] {processor.py:830} INFO - Processing file /root/.cache/pypoetry/virtualenvs/freeprise-matchmaker-BsnH11MF-py3.8/lib/python3.8/site-packages/airflow/example_dags/example_branch_operator_decorator.py for tasks to queue
[2024-07-25T07:54:43.417+0000] {logging_mixin.py:188} INFO - [2024-07-25T07:54:43.417+0000] {dagbag.py:545} INFO - Filling up the DagBag from /root/.cache/pypoetry/virtualenvs/freeprise-matchmaker-BsnH11MF-py3.8/lib/python3.8/site-packages/airflow/example_dags/example_branch_operator_decorator.py
[2024-07-25T07:54:43.453+0000] {processor.py:840} INFO - DAG(s) 'example_branch_python_operator_decorator' retrieved from /root/.cache/pypoetry/virtualenvs/freeprise-matchmaker-BsnH11MF-py3.8/lib/python3.8/site-packages/airflow/example_dags/example_branch_operator_decorator.py
[2024-07-25T07:54:43.511+0000] {logging_mixin.py:188} INFO - [2024-07-25T07:54:43.511+0000] {dag.py:3089} INFO - Sync 1 DAGs
[2024-07-25T07:54:43.553+0000] {logging_mixin.py:188} INFO - [2024-07-25T07:54:43.552+0000] {dag.py:3947} INFO - Setting next_dagrun for example_branch_python_operator_decorator to 2024-07-24 00:00:00+00:00, run_after=2024-07-25 00:00:00+00:00
[2024-07-25T07:54:43.587+0000] {processor.py:183} INFO - Processing /root/.cache/pypoetry/virtualenvs/freeprise-matchmaker-BsnH11MF-py3.8/lib/python3.8/site-packages/airflow/example_dags/example_branch_operator_decorator.py took 0.186 seconds
[2024-07-25T07:55:14.471+0000] {processor.py:161} INFO - Started process (PID=2781) to work on /root/.cache/pypoetry/virtualenvs/freeprise-matchmaker-BsnH11MF-py3.8/lib/python3.8/site-packages/airflow/example_dags/example_branch_operator_decorator.py
[2024-07-25T07:55:14.473+0000] {processor.py:830} INFO - Processing file /root/.cache/pypoetry/virtualenvs/freeprise-matchmaker-BsnH11MF-py3.8/lib/python3.8/site-packages/airflow/example_dags/example_branch_operator_decorator.py for tasks to queue
[2024-07-25T07:55:14.477+0000] {logging_mixin.py:188} INFO - [2024-07-25T07:55:14.476+0000] {dagbag.py:545} INFO - Filling up the DagBag from /root/.cache/pypoetry/virtualenvs/freeprise-matchmaker-BsnH11MF-py3.8/lib/python3.8/site-packages/airflow/example_dags/example_branch_operator_decorator.py
[2024-07-25T07:55:14.527+0000] {processor.py:840} INFO - DAG(s) 'example_branch_python_operator_decorator' retrieved from /root/.cache/pypoetry/virtualenvs/freeprise-matchmaker-BsnH11MF-py3.8/lib/python3.8/site-packages/airflow/example_dags/example_branch_operator_decorator.py
[2024-07-25T07:55:14.595+0000] {logging_mixin.py:188} INFO - [2024-07-25T07:55:14.594+0000] {dag.py:3089} INFO - Sync 1 DAGs
[2024-07-25T07:55:14.633+0000] {logging_mixin.py:188} INFO - [2024-07-25T07:55:14.632+0000] {dag.py:3947} INFO - Setting next_dagrun for example_branch_python_operator_decorator to 2024-07-24 00:00:00+00:00, run_after=2024-07-25 00:00:00+00:00
[2024-07-25T07:55:14.663+0000] {processor.py:183} INFO - Processing /root/.cache/pypoetry/virtualenvs/freeprise-matchmaker-BsnH11MF-py3.8/lib/python3.8/site-packages/airflow/example_dags/example_branch_operator_decorator.py took 0.209 seconds
[2024-07-25T07:55:44.791+0000] {processor.py:161} INFO - Started process (PID=3044) to work on /root/.cache/pypoetry/virtualenvs/freeprise-matchmaker-BsnH11MF-py3.8/lib/python3.8/site-packages/airflow/example_dags/example_branch_operator_decorator.py
[2024-07-25T07:55:44.792+0000] {processor.py:830} INFO - Processing file /root/.cache/pypoetry/virtualenvs/freeprise-matchmaker-BsnH11MF-py3.8/lib/python3.8/site-packages/airflow/example_dags/example_branch_operator_decorator.py for tasks to queue
[2024-07-25T07:55:44.795+0000] {logging_mixin.py:188} INFO - [2024-07-25T07:55:44.794+0000] {dagbag.py:545} INFO - Filling up the DagBag from /root/.cache/pypoetry/virtualenvs/freeprise-matchmaker-BsnH11MF-py3.8/lib/python3.8/site-packages/airflow/example_dags/example_branch_operator_decorator.py
[2024-07-25T07:55:44.829+0000] {processor.py:840} INFO - DAG(s) 'example_branch_python_operator_decorator' retrieved from /root/.cache/pypoetry/virtualenvs/freeprise-matchmaker-BsnH11MF-py3.8/lib/python3.8/site-packages/airflow/example_dags/example_branch_operator_decorator.py
[2024-07-25T07:55:44.885+0000] {logging_mixin.py:188} INFO - [2024-07-25T07:55:44.884+0000] {dag.py:3089} INFO - Sync 1 DAGs
[2024-07-25T07:55:44.920+0000] {logging_mixin.py:188} INFO - [2024-07-25T07:55:44.919+0000] {dag.py:3947} INFO - Setting next_dagrun for example_branch_python_operator_decorator to 2024-07-24 00:00:00+00:00, run_after=2024-07-25 00:00:00+00:00
[2024-07-25T07:55:44.949+0000] {processor.py:183} INFO - Processing /root/.cache/pypoetry/virtualenvs/freeprise-matchmaker-BsnH11MF-py3.8/lib/python3.8/site-packages/airflow/example_dags/example_branch_operator_decorator.py took 0.170 seconds
[2024-07-25T07:56:15.467+0000] {processor.py:161} INFO - Started process (PID=3313) to work on /root/.cache/pypoetry/virtualenvs/freeprise-matchmaker-BsnH11MF-py3.8/lib/python3.8/site-packages/airflow/example_dags/example_branch_operator_decorator.py
[2024-07-25T07:56:15.470+0000] {processor.py:830} INFO - Processing file /root/.cache/pypoetry/virtualenvs/freeprise-matchmaker-BsnH11MF-py3.8/lib/python3.8/site-packages/airflow/example_dags/example_branch_operator_decorator.py for tasks to queue
[2024-07-25T07:56:15.472+0000] {logging_mixin.py:188} INFO - [2024-07-25T07:56:15.472+0000] {dagbag.py:545} INFO - Filling up the DagBag from /root/.cache/pypoetry/virtualenvs/freeprise-matchmaker-BsnH11MF-py3.8/lib/python3.8/site-packages/airflow/example_dags/example_branch_operator_decorator.py
[2024-07-25T07:56:15.508+0000] {processor.py:840} INFO - DAG(s) 'example_branch_python_operator_decorator' retrieved from /root/.cache/pypoetry/virtualenvs/freeprise-matchmaker-BsnH11MF-py3.8/lib/python3.8/site-packages/airflow/example_dags/example_branch_operator_decorator.py
[2024-07-25T07:56:15.571+0000] {logging_mixin.py:188} INFO - [2024-07-25T07:56:15.571+0000] {dag.py:3089} INFO - Sync 1 DAGs
[2024-07-25T07:56:15.611+0000] {logging_mixin.py:188} INFO - [2024-07-25T07:56:15.610+0000] {dag.py:3947} INFO - Setting next_dagrun for example_branch_python_operator_decorator to 2024-07-24 00:00:00+00:00, run_after=2024-07-25 00:00:00+00:00
[2024-07-25T07:56:15.643+0000] {processor.py:183} INFO - Processing /root/.cache/pypoetry/virtualenvs/freeprise-matchmaker-BsnH11MF-py3.8/lib/python3.8/site-packages/airflow/example_dags/example_branch_operator_decorator.py took 0.191 seconds
[2024-07-25T07:56:46.244+0000] {processor.py:161} INFO - Started process (PID=3579) to work on /root/.cache/pypoetry/virtualenvs/freeprise-matchmaker-BsnH11MF-py3.8/lib/python3.8/site-packages/airflow/example_dags/example_branch_operator_decorator.py
[2024-07-25T07:56:46.245+0000] {processor.py:830} INFO - Processing file /root/.cache/pypoetry/virtualenvs/freeprise-matchmaker-BsnH11MF-py3.8/lib/python3.8/site-packages/airflow/example_dags/example_branch_operator_decorator.py for tasks to queue
[2024-07-25T07:56:46.248+0000] {logging_mixin.py:188} INFO - [2024-07-25T07:56:46.247+0000] {dagbag.py:545} INFO - Filling up the DagBag from /root/.cache/pypoetry/virtualenvs/freeprise-matchmaker-BsnH11MF-py3.8/lib/python3.8/site-packages/airflow/example_dags/example_branch_operator_decorator.py
[2024-07-25T07:56:46.284+0000] {processor.py:840} INFO - DAG(s) 'example_branch_python_operator_decorator' retrieved from /root/.cache/pypoetry/virtualenvs/freeprise-matchmaker-BsnH11MF-py3.8/lib/python3.8/site-packages/airflow/example_dags/example_branch_operator_decorator.py
[2024-07-25T07:56:46.365+0000] {logging_mixin.py:188} INFO - [2024-07-25T07:56:46.364+0000] {dag.py:3089} INFO - Sync 1 DAGs
[2024-07-25T07:56:46.411+0000] {logging_mixin.py:188} INFO - [2024-07-25T07:56:46.411+0000] {dag.py:3947} INFO - Setting next_dagrun for example_branch_python_operator_decorator to 2024-07-24 00:00:00+00:00, run_after=2024-07-25 00:00:00+00:00
[2024-07-25T07:56:46.440+0000] {processor.py:183} INFO - Processing /root/.cache/pypoetry/virtualenvs/freeprise-matchmaker-BsnH11MF-py3.8/lib/python3.8/site-packages/airflow/example_dags/example_branch_operator_decorator.py took 0.208 seconds
[2024-07-25T07:57:16.715+0000] {processor.py:161} INFO - Started process (PID=3845) to work on /root/.cache/pypoetry/virtualenvs/freeprise-matchmaker-BsnH11MF-py3.8/lib/python3.8/site-packages/airflow/example_dags/example_branch_operator_decorator.py
[2024-07-25T07:57:16.717+0000] {processor.py:830} INFO - Processing file /root/.cache/pypoetry/virtualenvs/freeprise-matchmaker-BsnH11MF-py3.8/lib/python3.8/site-packages/airflow/example_dags/example_branch_operator_decorator.py for tasks to queue
[2024-07-25T07:57:16.719+0000] {logging_mixin.py:188} INFO - [2024-07-25T07:57:16.719+0000] {dagbag.py:545} INFO - Filling up the DagBag from /root/.cache/pypoetry/virtualenvs/freeprise-matchmaker-BsnH11MF-py3.8/lib/python3.8/site-packages/airflow/example_dags/example_branch_operator_decorator.py
[2024-07-25T07:57:16.756+0000] {processor.py:840} INFO - DAG(s) 'example_branch_python_operator_decorator' retrieved from /root/.cache/pypoetry/virtualenvs/freeprise-matchmaker-BsnH11MF-py3.8/lib/python3.8/site-packages/airflow/example_dags/example_branch_operator_decorator.py
[2024-07-25T07:57:16.815+0000] {logging_mixin.py:188} INFO - [2024-07-25T07:57:16.814+0000] {dag.py:3089} INFO - Sync 1 DAGs
[2024-07-25T07:57:16.851+0000] {logging_mixin.py:188} INFO - [2024-07-25T07:57:16.851+0000] {dag.py:3947} INFO - Setting next_dagrun for example_branch_python_operator_decorator to 2024-07-24 00:00:00+00:00, run_after=2024-07-25 00:00:00+00:00
[2024-07-25T07:57:16.880+0000] {processor.py:183} INFO - Processing /root/.cache/pypoetry/virtualenvs/freeprise-matchmaker-BsnH11MF-py3.8/lib/python3.8/site-packages/airflow/example_dags/example_branch_operator_decorator.py took 0.177 seconds
[2024-07-25T07:57:47.071+0000] {processor.py:161} INFO - Started process (PID=4111) to work on /root/.cache/pypoetry/virtualenvs/freeprise-matchmaker-BsnH11MF-py3.8/lib/python3.8/site-packages/airflow/example_dags/example_branch_operator_decorator.py
[2024-07-25T07:57:47.074+0000] {processor.py:830} INFO - Processing file /root/.cache/pypoetry/virtualenvs/freeprise-matchmaker-BsnH11MF-py3.8/lib/python3.8/site-packages/airflow/example_dags/example_branch_operator_decorator.py for tasks to queue
[2024-07-25T07:57:47.077+0000] {logging_mixin.py:188} INFO - [2024-07-25T07:57:47.077+0000] {dagbag.py:545} INFO - Filling up the DagBag from /root/.cache/pypoetry/virtualenvs/freeprise-matchmaker-BsnH11MF-py3.8/lib/python3.8/site-packages/airflow/example_dags/example_branch_operator_decorator.py
[2024-07-25T07:57:47.129+0000] {processor.py:840} INFO - DAG(s) 'example_branch_python_operator_decorator' retrieved from /root/.cache/pypoetry/virtualenvs/freeprise-matchmaker-BsnH11MF-py3.8/lib/python3.8/site-packages/airflow/example_dags/example_branch_operator_decorator.py
[2024-07-25T07:57:47.213+0000] {logging_mixin.py:188} INFO - [2024-07-25T07:57:47.212+0000] {dag.py:3089} INFO - Sync 1 DAGs
[2024-07-25T07:57:47.259+0000] {logging_mixin.py:188} INFO - [2024-07-25T07:57:47.259+0000] {dag.py:3947} INFO - Setting next_dagrun for example_branch_python_operator_decorator to 2024-07-24 00:00:00+00:00, run_after=2024-07-25 00:00:00+00:00
[2024-07-25T07:57:47.290+0000] {processor.py:183} INFO - Processing /root/.cache/pypoetry/virtualenvs/freeprise-matchmaker-BsnH11MF-py3.8/lib/python3.8/site-packages/airflow/example_dags/example_branch_operator_decorator.py took 0.235 seconds
[2024-07-25T07:58:17.581+0000] {processor.py:161} INFO - Started process (PID=4377) to work on /root/.cache/pypoetry/virtualenvs/freeprise-matchmaker-BsnH11MF-py3.8/lib/python3.8/site-packages/airflow/example_dags/example_branch_operator_decorator.py
[2024-07-25T07:58:17.583+0000] {processor.py:830} INFO - Processing file /root/.cache/pypoetry/virtualenvs/freeprise-matchmaker-BsnH11MF-py3.8/lib/python3.8/site-packages/airflow/example_dags/example_branch_operator_decorator.py for tasks to queue
[2024-07-25T07:58:17.586+0000] {logging_mixin.py:188} INFO - [2024-07-25T07:58:17.586+0000] {dagbag.py:545} INFO - Filling up the DagBag from /root/.cache/pypoetry/virtualenvs/freeprise-matchmaker-BsnH11MF-py3.8/lib/python3.8/site-packages/airflow/example_dags/example_branch_operator_decorator.py
[2024-07-25T07:58:17.637+0000] {processor.py:840} INFO - DAG(s) 'example_branch_python_operator_decorator' retrieved from /root/.cache/pypoetry/virtualenvs/freeprise-matchmaker-BsnH11MF-py3.8/lib/python3.8/site-packages/airflow/example_dags/example_branch_operator_decorator.py
[2024-07-25T07:58:17.703+0000] {logging_mixin.py:188} INFO - [2024-07-25T07:58:17.703+0000] {dag.py:3089} INFO - Sync 1 DAGs
[2024-07-25T07:58:17.745+0000] {logging_mixin.py:188} INFO - [2024-07-25T07:58:17.745+0000] {dag.py:3947} INFO - Setting next_dagrun for example_branch_python_operator_decorator to 2024-07-24 00:00:00+00:00, run_after=2024-07-25 00:00:00+00:00
[2024-07-25T07:58:17.772+0000] {processor.py:183} INFO - Processing /root/.cache/pypoetry/virtualenvs/freeprise-matchmaker-BsnH11MF-py3.8/lib/python3.8/site-packages/airflow/example_dags/example_branch_operator_decorator.py took 0.207 seconds
[2024-07-25T07:58:47.844+0000] {processor.py:161} INFO - Started process (PID=4640) to work on /root/.cache/pypoetry/virtualenvs/freeprise-matchmaker-BsnH11MF-py3.8/lib/python3.8/site-packages/airflow/example_dags/example_branch_operator_decorator.py
[2024-07-25T07:58:47.847+0000] {processor.py:830} INFO - Processing file /root/.cache/pypoetry/virtualenvs/freeprise-matchmaker-BsnH11MF-py3.8/lib/python3.8/site-packages/airflow/example_dags/example_branch_operator_decorator.py for tasks to queue
[2024-07-25T07:58:47.849+0000] {logging_mixin.py:188} INFO - [2024-07-25T07:58:47.849+0000] {dagbag.py:545} INFO - Filling up the DagBag from /root/.cache/pypoetry/virtualenvs/freeprise-matchmaker-BsnH11MF-py3.8/lib/python3.8/site-packages/airflow/example_dags/example_branch_operator_decorator.py
[2024-07-25T07:58:47.884+0000] {processor.py:840} INFO - DAG(s) 'example_branch_python_operator_decorator' retrieved from /root/.cache/pypoetry/virtualenvs/freeprise-matchmaker-BsnH11MF-py3.8/lib/python3.8/site-packages/airflow/example_dags/example_branch_operator_decorator.py
[2024-07-25T07:58:47.941+0000] {logging_mixin.py:188} INFO - [2024-07-25T07:58:47.941+0000] {dag.py:3089} INFO - Sync 1 DAGs
[2024-07-25T07:58:47.977+0000] {logging_mixin.py:188} INFO - [2024-07-25T07:58:47.976+0000] {dag.py:3947} INFO - Setting next_dagrun for example_branch_python_operator_decorator to 2024-07-24 00:00:00+00:00, run_after=2024-07-25 00:00:00+00:00
[2024-07-25T07:58:48.003+0000] {processor.py:183} INFO - Processing /root/.cache/pypoetry/virtualenvs/freeprise-matchmaker-BsnH11MF-py3.8/lib/python3.8/site-packages/airflow/example_dags/example_branch_operator_decorator.py took 0.171 seconds
[2024-07-25T07:59:18.430+0000] {processor.py:161} INFO - Started process (PID=4906) to work on /root/.cache/pypoetry/virtualenvs/freeprise-matchmaker-BsnH11MF-py3.8/lib/python3.8/site-packages/airflow/example_dags/example_branch_operator_decorator.py
[2024-07-25T07:59:18.432+0000] {processor.py:830} INFO - Processing file /root/.cache/pypoetry/virtualenvs/freeprise-matchmaker-BsnH11MF-py3.8/lib/python3.8/site-packages/airflow/example_dags/example_branch_operator_decorator.py for tasks to queue
[2024-07-25T07:59:18.436+0000] {logging_mixin.py:188} INFO - [2024-07-25T07:59:18.436+0000] {dagbag.py:545} INFO - Filling up the DagBag from /root/.cache/pypoetry/virtualenvs/freeprise-matchmaker-BsnH11MF-py3.8/lib/python3.8/site-packages/airflow/example_dags/example_branch_operator_decorator.py
[2024-07-25T07:59:18.499+0000] {processor.py:840} INFO - DAG(s) 'example_branch_python_operator_decorator' retrieved from /root/.cache/pypoetry/virtualenvs/freeprise-matchmaker-BsnH11MF-py3.8/lib/python3.8/site-packages/airflow/example_dags/example_branch_operator_decorator.py
[2024-07-25T07:59:18.584+0000] {logging_mixin.py:188} INFO - [2024-07-25T07:59:18.584+0000] {dag.py:3089} INFO - Sync 1 DAGs
[2024-07-25T07:59:18.632+0000] {logging_mixin.py:188} INFO - [2024-07-25T07:59:18.631+0000] {dag.py:3947} INFO - Setting next_dagrun for example_branch_python_operator_decorator to 2024-07-24 00:00:00+00:00, run_after=2024-07-25 00:00:00+00:00
[2024-07-25T07:59:18.672+0000] {processor.py:183} INFO - Processing /root/.cache/pypoetry/virtualenvs/freeprise-matchmaker-BsnH11MF-py3.8/lib/python3.8/site-packages/airflow/example_dags/example_branch_operator_decorator.py took 0.258 seconds
[2024-07-25T07:59:49.256+0000] {processor.py:161} INFO - Started process (PID=5172) to work on /root/.cache/pypoetry/virtualenvs/freeprise-matchmaker-BsnH11MF-py3.8/lib/python3.8/site-packages/airflow/example_dags/example_branch_operator_decorator.py
[2024-07-25T07:59:49.258+0000] {processor.py:830} INFO - Processing file /root/.cache/pypoetry/virtualenvs/freeprise-matchmaker-BsnH11MF-py3.8/lib/python3.8/site-packages/airflow/example_dags/example_branch_operator_decorator.py for tasks to queue
[2024-07-25T07:59:49.261+0000] {logging_mixin.py:188} INFO - [2024-07-25T07:59:49.260+0000] {dagbag.py:545} INFO - Filling up the DagBag from /root/.cache/pypoetry/virtualenvs/freeprise-matchmaker-BsnH11MF-py3.8/lib/python3.8/site-packages/airflow/example_dags/example_branch_operator_decorator.py
[2024-07-25T07:59:49.324+0000] {processor.py:840} INFO - DAG(s) 'example_branch_python_operator_decorator' retrieved from /root/.cache/pypoetry/virtualenvs/freeprise-matchmaker-BsnH11MF-py3.8/lib/python3.8/site-packages/airflow/example_dags/example_branch_operator_decorator.py
[2024-07-25T07:59:49.415+0000] {logging_mixin.py:188} INFO - [2024-07-25T07:59:49.415+0000] {dag.py:3089} INFO - Sync 1 DAGs
[2024-07-25T07:59:49.474+0000] {logging_mixin.py:188} INFO - [2024-07-25T07:59:49.473+0000] {dag.py:3947} INFO - Setting next_dagrun for example_branch_python_operator_decorator to 2024-07-24 00:00:00+00:00, run_after=2024-07-25 00:00:00+00:00
[2024-07-25T07:59:49.554+0000] {processor.py:183} INFO - Processing /root/.cache/pypoetry/virtualenvs/freeprise-matchmaker-BsnH11MF-py3.8/lib/python3.8/site-packages/airflow/example_dags/example_branch_operator_decorator.py took 0.314 seconds
[2024-07-25T08:00:20.252+0000] {processor.py:161} INFO - Started process (PID=5441) to work on /root/.cache/pypoetry/virtualenvs/freeprise-matchmaker-BsnH11MF-py3.8/lib/python3.8/site-packages/airflow/example_dags/example_branch_operator_decorator.py
[2024-07-25T08:00:20.255+0000] {processor.py:830} INFO - Processing file /root/.cache/pypoetry/virtualenvs/freeprise-matchmaker-BsnH11MF-py3.8/lib/python3.8/site-packages/airflow/example_dags/example_branch_operator_decorator.py for tasks to queue
[2024-07-25T08:00:20.258+0000] {logging_mixin.py:188} INFO - [2024-07-25T08:00:20.257+0000] {dagbag.py:545} INFO - Filling up the DagBag from /root/.cache/pypoetry/virtualenvs/freeprise-matchmaker-BsnH11MF-py3.8/lib/python3.8/site-packages/airflow/example_dags/example_branch_operator_decorator.py
[2024-07-25T08:00:20.312+0000] {processor.py:840} INFO - DAG(s) 'example_branch_python_operator_decorator' retrieved from /root/.cache/pypoetry/virtualenvs/freeprise-matchmaker-BsnH11MF-py3.8/lib/python3.8/site-packages/airflow/example_dags/example_branch_operator_decorator.py
[2024-07-25T08:00:20.407+0000] {logging_mixin.py:188} INFO - [2024-07-25T08:00:20.406+0000] {dag.py:3089} INFO - Sync 1 DAGs
[2024-07-25T08:00:20.462+0000] {logging_mixin.py:188} INFO - [2024-07-25T08:00:20.461+0000] {dag.py:3947} INFO - Setting next_dagrun for example_branch_python_operator_decorator to 2024-07-24 00:00:00+00:00, run_after=2024-07-25 00:00:00+00:00
[2024-07-25T08:00:20.496+0000] {processor.py:183} INFO - Processing /root/.cache/pypoetry/virtualenvs/freeprise-matchmaker-BsnH11MF-py3.8/lib/python3.8/site-packages/airflow/example_dags/example_branch_operator_decorator.py took 0.260 seconds
[2024-07-25T08:00:54.898+0000] {processor.py:161} INFO - Started process (PID=5709) to work on /root/.cache/pypoetry/virtualenvs/freeprise-matchmaker-BsnH11MF-py3.8/lib/python3.8/site-packages/airflow/example_dags/example_branch_operator_decorator.py
[2024-07-25T08:00:54.901+0000] {processor.py:830} INFO - Processing file /root/.cache/pypoetry/virtualenvs/freeprise-matchmaker-BsnH11MF-py3.8/lib/python3.8/site-packages/airflow/example_dags/example_branch_operator_decorator.py for tasks to queue
[2024-07-25T08:00:54.906+0000] {logging_mixin.py:188} INFO - [2024-07-25T08:00:54.905+0000] {dagbag.py:545} INFO - Filling up the DagBag from /root/.cache/pypoetry/virtualenvs/freeprise-matchmaker-BsnH11MF-py3.8/lib/python3.8/site-packages/airflow/example_dags/example_branch_operator_decorator.py
[2024-07-25T08:00:54.965+0000] {processor.py:840} INFO - DAG(s) 'example_branch_python_operator_decorator' retrieved from /root/.cache/pypoetry/virtualenvs/freeprise-matchmaker-BsnH11MF-py3.8/lib/python3.8/site-packages/airflow/example_dags/example_branch_operator_decorator.py
[2024-07-25T08:00:55.045+0000] {logging_mixin.py:188} INFO - [2024-07-25T08:00:55.044+0000] {dag.py:3089} INFO - Sync 1 DAGs
[2024-07-25T08:00:55.096+0000] {logging_mixin.py:188} INFO - [2024-07-25T08:00:55.096+0000] {dag.py:3947} INFO - Setting next_dagrun for example_branch_python_operator_decorator to 2024-07-24 00:00:00+00:00, run_after=2024-07-25 00:00:00+00:00
[2024-07-25T08:00:55.137+0000] {processor.py:183} INFO - Processing /root/.cache/pypoetry/virtualenvs/freeprise-matchmaker-BsnH11MF-py3.8/lib/python3.8/site-packages/airflow/example_dags/example_branch_operator_decorator.py took 0.259 seconds
