[2024-07-25T07:50:31.054+0000] {processor.py:161} INFO - Started process (PID=337) to work on /root/.cache/pypoetry/virtualenvs/freeprise-matchmaker-BsnH11MF-py3.8/lib/python3.8/site-packages/airflow/example_dags/example_nested_branch_dag.py
[2024-07-25T07:50:31.055+0000] {processor.py:830} INFO - Processing file /root/.cache/pypoetry/virtualenvs/freeprise-matchmaker-BsnH11MF-py3.8/lib/python3.8/site-packages/airflow/example_dags/example_nested_branch_dag.py for tasks to queue
[2024-07-25T07:50:31.058+0000] {logging_mixin.py:188} INFO - [2024-07-25T07:50:31.057+0000] {dagbag.py:545} INFO - Filling up the DagBag from /root/.cache/pypoetry/virtualenvs/freeprise-matchmaker-BsnH11MF-py3.8/lib/python3.8/site-packages/airflow/example_dags/example_nested_branch_dag.py
[2024-07-25T07:50:31.074+0000] {processor.py:840} INFO - DAG(s) 'example_nested_branch_dag' retrieved from /root/.cache/pypoetry/virtualenvs/freeprise-matchmaker-BsnH11MF-py3.8/lib/python3.8/site-packages/airflow/example_dags/example_nested_branch_dag.py
[2024-07-25T07:50:31.099+0000] {logging_mixin.py:188} INFO - [2024-07-25T07:50:31.098+0000] {dag.py:3089} INFO - Sync 1 DAGs
[2024-07-25T07:50:31.144+0000] {logging_mixin.py:188} INFO - [2024-07-25T07:50:31.143+0000] {dag.py:3947} INFO - Setting next_dagrun for example_nested_branch_dag to 2024-07-24 00:00:00+00:00, run_after=2024-07-25 00:00:00+00:00
[2024-07-25T07:50:31.183+0000] {processor.py:183} INFO - Processing /root/.cache/pypoetry/virtualenvs/freeprise-matchmaker-BsnH11MF-py3.8/lib/python3.8/site-packages/airflow/example_dags/example_nested_branch_dag.py took 0.140 seconds
[2024-07-25T07:51:06.559+0000] {processor.py:161} INFO - Started process (PID=603) to work on /root/.cache/pypoetry/virtualenvs/freeprise-matchmaker-BsnH11MF-py3.8/lib/python3.8/site-packages/airflow/example_dags/example_nested_branch_dag.py
[2024-07-25T07:51:06.561+0000] {processor.py:830} INFO - Processing file /root/.cache/pypoetry/virtualenvs/freeprise-matchmaker-BsnH11MF-py3.8/lib/python3.8/site-packages/airflow/example_dags/example_nested_branch_dag.py for tasks to queue
[2024-07-25T07:51:06.563+0000] {logging_mixin.py:188} INFO - [2024-07-25T07:51:06.563+0000] {dagbag.py:545} INFO - Filling up the DagBag from /root/.cache/pypoetry/virtualenvs/freeprise-matchmaker-BsnH11MF-py3.8/lib/python3.8/site-packages/airflow/example_dags/example_nested_branch_dag.py
[2024-07-25T07:51:06.580+0000] {processor.py:840} INFO - DAG(s) 'example_nested_branch_dag' retrieved from /root/.cache/pypoetry/virtualenvs/freeprise-matchmaker-BsnH11MF-py3.8/lib/python3.8/site-packages/airflow/example_dags/example_nested_branch_dag.py
[2024-07-25T07:51:06.911+0000] {logging_mixin.py:188} INFO - [2024-07-25T07:51:06.910+0000] {dag.py:3089} INFO - Sync 1 DAGs
[2024-07-25T07:51:06.943+0000] {logging_mixin.py:188} INFO - [2024-07-25T07:51:06.943+0000] {dag.py:3947} INFO - Setting next_dagrun for example_nested_branch_dag to 2024-07-24 00:00:00+00:00, run_after=2024-07-25 00:00:00+00:00
[2024-07-25T07:51:06.969+0000] {processor.py:183} INFO - Processing /root/.cache/pypoetry/virtualenvs/freeprise-matchmaker-BsnH11MF-py3.8/lib/python3.8/site-packages/airflow/example_dags/example_nested_branch_dag.py took 0.423 seconds
[2024-07-25T07:51:37.118+0000] {processor.py:161} INFO - Started process (PID=869) to work on /root/.cache/pypoetry/virtualenvs/freeprise-matchmaker-BsnH11MF-py3.8/lib/python3.8/site-packages/airflow/example_dags/example_nested_branch_dag.py
[2024-07-25T07:51:37.121+0000] {processor.py:830} INFO - Processing file /root/.cache/pypoetry/virtualenvs/freeprise-matchmaker-BsnH11MF-py3.8/lib/python3.8/site-packages/airflow/example_dags/example_nested_branch_dag.py for tasks to queue
[2024-07-25T07:51:37.125+0000] {logging_mixin.py:188} INFO - [2024-07-25T07:51:37.125+0000] {dagbag.py:545} INFO - Filling up the DagBag from /root/.cache/pypoetry/virtualenvs/freeprise-matchmaker-BsnH11MF-py3.8/lib/python3.8/site-packages/airflow/example_dags/example_nested_branch_dag.py
[2024-07-25T07:51:37.151+0000] {processor.py:840} INFO - DAG(s) 'example_nested_branch_dag' retrieved from /root/.cache/pypoetry/virtualenvs/freeprise-matchmaker-BsnH11MF-py3.8/lib/python3.8/site-packages/airflow/example_dags/example_nested_branch_dag.py
[2024-07-25T07:51:37.195+0000] {logging_mixin.py:188} INFO - [2024-07-25T07:51:37.194+0000] {dag.py:3089} INFO - Sync 1 DAGs
[2024-07-25T07:51:37.237+0000] {logging_mixin.py:188} INFO - [2024-07-25T07:51:37.236+0000] {dag.py:3947} INFO - Setting next_dagrun for example_nested_branch_dag to 2024-07-24 00:00:00+00:00, run_after=2024-07-25 00:00:00+00:00
[2024-07-25T07:51:37.269+0000] {processor.py:183} INFO - Processing /root/.cache/pypoetry/virtualenvs/freeprise-matchmaker-BsnH11MF-py3.8/lib/python3.8/site-packages/airflow/example_dags/example_nested_branch_dag.py took 0.173 seconds
[2024-07-25T07:52:07.632+0000] {processor.py:161} INFO - Started process (PID=1135) to work on /root/.cache/pypoetry/virtualenvs/freeprise-matchmaker-BsnH11MF-py3.8/lib/python3.8/site-packages/airflow/example_dags/example_nested_branch_dag.py
[2024-07-25T07:52:07.634+0000] {processor.py:830} INFO - Processing file /root/.cache/pypoetry/virtualenvs/freeprise-matchmaker-BsnH11MF-py3.8/lib/python3.8/site-packages/airflow/example_dags/example_nested_branch_dag.py for tasks to queue
[2024-07-25T07:52:07.636+0000] {logging_mixin.py:188} INFO - [2024-07-25T07:52:07.636+0000] {dagbag.py:545} INFO - Filling up the DagBag from /root/.cache/pypoetry/virtualenvs/freeprise-matchmaker-BsnH11MF-py3.8/lib/python3.8/site-packages/airflow/example_dags/example_nested_branch_dag.py
[2024-07-25T07:52:07.654+0000] {processor.py:840} INFO - DAG(s) 'example_nested_branch_dag' retrieved from /root/.cache/pypoetry/virtualenvs/freeprise-matchmaker-BsnH11MF-py3.8/lib/python3.8/site-packages/airflow/example_dags/example_nested_branch_dag.py
[2024-07-25T07:52:07.704+0000] {logging_mixin.py:188} INFO - [2024-07-25T07:52:07.703+0000] {dag.py:3089} INFO - Sync 1 DAGs
[2024-07-25T07:52:07.742+0000] {logging_mixin.py:188} INFO - [2024-07-25T07:52:07.741+0000] {dag.py:3947} INFO - Setting next_dagrun for example_nested_branch_dag to 2024-07-24 00:00:00+00:00, run_after=2024-07-25 00:00:00+00:00
[2024-07-25T07:52:07.778+0000] {processor.py:183} INFO - Processing /root/.cache/pypoetry/virtualenvs/freeprise-matchmaker-BsnH11MF-py3.8/lib/python3.8/site-packages/airflow/example_dags/example_nested_branch_dag.py took 0.158 seconds
[2024-07-25T07:52:37.955+0000] {processor.py:161} INFO - Started process (PID=1401) to work on /root/.cache/pypoetry/virtualenvs/freeprise-matchmaker-BsnH11MF-py3.8/lib/python3.8/site-packages/airflow/example_dags/example_nested_branch_dag.py
[2024-07-25T07:52:37.957+0000] {processor.py:830} INFO - Processing file /root/.cache/pypoetry/virtualenvs/freeprise-matchmaker-BsnH11MF-py3.8/lib/python3.8/site-packages/airflow/example_dags/example_nested_branch_dag.py for tasks to queue
[2024-07-25T07:52:37.959+0000] {logging_mixin.py:188} INFO - [2024-07-25T07:52:37.959+0000] {dagbag.py:545} INFO - Filling up the DagBag from /root/.cache/pypoetry/virtualenvs/freeprise-matchmaker-BsnH11MF-py3.8/lib/python3.8/site-packages/airflow/example_dags/example_nested_branch_dag.py
[2024-07-25T07:52:37.979+0000] {processor.py:840} INFO - DAG(s) 'example_nested_branch_dag' retrieved from /root/.cache/pypoetry/virtualenvs/freeprise-matchmaker-BsnH11MF-py3.8/lib/python3.8/site-packages/airflow/example_dags/example_nested_branch_dag.py
[2024-07-25T07:52:38.026+0000] {logging_mixin.py:188} INFO - [2024-07-25T07:52:38.025+0000] {dag.py:3089} INFO - Sync 1 DAGs
[2024-07-25T07:52:38.061+0000] {logging_mixin.py:188} INFO - [2024-07-25T07:52:38.061+0000] {dag.py:3947} INFO - Setting next_dagrun for example_nested_branch_dag to 2024-07-24 00:00:00+00:00, run_after=2024-07-25 00:00:00+00:00
[2024-07-25T07:52:38.091+0000] {processor.py:183} INFO - Processing /root/.cache/pypoetry/virtualenvs/freeprise-matchmaker-BsnH11MF-py3.8/lib/python3.8/site-packages/airflow/example_dags/example_nested_branch_dag.py took 0.150 seconds
[2024-07-25T07:53:08.736+0000] {processor.py:161} INFO - Started process (PID=1667) to work on /root/.cache/pypoetry/virtualenvs/freeprise-matchmaker-BsnH11MF-py3.8/lib/python3.8/site-packages/airflow/example_dags/example_nested_branch_dag.py
[2024-07-25T07:53:08.739+0000] {processor.py:830} INFO - Processing file /root/.cache/pypoetry/virtualenvs/freeprise-matchmaker-BsnH11MF-py3.8/lib/python3.8/site-packages/airflow/example_dags/example_nested_branch_dag.py for tasks to queue
[2024-07-25T07:53:08.741+0000] {logging_mixin.py:188} INFO - [2024-07-25T07:53:08.741+0000] {dagbag.py:545} INFO - Filling up the DagBag from /root/.cache/pypoetry/virtualenvs/freeprise-matchmaker-BsnH11MF-py3.8/lib/python3.8/site-packages/airflow/example_dags/example_nested_branch_dag.py
[2024-07-25T07:53:08.759+0000] {processor.py:840} INFO - DAG(s) 'example_nested_branch_dag' retrieved from /root/.cache/pypoetry/virtualenvs/freeprise-matchmaker-BsnH11MF-py3.8/lib/python3.8/site-packages/airflow/example_dags/example_nested_branch_dag.py
[2024-07-25T07:53:08.807+0000] {logging_mixin.py:188} INFO - [2024-07-25T07:53:08.806+0000] {dag.py:3089} INFO - Sync 1 DAGs
[2024-07-25T07:53:08.858+0000] {logging_mixin.py:188} INFO - [2024-07-25T07:53:08.857+0000] {dag.py:3947} INFO - Setting next_dagrun for example_nested_branch_dag to 2024-07-24 00:00:00+00:00, run_after=2024-07-25 00:00:00+00:00
[2024-07-25T07:53:08.892+0000] {processor.py:183} INFO - Processing /root/.cache/pypoetry/virtualenvs/freeprise-matchmaker-BsnH11MF-py3.8/lib/python3.8/site-packages/airflow/example_dags/example_nested_branch_dag.py took 0.169 seconds
[2024-07-25T07:53:39.299+0000] {processor.py:161} INFO - Started process (PID=1933) to work on /root/.cache/pypoetry/virtualenvs/freeprise-matchmaker-BsnH11MF-py3.8/lib/python3.8/site-packages/airflow/example_dags/example_nested_branch_dag.py
[2024-07-25T07:53:39.303+0000] {processor.py:830} INFO - Processing file /root/.cache/pypoetry/virtualenvs/freeprise-matchmaker-BsnH11MF-py3.8/lib/python3.8/site-packages/airflow/example_dags/example_nested_branch_dag.py for tasks to queue
[2024-07-25T07:53:39.306+0000] {logging_mixin.py:188} INFO - [2024-07-25T07:53:39.306+0000] {dagbag.py:545} INFO - Filling up the DagBag from /root/.cache/pypoetry/virtualenvs/freeprise-matchmaker-BsnH11MF-py3.8/lib/python3.8/site-packages/airflow/example_dags/example_nested_branch_dag.py
[2024-07-25T07:53:39.330+0000] {processor.py:840} INFO - DAG(s) 'example_nested_branch_dag' retrieved from /root/.cache/pypoetry/virtualenvs/freeprise-matchmaker-BsnH11MF-py3.8/lib/python3.8/site-packages/airflow/example_dags/example_nested_branch_dag.py
[2024-07-25T07:53:39.379+0000] {logging_mixin.py:188} INFO - [2024-07-25T07:53:39.379+0000] {dag.py:3089} INFO - Sync 1 DAGs
[2024-07-25T07:53:39.417+0000] {logging_mixin.py:188} INFO - [2024-07-25T07:53:39.417+0000] {dag.py:3947} INFO - Setting next_dagrun for example_nested_branch_dag to 2024-07-24 00:00:00+00:00, run_after=2024-07-25 00:00:00+00:00
[2024-07-25T07:53:39.449+0000] {processor.py:183} INFO - Processing /root/.cache/pypoetry/virtualenvs/freeprise-matchmaker-BsnH11MF-py3.8/lib/python3.8/site-packages/airflow/example_dags/example_nested_branch_dag.py took 0.165 seconds
[2024-07-25T07:54:09.791+0000] {processor.py:161} INFO - Started process (PID=2199) to work on /root/.cache/pypoetry/virtualenvs/freeprise-matchmaker-BsnH11MF-py3.8/lib/python3.8/site-packages/airflow/example_dags/example_nested_branch_dag.py
[2024-07-25T07:54:09.794+0000] {processor.py:830} INFO - Processing file /root/.cache/pypoetry/virtualenvs/freeprise-matchmaker-BsnH11MF-py3.8/lib/python3.8/site-packages/airflow/example_dags/example_nested_branch_dag.py for tasks to queue
[2024-07-25T07:54:09.797+0000] {logging_mixin.py:188} INFO - [2024-07-25T07:54:09.797+0000] {dagbag.py:545} INFO - Filling up the DagBag from /root/.cache/pypoetry/virtualenvs/freeprise-matchmaker-BsnH11MF-py3.8/lib/python3.8/site-packages/airflow/example_dags/example_nested_branch_dag.py
[2024-07-25T07:54:09.820+0000] {processor.py:840} INFO - DAG(s) 'example_nested_branch_dag' retrieved from /root/.cache/pypoetry/virtualenvs/freeprise-matchmaker-BsnH11MF-py3.8/lib/python3.8/site-packages/airflow/example_dags/example_nested_branch_dag.py
[2024-07-25T07:54:09.868+0000] {logging_mixin.py:188} INFO - [2024-07-25T07:54:09.867+0000] {dag.py:3089} INFO - Sync 1 DAGs
[2024-07-25T07:54:09.906+0000] {logging_mixin.py:188} INFO - [2024-07-25T07:54:09.905+0000] {dag.py:3947} INFO - Setting next_dagrun for example_nested_branch_dag to 2024-07-24 00:00:00+00:00, run_after=2024-07-25 00:00:00+00:00
[2024-07-25T07:54:09.937+0000] {processor.py:183} INFO - Processing /root/.cache/pypoetry/virtualenvs/freeprise-matchmaker-BsnH11MF-py3.8/lib/python3.8/site-packages/airflow/example_dags/example_nested_branch_dag.py took 0.160 seconds
[2024-07-25T07:54:40.444+0000] {processor.py:161} INFO - Started process (PID=2465) to work on /root/.cache/pypoetry/virtualenvs/freeprise-matchmaker-BsnH11MF-py3.8/lib/python3.8/site-packages/airflow/example_dags/example_nested_branch_dag.py
[2024-07-25T07:54:40.445+0000] {processor.py:830} INFO - Processing file /root/.cache/pypoetry/virtualenvs/freeprise-matchmaker-BsnH11MF-py3.8/lib/python3.8/site-packages/airflow/example_dags/example_nested_branch_dag.py for tasks to queue
[2024-07-25T07:54:40.448+0000] {logging_mixin.py:188} INFO - [2024-07-25T07:54:40.447+0000] {dagbag.py:545} INFO - Filling up the DagBag from /root/.cache/pypoetry/virtualenvs/freeprise-matchmaker-BsnH11MF-py3.8/lib/python3.8/site-packages/airflow/example_dags/example_nested_branch_dag.py
[2024-07-25T07:54:40.468+0000] {processor.py:840} INFO - DAG(s) 'example_nested_branch_dag' retrieved from /root/.cache/pypoetry/virtualenvs/freeprise-matchmaker-BsnH11MF-py3.8/lib/python3.8/site-packages/airflow/example_dags/example_nested_branch_dag.py
[2024-07-25T07:54:40.524+0000] {logging_mixin.py:188} INFO - [2024-07-25T07:54:40.523+0000] {dag.py:3089} INFO - Sync 1 DAGs
[2024-07-25T07:54:40.570+0000] {logging_mixin.py:188} INFO - [2024-07-25T07:54:40.570+0000] {dag.py:3947} INFO - Setting next_dagrun for example_nested_branch_dag to 2024-07-24 00:00:00+00:00, run_after=2024-07-25 00:00:00+00:00
[2024-07-25T07:54:40.605+0000] {processor.py:183} INFO - Processing /root/.cache/pypoetry/virtualenvs/freeprise-matchmaker-BsnH11MF-py3.8/lib/python3.8/site-packages/airflow/example_dags/example_nested_branch_dag.py took 0.173 seconds
[2024-07-25T07:55:10.658+0000] {processor.py:161} INFO - Started process (PID=2731) to work on /root/.cache/pypoetry/virtualenvs/freeprise-matchmaker-BsnH11MF-py3.8/lib/python3.8/site-packages/airflow/example_dags/example_nested_branch_dag.py
[2024-07-25T07:55:10.661+0000] {processor.py:830} INFO - Processing file /root/.cache/pypoetry/virtualenvs/freeprise-matchmaker-BsnH11MF-py3.8/lib/python3.8/site-packages/airflow/example_dags/example_nested_branch_dag.py for tasks to queue
[2024-07-25T07:55:10.664+0000] {logging_mixin.py:188} INFO - [2024-07-25T07:55:10.663+0000] {dagbag.py:545} INFO - Filling up the DagBag from /root/.cache/pypoetry/virtualenvs/freeprise-matchmaker-BsnH11MF-py3.8/lib/python3.8/site-packages/airflow/example_dags/example_nested_branch_dag.py
[2024-07-25T07:55:10.687+0000] {processor.py:840} INFO - DAG(s) 'example_nested_branch_dag' retrieved from /root/.cache/pypoetry/virtualenvs/freeprise-matchmaker-BsnH11MF-py3.8/lib/python3.8/site-packages/airflow/example_dags/example_nested_branch_dag.py
[2024-07-25T07:55:10.733+0000] {logging_mixin.py:188} INFO - [2024-07-25T07:55:10.733+0000] {dag.py:3089} INFO - Sync 1 DAGs
[2024-07-25T07:55:10.768+0000] {logging_mixin.py:188} INFO - [2024-07-25T07:55:10.768+0000] {dag.py:3947} INFO - Setting next_dagrun for example_nested_branch_dag to 2024-07-24 00:00:00+00:00, run_after=2024-07-25 00:00:00+00:00
[2024-07-25T07:55:10.799+0000] {processor.py:183} INFO - Processing /root/.cache/pypoetry/virtualenvs/freeprise-matchmaker-BsnH11MF-py3.8/lib/python3.8/site-packages/airflow/example_dags/example_nested_branch_dag.py took 0.156 seconds
[2024-07-25T07:55:40.870+0000] {processor.py:161} INFO - Started process (PID=2997) to work on /root/.cache/pypoetry/virtualenvs/freeprise-matchmaker-BsnH11MF-py3.8/lib/python3.8/site-packages/airflow/example_dags/example_nested_branch_dag.py
[2024-07-25T07:55:40.871+0000] {processor.py:830} INFO - Processing file /root/.cache/pypoetry/virtualenvs/freeprise-matchmaker-BsnH11MF-py3.8/lib/python3.8/site-packages/airflow/example_dags/example_nested_branch_dag.py for tasks to queue
[2024-07-25T07:55:40.875+0000] {logging_mixin.py:188} INFO - [2024-07-25T07:55:40.874+0000] {dagbag.py:545} INFO - Filling up the DagBag from /root/.cache/pypoetry/virtualenvs/freeprise-matchmaker-BsnH11MF-py3.8/lib/python3.8/site-packages/airflow/example_dags/example_nested_branch_dag.py
[2024-07-25T07:55:40.898+0000] {processor.py:840} INFO - DAG(s) 'example_nested_branch_dag' retrieved from /root/.cache/pypoetry/virtualenvs/freeprise-matchmaker-BsnH11MF-py3.8/lib/python3.8/site-packages/airflow/example_dags/example_nested_branch_dag.py
[2024-07-25T07:55:40.947+0000] {logging_mixin.py:188} INFO - [2024-07-25T07:55:40.946+0000] {dag.py:3089} INFO - Sync 1 DAGs
[2024-07-25T07:55:40.993+0000] {logging_mixin.py:188} INFO - [2024-07-25T07:55:40.993+0000] {dag.py:3947} INFO - Setting next_dagrun for example_nested_branch_dag to 2024-07-24 00:00:00+00:00, run_after=2024-07-25 00:00:00+00:00
[2024-07-25T07:55:41.030+0000] {processor.py:183} INFO - Processing /root/.cache/pypoetry/virtualenvs/freeprise-matchmaker-BsnH11MF-py3.8/lib/python3.8/site-packages/airflow/example_dags/example_nested_branch_dag.py took 0.175 seconds
[2024-07-25T07:56:11.572+0000] {processor.py:161} INFO - Started process (PID=3265) to work on /root/.cache/pypoetry/virtualenvs/freeprise-matchmaker-BsnH11MF-py3.8/lib/python3.8/site-packages/airflow/example_dags/example_nested_branch_dag.py
[2024-07-25T07:56:11.574+0000] {processor.py:830} INFO - Processing file /root/.cache/pypoetry/virtualenvs/freeprise-matchmaker-BsnH11MF-py3.8/lib/python3.8/site-packages/airflow/example_dags/example_nested_branch_dag.py for tasks to queue
[2024-07-25T07:56:11.577+0000] {logging_mixin.py:188} INFO - [2024-07-25T07:56:11.577+0000] {dagbag.py:545} INFO - Filling up the DagBag from /root/.cache/pypoetry/virtualenvs/freeprise-matchmaker-BsnH11MF-py3.8/lib/python3.8/site-packages/airflow/example_dags/example_nested_branch_dag.py
[2024-07-25T07:56:11.595+0000] {processor.py:840} INFO - DAG(s) 'example_nested_branch_dag' retrieved from /root/.cache/pypoetry/virtualenvs/freeprise-matchmaker-BsnH11MF-py3.8/lib/python3.8/site-packages/airflow/example_dags/example_nested_branch_dag.py
[2024-07-25T07:56:11.638+0000] {logging_mixin.py:188} INFO - [2024-07-25T07:56:11.638+0000] {dag.py:3089} INFO - Sync 1 DAGs
[2024-07-25T07:56:11.674+0000] {logging_mixin.py:188} INFO - [2024-07-25T07:56:11.673+0000] {dag.py:3947} INFO - Setting next_dagrun for example_nested_branch_dag to 2024-07-24 00:00:00+00:00, run_after=2024-07-25 00:00:00+00:00
[2024-07-25T07:56:11.703+0000] {processor.py:183} INFO - Processing /root/.cache/pypoetry/virtualenvs/freeprise-matchmaker-BsnH11MF-py3.8/lib/python3.8/site-packages/airflow/example_dags/example_nested_branch_dag.py took 0.143 seconds
[2024-07-25T07:56:42.483+0000] {processor.py:161} INFO - Started process (PID=3531) to work on /root/.cache/pypoetry/virtualenvs/freeprise-matchmaker-BsnH11MF-py3.8/lib/python3.8/site-packages/airflow/example_dags/example_nested_branch_dag.py
[2024-07-25T07:56:42.484+0000] {processor.py:830} INFO - Processing file /root/.cache/pypoetry/virtualenvs/freeprise-matchmaker-BsnH11MF-py3.8/lib/python3.8/site-packages/airflow/example_dags/example_nested_branch_dag.py for tasks to queue
[2024-07-25T07:56:42.488+0000] {logging_mixin.py:188} INFO - [2024-07-25T07:56:42.487+0000] {dagbag.py:545} INFO - Filling up the DagBag from /root/.cache/pypoetry/virtualenvs/freeprise-matchmaker-BsnH11MF-py3.8/lib/python3.8/site-packages/airflow/example_dags/example_nested_branch_dag.py
[2024-07-25T07:56:42.508+0000] {processor.py:840} INFO - DAG(s) 'example_nested_branch_dag' retrieved from /root/.cache/pypoetry/virtualenvs/freeprise-matchmaker-BsnH11MF-py3.8/lib/python3.8/site-packages/airflow/example_dags/example_nested_branch_dag.py
[2024-07-25T07:56:42.564+0000] {logging_mixin.py:188} INFO - [2024-07-25T07:56:42.564+0000] {dag.py:3089} INFO - Sync 1 DAGs
[2024-07-25T07:56:42.604+0000] {logging_mixin.py:188} INFO - [2024-07-25T07:56:42.604+0000] {dag.py:3947} INFO - Setting next_dagrun for example_nested_branch_dag to 2024-07-24 00:00:00+00:00, run_after=2024-07-25 00:00:00+00:00
[2024-07-25T07:56:42.636+0000] {processor.py:183} INFO - Processing /root/.cache/pypoetry/virtualenvs/freeprise-matchmaker-BsnH11MF-py3.8/lib/python3.8/site-packages/airflow/example_dags/example_nested_branch_dag.py took 0.171 seconds
[2024-07-25T07:57:12.805+0000] {processor.py:161} INFO - Started process (PID=3800) to work on /root/.cache/pypoetry/virtualenvs/freeprise-matchmaker-BsnH11MF-py3.8/lib/python3.8/site-packages/airflow/example_dags/example_nested_branch_dag.py
[2024-07-25T07:57:12.808+0000] {processor.py:830} INFO - Processing file /root/.cache/pypoetry/virtualenvs/freeprise-matchmaker-BsnH11MF-py3.8/lib/python3.8/site-packages/airflow/example_dags/example_nested_branch_dag.py for tasks to queue
[2024-07-25T07:57:12.811+0000] {logging_mixin.py:188} INFO - [2024-07-25T07:57:12.810+0000] {dagbag.py:545} INFO - Filling up the DagBag from /root/.cache/pypoetry/virtualenvs/freeprise-matchmaker-BsnH11MF-py3.8/lib/python3.8/site-packages/airflow/example_dags/example_nested_branch_dag.py
[2024-07-25T07:57:12.831+0000] {processor.py:840} INFO - DAG(s) 'example_nested_branch_dag' retrieved from /root/.cache/pypoetry/virtualenvs/freeprise-matchmaker-BsnH11MF-py3.8/lib/python3.8/site-packages/airflow/example_dags/example_nested_branch_dag.py
[2024-07-25T07:57:12.875+0000] {logging_mixin.py:188} INFO - [2024-07-25T07:57:12.874+0000] {dag.py:3089} INFO - Sync 1 DAGs
[2024-07-25T07:57:12.918+0000] {logging_mixin.py:188} INFO - [2024-07-25T07:57:12.917+0000] {dag.py:3947} INFO - Setting next_dagrun for example_nested_branch_dag to 2024-07-24 00:00:00+00:00, run_after=2024-07-25 00:00:00+00:00
[2024-07-25T07:57:12.946+0000] {processor.py:183} INFO - Processing /root/.cache/pypoetry/virtualenvs/freeprise-matchmaker-BsnH11MF-py3.8/lib/python3.8/site-packages/airflow/example_dags/example_nested_branch_dag.py took 0.156 seconds
[2024-07-25T07:57:43.439+0000] {processor.py:161} INFO - Started process (PID=4071) to work on /root/.cache/pypoetry/virtualenvs/freeprise-matchmaker-BsnH11MF-py3.8/lib/python3.8/site-packages/airflow/example_dags/example_nested_branch_dag.py
[2024-07-25T07:57:43.442+0000] {processor.py:830} INFO - Processing file /root/.cache/pypoetry/virtualenvs/freeprise-matchmaker-BsnH11MF-py3.8/lib/python3.8/site-packages/airflow/example_dags/example_nested_branch_dag.py for tasks to queue
[2024-07-25T07:57:43.446+0000] {logging_mixin.py:188} INFO - [2024-07-25T07:57:43.445+0000] {dagbag.py:545} INFO - Filling up the DagBag from /root/.cache/pypoetry/virtualenvs/freeprise-matchmaker-BsnH11MF-py3.8/lib/python3.8/site-packages/airflow/example_dags/example_nested_branch_dag.py
[2024-07-25T07:57:43.464+0000] {processor.py:840} INFO - DAG(s) 'example_nested_branch_dag' retrieved from /root/.cache/pypoetry/virtualenvs/freeprise-matchmaker-BsnH11MF-py3.8/lib/python3.8/site-packages/airflow/example_dags/example_nested_branch_dag.py
[2024-07-25T07:57:43.504+0000] {logging_mixin.py:188} INFO - [2024-07-25T07:57:43.504+0000] {dag.py:3089} INFO - Sync 1 DAGs
[2024-07-25T07:57:43.540+0000] {logging_mixin.py:188} INFO - [2024-07-25T07:57:43.539+0000] {dag.py:3947} INFO - Setting next_dagrun for example_nested_branch_dag to 2024-07-24 00:00:00+00:00, run_after=2024-07-25 00:00:00+00:00
[2024-07-25T07:57:43.566+0000] {processor.py:183} INFO - Processing /root/.cache/pypoetry/virtualenvs/freeprise-matchmaker-BsnH11MF-py3.8/lib/python3.8/site-packages/airflow/example_dags/example_nested_branch_dag.py took 0.142 seconds
[2024-07-25T07:58:14.348+0000] {processor.py:161} INFO - Started process (PID=4327) to work on /root/.cache/pypoetry/virtualenvs/freeprise-matchmaker-BsnH11MF-py3.8/lib/python3.8/site-packages/airflow/example_dags/example_nested_branch_dag.py
[2024-07-25T07:58:14.349+0000] {processor.py:830} INFO - Processing file /root/.cache/pypoetry/virtualenvs/freeprise-matchmaker-BsnH11MF-py3.8/lib/python3.8/site-packages/airflow/example_dags/example_nested_branch_dag.py for tasks to queue
[2024-07-25T07:58:14.351+0000] {logging_mixin.py:188} INFO - [2024-07-25T07:58:14.351+0000] {dagbag.py:545} INFO - Filling up the DagBag from /root/.cache/pypoetry/virtualenvs/freeprise-matchmaker-BsnH11MF-py3.8/lib/python3.8/site-packages/airflow/example_dags/example_nested_branch_dag.py
[2024-07-25T07:58:14.368+0000] {processor.py:840} INFO - DAG(s) 'example_nested_branch_dag' retrieved from /root/.cache/pypoetry/virtualenvs/freeprise-matchmaker-BsnH11MF-py3.8/lib/python3.8/site-packages/airflow/example_dags/example_nested_branch_dag.py
[2024-07-25T07:58:14.413+0000] {logging_mixin.py:188} INFO - [2024-07-25T07:58:14.412+0000] {dag.py:3089} INFO - Sync 1 DAGs
[2024-07-25T07:58:14.457+0000] {logging_mixin.py:188} INFO - [2024-07-25T07:58:14.457+0000] {dag.py:3947} INFO - Setting next_dagrun for example_nested_branch_dag to 2024-07-24 00:00:00+00:00, run_after=2024-07-25 00:00:00+00:00
[2024-07-25T07:58:14.496+0000] {processor.py:183} INFO - Processing /root/.cache/pypoetry/virtualenvs/freeprise-matchmaker-BsnH11MF-py3.8/lib/python3.8/site-packages/airflow/example_dags/example_nested_branch_dag.py took 0.161 seconds
[2024-07-25T07:58:44.934+0000] {processor.py:161} INFO - Started process (PID=4595) to work on /root/.cache/pypoetry/virtualenvs/freeprise-matchmaker-BsnH11MF-py3.8/lib/python3.8/site-packages/airflow/example_dags/example_nested_branch_dag.py
[2024-07-25T07:58:44.937+0000] {processor.py:830} INFO - Processing file /root/.cache/pypoetry/virtualenvs/freeprise-matchmaker-BsnH11MF-py3.8/lib/python3.8/site-packages/airflow/example_dags/example_nested_branch_dag.py for tasks to queue
[2024-07-25T07:58:44.940+0000] {logging_mixin.py:188} INFO - [2024-07-25T07:58:44.940+0000] {dagbag.py:545} INFO - Filling up the DagBag from /root/.cache/pypoetry/virtualenvs/freeprise-matchmaker-BsnH11MF-py3.8/lib/python3.8/site-packages/airflow/example_dags/example_nested_branch_dag.py
[2024-07-25T07:58:44.966+0000] {processor.py:840} INFO - DAG(s) 'example_nested_branch_dag' retrieved from /root/.cache/pypoetry/virtualenvs/freeprise-matchmaker-BsnH11MF-py3.8/lib/python3.8/site-packages/airflow/example_dags/example_nested_branch_dag.py
[2024-07-25T07:58:45.017+0000] {logging_mixin.py:188} INFO - [2024-07-25T07:58:45.017+0000] {dag.py:3089} INFO - Sync 1 DAGs
[2024-07-25T07:58:45.054+0000] {logging_mixin.py:188} INFO - [2024-07-25T07:58:45.054+0000] {dag.py:3947} INFO - Setting next_dagrun for example_nested_branch_dag to 2024-07-24 00:00:00+00:00, run_after=2024-07-25 00:00:00+00:00
[2024-07-25T07:58:45.085+0000] {processor.py:183} INFO - Processing /root/.cache/pypoetry/virtualenvs/freeprise-matchmaker-BsnH11MF-py3.8/lib/python3.8/site-packages/airflow/example_dags/example_nested_branch_dag.py took 0.167 seconds
[2024-07-25T07:59:15.408+0000] {processor.py:161} INFO - Started process (PID=4859) to work on /root/.cache/pypoetry/virtualenvs/freeprise-matchmaker-BsnH11MF-py3.8/lib/python3.8/site-packages/airflow/example_dags/example_nested_branch_dag.py
[2024-07-25T07:59:15.411+0000] {processor.py:830} INFO - Processing file /root/.cache/pypoetry/virtualenvs/freeprise-matchmaker-BsnH11MF-py3.8/lib/python3.8/site-packages/airflow/example_dags/example_nested_branch_dag.py for tasks to queue
[2024-07-25T07:59:15.415+0000] {logging_mixin.py:188} INFO - [2024-07-25T07:59:15.413+0000] {dagbag.py:545} INFO - Filling up the DagBag from /root/.cache/pypoetry/virtualenvs/freeprise-matchmaker-BsnH11MF-py3.8/lib/python3.8/site-packages/airflow/example_dags/example_nested_branch_dag.py
[2024-07-25T07:59:15.434+0000] {processor.py:840} INFO - DAG(s) 'example_nested_branch_dag' retrieved from /root/.cache/pypoetry/virtualenvs/freeprise-matchmaker-BsnH11MF-py3.8/lib/python3.8/site-packages/airflow/example_dags/example_nested_branch_dag.py
[2024-07-25T07:59:15.497+0000] {logging_mixin.py:188} INFO - [2024-07-25T07:59:15.497+0000] {dag.py:3089} INFO - Sync 1 DAGs
[2024-07-25T07:59:15.545+0000] {logging_mixin.py:188} INFO - [2024-07-25T07:59:15.545+0000] {dag.py:3947} INFO - Setting next_dagrun for example_nested_branch_dag to 2024-07-24 00:00:00+00:00, run_after=2024-07-25 00:00:00+00:00
[2024-07-25T07:59:15.584+0000] {processor.py:183} INFO - Processing /root/.cache/pypoetry/virtualenvs/freeprise-matchmaker-BsnH11MF-py3.8/lib/python3.8/site-packages/airflow/example_dags/example_nested_branch_dag.py took 0.192 seconds
[2024-07-25T07:59:46.135+0000] {processor.py:161} INFO - Started process (PID=5125) to work on /root/.cache/pypoetry/virtualenvs/freeprise-matchmaker-BsnH11MF-py3.8/lib/python3.8/site-packages/airflow/example_dags/example_nested_branch_dag.py
[2024-07-25T07:59:46.137+0000] {processor.py:830} INFO - Processing file /root/.cache/pypoetry/virtualenvs/freeprise-matchmaker-BsnH11MF-py3.8/lib/python3.8/site-packages/airflow/example_dags/example_nested_branch_dag.py for tasks to queue
[2024-07-25T07:59:46.139+0000] {logging_mixin.py:188} INFO - [2024-07-25T07:59:46.139+0000] {dagbag.py:545} INFO - Filling up the DagBag from /root/.cache/pypoetry/virtualenvs/freeprise-matchmaker-BsnH11MF-py3.8/lib/python3.8/site-packages/airflow/example_dags/example_nested_branch_dag.py
[2024-07-25T07:59:46.159+0000] {processor.py:840} INFO - DAG(s) 'example_nested_branch_dag' retrieved from /root/.cache/pypoetry/virtualenvs/freeprise-matchmaker-BsnH11MF-py3.8/lib/python3.8/site-packages/airflow/example_dags/example_nested_branch_dag.py
[2024-07-25T07:59:46.225+0000] {logging_mixin.py:188} INFO - [2024-07-25T07:59:46.224+0000] {dag.py:3089} INFO - Sync 1 DAGs
[2024-07-25T07:59:46.297+0000] {logging_mixin.py:188} INFO - [2024-07-25T07:59:46.296+0000] {dag.py:3947} INFO - Setting next_dagrun for example_nested_branch_dag to 2024-07-24 00:00:00+00:00, run_after=2024-07-25 00:00:00+00:00
[2024-07-25T07:59:46.355+0000] {processor.py:183} INFO - Processing /root/.cache/pypoetry/virtualenvs/freeprise-matchmaker-BsnH11MF-py3.8/lib/python3.8/site-packages/airflow/example_dags/example_nested_branch_dag.py took 0.235 seconds
[2024-07-25T08:00:17.314+0000] {processor.py:161} INFO - Started process (PID=5391) to work on /root/.cache/pypoetry/virtualenvs/freeprise-matchmaker-BsnH11MF-py3.8/lib/python3.8/site-packages/airflow/example_dags/example_nested_branch_dag.py
[2024-07-25T08:00:17.316+0000] {processor.py:830} INFO - Processing file /root/.cache/pypoetry/virtualenvs/freeprise-matchmaker-BsnH11MF-py3.8/lib/python3.8/site-packages/airflow/example_dags/example_nested_branch_dag.py for tasks to queue
[2024-07-25T08:00:17.319+0000] {logging_mixin.py:188} INFO - [2024-07-25T08:00:17.318+0000] {dagbag.py:545} INFO - Filling up the DagBag from /root/.cache/pypoetry/virtualenvs/freeprise-matchmaker-BsnH11MF-py3.8/lib/python3.8/site-packages/airflow/example_dags/example_nested_branch_dag.py
[2024-07-25T08:00:17.346+0000] {processor.py:840} INFO - DAG(s) 'example_nested_branch_dag' retrieved from /root/.cache/pypoetry/virtualenvs/freeprise-matchmaker-BsnH11MF-py3.8/lib/python3.8/site-packages/airflow/example_dags/example_nested_branch_dag.py
[2024-07-25T08:00:17.402+0000] {logging_mixin.py:188} INFO - [2024-07-25T08:00:17.401+0000] {dag.py:3089} INFO - Sync 1 DAGs
[2024-07-25T08:00:17.451+0000] {logging_mixin.py:188} INFO - [2024-07-25T08:00:17.450+0000] {dag.py:3947} INFO - Setting next_dagrun for example_nested_branch_dag to 2024-07-24 00:00:00+00:00, run_after=2024-07-25 00:00:00+00:00
[2024-07-25T08:00:17.480+0000] {processor.py:183} INFO - Processing /root/.cache/pypoetry/virtualenvs/freeprise-matchmaker-BsnH11MF-py3.8/lib/python3.8/site-packages/airflow/example_dags/example_nested_branch_dag.py took 0.179 seconds
[2024-07-25T08:00:52.278+0000] {processor.py:161} INFO - Started process (PID=5657) to work on /root/.cache/pypoetry/virtualenvs/freeprise-matchmaker-BsnH11MF-py3.8/lib/python3.8/site-packages/airflow/example_dags/example_nested_branch_dag.py
[2024-07-25T08:00:52.283+0000] {processor.py:830} INFO - Processing file /root/.cache/pypoetry/virtualenvs/freeprise-matchmaker-BsnH11MF-py3.8/lib/python3.8/site-packages/airflow/example_dags/example_nested_branch_dag.py for tasks to queue
[2024-07-25T08:00:52.291+0000] {logging_mixin.py:188} INFO - [2024-07-25T08:00:52.288+0000] {dagbag.py:545} INFO - Filling up the DagBag from /root/.cache/pypoetry/virtualenvs/freeprise-matchmaker-BsnH11MF-py3.8/lib/python3.8/site-packages/airflow/example_dags/example_nested_branch_dag.py
[2024-07-25T08:00:52.405+0000] {processor.py:840} INFO - DAG(s) 'example_nested_branch_dag' retrieved from /root/.cache/pypoetry/virtualenvs/freeprise-matchmaker-BsnH11MF-py3.8/lib/python3.8/site-packages/airflow/example_dags/example_nested_branch_dag.py
[2024-07-25T08:00:52.613+0000] {logging_mixin.py:188} INFO - [2024-07-25T08:00:52.612+0000] {dag.py:3089} INFO - Sync 1 DAGs
[2024-07-25T08:00:52.743+0000] {logging_mixin.py:188} INFO - [2024-07-25T08:00:52.741+0000] {dag.py:3947} INFO - Setting next_dagrun for example_nested_branch_dag to 2024-07-24 00:00:00+00:00, run_after=2024-07-25 00:00:00+00:00
[2024-07-25T08:00:52.828+0000] {processor.py:183} INFO - Processing /root/.cache/pypoetry/virtualenvs/freeprise-matchmaker-BsnH11MF-py3.8/lib/python3.8/site-packages/airflow/example_dags/example_nested_branch_dag.py took 0.645 seconds
