[2024-07-25T07:50:31.231+0000] {processor.py:161} INFO - Started process (PID=347) to work on /root/.cache/pypoetry/virtualenvs/freeprise-matchmaker-BsnH11MF-py3.8/lib/python3.8/site-packages/airflow/example_dags/example_latest_only.py
[2024-07-25T07:50:31.233+0000] {processor.py:830} INFO - Processing file /root/.cache/pypoetry/virtualenvs/freeprise-matchmaker-BsnH11MF-py3.8/lib/python3.8/site-packages/airflow/example_dags/example_latest_only.py for tasks to queue
[2024-07-25T07:50:31.236+0000] {logging_mixin.py:188} INFO - [2024-07-25T07:50:31.236+0000] {dagbag.py:545} INFO - Filling up the DagBag from /root/.cache/pypoetry/virtualenvs/freeprise-matchmaker-BsnH11MF-py3.8/lib/python3.8/site-packages/airflow/example_dags/example_latest_only.py
[2024-07-25T07:50:31.244+0000] {processor.py:840} INFO - DAG(s) 'latest_only' retrieved from /root/.cache/pypoetry/virtualenvs/freeprise-matchmaker-BsnH11MF-py3.8/lib/python3.8/site-packages/airflow/example_dags/example_latest_only.py
[2024-07-25T07:50:31.272+0000] {logging_mixin.py:188} INFO - [2024-07-25T07:50:31.272+0000] {dag.py:3089} INFO - Sync 1 DAGs
[2024-07-25T07:50:31.312+0000] {logging_mixin.py:188} INFO - [2024-07-25T07:50:31.312+0000] {dag.py:3947} INFO - Setting next_dagrun for latest_only to 2024-07-25 00:00:00+00:00, run_after=2024-07-25 04:00:00+00:00
[2024-07-25T07:50:31.346+0000] {processor.py:183} INFO - Processing /root/.cache/pypoetry/virtualenvs/freeprise-matchmaker-BsnH11MF-py3.8/lib/python3.8/site-packages/airflow/example_dags/example_latest_only.py took 0.128 seconds
[2024-07-25T07:51:07.017+0000] {processor.py:161} INFO - Started process (PID=613) to work on /root/.cache/pypoetry/virtualenvs/freeprise-matchmaker-BsnH11MF-py3.8/lib/python3.8/site-packages/airflow/example_dags/example_latest_only.py
[2024-07-25T07:51:07.022+0000] {processor.py:830} INFO - Processing file /root/.cache/pypoetry/virtualenvs/freeprise-matchmaker-BsnH11MF-py3.8/lib/python3.8/site-packages/airflow/example_dags/example_latest_only.py for tasks to queue
[2024-07-25T07:51:07.024+0000] {logging_mixin.py:188} INFO - [2024-07-25T07:51:07.024+0000] {dagbag.py:545} INFO - Filling up the DagBag from /root/.cache/pypoetry/virtualenvs/freeprise-matchmaker-BsnH11MF-py3.8/lib/python3.8/site-packages/airflow/example_dags/example_latest_only.py
[2024-07-25T07:51:07.033+0000] {processor.py:840} INFO - DAG(s) 'latest_only' retrieved from /root/.cache/pypoetry/virtualenvs/freeprise-matchmaker-BsnH11MF-py3.8/lib/python3.8/site-packages/airflow/example_dags/example_latest_only.py
[2024-07-25T07:51:07.372+0000] {logging_mixin.py:188} INFO - [2024-07-25T07:51:07.372+0000] {dag.py:3089} INFO - Sync 1 DAGs
[2024-07-25T07:51:07.402+0000] {logging_mixin.py:188} INFO - [2024-07-25T07:51:07.401+0000] {dag.py:3947} INFO - Setting next_dagrun for latest_only to 2024-07-25 00:00:00+00:00, run_after=2024-07-25 04:00:00+00:00
[2024-07-25T07:51:07.428+0000] {processor.py:183} INFO - Processing /root/.cache/pypoetry/virtualenvs/freeprise-matchmaker-BsnH11MF-py3.8/lib/python3.8/site-packages/airflow/example_dags/example_latest_only.py took 0.422 seconds
[2024-07-25T07:51:38.366+0000] {processor.py:161} INFO - Started process (PID=886) to work on /root/.cache/pypoetry/virtualenvs/freeprise-matchmaker-BsnH11MF-py3.8/lib/python3.8/site-packages/airflow/example_dags/example_latest_only.py
[2024-07-25T07:51:38.367+0000] {processor.py:830} INFO - Processing file /root/.cache/pypoetry/virtualenvs/freeprise-matchmaker-BsnH11MF-py3.8/lib/python3.8/site-packages/airflow/example_dags/example_latest_only.py for tasks to queue
[2024-07-25T07:51:38.370+0000] {logging_mixin.py:188} INFO - [2024-07-25T07:51:38.369+0000] {dagbag.py:545} INFO - Filling up the DagBag from /root/.cache/pypoetry/virtualenvs/freeprise-matchmaker-BsnH11MF-py3.8/lib/python3.8/site-packages/airflow/example_dags/example_latest_only.py
[2024-07-25T07:51:38.377+0000] {processor.py:840} INFO - DAG(s) 'latest_only' retrieved from /root/.cache/pypoetry/virtualenvs/freeprise-matchmaker-BsnH11MF-py3.8/lib/python3.8/site-packages/airflow/example_dags/example_latest_only.py
[2024-07-25T07:51:38.416+0000] {logging_mixin.py:188} INFO - [2024-07-25T07:51:38.416+0000] {dag.py:3089} INFO - Sync 1 DAGs
[2024-07-25T07:51:38.463+0000] {logging_mixin.py:188} INFO - [2024-07-25T07:51:38.462+0000] {dag.py:3947} INFO - Setting next_dagrun for latest_only to 2024-07-25 00:00:00+00:00, run_after=2024-07-25 04:00:00+00:00
[2024-07-25T07:51:38.495+0000] {processor.py:183} INFO - Processing /root/.cache/pypoetry/virtualenvs/freeprise-matchmaker-BsnH11MF-py3.8/lib/python3.8/site-packages/airflow/example_dags/example_latest_only.py took 0.141 seconds
[2024-07-25T07:52:08.923+0000] {processor.py:161} INFO - Started process (PID=1152) to work on /root/.cache/pypoetry/virtualenvs/freeprise-matchmaker-BsnH11MF-py3.8/lib/python3.8/site-packages/airflow/example_dags/example_latest_only.py
[2024-07-25T07:52:08.925+0000] {processor.py:830} INFO - Processing file /root/.cache/pypoetry/virtualenvs/freeprise-matchmaker-BsnH11MF-py3.8/lib/python3.8/site-packages/airflow/example_dags/example_latest_only.py for tasks to queue
[2024-07-25T07:52:08.928+0000] {logging_mixin.py:188} INFO - [2024-07-25T07:52:08.927+0000] {dagbag.py:545} INFO - Filling up the DagBag from /root/.cache/pypoetry/virtualenvs/freeprise-matchmaker-BsnH11MF-py3.8/lib/python3.8/site-packages/airflow/example_dags/example_latest_only.py
[2024-07-25T07:52:08.936+0000] {processor.py:840} INFO - DAG(s) 'latest_only' retrieved from /root/.cache/pypoetry/virtualenvs/freeprise-matchmaker-BsnH11MF-py3.8/lib/python3.8/site-packages/airflow/example_dags/example_latest_only.py
[2024-07-25T07:52:08.977+0000] {logging_mixin.py:188} INFO - [2024-07-25T07:52:08.976+0000] {dag.py:3089} INFO - Sync 1 DAGs
[2024-07-25T07:52:09.021+0000] {logging_mixin.py:188} INFO - [2024-07-25T07:52:09.021+0000] {dag.py:3947} INFO - Setting next_dagrun for latest_only to 2024-07-25 00:00:00+00:00, run_after=2024-07-25 04:00:00+00:00
[2024-07-25T07:52:09.053+0000] {processor.py:183} INFO - Processing /root/.cache/pypoetry/virtualenvs/freeprise-matchmaker-BsnH11MF-py3.8/lib/python3.8/site-packages/airflow/example_dags/example_latest_only.py took 0.142 seconds
[2024-07-25T07:52:39.219+0000] {processor.py:161} INFO - Started process (PID=1418) to work on /root/.cache/pypoetry/virtualenvs/freeprise-matchmaker-BsnH11MF-py3.8/lib/python3.8/site-packages/airflow/example_dags/example_latest_only.py
[2024-07-25T07:52:39.221+0000] {processor.py:830} INFO - Processing file /root/.cache/pypoetry/virtualenvs/freeprise-matchmaker-BsnH11MF-py3.8/lib/python3.8/site-packages/airflow/example_dags/example_latest_only.py for tasks to queue
[2024-07-25T07:52:39.225+0000] {logging_mixin.py:188} INFO - [2024-07-25T07:52:39.224+0000] {dagbag.py:545} INFO - Filling up the DagBag from /root/.cache/pypoetry/virtualenvs/freeprise-matchmaker-BsnH11MF-py3.8/lib/python3.8/site-packages/airflow/example_dags/example_latest_only.py
[2024-07-25T07:52:39.236+0000] {processor.py:840} INFO - DAG(s) 'latest_only' retrieved from /root/.cache/pypoetry/virtualenvs/freeprise-matchmaker-BsnH11MF-py3.8/lib/python3.8/site-packages/airflow/example_dags/example_latest_only.py
[2024-07-25T07:52:39.284+0000] {logging_mixin.py:188} INFO - [2024-07-25T07:52:39.283+0000] {dag.py:3089} INFO - Sync 1 DAGs
[2024-07-25T07:52:39.324+0000] {logging_mixin.py:188} INFO - [2024-07-25T07:52:39.323+0000] {dag.py:3947} INFO - Setting next_dagrun for latest_only to 2024-07-25 00:00:00+00:00, run_after=2024-07-25 04:00:00+00:00
[2024-07-25T07:52:39.354+0000] {processor.py:183} INFO - Processing /root/.cache/pypoetry/virtualenvs/freeprise-matchmaker-BsnH11MF-py3.8/lib/python3.8/site-packages/airflow/example_dags/example_latest_only.py took 0.153 seconds
[2024-07-25T07:53:10.015+0000] {processor.py:161} INFO - Started process (PID=1684) to work on /root/.cache/pypoetry/virtualenvs/freeprise-matchmaker-BsnH11MF-py3.8/lib/python3.8/site-packages/airflow/example_dags/example_latest_only.py
[2024-07-25T07:53:10.017+0000] {processor.py:830} INFO - Processing file /root/.cache/pypoetry/virtualenvs/freeprise-matchmaker-BsnH11MF-py3.8/lib/python3.8/site-packages/airflow/example_dags/example_latest_only.py for tasks to queue
[2024-07-25T07:53:10.020+0000] {logging_mixin.py:188} INFO - [2024-07-25T07:53:10.020+0000] {dagbag.py:545} INFO - Filling up the DagBag from /root/.cache/pypoetry/virtualenvs/freeprise-matchmaker-BsnH11MF-py3.8/lib/python3.8/site-packages/airflow/example_dags/example_latest_only.py
[2024-07-25T07:53:10.028+0000] {processor.py:840} INFO - DAG(s) 'latest_only' retrieved from /root/.cache/pypoetry/virtualenvs/freeprise-matchmaker-BsnH11MF-py3.8/lib/python3.8/site-packages/airflow/example_dags/example_latest_only.py
[2024-07-25T07:53:10.071+0000] {logging_mixin.py:188} INFO - [2024-07-25T07:53:10.070+0000] {dag.py:3089} INFO - Sync 1 DAGs
[2024-07-25T07:53:10.108+0000] {logging_mixin.py:188} INFO - [2024-07-25T07:53:10.108+0000] {dag.py:3947} INFO - Setting next_dagrun for latest_only to 2024-07-25 00:00:00+00:00, run_after=2024-07-25 04:00:00+00:00
[2024-07-25T07:53:10.143+0000] {processor.py:183} INFO - Processing /root/.cache/pypoetry/virtualenvs/freeprise-matchmaker-BsnH11MF-py3.8/lib/python3.8/site-packages/airflow/example_dags/example_latest_only.py took 0.141 seconds
[2024-07-25T07:53:40.598+0000] {processor.py:161} INFO - Started process (PID=1950) to work on /root/.cache/pypoetry/virtualenvs/freeprise-matchmaker-BsnH11MF-py3.8/lib/python3.8/site-packages/airflow/example_dags/example_latest_only.py
[2024-07-25T07:53:40.600+0000] {processor.py:830} INFO - Processing file /root/.cache/pypoetry/virtualenvs/freeprise-matchmaker-BsnH11MF-py3.8/lib/python3.8/site-packages/airflow/example_dags/example_latest_only.py for tasks to queue
[2024-07-25T07:53:40.603+0000] {logging_mixin.py:188} INFO - [2024-07-25T07:53:40.602+0000] {dagbag.py:545} INFO - Filling up the DagBag from /root/.cache/pypoetry/virtualenvs/freeprise-matchmaker-BsnH11MF-py3.8/lib/python3.8/site-packages/airflow/example_dags/example_latest_only.py
[2024-07-25T07:53:40.611+0000] {processor.py:840} INFO - DAG(s) 'latest_only' retrieved from /root/.cache/pypoetry/virtualenvs/freeprise-matchmaker-BsnH11MF-py3.8/lib/python3.8/site-packages/airflow/example_dags/example_latest_only.py
[2024-07-25T07:53:40.653+0000] {logging_mixin.py:188} INFO - [2024-07-25T07:53:40.653+0000] {dag.py:3089} INFO - Sync 1 DAGs
[2024-07-25T07:53:40.687+0000] {logging_mixin.py:188} INFO - [2024-07-25T07:53:40.687+0000] {dag.py:3947} INFO - Setting next_dagrun for latest_only to 2024-07-25 00:00:00+00:00, run_after=2024-07-25 04:00:00+00:00
[2024-07-25T07:53:40.714+0000] {processor.py:183} INFO - Processing /root/.cache/pypoetry/virtualenvs/freeprise-matchmaker-BsnH11MF-py3.8/lib/python3.8/site-packages/airflow/example_dags/example_latest_only.py took 0.129 seconds
[2024-07-25T07:54:10.998+0000] {processor.py:161} INFO - Started process (PID=2216) to work on /root/.cache/pypoetry/virtualenvs/freeprise-matchmaker-BsnH11MF-py3.8/lib/python3.8/site-packages/airflow/example_dags/example_latest_only.py
[2024-07-25T07:54:11.000+0000] {processor.py:830} INFO - Processing file /root/.cache/pypoetry/virtualenvs/freeprise-matchmaker-BsnH11MF-py3.8/lib/python3.8/site-packages/airflow/example_dags/example_latest_only.py for tasks to queue
[2024-07-25T07:54:11.003+0000] {logging_mixin.py:188} INFO - [2024-07-25T07:54:11.002+0000] {dagbag.py:545} INFO - Filling up the DagBag from /root/.cache/pypoetry/virtualenvs/freeprise-matchmaker-BsnH11MF-py3.8/lib/python3.8/site-packages/airflow/example_dags/example_latest_only.py
[2024-07-25T07:54:11.011+0000] {processor.py:840} INFO - DAG(s) 'latest_only' retrieved from /root/.cache/pypoetry/virtualenvs/freeprise-matchmaker-BsnH11MF-py3.8/lib/python3.8/site-packages/airflow/example_dags/example_latest_only.py
[2024-07-25T07:54:11.055+0000] {logging_mixin.py:188} INFO - [2024-07-25T07:54:11.054+0000] {dag.py:3089} INFO - Sync 1 DAGs
[2024-07-25T07:54:11.093+0000] {logging_mixin.py:188} INFO - [2024-07-25T07:54:11.093+0000] {dag.py:3947} INFO - Setting next_dagrun for latest_only to 2024-07-25 00:00:00+00:00, run_after=2024-07-25 04:00:00+00:00
[2024-07-25T07:54:11.127+0000] {processor.py:183} INFO - Processing /root/.cache/pypoetry/virtualenvs/freeprise-matchmaker-BsnH11MF-py3.8/lib/python3.8/site-packages/airflow/example_dags/example_latest_only.py took 0.141 seconds
[2024-07-25T07:54:41.694+0000] {processor.py:161} INFO - Started process (PID=2482) to work on /root/.cache/pypoetry/virtualenvs/freeprise-matchmaker-BsnH11MF-py3.8/lib/python3.8/site-packages/airflow/example_dags/example_latest_only.py
[2024-07-25T07:54:41.697+0000] {processor.py:830} INFO - Processing file /root/.cache/pypoetry/virtualenvs/freeprise-matchmaker-BsnH11MF-py3.8/lib/python3.8/site-packages/airflow/example_dags/example_latest_only.py for tasks to queue
[2024-07-25T07:54:41.701+0000] {logging_mixin.py:188} INFO - [2024-07-25T07:54:41.700+0000] {dagbag.py:545} INFO - Filling up the DagBag from /root/.cache/pypoetry/virtualenvs/freeprise-matchmaker-BsnH11MF-py3.8/lib/python3.8/site-packages/airflow/example_dags/example_latest_only.py
[2024-07-25T07:54:41.711+0000] {processor.py:840} INFO - DAG(s) 'latest_only' retrieved from /root/.cache/pypoetry/virtualenvs/freeprise-matchmaker-BsnH11MF-py3.8/lib/python3.8/site-packages/airflow/example_dags/example_latest_only.py
[2024-07-25T07:54:41.757+0000] {logging_mixin.py:188} INFO - [2024-07-25T07:54:41.756+0000] {dag.py:3089} INFO - Sync 1 DAGs
[2024-07-25T07:54:41.792+0000] {logging_mixin.py:188} INFO - [2024-07-25T07:54:41.791+0000] {dag.py:3947} INFO - Setting next_dagrun for latest_only to 2024-07-25 00:00:00+00:00, run_after=2024-07-25 04:00:00+00:00
[2024-07-25T07:54:41.819+0000] {processor.py:183} INFO - Processing /root/.cache/pypoetry/virtualenvs/freeprise-matchmaker-BsnH11MF-py3.8/lib/python3.8/site-packages/airflow/example_dags/example_latest_only.py took 0.141 seconds
[2024-07-25T07:55:11.946+0000] {processor.py:161} INFO - Started process (PID=2748) to work on /root/.cache/pypoetry/virtualenvs/freeprise-matchmaker-BsnH11MF-py3.8/lib/python3.8/site-packages/airflow/example_dags/example_latest_only.py
[2024-07-25T07:55:11.947+0000] {processor.py:830} INFO - Processing file /root/.cache/pypoetry/virtualenvs/freeprise-matchmaker-BsnH11MF-py3.8/lib/python3.8/site-packages/airflow/example_dags/example_latest_only.py for tasks to queue
[2024-07-25T07:55:11.949+0000] {logging_mixin.py:188} INFO - [2024-07-25T07:55:11.949+0000] {dagbag.py:545} INFO - Filling up the DagBag from /root/.cache/pypoetry/virtualenvs/freeprise-matchmaker-BsnH11MF-py3.8/lib/python3.8/site-packages/airflow/example_dags/example_latest_only.py
[2024-07-25T07:55:11.957+0000] {processor.py:840} INFO - DAG(s) 'latest_only' retrieved from /root/.cache/pypoetry/virtualenvs/freeprise-matchmaker-BsnH11MF-py3.8/lib/python3.8/site-packages/airflow/example_dags/example_latest_only.py
[2024-07-25T07:55:12.004+0000] {logging_mixin.py:188} INFO - [2024-07-25T07:55:12.003+0000] {dag.py:3089} INFO - Sync 1 DAGs
[2024-07-25T07:55:12.049+0000] {logging_mixin.py:188} INFO - [2024-07-25T07:55:12.049+0000] {dag.py:3947} INFO - Setting next_dagrun for latest_only to 2024-07-25 00:00:00+00:00, run_after=2024-07-25 04:00:00+00:00
[2024-07-25T07:55:12.078+0000] {processor.py:183} INFO - Processing /root/.cache/pypoetry/virtualenvs/freeprise-matchmaker-BsnH11MF-py3.8/lib/python3.8/site-packages/airflow/example_dags/example_latest_only.py took 0.150 seconds
[2024-07-25T07:55:42.180+0000] {processor.py:161} INFO - Started process (PID=3014) to work on /root/.cache/pypoetry/virtualenvs/freeprise-matchmaker-BsnH11MF-py3.8/lib/python3.8/site-packages/airflow/example_dags/example_latest_only.py
[2024-07-25T07:55:42.182+0000] {processor.py:830} INFO - Processing file /root/.cache/pypoetry/virtualenvs/freeprise-matchmaker-BsnH11MF-py3.8/lib/python3.8/site-packages/airflow/example_dags/example_latest_only.py for tasks to queue
[2024-07-25T07:55:42.185+0000] {logging_mixin.py:188} INFO - [2024-07-25T07:55:42.184+0000] {dagbag.py:545} INFO - Filling up the DagBag from /root/.cache/pypoetry/virtualenvs/freeprise-matchmaker-BsnH11MF-py3.8/lib/python3.8/site-packages/airflow/example_dags/example_latest_only.py
[2024-07-25T07:55:42.193+0000] {processor.py:840} INFO - DAG(s) 'latest_only' retrieved from /root/.cache/pypoetry/virtualenvs/freeprise-matchmaker-BsnH11MF-py3.8/lib/python3.8/site-packages/airflow/example_dags/example_latest_only.py
[2024-07-25T07:55:42.243+0000] {logging_mixin.py:188} INFO - [2024-07-25T07:55:42.242+0000] {dag.py:3089} INFO - Sync 1 DAGs
[2024-07-25T07:55:42.286+0000] {logging_mixin.py:188} INFO - [2024-07-25T07:55:42.285+0000] {dag.py:3947} INFO - Setting next_dagrun for latest_only to 2024-07-25 00:00:00+00:00, run_after=2024-07-25 04:00:00+00:00
[2024-07-25T07:55:42.312+0000] {processor.py:183} INFO - Processing /root/.cache/pypoetry/virtualenvs/freeprise-matchmaker-BsnH11MF-py3.8/lib/python3.8/site-packages/airflow/example_dags/example_latest_only.py took 0.146 seconds
[2024-07-25T07:56:12.864+0000] {processor.py:161} INFO - Started process (PID=3280) to work on /root/.cache/pypoetry/virtualenvs/freeprise-matchmaker-BsnH11MF-py3.8/lib/python3.8/site-packages/airflow/example_dags/example_latest_only.py
[2024-07-25T07:56:12.866+0000] {processor.py:830} INFO - Processing file /root/.cache/pypoetry/virtualenvs/freeprise-matchmaker-BsnH11MF-py3.8/lib/python3.8/site-packages/airflow/example_dags/example_latest_only.py for tasks to queue
[2024-07-25T07:56:12.870+0000] {logging_mixin.py:188} INFO - [2024-07-25T07:56:12.869+0000] {dagbag.py:545} INFO - Filling up the DagBag from /root/.cache/pypoetry/virtualenvs/freeprise-matchmaker-BsnH11MF-py3.8/lib/python3.8/site-packages/airflow/example_dags/example_latest_only.py
[2024-07-25T07:56:12.881+0000] {processor.py:840} INFO - DAG(s) 'latest_only' retrieved from /root/.cache/pypoetry/virtualenvs/freeprise-matchmaker-BsnH11MF-py3.8/lib/python3.8/site-packages/airflow/example_dags/example_latest_only.py
[2024-07-25T07:56:12.929+0000] {logging_mixin.py:188} INFO - [2024-07-25T07:56:12.928+0000] {dag.py:3089} INFO - Sync 1 DAGs
[2024-07-25T07:56:12.967+0000] {logging_mixin.py:188} INFO - [2024-07-25T07:56:12.966+0000] {dag.py:3947} INFO - Setting next_dagrun for latest_only to 2024-07-25 00:00:00+00:00, run_after=2024-07-25 04:00:00+00:00
[2024-07-25T07:56:12.997+0000] {processor.py:183} INFO - Processing /root/.cache/pypoetry/virtualenvs/freeprise-matchmaker-BsnH11MF-py3.8/lib/python3.8/site-packages/airflow/example_dags/example_latest_only.py took 0.147 seconds
[2024-07-25T07:56:43.689+0000] {processor.py:161} INFO - Started process (PID=3546) to work on /root/.cache/pypoetry/virtualenvs/freeprise-matchmaker-BsnH11MF-py3.8/lib/python3.8/site-packages/airflow/example_dags/example_latest_only.py
[2024-07-25T07:56:43.690+0000] {processor.py:830} INFO - Processing file /root/.cache/pypoetry/virtualenvs/freeprise-matchmaker-BsnH11MF-py3.8/lib/python3.8/site-packages/airflow/example_dags/example_latest_only.py for tasks to queue
[2024-07-25T07:56:43.693+0000] {logging_mixin.py:188} INFO - [2024-07-25T07:56:43.692+0000] {dagbag.py:545} INFO - Filling up the DagBag from /root/.cache/pypoetry/virtualenvs/freeprise-matchmaker-BsnH11MF-py3.8/lib/python3.8/site-packages/airflow/example_dags/example_latest_only.py
[2024-07-25T07:56:43.701+0000] {processor.py:840} INFO - DAG(s) 'latest_only' retrieved from /root/.cache/pypoetry/virtualenvs/freeprise-matchmaker-BsnH11MF-py3.8/lib/python3.8/site-packages/airflow/example_dags/example_latest_only.py
[2024-07-25T07:56:43.745+0000] {logging_mixin.py:188} INFO - [2024-07-25T07:56:43.745+0000] {dag.py:3089} INFO - Sync 1 DAGs
[2024-07-25T07:56:43.781+0000] {logging_mixin.py:188} INFO - [2024-07-25T07:56:43.781+0000] {dag.py:3947} INFO - Setting next_dagrun for latest_only to 2024-07-25 00:00:00+00:00, run_after=2024-07-25 04:00:00+00:00
[2024-07-25T07:56:43.811+0000] {processor.py:183} INFO - Processing /root/.cache/pypoetry/virtualenvs/freeprise-matchmaker-BsnH11MF-py3.8/lib/python3.8/site-packages/airflow/example_dags/example_latest_only.py took 0.139 seconds
[2024-07-25T07:57:13.948+0000] {processor.py:161} INFO - Started process (PID=3812) to work on /root/.cache/pypoetry/virtualenvs/freeprise-matchmaker-BsnH11MF-py3.8/lib/python3.8/site-packages/airflow/example_dags/example_latest_only.py
[2024-07-25T07:57:13.951+0000] {processor.py:830} INFO - Processing file /root/.cache/pypoetry/virtualenvs/freeprise-matchmaker-BsnH11MF-py3.8/lib/python3.8/site-packages/airflow/example_dags/example_latest_only.py for tasks to queue
[2024-07-25T07:57:13.954+0000] {logging_mixin.py:188} INFO - [2024-07-25T07:57:13.953+0000] {dagbag.py:545} INFO - Filling up the DagBag from /root/.cache/pypoetry/virtualenvs/freeprise-matchmaker-BsnH11MF-py3.8/lib/python3.8/site-packages/airflow/example_dags/example_latest_only.py
[2024-07-25T07:57:13.963+0000] {processor.py:840} INFO - DAG(s) 'latest_only' retrieved from /root/.cache/pypoetry/virtualenvs/freeprise-matchmaker-BsnH11MF-py3.8/lib/python3.8/site-packages/airflow/example_dags/example_latest_only.py
[2024-07-25T07:57:14.004+0000] {logging_mixin.py:188} INFO - [2024-07-25T07:57:14.004+0000] {dag.py:3089} INFO - Sync 1 DAGs
[2024-07-25T07:57:14.040+0000] {logging_mixin.py:188} INFO - [2024-07-25T07:57:14.040+0000] {dag.py:3947} INFO - Setting next_dagrun for latest_only to 2024-07-25 00:00:00+00:00, run_after=2024-07-25 04:00:00+00:00
[2024-07-25T07:57:14.067+0000] {processor.py:183} INFO - Processing /root/.cache/pypoetry/virtualenvs/freeprise-matchmaker-BsnH11MF-py3.8/lib/python3.8/site-packages/airflow/example_dags/example_latest_only.py took 0.132 seconds
[2024-07-25T07:57:44.479+0000] {processor.py:161} INFO - Started process (PID=4078) to work on /root/.cache/pypoetry/virtualenvs/freeprise-matchmaker-BsnH11MF-py3.8/lib/python3.8/site-packages/airflow/example_dags/example_latest_only.py
[2024-07-25T07:57:44.482+0000] {processor.py:830} INFO - Processing file /root/.cache/pypoetry/virtualenvs/freeprise-matchmaker-BsnH11MF-py3.8/lib/python3.8/site-packages/airflow/example_dags/example_latest_only.py for tasks to queue
[2024-07-25T07:57:44.484+0000] {logging_mixin.py:188} INFO - [2024-07-25T07:57:44.484+0000] {dagbag.py:545} INFO - Filling up the DagBag from /root/.cache/pypoetry/virtualenvs/freeprise-matchmaker-BsnH11MF-py3.8/lib/python3.8/site-packages/airflow/example_dags/example_latest_only.py
[2024-07-25T07:57:44.495+0000] {processor.py:840} INFO - DAG(s) 'latest_only' retrieved from /root/.cache/pypoetry/virtualenvs/freeprise-matchmaker-BsnH11MF-py3.8/lib/python3.8/site-packages/airflow/example_dags/example_latest_only.py
[2024-07-25T07:57:44.541+0000] {logging_mixin.py:188} INFO - [2024-07-25T07:57:44.540+0000] {dag.py:3089} INFO - Sync 1 DAGs
[2024-07-25T07:57:44.589+0000] {logging_mixin.py:188} INFO - [2024-07-25T07:57:44.589+0000] {dag.py:3947} INFO - Setting next_dagrun for latest_only to 2024-07-25 00:00:00+00:00, run_after=2024-07-25 04:00:00+00:00
[2024-07-25T07:57:44.619+0000] {processor.py:183} INFO - Processing /root/.cache/pypoetry/virtualenvs/freeprise-matchmaker-BsnH11MF-py3.8/lib/python3.8/site-packages/airflow/example_dags/example_latest_only.py took 0.151 seconds
[2024-07-25T07:58:15.634+0000] {processor.py:161} INFO - Started process (PID=4344) to work on /root/.cache/pypoetry/virtualenvs/freeprise-matchmaker-BsnH11MF-py3.8/lib/python3.8/site-packages/airflow/example_dags/example_latest_only.py
[2024-07-25T07:58:15.636+0000] {processor.py:830} INFO - Processing file /root/.cache/pypoetry/virtualenvs/freeprise-matchmaker-BsnH11MF-py3.8/lib/python3.8/site-packages/airflow/example_dags/example_latest_only.py for tasks to queue
[2024-07-25T07:58:15.639+0000] {logging_mixin.py:188} INFO - [2024-07-25T07:58:15.638+0000] {dagbag.py:545} INFO - Filling up the DagBag from /root/.cache/pypoetry/virtualenvs/freeprise-matchmaker-BsnH11MF-py3.8/lib/python3.8/site-packages/airflow/example_dags/example_latest_only.py
[2024-07-25T07:58:15.650+0000] {processor.py:840} INFO - DAG(s) 'latest_only' retrieved from /root/.cache/pypoetry/virtualenvs/freeprise-matchmaker-BsnH11MF-py3.8/lib/python3.8/site-packages/airflow/example_dags/example_latest_only.py
[2024-07-25T07:58:15.698+0000] {logging_mixin.py:188} INFO - [2024-07-25T07:58:15.698+0000] {dag.py:3089} INFO - Sync 1 DAGs
[2024-07-25T07:58:15.735+0000] {logging_mixin.py:188} INFO - [2024-07-25T07:58:15.735+0000] {dag.py:3947} INFO - Setting next_dagrun for latest_only to 2024-07-25 00:00:00+00:00, run_after=2024-07-25 04:00:00+00:00
[2024-07-25T07:58:15.765+0000] {processor.py:183} INFO - Processing /root/.cache/pypoetry/virtualenvs/freeprise-matchmaker-BsnH11MF-py3.8/lib/python3.8/site-packages/airflow/example_dags/example_latest_only.py took 0.146 seconds
[2024-07-25T07:58:46.141+0000] {processor.py:161} INFO - Started process (PID=4610) to work on /root/.cache/pypoetry/virtualenvs/freeprise-matchmaker-BsnH11MF-py3.8/lib/python3.8/site-packages/airflow/example_dags/example_latest_only.py
[2024-07-25T07:58:46.143+0000] {processor.py:830} INFO - Processing file /root/.cache/pypoetry/virtualenvs/freeprise-matchmaker-BsnH11MF-py3.8/lib/python3.8/site-packages/airflow/example_dags/example_latest_only.py for tasks to queue
[2024-07-25T07:58:46.146+0000] {logging_mixin.py:188} INFO - [2024-07-25T07:58:46.146+0000] {dagbag.py:545} INFO - Filling up the DagBag from /root/.cache/pypoetry/virtualenvs/freeprise-matchmaker-BsnH11MF-py3.8/lib/python3.8/site-packages/airflow/example_dags/example_latest_only.py
[2024-07-25T07:58:46.156+0000] {processor.py:840} INFO - DAG(s) 'latest_only' retrieved from /root/.cache/pypoetry/virtualenvs/freeprise-matchmaker-BsnH11MF-py3.8/lib/python3.8/site-packages/airflow/example_dags/example_latest_only.py
[2024-07-25T07:58:46.201+0000] {logging_mixin.py:188} INFO - [2024-07-25T07:58:46.201+0000] {dag.py:3089} INFO - Sync 1 DAGs
[2024-07-25T07:58:46.240+0000] {logging_mixin.py:188} INFO - [2024-07-25T07:58:46.239+0000] {dag.py:3947} INFO - Setting next_dagrun for latest_only to 2024-07-25 00:00:00+00:00, run_after=2024-07-25 04:00:00+00:00
[2024-07-25T07:58:46.270+0000] {processor.py:183} INFO - Processing /root/.cache/pypoetry/virtualenvs/freeprise-matchmaker-BsnH11MF-py3.8/lib/python3.8/site-packages/airflow/example_dags/example_latest_only.py took 0.144 seconds
[2024-07-25T07:59:16.768+0000] {processor.py:161} INFO - Started process (PID=4876) to work on /root/.cache/pypoetry/virtualenvs/freeprise-matchmaker-BsnH11MF-py3.8/lib/python3.8/site-packages/airflow/example_dags/example_latest_only.py
[2024-07-25T07:59:16.771+0000] {processor.py:830} INFO - Processing file /root/.cache/pypoetry/virtualenvs/freeprise-matchmaker-BsnH11MF-py3.8/lib/python3.8/site-packages/airflow/example_dags/example_latest_only.py for tasks to queue
[2024-07-25T07:59:16.774+0000] {logging_mixin.py:188} INFO - [2024-07-25T07:59:16.773+0000] {dagbag.py:545} INFO - Filling up the DagBag from /root/.cache/pypoetry/virtualenvs/freeprise-matchmaker-BsnH11MF-py3.8/lib/python3.8/site-packages/airflow/example_dags/example_latest_only.py
[2024-07-25T07:59:16.782+0000] {processor.py:840} INFO - DAG(s) 'latest_only' retrieved from /root/.cache/pypoetry/virtualenvs/freeprise-matchmaker-BsnH11MF-py3.8/lib/python3.8/site-packages/airflow/example_dags/example_latest_only.py
[2024-07-25T07:59:16.826+0000] {logging_mixin.py:188} INFO - [2024-07-25T07:59:16.826+0000] {dag.py:3089} INFO - Sync 1 DAGs
[2024-07-25T07:59:16.862+0000] {logging_mixin.py:188} INFO - [2024-07-25T07:59:16.862+0000] {dag.py:3947} INFO - Setting next_dagrun for latest_only to 2024-07-25 00:00:00+00:00, run_after=2024-07-25 04:00:00+00:00
[2024-07-25T07:59:16.897+0000] {processor.py:183} INFO - Processing /root/.cache/pypoetry/virtualenvs/freeprise-matchmaker-BsnH11MF-py3.8/lib/python3.8/site-packages/airflow/example_dags/example_latest_only.py took 0.147 seconds
[2024-07-25T07:59:47.537+0000] {processor.py:161} INFO - Started process (PID=5142) to work on /root/.cache/pypoetry/virtualenvs/freeprise-matchmaker-BsnH11MF-py3.8/lib/python3.8/site-packages/airflow/example_dags/example_latest_only.py
[2024-07-25T07:59:47.538+0000] {processor.py:830} INFO - Processing file /root/.cache/pypoetry/virtualenvs/freeprise-matchmaker-BsnH11MF-py3.8/lib/python3.8/site-packages/airflow/example_dags/example_latest_only.py for tasks to queue
[2024-07-25T07:59:47.541+0000] {logging_mixin.py:188} INFO - [2024-07-25T07:59:47.540+0000] {dagbag.py:545} INFO - Filling up the DagBag from /root/.cache/pypoetry/virtualenvs/freeprise-matchmaker-BsnH11MF-py3.8/lib/python3.8/site-packages/airflow/example_dags/example_latest_only.py
[2024-07-25T07:59:47.549+0000] {processor.py:840} INFO - DAG(s) 'latest_only' retrieved from /root/.cache/pypoetry/virtualenvs/freeprise-matchmaker-BsnH11MF-py3.8/lib/python3.8/site-packages/airflow/example_dags/example_latest_only.py
[2024-07-25T07:59:47.605+0000] {logging_mixin.py:188} INFO - [2024-07-25T07:59:47.605+0000] {dag.py:3089} INFO - Sync 1 DAGs
[2024-07-25T07:59:47.664+0000] {logging_mixin.py:188} INFO - [2024-07-25T07:59:47.663+0000] {dag.py:3947} INFO - Setting next_dagrun for latest_only to 2024-07-25 00:00:00+00:00, run_after=2024-07-25 04:00:00+00:00
[2024-07-25T07:59:47.695+0000] {processor.py:183} INFO - Processing /root/.cache/pypoetry/virtualenvs/freeprise-matchmaker-BsnH11MF-py3.8/lib/python3.8/site-packages/airflow/example_dags/example_latest_only.py took 0.176 seconds
[2024-07-25T08:00:18.637+0000] {processor.py:161} INFO - Started process (PID=5408) to work on /root/.cache/pypoetry/virtualenvs/freeprise-matchmaker-BsnH11MF-py3.8/lib/python3.8/site-packages/airflow/example_dags/example_latest_only.py
[2024-07-25T08:00:18.641+0000] {processor.py:830} INFO - Processing file /root/.cache/pypoetry/virtualenvs/freeprise-matchmaker-BsnH11MF-py3.8/lib/python3.8/site-packages/airflow/example_dags/example_latest_only.py for tasks to queue
[2024-07-25T08:00:18.644+0000] {logging_mixin.py:188} INFO - [2024-07-25T08:00:18.644+0000] {dagbag.py:545} INFO - Filling up the DagBag from /root/.cache/pypoetry/virtualenvs/freeprise-matchmaker-BsnH11MF-py3.8/lib/python3.8/site-packages/airflow/example_dags/example_latest_only.py
[2024-07-25T08:00:18.659+0000] {processor.py:840} INFO - DAG(s) 'latest_only' retrieved from /root/.cache/pypoetry/virtualenvs/freeprise-matchmaker-BsnH11MF-py3.8/lib/python3.8/site-packages/airflow/example_dags/example_latest_only.py
[2024-07-25T08:00:18.709+0000] {logging_mixin.py:188} INFO - [2024-07-25T08:00:18.708+0000] {dag.py:3089} INFO - Sync 1 DAGs
[2024-07-25T08:00:18.753+0000] {logging_mixin.py:188} INFO - [2024-07-25T08:00:18.753+0000] {dag.py:3947} INFO - Setting next_dagrun for latest_only to 2024-07-25 04:00:00+00:00, run_after=2024-07-25 08:00:00+00:00
[2024-07-25T08:00:18.788+0000] {processor.py:183} INFO - Processing /root/.cache/pypoetry/virtualenvs/freeprise-matchmaker-BsnH11MF-py3.8/lib/python3.8/site-packages/airflow/example_dags/example_latest_only.py took 0.166 seconds
[2024-07-25T08:00:52.989+0000] {processor.py:161} INFO - Started process (PID=5667) to work on /root/.cache/pypoetry/virtualenvs/freeprise-matchmaker-BsnH11MF-py3.8/lib/python3.8/site-packages/airflow/example_dags/example_latest_only.py
[2024-07-25T08:00:52.997+0000] {processor.py:830} INFO - Processing file /root/.cache/pypoetry/virtualenvs/freeprise-matchmaker-BsnH11MF-py3.8/lib/python3.8/site-packages/airflow/example_dags/example_latest_only.py for tasks to queue
[2024-07-25T08:00:53.004+0000] {logging_mixin.py:188} INFO - [2024-07-25T08:00:53.002+0000] {dagbag.py:545} INFO - Filling up the DagBag from /root/.cache/pypoetry/virtualenvs/freeprise-matchmaker-BsnH11MF-py3.8/lib/python3.8/site-packages/airflow/example_dags/example_latest_only.py
[2024-07-25T08:00:53.029+0000] {processor.py:840} INFO - DAG(s) 'latest_only' retrieved from /root/.cache/pypoetry/virtualenvs/freeprise-matchmaker-BsnH11MF-py3.8/lib/python3.8/site-packages/airflow/example_dags/example_latest_only.py
[2024-07-25T08:00:53.157+0000] {logging_mixin.py:188} INFO - [2024-07-25T08:00:53.155+0000] {dag.py:3089} INFO - Sync 1 DAGs
[2024-07-25T08:00:53.298+0000] {logging_mixin.py:188} INFO - [2024-07-25T08:00:53.296+0000] {dag.py:3947} INFO - Setting next_dagrun for latest_only to 2024-07-25 04:00:00+00:00, run_after=2024-07-25 08:00:00+00:00
[2024-07-25T08:00:53.389+0000] {processor.py:183} INFO - Processing /root/.cache/pypoetry/virtualenvs/freeprise-matchmaker-BsnH11MF-py3.8/lib/python3.8/site-packages/airflow/example_dags/example_latest_only.py took 0.449 seconds
