[2024-07-25T07:50:29.102+0000] {processor.py:161} INFO - Started process (PID=227) to work on /root/.cache/pypoetry/virtualenvs/freeprise-matchmaker-BsnH11MF-py3.8/lib/python3.8/site-packages/airflow/example_dags/example_xcom.py
[2024-07-25T07:50:29.104+0000] {processor.py:830} INFO - Processing file /root/.cache/pypoetry/virtualenvs/freeprise-matchmaker-BsnH11MF-py3.8/lib/python3.8/site-packages/airflow/example_dags/example_xcom.py for tasks to queue
[2024-07-25T07:50:29.107+0000] {logging_mixin.py:188} INFO - [2024-07-25T07:50:29.106+0000] {dagbag.py:545} INFO - Filling up the DagBag from /root/.cache/pypoetry/virtualenvs/freeprise-matchmaker-BsnH11MF-py3.8/lib/python3.8/site-packages/airflow/example_dags/example_xcom.py
[2024-07-25T07:50:29.128+0000] {processor.py:840} INFO - DAG(s) 'example_xcom' retrieved from /root/.cache/pypoetry/virtualenvs/freeprise-matchmaker-BsnH11MF-py3.8/lib/python3.8/site-packages/airflow/example_dags/example_xcom.py
[2024-07-25T07:50:29.162+0000] {logging_mixin.py:188} INFO - [2024-07-25T07:50:29.162+0000] {dag.py:3089} INFO - Sync 1 DAGs
[2024-07-25T07:50:29.202+0000] {logging_mixin.py:188} INFO - [2024-07-25T07:50:29.202+0000] {dag.py:3947} INFO - Setting next_dagrun for example_xcom to 2021-01-01 00:00:00+00:00, run_after=2021-01-01 00:00:00+00:00
[2024-07-25T07:50:29.233+0000] {processor.py:183} INFO - Processing /root/.cache/pypoetry/virtualenvs/freeprise-matchmaker-BsnH11MF-py3.8/lib/python3.8/site-packages/airflow/example_dags/example_xcom.py took 0.147 seconds
[2024-07-25T07:51:01.153+0000] {processor.py:161} INFO - Started process (PID=495) to work on /root/.cache/pypoetry/virtualenvs/freeprise-matchmaker-BsnH11MF-py3.8/lib/python3.8/site-packages/airflow/example_dags/example_xcom.py
[2024-07-25T07:51:01.156+0000] {processor.py:830} INFO - Processing file /root/.cache/pypoetry/virtualenvs/freeprise-matchmaker-BsnH11MF-py3.8/lib/python3.8/site-packages/airflow/example_dags/example_xcom.py for tasks to queue
[2024-07-25T07:51:01.158+0000] {logging_mixin.py:188} INFO - [2024-07-25T07:51:01.158+0000] {dagbag.py:545} INFO - Filling up the DagBag from /root/.cache/pypoetry/virtualenvs/freeprise-matchmaker-BsnH11MF-py3.8/lib/python3.8/site-packages/airflow/example_dags/example_xcom.py
[2024-07-25T07:51:01.171+0000] {processor.py:840} INFO - DAG(s) 'example_xcom' retrieved from /root/.cache/pypoetry/virtualenvs/freeprise-matchmaker-BsnH11MF-py3.8/lib/python3.8/site-packages/airflow/example_dags/example_xcom.py
[2024-07-25T07:51:01.495+0000] {logging_mixin.py:188} INFO - [2024-07-25T07:51:01.495+0000] {dag.py:3089} INFO - Sync 1 DAGs
[2024-07-25T07:51:01.521+0000] {logging_mixin.py:188} INFO - [2024-07-25T07:51:01.521+0000] {dag.py:3947} INFO - Setting next_dagrun for example_xcom to 2021-01-01 00:00:00+00:00, run_after=2021-01-01 00:00:00+00:00
[2024-07-25T07:51:01.550+0000] {processor.py:183} INFO - Processing /root/.cache/pypoetry/virtualenvs/freeprise-matchmaker-BsnH11MF-py3.8/lib/python3.8/site-packages/airflow/example_dags/example_xcom.py took 0.408 seconds
[2024-07-25T07:51:31.927+0000] {processor.py:161} INFO - Started process (PID=759) to work on /root/.cache/pypoetry/virtualenvs/freeprise-matchmaker-BsnH11MF-py3.8/lib/python3.8/site-packages/airflow/example_dags/example_xcom.py
[2024-07-25T07:51:31.929+0000] {processor.py:830} INFO - Processing file /root/.cache/pypoetry/virtualenvs/freeprise-matchmaker-BsnH11MF-py3.8/lib/python3.8/site-packages/airflow/example_dags/example_xcom.py for tasks to queue
[2024-07-25T07:51:31.932+0000] {logging_mixin.py:188} INFO - [2024-07-25T07:51:31.931+0000] {dagbag.py:545} INFO - Filling up the DagBag from /root/.cache/pypoetry/virtualenvs/freeprise-matchmaker-BsnH11MF-py3.8/lib/python3.8/site-packages/airflow/example_dags/example_xcom.py
[2024-07-25T07:51:31.944+0000] {processor.py:840} INFO - DAG(s) 'example_xcom' retrieved from /root/.cache/pypoetry/virtualenvs/freeprise-matchmaker-BsnH11MF-py3.8/lib/python3.8/site-packages/airflow/example_dags/example_xcom.py
[2024-07-25T07:51:32.142+0000] {logging_mixin.py:188} INFO - [2024-07-25T07:51:32.142+0000] {dag.py:3089} INFO - Sync 1 DAGs
[2024-07-25T07:51:32.171+0000] {logging_mixin.py:188} INFO - [2024-07-25T07:51:32.170+0000] {dag.py:3947} INFO - Setting next_dagrun for example_xcom to 2021-01-01 00:00:00+00:00, run_after=2021-01-01 00:00:00+00:00
[2024-07-25T07:51:32.198+0000] {processor.py:183} INFO - Processing /root/.cache/pypoetry/virtualenvs/freeprise-matchmaker-BsnH11MF-py3.8/lib/python3.8/site-packages/airflow/example_dags/example_xcom.py took 0.284 seconds
[2024-07-25T07:52:02.680+0000] {processor.py:161} INFO - Started process (PID=1025) to work on /root/.cache/pypoetry/virtualenvs/freeprise-matchmaker-BsnH11MF-py3.8/lib/python3.8/site-packages/airflow/example_dags/example_xcom.py
[2024-07-25T07:52:02.684+0000] {processor.py:830} INFO - Processing file /root/.cache/pypoetry/virtualenvs/freeprise-matchmaker-BsnH11MF-py3.8/lib/python3.8/site-packages/airflow/example_dags/example_xcom.py for tasks to queue
[2024-07-25T07:52:02.687+0000] {logging_mixin.py:188} INFO - [2024-07-25T07:52:02.686+0000] {dagbag.py:545} INFO - Filling up the DagBag from /root/.cache/pypoetry/virtualenvs/freeprise-matchmaker-BsnH11MF-py3.8/lib/python3.8/site-packages/airflow/example_dags/example_xcom.py
[2024-07-25T07:52:02.701+0000] {processor.py:840} INFO - DAG(s) 'example_xcom' retrieved from /root/.cache/pypoetry/virtualenvs/freeprise-matchmaker-BsnH11MF-py3.8/lib/python3.8/site-packages/airflow/example_dags/example_xcom.py
[2024-07-25T07:52:02.745+0000] {logging_mixin.py:188} INFO - [2024-07-25T07:52:02.745+0000] {dag.py:3089} INFO - Sync 1 DAGs
[2024-07-25T07:52:02.784+0000] {logging_mixin.py:188} INFO - [2024-07-25T07:52:02.783+0000] {dag.py:3947} INFO - Setting next_dagrun for example_xcom to 2021-01-01 00:00:00+00:00, run_after=2021-01-01 00:00:00+00:00
[2024-07-25T07:52:02.809+0000] {processor.py:183} INFO - Processing /root/.cache/pypoetry/virtualenvs/freeprise-matchmaker-BsnH11MF-py3.8/lib/python3.8/site-packages/airflow/example_dags/example_xcom.py took 0.144 seconds
[2024-07-25T07:52:33.696+0000] {processor.py:161} INFO - Started process (PID=1291) to work on /root/.cache/pypoetry/virtualenvs/freeprise-matchmaker-BsnH11MF-py3.8/lib/python3.8/site-packages/airflow/example_dags/example_xcom.py
[2024-07-25T07:52:33.698+0000] {processor.py:830} INFO - Processing file /root/.cache/pypoetry/virtualenvs/freeprise-matchmaker-BsnH11MF-py3.8/lib/python3.8/site-packages/airflow/example_dags/example_xcom.py for tasks to queue
[2024-07-25T07:52:33.701+0000] {logging_mixin.py:188} INFO - [2024-07-25T07:52:33.700+0000] {dagbag.py:545} INFO - Filling up the DagBag from /root/.cache/pypoetry/virtualenvs/freeprise-matchmaker-BsnH11MF-py3.8/lib/python3.8/site-packages/airflow/example_dags/example_xcom.py
[2024-07-25T07:52:33.713+0000] {processor.py:840} INFO - DAG(s) 'example_xcom' retrieved from /root/.cache/pypoetry/virtualenvs/freeprise-matchmaker-BsnH11MF-py3.8/lib/python3.8/site-packages/airflow/example_dags/example_xcom.py
[2024-07-25T07:52:33.759+0000] {logging_mixin.py:188} INFO - [2024-07-25T07:52:33.759+0000] {dag.py:3089} INFO - Sync 1 DAGs
[2024-07-25T07:52:33.798+0000] {logging_mixin.py:188} INFO - [2024-07-25T07:52:33.797+0000] {dag.py:3947} INFO - Setting next_dagrun for example_xcom to 2021-01-01 00:00:00+00:00, run_after=2021-01-01 00:00:00+00:00
[2024-07-25T07:52:33.833+0000] {processor.py:183} INFO - Processing /root/.cache/pypoetry/virtualenvs/freeprise-matchmaker-BsnH11MF-py3.8/lib/python3.8/site-packages/airflow/example_dags/example_xcom.py took 0.148 seconds
[2024-07-25T07:53:04.562+0000] {processor.py:161} INFO - Started process (PID=1559) to work on /root/.cache/pypoetry/virtualenvs/freeprise-matchmaker-BsnH11MF-py3.8/lib/python3.8/site-packages/airflow/example_dags/example_xcom.py
[2024-07-25T07:53:04.564+0000] {processor.py:830} INFO - Processing file /root/.cache/pypoetry/virtualenvs/freeprise-matchmaker-BsnH11MF-py3.8/lib/python3.8/site-packages/airflow/example_dags/example_xcom.py for tasks to queue
[2024-07-25T07:53:04.567+0000] {logging_mixin.py:188} INFO - [2024-07-25T07:53:04.566+0000] {dagbag.py:545} INFO - Filling up the DagBag from /root/.cache/pypoetry/virtualenvs/freeprise-matchmaker-BsnH11MF-py3.8/lib/python3.8/site-packages/airflow/example_dags/example_xcom.py
[2024-07-25T07:53:04.579+0000] {processor.py:840} INFO - DAG(s) 'example_xcom' retrieved from /root/.cache/pypoetry/virtualenvs/freeprise-matchmaker-BsnH11MF-py3.8/lib/python3.8/site-packages/airflow/example_dags/example_xcom.py
[2024-07-25T07:53:04.628+0000] {logging_mixin.py:188} INFO - [2024-07-25T07:53:04.627+0000] {dag.py:3089} INFO - Sync 1 DAGs
[2024-07-25T07:53:04.666+0000] {logging_mixin.py:188} INFO - [2024-07-25T07:53:04.665+0000] {dag.py:3947} INFO - Setting next_dagrun for example_xcom to 2021-01-01 00:00:00+00:00, run_after=2021-01-01 00:00:00+00:00
[2024-07-25T07:53:04.700+0000] {processor.py:183} INFO - Processing /root/.cache/pypoetry/virtualenvs/freeprise-matchmaker-BsnH11MF-py3.8/lib/python3.8/site-packages/airflow/example_dags/example_xcom.py took 0.150 seconds
[2024-07-25T07:53:35.225+0000] {processor.py:161} INFO - Started process (PID=1823) to work on /root/.cache/pypoetry/virtualenvs/freeprise-matchmaker-BsnH11MF-py3.8/lib/python3.8/site-packages/airflow/example_dags/example_xcom.py
[2024-07-25T07:53:35.227+0000] {processor.py:830} INFO - Processing file /root/.cache/pypoetry/virtualenvs/freeprise-matchmaker-BsnH11MF-py3.8/lib/python3.8/site-packages/airflow/example_dags/example_xcom.py for tasks to queue
[2024-07-25T07:53:35.230+0000] {logging_mixin.py:188} INFO - [2024-07-25T07:53:35.229+0000] {dagbag.py:545} INFO - Filling up the DagBag from /root/.cache/pypoetry/virtualenvs/freeprise-matchmaker-BsnH11MF-py3.8/lib/python3.8/site-packages/airflow/example_dags/example_xcom.py
[2024-07-25T07:53:35.243+0000] {processor.py:840} INFO - DAG(s) 'example_xcom' retrieved from /root/.cache/pypoetry/virtualenvs/freeprise-matchmaker-BsnH11MF-py3.8/lib/python3.8/site-packages/airflow/example_dags/example_xcom.py
[2024-07-25T07:53:35.285+0000] {logging_mixin.py:188} INFO - [2024-07-25T07:53:35.284+0000] {dag.py:3089} INFO - Sync 1 DAGs
[2024-07-25T07:53:35.321+0000] {logging_mixin.py:188} INFO - [2024-07-25T07:53:35.320+0000] {dag.py:3947} INFO - Setting next_dagrun for example_xcom to 2021-01-01 00:00:00+00:00, run_after=2021-01-01 00:00:00+00:00
[2024-07-25T07:53:35.348+0000] {processor.py:183} INFO - Processing /root/.cache/pypoetry/virtualenvs/freeprise-matchmaker-BsnH11MF-py3.8/lib/python3.8/site-packages/airflow/example_dags/example_xcom.py took 0.138 seconds
[2024-07-25T07:54:05.733+0000] {processor.py:161} INFO - Started process (PID=2089) to work on /root/.cache/pypoetry/virtualenvs/freeprise-matchmaker-BsnH11MF-py3.8/lib/python3.8/site-packages/airflow/example_dags/example_xcom.py
[2024-07-25T07:54:05.736+0000] {processor.py:830} INFO - Processing file /root/.cache/pypoetry/virtualenvs/freeprise-matchmaker-BsnH11MF-py3.8/lib/python3.8/site-packages/airflow/example_dags/example_xcom.py for tasks to queue
[2024-07-25T07:54:05.739+0000] {logging_mixin.py:188} INFO - [2024-07-25T07:54:05.738+0000] {dagbag.py:545} INFO - Filling up the DagBag from /root/.cache/pypoetry/virtualenvs/freeprise-matchmaker-BsnH11MF-py3.8/lib/python3.8/site-packages/airflow/example_dags/example_xcom.py
[2024-07-25T07:54:05.757+0000] {processor.py:840} INFO - DAG(s) 'example_xcom' retrieved from /root/.cache/pypoetry/virtualenvs/freeprise-matchmaker-BsnH11MF-py3.8/lib/python3.8/site-packages/airflow/example_dags/example_xcom.py
[2024-07-25T07:54:05.804+0000] {logging_mixin.py:188} INFO - [2024-07-25T07:54:05.804+0000] {dag.py:3089} INFO - Sync 1 DAGs
[2024-07-25T07:54:05.847+0000] {logging_mixin.py:188} INFO - [2024-07-25T07:54:05.846+0000] {dag.py:3947} INFO - Setting next_dagrun for example_xcom to 2021-01-01 00:00:00+00:00, run_after=2021-01-01 00:00:00+00:00
[2024-07-25T07:54:05.881+0000] {processor.py:183} INFO - Processing /root/.cache/pypoetry/virtualenvs/freeprise-matchmaker-BsnH11MF-py3.8/lib/python3.8/site-packages/airflow/example_dags/example_xcom.py took 0.161 seconds
[2024-07-25T07:54:35.949+0000] {processor.py:161} INFO - Started process (PID=2352) to work on /root/.cache/pypoetry/virtualenvs/freeprise-matchmaker-BsnH11MF-py3.8/lib/python3.8/site-packages/airflow/example_dags/example_xcom.py
[2024-07-25T07:54:35.951+0000] {processor.py:830} INFO - Processing file /root/.cache/pypoetry/virtualenvs/freeprise-matchmaker-BsnH11MF-py3.8/lib/python3.8/site-packages/airflow/example_dags/example_xcom.py for tasks to queue
[2024-07-25T07:54:35.954+0000] {logging_mixin.py:188} INFO - [2024-07-25T07:54:35.953+0000] {dagbag.py:545} INFO - Filling up the DagBag from /root/.cache/pypoetry/virtualenvs/freeprise-matchmaker-BsnH11MF-py3.8/lib/python3.8/site-packages/airflow/example_dags/example_xcom.py
[2024-07-25T07:54:35.970+0000] {processor.py:840} INFO - DAG(s) 'example_xcom' retrieved from /root/.cache/pypoetry/virtualenvs/freeprise-matchmaker-BsnH11MF-py3.8/lib/python3.8/site-packages/airflow/example_dags/example_xcom.py
[2024-07-25T07:54:36.058+0000] {logging_mixin.py:188} INFO - [2024-07-25T07:54:36.058+0000] {dag.py:3089} INFO - Sync 1 DAGs
[2024-07-25T07:54:36.112+0000] {logging_mixin.py:188} INFO - [2024-07-25T07:54:36.111+0000] {dag.py:3947} INFO - Setting next_dagrun for example_xcom to 2021-01-01 00:00:00+00:00, run_after=2021-01-01 00:00:00+00:00
[2024-07-25T07:54:36.140+0000] {processor.py:183} INFO - Processing /root/.cache/pypoetry/virtualenvs/freeprise-matchmaker-BsnH11MF-py3.8/lib/python3.8/site-packages/airflow/example_dags/example_xcom.py took 0.208 seconds
[2024-07-25T07:55:06.193+0000] {processor.py:161} INFO - Started process (PID=2615) to work on /root/.cache/pypoetry/virtualenvs/freeprise-matchmaker-BsnH11MF-py3.8/lib/python3.8/site-packages/airflow/example_dags/example_xcom.py
[2024-07-25T07:55:06.194+0000] {processor.py:830} INFO - Processing file /root/.cache/pypoetry/virtualenvs/freeprise-matchmaker-BsnH11MF-py3.8/lib/python3.8/site-packages/airflow/example_dags/example_xcom.py for tasks to queue
[2024-07-25T07:55:06.196+0000] {logging_mixin.py:188} INFO - [2024-07-25T07:55:06.196+0000] {dagbag.py:545} INFO - Filling up the DagBag from /root/.cache/pypoetry/virtualenvs/freeprise-matchmaker-BsnH11MF-py3.8/lib/python3.8/site-packages/airflow/example_dags/example_xcom.py
[2024-07-25T07:55:06.209+0000] {processor.py:840} INFO - DAG(s) 'example_xcom' retrieved from /root/.cache/pypoetry/virtualenvs/freeprise-matchmaker-BsnH11MF-py3.8/lib/python3.8/site-packages/airflow/example_dags/example_xcom.py
[2024-07-25T07:55:06.252+0000] {logging_mixin.py:188} INFO - [2024-07-25T07:55:06.251+0000] {dag.py:3089} INFO - Sync 1 DAGs
[2024-07-25T07:55:06.286+0000] {logging_mixin.py:188} INFO - [2024-07-25T07:55:06.286+0000] {dag.py:3947} INFO - Setting next_dagrun for example_xcom to 2021-01-01 00:00:00+00:00, run_after=2021-01-01 00:00:00+00:00
[2024-07-25T07:55:06.315+0000] {processor.py:183} INFO - Processing /root/.cache/pypoetry/virtualenvs/freeprise-matchmaker-BsnH11MF-py3.8/lib/python3.8/site-packages/airflow/example_dags/example_xcom.py took 0.134 seconds
[2024-07-25T07:55:36.445+0000] {processor.py:161} INFO - Started process (PID=2881) to work on /root/.cache/pypoetry/virtualenvs/freeprise-matchmaker-BsnH11MF-py3.8/lib/python3.8/site-packages/airflow/example_dags/example_xcom.py
[2024-07-25T07:55:36.447+0000] {processor.py:830} INFO - Processing file /root/.cache/pypoetry/virtualenvs/freeprise-matchmaker-BsnH11MF-py3.8/lib/python3.8/site-packages/airflow/example_dags/example_xcom.py for tasks to queue
[2024-07-25T07:55:36.449+0000] {logging_mixin.py:188} INFO - [2024-07-25T07:55:36.449+0000] {dagbag.py:545} INFO - Filling up the DagBag from /root/.cache/pypoetry/virtualenvs/freeprise-matchmaker-BsnH11MF-py3.8/lib/python3.8/site-packages/airflow/example_dags/example_xcom.py
[2024-07-25T07:55:36.462+0000] {processor.py:840} INFO - DAG(s) 'example_xcom' retrieved from /root/.cache/pypoetry/virtualenvs/freeprise-matchmaker-BsnH11MF-py3.8/lib/python3.8/site-packages/airflow/example_dags/example_xcom.py
[2024-07-25T07:55:36.503+0000] {logging_mixin.py:188} INFO - [2024-07-25T07:55:36.503+0000] {dag.py:3089} INFO - Sync 1 DAGs
[2024-07-25T07:55:36.536+0000] {logging_mixin.py:188} INFO - [2024-07-25T07:55:36.536+0000] {dag.py:3947} INFO - Setting next_dagrun for example_xcom to 2021-01-01 00:00:00+00:00, run_after=2021-01-01 00:00:00+00:00
[2024-07-25T07:55:36.563+0000] {processor.py:183} INFO - Processing /root/.cache/pypoetry/virtualenvs/freeprise-matchmaker-BsnH11MF-py3.8/lib/python3.8/site-packages/airflow/example_dags/example_xcom.py took 0.130 seconds
[2024-07-25T07:56:06.710+0000] {processor.py:161} INFO - Started process (PID=3147) to work on /root/.cache/pypoetry/virtualenvs/freeprise-matchmaker-BsnH11MF-py3.8/lib/python3.8/site-packages/airflow/example_dags/example_xcom.py
[2024-07-25T07:56:06.711+0000] {processor.py:830} INFO - Processing file /root/.cache/pypoetry/virtualenvs/freeprise-matchmaker-BsnH11MF-py3.8/lib/python3.8/site-packages/airflow/example_dags/example_xcom.py for tasks to queue
[2024-07-25T07:56:06.714+0000] {logging_mixin.py:188} INFO - [2024-07-25T07:56:06.713+0000] {dagbag.py:545} INFO - Filling up the DagBag from /root/.cache/pypoetry/virtualenvs/freeprise-matchmaker-BsnH11MF-py3.8/lib/python3.8/site-packages/airflow/example_dags/example_xcom.py
[2024-07-25T07:56:06.726+0000] {processor.py:840} INFO - DAG(s) 'example_xcom' retrieved from /root/.cache/pypoetry/virtualenvs/freeprise-matchmaker-BsnH11MF-py3.8/lib/python3.8/site-packages/airflow/example_dags/example_xcom.py
[2024-07-25T07:56:06.767+0000] {logging_mixin.py:188} INFO - [2024-07-25T07:56:06.767+0000] {dag.py:3089} INFO - Sync 1 DAGs
[2024-07-25T07:56:06.801+0000] {logging_mixin.py:188} INFO - [2024-07-25T07:56:06.800+0000] {dag.py:3947} INFO - Setting next_dagrun for example_xcom to 2021-01-01 00:00:00+00:00, run_after=2021-01-01 00:00:00+00:00
[2024-07-25T07:56:06.829+0000] {processor.py:183} INFO - Processing /root/.cache/pypoetry/virtualenvs/freeprise-matchmaker-BsnH11MF-py3.8/lib/python3.8/site-packages/airflow/example_dags/example_xcom.py took 0.131 seconds
[2024-07-25T07:56:36.910+0000] {processor.py:161} INFO - Started process (PID=3413) to work on /root/.cache/pypoetry/virtualenvs/freeprise-matchmaker-BsnH11MF-py3.8/lib/python3.8/site-packages/airflow/example_dags/example_xcom.py
[2024-07-25T07:56:36.912+0000] {processor.py:830} INFO - Processing file /root/.cache/pypoetry/virtualenvs/freeprise-matchmaker-BsnH11MF-py3.8/lib/python3.8/site-packages/airflow/example_dags/example_xcom.py for tasks to queue
[2024-07-25T07:56:36.915+0000] {logging_mixin.py:188} INFO - [2024-07-25T07:56:36.914+0000] {dagbag.py:545} INFO - Filling up the DagBag from /root/.cache/pypoetry/virtualenvs/freeprise-matchmaker-BsnH11MF-py3.8/lib/python3.8/site-packages/airflow/example_dags/example_xcom.py
[2024-07-25T07:56:36.928+0000] {processor.py:840} INFO - DAG(s) 'example_xcom' retrieved from /root/.cache/pypoetry/virtualenvs/freeprise-matchmaker-BsnH11MF-py3.8/lib/python3.8/site-packages/airflow/example_dags/example_xcom.py
[2024-07-25T07:56:36.971+0000] {logging_mixin.py:188} INFO - [2024-07-25T07:56:36.971+0000] {dag.py:3089} INFO - Sync 1 DAGs
[2024-07-25T07:56:37.003+0000] {logging_mixin.py:188} INFO - [2024-07-25T07:56:37.003+0000] {dag.py:3947} INFO - Setting next_dagrun for example_xcom to 2021-01-01 00:00:00+00:00, run_after=2021-01-01 00:00:00+00:00
[2024-07-25T07:56:37.031+0000] {processor.py:183} INFO - Processing /root/.cache/pypoetry/virtualenvs/freeprise-matchmaker-BsnH11MF-py3.8/lib/python3.8/site-packages/airflow/example_dags/example_xcom.py took 0.134 seconds
[2024-07-25T07:57:07.231+0000] {processor.py:161} INFO - Started process (PID=3679) to work on /root/.cache/pypoetry/virtualenvs/freeprise-matchmaker-BsnH11MF-py3.8/lib/python3.8/site-packages/airflow/example_dags/example_xcom.py
[2024-07-25T07:57:07.233+0000] {processor.py:830} INFO - Processing file /root/.cache/pypoetry/virtualenvs/freeprise-matchmaker-BsnH11MF-py3.8/lib/python3.8/site-packages/airflow/example_dags/example_xcom.py for tasks to queue
[2024-07-25T07:57:07.235+0000] {logging_mixin.py:188} INFO - [2024-07-25T07:57:07.235+0000] {dagbag.py:545} INFO - Filling up the DagBag from /root/.cache/pypoetry/virtualenvs/freeprise-matchmaker-BsnH11MF-py3.8/lib/python3.8/site-packages/airflow/example_dags/example_xcom.py
[2024-07-25T07:57:07.248+0000] {processor.py:840} INFO - DAG(s) 'example_xcom' retrieved from /root/.cache/pypoetry/virtualenvs/freeprise-matchmaker-BsnH11MF-py3.8/lib/python3.8/site-packages/airflow/example_dags/example_xcom.py
[2024-07-25T07:57:07.291+0000] {logging_mixin.py:188} INFO - [2024-07-25T07:57:07.290+0000] {dag.py:3089} INFO - Sync 1 DAGs
[2024-07-25T07:57:07.325+0000] {logging_mixin.py:188} INFO - [2024-07-25T07:57:07.324+0000] {dag.py:3947} INFO - Setting next_dagrun for example_xcom to 2021-01-01 00:00:00+00:00, run_after=2021-01-01 00:00:00+00:00
[2024-07-25T07:57:07.353+0000] {processor.py:183} INFO - Processing /root/.cache/pypoetry/virtualenvs/freeprise-matchmaker-BsnH11MF-py3.8/lib/python3.8/site-packages/airflow/example_dags/example_xcom.py took 0.134 seconds
[2024-07-25T07:57:37.669+0000] {processor.py:161} INFO - Started process (PID=3945) to work on /root/.cache/pypoetry/virtualenvs/freeprise-matchmaker-BsnH11MF-py3.8/lib/python3.8/site-packages/airflow/example_dags/example_xcom.py
[2024-07-25T07:57:37.671+0000] {processor.py:830} INFO - Processing file /root/.cache/pypoetry/virtualenvs/freeprise-matchmaker-BsnH11MF-py3.8/lib/python3.8/site-packages/airflow/example_dags/example_xcom.py for tasks to queue
[2024-07-25T07:57:37.674+0000] {logging_mixin.py:188} INFO - [2024-07-25T07:57:37.673+0000] {dagbag.py:545} INFO - Filling up the DagBag from /root/.cache/pypoetry/virtualenvs/freeprise-matchmaker-BsnH11MF-py3.8/lib/python3.8/site-packages/airflow/example_dags/example_xcom.py
[2024-07-25T07:57:37.686+0000] {processor.py:840} INFO - DAG(s) 'example_xcom' retrieved from /root/.cache/pypoetry/virtualenvs/freeprise-matchmaker-BsnH11MF-py3.8/lib/python3.8/site-packages/airflow/example_dags/example_xcom.py
[2024-07-25T07:57:37.737+0000] {logging_mixin.py:188} INFO - [2024-07-25T07:57:37.736+0000] {dag.py:3089} INFO - Sync 1 DAGs
[2024-07-25T07:57:37.779+0000] {logging_mixin.py:188} INFO - [2024-07-25T07:57:37.778+0000] {dag.py:3947} INFO - Setting next_dagrun for example_xcom to 2021-01-01 00:00:00+00:00, run_after=2021-01-01 00:00:00+00:00
[2024-07-25T07:57:37.812+0000] {processor.py:183} INFO - Processing /root/.cache/pypoetry/virtualenvs/freeprise-matchmaker-BsnH11MF-py3.8/lib/python3.8/site-packages/airflow/example_dags/example_xcom.py took 0.155 seconds
[2024-07-25T07:58:08.026+0000] {processor.py:161} INFO - Started process (PID=4211) to work on /root/.cache/pypoetry/virtualenvs/freeprise-matchmaker-BsnH11MF-py3.8/lib/python3.8/site-packages/airflow/example_dags/example_xcom.py
[2024-07-25T07:58:08.028+0000] {processor.py:830} INFO - Processing file /root/.cache/pypoetry/virtualenvs/freeprise-matchmaker-BsnH11MF-py3.8/lib/python3.8/site-packages/airflow/example_dags/example_xcom.py for tasks to queue
[2024-07-25T07:58:08.031+0000] {logging_mixin.py:188} INFO - [2024-07-25T07:58:08.030+0000] {dagbag.py:545} INFO - Filling up the DagBag from /root/.cache/pypoetry/virtualenvs/freeprise-matchmaker-BsnH11MF-py3.8/lib/python3.8/site-packages/airflow/example_dags/example_xcom.py
[2024-07-25T07:58:08.049+0000] {processor.py:840} INFO - DAG(s) 'example_xcom' retrieved from /root/.cache/pypoetry/virtualenvs/freeprise-matchmaker-BsnH11MF-py3.8/lib/python3.8/site-packages/airflow/example_dags/example_xcom.py
[2024-07-25T07:58:08.098+0000] {logging_mixin.py:188} INFO - [2024-07-25T07:58:08.098+0000] {dag.py:3089} INFO - Sync 1 DAGs
[2024-07-25T07:58:08.133+0000] {logging_mixin.py:188} INFO - [2024-07-25T07:58:08.132+0000] {dag.py:3947} INFO - Setting next_dagrun for example_xcom to 2021-01-01 00:00:00+00:00, run_after=2021-01-01 00:00:00+00:00
[2024-07-25T07:58:08.164+0000] {processor.py:183} INFO - Processing /root/.cache/pypoetry/virtualenvs/freeprise-matchmaker-BsnH11MF-py3.8/lib/python3.8/site-packages/airflow/example_dags/example_xcom.py took 0.153 seconds
[2024-07-25T07:58:38.254+0000] {processor.py:161} INFO - Started process (PID=4477) to work on /root/.cache/pypoetry/virtualenvs/freeprise-matchmaker-BsnH11MF-py3.8/lib/python3.8/site-packages/airflow/example_dags/example_xcom.py
[2024-07-25T07:58:38.256+0000] {processor.py:830} INFO - Processing file /root/.cache/pypoetry/virtualenvs/freeprise-matchmaker-BsnH11MF-py3.8/lib/python3.8/site-packages/airflow/example_dags/example_xcom.py for tasks to queue
[2024-07-25T07:58:38.259+0000] {logging_mixin.py:188} INFO - [2024-07-25T07:58:38.258+0000] {dagbag.py:545} INFO - Filling up the DagBag from /root/.cache/pypoetry/virtualenvs/freeprise-matchmaker-BsnH11MF-py3.8/lib/python3.8/site-packages/airflow/example_dags/example_xcom.py
[2024-07-25T07:58:38.271+0000] {processor.py:840} INFO - DAG(s) 'example_xcom' retrieved from /root/.cache/pypoetry/virtualenvs/freeprise-matchmaker-BsnH11MF-py3.8/lib/python3.8/site-packages/airflow/example_dags/example_xcom.py
[2024-07-25T07:58:38.316+0000] {logging_mixin.py:188} INFO - [2024-07-25T07:58:38.315+0000] {dag.py:3089} INFO - Sync 1 DAGs
[2024-07-25T07:58:38.349+0000] {logging_mixin.py:188} INFO - [2024-07-25T07:58:38.349+0000] {dag.py:3947} INFO - Setting next_dagrun for example_xcom to 2021-01-01 00:00:00+00:00, run_after=2021-01-01 00:00:00+00:00
[2024-07-25T07:58:38.379+0000] {processor.py:183} INFO - Processing /root/.cache/pypoetry/virtualenvs/freeprise-matchmaker-BsnH11MF-py3.8/lib/python3.8/site-packages/airflow/example_dags/example_xcom.py took 0.136 seconds
[2024-07-25T07:59:08.464+0000] {processor.py:161} INFO - Started process (PID=4741) to work on /root/.cache/pypoetry/virtualenvs/freeprise-matchmaker-BsnH11MF-py3.8/lib/python3.8/site-packages/airflow/example_dags/example_xcom.py
[2024-07-25T07:59:08.467+0000] {processor.py:830} INFO - Processing file /root/.cache/pypoetry/virtualenvs/freeprise-matchmaker-BsnH11MF-py3.8/lib/python3.8/site-packages/airflow/example_dags/example_xcom.py for tasks to queue
[2024-07-25T07:59:08.469+0000] {logging_mixin.py:188} INFO - [2024-07-25T07:59:08.469+0000] {dagbag.py:545} INFO - Filling up the DagBag from /root/.cache/pypoetry/virtualenvs/freeprise-matchmaker-BsnH11MF-py3.8/lib/python3.8/site-packages/airflow/example_dags/example_xcom.py
[2024-07-25T07:59:08.485+0000] {processor.py:840} INFO - DAG(s) 'example_xcom' retrieved from /root/.cache/pypoetry/virtualenvs/freeprise-matchmaker-BsnH11MF-py3.8/lib/python3.8/site-packages/airflow/example_dags/example_xcom.py
[2024-07-25T07:59:08.530+0000] {logging_mixin.py:188} INFO - [2024-07-25T07:59:08.530+0000] {dag.py:3089} INFO - Sync 1 DAGs
[2024-07-25T07:59:08.573+0000] {logging_mixin.py:188} INFO - [2024-07-25T07:59:08.572+0000] {dag.py:3947} INFO - Setting next_dagrun for example_xcom to 2021-01-01 00:00:00+00:00, run_after=2021-01-01 00:00:00+00:00
[2024-07-25T07:59:08.611+0000] {processor.py:183} INFO - Processing /root/.cache/pypoetry/virtualenvs/freeprise-matchmaker-BsnH11MF-py3.8/lib/python3.8/site-packages/airflow/example_dags/example_xcom.py took 0.162 seconds
[2024-07-25T07:59:38.875+0000] {processor.py:161} INFO - Started process (PID=5007) to work on /root/.cache/pypoetry/virtualenvs/freeprise-matchmaker-BsnH11MF-py3.8/lib/python3.8/site-packages/airflow/example_dags/example_xcom.py
[2024-07-25T07:59:38.876+0000] {processor.py:830} INFO - Processing file /root/.cache/pypoetry/virtualenvs/freeprise-matchmaker-BsnH11MF-py3.8/lib/python3.8/site-packages/airflow/example_dags/example_xcom.py for tasks to queue
[2024-07-25T07:59:38.880+0000] {logging_mixin.py:188} INFO - [2024-07-25T07:59:38.879+0000] {dagbag.py:545} INFO - Filling up the DagBag from /root/.cache/pypoetry/virtualenvs/freeprise-matchmaker-BsnH11MF-py3.8/lib/python3.8/site-packages/airflow/example_dags/example_xcom.py
[2024-07-25T07:59:38.897+0000] {processor.py:840} INFO - DAG(s) 'example_xcom' retrieved from /root/.cache/pypoetry/virtualenvs/freeprise-matchmaker-BsnH11MF-py3.8/lib/python3.8/site-packages/airflow/example_dags/example_xcom.py
[2024-07-25T07:59:38.957+0000] {logging_mixin.py:188} INFO - [2024-07-25T07:59:38.956+0000] {dag.py:3089} INFO - Sync 1 DAGs
[2024-07-25T07:59:39.009+0000] {logging_mixin.py:188} INFO - [2024-07-25T07:59:39.009+0000] {dag.py:3947} INFO - Setting next_dagrun for example_xcom to 2021-01-01 00:00:00+00:00, run_after=2021-01-01 00:00:00+00:00
[2024-07-25T07:59:39.052+0000] {processor.py:183} INFO - Processing /root/.cache/pypoetry/virtualenvs/freeprise-matchmaker-BsnH11MF-py3.8/lib/python3.8/site-packages/airflow/example_dags/example_xcom.py took 0.192 seconds
[2024-07-25T08:00:09.623+0000] {processor.py:161} INFO - Started process (PID=5273) to work on /root/.cache/pypoetry/virtualenvs/freeprise-matchmaker-BsnH11MF-py3.8/lib/python3.8/site-packages/airflow/example_dags/example_xcom.py
[2024-07-25T08:00:09.625+0000] {processor.py:830} INFO - Processing file /root/.cache/pypoetry/virtualenvs/freeprise-matchmaker-BsnH11MF-py3.8/lib/python3.8/site-packages/airflow/example_dags/example_xcom.py for tasks to queue
[2024-07-25T08:00:09.628+0000] {logging_mixin.py:188} INFO - [2024-07-25T08:00:09.627+0000] {dagbag.py:545} INFO - Filling up the DagBag from /root/.cache/pypoetry/virtualenvs/freeprise-matchmaker-BsnH11MF-py3.8/lib/python3.8/site-packages/airflow/example_dags/example_xcom.py
[2024-07-25T08:00:09.641+0000] {processor.py:840} INFO - DAG(s) 'example_xcom' retrieved from /root/.cache/pypoetry/virtualenvs/freeprise-matchmaker-BsnH11MF-py3.8/lib/python3.8/site-packages/airflow/example_dags/example_xcom.py
[2024-07-25T08:00:09.693+0000] {logging_mixin.py:188} INFO - [2024-07-25T08:00:09.693+0000] {dag.py:3089} INFO - Sync 1 DAGs
[2024-07-25T08:00:09.734+0000] {logging_mixin.py:188} INFO - [2024-07-25T08:00:09.733+0000] {dag.py:3947} INFO - Setting next_dagrun for example_xcom to 2021-01-01 00:00:00+00:00, run_after=2021-01-01 00:00:00+00:00
[2024-07-25T08:00:09.764+0000] {processor.py:183} INFO - Processing /root/.cache/pypoetry/virtualenvs/freeprise-matchmaker-BsnH11MF-py3.8/lib/python3.8/site-packages/airflow/example_dags/example_xcom.py took 0.154 seconds
[2024-07-25T08:00:40.765+0000] {processor.py:161} INFO - Started process (PID=5539) to work on /root/.cache/pypoetry/virtualenvs/freeprise-matchmaker-BsnH11MF-py3.8/lib/python3.8/site-packages/airflow/example_dags/example_xcom.py
[2024-07-25T08:00:40.771+0000] {processor.py:830} INFO - Processing file /root/.cache/pypoetry/virtualenvs/freeprise-matchmaker-BsnH11MF-py3.8/lib/python3.8/site-packages/airflow/example_dags/example_xcom.py for tasks to queue
[2024-07-25T08:00:40.779+0000] {logging_mixin.py:188} INFO - [2024-07-25T08:00:40.777+0000] {dagbag.py:545} INFO - Filling up the DagBag from /root/.cache/pypoetry/virtualenvs/freeprise-matchmaker-BsnH11MF-py3.8/lib/python3.8/site-packages/airflow/example_dags/example_xcom.py
[2024-07-25T08:00:40.825+0000] {processor.py:840} INFO - DAG(s) 'example_xcom' retrieved from /root/.cache/pypoetry/virtualenvs/freeprise-matchmaker-BsnH11MF-py3.8/lib/python3.8/site-packages/airflow/example_dags/example_xcom.py
[2024-07-25T08:00:40.956+0000] {logging_mixin.py:188} INFO - [2024-07-25T08:00:40.955+0000] {dag.py:3089} INFO - Sync 1 DAGs
[2024-07-25T08:00:41.070+0000] {logging_mixin.py:188} INFO - [2024-07-25T08:00:41.069+0000] {dag.py:3947} INFO - Setting next_dagrun for example_xcom to 2021-01-01 00:00:00+00:00, run_after=2021-01-01 00:00:00+00:00
[2024-07-25T08:00:41.161+0000] {processor.py:183} INFO - Processing /root/.cache/pypoetry/virtualenvs/freeprise-matchmaker-BsnH11MF-py3.8/lib/python3.8/site-packages/airflow/example_dags/example_xcom.py took 0.434 seconds
[2024-07-25T08:01:11.981+0000] {processor.py:161} INFO - Started process (PID=5805) to work on /root/.cache/pypoetry/virtualenvs/freeprise-matchmaker-BsnH11MF-py3.8/lib/python3.8/site-packages/airflow/example_dags/example_xcom.py
[2024-07-25T08:01:11.983+0000] {processor.py:830} INFO - Processing file /root/.cache/pypoetry/virtualenvs/freeprise-matchmaker-BsnH11MF-py3.8/lib/python3.8/site-packages/airflow/example_dags/example_xcom.py for tasks to queue
[2024-07-25T08:01:11.986+0000] {logging_mixin.py:188} INFO - [2024-07-25T08:01:11.985+0000] {dagbag.py:545} INFO - Filling up the DagBag from /root/.cache/pypoetry/virtualenvs/freeprise-matchmaker-BsnH11MF-py3.8/lib/python3.8/site-packages/airflow/example_dags/example_xcom.py
[2024-07-25T08:01:12.000+0000] {processor.py:840} INFO - DAG(s) 'example_xcom' retrieved from /root/.cache/pypoetry/virtualenvs/freeprise-matchmaker-BsnH11MF-py3.8/lib/python3.8/site-packages/airflow/example_dags/example_xcom.py
[2024-07-25T08:01:12.055+0000] {logging_mixin.py:188} INFO - [2024-07-25T08:01:12.054+0000] {dag.py:3089} INFO - Sync 1 DAGs
[2024-07-25T08:01:12.103+0000] {logging_mixin.py:188} INFO - [2024-07-25T08:01:12.103+0000] {dag.py:3947} INFO - Setting next_dagrun for example_xcom to 2021-01-01 00:00:00+00:00, run_after=2021-01-01 00:00:00+00:00
[2024-07-25T08:01:12.137+0000] {processor.py:183} INFO - Processing /root/.cache/pypoetry/virtualenvs/freeprise-matchmaker-BsnH11MF-py3.8/lib/python3.8/site-packages/airflow/example_dags/example_xcom.py took 0.167 seconds
