[2024-07-25T07:50:31.542+0000] {processor.py:161} INFO - Started process (PID=367) to work on /root/.cache/pypoetry/virtualenvs/freeprise-matchmaker-BsnH11MF-py3.8/lib/python3.8/site-packages/airflow/example_dags/example_datasets.py
[2024-07-25T07:50:31.544+0000] {processor.py:830} INFO - Processing file /root/.cache/pypoetry/virtualenvs/freeprise-matchmaker-BsnH11MF-py3.8/lib/python3.8/site-packages/airflow/example_dags/example_datasets.py for tasks to queue
[2024-07-25T07:50:31.548+0000] {logging_mixin.py:188} INFO - [2024-07-25T07:50:31.547+0000] {dagbag.py:545} INFO - Filling up the DagBag from /root/.cache/pypoetry/virtualenvs/freeprise-matchmaker-BsnH11MF-py3.8/lib/python3.8/site-packages/airflow/example_dags/example_datasets.py
[2024-07-25T07:50:31.572+0000] {processor.py:840} INFO - DAG(s) 'conditional_dataset_and_time_based_timetable', 'consume_1_or_2_with_dataset_expressions', 'dataset_consumes_1_never_scheduled', 'dataset_consumes_1_and_2', 'dataset_consumes_1', 'dataset_consumes_unknown_never_scheduled', 'dataset_produces_1', 'consume_1_or_both_2_and_3_with_dataset_expressions', 'consume_1_and_2_with_dataset_expressions', 'dataset_produces_2' retrieved from /root/.cache/pypoetry/virtualenvs/freeprise-matchmaker-BsnH11MF-py3.8/lib/python3.8/site-packages/airflow/example_dags/example_datasets.py
[2024-07-25T07:50:31.609+0000] {logging_mixin.py:188} INFO - [2024-07-25T07:50:31.608+0000] {dag.py:3089} INFO - Sync 10 DAGs
[2024-07-25T07:50:31.655+0000] {logging_mixin.py:188} INFO - [2024-07-25T07:50:31.655+0000] {dag.py:3947} INFO - Setting next_dagrun for conditional_dataset_and_time_based_timetable to 2024-07-24 01:00:00+00:00, run_after=2024-07-24 01:00:00+00:00
[2024-07-25T07:50:31.661+0000] {logging_mixin.py:188} INFO - [2024-07-25T07:50:31.660+0000] {dag.py:3947} INFO - Setting next_dagrun for consume_1_and_2_with_dataset_expressions to None, run_after=None
[2024-07-25T07:50:31.663+0000] {logging_mixin.py:188} INFO - [2024-07-25T07:50:31.663+0000] {dag.py:3947} INFO - Setting next_dagrun for consume_1_or_2_with_dataset_expressions to None, run_after=None
[2024-07-25T07:50:31.665+0000] {logging_mixin.py:188} INFO - [2024-07-25T07:50:31.665+0000] {dag.py:3947} INFO - Setting next_dagrun for consume_1_or_both_2_and_3_with_dataset_expressions to None, run_after=None
[2024-07-25T07:50:31.667+0000] {logging_mixin.py:188} INFO - [2024-07-25T07:50:31.667+0000] {dag.py:3947} INFO - Setting next_dagrun for dataset_consumes_1 to None, run_after=None
[2024-07-25T07:50:31.669+0000] {logging_mixin.py:188} INFO - [2024-07-25T07:50:31.668+0000] {dag.py:3947} INFO - Setting next_dagrun for dataset_consumes_1_and_2 to None, run_after=None
[2024-07-25T07:50:31.670+0000] {logging_mixin.py:188} INFO - [2024-07-25T07:50:31.670+0000] {dag.py:3947} INFO - Setting next_dagrun for dataset_consumes_1_never_scheduled to None, run_after=None
[2024-07-25T07:50:31.672+0000] {logging_mixin.py:188} INFO - [2024-07-25T07:50:31.672+0000] {dag.py:3947} INFO - Setting next_dagrun for dataset_consumes_unknown_never_scheduled to None, run_after=None
[2024-07-25T07:50:31.676+0000] {logging_mixin.py:188} INFO - [2024-07-25T07:50:31.676+0000] {dag.py:3947} INFO - Setting next_dagrun for dataset_produces_1 to 2024-07-24 00:00:00+00:00, run_after=2024-07-25 00:00:00+00:00
[2024-07-25T07:50:31.678+0000] {logging_mixin.py:188} INFO - [2024-07-25T07:50:31.678+0000] {dag.py:3947} INFO - Setting next_dagrun for dataset_produces_2 to None, run_after=None
[2024-07-25T07:50:31.729+0000] {processor.py:183} INFO - Processing /root/.cache/pypoetry/virtualenvs/freeprise-matchmaker-BsnH11MF-py3.8/lib/python3.8/site-packages/airflow/example_dags/example_datasets.py took 0.203 seconds
[2024-07-25T07:51:07.680+0000] {processor.py:161} INFO - Started process (PID=633) to work on /root/.cache/pypoetry/virtualenvs/freeprise-matchmaker-BsnH11MF-py3.8/lib/python3.8/site-packages/airflow/example_dags/example_datasets.py
[2024-07-25T07:51:07.683+0000] {processor.py:830} INFO - Processing file /root/.cache/pypoetry/virtualenvs/freeprise-matchmaker-BsnH11MF-py3.8/lib/python3.8/site-packages/airflow/example_dags/example_datasets.py for tasks to queue
[2024-07-25T07:51:07.686+0000] {logging_mixin.py:188} INFO - [2024-07-25T07:51:07.685+0000] {dagbag.py:545} INFO - Filling up the DagBag from /root/.cache/pypoetry/virtualenvs/freeprise-matchmaker-BsnH11MF-py3.8/lib/python3.8/site-packages/airflow/example_dags/example_datasets.py
[2024-07-25T07:51:07.712+0000] {processor.py:840} INFO - DAG(s) 'dataset_produces_2', 'consume_1_or_both_2_and_3_with_dataset_expressions', 'dataset_consumes_1_never_scheduled', 'dataset_consumes_1_and_2', 'consume_1_or_2_with_dataset_expressions', 'conditional_dataset_and_time_based_timetable', 'consume_1_and_2_with_dataset_expressions', 'dataset_produces_1', 'dataset_consumes_unknown_never_scheduled', 'dataset_consumes_1' retrieved from /root/.cache/pypoetry/virtualenvs/freeprise-matchmaker-BsnH11MF-py3.8/lib/python3.8/site-packages/airflow/example_dags/example_datasets.py
[2024-07-25T07:51:08.253+0000] {logging_mixin.py:188} INFO - [2024-07-25T07:51:08.253+0000] {dag.py:3089} INFO - Sync 10 DAGs
[2024-07-25T07:51:08.289+0000] {logging_mixin.py:188} INFO - [2024-07-25T07:51:08.288+0000] {dag.py:3947} INFO - Setting next_dagrun for conditional_dataset_and_time_based_timetable to 2024-07-24 01:00:00+00:00, run_after=2024-07-24 01:00:00+00:00
[2024-07-25T07:51:08.294+0000] {logging_mixin.py:188} INFO - [2024-07-25T07:51:08.293+0000] {dag.py:3947} INFO - Setting next_dagrun for consume_1_and_2_with_dataset_expressions to None, run_after=None
[2024-07-25T07:51:08.296+0000] {logging_mixin.py:188} INFO - [2024-07-25T07:51:08.296+0000] {dag.py:3947} INFO - Setting next_dagrun for consume_1_or_2_with_dataset_expressions to None, run_after=None
[2024-07-25T07:51:08.298+0000] {logging_mixin.py:188} INFO - [2024-07-25T07:51:08.297+0000] {dag.py:3947} INFO - Setting next_dagrun for consume_1_or_both_2_and_3_with_dataset_expressions to None, run_after=None
[2024-07-25T07:51:08.300+0000] {logging_mixin.py:188} INFO - [2024-07-25T07:51:08.299+0000] {dag.py:3947} INFO - Setting next_dagrun for dataset_consumes_1 to None, run_after=None
[2024-07-25T07:51:08.302+0000] {logging_mixin.py:188} INFO - [2024-07-25T07:51:08.301+0000] {dag.py:3947} INFO - Setting next_dagrun for dataset_consumes_1_and_2 to None, run_after=None
[2024-07-25T07:51:08.303+0000] {logging_mixin.py:188} INFO - [2024-07-25T07:51:08.303+0000] {dag.py:3947} INFO - Setting next_dagrun for dataset_consumes_1_never_scheduled to None, run_after=None
[2024-07-25T07:51:08.305+0000] {logging_mixin.py:188} INFO - [2024-07-25T07:51:08.305+0000] {dag.py:3947} INFO - Setting next_dagrun for dataset_consumes_unknown_never_scheduled to None, run_after=None
[2024-07-25T07:51:08.310+0000] {logging_mixin.py:188} INFO - [2024-07-25T07:51:08.309+0000] {dag.py:3947} INFO - Setting next_dagrun for dataset_produces_1 to 2024-07-24 00:00:00+00:00, run_after=2024-07-25 00:00:00+00:00
[2024-07-25T07:51:08.311+0000] {logging_mixin.py:188} INFO - [2024-07-25T07:51:08.311+0000] {dag.py:3947} INFO - Setting next_dagrun for dataset_produces_2 to None, run_after=None
[2024-07-25T07:51:08.369+0000] {processor.py:183} INFO - Processing /root/.cache/pypoetry/virtualenvs/freeprise-matchmaker-BsnH11MF-py3.8/lib/python3.8/site-packages/airflow/example_dags/example_datasets.py took 0.703 seconds
[2024-07-25T07:51:38.569+0000] {processor.py:161} INFO - Started process (PID=899) to work on /root/.cache/pypoetry/virtualenvs/freeprise-matchmaker-BsnH11MF-py3.8/lib/python3.8/site-packages/airflow/example_dags/example_datasets.py
[2024-07-25T07:51:38.570+0000] {processor.py:830} INFO - Processing file /root/.cache/pypoetry/virtualenvs/freeprise-matchmaker-BsnH11MF-py3.8/lib/python3.8/site-packages/airflow/example_dags/example_datasets.py for tasks to queue
[2024-07-25T07:51:38.573+0000] {logging_mixin.py:188} INFO - [2024-07-25T07:51:38.572+0000] {dagbag.py:545} INFO - Filling up the DagBag from /root/.cache/pypoetry/virtualenvs/freeprise-matchmaker-BsnH11MF-py3.8/lib/python3.8/site-packages/airflow/example_dags/example_datasets.py
[2024-07-25T07:51:38.602+0000] {processor.py:840} INFO - DAG(s) 'dataset_produces_2', 'consume_1_or_2_with_dataset_expressions', 'consume_1_and_2_with_dataset_expressions', 'dataset_consumes_1_never_scheduled', 'dataset_consumes_1', 'consume_1_or_both_2_and_3_with_dataset_expressions', 'dataset_consumes_unknown_never_scheduled', 'conditional_dataset_and_time_based_timetable', 'dataset_consumes_1_and_2', 'dataset_produces_1' retrieved from /root/.cache/pypoetry/virtualenvs/freeprise-matchmaker-BsnH11MF-py3.8/lib/python3.8/site-packages/airflow/example_dags/example_datasets.py
[2024-07-25T07:51:38.722+0000] {logging_mixin.py:188} INFO - [2024-07-25T07:51:38.722+0000] {dag.py:3089} INFO - Sync 10 DAGs
[2024-07-25T07:51:38.784+0000] {logging_mixin.py:188} INFO - [2024-07-25T07:51:38.783+0000] {dag.py:3947} INFO - Setting next_dagrun for conditional_dataset_and_time_based_timetable to 2024-07-24 01:00:00+00:00, run_after=2024-07-24 01:00:00+00:00
[2024-07-25T07:51:38.792+0000] {logging_mixin.py:188} INFO - [2024-07-25T07:51:38.791+0000] {dag.py:3947} INFO - Setting next_dagrun for consume_1_and_2_with_dataset_expressions to None, run_after=None
[2024-07-25T07:51:38.794+0000] {logging_mixin.py:188} INFO - [2024-07-25T07:51:38.794+0000] {dag.py:3947} INFO - Setting next_dagrun for consume_1_or_2_with_dataset_expressions to None, run_after=None
[2024-07-25T07:51:38.797+0000] {logging_mixin.py:188} INFO - [2024-07-25T07:51:38.797+0000] {dag.py:3947} INFO - Setting next_dagrun for consume_1_or_both_2_and_3_with_dataset_expressions to None, run_after=None
[2024-07-25T07:51:38.799+0000] {logging_mixin.py:188} INFO - [2024-07-25T07:51:38.799+0000] {dag.py:3947} INFO - Setting next_dagrun for dataset_consumes_1 to None, run_after=None
[2024-07-25T07:51:38.801+0000] {logging_mixin.py:188} INFO - [2024-07-25T07:51:38.801+0000] {dag.py:3947} INFO - Setting next_dagrun for dataset_consumes_1_and_2 to None, run_after=None
[2024-07-25T07:51:38.804+0000] {logging_mixin.py:188} INFO - [2024-07-25T07:51:38.803+0000] {dag.py:3947} INFO - Setting next_dagrun for dataset_consumes_1_never_scheduled to None, run_after=None
[2024-07-25T07:51:38.806+0000] {logging_mixin.py:188} INFO - [2024-07-25T07:51:38.806+0000] {dag.py:3947} INFO - Setting next_dagrun for dataset_consumes_unknown_never_scheduled to None, run_after=None
[2024-07-25T07:51:38.812+0000] {logging_mixin.py:188} INFO - [2024-07-25T07:51:38.811+0000] {dag.py:3947} INFO - Setting next_dagrun for dataset_produces_1 to 2024-07-24 00:00:00+00:00, run_after=2024-07-25 00:00:00+00:00
[2024-07-25T07:51:38.814+0000] {logging_mixin.py:188} INFO - [2024-07-25T07:51:38.814+0000] {dag.py:3947} INFO - Setting next_dagrun for dataset_produces_2 to None, run_after=None
[2024-07-25T07:51:38.871+0000] {processor.py:183} INFO - Processing /root/.cache/pypoetry/virtualenvs/freeprise-matchmaker-BsnH11MF-py3.8/lib/python3.8/site-packages/airflow/example_dags/example_datasets.py took 0.316 seconds
[2024-07-25T07:52:09.124+0000] {processor.py:161} INFO - Started process (PID=1165) to work on /root/.cache/pypoetry/virtualenvs/freeprise-matchmaker-BsnH11MF-py3.8/lib/python3.8/site-packages/airflow/example_dags/example_datasets.py
[2024-07-25T07:52:09.127+0000] {processor.py:830} INFO - Processing file /root/.cache/pypoetry/virtualenvs/freeprise-matchmaker-BsnH11MF-py3.8/lib/python3.8/site-packages/airflow/example_dags/example_datasets.py for tasks to queue
[2024-07-25T07:52:09.129+0000] {logging_mixin.py:188} INFO - [2024-07-25T07:52:09.129+0000] {dagbag.py:545} INFO - Filling up the DagBag from /root/.cache/pypoetry/virtualenvs/freeprise-matchmaker-BsnH11MF-py3.8/lib/python3.8/site-packages/airflow/example_dags/example_datasets.py
[2024-07-25T07:52:09.150+0000] {processor.py:840} INFO - DAG(s) 'consume_1_or_both_2_and_3_with_dataset_expressions', 'dataset_consumes_unknown_never_scheduled', 'dataset_produces_1', 'dataset_consumes_1_never_scheduled', 'consume_1_and_2_with_dataset_expressions', 'dataset_consumes_1_and_2', 'dataset_produces_2', 'consume_1_or_2_with_dataset_expressions', 'dataset_consumes_1', 'conditional_dataset_and_time_based_timetable' retrieved from /root/.cache/pypoetry/virtualenvs/freeprise-matchmaker-BsnH11MF-py3.8/lib/python3.8/site-packages/airflow/example_dags/example_datasets.py
[2024-07-25T07:52:09.251+0000] {logging_mixin.py:188} INFO - [2024-07-25T07:52:09.251+0000] {dag.py:3089} INFO - Sync 10 DAGs
[2024-07-25T07:52:09.307+0000] {logging_mixin.py:188} INFO - [2024-07-25T07:52:09.306+0000] {dag.py:3947} INFO - Setting next_dagrun for conditional_dataset_and_time_based_timetable to 2024-07-24 01:00:00+00:00, run_after=2024-07-24 01:00:00+00:00
[2024-07-25T07:52:09.312+0000] {logging_mixin.py:188} INFO - [2024-07-25T07:52:09.312+0000] {dag.py:3947} INFO - Setting next_dagrun for consume_1_and_2_with_dataset_expressions to None, run_after=None
[2024-07-25T07:52:09.314+0000] {logging_mixin.py:188} INFO - [2024-07-25T07:52:09.314+0000] {dag.py:3947} INFO - Setting next_dagrun for consume_1_or_2_with_dataset_expressions to None, run_after=None
[2024-07-25T07:52:09.317+0000] {logging_mixin.py:188} INFO - [2024-07-25T07:52:09.316+0000] {dag.py:3947} INFO - Setting next_dagrun for consume_1_or_both_2_and_3_with_dataset_expressions to None, run_after=None
[2024-07-25T07:52:09.319+0000] {logging_mixin.py:188} INFO - [2024-07-25T07:52:09.318+0000] {dag.py:3947} INFO - Setting next_dagrun for dataset_consumes_1 to None, run_after=None
[2024-07-25T07:52:09.320+0000] {logging_mixin.py:188} INFO - [2024-07-25T07:52:09.320+0000] {dag.py:3947} INFO - Setting next_dagrun for dataset_consumes_1_and_2 to None, run_after=None
[2024-07-25T07:52:09.322+0000] {logging_mixin.py:188} INFO - [2024-07-25T07:52:09.322+0000] {dag.py:3947} INFO - Setting next_dagrun for dataset_consumes_1_never_scheduled to None, run_after=None
[2024-07-25T07:52:09.324+0000] {logging_mixin.py:188} INFO - [2024-07-25T07:52:09.324+0000] {dag.py:3947} INFO - Setting next_dagrun for dataset_consumes_unknown_never_scheduled to None, run_after=None
[2024-07-25T07:52:09.328+0000] {logging_mixin.py:188} INFO - [2024-07-25T07:52:09.328+0000] {dag.py:3947} INFO - Setting next_dagrun for dataset_produces_1 to 2024-07-24 00:00:00+00:00, run_after=2024-07-25 00:00:00+00:00
[2024-07-25T07:52:09.330+0000] {logging_mixin.py:188} INFO - [2024-07-25T07:52:09.330+0000] {dag.py:3947} INFO - Setting next_dagrun for dataset_produces_2 to None, run_after=None
[2024-07-25T07:52:09.383+0000] {processor.py:183} INFO - Processing /root/.cache/pypoetry/virtualenvs/freeprise-matchmaker-BsnH11MF-py3.8/lib/python3.8/site-packages/airflow/example_dags/example_datasets.py took 0.275 seconds
[2024-07-25T07:52:39.547+0000] {processor.py:161} INFO - Started process (PID=1433) to work on /root/.cache/pypoetry/virtualenvs/freeprise-matchmaker-BsnH11MF-py3.8/lib/python3.8/site-packages/airflow/example_dags/example_datasets.py
[2024-07-25T07:52:39.549+0000] {processor.py:830} INFO - Processing file /root/.cache/pypoetry/virtualenvs/freeprise-matchmaker-BsnH11MF-py3.8/lib/python3.8/site-packages/airflow/example_dags/example_datasets.py for tasks to queue
[2024-07-25T07:52:39.553+0000] {logging_mixin.py:188} INFO - [2024-07-25T07:52:39.552+0000] {dagbag.py:545} INFO - Filling up the DagBag from /root/.cache/pypoetry/virtualenvs/freeprise-matchmaker-BsnH11MF-py3.8/lib/python3.8/site-packages/airflow/example_dags/example_datasets.py
[2024-07-25T07:52:39.574+0000] {processor.py:840} INFO - DAG(s) 'conditional_dataset_and_time_based_timetable', 'dataset_consumes_unknown_never_scheduled', 'dataset_consumes_1_never_scheduled', 'consume_1_and_2_with_dataset_expressions', 'dataset_produces_1', 'dataset_consumes_1', 'consume_1_or_both_2_and_3_with_dataset_expressions', 'consume_1_or_2_with_dataset_expressions', 'dataset_consumes_1_and_2', 'dataset_produces_2' retrieved from /root/.cache/pypoetry/virtualenvs/freeprise-matchmaker-BsnH11MF-py3.8/lib/python3.8/site-packages/airflow/example_dags/example_datasets.py
[2024-07-25T07:52:39.673+0000] {logging_mixin.py:188} INFO - [2024-07-25T07:52:39.673+0000] {dag.py:3089} INFO - Sync 10 DAGs
[2024-07-25T07:52:39.721+0000] {logging_mixin.py:188} INFO - [2024-07-25T07:52:39.721+0000] {dag.py:3947} INFO - Setting next_dagrun for conditional_dataset_and_time_based_timetable to 2024-07-24 01:00:00+00:00, run_after=2024-07-24 01:00:00+00:00
[2024-07-25T07:52:39.727+0000] {logging_mixin.py:188} INFO - [2024-07-25T07:52:39.727+0000] {dag.py:3947} INFO - Setting next_dagrun for consume_1_and_2_with_dataset_expressions to None, run_after=None
[2024-07-25T07:52:39.730+0000] {logging_mixin.py:188} INFO - [2024-07-25T07:52:39.729+0000] {dag.py:3947} INFO - Setting next_dagrun for consume_1_or_2_with_dataset_expressions to None, run_after=None
[2024-07-25T07:52:39.732+0000] {logging_mixin.py:188} INFO - [2024-07-25T07:52:39.731+0000] {dag.py:3947} INFO - Setting next_dagrun for consume_1_or_both_2_and_3_with_dataset_expressions to None, run_after=None
[2024-07-25T07:52:39.734+0000] {logging_mixin.py:188} INFO - [2024-07-25T07:52:39.733+0000] {dag.py:3947} INFO - Setting next_dagrun for dataset_consumes_1 to None, run_after=None
[2024-07-25T07:52:39.736+0000] {logging_mixin.py:188} INFO - [2024-07-25T07:52:39.736+0000] {dag.py:3947} INFO - Setting next_dagrun for dataset_consumes_1_and_2 to None, run_after=None
[2024-07-25T07:52:39.738+0000] {logging_mixin.py:188} INFO - [2024-07-25T07:52:39.738+0000] {dag.py:3947} INFO - Setting next_dagrun for dataset_consumes_1_never_scheduled to None, run_after=None
[2024-07-25T07:52:39.740+0000] {logging_mixin.py:188} INFO - [2024-07-25T07:52:39.740+0000] {dag.py:3947} INFO - Setting next_dagrun for dataset_consumes_unknown_never_scheduled to None, run_after=None
[2024-07-25T07:52:39.744+0000] {logging_mixin.py:188} INFO - [2024-07-25T07:52:39.744+0000] {dag.py:3947} INFO - Setting next_dagrun for dataset_produces_1 to 2024-07-24 00:00:00+00:00, run_after=2024-07-25 00:00:00+00:00
[2024-07-25T07:52:39.746+0000] {logging_mixin.py:188} INFO - [2024-07-25T07:52:39.746+0000] {dag.py:3947} INFO - Setting next_dagrun for dataset_produces_2 to None, run_after=None
[2024-07-25T07:52:39.799+0000] {processor.py:183} INFO - Processing /root/.cache/pypoetry/virtualenvs/freeprise-matchmaker-BsnH11MF-py3.8/lib/python3.8/site-packages/airflow/example_dags/example_datasets.py took 0.269 seconds
[2024-07-25T07:53:10.219+0000] {processor.py:161} INFO - Started process (PID=1697) to work on /root/.cache/pypoetry/virtualenvs/freeprise-matchmaker-BsnH11MF-py3.8/lib/python3.8/site-packages/airflow/example_dags/example_datasets.py
[2024-07-25T07:53:10.221+0000] {processor.py:830} INFO - Processing file /root/.cache/pypoetry/virtualenvs/freeprise-matchmaker-BsnH11MF-py3.8/lib/python3.8/site-packages/airflow/example_dags/example_datasets.py for tasks to queue
[2024-07-25T07:53:10.224+0000] {logging_mixin.py:188} INFO - [2024-07-25T07:53:10.224+0000] {dagbag.py:545} INFO - Filling up the DagBag from /root/.cache/pypoetry/virtualenvs/freeprise-matchmaker-BsnH11MF-py3.8/lib/python3.8/site-packages/airflow/example_dags/example_datasets.py
[2024-07-25T07:53:10.254+0000] {processor.py:840} INFO - DAG(s) 'consume_1_and_2_with_dataset_expressions', 'dataset_produces_2', 'dataset_produces_1', 'conditional_dataset_and_time_based_timetable', 'consume_1_or_2_with_dataset_expressions', 'dataset_consumes_1', 'consume_1_or_both_2_and_3_with_dataset_expressions', 'dataset_consumes_unknown_never_scheduled', 'dataset_consumes_1_never_scheduled', 'dataset_consumes_1_and_2' retrieved from /root/.cache/pypoetry/virtualenvs/freeprise-matchmaker-BsnH11MF-py3.8/lib/python3.8/site-packages/airflow/example_dags/example_datasets.py
[2024-07-25T07:53:10.370+0000] {logging_mixin.py:188} INFO - [2024-07-25T07:53:10.369+0000] {dag.py:3089} INFO - Sync 10 DAGs
[2024-07-25T07:53:10.419+0000] {logging_mixin.py:188} INFO - [2024-07-25T07:53:10.419+0000] {dag.py:3947} INFO - Setting next_dagrun for conditional_dataset_and_time_based_timetable to 2024-07-24 01:00:00+00:00, run_after=2024-07-24 01:00:00+00:00
[2024-07-25T07:53:10.425+0000] {logging_mixin.py:188} INFO - [2024-07-25T07:53:10.424+0000] {dag.py:3947} INFO - Setting next_dagrun for consume_1_and_2_with_dataset_expressions to None, run_after=None
[2024-07-25T07:53:10.427+0000] {logging_mixin.py:188} INFO - [2024-07-25T07:53:10.426+0000] {dag.py:3947} INFO - Setting next_dagrun for consume_1_or_2_with_dataset_expressions to None, run_after=None
[2024-07-25T07:53:10.429+0000] {logging_mixin.py:188} INFO - [2024-07-25T07:53:10.428+0000] {dag.py:3947} INFO - Setting next_dagrun for consume_1_or_both_2_and_3_with_dataset_expressions to None, run_after=None
[2024-07-25T07:53:10.430+0000] {logging_mixin.py:188} INFO - [2024-07-25T07:53:10.430+0000] {dag.py:3947} INFO - Setting next_dagrun for dataset_consumes_1 to None, run_after=None
[2024-07-25T07:53:10.432+0000] {logging_mixin.py:188} INFO - [2024-07-25T07:53:10.432+0000] {dag.py:3947} INFO - Setting next_dagrun for dataset_consumes_1_and_2 to None, run_after=None
[2024-07-25T07:53:10.434+0000] {logging_mixin.py:188} INFO - [2024-07-25T07:53:10.433+0000] {dag.py:3947} INFO - Setting next_dagrun for dataset_consumes_1_never_scheduled to None, run_after=None
[2024-07-25T07:53:10.435+0000] {logging_mixin.py:188} INFO - [2024-07-25T07:53:10.435+0000] {dag.py:3947} INFO - Setting next_dagrun for dataset_consumes_unknown_never_scheduled to None, run_after=None
[2024-07-25T07:53:10.439+0000] {logging_mixin.py:188} INFO - [2024-07-25T07:53:10.439+0000] {dag.py:3947} INFO - Setting next_dagrun for dataset_produces_1 to 2024-07-24 00:00:00+00:00, run_after=2024-07-25 00:00:00+00:00
[2024-07-25T07:53:10.441+0000] {logging_mixin.py:188} INFO - [2024-07-25T07:53:10.441+0000] {dag.py:3947} INFO - Setting next_dagrun for dataset_produces_2 to None, run_after=None
[2024-07-25T07:53:10.501+0000] {processor.py:183} INFO - Processing /root/.cache/pypoetry/virtualenvs/freeprise-matchmaker-BsnH11MF-py3.8/lib/python3.8/site-packages/airflow/example_dags/example_datasets.py took 0.297 seconds
[2024-07-25T07:53:40.780+0000] {processor.py:161} INFO - Started process (PID=1963) to work on /root/.cache/pypoetry/virtualenvs/freeprise-matchmaker-BsnH11MF-py3.8/lib/python3.8/site-packages/airflow/example_dags/example_datasets.py
[2024-07-25T07:53:40.782+0000] {processor.py:830} INFO - Processing file /root/.cache/pypoetry/virtualenvs/freeprise-matchmaker-BsnH11MF-py3.8/lib/python3.8/site-packages/airflow/example_dags/example_datasets.py for tasks to queue
[2024-07-25T07:53:40.786+0000] {logging_mixin.py:188} INFO - [2024-07-25T07:53:40.785+0000] {dagbag.py:545} INFO - Filling up the DagBag from /root/.cache/pypoetry/virtualenvs/freeprise-matchmaker-BsnH11MF-py3.8/lib/python3.8/site-packages/airflow/example_dags/example_datasets.py
[2024-07-25T07:53:40.808+0000] {processor.py:840} INFO - DAG(s) 'conditional_dataset_and_time_based_timetable', 'dataset_consumes_1_and_2', 'dataset_produces_2', 'dataset_produces_1', 'consume_1_or_both_2_and_3_with_dataset_expressions', 'dataset_consumes_unknown_never_scheduled', 'dataset_consumes_1_never_scheduled', 'consume_1_and_2_with_dataset_expressions', 'consume_1_or_2_with_dataset_expressions', 'dataset_consumes_1' retrieved from /root/.cache/pypoetry/virtualenvs/freeprise-matchmaker-BsnH11MF-py3.8/lib/python3.8/site-packages/airflow/example_dags/example_datasets.py
[2024-07-25T07:53:40.904+0000] {logging_mixin.py:188} INFO - [2024-07-25T07:53:40.904+0000] {dag.py:3089} INFO - Sync 10 DAGs
[2024-07-25T07:53:40.950+0000] {logging_mixin.py:188} INFO - [2024-07-25T07:53:40.950+0000] {dag.py:3947} INFO - Setting next_dagrun for conditional_dataset_and_time_based_timetable to 2024-07-24 01:00:00+00:00, run_after=2024-07-24 01:00:00+00:00
[2024-07-25T07:53:40.956+0000] {logging_mixin.py:188} INFO - [2024-07-25T07:53:40.956+0000] {dag.py:3947} INFO - Setting next_dagrun for consume_1_and_2_with_dataset_expressions to None, run_after=None
[2024-07-25T07:53:40.958+0000] {logging_mixin.py:188} INFO - [2024-07-25T07:53:40.958+0000] {dag.py:3947} INFO - Setting next_dagrun for consume_1_or_2_with_dataset_expressions to None, run_after=None
[2024-07-25T07:53:40.961+0000] {logging_mixin.py:188} INFO - [2024-07-25T07:53:40.960+0000] {dag.py:3947} INFO - Setting next_dagrun for consume_1_or_both_2_and_3_with_dataset_expressions to None, run_after=None
[2024-07-25T07:53:40.962+0000] {logging_mixin.py:188} INFO - [2024-07-25T07:53:40.962+0000] {dag.py:3947} INFO - Setting next_dagrun for dataset_consumes_1 to None, run_after=None
[2024-07-25T07:53:40.964+0000] {logging_mixin.py:188} INFO - [2024-07-25T07:53:40.964+0000] {dag.py:3947} INFO - Setting next_dagrun for dataset_consumes_1_and_2 to None, run_after=None
[2024-07-25T07:53:40.966+0000] {logging_mixin.py:188} INFO - [2024-07-25T07:53:40.965+0000] {dag.py:3947} INFO - Setting next_dagrun for dataset_consumes_1_never_scheduled to None, run_after=None
[2024-07-25T07:53:40.967+0000] {logging_mixin.py:188} INFO - [2024-07-25T07:53:40.967+0000] {dag.py:3947} INFO - Setting next_dagrun for dataset_consumes_unknown_never_scheduled to None, run_after=None
[2024-07-25T07:53:40.971+0000] {logging_mixin.py:188} INFO - [2024-07-25T07:53:40.971+0000] {dag.py:3947} INFO - Setting next_dagrun for dataset_produces_1 to 2024-07-24 00:00:00+00:00, run_after=2024-07-25 00:00:00+00:00
[2024-07-25T07:53:40.973+0000] {logging_mixin.py:188} INFO - [2024-07-25T07:53:40.973+0000] {dag.py:3947} INFO - Setting next_dagrun for dataset_produces_2 to None, run_after=None
[2024-07-25T07:53:41.026+0000] {processor.py:183} INFO - Processing /root/.cache/pypoetry/virtualenvs/freeprise-matchmaker-BsnH11MF-py3.8/lib/python3.8/site-packages/airflow/example_dags/example_datasets.py took 0.259 seconds
[2024-07-25T07:54:11.205+0000] {processor.py:161} INFO - Started process (PID=2229) to work on /root/.cache/pypoetry/virtualenvs/freeprise-matchmaker-BsnH11MF-py3.8/lib/python3.8/site-packages/airflow/example_dags/example_datasets.py
[2024-07-25T07:54:11.207+0000] {processor.py:830} INFO - Processing file /root/.cache/pypoetry/virtualenvs/freeprise-matchmaker-BsnH11MF-py3.8/lib/python3.8/site-packages/airflow/example_dags/example_datasets.py for tasks to queue
[2024-07-25T07:54:11.210+0000] {logging_mixin.py:188} INFO - [2024-07-25T07:54:11.209+0000] {dagbag.py:545} INFO - Filling up the DagBag from /root/.cache/pypoetry/virtualenvs/freeprise-matchmaker-BsnH11MF-py3.8/lib/python3.8/site-packages/airflow/example_dags/example_datasets.py
[2024-07-25T07:54:11.240+0000] {processor.py:840} INFO - DAG(s) 'consume_1_or_2_with_dataset_expressions', 'dataset_consumes_1_and_2', 'consume_1_and_2_with_dataset_expressions', 'dataset_produces_1', 'dataset_consumes_1_never_scheduled', 'dataset_consumes_1', 'conditional_dataset_and_time_based_timetable', 'dataset_consumes_unknown_never_scheduled', 'consume_1_or_both_2_and_3_with_dataset_expressions', 'dataset_produces_2' retrieved from /root/.cache/pypoetry/virtualenvs/freeprise-matchmaker-BsnH11MF-py3.8/lib/python3.8/site-packages/airflow/example_dags/example_datasets.py
[2024-07-25T07:54:11.365+0000] {logging_mixin.py:188} INFO - [2024-07-25T07:54:11.365+0000] {dag.py:3089} INFO - Sync 10 DAGs
[2024-07-25T07:54:11.417+0000] {logging_mixin.py:188} INFO - [2024-07-25T07:54:11.417+0000] {dag.py:3947} INFO - Setting next_dagrun for conditional_dataset_and_time_based_timetable to 2024-07-24 01:00:00+00:00, run_after=2024-07-24 01:00:00+00:00
[2024-07-25T07:54:11.423+0000] {logging_mixin.py:188} INFO - [2024-07-25T07:54:11.423+0000] {dag.py:3947} INFO - Setting next_dagrun for consume_1_and_2_with_dataset_expressions to None, run_after=None
[2024-07-25T07:54:11.425+0000] {logging_mixin.py:188} INFO - [2024-07-25T07:54:11.425+0000] {dag.py:3947} INFO - Setting next_dagrun for consume_1_or_2_with_dataset_expressions to None, run_after=None
[2024-07-25T07:54:11.427+0000] {logging_mixin.py:188} INFO - [2024-07-25T07:54:11.427+0000] {dag.py:3947} INFO - Setting next_dagrun for consume_1_or_both_2_and_3_with_dataset_expressions to None, run_after=None
[2024-07-25T07:54:11.429+0000] {logging_mixin.py:188} INFO - [2024-07-25T07:54:11.429+0000] {dag.py:3947} INFO - Setting next_dagrun for dataset_consumes_1 to None, run_after=None
[2024-07-25T07:54:11.431+0000] {logging_mixin.py:188} INFO - [2024-07-25T07:54:11.431+0000] {dag.py:3947} INFO - Setting next_dagrun for dataset_consumes_1_and_2 to None, run_after=None
[2024-07-25T07:54:11.433+0000] {logging_mixin.py:188} INFO - [2024-07-25T07:54:11.433+0000] {dag.py:3947} INFO - Setting next_dagrun for dataset_consumes_1_never_scheduled to None, run_after=None
[2024-07-25T07:54:11.435+0000] {logging_mixin.py:188} INFO - [2024-07-25T07:54:11.435+0000] {dag.py:3947} INFO - Setting next_dagrun for dataset_consumes_unknown_never_scheduled to None, run_after=None
[2024-07-25T07:54:11.441+0000] {logging_mixin.py:188} INFO - [2024-07-25T07:54:11.440+0000] {dag.py:3947} INFO - Setting next_dagrun for dataset_produces_1 to 2024-07-24 00:00:00+00:00, run_after=2024-07-25 00:00:00+00:00
[2024-07-25T07:54:11.443+0000] {logging_mixin.py:188} INFO - [2024-07-25T07:54:11.443+0000] {dag.py:3947} INFO - Setting next_dagrun for dataset_produces_2 to None, run_after=None
[2024-07-25T07:54:11.506+0000] {processor.py:183} INFO - Processing /root/.cache/pypoetry/virtualenvs/freeprise-matchmaker-BsnH11MF-py3.8/lib/python3.8/site-packages/airflow/example_dags/example_datasets.py took 0.317 seconds
[2024-07-25T07:54:42.000+0000] {processor.py:161} INFO - Started process (PID=2497) to work on /root/.cache/pypoetry/virtualenvs/freeprise-matchmaker-BsnH11MF-py3.8/lib/python3.8/site-packages/airflow/example_dags/example_datasets.py
[2024-07-25T07:54:42.002+0000] {processor.py:830} INFO - Processing file /root/.cache/pypoetry/virtualenvs/freeprise-matchmaker-BsnH11MF-py3.8/lib/python3.8/site-packages/airflow/example_dags/example_datasets.py for tasks to queue
[2024-07-25T07:54:42.005+0000] {logging_mixin.py:188} INFO - [2024-07-25T07:54:42.004+0000] {dagbag.py:545} INFO - Filling up the DagBag from /root/.cache/pypoetry/virtualenvs/freeprise-matchmaker-BsnH11MF-py3.8/lib/python3.8/site-packages/airflow/example_dags/example_datasets.py
[2024-07-25T07:54:42.026+0000] {processor.py:840} INFO - DAG(s) 'dataset_consumes_1_and_2', 'consume_1_or_2_with_dataset_expressions', 'consume_1_or_both_2_and_3_with_dataset_expressions', 'dataset_consumes_1_never_scheduled', 'dataset_consumes_1', 'dataset_produces_1', 'conditional_dataset_and_time_based_timetable', 'consume_1_and_2_with_dataset_expressions', 'dataset_produces_2', 'dataset_consumes_unknown_never_scheduled' retrieved from /root/.cache/pypoetry/virtualenvs/freeprise-matchmaker-BsnH11MF-py3.8/lib/python3.8/site-packages/airflow/example_dags/example_datasets.py
[2024-07-25T07:54:42.141+0000] {logging_mixin.py:188} INFO - [2024-07-25T07:54:42.141+0000] {dag.py:3089} INFO - Sync 10 DAGs
[2024-07-25T07:54:42.187+0000] {logging_mixin.py:188} INFO - [2024-07-25T07:54:42.187+0000] {dag.py:3947} INFO - Setting next_dagrun for conditional_dataset_and_time_based_timetable to 2024-07-24 01:00:00+00:00, run_after=2024-07-24 01:00:00+00:00
[2024-07-25T07:54:42.194+0000] {logging_mixin.py:188} INFO - [2024-07-25T07:54:42.194+0000] {dag.py:3947} INFO - Setting next_dagrun for consume_1_and_2_with_dataset_expressions to None, run_after=None
[2024-07-25T07:54:42.196+0000] {logging_mixin.py:188} INFO - [2024-07-25T07:54:42.196+0000] {dag.py:3947} INFO - Setting next_dagrun for consume_1_or_2_with_dataset_expressions to None, run_after=None
[2024-07-25T07:54:42.198+0000] {logging_mixin.py:188} INFO - [2024-07-25T07:54:42.198+0000] {dag.py:3947} INFO - Setting next_dagrun for consume_1_or_both_2_and_3_with_dataset_expressions to None, run_after=None
[2024-07-25T07:54:42.200+0000] {logging_mixin.py:188} INFO - [2024-07-25T07:54:42.199+0000] {dag.py:3947} INFO - Setting next_dagrun for dataset_consumes_1 to None, run_after=None
[2024-07-25T07:54:42.201+0000] {logging_mixin.py:188} INFO - [2024-07-25T07:54:42.201+0000] {dag.py:3947} INFO - Setting next_dagrun for dataset_consumes_1_and_2 to None, run_after=None
[2024-07-25T07:54:42.203+0000] {logging_mixin.py:188} INFO - [2024-07-25T07:54:42.203+0000] {dag.py:3947} INFO - Setting next_dagrun for dataset_consumes_1_never_scheduled to None, run_after=None
[2024-07-25T07:54:42.205+0000] {logging_mixin.py:188} INFO - [2024-07-25T07:54:42.205+0000] {dag.py:3947} INFO - Setting next_dagrun for dataset_consumes_unknown_never_scheduled to None, run_after=None
[2024-07-25T07:54:42.209+0000] {logging_mixin.py:188} INFO - [2024-07-25T07:54:42.209+0000] {dag.py:3947} INFO - Setting next_dagrun for dataset_produces_1 to 2024-07-24 00:00:00+00:00, run_after=2024-07-25 00:00:00+00:00
[2024-07-25T07:54:42.211+0000] {logging_mixin.py:188} INFO - [2024-07-25T07:54:42.211+0000] {dag.py:3947} INFO - Setting next_dagrun for dataset_produces_2 to None, run_after=None
[2024-07-25T07:54:42.261+0000] {processor.py:183} INFO - Processing /root/.cache/pypoetry/virtualenvs/freeprise-matchmaker-BsnH11MF-py3.8/lib/python3.8/site-packages/airflow/example_dags/example_datasets.py took 0.273 seconds
[2024-07-25T07:55:12.421+0000] {processor.py:161} INFO - Started process (PID=2768) to work on /root/.cache/pypoetry/virtualenvs/freeprise-matchmaker-BsnH11MF-py3.8/lib/python3.8/site-packages/airflow/example_dags/example_datasets.py
[2024-07-25T07:55:12.422+0000] {processor.py:830} INFO - Processing file /root/.cache/pypoetry/virtualenvs/freeprise-matchmaker-BsnH11MF-py3.8/lib/python3.8/site-packages/airflow/example_dags/example_datasets.py for tasks to queue
[2024-07-25T07:55:12.425+0000] {logging_mixin.py:188} INFO - [2024-07-25T07:55:12.424+0000] {dagbag.py:545} INFO - Filling up the DagBag from /root/.cache/pypoetry/virtualenvs/freeprise-matchmaker-BsnH11MF-py3.8/lib/python3.8/site-packages/airflow/example_dags/example_datasets.py
[2024-07-25T07:55:12.447+0000] {processor.py:840} INFO - DAG(s) 'dataset_produces_2', 'consume_1_or_2_with_dataset_expressions', 'dataset_consumes_1_never_scheduled', 'dataset_consumes_1_and_2', 'dataset_produces_1', 'dataset_consumes_unknown_never_scheduled', 'consume_1_or_both_2_and_3_with_dataset_expressions', 'dataset_consumes_1', 'consume_1_and_2_with_dataset_expressions', 'conditional_dataset_and_time_based_timetable' retrieved from /root/.cache/pypoetry/virtualenvs/freeprise-matchmaker-BsnH11MF-py3.8/lib/python3.8/site-packages/airflow/example_dags/example_datasets.py
[2024-07-25T07:55:12.538+0000] {logging_mixin.py:188} INFO - [2024-07-25T07:55:12.538+0000] {dag.py:3089} INFO - Sync 10 DAGs
[2024-07-25T07:55:12.577+0000] {logging_mixin.py:188} INFO - [2024-07-25T07:55:12.576+0000] {dag.py:3947} INFO - Setting next_dagrun for conditional_dataset_and_time_based_timetable to 2024-07-24 01:00:00+00:00, run_after=2024-07-24 01:00:00+00:00
[2024-07-25T07:55:12.583+0000] {logging_mixin.py:188} INFO - [2024-07-25T07:55:12.583+0000] {dag.py:3947} INFO - Setting next_dagrun for consume_1_and_2_with_dataset_expressions to None, run_after=None
[2024-07-25T07:55:12.585+0000] {logging_mixin.py:188} INFO - [2024-07-25T07:55:12.585+0000] {dag.py:3947} INFO - Setting next_dagrun for consume_1_or_2_with_dataset_expressions to None, run_after=None
[2024-07-25T07:55:12.587+0000] {logging_mixin.py:188} INFO - [2024-07-25T07:55:12.587+0000] {dag.py:3947} INFO - Setting next_dagrun for consume_1_or_both_2_and_3_with_dataset_expressions to None, run_after=None
[2024-07-25T07:55:12.589+0000] {logging_mixin.py:188} INFO - [2024-07-25T07:55:12.589+0000] {dag.py:3947} INFO - Setting next_dagrun for dataset_consumes_1 to None, run_after=None
[2024-07-25T07:55:12.590+0000] {logging_mixin.py:188} INFO - [2024-07-25T07:55:12.590+0000] {dag.py:3947} INFO - Setting next_dagrun for dataset_consumes_1_and_2 to None, run_after=None
[2024-07-25T07:55:12.592+0000] {logging_mixin.py:188} INFO - [2024-07-25T07:55:12.592+0000] {dag.py:3947} INFO - Setting next_dagrun for dataset_consumes_1_never_scheduled to None, run_after=None
[2024-07-25T07:55:12.594+0000] {logging_mixin.py:188} INFO - [2024-07-25T07:55:12.593+0000] {dag.py:3947} INFO - Setting next_dagrun for dataset_consumes_unknown_never_scheduled to None, run_after=None
[2024-07-25T07:55:12.597+0000] {logging_mixin.py:188} INFO - [2024-07-25T07:55:12.597+0000] {dag.py:3947} INFO - Setting next_dagrun for dataset_produces_1 to 2024-07-24 00:00:00+00:00, run_after=2024-07-25 00:00:00+00:00
[2024-07-25T07:55:12.599+0000] {logging_mixin.py:188} INFO - [2024-07-25T07:55:12.599+0000] {dag.py:3947} INFO - Setting next_dagrun for dataset_produces_2 to None, run_after=None
[2024-07-25T07:55:12.648+0000] {processor.py:183} INFO - Processing /root/.cache/pypoetry/virtualenvs/freeprise-matchmaker-BsnH11MF-py3.8/lib/python3.8/site-packages/airflow/example_dags/example_datasets.py took 0.240 seconds
[2024-07-25T07:55:43.509+0000] {processor.py:161} INFO - Started process (PID=3034) to work on /root/.cache/pypoetry/virtualenvs/freeprise-matchmaker-BsnH11MF-py3.8/lib/python3.8/site-packages/airflow/example_dags/example_datasets.py
[2024-07-25T07:55:43.512+0000] {processor.py:830} INFO - Processing file /root/.cache/pypoetry/virtualenvs/freeprise-matchmaker-BsnH11MF-py3.8/lib/python3.8/site-packages/airflow/example_dags/example_datasets.py for tasks to queue
[2024-07-25T07:55:43.514+0000] {logging_mixin.py:188} INFO - [2024-07-25T07:55:43.514+0000] {dagbag.py:545} INFO - Filling up the DagBag from /root/.cache/pypoetry/virtualenvs/freeprise-matchmaker-BsnH11MF-py3.8/lib/python3.8/site-packages/airflow/example_dags/example_datasets.py
[2024-07-25T07:55:43.535+0000] {processor.py:840} INFO - DAG(s) 'consume_1_and_2_with_dataset_expressions', 'dataset_produces_2', 'conditional_dataset_and_time_based_timetable', 'dataset_consumes_1_never_scheduled', 'dataset_produces_1', 'consume_1_or_both_2_and_3_with_dataset_expressions', 'consume_1_or_2_with_dataset_expressions', 'dataset_consumes_unknown_never_scheduled', 'dataset_consumes_1_and_2', 'dataset_consumes_1' retrieved from /root/.cache/pypoetry/virtualenvs/freeprise-matchmaker-BsnH11MF-py3.8/lib/python3.8/site-packages/airflow/example_dags/example_datasets.py
[2024-07-25T07:55:43.624+0000] {logging_mixin.py:188} INFO - [2024-07-25T07:55:43.624+0000] {dag.py:3089} INFO - Sync 10 DAGs
[2024-07-25T07:55:43.664+0000] {logging_mixin.py:188} INFO - [2024-07-25T07:55:43.664+0000] {dag.py:3947} INFO - Setting next_dagrun for conditional_dataset_and_time_based_timetable to 2024-07-24 01:00:00+00:00, run_after=2024-07-24 01:00:00+00:00
[2024-07-25T07:55:43.670+0000] {logging_mixin.py:188} INFO - [2024-07-25T07:55:43.670+0000] {dag.py:3947} INFO - Setting next_dagrun for consume_1_and_2_with_dataset_expressions to None, run_after=None
[2024-07-25T07:55:43.672+0000] {logging_mixin.py:188} INFO - [2024-07-25T07:55:43.672+0000] {dag.py:3947} INFO - Setting next_dagrun for consume_1_or_2_with_dataset_expressions to None, run_after=None
[2024-07-25T07:55:43.674+0000] {logging_mixin.py:188} INFO - [2024-07-25T07:55:43.674+0000] {dag.py:3947} INFO - Setting next_dagrun for consume_1_or_both_2_and_3_with_dataset_expressions to None, run_after=None
[2024-07-25T07:55:43.675+0000] {logging_mixin.py:188} INFO - [2024-07-25T07:55:43.675+0000] {dag.py:3947} INFO - Setting next_dagrun for dataset_consumes_1 to None, run_after=None
[2024-07-25T07:55:43.677+0000] {logging_mixin.py:188} INFO - [2024-07-25T07:55:43.677+0000] {dag.py:3947} INFO - Setting next_dagrun for dataset_consumes_1_and_2 to None, run_after=None
[2024-07-25T07:55:43.679+0000] {logging_mixin.py:188} INFO - [2024-07-25T07:55:43.679+0000] {dag.py:3947} INFO - Setting next_dagrun for dataset_consumes_1_never_scheduled to None, run_after=None
[2024-07-25T07:55:43.681+0000] {logging_mixin.py:188} INFO - [2024-07-25T07:55:43.680+0000] {dag.py:3947} INFO - Setting next_dagrun for dataset_consumes_unknown_never_scheduled to None, run_after=None
[2024-07-25T07:55:43.684+0000] {logging_mixin.py:188} INFO - [2024-07-25T07:55:43.684+0000] {dag.py:3947} INFO - Setting next_dagrun for dataset_produces_1 to 2024-07-24 00:00:00+00:00, run_after=2024-07-25 00:00:00+00:00
[2024-07-25T07:55:43.686+0000] {logging_mixin.py:188} INFO - [2024-07-25T07:55:43.686+0000] {dag.py:3947} INFO - Setting next_dagrun for dataset_produces_2 to None, run_after=None
[2024-07-25T07:55:43.738+0000] {processor.py:183} INFO - Processing /root/.cache/pypoetry/virtualenvs/freeprise-matchmaker-BsnH11MF-py3.8/lib/python3.8/site-packages/airflow/example_dags/example_datasets.py took 0.241 seconds
[2024-07-25T07:56:14.206+0000] {processor.py:161} INFO - Started process (PID=3300) to work on /root/.cache/pypoetry/virtualenvs/freeprise-matchmaker-BsnH11MF-py3.8/lib/python3.8/site-packages/airflow/example_dags/example_datasets.py
[2024-07-25T07:56:14.207+0000] {processor.py:830} INFO - Processing file /root/.cache/pypoetry/virtualenvs/freeprise-matchmaker-BsnH11MF-py3.8/lib/python3.8/site-packages/airflow/example_dags/example_datasets.py for tasks to queue
[2024-07-25T07:56:14.211+0000] {logging_mixin.py:188} INFO - [2024-07-25T07:56:14.210+0000] {dagbag.py:545} INFO - Filling up the DagBag from /root/.cache/pypoetry/virtualenvs/freeprise-matchmaker-BsnH11MF-py3.8/lib/python3.8/site-packages/airflow/example_dags/example_datasets.py
[2024-07-25T07:56:14.242+0000] {processor.py:840} INFO - DAG(s) 'conditional_dataset_and_time_based_timetable', 'dataset_produces_2', 'dataset_consumes_1', 'consume_1_or_both_2_and_3_with_dataset_expressions', 'dataset_consumes_1_and_2', 'dataset_produces_1', 'dataset_consumes_unknown_never_scheduled', 'consume_1_and_2_with_dataset_expressions', 'consume_1_or_2_with_dataset_expressions', 'dataset_consumes_1_never_scheduled' retrieved from /root/.cache/pypoetry/virtualenvs/freeprise-matchmaker-BsnH11MF-py3.8/lib/python3.8/site-packages/airflow/example_dags/example_datasets.py
[2024-07-25T07:56:14.370+0000] {logging_mixin.py:188} INFO - [2024-07-25T07:56:14.369+0000] {dag.py:3089} INFO - Sync 10 DAGs
[2024-07-25T07:56:14.421+0000] {logging_mixin.py:188} INFO - [2024-07-25T07:56:14.421+0000] {dag.py:3947} INFO - Setting next_dagrun for conditional_dataset_and_time_based_timetable to 2024-07-24 01:00:00+00:00, run_after=2024-07-24 01:00:00+00:00
[2024-07-25T07:56:14.427+0000] {logging_mixin.py:188} INFO - [2024-07-25T07:56:14.426+0000] {dag.py:3947} INFO - Setting next_dagrun for consume_1_and_2_with_dataset_expressions to None, run_after=None
[2024-07-25T07:56:14.429+0000] {logging_mixin.py:188} INFO - [2024-07-25T07:56:14.429+0000] {dag.py:3947} INFO - Setting next_dagrun for consume_1_or_2_with_dataset_expressions to None, run_after=None
[2024-07-25T07:56:14.431+0000] {logging_mixin.py:188} INFO - [2024-07-25T07:56:14.431+0000] {dag.py:3947} INFO - Setting next_dagrun for consume_1_or_both_2_and_3_with_dataset_expressions to None, run_after=None
[2024-07-25T07:56:14.433+0000] {logging_mixin.py:188} INFO - [2024-07-25T07:56:14.432+0000] {dag.py:3947} INFO - Setting next_dagrun for dataset_consumes_1 to None, run_after=None
[2024-07-25T07:56:14.435+0000] {logging_mixin.py:188} INFO - [2024-07-25T07:56:14.434+0000] {dag.py:3947} INFO - Setting next_dagrun for dataset_consumes_1_and_2 to None, run_after=None
[2024-07-25T07:56:14.437+0000] {logging_mixin.py:188} INFO - [2024-07-25T07:56:14.436+0000] {dag.py:3947} INFO - Setting next_dagrun for dataset_consumes_1_never_scheduled to None, run_after=None
[2024-07-25T07:56:14.438+0000] {logging_mixin.py:188} INFO - [2024-07-25T07:56:14.438+0000] {dag.py:3947} INFO - Setting next_dagrun for dataset_consumes_unknown_never_scheduled to None, run_after=None
[2024-07-25T07:56:14.442+0000] {logging_mixin.py:188} INFO - [2024-07-25T07:56:14.442+0000] {dag.py:3947} INFO - Setting next_dagrun for dataset_produces_1 to 2024-07-24 00:00:00+00:00, run_after=2024-07-25 00:00:00+00:00
[2024-07-25T07:56:14.444+0000] {logging_mixin.py:188} INFO - [2024-07-25T07:56:14.444+0000] {dag.py:3947} INFO - Setting next_dagrun for dataset_produces_2 to None, run_after=None
[2024-07-25T07:56:14.493+0000] {processor.py:183} INFO - Processing /root/.cache/pypoetry/virtualenvs/freeprise-matchmaker-BsnH11MF-py3.8/lib/python3.8/site-packages/airflow/example_dags/example_datasets.py took 0.304 seconds
[2024-07-25T07:56:45.016+0000] {processor.py:161} INFO - Started process (PID=3566) to work on /root/.cache/pypoetry/virtualenvs/freeprise-matchmaker-BsnH11MF-py3.8/lib/python3.8/site-packages/airflow/example_dags/example_datasets.py
[2024-07-25T07:56:45.019+0000] {processor.py:830} INFO - Processing file /root/.cache/pypoetry/virtualenvs/freeprise-matchmaker-BsnH11MF-py3.8/lib/python3.8/site-packages/airflow/example_dags/example_datasets.py for tasks to queue
[2024-07-25T07:56:45.023+0000] {logging_mixin.py:188} INFO - [2024-07-25T07:56:45.022+0000] {dagbag.py:545} INFO - Filling up the DagBag from /root/.cache/pypoetry/virtualenvs/freeprise-matchmaker-BsnH11MF-py3.8/lib/python3.8/site-packages/airflow/example_dags/example_datasets.py
[2024-07-25T07:56:45.052+0000] {processor.py:840} INFO - DAG(s) 'dataset_produces_1', 'dataset_consumes_1_and_2', 'dataset_consumes_1', 'dataset_produces_2', 'consume_1_and_2_with_dataset_expressions', 'consume_1_or_2_with_dataset_expressions', 'dataset_consumes_1_never_scheduled', 'dataset_consumes_unknown_never_scheduled', 'consume_1_or_both_2_and_3_with_dataset_expressions', 'conditional_dataset_and_time_based_timetable' retrieved from /root/.cache/pypoetry/virtualenvs/freeprise-matchmaker-BsnH11MF-py3.8/lib/python3.8/site-packages/airflow/example_dags/example_datasets.py
[2024-07-25T07:56:45.151+0000] {logging_mixin.py:188} INFO - [2024-07-25T07:56:45.151+0000] {dag.py:3089} INFO - Sync 10 DAGs
[2024-07-25T07:56:45.198+0000] {logging_mixin.py:188} INFO - [2024-07-25T07:56:45.198+0000] {dag.py:3947} INFO - Setting next_dagrun for conditional_dataset_and_time_based_timetable to 2024-07-24 01:00:00+00:00, run_after=2024-07-24 01:00:00+00:00
[2024-07-25T07:56:45.204+0000] {logging_mixin.py:188} INFO - [2024-07-25T07:56:45.204+0000] {dag.py:3947} INFO - Setting next_dagrun for consume_1_and_2_with_dataset_expressions to None, run_after=None
[2024-07-25T07:56:45.206+0000] {logging_mixin.py:188} INFO - [2024-07-25T07:56:45.206+0000] {dag.py:3947} INFO - Setting next_dagrun for consume_1_or_2_with_dataset_expressions to None, run_after=None
[2024-07-25T07:56:45.208+0000] {logging_mixin.py:188} INFO - [2024-07-25T07:56:45.208+0000] {dag.py:3947} INFO - Setting next_dagrun for consume_1_or_both_2_and_3_with_dataset_expressions to None, run_after=None
[2024-07-25T07:56:45.210+0000] {logging_mixin.py:188} INFO - [2024-07-25T07:56:45.209+0000] {dag.py:3947} INFO - Setting next_dagrun for dataset_consumes_1 to None, run_after=None
[2024-07-25T07:56:45.211+0000] {logging_mixin.py:188} INFO - [2024-07-25T07:56:45.211+0000] {dag.py:3947} INFO - Setting next_dagrun for dataset_consumes_1_and_2 to None, run_after=None
[2024-07-25T07:56:45.213+0000] {logging_mixin.py:188} INFO - [2024-07-25T07:56:45.213+0000] {dag.py:3947} INFO - Setting next_dagrun for dataset_consumes_1_never_scheduled to None, run_after=None
[2024-07-25T07:56:45.215+0000] {logging_mixin.py:188} INFO - [2024-07-25T07:56:45.215+0000] {dag.py:3947} INFO - Setting next_dagrun for dataset_consumes_unknown_never_scheduled to None, run_after=None
[2024-07-25T07:56:45.219+0000] {logging_mixin.py:188} INFO - [2024-07-25T07:56:45.218+0000] {dag.py:3947} INFO - Setting next_dagrun for dataset_produces_1 to 2024-07-24 00:00:00+00:00, run_after=2024-07-25 00:00:00+00:00
[2024-07-25T07:56:45.221+0000] {logging_mixin.py:188} INFO - [2024-07-25T07:56:45.220+0000] {dag.py:3947} INFO - Setting next_dagrun for dataset_produces_2 to None, run_after=None
[2024-07-25T07:56:45.271+0000] {processor.py:183} INFO - Processing /root/.cache/pypoetry/virtualenvs/freeprise-matchmaker-BsnH11MF-py3.8/lib/python3.8/site-packages/airflow/example_dags/example_datasets.py took 0.271 seconds
[2024-07-25T07:57:15.428+0000] {processor.py:161} INFO - Started process (PID=3835) to work on /root/.cache/pypoetry/virtualenvs/freeprise-matchmaker-BsnH11MF-py3.8/lib/python3.8/site-packages/airflow/example_dags/example_datasets.py
[2024-07-25T07:57:15.429+0000] {processor.py:830} INFO - Processing file /root/.cache/pypoetry/virtualenvs/freeprise-matchmaker-BsnH11MF-py3.8/lib/python3.8/site-packages/airflow/example_dags/example_datasets.py for tasks to queue
[2024-07-25T07:57:15.432+0000] {logging_mixin.py:188} INFO - [2024-07-25T07:57:15.431+0000] {dagbag.py:545} INFO - Filling up the DagBag from /root/.cache/pypoetry/virtualenvs/freeprise-matchmaker-BsnH11MF-py3.8/lib/python3.8/site-packages/airflow/example_dags/example_datasets.py
[2024-07-25T07:57:15.453+0000] {processor.py:840} INFO - DAG(s) 'consume_1_or_2_with_dataset_expressions', 'dataset_produces_2', 'consume_1_or_both_2_and_3_with_dataset_expressions', 'dataset_consumes_unknown_never_scheduled', 'dataset_consumes_1_never_scheduled', 'conditional_dataset_and_time_based_timetable', 'dataset_produces_1', 'dataset_consumes_1_and_2', 'dataset_consumes_1', 'consume_1_and_2_with_dataset_expressions' retrieved from /root/.cache/pypoetry/virtualenvs/freeprise-matchmaker-BsnH11MF-py3.8/lib/python3.8/site-packages/airflow/example_dags/example_datasets.py
[2024-07-25T07:57:15.544+0000] {logging_mixin.py:188} INFO - [2024-07-25T07:57:15.543+0000] {dag.py:3089} INFO - Sync 10 DAGs
[2024-07-25T07:57:15.584+0000] {logging_mixin.py:188} INFO - [2024-07-25T07:57:15.584+0000] {dag.py:3947} INFO - Setting next_dagrun for conditional_dataset_and_time_based_timetable to 2024-07-24 01:00:00+00:00, run_after=2024-07-24 01:00:00+00:00
[2024-07-25T07:57:15.590+0000] {logging_mixin.py:188} INFO - [2024-07-25T07:57:15.589+0000] {dag.py:3947} INFO - Setting next_dagrun for consume_1_and_2_with_dataset_expressions to None, run_after=None
[2024-07-25T07:57:15.592+0000] {logging_mixin.py:188} INFO - [2024-07-25T07:57:15.591+0000] {dag.py:3947} INFO - Setting next_dagrun for consume_1_or_2_with_dataset_expressions to None, run_after=None
[2024-07-25T07:57:15.593+0000] {logging_mixin.py:188} INFO - [2024-07-25T07:57:15.593+0000] {dag.py:3947} INFO - Setting next_dagrun for consume_1_or_both_2_and_3_with_dataset_expressions to None, run_after=None
[2024-07-25T07:57:15.595+0000] {logging_mixin.py:188} INFO - [2024-07-25T07:57:15.595+0000] {dag.py:3947} INFO - Setting next_dagrun for dataset_consumes_1 to None, run_after=None
[2024-07-25T07:57:15.597+0000] {logging_mixin.py:188} INFO - [2024-07-25T07:57:15.597+0000] {dag.py:3947} INFO - Setting next_dagrun for dataset_consumes_1_and_2 to None, run_after=None
[2024-07-25T07:57:15.598+0000] {logging_mixin.py:188} INFO - [2024-07-25T07:57:15.598+0000] {dag.py:3947} INFO - Setting next_dagrun for dataset_consumes_1_never_scheduled to None, run_after=None
[2024-07-25T07:57:15.600+0000] {logging_mixin.py:188} INFO - [2024-07-25T07:57:15.600+0000] {dag.py:3947} INFO - Setting next_dagrun for dataset_consumes_unknown_never_scheduled to None, run_after=None
[2024-07-25T07:57:15.603+0000] {logging_mixin.py:188} INFO - [2024-07-25T07:57:15.603+0000] {dag.py:3947} INFO - Setting next_dagrun for dataset_produces_1 to 2024-07-24 00:00:00+00:00, run_after=2024-07-25 00:00:00+00:00
[2024-07-25T07:57:15.605+0000] {logging_mixin.py:188} INFO - [2024-07-25T07:57:15.605+0000] {dag.py:3947} INFO - Setting next_dagrun for dataset_produces_2 to None, run_after=None
[2024-07-25T07:57:15.655+0000] {processor.py:183} INFO - Processing /root/.cache/pypoetry/virtualenvs/freeprise-matchmaker-BsnH11MF-py3.8/lib/python3.8/site-packages/airflow/example_dags/example_datasets.py took 0.242 seconds
[2024-07-25T07:57:45.820+0000] {processor.py:161} INFO - Started process (PID=4098) to work on /root/.cache/pypoetry/virtualenvs/freeprise-matchmaker-BsnH11MF-py3.8/lib/python3.8/site-packages/airflow/example_dags/example_datasets.py
[2024-07-25T07:57:45.823+0000] {processor.py:830} INFO - Processing file /root/.cache/pypoetry/virtualenvs/freeprise-matchmaker-BsnH11MF-py3.8/lib/python3.8/site-packages/airflow/example_dags/example_datasets.py for tasks to queue
[2024-07-25T07:57:45.826+0000] {logging_mixin.py:188} INFO - [2024-07-25T07:57:45.825+0000] {dagbag.py:545} INFO - Filling up the DagBag from /root/.cache/pypoetry/virtualenvs/freeprise-matchmaker-BsnH11MF-py3.8/lib/python3.8/site-packages/airflow/example_dags/example_datasets.py
[2024-07-25T07:57:45.857+0000] {processor.py:840} INFO - DAG(s) 'dataset_produces_1', 'consume_1_or_both_2_and_3_with_dataset_expressions', 'conditional_dataset_and_time_based_timetable', 'dataset_consumes_unknown_never_scheduled', 'consume_1_or_2_with_dataset_expressions', 'dataset_produces_2', 'dataset_consumes_1_never_scheduled', 'consume_1_and_2_with_dataset_expressions', 'dataset_consumes_1_and_2', 'dataset_consumes_1' retrieved from /root/.cache/pypoetry/virtualenvs/freeprise-matchmaker-BsnH11MF-py3.8/lib/python3.8/site-packages/airflow/example_dags/example_datasets.py
[2024-07-25T07:57:45.976+0000] {logging_mixin.py:188} INFO - [2024-07-25T07:57:45.975+0000] {dag.py:3089} INFO - Sync 10 DAGs
[2024-07-25T07:57:46.020+0000] {logging_mixin.py:188} INFO - [2024-07-25T07:57:46.020+0000] {dag.py:3947} INFO - Setting next_dagrun for conditional_dataset_and_time_based_timetable to 2024-07-24 01:00:00+00:00, run_after=2024-07-24 01:00:00+00:00
[2024-07-25T07:57:46.026+0000] {logging_mixin.py:188} INFO - [2024-07-25T07:57:46.026+0000] {dag.py:3947} INFO - Setting next_dagrun for consume_1_and_2_with_dataset_expressions to None, run_after=None
[2024-07-25T07:57:46.029+0000] {logging_mixin.py:188} INFO - [2024-07-25T07:57:46.028+0000] {dag.py:3947} INFO - Setting next_dagrun for consume_1_or_2_with_dataset_expressions to None, run_after=None
[2024-07-25T07:57:46.031+0000] {logging_mixin.py:188} INFO - [2024-07-25T07:57:46.030+0000] {dag.py:3947} INFO - Setting next_dagrun for consume_1_or_both_2_and_3_with_dataset_expressions to None, run_after=None
[2024-07-25T07:57:46.033+0000] {logging_mixin.py:188} INFO - [2024-07-25T07:57:46.032+0000] {dag.py:3947} INFO - Setting next_dagrun for dataset_consumes_1 to None, run_after=None
[2024-07-25T07:57:46.035+0000] {logging_mixin.py:188} INFO - [2024-07-25T07:57:46.034+0000] {dag.py:3947} INFO - Setting next_dagrun for dataset_consumes_1_and_2 to None, run_after=None
[2024-07-25T07:57:46.037+0000] {logging_mixin.py:188} INFO - [2024-07-25T07:57:46.036+0000] {dag.py:3947} INFO - Setting next_dagrun for dataset_consumes_1_never_scheduled to None, run_after=None
[2024-07-25T07:57:46.038+0000] {logging_mixin.py:188} INFO - [2024-07-25T07:57:46.038+0000] {dag.py:3947} INFO - Setting next_dagrun for dataset_consumes_unknown_never_scheduled to None, run_after=None
[2024-07-25T07:57:46.042+0000] {logging_mixin.py:188} INFO - [2024-07-25T07:57:46.042+0000] {dag.py:3947} INFO - Setting next_dagrun for dataset_produces_1 to 2024-07-24 00:00:00+00:00, run_after=2024-07-25 00:00:00+00:00
[2024-07-25T07:57:46.044+0000] {logging_mixin.py:188} INFO - [2024-07-25T07:57:46.044+0000] {dag.py:3947} INFO - Setting next_dagrun for dataset_produces_2 to None, run_after=None
[2024-07-25T07:57:46.096+0000] {processor.py:183} INFO - Processing /root/.cache/pypoetry/virtualenvs/freeprise-matchmaker-BsnH11MF-py3.8/lib/python3.8/site-packages/airflow/example_dags/example_datasets.py took 0.294 seconds
[2024-07-25T07:58:16.291+0000] {processor.py:161} INFO - Started process (PID=4369) to work on /root/.cache/pypoetry/virtualenvs/freeprise-matchmaker-BsnH11MF-py3.8/lib/python3.8/site-packages/airflow/example_dags/example_datasets.py
[2024-07-25T07:58:16.293+0000] {processor.py:830} INFO - Processing file /root/.cache/pypoetry/virtualenvs/freeprise-matchmaker-BsnH11MF-py3.8/lib/python3.8/site-packages/airflow/example_dags/example_datasets.py for tasks to queue
[2024-07-25T07:58:16.295+0000] {logging_mixin.py:188} INFO - [2024-07-25T07:58:16.295+0000] {dagbag.py:545} INFO - Filling up the DagBag from /root/.cache/pypoetry/virtualenvs/freeprise-matchmaker-BsnH11MF-py3.8/lib/python3.8/site-packages/airflow/example_dags/example_datasets.py
[2024-07-25T07:58:16.316+0000] {processor.py:840} INFO - DAG(s) 'consume_1_or_both_2_and_3_with_dataset_expressions', 'dataset_produces_2', 'consume_1_or_2_with_dataset_expressions', 'dataset_produces_1', 'dataset_consumes_1', 'consume_1_and_2_with_dataset_expressions', 'dataset_consumes_1_and_2', 'dataset_consumes_1_never_scheduled', 'conditional_dataset_and_time_based_timetable', 'dataset_consumes_unknown_never_scheduled' retrieved from /root/.cache/pypoetry/virtualenvs/freeprise-matchmaker-BsnH11MF-py3.8/lib/python3.8/site-packages/airflow/example_dags/example_datasets.py
[2024-07-25T07:58:16.404+0000] {logging_mixin.py:188} INFO - [2024-07-25T07:58:16.403+0000] {dag.py:3089} INFO - Sync 10 DAGs
[2024-07-25T07:58:16.442+0000] {logging_mixin.py:188} INFO - [2024-07-25T07:58:16.442+0000] {dag.py:3947} INFO - Setting next_dagrun for conditional_dataset_and_time_based_timetable to 2024-07-24 01:00:00+00:00, run_after=2024-07-24 01:00:00+00:00
[2024-07-25T07:58:16.448+0000] {logging_mixin.py:188} INFO - [2024-07-25T07:58:16.447+0000] {dag.py:3947} INFO - Setting next_dagrun for consume_1_and_2_with_dataset_expressions to None, run_after=None
[2024-07-25T07:58:16.450+0000] {logging_mixin.py:188} INFO - [2024-07-25T07:58:16.449+0000] {dag.py:3947} INFO - Setting next_dagrun for consume_1_or_2_with_dataset_expressions to None, run_after=None
[2024-07-25T07:58:16.452+0000] {logging_mixin.py:188} INFO - [2024-07-25T07:58:16.451+0000] {dag.py:3947} INFO - Setting next_dagrun for consume_1_or_both_2_and_3_with_dataset_expressions to None, run_after=None
[2024-07-25T07:58:16.453+0000] {logging_mixin.py:188} INFO - [2024-07-25T07:58:16.453+0000] {dag.py:3947} INFO - Setting next_dagrun for dataset_consumes_1 to None, run_after=None
[2024-07-25T07:58:16.455+0000] {logging_mixin.py:188} INFO - [2024-07-25T07:58:16.455+0000] {dag.py:3947} INFO - Setting next_dagrun for dataset_consumes_1_and_2 to None, run_after=None
[2024-07-25T07:58:16.456+0000] {logging_mixin.py:188} INFO - [2024-07-25T07:58:16.456+0000] {dag.py:3947} INFO - Setting next_dagrun for dataset_consumes_1_never_scheduled to None, run_after=None
[2024-07-25T07:58:16.458+0000] {logging_mixin.py:188} INFO - [2024-07-25T07:58:16.458+0000] {dag.py:3947} INFO - Setting next_dagrun for dataset_consumes_unknown_never_scheduled to None, run_after=None
[2024-07-25T07:58:16.462+0000] {logging_mixin.py:188} INFO - [2024-07-25T07:58:16.461+0000] {dag.py:3947} INFO - Setting next_dagrun for dataset_produces_1 to 2024-07-24 00:00:00+00:00, run_after=2024-07-25 00:00:00+00:00
[2024-07-25T07:58:16.463+0000] {logging_mixin.py:188} INFO - [2024-07-25T07:58:16.463+0000] {dag.py:3947} INFO - Setting next_dagrun for dataset_produces_2 to None, run_after=None
[2024-07-25T07:58:16.512+0000] {processor.py:183} INFO - Processing /root/.cache/pypoetry/virtualenvs/freeprise-matchmaker-BsnH11MF-py3.8/lib/python3.8/site-packages/airflow/example_dags/example_datasets.py took 0.232 seconds
[2024-07-25T07:58:46.614+0000] {processor.py:161} INFO - Started process (PID=4630) to work on /root/.cache/pypoetry/virtualenvs/freeprise-matchmaker-BsnH11MF-py3.8/lib/python3.8/site-packages/airflow/example_dags/example_datasets.py
[2024-07-25T07:58:46.617+0000] {processor.py:830} INFO - Processing file /root/.cache/pypoetry/virtualenvs/freeprise-matchmaker-BsnH11MF-py3.8/lib/python3.8/site-packages/airflow/example_dags/example_datasets.py for tasks to queue
[2024-07-25T07:58:46.621+0000] {logging_mixin.py:188} INFO - [2024-07-25T07:58:46.620+0000] {dagbag.py:545} INFO - Filling up the DagBag from /root/.cache/pypoetry/virtualenvs/freeprise-matchmaker-BsnH11MF-py3.8/lib/python3.8/site-packages/airflow/example_dags/example_datasets.py
[2024-07-25T07:58:46.654+0000] {processor.py:840} INFO - DAG(s) 'dataset_consumes_1', 'consume_1_and_2_with_dataset_expressions', 'consume_1_or_2_with_dataset_expressions', 'dataset_consumes_unknown_never_scheduled', 'dataset_consumes_1_never_scheduled', 'dataset_consumes_1_and_2', 'dataset_produces_1', 'dataset_produces_2', 'conditional_dataset_and_time_based_timetable', 'consume_1_or_both_2_and_3_with_dataset_expressions' retrieved from /root/.cache/pypoetry/virtualenvs/freeprise-matchmaker-BsnH11MF-py3.8/lib/python3.8/site-packages/airflow/example_dags/example_datasets.py
[2024-07-25T07:58:46.753+0000] {logging_mixin.py:188} INFO - [2024-07-25T07:58:46.753+0000] {dag.py:3089} INFO - Sync 10 DAGs
[2024-07-25T07:58:46.799+0000] {logging_mixin.py:188} INFO - [2024-07-25T07:58:46.798+0000] {dag.py:3947} INFO - Setting next_dagrun for conditional_dataset_and_time_based_timetable to 2024-07-24 01:00:00+00:00, run_after=2024-07-24 01:00:00+00:00
[2024-07-25T07:58:46.807+0000] {logging_mixin.py:188} INFO - [2024-07-25T07:58:46.806+0000] {dag.py:3947} INFO - Setting next_dagrun for consume_1_and_2_with_dataset_expressions to None, run_after=None
[2024-07-25T07:58:46.809+0000] {logging_mixin.py:188} INFO - [2024-07-25T07:58:46.809+0000] {dag.py:3947} INFO - Setting next_dagrun for consume_1_or_2_with_dataset_expressions to None, run_after=None
[2024-07-25T07:58:46.811+0000] {logging_mixin.py:188} INFO - [2024-07-25T07:58:46.811+0000] {dag.py:3947} INFO - Setting next_dagrun for consume_1_or_both_2_and_3_with_dataset_expressions to None, run_after=None
[2024-07-25T07:58:46.813+0000] {logging_mixin.py:188} INFO - [2024-07-25T07:58:46.813+0000] {dag.py:3947} INFO - Setting next_dagrun for dataset_consumes_1 to None, run_after=None
[2024-07-25T07:58:46.815+0000] {logging_mixin.py:188} INFO - [2024-07-25T07:58:46.815+0000] {dag.py:3947} INFO - Setting next_dagrun for dataset_consumes_1_and_2 to None, run_after=None
[2024-07-25T07:58:46.817+0000] {logging_mixin.py:188} INFO - [2024-07-25T07:58:46.817+0000] {dag.py:3947} INFO - Setting next_dagrun for dataset_consumes_1_never_scheduled to None, run_after=None
[2024-07-25T07:58:46.819+0000] {logging_mixin.py:188} INFO - [2024-07-25T07:58:46.818+0000] {dag.py:3947} INFO - Setting next_dagrun for dataset_consumes_unknown_never_scheduled to None, run_after=None
[2024-07-25T07:58:46.822+0000] {logging_mixin.py:188} INFO - [2024-07-25T07:58:46.822+0000] {dag.py:3947} INFO - Setting next_dagrun for dataset_produces_1 to 2024-07-24 00:00:00+00:00, run_after=2024-07-25 00:00:00+00:00
[2024-07-25T07:58:46.824+0000] {logging_mixin.py:188} INFO - [2024-07-25T07:58:46.824+0000] {dag.py:3947} INFO - Setting next_dagrun for dataset_produces_2 to None, run_after=None
[2024-07-25T07:58:46.873+0000] {processor.py:183} INFO - Processing /root/.cache/pypoetry/virtualenvs/freeprise-matchmaker-BsnH11MF-py3.8/lib/python3.8/site-packages/airflow/example_dags/example_datasets.py took 0.273 seconds
[2024-07-25T07:59:17.139+0000] {processor.py:161} INFO - Started process (PID=4894) to work on /root/.cache/pypoetry/virtualenvs/freeprise-matchmaker-BsnH11MF-py3.8/lib/python3.8/site-packages/airflow/example_dags/example_datasets.py
[2024-07-25T07:59:17.142+0000] {processor.py:830} INFO - Processing file /root/.cache/pypoetry/virtualenvs/freeprise-matchmaker-BsnH11MF-py3.8/lib/python3.8/site-packages/airflow/example_dags/example_datasets.py for tasks to queue
[2024-07-25T07:59:17.146+0000] {logging_mixin.py:188} INFO - [2024-07-25T07:59:17.145+0000] {dagbag.py:545} INFO - Filling up the DagBag from /root/.cache/pypoetry/virtualenvs/freeprise-matchmaker-BsnH11MF-py3.8/lib/python3.8/site-packages/airflow/example_dags/example_datasets.py
[2024-07-25T07:59:17.177+0000] {processor.py:840} INFO - DAG(s) 'dataset_produces_2', 'dataset_produces_1', 'dataset_consumes_1_and_2', 'consume_1_or_2_with_dataset_expressions', 'dataset_consumes_1_never_scheduled', 'dataset_consumes_unknown_never_scheduled', 'conditional_dataset_and_time_based_timetable', 'consume_1_or_both_2_and_3_with_dataset_expressions', 'consume_1_and_2_with_dataset_expressions', 'dataset_consumes_1' retrieved from /root/.cache/pypoetry/virtualenvs/freeprise-matchmaker-BsnH11MF-py3.8/lib/python3.8/site-packages/airflow/example_dags/example_datasets.py
[2024-07-25T07:59:17.310+0000] {logging_mixin.py:188} INFO - [2024-07-25T07:59:17.309+0000] {dag.py:3089} INFO - Sync 10 DAGs
[2024-07-25T07:59:17.366+0000] {logging_mixin.py:188} INFO - [2024-07-25T07:59:17.365+0000] {dag.py:3947} INFO - Setting next_dagrun for conditional_dataset_and_time_based_timetable to 2024-07-24 01:00:00+00:00, run_after=2024-07-24 01:00:00+00:00
[2024-07-25T07:59:17.374+0000] {logging_mixin.py:188} INFO - [2024-07-25T07:59:17.374+0000] {dag.py:3947} INFO - Setting next_dagrun for consume_1_and_2_with_dataset_expressions to None, run_after=None
[2024-07-25T07:59:17.377+0000] {logging_mixin.py:188} INFO - [2024-07-25T07:59:17.376+0000] {dag.py:3947} INFO - Setting next_dagrun for consume_1_or_2_with_dataset_expressions to None, run_after=None
[2024-07-25T07:59:17.379+0000] {logging_mixin.py:188} INFO - [2024-07-25T07:59:17.379+0000] {dag.py:3947} INFO - Setting next_dagrun for consume_1_or_both_2_and_3_with_dataset_expressions to None, run_after=None
[2024-07-25T07:59:17.384+0000] {logging_mixin.py:188} INFO - [2024-07-25T07:59:17.384+0000] {dag.py:3947} INFO - Setting next_dagrun for dataset_consumes_1 to None, run_after=None
[2024-07-25T07:59:17.387+0000] {logging_mixin.py:188} INFO - [2024-07-25T07:59:17.386+0000] {dag.py:3947} INFO - Setting next_dagrun for dataset_consumes_1_and_2 to None, run_after=None
[2024-07-25T07:59:17.389+0000] {logging_mixin.py:188} INFO - [2024-07-25T07:59:17.388+0000] {dag.py:3947} INFO - Setting next_dagrun for dataset_consumes_1_never_scheduled to None, run_after=None
[2024-07-25T07:59:17.390+0000] {logging_mixin.py:188} INFO - [2024-07-25T07:59:17.390+0000] {dag.py:3947} INFO - Setting next_dagrun for dataset_consumes_unknown_never_scheduled to None, run_after=None
[2024-07-25T07:59:17.394+0000] {logging_mixin.py:188} INFO - [2024-07-25T07:59:17.394+0000] {dag.py:3947} INFO - Setting next_dagrun for dataset_produces_1 to 2024-07-24 00:00:00+00:00, run_after=2024-07-25 00:00:00+00:00
[2024-07-25T07:59:17.396+0000] {logging_mixin.py:188} INFO - [2024-07-25T07:59:17.395+0000] {dag.py:3947} INFO - Setting next_dagrun for dataset_produces_2 to None, run_after=None
[2024-07-25T07:59:17.457+0000] {processor.py:183} INFO - Processing /root/.cache/pypoetry/virtualenvs/freeprise-matchmaker-BsnH11MF-py3.8/lib/python3.8/site-packages/airflow/example_dags/example_datasets.py took 0.332 seconds
[2024-07-25T07:59:47.814+0000] {processor.py:161} INFO - Started process (PID=5155) to work on /root/.cache/pypoetry/virtualenvs/freeprise-matchmaker-BsnH11MF-py3.8/lib/python3.8/site-packages/airflow/example_dags/example_datasets.py
[2024-07-25T07:59:47.816+0000] {processor.py:830} INFO - Processing file /root/.cache/pypoetry/virtualenvs/freeprise-matchmaker-BsnH11MF-py3.8/lib/python3.8/site-packages/airflow/example_dags/example_datasets.py for tasks to queue
[2024-07-25T07:59:47.819+0000] {logging_mixin.py:188} INFO - [2024-07-25T07:59:47.818+0000] {dagbag.py:545} INFO - Filling up the DagBag from /root/.cache/pypoetry/virtualenvs/freeprise-matchmaker-BsnH11MF-py3.8/lib/python3.8/site-packages/airflow/example_dags/example_datasets.py
[2024-07-25T07:59:47.851+0000] {processor.py:840} INFO - DAG(s) 'consume_1_or_2_with_dataset_expressions', 'dataset_consumes_unknown_never_scheduled', 'consume_1_and_2_with_dataset_expressions', 'dataset_consumes_1_and_2', 'consume_1_or_both_2_and_3_with_dataset_expressions', 'conditional_dataset_and_time_based_timetable', 'dataset_consumes_1_never_scheduled', 'dataset_produces_1', 'dataset_produces_2', 'dataset_consumes_1' retrieved from /root/.cache/pypoetry/virtualenvs/freeprise-matchmaker-BsnH11MF-py3.8/lib/python3.8/site-packages/airflow/example_dags/example_datasets.py
[2024-07-25T07:59:48.000+0000] {logging_mixin.py:188} INFO - [2024-07-25T07:59:47.999+0000] {dag.py:3089} INFO - Sync 10 DAGs
[2024-07-25T07:59:48.072+0000] {logging_mixin.py:188} INFO - [2024-07-25T07:59:48.071+0000] {dag.py:3947} INFO - Setting next_dagrun for conditional_dataset_and_time_based_timetable to 2024-07-24 01:00:00+00:00, run_after=2024-07-24 01:00:00+00:00
[2024-07-25T07:59:48.080+0000] {logging_mixin.py:188} INFO - [2024-07-25T07:59:48.080+0000] {dag.py:3947} INFO - Setting next_dagrun for consume_1_and_2_with_dataset_expressions to None, run_after=None
[2024-07-25T07:59:48.083+0000] {logging_mixin.py:188} INFO - [2024-07-25T07:59:48.083+0000] {dag.py:3947} INFO - Setting next_dagrun for consume_1_or_2_with_dataset_expressions to None, run_after=None
[2024-07-25T07:59:48.086+0000] {logging_mixin.py:188} INFO - [2024-07-25T07:59:48.086+0000] {dag.py:3947} INFO - Setting next_dagrun for consume_1_or_both_2_and_3_with_dataset_expressions to None, run_after=None
[2024-07-25T07:59:48.089+0000] {logging_mixin.py:188} INFO - [2024-07-25T07:59:48.089+0000] {dag.py:3947} INFO - Setting next_dagrun for dataset_consumes_1 to None, run_after=None
[2024-07-25T07:59:48.092+0000] {logging_mixin.py:188} INFO - [2024-07-25T07:59:48.092+0000] {dag.py:3947} INFO - Setting next_dagrun for dataset_consumes_1_and_2 to None, run_after=None
[2024-07-25T07:59:48.095+0000] {logging_mixin.py:188} INFO - [2024-07-25T07:59:48.095+0000] {dag.py:3947} INFO - Setting next_dagrun for dataset_consumes_1_never_scheduled to None, run_after=None
[2024-07-25T07:59:48.098+0000] {logging_mixin.py:188} INFO - [2024-07-25T07:59:48.097+0000] {dag.py:3947} INFO - Setting next_dagrun for dataset_consumes_unknown_never_scheduled to None, run_after=None
[2024-07-25T07:59:48.104+0000] {logging_mixin.py:188} INFO - [2024-07-25T07:59:48.104+0000] {dag.py:3947} INFO - Setting next_dagrun for dataset_produces_1 to 2024-07-24 00:00:00+00:00, run_after=2024-07-25 00:00:00+00:00
[2024-07-25T07:59:48.107+0000] {logging_mixin.py:188} INFO - [2024-07-25T07:59:48.107+0000] {dag.py:3947} INFO - Setting next_dagrun for dataset_produces_2 to None, run_after=None
[2024-07-25T07:59:48.189+0000] {processor.py:183} INFO - Processing /root/.cache/pypoetry/virtualenvs/freeprise-matchmaker-BsnH11MF-py3.8/lib/python3.8/site-packages/airflow/example_dags/example_datasets.py took 0.391 seconds
[2024-07-25T08:00:18.850+0000] {processor.py:161} INFO - Started process (PID=5421) to work on /root/.cache/pypoetry/virtualenvs/freeprise-matchmaker-BsnH11MF-py3.8/lib/python3.8/site-packages/airflow/example_dags/example_datasets.py
[2024-07-25T08:00:18.853+0000] {processor.py:830} INFO - Processing file /root/.cache/pypoetry/virtualenvs/freeprise-matchmaker-BsnH11MF-py3.8/lib/python3.8/site-packages/airflow/example_dags/example_datasets.py for tasks to queue
[2024-07-25T08:00:18.856+0000] {logging_mixin.py:188} INFO - [2024-07-25T08:00:18.855+0000] {dagbag.py:545} INFO - Filling up the DagBag from /root/.cache/pypoetry/virtualenvs/freeprise-matchmaker-BsnH11MF-py3.8/lib/python3.8/site-packages/airflow/example_dags/example_datasets.py
[2024-07-25T08:00:18.882+0000] {processor.py:840} INFO - DAG(s) 'dataset_consumes_unknown_never_scheduled', 'dataset_produces_1', 'consume_1_or_both_2_and_3_with_dataset_expressions', 'dataset_consumes_1', 'dataset_consumes_1_and_2', 'consume_1_or_2_with_dataset_expressions', 'dataset_produces_2', 'conditional_dataset_and_time_based_timetable', 'dataset_consumes_1_never_scheduled', 'consume_1_and_2_with_dataset_expressions' retrieved from /root/.cache/pypoetry/virtualenvs/freeprise-matchmaker-BsnH11MF-py3.8/lib/python3.8/site-packages/airflow/example_dags/example_datasets.py
[2024-07-25T08:00:18.993+0000] {logging_mixin.py:188} INFO - [2024-07-25T08:00:18.993+0000] {dag.py:3089} INFO - Sync 10 DAGs
[2024-07-25T08:00:19.054+0000] {logging_mixin.py:188} INFO - [2024-07-25T08:00:19.054+0000] {dag.py:3947} INFO - Setting next_dagrun for conditional_dataset_and_time_based_timetable to 2024-07-24 01:00:00+00:00, run_after=2024-07-24 01:00:00+00:00
[2024-07-25T08:00:19.061+0000] {logging_mixin.py:188} INFO - [2024-07-25T08:00:19.060+0000] {dag.py:3947} INFO - Setting next_dagrun for consume_1_and_2_with_dataset_expressions to None, run_after=None
[2024-07-25T08:00:19.063+0000] {logging_mixin.py:188} INFO - [2024-07-25T08:00:19.063+0000] {dag.py:3947} INFO - Setting next_dagrun for consume_1_or_2_with_dataset_expressions to None, run_after=None
[2024-07-25T08:00:19.066+0000] {logging_mixin.py:188} INFO - [2024-07-25T08:00:19.066+0000] {dag.py:3947} INFO - Setting next_dagrun for consume_1_or_both_2_and_3_with_dataset_expressions to None, run_after=None
[2024-07-25T08:00:19.068+0000] {logging_mixin.py:188} INFO - [2024-07-25T08:00:19.067+0000] {dag.py:3947} INFO - Setting next_dagrun for dataset_consumes_1 to None, run_after=None
[2024-07-25T08:00:19.070+0000] {logging_mixin.py:188} INFO - [2024-07-25T08:00:19.070+0000] {dag.py:3947} INFO - Setting next_dagrun for dataset_consumes_1_and_2 to None, run_after=None
[2024-07-25T08:00:19.073+0000] {logging_mixin.py:188} INFO - [2024-07-25T08:00:19.072+0000] {dag.py:3947} INFO - Setting next_dagrun for dataset_consumes_1_never_scheduled to None, run_after=None
[2024-07-25T08:00:19.075+0000] {logging_mixin.py:188} INFO - [2024-07-25T08:00:19.075+0000] {dag.py:3947} INFO - Setting next_dagrun for dataset_consumes_unknown_never_scheduled to None, run_after=None
[2024-07-25T08:00:19.079+0000] {logging_mixin.py:188} INFO - [2024-07-25T08:00:19.078+0000] {dag.py:3947} INFO - Setting next_dagrun for dataset_produces_1 to 2024-07-24 00:00:00+00:00, run_after=2024-07-25 00:00:00+00:00
[2024-07-25T08:00:19.081+0000] {logging_mixin.py:188} INFO - [2024-07-25T08:00:19.080+0000] {dag.py:3947} INFO - Setting next_dagrun for dataset_produces_2 to None, run_after=None
[2024-07-25T08:00:19.146+0000] {processor.py:183} INFO - Processing /root/.cache/pypoetry/virtualenvs/freeprise-matchmaker-BsnH11MF-py3.8/lib/python3.8/site-packages/airflow/example_dags/example_datasets.py took 0.313 seconds
[2024-07-25T08:00:54.016+0000] {processor.py:161} INFO - Started process (PID=5687) to work on /root/.cache/pypoetry/virtualenvs/freeprise-matchmaker-BsnH11MF-py3.8/lib/python3.8/site-packages/airflow/example_dags/example_datasets.py
[2024-07-25T08:00:54.020+0000] {processor.py:830} INFO - Processing file /root/.cache/pypoetry/virtualenvs/freeprise-matchmaker-BsnH11MF-py3.8/lib/python3.8/site-packages/airflow/example_dags/example_datasets.py for tasks to queue
[2024-07-25T08:00:54.025+0000] {logging_mixin.py:188} INFO - [2024-07-25T08:00:54.024+0000] {dagbag.py:545} INFO - Filling up the DagBag from /root/.cache/pypoetry/virtualenvs/freeprise-matchmaker-BsnH11MF-py3.8/lib/python3.8/site-packages/airflow/example_dags/example_datasets.py
[2024-07-25T08:00:54.072+0000] {processor.py:840} INFO - DAG(s) 'conditional_dataset_and_time_based_timetable', 'dataset_produces_2', 'dataset_produces_1', 'consume_1_and_2_with_dataset_expressions', 'consume_1_or_both_2_and_3_with_dataset_expressions', 'dataset_consumes_1', 'dataset_consumes_1_never_scheduled', 'consume_1_or_2_with_dataset_expressions', 'dataset_consumes_unknown_never_scheduled', 'dataset_consumes_1_and_2' retrieved from /root/.cache/pypoetry/virtualenvs/freeprise-matchmaker-BsnH11MF-py3.8/lib/python3.8/site-packages/airflow/example_dags/example_datasets.py
[2024-07-25T08:00:54.248+0000] {logging_mixin.py:188} INFO - [2024-07-25T08:00:54.247+0000] {dag.py:3089} INFO - Sync 10 DAGs
[2024-07-25T08:00:54.320+0000] {logging_mixin.py:188} INFO - [2024-07-25T08:00:54.320+0000] {dag.py:3947} INFO - Setting next_dagrun for conditional_dataset_and_time_based_timetable to 2024-07-24 01:00:00+00:00, run_after=2024-07-24 01:00:00+00:00
[2024-07-25T08:00:54.329+0000] {logging_mixin.py:188} INFO - [2024-07-25T08:00:54.328+0000] {dag.py:3947} INFO - Setting next_dagrun for consume_1_and_2_with_dataset_expressions to None, run_after=None
[2024-07-25T08:00:54.332+0000] {logging_mixin.py:188} INFO - [2024-07-25T08:00:54.331+0000] {dag.py:3947} INFO - Setting next_dagrun for consume_1_or_2_with_dataset_expressions to None, run_after=None
[2024-07-25T08:00:54.336+0000] {logging_mixin.py:188} INFO - [2024-07-25T08:00:54.335+0000] {dag.py:3947} INFO - Setting next_dagrun for consume_1_or_both_2_and_3_with_dataset_expressions to None, run_after=None
[2024-07-25T08:00:54.339+0000] {logging_mixin.py:188} INFO - [2024-07-25T08:00:54.339+0000] {dag.py:3947} INFO - Setting next_dagrun for dataset_consumes_1 to None, run_after=None
[2024-07-25T08:00:54.346+0000] {logging_mixin.py:188} INFO - [2024-07-25T08:00:54.346+0000] {dag.py:3947} INFO - Setting next_dagrun for dataset_consumes_1_and_2 to None, run_after=None
[2024-07-25T08:00:54.354+0000] {logging_mixin.py:188} INFO - [2024-07-25T08:00:54.353+0000] {dag.py:3947} INFO - Setting next_dagrun for dataset_consumes_1_never_scheduled to None, run_after=None
[2024-07-25T08:00:54.357+0000] {logging_mixin.py:188} INFO - [2024-07-25T08:00:54.357+0000] {dag.py:3947} INFO - Setting next_dagrun for dataset_consumes_unknown_never_scheduled to None, run_after=None
[2024-07-25T08:00:54.365+0000] {logging_mixin.py:188} INFO - [2024-07-25T08:00:54.365+0000] {dag.py:3947} INFO - Setting next_dagrun for dataset_produces_1 to 2024-07-24 00:00:00+00:00, run_after=2024-07-25 00:00:00+00:00
[2024-07-25T08:00:54.370+0000] {logging_mixin.py:188} INFO - [2024-07-25T08:00:54.369+0000] {dag.py:3947} INFO - Setting next_dagrun for dataset_produces_2 to None, run_after=None
[2024-07-25T08:00:54.483+0000] {processor.py:183} INFO - Processing /root/.cache/pypoetry/virtualenvs/freeprise-matchmaker-BsnH11MF-py3.8/lib/python3.8/site-packages/airflow/example_dags/example_datasets.py took 0.491 seconds
