[2024-07-25T07:50:31.834+0000] {processor.py:161} INFO - Started process (PID=382) to work on /root/.cache/pypoetry/virtualenvs/freeprise-matchmaker-BsnH11MF-py3.8/lib/python3.8/site-packages/airflow/example_dags/example_complex.py
[2024-07-25T07:50:31.836+0000] {processor.py:830} INFO - Processing file /root/.cache/pypoetry/virtualenvs/freeprise-matchmaker-BsnH11MF-py3.8/lib/python3.8/site-packages/airflow/example_dags/example_complex.py for tasks to queue
[2024-07-25T07:50:31.839+0000] {logging_mixin.py:188} INFO - [2024-07-25T07:50:31.839+0000] {dagbag.py:545} INFO - Filling up the DagBag from /root/.cache/pypoetry/virtualenvs/freeprise-matchmaker-BsnH11MF-py3.8/lib/python3.8/site-packages/airflow/example_dags/example_complex.py
[2024-07-25T07:50:31.867+0000] {processor.py:840} INFO - DAG(s) 'example_complex' retrieved from /root/.cache/pypoetry/virtualenvs/freeprise-matchmaker-BsnH11MF-py3.8/lib/python3.8/site-packages/airflow/example_dags/example_complex.py
[2024-07-25T07:50:31.903+0000] {logging_mixin.py:188} INFO - [2024-07-25T07:50:31.902+0000] {dag.py:3089} INFO - Sync 1 DAGs
[2024-07-25T07:50:31.925+0000] {logging_mixin.py:188} INFO - [2024-07-25T07:50:31.924+0000] {dag.py:3947} INFO - Setting next_dagrun for example_complex to None, run_after=None
[2024-07-25T07:50:31.954+0000] {processor.py:183} INFO - Processing /root/.cache/pypoetry/virtualenvs/freeprise-matchmaker-BsnH11MF-py3.8/lib/python3.8/site-packages/airflow/example_dags/example_complex.py took 0.135 seconds
[2024-07-25T07:51:08.928+0000] {processor.py:161} INFO - Started process (PID=650) to work on /root/.cache/pypoetry/virtualenvs/freeprise-matchmaker-BsnH11MF-py3.8/lib/python3.8/site-packages/airflow/example_dags/example_complex.py
[2024-07-25T07:51:08.930+0000] {processor.py:830} INFO - Processing file /root/.cache/pypoetry/virtualenvs/freeprise-matchmaker-BsnH11MF-py3.8/lib/python3.8/site-packages/airflow/example_dags/example_complex.py for tasks to queue
[2024-07-25T07:51:08.934+0000] {logging_mixin.py:188} INFO - [2024-07-25T07:51:08.933+0000] {dagbag.py:545} INFO - Filling up the DagBag from /root/.cache/pypoetry/virtualenvs/freeprise-matchmaker-BsnH11MF-py3.8/lib/python3.8/site-packages/airflow/example_dags/example_complex.py
[2024-07-25T07:51:08.965+0000] {processor.py:840} INFO - DAG(s) 'example_complex' retrieved from /root/.cache/pypoetry/virtualenvs/freeprise-matchmaker-BsnH11MF-py3.8/lib/python3.8/site-packages/airflow/example_dags/example_complex.py
[2024-07-25T07:51:09.320+0000] {logging_mixin.py:188} INFO - [2024-07-25T07:51:09.320+0000] {dag.py:3089} INFO - Sync 1 DAGs
[2024-07-25T07:51:09.340+0000] {logging_mixin.py:188} INFO - [2024-07-25T07:51:09.340+0000] {dag.py:3947} INFO - Setting next_dagrun for example_complex to None, run_after=None
[2024-07-25T07:51:09.377+0000] {processor.py:183} INFO - Processing /root/.cache/pypoetry/virtualenvs/freeprise-matchmaker-BsnH11MF-py3.8/lib/python3.8/site-packages/airflow/example_dags/example_complex.py took 0.465 seconds
[2024-07-25T07:51:39.931+0000] {processor.py:161} INFO - Started process (PID=914) to work on /root/.cache/pypoetry/virtualenvs/freeprise-matchmaker-BsnH11MF-py3.8/lib/python3.8/site-packages/airflow/example_dags/example_complex.py
[2024-07-25T07:51:39.933+0000] {processor.py:830} INFO - Processing file /root/.cache/pypoetry/virtualenvs/freeprise-matchmaker-BsnH11MF-py3.8/lib/python3.8/site-packages/airflow/example_dags/example_complex.py for tasks to queue
[2024-07-25T07:51:39.936+0000] {logging_mixin.py:188} INFO - [2024-07-25T07:51:39.935+0000] {dagbag.py:545} INFO - Filling up the DagBag from /root/.cache/pypoetry/virtualenvs/freeprise-matchmaker-BsnH11MF-py3.8/lib/python3.8/site-packages/airflow/example_dags/example_complex.py
[2024-07-25T07:51:39.966+0000] {processor.py:840} INFO - DAG(s) 'example_complex' retrieved from /root/.cache/pypoetry/virtualenvs/freeprise-matchmaker-BsnH11MF-py3.8/lib/python3.8/site-packages/airflow/example_dags/example_complex.py
[2024-07-25T07:51:40.044+0000] {logging_mixin.py:188} INFO - [2024-07-25T07:51:40.044+0000] {dag.py:3089} INFO - Sync 1 DAGs
[2024-07-25T07:51:40.067+0000] {logging_mixin.py:188} INFO - [2024-07-25T07:51:40.067+0000] {dag.py:3947} INFO - Setting next_dagrun for example_complex to None, run_after=None
[2024-07-25T07:51:40.098+0000] {processor.py:183} INFO - Processing /root/.cache/pypoetry/virtualenvs/freeprise-matchmaker-BsnH11MF-py3.8/lib/python3.8/site-packages/airflow/example_dags/example_complex.py took 0.185 seconds
[2024-07-25T07:52:10.442+0000] {processor.py:161} INFO - Started process (PID=1180) to work on /root/.cache/pypoetry/virtualenvs/freeprise-matchmaker-BsnH11MF-py3.8/lib/python3.8/site-packages/airflow/example_dags/example_complex.py
[2024-07-25T07:52:10.444+0000] {processor.py:830} INFO - Processing file /root/.cache/pypoetry/virtualenvs/freeprise-matchmaker-BsnH11MF-py3.8/lib/python3.8/site-packages/airflow/example_dags/example_complex.py for tasks to queue
[2024-07-25T07:52:10.446+0000] {logging_mixin.py:188} INFO - [2024-07-25T07:52:10.446+0000] {dagbag.py:545} INFO - Filling up the DagBag from /root/.cache/pypoetry/virtualenvs/freeprise-matchmaker-BsnH11MF-py3.8/lib/python3.8/site-packages/airflow/example_dags/example_complex.py
[2024-07-25T07:52:10.465+0000] {processor.py:840} INFO - DAG(s) 'example_complex' retrieved from /root/.cache/pypoetry/virtualenvs/freeprise-matchmaker-BsnH11MF-py3.8/lib/python3.8/site-packages/airflow/example_dags/example_complex.py
[2024-07-25T07:52:10.531+0000] {logging_mixin.py:188} INFO - [2024-07-25T07:52:10.530+0000] {dag.py:3089} INFO - Sync 1 DAGs
[2024-07-25T07:52:10.552+0000] {logging_mixin.py:188} INFO - [2024-07-25T07:52:10.551+0000] {dag.py:3947} INFO - Setting next_dagrun for example_complex to None, run_after=None
[2024-07-25T07:52:10.580+0000] {processor.py:183} INFO - Processing /root/.cache/pypoetry/virtualenvs/freeprise-matchmaker-BsnH11MF-py3.8/lib/python3.8/site-packages/airflow/example_dags/example_complex.py took 0.151 seconds
[2024-07-25T07:52:40.733+0000] {processor.py:161} INFO - Started process (PID=1443) to work on /root/.cache/pypoetry/virtualenvs/freeprise-matchmaker-BsnH11MF-py3.8/lib/python3.8/site-packages/airflow/example_dags/example_complex.py
[2024-07-25T07:52:40.734+0000] {processor.py:830} INFO - Processing file /root/.cache/pypoetry/virtualenvs/freeprise-matchmaker-BsnH11MF-py3.8/lib/python3.8/site-packages/airflow/example_dags/example_complex.py for tasks to queue
[2024-07-25T07:52:40.737+0000] {logging_mixin.py:188} INFO - [2024-07-25T07:52:40.736+0000] {dagbag.py:545} INFO - Filling up the DagBag from /root/.cache/pypoetry/virtualenvs/freeprise-matchmaker-BsnH11MF-py3.8/lib/python3.8/site-packages/airflow/example_dags/example_complex.py
[2024-07-25T07:52:40.757+0000] {processor.py:840} INFO - DAG(s) 'example_complex' retrieved from /root/.cache/pypoetry/virtualenvs/freeprise-matchmaker-BsnH11MF-py3.8/lib/python3.8/site-packages/airflow/example_dags/example_complex.py
[2024-07-25T07:52:40.826+0000] {logging_mixin.py:188} INFO - [2024-07-25T07:52:40.825+0000] {dag.py:3089} INFO - Sync 1 DAGs
[2024-07-25T07:52:40.846+0000] {logging_mixin.py:188} INFO - [2024-07-25T07:52:40.846+0000] {dag.py:3947} INFO - Setting next_dagrun for example_complex to None, run_after=None
[2024-07-25T07:52:40.874+0000] {processor.py:183} INFO - Processing /root/.cache/pypoetry/virtualenvs/freeprise-matchmaker-BsnH11MF-py3.8/lib/python3.8/site-packages/airflow/example_dags/example_complex.py took 0.153 seconds
[2024-07-25T07:53:11.557+0000] {processor.py:161} INFO - Started process (PID=1712) to work on /root/.cache/pypoetry/virtualenvs/freeprise-matchmaker-BsnH11MF-py3.8/lib/python3.8/site-packages/airflow/example_dags/example_complex.py
[2024-07-25T07:53:11.559+0000] {processor.py:830} INFO - Processing file /root/.cache/pypoetry/virtualenvs/freeprise-matchmaker-BsnH11MF-py3.8/lib/python3.8/site-packages/airflow/example_dags/example_complex.py for tasks to queue
[2024-07-25T07:53:11.561+0000] {logging_mixin.py:188} INFO - [2024-07-25T07:53:11.561+0000] {dagbag.py:545} INFO - Filling up the DagBag from /root/.cache/pypoetry/virtualenvs/freeprise-matchmaker-BsnH11MF-py3.8/lib/python3.8/site-packages/airflow/example_dags/example_complex.py
[2024-07-25T07:53:11.581+0000] {processor.py:840} INFO - DAG(s) 'example_complex' retrieved from /root/.cache/pypoetry/virtualenvs/freeprise-matchmaker-BsnH11MF-py3.8/lib/python3.8/site-packages/airflow/example_dags/example_complex.py
[2024-07-25T07:53:11.652+0000] {logging_mixin.py:188} INFO - [2024-07-25T07:53:11.651+0000] {dag.py:3089} INFO - Sync 1 DAGs
[2024-07-25T07:53:11.675+0000] {logging_mixin.py:188} INFO - [2024-07-25T07:53:11.674+0000] {dag.py:3947} INFO - Setting next_dagrun for example_complex to None, run_after=None
[2024-07-25T07:53:11.705+0000] {processor.py:183} INFO - Processing /root/.cache/pypoetry/virtualenvs/freeprise-matchmaker-BsnH11MF-py3.8/lib/python3.8/site-packages/airflow/example_dags/example_complex.py took 0.161 seconds
[2024-07-25T07:53:41.917+0000] {processor.py:161} INFO - Started process (PID=1975) to work on /root/.cache/pypoetry/virtualenvs/freeprise-matchmaker-BsnH11MF-py3.8/lib/python3.8/site-packages/airflow/example_dags/example_complex.py
[2024-07-25T07:53:41.919+0000] {processor.py:830} INFO - Processing file /root/.cache/pypoetry/virtualenvs/freeprise-matchmaker-BsnH11MF-py3.8/lib/python3.8/site-packages/airflow/example_dags/example_complex.py for tasks to queue
[2024-07-25T07:53:41.922+0000] {logging_mixin.py:188} INFO - [2024-07-25T07:53:41.921+0000] {dagbag.py:545} INFO - Filling up the DagBag from /root/.cache/pypoetry/virtualenvs/freeprise-matchmaker-BsnH11MF-py3.8/lib/python3.8/site-packages/airflow/example_dags/example_complex.py
[2024-07-25T07:53:41.941+0000] {processor.py:840} INFO - DAG(s) 'example_complex' retrieved from /root/.cache/pypoetry/virtualenvs/freeprise-matchmaker-BsnH11MF-py3.8/lib/python3.8/site-packages/airflow/example_dags/example_complex.py
[2024-07-25T07:53:42.006+0000] {logging_mixin.py:188} INFO - [2024-07-25T07:53:42.006+0000] {dag.py:3089} INFO - Sync 1 DAGs
[2024-07-25T07:53:42.027+0000] {logging_mixin.py:188} INFO - [2024-07-25T07:53:42.026+0000] {dag.py:3947} INFO - Setting next_dagrun for example_complex to None, run_after=None
[2024-07-25T07:53:42.057+0000] {processor.py:183} INFO - Processing /root/.cache/pypoetry/virtualenvs/freeprise-matchmaker-BsnH11MF-py3.8/lib/python3.8/site-packages/airflow/example_dags/example_complex.py took 0.152 seconds
[2024-07-25T07:54:12.559+0000] {processor.py:161} INFO - Started process (PID=2244) to work on /root/.cache/pypoetry/virtualenvs/freeprise-matchmaker-BsnH11MF-py3.8/lib/python3.8/site-packages/airflow/example_dags/example_complex.py
[2024-07-25T07:54:12.563+0000] {processor.py:830} INFO - Processing file /root/.cache/pypoetry/virtualenvs/freeprise-matchmaker-BsnH11MF-py3.8/lib/python3.8/site-packages/airflow/example_dags/example_complex.py for tasks to queue
[2024-07-25T07:54:12.565+0000] {logging_mixin.py:188} INFO - [2024-07-25T07:54:12.565+0000] {dagbag.py:545} INFO - Filling up the DagBag from /root/.cache/pypoetry/virtualenvs/freeprise-matchmaker-BsnH11MF-py3.8/lib/python3.8/site-packages/airflow/example_dags/example_complex.py
[2024-07-25T07:54:12.585+0000] {processor.py:840} INFO - DAG(s) 'example_complex' retrieved from /root/.cache/pypoetry/virtualenvs/freeprise-matchmaker-BsnH11MF-py3.8/lib/python3.8/site-packages/airflow/example_dags/example_complex.py
[2024-07-25T07:54:12.650+0000] {logging_mixin.py:188} INFO - [2024-07-25T07:54:12.649+0000] {dag.py:3089} INFO - Sync 1 DAGs
[2024-07-25T07:54:12.670+0000] {logging_mixin.py:188} INFO - [2024-07-25T07:54:12.670+0000] {dag.py:3947} INFO - Setting next_dagrun for example_complex to None, run_after=None
[2024-07-25T07:54:12.700+0000] {processor.py:183} INFO - Processing /root/.cache/pypoetry/virtualenvs/freeprise-matchmaker-BsnH11MF-py3.8/lib/python3.8/site-packages/airflow/example_dags/example_complex.py took 0.153 seconds
[2024-07-25T07:54:43.217+0000] {processor.py:161} INFO - Started process (PID=2510) to work on /root/.cache/pypoetry/virtualenvs/freeprise-matchmaker-BsnH11MF-py3.8/lib/python3.8/site-packages/airflow/example_dags/example_complex.py
[2024-07-25T07:54:43.219+0000] {processor.py:830} INFO - Processing file /root/.cache/pypoetry/virtualenvs/freeprise-matchmaker-BsnH11MF-py3.8/lib/python3.8/site-packages/airflow/example_dags/example_complex.py for tasks to queue
[2024-07-25T07:54:43.221+0000] {logging_mixin.py:188} INFO - [2024-07-25T07:54:43.221+0000] {dagbag.py:545} INFO - Filling up the DagBag from /root/.cache/pypoetry/virtualenvs/freeprise-matchmaker-BsnH11MF-py3.8/lib/python3.8/site-packages/airflow/example_dags/example_complex.py
[2024-07-25T07:54:43.242+0000] {processor.py:840} INFO - DAG(s) 'example_complex' retrieved from /root/.cache/pypoetry/virtualenvs/freeprise-matchmaker-BsnH11MF-py3.8/lib/python3.8/site-packages/airflow/example_dags/example_complex.py
[2024-07-25T07:54:43.319+0000] {logging_mixin.py:188} INFO - [2024-07-25T07:54:43.319+0000] {dag.py:3089} INFO - Sync 1 DAGs
[2024-07-25T07:54:43.341+0000] {logging_mixin.py:188} INFO - [2024-07-25T07:54:43.340+0000] {dag.py:3947} INFO - Setting next_dagrun for example_complex to None, run_after=None
[2024-07-25T07:54:43.369+0000] {processor.py:183} INFO - Processing /root/.cache/pypoetry/virtualenvs/freeprise-matchmaker-BsnH11MF-py3.8/lib/python3.8/site-packages/airflow/example_dags/example_complex.py took 0.165 seconds
[2024-07-25T07:55:13.435+0000] {processor.py:161} INFO - Started process (PID=2773) to work on /root/.cache/pypoetry/virtualenvs/freeprise-matchmaker-BsnH11MF-py3.8/lib/python3.8/site-packages/airflow/example_dags/example_complex.py
[2024-07-25T07:55:13.437+0000] {processor.py:830} INFO - Processing file /root/.cache/pypoetry/virtualenvs/freeprise-matchmaker-BsnH11MF-py3.8/lib/python3.8/site-packages/airflow/example_dags/example_complex.py for tasks to queue
[2024-07-25T07:55:13.439+0000] {logging_mixin.py:188} INFO - [2024-07-25T07:55:13.439+0000] {dagbag.py:545} INFO - Filling up the DagBag from /root/.cache/pypoetry/virtualenvs/freeprise-matchmaker-BsnH11MF-py3.8/lib/python3.8/site-packages/airflow/example_dags/example_complex.py
[2024-07-25T07:55:13.459+0000] {processor.py:840} INFO - DAG(s) 'example_complex' retrieved from /root/.cache/pypoetry/virtualenvs/freeprise-matchmaker-BsnH11MF-py3.8/lib/python3.8/site-packages/airflow/example_dags/example_complex.py
[2024-07-25T07:55:13.523+0000] {logging_mixin.py:188} INFO - [2024-07-25T07:55:13.523+0000] {dag.py:3089} INFO - Sync 1 DAGs
[2024-07-25T07:55:13.543+0000] {logging_mixin.py:188} INFO - [2024-07-25T07:55:13.543+0000] {dag.py:3947} INFO - Setting next_dagrun for example_complex to None, run_after=None
[2024-07-25T07:55:13.570+0000] {processor.py:183} INFO - Processing /root/.cache/pypoetry/virtualenvs/freeprise-matchmaker-BsnH11MF-py3.8/lib/python3.8/site-packages/airflow/example_dags/example_complex.py took 0.148 seconds
[2024-07-25T07:55:43.662+0000] {processor.py:161} INFO - Started process (PID=3037) to work on /root/.cache/pypoetry/virtualenvs/freeprise-matchmaker-BsnH11MF-py3.8/lib/python3.8/site-packages/airflow/example_dags/example_complex.py
[2024-07-25T07:55:43.664+0000] {processor.py:830} INFO - Processing file /root/.cache/pypoetry/virtualenvs/freeprise-matchmaker-BsnH11MF-py3.8/lib/python3.8/site-packages/airflow/example_dags/example_complex.py for tasks to queue
[2024-07-25T07:55:43.666+0000] {logging_mixin.py:188} INFO - [2024-07-25T07:55:43.666+0000] {dagbag.py:545} INFO - Filling up the DagBag from /root/.cache/pypoetry/virtualenvs/freeprise-matchmaker-BsnH11MF-py3.8/lib/python3.8/site-packages/airflow/example_dags/example_complex.py
[2024-07-25T07:55:43.685+0000] {processor.py:840} INFO - DAG(s) 'example_complex' retrieved from /root/.cache/pypoetry/virtualenvs/freeprise-matchmaker-BsnH11MF-py3.8/lib/python3.8/site-packages/airflow/example_dags/example_complex.py
[2024-07-25T07:55:43.754+0000] {logging_mixin.py:188} INFO - [2024-07-25T07:55:43.754+0000] {dag.py:3089} INFO - Sync 1 DAGs
[2024-07-25T07:55:43.774+0000] {logging_mixin.py:188} INFO - [2024-07-25T07:55:43.774+0000] {dag.py:3947} INFO - Setting next_dagrun for example_complex to None, run_after=None
[2024-07-25T07:55:43.802+0000] {processor.py:183} INFO - Processing /root/.cache/pypoetry/virtualenvs/freeprise-matchmaker-BsnH11MF-py3.8/lib/python3.8/site-packages/airflow/example_dags/example_complex.py took 0.151 seconds
[2024-07-25T07:56:14.220+0000] {processor.py:161} INFO - Started process (PID=3303) to work on /root/.cache/pypoetry/virtualenvs/freeprise-matchmaker-BsnH11MF-py3.8/lib/python3.8/site-packages/airflow/example_dags/example_complex.py
[2024-07-25T07:56:14.223+0000] {processor.py:830} INFO - Processing file /root/.cache/pypoetry/virtualenvs/freeprise-matchmaker-BsnH11MF-py3.8/lib/python3.8/site-packages/airflow/example_dags/example_complex.py for tasks to queue
[2024-07-25T07:56:14.226+0000] {logging_mixin.py:188} INFO - [2024-07-25T07:56:14.225+0000] {dagbag.py:545} INFO - Filling up the DagBag from /root/.cache/pypoetry/virtualenvs/freeprise-matchmaker-BsnH11MF-py3.8/lib/python3.8/site-packages/airflow/example_dags/example_complex.py
[2024-07-25T07:56:14.255+0000] {processor.py:840} INFO - DAG(s) 'example_complex' retrieved from /root/.cache/pypoetry/virtualenvs/freeprise-matchmaker-BsnH11MF-py3.8/lib/python3.8/site-packages/airflow/example_dags/example_complex.py
[2024-07-25T07:56:14.338+0000] {logging_mixin.py:188} INFO - [2024-07-25T07:56:14.338+0000] {dag.py:3089} INFO - Sync 1 DAGs
[2024-07-25T07:56:14.366+0000] {logging_mixin.py:188} INFO - [2024-07-25T07:56:14.365+0000] {dag.py:3947} INFO - Setting next_dagrun for example_complex to None, run_after=None
[2024-07-25T07:56:14.400+0000] {processor.py:183} INFO - Processing /root/.cache/pypoetry/virtualenvs/freeprise-matchmaker-BsnH11MF-py3.8/lib/python3.8/site-packages/airflow/example_dags/example_complex.py took 0.198 seconds
[2024-07-25T07:56:45.031+0000] {processor.py:161} INFO - Started process (PID=3569) to work on /root/.cache/pypoetry/virtualenvs/freeprise-matchmaker-BsnH11MF-py3.8/lib/python3.8/site-packages/airflow/example_dags/example_complex.py
[2024-07-25T07:56:45.032+0000] {processor.py:830} INFO - Processing file /root/.cache/pypoetry/virtualenvs/freeprise-matchmaker-BsnH11MF-py3.8/lib/python3.8/site-packages/airflow/example_dags/example_complex.py for tasks to queue
[2024-07-25T07:56:45.036+0000] {logging_mixin.py:188} INFO - [2024-07-25T07:56:45.035+0000] {dagbag.py:545} INFO - Filling up the DagBag from /root/.cache/pypoetry/virtualenvs/freeprise-matchmaker-BsnH11MF-py3.8/lib/python3.8/site-packages/airflow/example_dags/example_complex.py
[2024-07-25T07:56:45.059+0000] {processor.py:840} INFO - DAG(s) 'example_complex' retrieved from /root/.cache/pypoetry/virtualenvs/freeprise-matchmaker-BsnH11MF-py3.8/lib/python3.8/site-packages/airflow/example_dags/example_complex.py
[2024-07-25T07:56:45.129+0000] {logging_mixin.py:188} INFO - [2024-07-25T07:56:45.128+0000] {dag.py:3089} INFO - Sync 1 DAGs
[2024-07-25T07:56:45.152+0000] {logging_mixin.py:188} INFO - [2024-07-25T07:56:45.152+0000] {dag.py:3947} INFO - Setting next_dagrun for example_complex to None, run_after=None
[2024-07-25T07:56:45.182+0000] {processor.py:183} INFO - Processing /root/.cache/pypoetry/virtualenvs/freeprise-matchmaker-BsnH11MF-py3.8/lib/python3.8/site-packages/airflow/example_dags/example_complex.py took 0.169 seconds
[2024-07-25T07:57:15.267+0000] {processor.py:161} INFO - Started process (PID=3832) to work on /root/.cache/pypoetry/virtualenvs/freeprise-matchmaker-BsnH11MF-py3.8/lib/python3.8/site-packages/airflow/example_dags/example_complex.py
[2024-07-25T07:57:15.269+0000] {processor.py:830} INFO - Processing file /root/.cache/pypoetry/virtualenvs/freeprise-matchmaker-BsnH11MF-py3.8/lib/python3.8/site-packages/airflow/example_dags/example_complex.py for tasks to queue
[2024-07-25T07:57:15.271+0000] {logging_mixin.py:188} INFO - [2024-07-25T07:57:15.271+0000] {dagbag.py:545} INFO - Filling up the DagBag from /root/.cache/pypoetry/virtualenvs/freeprise-matchmaker-BsnH11MF-py3.8/lib/python3.8/site-packages/airflow/example_dags/example_complex.py
[2024-07-25T07:57:15.291+0000] {processor.py:840} INFO - DAG(s) 'example_complex' retrieved from /root/.cache/pypoetry/virtualenvs/freeprise-matchmaker-BsnH11MF-py3.8/lib/python3.8/site-packages/airflow/example_dags/example_complex.py
[2024-07-25T07:57:15.357+0000] {logging_mixin.py:188} INFO - [2024-07-25T07:57:15.357+0000] {dag.py:3089} INFO - Sync 1 DAGs
[2024-07-25T07:57:15.378+0000] {logging_mixin.py:188} INFO - [2024-07-25T07:57:15.378+0000] {dag.py:3947} INFO - Setting next_dagrun for example_complex to None, run_after=None
[2024-07-25T07:57:15.407+0000] {processor.py:183} INFO - Processing /root/.cache/pypoetry/virtualenvs/freeprise-matchmaker-BsnH11MF-py3.8/lib/python3.8/site-packages/airflow/example_dags/example_complex.py took 0.152 seconds
[2024-07-25T07:57:45.833+0000] {processor.py:161} INFO - Started process (PID=4101) to work on /root/.cache/pypoetry/virtualenvs/freeprise-matchmaker-BsnH11MF-py3.8/lib/python3.8/site-packages/airflow/example_dags/example_complex.py
[2024-07-25T07:57:45.835+0000] {processor.py:830} INFO - Processing file /root/.cache/pypoetry/virtualenvs/freeprise-matchmaker-BsnH11MF-py3.8/lib/python3.8/site-packages/airflow/example_dags/example_complex.py for tasks to queue
[2024-07-25T07:57:45.839+0000] {logging_mixin.py:188} INFO - [2024-07-25T07:57:45.838+0000] {dagbag.py:545} INFO - Filling up the DagBag from /root/.cache/pypoetry/virtualenvs/freeprise-matchmaker-BsnH11MF-py3.8/lib/python3.8/site-packages/airflow/example_dags/example_complex.py
[2024-07-25T07:57:45.867+0000] {processor.py:840} INFO - DAG(s) 'example_complex' retrieved from /root/.cache/pypoetry/virtualenvs/freeprise-matchmaker-BsnH11MF-py3.8/lib/python3.8/site-packages/airflow/example_dags/example_complex.py
[2024-07-25T07:57:45.949+0000] {logging_mixin.py:188} INFO - [2024-07-25T07:57:45.949+0000] {dag.py:3089} INFO - Sync 1 DAGs
[2024-07-25T07:57:45.974+0000] {logging_mixin.py:188} INFO - [2024-07-25T07:57:45.973+0000] {dag.py:3947} INFO - Setting next_dagrun for example_complex to None, run_after=None
[2024-07-25T07:57:46.002+0000] {processor.py:183} INFO - Processing /root/.cache/pypoetry/virtualenvs/freeprise-matchmaker-BsnH11MF-py3.8/lib/python3.8/site-packages/airflow/example_dags/example_complex.py took 0.185 seconds
[2024-07-25T07:58:16.106+0000] {processor.py:161} INFO - Started process (PID=4364) to work on /root/.cache/pypoetry/virtualenvs/freeprise-matchmaker-BsnH11MF-py3.8/lib/python3.8/site-packages/airflow/example_dags/example_complex.py
[2024-07-25T07:58:16.107+0000] {processor.py:830} INFO - Processing file /root/.cache/pypoetry/virtualenvs/freeprise-matchmaker-BsnH11MF-py3.8/lib/python3.8/site-packages/airflow/example_dags/example_complex.py for tasks to queue
[2024-07-25T07:58:16.110+0000] {logging_mixin.py:188} INFO - [2024-07-25T07:58:16.109+0000] {dagbag.py:545} INFO - Filling up the DagBag from /root/.cache/pypoetry/virtualenvs/freeprise-matchmaker-BsnH11MF-py3.8/lib/python3.8/site-packages/airflow/example_dags/example_complex.py
[2024-07-25T07:58:16.130+0000] {processor.py:840} INFO - DAG(s) 'example_complex' retrieved from /root/.cache/pypoetry/virtualenvs/freeprise-matchmaker-BsnH11MF-py3.8/lib/python3.8/site-packages/airflow/example_dags/example_complex.py
[2024-07-25T07:58:16.197+0000] {logging_mixin.py:188} INFO - [2024-07-25T07:58:16.197+0000] {dag.py:3089} INFO - Sync 1 DAGs
[2024-07-25T07:58:16.217+0000] {logging_mixin.py:188} INFO - [2024-07-25T07:58:16.217+0000] {dag.py:3947} INFO - Setting next_dagrun for example_complex to None, run_after=None
[2024-07-25T07:58:16.247+0000] {processor.py:183} INFO - Processing /root/.cache/pypoetry/virtualenvs/freeprise-matchmaker-BsnH11MF-py3.8/lib/python3.8/site-packages/airflow/example_dags/example_complex.py took 0.154 seconds
[2024-07-25T07:58:46.632+0000] {processor.py:161} INFO - Started process (PID=4633) to work on /root/.cache/pypoetry/virtualenvs/freeprise-matchmaker-BsnH11MF-py3.8/lib/python3.8/site-packages/airflow/example_dags/example_complex.py
[2024-07-25T07:58:46.635+0000] {processor.py:830} INFO - Processing file /root/.cache/pypoetry/virtualenvs/freeprise-matchmaker-BsnH11MF-py3.8/lib/python3.8/site-packages/airflow/example_dags/example_complex.py for tasks to queue
[2024-07-25T07:58:46.638+0000] {logging_mixin.py:188} INFO - [2024-07-25T07:58:46.637+0000] {dagbag.py:545} INFO - Filling up the DagBag from /root/.cache/pypoetry/virtualenvs/freeprise-matchmaker-BsnH11MF-py3.8/lib/python3.8/site-packages/airflow/example_dags/example_complex.py
[2024-07-25T07:58:46.667+0000] {processor.py:840} INFO - DAG(s) 'example_complex' retrieved from /root/.cache/pypoetry/virtualenvs/freeprise-matchmaker-BsnH11MF-py3.8/lib/python3.8/site-packages/airflow/example_dags/example_complex.py
[2024-07-25T07:58:46.740+0000] {logging_mixin.py:188} INFO - [2024-07-25T07:58:46.739+0000] {dag.py:3089} INFO - Sync 1 DAGs
[2024-07-25T07:58:46.761+0000] {logging_mixin.py:188} INFO - [2024-07-25T07:58:46.761+0000] {dag.py:3947} INFO - Setting next_dagrun for example_complex to None, run_after=None
[2024-07-25T07:58:46.792+0000] {processor.py:183} INFO - Processing /root/.cache/pypoetry/virtualenvs/freeprise-matchmaker-BsnH11MF-py3.8/lib/python3.8/site-packages/airflow/example_dags/example_complex.py took 0.177 seconds
[2024-07-25T07:59:17.211+0000] {processor.py:161} INFO - Started process (PID=4899) to work on /root/.cache/pypoetry/virtualenvs/freeprise-matchmaker-BsnH11MF-py3.8/lib/python3.8/site-packages/airflow/example_dags/example_complex.py
[2024-07-25T07:59:17.213+0000] {processor.py:830} INFO - Processing file /root/.cache/pypoetry/virtualenvs/freeprise-matchmaker-BsnH11MF-py3.8/lib/python3.8/site-packages/airflow/example_dags/example_complex.py for tasks to queue
[2024-07-25T07:59:17.216+0000] {logging_mixin.py:188} INFO - [2024-07-25T07:59:17.216+0000] {dagbag.py:545} INFO - Filling up the DagBag from /root/.cache/pypoetry/virtualenvs/freeprise-matchmaker-BsnH11MF-py3.8/lib/python3.8/site-packages/airflow/example_dags/example_complex.py
[2024-07-25T07:59:17.244+0000] {processor.py:840} INFO - DAG(s) 'example_complex' retrieved from /root/.cache/pypoetry/virtualenvs/freeprise-matchmaker-BsnH11MF-py3.8/lib/python3.8/site-packages/airflow/example_dags/example_complex.py
[2024-07-25T07:59:17.313+0000] {logging_mixin.py:188} INFO - [2024-07-25T07:59:17.312+0000] {dag.py:3089} INFO - Sync 1 DAGs
[2024-07-25T07:59:17.333+0000] {logging_mixin.py:188} INFO - [2024-07-25T07:59:17.333+0000] {dag.py:3947} INFO - Setting next_dagrun for example_complex to None, run_after=None
[2024-07-25T07:59:17.369+0000] {processor.py:183} INFO - Processing /root/.cache/pypoetry/virtualenvs/freeprise-matchmaker-BsnH11MF-py3.8/lib/python3.8/site-packages/airflow/example_dags/example_complex.py took 0.175 seconds
[2024-07-25T07:59:48.113+0000] {processor.py:161} INFO - Started process (PID=5165) to work on /root/.cache/pypoetry/virtualenvs/freeprise-matchmaker-BsnH11MF-py3.8/lib/python3.8/site-packages/airflow/example_dags/example_complex.py
[2024-07-25T07:59:48.115+0000] {processor.py:830} INFO - Processing file /root/.cache/pypoetry/virtualenvs/freeprise-matchmaker-BsnH11MF-py3.8/lib/python3.8/site-packages/airflow/example_dags/example_complex.py for tasks to queue
[2024-07-25T07:59:48.117+0000] {logging_mixin.py:188} INFO - [2024-07-25T07:59:48.117+0000] {dagbag.py:545} INFO - Filling up the DagBag from /root/.cache/pypoetry/virtualenvs/freeprise-matchmaker-BsnH11MF-py3.8/lib/python3.8/site-packages/airflow/example_dags/example_complex.py
[2024-07-25T07:59:48.139+0000] {processor.py:840} INFO - DAG(s) 'example_complex' retrieved from /root/.cache/pypoetry/virtualenvs/freeprise-matchmaker-BsnH11MF-py3.8/lib/python3.8/site-packages/airflow/example_dags/example_complex.py
[2024-07-25T07:59:48.222+0000] {logging_mixin.py:188} INFO - [2024-07-25T07:59:48.222+0000] {dag.py:3089} INFO - Sync 1 DAGs
[2024-07-25T07:59:48.246+0000] {logging_mixin.py:188} INFO - [2024-07-25T07:59:48.246+0000] {dag.py:3947} INFO - Setting next_dagrun for example_complex to None, run_after=None
[2024-07-25T07:59:48.277+0000] {processor.py:183} INFO - Processing /root/.cache/pypoetry/virtualenvs/freeprise-matchmaker-BsnH11MF-py3.8/lib/python3.8/site-packages/airflow/example_dags/example_complex.py took 0.176 seconds
[2024-07-25T08:00:19.200+0000] {processor.py:161} INFO - Started process (PID=5432) to work on /root/.cache/pypoetry/virtualenvs/freeprise-matchmaker-BsnH11MF-py3.8/lib/python3.8/site-packages/airflow/example_dags/example_complex.py
[2024-07-25T08:00:19.202+0000] {processor.py:830} INFO - Processing file /root/.cache/pypoetry/virtualenvs/freeprise-matchmaker-BsnH11MF-py3.8/lib/python3.8/site-packages/airflow/example_dags/example_complex.py for tasks to queue
[2024-07-25T08:00:19.204+0000] {logging_mixin.py:188} INFO - [2024-07-25T08:00:19.203+0000] {dagbag.py:545} INFO - Filling up the DagBag from /root/.cache/pypoetry/virtualenvs/freeprise-matchmaker-BsnH11MF-py3.8/lib/python3.8/site-packages/airflow/example_dags/example_complex.py
[2024-07-25T08:00:19.223+0000] {processor.py:840} INFO - DAG(s) 'example_complex' retrieved from /root/.cache/pypoetry/virtualenvs/freeprise-matchmaker-BsnH11MF-py3.8/lib/python3.8/site-packages/airflow/example_dags/example_complex.py
[2024-07-25T08:00:19.295+0000] {logging_mixin.py:188} INFO - [2024-07-25T08:00:19.294+0000] {dag.py:3089} INFO - Sync 1 DAGs
[2024-07-25T08:00:19.319+0000] {logging_mixin.py:188} INFO - [2024-07-25T08:00:19.319+0000] {dag.py:3947} INFO - Setting next_dagrun for example_complex to None, run_after=None
[2024-07-25T08:00:19.354+0000] {processor.py:183} INFO - Processing /root/.cache/pypoetry/virtualenvs/freeprise-matchmaker-BsnH11MF-py3.8/lib/python3.8/site-packages/airflow/example_dags/example_complex.py took 0.166 seconds
[2024-07-25T08:00:54.564+0000] {processor.py:161} INFO - Started process (PID=5702) to work on /root/.cache/pypoetry/virtualenvs/freeprise-matchmaker-BsnH11MF-py3.8/lib/python3.8/site-packages/airflow/example_dags/example_complex.py
[2024-07-25T08:00:54.566+0000] {processor.py:830} INFO - Processing file /root/.cache/pypoetry/virtualenvs/freeprise-matchmaker-BsnH11MF-py3.8/lib/python3.8/site-packages/airflow/example_dags/example_complex.py for tasks to queue
[2024-07-25T08:00:54.570+0000] {logging_mixin.py:188} INFO - [2024-07-25T08:00:54.569+0000] {dagbag.py:545} INFO - Filling up the DagBag from /root/.cache/pypoetry/virtualenvs/freeprise-matchmaker-BsnH11MF-py3.8/lib/python3.8/site-packages/airflow/example_dags/example_complex.py
[2024-07-25T08:00:54.607+0000] {processor.py:840} INFO - DAG(s) 'example_complex' retrieved from /root/.cache/pypoetry/virtualenvs/freeprise-matchmaker-BsnH11MF-py3.8/lib/python3.8/site-packages/airflow/example_dags/example_complex.py
[2024-07-25T08:00:54.740+0000] {logging_mixin.py:188} INFO - [2024-07-25T08:00:54.739+0000] {dag.py:3089} INFO - Sync 1 DAGs
[2024-07-25T08:00:54.788+0000] {logging_mixin.py:188} INFO - [2024-07-25T08:00:54.787+0000] {dag.py:3947} INFO - Setting next_dagrun for example_complex to None, run_after=None
[2024-07-25T08:00:54.844+0000] {processor.py:183} INFO - Processing /root/.cache/pypoetry/virtualenvs/freeprise-matchmaker-BsnH11MF-py3.8/lib/python3.8/site-packages/airflow/example_dags/example_complex.py took 0.299 seconds
