[2024-07-25T07:50:29.746+0000] {processor.py:161} INFO - Started process (PID=257) to work on /root/.cache/pypoetry/virtualenvs/freeprise-matchmaker-BsnH11MF-py3.8/lib/python3.8/site-packages/airflow/example_dags/example_task_group_decorator.py
[2024-07-25T07:50:29.748+0000] {processor.py:830} INFO - Processing file /root/.cache/pypoetry/virtualenvs/freeprise-matchmaker-BsnH11MF-py3.8/lib/python3.8/site-packages/airflow/example_dags/example_task_group_decorator.py for tasks to queue
[2024-07-25T07:50:29.750+0000] {logging_mixin.py:188} INFO - [2024-07-25T07:50:29.750+0000] {dagbag.py:545} INFO - Filling up the DagBag from /root/.cache/pypoetry/virtualenvs/freeprise-matchmaker-BsnH11MF-py3.8/lib/python3.8/site-packages/airflow/example_dags/example_task_group_decorator.py
[2024-07-25T07:50:29.788+0000] {processor.py:840} INFO - DAG(s) 'example_task_group_decorator' retrieved from /root/.cache/pypoetry/virtualenvs/freeprise-matchmaker-BsnH11MF-py3.8/lib/python3.8/site-packages/airflow/example_dags/example_task_group_decorator.py
[2024-07-25T07:50:29.821+0000] {logging_mixin.py:188} INFO - [2024-07-25T07:50:29.821+0000] {dag.py:3089} INFO - Sync 1 DAGs
[2024-07-25T07:50:29.869+0000] {logging_mixin.py:188} INFO - [2024-07-25T07:50:29.868+0000] {dag.py:3947} INFO - Setting next_dagrun for example_task_group_decorator to 2024-07-24 00:00:00+00:00, run_after=2024-07-25 00:00:00+00:00
[2024-07-25T07:50:29.907+0000] {processor.py:183} INFO - Processing /root/.cache/pypoetry/virtualenvs/freeprise-matchmaker-BsnH11MF-py3.8/lib/python3.8/site-packages/airflow/example_dags/example_task_group_decorator.py took 0.175 seconds
[2024-07-25T07:51:02.515+0000] {processor.py:161} INFO - Started process (PID=525) to work on /root/.cache/pypoetry/virtualenvs/freeprise-matchmaker-BsnH11MF-py3.8/lib/python3.8/site-packages/airflow/example_dags/example_task_group_decorator.py
[2024-07-25T07:51:02.517+0000] {processor.py:830} INFO - Processing file /root/.cache/pypoetry/virtualenvs/freeprise-matchmaker-BsnH11MF-py3.8/lib/python3.8/site-packages/airflow/example_dags/example_task_group_decorator.py for tasks to queue
[2024-07-25T07:51:02.521+0000] {logging_mixin.py:188} INFO - [2024-07-25T07:51:02.520+0000] {dagbag.py:545} INFO - Filling up the DagBag from /root/.cache/pypoetry/virtualenvs/freeprise-matchmaker-BsnH11MF-py3.8/lib/python3.8/site-packages/airflow/example_dags/example_task_group_decorator.py
[2024-07-25T07:51:02.543+0000] {processor.py:840} INFO - DAG(s) 'example_task_group_decorator' retrieved from /root/.cache/pypoetry/virtualenvs/freeprise-matchmaker-BsnH11MF-py3.8/lib/python3.8/site-packages/airflow/example_dags/example_task_group_decorator.py
[2024-07-25T07:51:02.861+0000] {logging_mixin.py:188} INFO - [2024-07-25T07:51:02.861+0000] {dag.py:3089} INFO - Sync 1 DAGs
[2024-07-25T07:51:02.888+0000] {logging_mixin.py:188} INFO - [2024-07-25T07:51:02.888+0000] {dag.py:3947} INFO - Setting next_dagrun for example_task_group_decorator to 2024-07-24 00:00:00+00:00, run_after=2024-07-25 00:00:00+00:00
[2024-07-25T07:51:02.917+0000] {processor.py:183} INFO - Processing /root/.cache/pypoetry/virtualenvs/freeprise-matchmaker-BsnH11MF-py3.8/lib/python3.8/site-packages/airflow/example_dags/example_task_group_decorator.py took 0.414 seconds
[2024-07-25T07:51:32.975+0000] {processor.py:161} INFO - Started process (PID=791) to work on /root/.cache/pypoetry/virtualenvs/freeprise-matchmaker-BsnH11MF-py3.8/lib/python3.8/site-packages/airflow/example_dags/example_task_group_decorator.py
[2024-07-25T07:51:32.977+0000] {processor.py:830} INFO - Processing file /root/.cache/pypoetry/virtualenvs/freeprise-matchmaker-BsnH11MF-py3.8/lib/python3.8/site-packages/airflow/example_dags/example_task_group_decorator.py for tasks to queue
[2024-07-25T07:51:32.979+0000] {logging_mixin.py:188} INFO - [2024-07-25T07:51:32.979+0000] {dagbag.py:545} INFO - Filling up the DagBag from /root/.cache/pypoetry/virtualenvs/freeprise-matchmaker-BsnH11MF-py3.8/lib/python3.8/site-packages/airflow/example_dags/example_task_group_decorator.py
[2024-07-25T07:51:33.155+0000] {processor.py:840} INFO - DAG(s) 'example_task_group_decorator' retrieved from /root/.cache/pypoetry/virtualenvs/freeprise-matchmaker-BsnH11MF-py3.8/lib/python3.8/site-packages/airflow/example_dags/example_task_group_decorator.py
[2024-07-25T07:51:33.200+0000] {logging_mixin.py:188} INFO - [2024-07-25T07:51:33.200+0000] {dag.py:3089} INFO - Sync 1 DAGs
[2024-07-25T07:51:33.233+0000] {logging_mixin.py:188} INFO - [2024-07-25T07:51:33.233+0000] {dag.py:3947} INFO - Setting next_dagrun for example_task_group_decorator to 2024-07-24 00:00:00+00:00, run_after=2024-07-25 00:00:00+00:00
[2024-07-25T07:51:33.260+0000] {processor.py:183} INFO - Processing /root/.cache/pypoetry/virtualenvs/freeprise-matchmaker-BsnH11MF-py3.8/lib/python3.8/site-packages/airflow/example_dags/example_task_group_decorator.py took 0.296 seconds
[2024-07-25T07:52:04.228+0000] {processor.py:161} INFO - Started process (PID=1057) to work on /root/.cache/pypoetry/virtualenvs/freeprise-matchmaker-BsnH11MF-py3.8/lib/python3.8/site-packages/airflow/example_dags/example_task_group_decorator.py
[2024-07-25T07:52:04.230+0000] {processor.py:830} INFO - Processing file /root/.cache/pypoetry/virtualenvs/freeprise-matchmaker-BsnH11MF-py3.8/lib/python3.8/site-packages/airflow/example_dags/example_task_group_decorator.py for tasks to queue
[2024-07-25T07:52:04.234+0000] {logging_mixin.py:188} INFO - [2024-07-25T07:52:04.233+0000] {dagbag.py:545} INFO - Filling up the DagBag from /root/.cache/pypoetry/virtualenvs/freeprise-matchmaker-BsnH11MF-py3.8/lib/python3.8/site-packages/airflow/example_dags/example_task_group_decorator.py
[2024-07-25T07:52:04.256+0000] {processor.py:840} INFO - DAG(s) 'example_task_group_decorator' retrieved from /root/.cache/pypoetry/virtualenvs/freeprise-matchmaker-BsnH11MF-py3.8/lib/python3.8/site-packages/airflow/example_dags/example_task_group_decorator.py
[2024-07-25T07:52:04.307+0000] {logging_mixin.py:188} INFO - [2024-07-25T07:52:04.307+0000] {dag.py:3089} INFO - Sync 1 DAGs
[2024-07-25T07:52:04.339+0000] {logging_mixin.py:188} INFO - [2024-07-25T07:52:04.339+0000] {dag.py:3947} INFO - Setting next_dagrun for example_task_group_decorator to 2024-07-24 00:00:00+00:00, run_after=2024-07-25 00:00:00+00:00
[2024-07-25T07:52:04.365+0000] {processor.py:183} INFO - Processing /root/.cache/pypoetry/virtualenvs/freeprise-matchmaker-BsnH11MF-py3.8/lib/python3.8/site-packages/airflow/example_dags/example_task_group_decorator.py took 0.149 seconds
[2024-07-25T07:52:35.265+0000] {processor.py:161} INFO - Started process (PID=1323) to work on /root/.cache/pypoetry/virtualenvs/freeprise-matchmaker-BsnH11MF-py3.8/lib/python3.8/site-packages/airflow/example_dags/example_task_group_decorator.py
[2024-07-25T07:52:35.266+0000] {processor.py:830} INFO - Processing file /root/.cache/pypoetry/virtualenvs/freeprise-matchmaker-BsnH11MF-py3.8/lib/python3.8/site-packages/airflow/example_dags/example_task_group_decorator.py for tasks to queue
[2024-07-25T07:52:35.270+0000] {logging_mixin.py:188} INFO - [2024-07-25T07:52:35.269+0000] {dagbag.py:545} INFO - Filling up the DagBag from /root/.cache/pypoetry/virtualenvs/freeprise-matchmaker-BsnH11MF-py3.8/lib/python3.8/site-packages/airflow/example_dags/example_task_group_decorator.py
[2024-07-25T07:52:35.293+0000] {processor.py:840} INFO - DAG(s) 'example_task_group_decorator' retrieved from /root/.cache/pypoetry/virtualenvs/freeprise-matchmaker-BsnH11MF-py3.8/lib/python3.8/site-packages/airflow/example_dags/example_task_group_decorator.py
[2024-07-25T07:52:35.349+0000] {logging_mixin.py:188} INFO - [2024-07-25T07:52:35.348+0000] {dag.py:3089} INFO - Sync 1 DAGs
[2024-07-25T07:52:35.384+0000] {logging_mixin.py:188} INFO - [2024-07-25T07:52:35.384+0000] {dag.py:3947} INFO - Setting next_dagrun for example_task_group_decorator to 2024-07-24 00:00:00+00:00, run_after=2024-07-25 00:00:00+00:00
[2024-07-25T07:52:35.414+0000] {processor.py:183} INFO - Processing /root/.cache/pypoetry/virtualenvs/freeprise-matchmaker-BsnH11MF-py3.8/lib/python3.8/site-packages/airflow/example_dags/example_task_group_decorator.py took 0.161 seconds
[2024-07-25T07:53:06.221+0000] {processor.py:161} INFO - Started process (PID=1589) to work on /root/.cache/pypoetry/virtualenvs/freeprise-matchmaker-BsnH11MF-py3.8/lib/python3.8/site-packages/airflow/example_dags/example_task_group_decorator.py
[2024-07-25T07:53:06.223+0000] {processor.py:830} INFO - Processing file /root/.cache/pypoetry/virtualenvs/freeprise-matchmaker-BsnH11MF-py3.8/lib/python3.8/site-packages/airflow/example_dags/example_task_group_decorator.py for tasks to queue
[2024-07-25T07:53:06.227+0000] {logging_mixin.py:188} INFO - [2024-07-25T07:53:06.226+0000] {dagbag.py:545} INFO - Filling up the DagBag from /root/.cache/pypoetry/virtualenvs/freeprise-matchmaker-BsnH11MF-py3.8/lib/python3.8/site-packages/airflow/example_dags/example_task_group_decorator.py
[2024-07-25T07:53:06.263+0000] {processor.py:840} INFO - DAG(s) 'example_task_group_decorator' retrieved from /root/.cache/pypoetry/virtualenvs/freeprise-matchmaker-BsnH11MF-py3.8/lib/python3.8/site-packages/airflow/example_dags/example_task_group_decorator.py
[2024-07-25T07:53:06.317+0000] {logging_mixin.py:188} INFO - [2024-07-25T07:53:06.316+0000] {dag.py:3089} INFO - Sync 1 DAGs
[2024-07-25T07:53:06.351+0000] {logging_mixin.py:188} INFO - [2024-07-25T07:53:06.351+0000] {dag.py:3947} INFO - Setting next_dagrun for example_task_group_decorator to 2024-07-24 00:00:00+00:00, run_after=2024-07-25 00:00:00+00:00
[2024-07-25T07:53:06.380+0000] {processor.py:183} INFO - Processing /root/.cache/pypoetry/virtualenvs/freeprise-matchmaker-BsnH11MF-py3.8/lib/python3.8/site-packages/airflow/example_dags/example_task_group_decorator.py took 0.177 seconds
[2024-07-25T07:53:36.800+0000] {processor.py:161} INFO - Started process (PID=1855) to work on /root/.cache/pypoetry/virtualenvs/freeprise-matchmaker-BsnH11MF-py3.8/lib/python3.8/site-packages/airflow/example_dags/example_task_group_decorator.py
[2024-07-25T07:53:36.802+0000] {processor.py:830} INFO - Processing file /root/.cache/pypoetry/virtualenvs/freeprise-matchmaker-BsnH11MF-py3.8/lib/python3.8/site-packages/airflow/example_dags/example_task_group_decorator.py for tasks to queue
[2024-07-25T07:53:36.806+0000] {logging_mixin.py:188} INFO - [2024-07-25T07:53:36.805+0000] {dagbag.py:545} INFO - Filling up the DagBag from /root/.cache/pypoetry/virtualenvs/freeprise-matchmaker-BsnH11MF-py3.8/lib/python3.8/site-packages/airflow/example_dags/example_task_group_decorator.py
[2024-07-25T07:53:36.829+0000] {processor.py:840} INFO - DAG(s) 'example_task_group_decorator' retrieved from /root/.cache/pypoetry/virtualenvs/freeprise-matchmaker-BsnH11MF-py3.8/lib/python3.8/site-packages/airflow/example_dags/example_task_group_decorator.py
[2024-07-25T07:53:36.891+0000] {logging_mixin.py:188} INFO - [2024-07-25T07:53:36.891+0000] {dag.py:3089} INFO - Sync 1 DAGs
[2024-07-25T07:53:36.928+0000] {logging_mixin.py:188} INFO - [2024-07-25T07:53:36.927+0000] {dag.py:3947} INFO - Setting next_dagrun for example_task_group_decorator to 2024-07-24 00:00:00+00:00, run_after=2024-07-25 00:00:00+00:00
[2024-07-25T07:53:36.960+0000] {processor.py:183} INFO - Processing /root/.cache/pypoetry/virtualenvs/freeprise-matchmaker-BsnH11MF-py3.8/lib/python3.8/site-packages/airflow/example_dags/example_task_group_decorator.py took 0.173 seconds
[2024-07-25T07:54:07.292+0000] {processor.py:161} INFO - Started process (PID=2121) to work on /root/.cache/pypoetry/virtualenvs/freeprise-matchmaker-BsnH11MF-py3.8/lib/python3.8/site-packages/airflow/example_dags/example_task_group_decorator.py
[2024-07-25T07:54:07.294+0000] {processor.py:830} INFO - Processing file /root/.cache/pypoetry/virtualenvs/freeprise-matchmaker-BsnH11MF-py3.8/lib/python3.8/site-packages/airflow/example_dags/example_task_group_decorator.py for tasks to queue
[2024-07-25T07:54:07.299+0000] {logging_mixin.py:188} INFO - [2024-07-25T07:54:07.298+0000] {dagbag.py:545} INFO - Filling up the DagBag from /root/.cache/pypoetry/virtualenvs/freeprise-matchmaker-BsnH11MF-py3.8/lib/python3.8/site-packages/airflow/example_dags/example_task_group_decorator.py
[2024-07-25T07:54:07.332+0000] {processor.py:840} INFO - DAG(s) 'example_task_group_decorator' retrieved from /root/.cache/pypoetry/virtualenvs/freeprise-matchmaker-BsnH11MF-py3.8/lib/python3.8/site-packages/airflow/example_dags/example_task_group_decorator.py
[2024-07-25T07:54:07.387+0000] {logging_mixin.py:188} INFO - [2024-07-25T07:54:07.387+0000] {dag.py:3089} INFO - Sync 1 DAGs
[2024-07-25T07:54:07.420+0000] {logging_mixin.py:188} INFO - [2024-07-25T07:54:07.419+0000] {dag.py:3947} INFO - Setting next_dagrun for example_task_group_decorator to 2024-07-24 00:00:00+00:00, run_after=2024-07-25 00:00:00+00:00
[2024-07-25T07:54:07.446+0000] {processor.py:183} INFO - Processing /root/.cache/pypoetry/virtualenvs/freeprise-matchmaker-BsnH11MF-py3.8/lib/python3.8/site-packages/airflow/example_dags/example_task_group_decorator.py took 0.168 seconds
[2024-07-25T07:54:37.724+0000] {processor.py:161} INFO - Started process (PID=2387) to work on /root/.cache/pypoetry/virtualenvs/freeprise-matchmaker-BsnH11MF-py3.8/lib/python3.8/site-packages/airflow/example_dags/example_task_group_decorator.py
[2024-07-25T07:54:37.726+0000] {processor.py:830} INFO - Processing file /root/.cache/pypoetry/virtualenvs/freeprise-matchmaker-BsnH11MF-py3.8/lib/python3.8/site-packages/airflow/example_dags/example_task_group_decorator.py for tasks to queue
[2024-07-25T07:54:37.729+0000] {logging_mixin.py:188} INFO - [2024-07-25T07:54:37.729+0000] {dagbag.py:545} INFO - Filling up the DagBag from /root/.cache/pypoetry/virtualenvs/freeprise-matchmaker-BsnH11MF-py3.8/lib/python3.8/site-packages/airflow/example_dags/example_task_group_decorator.py
[2024-07-25T07:54:37.766+0000] {processor.py:840} INFO - DAG(s) 'example_task_group_decorator' retrieved from /root/.cache/pypoetry/virtualenvs/freeprise-matchmaker-BsnH11MF-py3.8/lib/python3.8/site-packages/airflow/example_dags/example_task_group_decorator.py
[2024-07-25T07:54:37.830+0000] {logging_mixin.py:188} INFO - [2024-07-25T07:54:37.830+0000] {dag.py:3089} INFO - Sync 1 DAGs
[2024-07-25T07:54:37.865+0000] {logging_mixin.py:188} INFO - [2024-07-25T07:54:37.865+0000] {dag.py:3947} INFO - Setting next_dagrun for example_task_group_decorator to 2024-07-24 00:00:00+00:00, run_after=2024-07-25 00:00:00+00:00
[2024-07-25T07:54:37.891+0000] {processor.py:183} INFO - Processing /root/.cache/pypoetry/virtualenvs/freeprise-matchmaker-BsnH11MF-py3.8/lib/python3.8/site-packages/airflow/example_dags/example_task_group_decorator.py took 0.181 seconds
[2024-07-25T07:55:08.113+0000] {processor.py:161} INFO - Started process (PID=2653) to work on /root/.cache/pypoetry/virtualenvs/freeprise-matchmaker-BsnH11MF-py3.8/lib/python3.8/site-packages/airflow/example_dags/example_task_group_decorator.py
[2024-07-25T07:55:08.115+0000] {processor.py:830} INFO - Processing file /root/.cache/pypoetry/virtualenvs/freeprise-matchmaker-BsnH11MF-py3.8/lib/python3.8/site-packages/airflow/example_dags/example_task_group_decorator.py for tasks to queue
[2024-07-25T07:55:08.118+0000] {logging_mixin.py:188} INFO - [2024-07-25T07:55:08.117+0000] {dagbag.py:545} INFO - Filling up the DagBag from /root/.cache/pypoetry/virtualenvs/freeprise-matchmaker-BsnH11MF-py3.8/lib/python3.8/site-packages/airflow/example_dags/example_task_group_decorator.py
[2024-07-25T07:55:08.142+0000] {processor.py:840} INFO - DAG(s) 'example_task_group_decorator' retrieved from /root/.cache/pypoetry/virtualenvs/freeprise-matchmaker-BsnH11MF-py3.8/lib/python3.8/site-packages/airflow/example_dags/example_task_group_decorator.py
[2024-07-25T07:55:08.195+0000] {logging_mixin.py:188} INFO - [2024-07-25T07:55:08.195+0000] {dag.py:3089} INFO - Sync 1 DAGs
[2024-07-25T07:55:08.231+0000] {logging_mixin.py:188} INFO - [2024-07-25T07:55:08.230+0000] {dag.py:3947} INFO - Setting next_dagrun for example_task_group_decorator to 2024-07-24 00:00:00+00:00, run_after=2024-07-25 00:00:00+00:00
[2024-07-25T07:55:08.261+0000] {processor.py:183} INFO - Processing /root/.cache/pypoetry/virtualenvs/freeprise-matchmaker-BsnH11MF-py3.8/lib/python3.8/site-packages/airflow/example_dags/example_task_group_decorator.py took 0.162 seconds
[2024-07-25T07:55:38.357+0000] {processor.py:161} INFO - Started process (PID=2917) to work on /root/.cache/pypoetry/virtualenvs/freeprise-matchmaker-BsnH11MF-py3.8/lib/python3.8/site-packages/airflow/example_dags/example_task_group_decorator.py
[2024-07-25T07:55:38.359+0000] {processor.py:830} INFO - Processing file /root/.cache/pypoetry/virtualenvs/freeprise-matchmaker-BsnH11MF-py3.8/lib/python3.8/site-packages/airflow/example_dags/example_task_group_decorator.py for tasks to queue
[2024-07-25T07:55:38.362+0000] {logging_mixin.py:188} INFO - [2024-07-25T07:55:38.361+0000] {dagbag.py:545} INFO - Filling up the DagBag from /root/.cache/pypoetry/virtualenvs/freeprise-matchmaker-BsnH11MF-py3.8/lib/python3.8/site-packages/airflow/example_dags/example_task_group_decorator.py
[2024-07-25T07:55:38.395+0000] {processor.py:840} INFO - DAG(s) 'example_task_group_decorator' retrieved from /root/.cache/pypoetry/virtualenvs/freeprise-matchmaker-BsnH11MF-py3.8/lib/python3.8/site-packages/airflow/example_dags/example_task_group_decorator.py
[2024-07-25T07:55:38.447+0000] {logging_mixin.py:188} INFO - [2024-07-25T07:55:38.446+0000] {dag.py:3089} INFO - Sync 1 DAGs
[2024-07-25T07:55:38.488+0000] {logging_mixin.py:188} INFO - [2024-07-25T07:55:38.488+0000] {dag.py:3947} INFO - Setting next_dagrun for example_task_group_decorator to 2024-07-24 00:00:00+00:00, run_after=2024-07-25 00:00:00+00:00
[2024-07-25T07:55:38.525+0000] {processor.py:183} INFO - Processing /root/.cache/pypoetry/virtualenvs/freeprise-matchmaker-BsnH11MF-py3.8/lib/python3.8/site-packages/airflow/example_dags/example_task_group_decorator.py took 0.183 seconds
[2024-07-25T07:56:09.027+0000] {processor.py:161} INFO - Started process (PID=3185) to work on /root/.cache/pypoetry/virtualenvs/freeprise-matchmaker-BsnH11MF-py3.8/lib/python3.8/site-packages/airflow/example_dags/example_task_group_decorator.py
[2024-07-25T07:56:09.034+0000] {processor.py:830} INFO - Processing file /root/.cache/pypoetry/virtualenvs/freeprise-matchmaker-BsnH11MF-py3.8/lib/python3.8/site-packages/airflow/example_dags/example_task_group_decorator.py for tasks to queue
[2024-07-25T07:56:09.038+0000] {logging_mixin.py:188} INFO - [2024-07-25T07:56:09.037+0000] {dagbag.py:545} INFO - Filling up the DagBag from /root/.cache/pypoetry/virtualenvs/freeprise-matchmaker-BsnH11MF-py3.8/lib/python3.8/site-packages/airflow/example_dags/example_task_group_decorator.py
[2024-07-25T07:56:09.074+0000] {processor.py:840} INFO - DAG(s) 'example_task_group_decorator' retrieved from /root/.cache/pypoetry/virtualenvs/freeprise-matchmaker-BsnH11MF-py3.8/lib/python3.8/site-packages/airflow/example_dags/example_task_group_decorator.py
[2024-07-25T07:56:09.141+0000] {logging_mixin.py:188} INFO - [2024-07-25T07:56:09.141+0000] {dag.py:3089} INFO - Sync 1 DAGs
[2024-07-25T07:56:09.185+0000] {logging_mixin.py:188} INFO - [2024-07-25T07:56:09.185+0000] {dag.py:3947} INFO - Setting next_dagrun for example_task_group_decorator to 2024-07-24 00:00:00+00:00, run_after=2024-07-25 00:00:00+00:00
[2024-07-25T07:56:09.219+0000] {processor.py:183} INFO - Processing /root/.cache/pypoetry/virtualenvs/freeprise-matchmaker-BsnH11MF-py3.8/lib/python3.8/site-packages/airflow/example_dags/example_task_group_decorator.py took 0.206 seconds
[2024-07-25T07:56:39.647+0000] {processor.py:161} INFO - Started process (PID=3446) to work on /root/.cache/pypoetry/virtualenvs/freeprise-matchmaker-BsnH11MF-py3.8/lib/python3.8/site-packages/airflow/example_dags/example_task_group_decorator.py
[2024-07-25T07:56:39.649+0000] {processor.py:830} INFO - Processing file /root/.cache/pypoetry/virtualenvs/freeprise-matchmaker-BsnH11MF-py3.8/lib/python3.8/site-packages/airflow/example_dags/example_task_group_decorator.py for tasks to queue
[2024-07-25T07:56:39.652+0000] {logging_mixin.py:188} INFO - [2024-07-25T07:56:39.652+0000] {dagbag.py:545} INFO - Filling up the DagBag from /root/.cache/pypoetry/virtualenvs/freeprise-matchmaker-BsnH11MF-py3.8/lib/python3.8/site-packages/airflow/example_dags/example_task_group_decorator.py
[2024-07-25T07:56:39.687+0000] {processor.py:840} INFO - DAG(s) 'example_task_group_decorator' retrieved from /root/.cache/pypoetry/virtualenvs/freeprise-matchmaker-BsnH11MF-py3.8/lib/python3.8/site-packages/airflow/example_dags/example_task_group_decorator.py
[2024-07-25T07:56:39.771+0000] {logging_mixin.py:188} INFO - [2024-07-25T07:56:39.771+0000] {dag.py:3089} INFO - Sync 1 DAGs
[2024-07-25T07:56:39.816+0000] {logging_mixin.py:188} INFO - [2024-07-25T07:56:39.816+0000] {dag.py:3947} INFO - Setting next_dagrun for example_task_group_decorator to 2024-07-24 00:00:00+00:00, run_after=2024-07-25 00:00:00+00:00
[2024-07-25T07:56:39.846+0000] {processor.py:183} INFO - Processing /root/.cache/pypoetry/virtualenvs/freeprise-matchmaker-BsnH11MF-py3.8/lib/python3.8/site-packages/airflow/example_dags/example_task_group_decorator.py took 0.215 seconds
[2024-07-25T07:57:09.927+0000] {processor.py:161} INFO - Started process (PID=3709) to work on /root/.cache/pypoetry/virtualenvs/freeprise-matchmaker-BsnH11MF-py3.8/lib/python3.8/site-packages/airflow/example_dags/example_task_group_decorator.py
[2024-07-25T07:57:09.934+0000] {processor.py:830} INFO - Processing file /root/.cache/pypoetry/virtualenvs/freeprise-matchmaker-BsnH11MF-py3.8/lib/python3.8/site-packages/airflow/example_dags/example_task_group_decorator.py for tasks to queue
[2024-07-25T07:57:09.937+0000] {logging_mixin.py:188} INFO - [2024-07-25T07:57:09.937+0000] {dagbag.py:545} INFO - Filling up the DagBag from /root/.cache/pypoetry/virtualenvs/freeprise-matchmaker-BsnH11MF-py3.8/lib/python3.8/site-packages/airflow/example_dags/example_task_group_decorator.py
[2024-07-25T07:57:09.961+0000] {processor.py:840} INFO - DAG(s) 'example_task_group_decorator' retrieved from /root/.cache/pypoetry/virtualenvs/freeprise-matchmaker-BsnH11MF-py3.8/lib/python3.8/site-packages/airflow/example_dags/example_task_group_decorator.py
[2024-07-25T07:57:10.015+0000] {logging_mixin.py:188} INFO - [2024-07-25T07:57:10.015+0000] {dag.py:3089} INFO - Sync 1 DAGs
[2024-07-25T07:57:10.050+0000] {logging_mixin.py:188} INFO - [2024-07-25T07:57:10.050+0000] {dag.py:3947} INFO - Setting next_dagrun for example_task_group_decorator to 2024-07-24 00:00:00+00:00, run_after=2024-07-25 00:00:00+00:00
[2024-07-25T07:57:10.077+0000] {processor.py:183} INFO - Processing /root/.cache/pypoetry/virtualenvs/freeprise-matchmaker-BsnH11MF-py3.8/lib/python3.8/site-packages/airflow/example_dags/example_task_group_decorator.py took 0.162 seconds
[2024-07-25T07:57:40.222+0000] {processor.py:161} INFO - Started process (PID=3975) to work on /root/.cache/pypoetry/virtualenvs/freeprise-matchmaker-BsnH11MF-py3.8/lib/python3.8/site-packages/airflow/example_dags/example_task_group_decorator.py
[2024-07-25T07:57:40.224+0000] {processor.py:830} INFO - Processing file /root/.cache/pypoetry/virtualenvs/freeprise-matchmaker-BsnH11MF-py3.8/lib/python3.8/site-packages/airflow/example_dags/example_task_group_decorator.py for tasks to queue
[2024-07-25T07:57:40.227+0000] {logging_mixin.py:188} INFO - [2024-07-25T07:57:40.226+0000] {dagbag.py:545} INFO - Filling up the DagBag from /root/.cache/pypoetry/virtualenvs/freeprise-matchmaker-BsnH11MF-py3.8/lib/python3.8/site-packages/airflow/example_dags/example_task_group_decorator.py
[2024-07-25T07:57:40.251+0000] {processor.py:840} INFO - DAG(s) 'example_task_group_decorator' retrieved from /root/.cache/pypoetry/virtualenvs/freeprise-matchmaker-BsnH11MF-py3.8/lib/python3.8/site-packages/airflow/example_dags/example_task_group_decorator.py
[2024-07-25T07:57:40.304+0000] {logging_mixin.py:188} INFO - [2024-07-25T07:57:40.303+0000] {dag.py:3089} INFO - Sync 1 DAGs
[2024-07-25T07:57:40.339+0000] {logging_mixin.py:188} INFO - [2024-07-25T07:57:40.339+0000] {dag.py:3947} INFO - Setting next_dagrun for example_task_group_decorator to 2024-07-24 00:00:00+00:00, run_after=2024-07-25 00:00:00+00:00
[2024-07-25T07:57:40.368+0000] {processor.py:183} INFO - Processing /root/.cache/pypoetry/virtualenvs/freeprise-matchmaker-BsnH11MF-py3.8/lib/python3.8/site-packages/airflow/example_dags/example_task_group_decorator.py took 0.158 seconds
[2024-07-25T07:58:10.573+0000] {processor.py:161} INFO - Started process (PID=4241) to work on /root/.cache/pypoetry/virtualenvs/freeprise-matchmaker-BsnH11MF-py3.8/lib/python3.8/site-packages/airflow/example_dags/example_task_group_decorator.py
[2024-07-25T07:58:10.574+0000] {processor.py:830} INFO - Processing file /root/.cache/pypoetry/virtualenvs/freeprise-matchmaker-BsnH11MF-py3.8/lib/python3.8/site-packages/airflow/example_dags/example_task_group_decorator.py for tasks to queue
[2024-07-25T07:58:10.577+0000] {logging_mixin.py:188} INFO - [2024-07-25T07:58:10.576+0000] {dagbag.py:545} INFO - Filling up the DagBag from /root/.cache/pypoetry/virtualenvs/freeprise-matchmaker-BsnH11MF-py3.8/lib/python3.8/site-packages/airflow/example_dags/example_task_group_decorator.py
[2024-07-25T07:58:10.601+0000] {processor.py:840} INFO - DAG(s) 'example_task_group_decorator' retrieved from /root/.cache/pypoetry/virtualenvs/freeprise-matchmaker-BsnH11MF-py3.8/lib/python3.8/site-packages/airflow/example_dags/example_task_group_decorator.py
[2024-07-25T07:58:10.665+0000] {logging_mixin.py:188} INFO - [2024-07-25T07:58:10.664+0000] {dag.py:3089} INFO - Sync 1 DAGs
[2024-07-25T07:58:10.702+0000] {logging_mixin.py:188} INFO - [2024-07-25T07:58:10.702+0000] {dag.py:3947} INFO - Setting next_dagrun for example_task_group_decorator to 2024-07-24 00:00:00+00:00, run_after=2024-07-25 00:00:00+00:00
[2024-07-25T07:58:10.732+0000] {processor.py:183} INFO - Processing /root/.cache/pypoetry/virtualenvs/freeprise-matchmaker-BsnH11MF-py3.8/lib/python3.8/site-packages/airflow/example_dags/example_task_group_decorator.py took 0.177 seconds
[2024-07-25T07:58:40.782+0000] {processor.py:161} INFO - Started process (PID=4507) to work on /root/.cache/pypoetry/virtualenvs/freeprise-matchmaker-BsnH11MF-py3.8/lib/python3.8/site-packages/airflow/example_dags/example_task_group_decorator.py
[2024-07-25T07:58:40.784+0000] {processor.py:830} INFO - Processing file /root/.cache/pypoetry/virtualenvs/freeprise-matchmaker-BsnH11MF-py3.8/lib/python3.8/site-packages/airflow/example_dags/example_task_group_decorator.py for tasks to queue
[2024-07-25T07:58:40.787+0000] {logging_mixin.py:188} INFO - [2024-07-25T07:58:40.786+0000] {dagbag.py:545} INFO - Filling up the DagBag from /root/.cache/pypoetry/virtualenvs/freeprise-matchmaker-BsnH11MF-py3.8/lib/python3.8/site-packages/airflow/example_dags/example_task_group_decorator.py
[2024-07-25T07:58:40.810+0000] {processor.py:840} INFO - DAG(s) 'example_task_group_decorator' retrieved from /root/.cache/pypoetry/virtualenvs/freeprise-matchmaker-BsnH11MF-py3.8/lib/python3.8/site-packages/airflow/example_dags/example_task_group_decorator.py
[2024-07-25T07:58:40.863+0000] {logging_mixin.py:188} INFO - [2024-07-25T07:58:40.863+0000] {dag.py:3089} INFO - Sync 1 DAGs
[2024-07-25T07:58:40.897+0000] {logging_mixin.py:188} INFO - [2024-07-25T07:58:40.896+0000] {dag.py:3947} INFO - Setting next_dagrun for example_task_group_decorator to 2024-07-24 00:00:00+00:00, run_after=2024-07-25 00:00:00+00:00
[2024-07-25T07:58:40.926+0000] {processor.py:183} INFO - Processing /root/.cache/pypoetry/virtualenvs/freeprise-matchmaker-BsnH11MF-py3.8/lib/python3.8/site-packages/airflow/example_dags/example_task_group_decorator.py took 0.162 seconds
[2024-07-25T07:59:11.116+0000] {processor.py:161} INFO - Started process (PID=4773) to work on /root/.cache/pypoetry/virtualenvs/freeprise-matchmaker-BsnH11MF-py3.8/lib/python3.8/site-packages/airflow/example_dags/example_task_group_decorator.py
[2024-07-25T07:59:11.119+0000] {processor.py:830} INFO - Processing file /root/.cache/pypoetry/virtualenvs/freeprise-matchmaker-BsnH11MF-py3.8/lib/python3.8/site-packages/airflow/example_dags/example_task_group_decorator.py for tasks to queue
[2024-07-25T07:59:11.123+0000] {logging_mixin.py:188} INFO - [2024-07-25T07:59:11.123+0000] {dagbag.py:545} INFO - Filling up the DagBag from /root/.cache/pypoetry/virtualenvs/freeprise-matchmaker-BsnH11MF-py3.8/lib/python3.8/site-packages/airflow/example_dags/example_task_group_decorator.py
[2024-07-25T07:59:11.163+0000] {processor.py:840} INFO - DAG(s) 'example_task_group_decorator' retrieved from /root/.cache/pypoetry/virtualenvs/freeprise-matchmaker-BsnH11MF-py3.8/lib/python3.8/site-packages/airflow/example_dags/example_task_group_decorator.py
[2024-07-25T07:59:11.239+0000] {logging_mixin.py:188} INFO - [2024-07-25T07:59:11.239+0000] {dag.py:3089} INFO - Sync 1 DAGs
[2024-07-25T07:59:11.296+0000] {logging_mixin.py:188} INFO - [2024-07-25T07:59:11.296+0000] {dag.py:3947} INFO - Setting next_dagrun for example_task_group_decorator to 2024-07-24 00:00:00+00:00, run_after=2024-07-25 00:00:00+00:00
[2024-07-25T07:59:11.337+0000] {processor.py:183} INFO - Processing /root/.cache/pypoetry/virtualenvs/freeprise-matchmaker-BsnH11MF-py3.8/lib/python3.8/site-packages/airflow/example_dags/example_task_group_decorator.py took 0.239 seconds
[2024-07-25T07:59:41.670+0000] {processor.py:161} INFO - Started process (PID=5039) to work on /root/.cache/pypoetry/virtualenvs/freeprise-matchmaker-BsnH11MF-py3.8/lib/python3.8/site-packages/airflow/example_dags/example_task_group_decorator.py
[2024-07-25T07:59:41.672+0000] {processor.py:830} INFO - Processing file /root/.cache/pypoetry/virtualenvs/freeprise-matchmaker-BsnH11MF-py3.8/lib/python3.8/site-packages/airflow/example_dags/example_task_group_decorator.py for tasks to queue
[2024-07-25T07:59:41.679+0000] {logging_mixin.py:188} INFO - [2024-07-25T07:59:41.678+0000] {dagbag.py:545} INFO - Filling up the DagBag from /root/.cache/pypoetry/virtualenvs/freeprise-matchmaker-BsnH11MF-py3.8/lib/python3.8/site-packages/airflow/example_dags/example_task_group_decorator.py
[2024-07-25T07:59:41.720+0000] {processor.py:840} INFO - DAG(s) 'example_task_group_decorator' retrieved from /root/.cache/pypoetry/virtualenvs/freeprise-matchmaker-BsnH11MF-py3.8/lib/python3.8/site-packages/airflow/example_dags/example_task_group_decorator.py
[2024-07-25T07:59:41.821+0000] {logging_mixin.py:188} INFO - [2024-07-25T07:59:41.821+0000] {dag.py:3089} INFO - Sync 1 DAGs
[2024-07-25T07:59:41.900+0000] {logging_mixin.py:188} INFO - [2024-07-25T07:59:41.899+0000] {dag.py:3947} INFO - Setting next_dagrun for example_task_group_decorator to 2024-07-24 00:00:00+00:00, run_after=2024-07-25 00:00:00+00:00
[2024-07-25T07:59:41.944+0000] {processor.py:183} INFO - Processing /root/.cache/pypoetry/virtualenvs/freeprise-matchmaker-BsnH11MF-py3.8/lib/python3.8/site-packages/airflow/example_dags/example_task_group_decorator.py took 0.311 seconds
[2024-07-25T08:00:12.268+0000] {processor.py:161} INFO - Started process (PID=5305) to work on /root/.cache/pypoetry/virtualenvs/freeprise-matchmaker-BsnH11MF-py3.8/lib/python3.8/site-packages/airflow/example_dags/example_task_group_decorator.py
[2024-07-25T08:00:12.271+0000] {processor.py:830} INFO - Processing file /root/.cache/pypoetry/virtualenvs/freeprise-matchmaker-BsnH11MF-py3.8/lib/python3.8/site-packages/airflow/example_dags/example_task_group_decorator.py for tasks to queue
[2024-07-25T08:00:12.275+0000] {logging_mixin.py:188} INFO - [2024-07-25T08:00:12.274+0000] {dagbag.py:545} INFO - Filling up the DagBag from /root/.cache/pypoetry/virtualenvs/freeprise-matchmaker-BsnH11MF-py3.8/lib/python3.8/site-packages/airflow/example_dags/example_task_group_decorator.py
[2024-07-25T08:00:12.305+0000] {processor.py:840} INFO - DAG(s) 'example_task_group_decorator' retrieved from /root/.cache/pypoetry/virtualenvs/freeprise-matchmaker-BsnH11MF-py3.8/lib/python3.8/site-packages/airflow/example_dags/example_task_group_decorator.py
[2024-07-25T08:00:12.378+0000] {logging_mixin.py:188} INFO - [2024-07-25T08:00:12.378+0000] {dag.py:3089} INFO - Sync 1 DAGs
[2024-07-25T08:00:12.415+0000] {logging_mixin.py:188} INFO - [2024-07-25T08:00:12.414+0000] {dag.py:3947} INFO - Setting next_dagrun for example_task_group_decorator to 2024-07-24 00:00:00+00:00, run_after=2024-07-25 00:00:00+00:00
[2024-07-25T08:00:12.450+0000] {processor.py:183} INFO - Processing /root/.cache/pypoetry/virtualenvs/freeprise-matchmaker-BsnH11MF-py3.8/lib/python3.8/site-packages/airflow/example_dags/example_task_group_decorator.py took 0.197 seconds
[2024-07-25T08:00:42.972+0000] {processor.py:161} INFO - Started process (PID=5576) to work on /root/.cache/pypoetry/virtualenvs/freeprise-matchmaker-BsnH11MF-py3.8/lib/python3.8/site-packages/airflow/example_dags/example_task_group_decorator.py
[2024-07-25T08:00:42.978+0000] {processor.py:830} INFO - Processing file /root/.cache/pypoetry/virtualenvs/freeprise-matchmaker-BsnH11MF-py3.8/lib/python3.8/site-packages/airflow/example_dags/example_task_group_decorator.py for tasks to queue
[2024-07-25T08:00:42.987+0000] {logging_mixin.py:188} INFO - [2024-07-25T08:00:42.986+0000] {dagbag.py:545} INFO - Filling up the DagBag from /root/.cache/pypoetry/virtualenvs/freeprise-matchmaker-BsnH11MF-py3.8/lib/python3.8/site-packages/airflow/example_dags/example_task_group_decorator.py
[2024-07-25T08:00:43.087+0000] {processor.py:840} INFO - DAG(s) 'example_task_group_decorator' retrieved from /root/.cache/pypoetry/virtualenvs/freeprise-matchmaker-BsnH11MF-py3.8/lib/python3.8/site-packages/airflow/example_dags/example_task_group_decorator.py
[2024-07-25T08:00:43.265+0000] {logging_mixin.py:188} INFO - [2024-07-25T08:00:43.264+0000] {dag.py:3089} INFO - Sync 1 DAGs
[2024-07-25T08:00:43.365+0000] {logging_mixin.py:188} INFO - [2024-07-25T08:00:43.364+0000] {dag.py:3947} INFO - Setting next_dagrun for example_task_group_decorator to 2024-07-24 00:00:00+00:00, run_after=2024-07-25 00:00:00+00:00
[2024-07-25T08:00:43.427+0000] {processor.py:183} INFO - Processing /root/.cache/pypoetry/virtualenvs/freeprise-matchmaker-BsnH11MF-py3.8/lib/python3.8/site-packages/airflow/example_dags/example_task_group_decorator.py took 0.496 seconds
