[2024-07-25T07:50:29.815+0000] {processor.py:161} INFO - Started process (PID=262) to work on /root/.cache/pypoetry/virtualenvs/freeprise-matchmaker-BsnH11MF-py3.8/lib/python3.8/site-packages/airflow/example_dags/example_sla_dag.py
[2024-07-25T07:50:29.817+0000] {processor.py:830} INFO - Processing file /root/.cache/pypoetry/virtualenvs/freeprise-matchmaker-BsnH11MF-py3.8/lib/python3.8/site-packages/airflow/example_dags/example_sla_dag.py for tasks to queue
[2024-07-25T07:50:29.820+0000] {logging_mixin.py:188} INFO - [2024-07-25T07:50:29.819+0000] {dagbag.py:545} INFO - Filling up the DagBag from /root/.cache/pypoetry/virtualenvs/freeprise-matchmaker-BsnH11MF-py3.8/lib/python3.8/site-packages/airflow/example_dags/example_sla_dag.py
[2024-07-25T07:50:29.834+0000] {processor.py:840} INFO - DAG(s) 'example_sla_dag' retrieved from /root/.cache/pypoetry/virtualenvs/freeprise-matchmaker-BsnH11MF-py3.8/lib/python3.8/site-packages/airflow/example_dags/example_sla_dag.py
[2024-07-25T07:50:29.861+0000] {logging_mixin.py:188} INFO - [2024-07-25T07:50:29.861+0000] {dag.py:3089} INFO - Sync 1 DAGs
[2024-07-25T07:50:29.919+0000] {logging_mixin.py:188} INFO - [2024-07-25T07:50:29.919+0000] {dag.py:3947} INFO - Setting next_dagrun for example_sla_dag to 2024-07-25 07:48:00+00:00, run_after=2024-07-25 07:50:00+00:00
[2024-07-25T07:50:29.953+0000] {processor.py:183} INFO - Processing /root/.cache/pypoetry/virtualenvs/freeprise-matchmaker-BsnH11MF-py3.8/lib/python3.8/site-packages/airflow/example_dags/example_sla_dag.py took 0.151 seconds
[2024-07-25T07:51:02.967+0000] {processor.py:161} INFO - Started process (PID=530) to work on /root/.cache/pypoetry/virtualenvs/freeprise-matchmaker-BsnH11MF-py3.8/lib/python3.8/site-packages/airflow/example_dags/example_sla_dag.py
[2024-07-25T07:51:02.970+0000] {processor.py:830} INFO - Processing file /root/.cache/pypoetry/virtualenvs/freeprise-matchmaker-BsnH11MF-py3.8/lib/python3.8/site-packages/airflow/example_dags/example_sla_dag.py for tasks to queue
[2024-07-25T07:51:02.974+0000] {logging_mixin.py:188} INFO - [2024-07-25T07:51:02.973+0000] {dagbag.py:545} INFO - Filling up the DagBag from /root/.cache/pypoetry/virtualenvs/freeprise-matchmaker-BsnH11MF-py3.8/lib/python3.8/site-packages/airflow/example_dags/example_sla_dag.py
[2024-07-25T07:51:02.993+0000] {processor.py:840} INFO - DAG(s) 'example_sla_dag' retrieved from /root/.cache/pypoetry/virtualenvs/freeprise-matchmaker-BsnH11MF-py3.8/lib/python3.8/site-packages/airflow/example_dags/example_sla_dag.py
[2024-07-25T07:51:03.310+0000] {logging_mixin.py:188} INFO - [2024-07-25T07:51:03.310+0000] {dag.py:3089} INFO - Sync 1 DAGs
[2024-07-25T07:51:03.342+0000] {logging_mixin.py:188} INFO - [2024-07-25T07:51:03.341+0000] {dag.py:3947} INFO - Setting next_dagrun for example_sla_dag to 2024-07-25 07:48:00+00:00, run_after=2024-07-25 07:50:00+00:00
[2024-07-25T07:51:03.369+0000] {processor.py:183} INFO - Processing /root/.cache/pypoetry/virtualenvs/freeprise-matchmaker-BsnH11MF-py3.8/lib/python3.8/site-packages/airflow/example_dags/example_sla_dag.py took 0.418 seconds
[2024-07-25T07:51:33.993+0000] {processor.py:161} INFO - Started process (PID=796) to work on /root/.cache/pypoetry/virtualenvs/freeprise-matchmaker-BsnH11MF-py3.8/lib/python3.8/site-packages/airflow/example_dags/example_sla_dag.py
[2024-07-25T07:51:33.995+0000] {processor.py:830} INFO - Processing file /root/.cache/pypoetry/virtualenvs/freeprise-matchmaker-BsnH11MF-py3.8/lib/python3.8/site-packages/airflow/example_dags/example_sla_dag.py for tasks to queue
[2024-07-25T07:51:33.999+0000] {logging_mixin.py:188} INFO - [2024-07-25T07:51:33.999+0000] {dagbag.py:545} INFO - Filling up the DagBag from /root/.cache/pypoetry/virtualenvs/freeprise-matchmaker-BsnH11MF-py3.8/lib/python3.8/site-packages/airflow/example_dags/example_sla_dag.py
[2024-07-25T07:51:34.018+0000] {processor.py:840} INFO - DAG(s) 'example_sla_dag' retrieved from /root/.cache/pypoetry/virtualenvs/freeprise-matchmaker-BsnH11MF-py3.8/lib/python3.8/site-packages/airflow/example_dags/example_sla_dag.py
[2024-07-25T07:51:34.209+0000] {logging_mixin.py:188} INFO - [2024-07-25T07:51:34.208+0000] {dag.py:3089} INFO - Sync 1 DAGs
[2024-07-25T07:51:34.249+0000] {logging_mixin.py:188} INFO - [2024-07-25T07:51:34.248+0000] {dag.py:3947} INFO - Setting next_dagrun for example_sla_dag to 2024-07-25 07:48:00+00:00, run_after=2024-07-25 07:50:00+00:00
[2024-07-25T07:51:34.281+0000] {processor.py:183} INFO - Processing /root/.cache/pypoetry/virtualenvs/freeprise-matchmaker-BsnH11MF-py3.8/lib/python3.8/site-packages/airflow/example_dags/example_sla_dag.py took 0.304 seconds
[2024-07-25T07:52:04.411+0000] {processor.py:161} INFO - Started process (PID=1062) to work on /root/.cache/pypoetry/virtualenvs/freeprise-matchmaker-BsnH11MF-py3.8/lib/python3.8/site-packages/airflow/example_dags/example_sla_dag.py
[2024-07-25T07:52:04.413+0000] {processor.py:830} INFO - Processing file /root/.cache/pypoetry/virtualenvs/freeprise-matchmaker-BsnH11MF-py3.8/lib/python3.8/site-packages/airflow/example_dags/example_sla_dag.py for tasks to queue
[2024-07-25T07:52:04.417+0000] {logging_mixin.py:188} INFO - [2024-07-25T07:52:04.416+0000] {dagbag.py:545} INFO - Filling up the DagBag from /root/.cache/pypoetry/virtualenvs/freeprise-matchmaker-BsnH11MF-py3.8/lib/python3.8/site-packages/airflow/example_dags/example_sla_dag.py
[2024-07-25T07:52:04.437+0000] {processor.py:840} INFO - DAG(s) 'example_sla_dag' retrieved from /root/.cache/pypoetry/virtualenvs/freeprise-matchmaker-BsnH11MF-py3.8/lib/python3.8/site-packages/airflow/example_dags/example_sla_dag.py
[2024-07-25T07:52:04.481+0000] {logging_mixin.py:188} INFO - [2024-07-25T07:52:04.481+0000] {dag.py:3089} INFO - Sync 1 DAGs
[2024-07-25T07:52:04.522+0000] {logging_mixin.py:188} INFO - [2024-07-25T07:52:04.521+0000] {dag.py:3947} INFO - Setting next_dagrun for example_sla_dag to 2024-07-25 07:50:00+00:00, run_after=2024-07-25 07:52:00+00:00
[2024-07-25T07:52:04.549+0000] {processor.py:183} INFO - Processing /root/.cache/pypoetry/virtualenvs/freeprise-matchmaker-BsnH11MF-py3.8/lib/python3.8/site-packages/airflow/example_dags/example_sla_dag.py took 0.156 seconds
[2024-07-25T07:52:35.277+0000] {processor.py:161} INFO - Started process (PID=1326) to work on /root/.cache/pypoetry/virtualenvs/freeprise-matchmaker-BsnH11MF-py3.8/lib/python3.8/site-packages/airflow/example_dags/example_sla_dag.py
[2024-07-25T07:52:35.278+0000] {processor.py:830} INFO - Processing file /root/.cache/pypoetry/virtualenvs/freeprise-matchmaker-BsnH11MF-py3.8/lib/python3.8/site-packages/airflow/example_dags/example_sla_dag.py for tasks to queue
[2024-07-25T07:52:35.281+0000] {logging_mixin.py:188} INFO - [2024-07-25T07:52:35.280+0000] {dagbag.py:545} INFO - Filling up the DagBag from /root/.cache/pypoetry/virtualenvs/freeprise-matchmaker-BsnH11MF-py3.8/lib/python3.8/site-packages/airflow/example_dags/example_sla_dag.py
[2024-07-25T07:52:35.296+0000] {processor.py:840} INFO - DAG(s) 'example_sla_dag' retrieved from /root/.cache/pypoetry/virtualenvs/freeprise-matchmaker-BsnH11MF-py3.8/lib/python3.8/site-packages/airflow/example_dags/example_sla_dag.py
[2024-07-25T07:52:35.337+0000] {logging_mixin.py:188} INFO - [2024-07-25T07:52:35.336+0000] {dag.py:3089} INFO - Sync 1 DAGs
[2024-07-25T07:52:35.378+0000] {logging_mixin.py:188} INFO - [2024-07-25T07:52:35.378+0000] {dag.py:3947} INFO - Setting next_dagrun for example_sla_dag to 2024-07-25 07:50:00+00:00, run_after=2024-07-25 07:52:00+00:00
[2024-07-25T07:52:35.407+0000] {processor.py:183} INFO - Processing /root/.cache/pypoetry/virtualenvs/freeprise-matchmaker-BsnH11MF-py3.8/lib/python3.8/site-packages/airflow/example_dags/example_sla_dag.py took 0.144 seconds
[2024-07-25T07:53:06.232+0000] {processor.py:161} INFO - Started process (PID=1592) to work on /root/.cache/pypoetry/virtualenvs/freeprise-matchmaker-BsnH11MF-py3.8/lib/python3.8/site-packages/airflow/example_dags/example_sla_dag.py
[2024-07-25T07:53:06.235+0000] {processor.py:830} INFO - Processing file /root/.cache/pypoetry/virtualenvs/freeprise-matchmaker-BsnH11MF-py3.8/lib/python3.8/site-packages/airflow/example_dags/example_sla_dag.py for tasks to queue
[2024-07-25T07:53:06.238+0000] {logging_mixin.py:188} INFO - [2024-07-25T07:53:06.238+0000] {dagbag.py:545} INFO - Filling up the DagBag from /root/.cache/pypoetry/virtualenvs/freeprise-matchmaker-BsnH11MF-py3.8/lib/python3.8/site-packages/airflow/example_dags/example_sla_dag.py
[2024-07-25T07:53:06.257+0000] {processor.py:840} INFO - DAG(s) 'example_sla_dag' retrieved from /root/.cache/pypoetry/virtualenvs/freeprise-matchmaker-BsnH11MF-py3.8/lib/python3.8/site-packages/airflow/example_dags/example_sla_dag.py
[2024-07-25T07:53:06.301+0000] {logging_mixin.py:188} INFO - [2024-07-25T07:53:06.301+0000] {dag.py:3089} INFO - Sync 1 DAGs
[2024-07-25T07:53:06.343+0000] {logging_mixin.py:188} INFO - [2024-07-25T07:53:06.342+0000] {dag.py:3947} INFO - Setting next_dagrun for example_sla_dag to 2024-07-25 07:50:00+00:00, run_after=2024-07-25 07:52:00+00:00
[2024-07-25T07:53:06.370+0000] {processor.py:183} INFO - Processing /root/.cache/pypoetry/virtualenvs/freeprise-matchmaker-BsnH11MF-py3.8/lib/python3.8/site-packages/airflow/example_dags/example_sla_dag.py took 0.153 seconds
[2024-07-25T07:53:36.812+0000] {processor.py:161} INFO - Started process (PID=1858) to work on /root/.cache/pypoetry/virtualenvs/freeprise-matchmaker-BsnH11MF-py3.8/lib/python3.8/site-packages/airflow/example_dags/example_sla_dag.py
[2024-07-25T07:53:36.814+0000] {processor.py:830} INFO - Processing file /root/.cache/pypoetry/virtualenvs/freeprise-matchmaker-BsnH11MF-py3.8/lib/python3.8/site-packages/airflow/example_dags/example_sla_dag.py for tasks to queue
[2024-07-25T07:53:36.817+0000] {logging_mixin.py:188} INFO - [2024-07-25T07:53:36.817+0000] {dagbag.py:545} INFO - Filling up the DagBag from /root/.cache/pypoetry/virtualenvs/freeprise-matchmaker-BsnH11MF-py3.8/lib/python3.8/site-packages/airflow/example_dags/example_sla_dag.py
[2024-07-25T07:53:36.832+0000] {processor.py:840} INFO - DAG(s) 'example_sla_dag' retrieved from /root/.cache/pypoetry/virtualenvs/freeprise-matchmaker-BsnH11MF-py3.8/lib/python3.8/site-packages/airflow/example_dags/example_sla_dag.py
[2024-07-25T07:53:36.876+0000] {logging_mixin.py:188} INFO - [2024-07-25T07:53:36.876+0000] {dag.py:3089} INFO - Sync 1 DAGs
[2024-07-25T07:53:36.919+0000] {logging_mixin.py:188} INFO - [2024-07-25T07:53:36.918+0000] {dag.py:3947} INFO - Setting next_dagrun for example_sla_dag to 2024-07-25 07:50:00+00:00, run_after=2024-07-25 07:52:00+00:00
[2024-07-25T07:53:36.947+0000] {processor.py:183} INFO - Processing /root/.cache/pypoetry/virtualenvs/freeprise-matchmaker-BsnH11MF-py3.8/lib/python3.8/site-packages/airflow/example_dags/example_sla_dag.py took 0.148 seconds
[2024-07-25T07:54:07.305+0000] {processor.py:161} INFO - Started process (PID=2124) to work on /root/.cache/pypoetry/virtualenvs/freeprise-matchmaker-BsnH11MF-py3.8/lib/python3.8/site-packages/airflow/example_dags/example_sla_dag.py
[2024-07-25T07:54:07.310+0000] {processor.py:830} INFO - Processing file /root/.cache/pypoetry/virtualenvs/freeprise-matchmaker-BsnH11MF-py3.8/lib/python3.8/site-packages/airflow/example_dags/example_sla_dag.py for tasks to queue
[2024-07-25T07:54:07.314+0000] {logging_mixin.py:188} INFO - [2024-07-25T07:54:07.314+0000] {dagbag.py:545} INFO - Filling up the DagBag from /root/.cache/pypoetry/virtualenvs/freeprise-matchmaker-BsnH11MF-py3.8/lib/python3.8/site-packages/airflow/example_dags/example_sla_dag.py
[2024-07-25T07:54:07.332+0000] {processor.py:840} INFO - DAG(s) 'example_sla_dag' retrieved from /root/.cache/pypoetry/virtualenvs/freeprise-matchmaker-BsnH11MF-py3.8/lib/python3.8/site-packages/airflow/example_dags/example_sla_dag.py
[2024-07-25T07:54:07.372+0000] {logging_mixin.py:188} INFO - [2024-07-25T07:54:07.372+0000] {dag.py:3089} INFO - Sync 1 DAGs
[2024-07-25T07:54:07.412+0000] {logging_mixin.py:188} INFO - [2024-07-25T07:54:07.412+0000] {dag.py:3947} INFO - Setting next_dagrun for example_sla_dag to 2024-07-25 07:52:00+00:00, run_after=2024-07-25 07:54:00+00:00
[2024-07-25T07:54:07.438+0000] {processor.py:183} INFO - Processing /root/.cache/pypoetry/virtualenvs/freeprise-matchmaker-BsnH11MF-py3.8/lib/python3.8/site-packages/airflow/example_dags/example_sla_dag.py took 0.149 seconds
[2024-07-25T07:54:37.738+0000] {processor.py:161} INFO - Started process (PID=2390) to work on /root/.cache/pypoetry/virtualenvs/freeprise-matchmaker-BsnH11MF-py3.8/lib/python3.8/site-packages/airflow/example_dags/example_sla_dag.py
[2024-07-25T07:54:37.740+0000] {processor.py:830} INFO - Processing file /root/.cache/pypoetry/virtualenvs/freeprise-matchmaker-BsnH11MF-py3.8/lib/python3.8/site-packages/airflow/example_dags/example_sla_dag.py for tasks to queue
[2024-07-25T07:54:37.743+0000] {logging_mixin.py:188} INFO - [2024-07-25T07:54:37.743+0000] {dagbag.py:545} INFO - Filling up the DagBag from /root/.cache/pypoetry/virtualenvs/freeprise-matchmaker-BsnH11MF-py3.8/lib/python3.8/site-packages/airflow/example_dags/example_sla_dag.py
[2024-07-25T07:54:37.762+0000] {processor.py:840} INFO - DAG(s) 'example_sla_dag' retrieved from /root/.cache/pypoetry/virtualenvs/freeprise-matchmaker-BsnH11MF-py3.8/lib/python3.8/site-packages/airflow/example_dags/example_sla_dag.py
[2024-07-25T07:54:37.812+0000] {logging_mixin.py:188} INFO - [2024-07-25T07:54:37.811+0000] {dag.py:3089} INFO - Sync 1 DAGs
[2024-07-25T07:54:37.855+0000] {logging_mixin.py:188} INFO - [2024-07-25T07:54:37.855+0000] {dag.py:3947} INFO - Setting next_dagrun for example_sla_dag to 2024-07-25 07:52:00+00:00, run_after=2024-07-25 07:54:00+00:00
[2024-07-25T07:54:37.882+0000] {processor.py:183} INFO - Processing /root/.cache/pypoetry/virtualenvs/freeprise-matchmaker-BsnH11MF-py3.8/lib/python3.8/site-packages/airflow/example_dags/example_sla_dag.py took 0.160 seconds
[2024-07-25T07:55:08.121+0000] {processor.py:161} INFO - Started process (PID=2656) to work on /root/.cache/pypoetry/virtualenvs/freeprise-matchmaker-BsnH11MF-py3.8/lib/python3.8/site-packages/airflow/example_dags/example_sla_dag.py
[2024-07-25T07:55:08.124+0000] {processor.py:830} INFO - Processing file /root/.cache/pypoetry/virtualenvs/freeprise-matchmaker-BsnH11MF-py3.8/lib/python3.8/site-packages/airflow/example_dags/example_sla_dag.py for tasks to queue
[2024-07-25T07:55:08.126+0000] {logging_mixin.py:188} INFO - [2024-07-25T07:55:08.126+0000] {dagbag.py:545} INFO - Filling up the DagBag from /root/.cache/pypoetry/virtualenvs/freeprise-matchmaker-BsnH11MF-py3.8/lib/python3.8/site-packages/airflow/example_dags/example_sla_dag.py
[2024-07-25T07:55:08.141+0000] {processor.py:840} INFO - DAG(s) 'example_sla_dag' retrieved from /root/.cache/pypoetry/virtualenvs/freeprise-matchmaker-BsnH11MF-py3.8/lib/python3.8/site-packages/airflow/example_dags/example_sla_dag.py
[2024-07-25T07:55:08.183+0000] {logging_mixin.py:188} INFO - [2024-07-25T07:55:08.183+0000] {dag.py:3089} INFO - Sync 1 DAGs
[2024-07-25T07:55:08.225+0000] {logging_mixin.py:188} INFO - [2024-07-25T07:55:08.225+0000] {dag.py:3947} INFO - Setting next_dagrun for example_sla_dag to 2024-07-25 07:52:00+00:00, run_after=2024-07-25 07:54:00+00:00
[2024-07-25T07:55:08.253+0000] {processor.py:183} INFO - Processing /root/.cache/pypoetry/virtualenvs/freeprise-matchmaker-BsnH11MF-py3.8/lib/python3.8/site-packages/airflow/example_dags/example_sla_dag.py took 0.144 seconds
[2024-07-25T07:55:38.502+0000] {processor.py:161} INFO - Started process (PID=2922) to work on /root/.cache/pypoetry/virtualenvs/freeprise-matchmaker-BsnH11MF-py3.8/lib/python3.8/site-packages/airflow/example_dags/example_sla_dag.py
[2024-07-25T07:55:38.504+0000] {processor.py:830} INFO - Processing file /root/.cache/pypoetry/virtualenvs/freeprise-matchmaker-BsnH11MF-py3.8/lib/python3.8/site-packages/airflow/example_dags/example_sla_dag.py for tasks to queue
[2024-07-25T07:55:38.507+0000] {logging_mixin.py:188} INFO - [2024-07-25T07:55:38.506+0000] {dagbag.py:545} INFO - Filling up the DagBag from /root/.cache/pypoetry/virtualenvs/freeprise-matchmaker-BsnH11MF-py3.8/lib/python3.8/site-packages/airflow/example_dags/example_sla_dag.py
[2024-07-25T07:55:38.526+0000] {processor.py:840} INFO - DAG(s) 'example_sla_dag' retrieved from /root/.cache/pypoetry/virtualenvs/freeprise-matchmaker-BsnH11MF-py3.8/lib/python3.8/site-packages/airflow/example_dags/example_sla_dag.py
[2024-07-25T07:55:38.572+0000] {logging_mixin.py:188} INFO - [2024-07-25T07:55:38.571+0000] {dag.py:3089} INFO - Sync 1 DAGs
[2024-07-25T07:55:38.625+0000] {logging_mixin.py:188} INFO - [2024-07-25T07:55:38.625+0000] {dag.py:3947} INFO - Setting next_dagrun for example_sla_dag to 2024-07-25 07:52:00+00:00, run_after=2024-07-25 07:54:00+00:00
[2024-07-25T07:55:38.651+0000] {processor.py:183} INFO - Processing /root/.cache/pypoetry/virtualenvs/freeprise-matchmaker-BsnH11MF-py3.8/lib/python3.8/site-packages/airflow/example_dags/example_sla_dag.py took 0.164 seconds
[2024-07-25T07:56:09.040+0000] {processor.py:161} INFO - Started process (PID=3188) to work on /root/.cache/pypoetry/virtualenvs/freeprise-matchmaker-BsnH11MF-py3.8/lib/python3.8/site-packages/airflow/example_dags/example_sla_dag.py
[2024-07-25T07:56:09.043+0000] {processor.py:830} INFO - Processing file /root/.cache/pypoetry/virtualenvs/freeprise-matchmaker-BsnH11MF-py3.8/lib/python3.8/site-packages/airflow/example_dags/example_sla_dag.py for tasks to queue
[2024-07-25T07:56:09.047+0000] {logging_mixin.py:188} INFO - [2024-07-25T07:56:09.046+0000] {dagbag.py:545} INFO - Filling up the DagBag from /root/.cache/pypoetry/virtualenvs/freeprise-matchmaker-BsnH11MF-py3.8/lib/python3.8/site-packages/airflow/example_dags/example_sla_dag.py
[2024-07-25T07:56:09.067+0000] {processor.py:840} INFO - DAG(s) 'example_sla_dag' retrieved from /root/.cache/pypoetry/virtualenvs/freeprise-matchmaker-BsnH11MF-py3.8/lib/python3.8/site-packages/airflow/example_dags/example_sla_dag.py
[2024-07-25T07:56:09.115+0000] {logging_mixin.py:188} INFO - [2024-07-25T07:56:09.115+0000] {dag.py:3089} INFO - Sync 1 DAGs
[2024-07-25T07:56:09.170+0000] {logging_mixin.py:188} INFO - [2024-07-25T07:56:09.169+0000] {dag.py:3947} INFO - Setting next_dagrun for example_sla_dag to 2024-07-25 07:54:00+00:00, run_after=2024-07-25 07:56:00+00:00
[2024-07-25T07:56:09.205+0000] {processor.py:183} INFO - Processing /root/.cache/pypoetry/virtualenvs/freeprise-matchmaker-BsnH11MF-py3.8/lib/python3.8/site-packages/airflow/example_dags/example_sla_dag.py took 0.180 seconds
[2024-07-25T07:56:39.892+0000] {processor.py:161} INFO - Started process (PID=3454) to work on /root/.cache/pypoetry/virtualenvs/freeprise-matchmaker-BsnH11MF-py3.8/lib/python3.8/site-packages/airflow/example_dags/example_sla_dag.py
[2024-07-25T07:56:39.893+0000] {processor.py:830} INFO - Processing file /root/.cache/pypoetry/virtualenvs/freeprise-matchmaker-BsnH11MF-py3.8/lib/python3.8/site-packages/airflow/example_dags/example_sla_dag.py for tasks to queue
[2024-07-25T07:56:39.896+0000] {logging_mixin.py:188} INFO - [2024-07-25T07:56:39.895+0000] {dagbag.py:545} INFO - Filling up the DagBag from /root/.cache/pypoetry/virtualenvs/freeprise-matchmaker-BsnH11MF-py3.8/lib/python3.8/site-packages/airflow/example_dags/example_sla_dag.py
[2024-07-25T07:56:39.911+0000] {processor.py:840} INFO - DAG(s) 'example_sla_dag' retrieved from /root/.cache/pypoetry/virtualenvs/freeprise-matchmaker-BsnH11MF-py3.8/lib/python3.8/site-packages/airflow/example_dags/example_sla_dag.py
[2024-07-25T07:56:39.952+0000] {logging_mixin.py:188} INFO - [2024-07-25T07:56:39.952+0000] {dag.py:3089} INFO - Sync 1 DAGs
[2024-07-25T07:56:39.994+0000] {logging_mixin.py:188} INFO - [2024-07-25T07:56:39.994+0000] {dag.py:3947} INFO - Setting next_dagrun for example_sla_dag to 2024-07-25 07:54:00+00:00, run_after=2024-07-25 07:56:00+00:00
[2024-07-25T07:56:40.023+0000] {processor.py:183} INFO - Processing /root/.cache/pypoetry/virtualenvs/freeprise-matchmaker-BsnH11MF-py3.8/lib/python3.8/site-packages/airflow/example_dags/example_sla_dag.py took 0.145 seconds
[2024-07-25T07:57:10.087+0000] {processor.py:161} INFO - Started process (PID=3712) to work on /root/.cache/pypoetry/virtualenvs/freeprise-matchmaker-BsnH11MF-py3.8/lib/python3.8/site-packages/airflow/example_dags/example_sla_dag.py
[2024-07-25T07:57:10.090+0000] {processor.py:830} INFO - Processing file /root/.cache/pypoetry/virtualenvs/freeprise-matchmaker-BsnH11MF-py3.8/lib/python3.8/site-packages/airflow/example_dags/example_sla_dag.py for tasks to queue
[2024-07-25T07:57:10.094+0000] {logging_mixin.py:188} INFO - [2024-07-25T07:57:10.093+0000] {dagbag.py:545} INFO - Filling up the DagBag from /root/.cache/pypoetry/virtualenvs/freeprise-matchmaker-BsnH11MF-py3.8/lib/python3.8/site-packages/airflow/example_dags/example_sla_dag.py
[2024-07-25T07:57:10.108+0000] {processor.py:840} INFO - DAG(s) 'example_sla_dag' retrieved from /root/.cache/pypoetry/virtualenvs/freeprise-matchmaker-BsnH11MF-py3.8/lib/python3.8/site-packages/airflow/example_dags/example_sla_dag.py
[2024-07-25T07:57:10.147+0000] {logging_mixin.py:188} INFO - [2024-07-25T07:57:10.146+0000] {dag.py:3089} INFO - Sync 1 DAGs
[2024-07-25T07:57:10.190+0000] {logging_mixin.py:188} INFO - [2024-07-25T07:57:10.189+0000] {dag.py:3947} INFO - Setting next_dagrun for example_sla_dag to 2024-07-25 07:54:00+00:00, run_after=2024-07-25 07:56:00+00:00
[2024-07-25T07:57:10.218+0000] {processor.py:183} INFO - Processing /root/.cache/pypoetry/virtualenvs/freeprise-matchmaker-BsnH11MF-py3.8/lib/python3.8/site-packages/airflow/example_dags/example_sla_dag.py took 0.146 seconds
[2024-07-25T07:57:40.391+0000] {processor.py:161} INFO - Started process (PID=3978) to work on /root/.cache/pypoetry/virtualenvs/freeprise-matchmaker-BsnH11MF-py3.8/lib/python3.8/site-packages/airflow/example_dags/example_sla_dag.py
[2024-07-25T07:57:40.393+0000] {processor.py:830} INFO - Processing file /root/.cache/pypoetry/virtualenvs/freeprise-matchmaker-BsnH11MF-py3.8/lib/python3.8/site-packages/airflow/example_dags/example_sla_dag.py for tasks to queue
[2024-07-25T07:57:40.397+0000] {logging_mixin.py:188} INFO - [2024-07-25T07:57:40.396+0000] {dagbag.py:545} INFO - Filling up the DagBag from /root/.cache/pypoetry/virtualenvs/freeprise-matchmaker-BsnH11MF-py3.8/lib/python3.8/site-packages/airflow/example_dags/example_sla_dag.py
[2024-07-25T07:57:40.411+0000] {processor.py:840} INFO - DAG(s) 'example_sla_dag' retrieved from /root/.cache/pypoetry/virtualenvs/freeprise-matchmaker-BsnH11MF-py3.8/lib/python3.8/site-packages/airflow/example_dags/example_sla_dag.py
[2024-07-25T07:57:40.447+0000] {logging_mixin.py:188} INFO - [2024-07-25T07:57:40.447+0000] {dag.py:3089} INFO - Sync 1 DAGs
[2024-07-25T07:57:40.487+0000] {logging_mixin.py:188} INFO - [2024-07-25T07:57:40.486+0000] {dag.py:3947} INFO - Setting next_dagrun for example_sla_dag to 2024-07-25 07:54:00+00:00, run_after=2024-07-25 07:56:00+00:00
[2024-07-25T07:57:40.513+0000] {processor.py:183} INFO - Processing /root/.cache/pypoetry/virtualenvs/freeprise-matchmaker-BsnH11MF-py3.8/lib/python3.8/site-packages/airflow/example_dags/example_sla_dag.py took 0.137 seconds
[2024-07-25T07:58:10.577+0000] {processor.py:161} INFO - Started process (PID=4244) to work on /root/.cache/pypoetry/virtualenvs/freeprise-matchmaker-BsnH11MF-py3.8/lib/python3.8/site-packages/airflow/example_dags/example_sla_dag.py
[2024-07-25T07:58:10.578+0000] {processor.py:830} INFO - Processing file /root/.cache/pypoetry/virtualenvs/freeprise-matchmaker-BsnH11MF-py3.8/lib/python3.8/site-packages/airflow/example_dags/example_sla_dag.py for tasks to queue
[2024-07-25T07:58:10.581+0000] {logging_mixin.py:188} INFO - [2024-07-25T07:58:10.581+0000] {dagbag.py:545} INFO - Filling up the DagBag from /root/.cache/pypoetry/virtualenvs/freeprise-matchmaker-BsnH11MF-py3.8/lib/python3.8/site-packages/airflow/example_dags/example_sla_dag.py
[2024-07-25T07:58:10.595+0000] {processor.py:840} INFO - DAG(s) 'example_sla_dag' retrieved from /root/.cache/pypoetry/virtualenvs/freeprise-matchmaker-BsnH11MF-py3.8/lib/python3.8/site-packages/airflow/example_dags/example_sla_dag.py
[2024-07-25T07:58:10.640+0000] {logging_mixin.py:188} INFO - [2024-07-25T07:58:10.640+0000] {dag.py:3089} INFO - Sync 1 DAGs
[2024-07-25T07:58:10.689+0000] {logging_mixin.py:188} INFO - [2024-07-25T07:58:10.689+0000] {dag.py:3947} INFO - Setting next_dagrun for example_sla_dag to 2024-07-25 07:56:00+00:00, run_after=2024-07-25 07:58:00+00:00
[2024-07-25T07:58:10.718+0000] {processor.py:183} INFO - Processing /root/.cache/pypoetry/virtualenvs/freeprise-matchmaker-BsnH11MF-py3.8/lib/python3.8/site-packages/airflow/example_dags/example_sla_dag.py took 0.152 seconds
[2024-07-25T07:58:40.786+0000] {processor.py:161} INFO - Started process (PID=4510) to work on /root/.cache/pypoetry/virtualenvs/freeprise-matchmaker-BsnH11MF-py3.8/lib/python3.8/site-packages/airflow/example_dags/example_sla_dag.py
[2024-07-25T07:58:40.788+0000] {processor.py:830} INFO - Processing file /root/.cache/pypoetry/virtualenvs/freeprise-matchmaker-BsnH11MF-py3.8/lib/python3.8/site-packages/airflow/example_dags/example_sla_dag.py for tasks to queue
[2024-07-25T07:58:40.791+0000] {logging_mixin.py:188} INFO - [2024-07-25T07:58:40.789+0000] {dagbag.py:545} INFO - Filling up the DagBag from /root/.cache/pypoetry/virtualenvs/freeprise-matchmaker-BsnH11MF-py3.8/lib/python3.8/site-packages/airflow/example_dags/example_sla_dag.py
[2024-07-25T07:58:40.804+0000] {processor.py:840} INFO - DAG(s) 'example_sla_dag' retrieved from /root/.cache/pypoetry/virtualenvs/freeprise-matchmaker-BsnH11MF-py3.8/lib/python3.8/site-packages/airflow/example_dags/example_sla_dag.py
[2024-07-25T07:58:40.845+0000] {logging_mixin.py:188} INFO - [2024-07-25T07:58:40.845+0000] {dag.py:3089} INFO - Sync 1 DAGs
[2024-07-25T07:58:40.884+0000] {logging_mixin.py:188} INFO - [2024-07-25T07:58:40.883+0000] {dag.py:3947} INFO - Setting next_dagrun for example_sla_dag to 2024-07-25 07:56:00+00:00, run_after=2024-07-25 07:58:00+00:00
[2024-07-25T07:58:40.913+0000] {processor.py:183} INFO - Processing /root/.cache/pypoetry/virtualenvs/freeprise-matchmaker-BsnH11MF-py3.8/lib/python3.8/site-packages/airflow/example_dags/example_sla_dag.py took 0.138 seconds
[2024-07-25T07:59:11.132+0000] {processor.py:161} INFO - Started process (PID=4776) to work on /root/.cache/pypoetry/virtualenvs/freeprise-matchmaker-BsnH11MF-py3.8/lib/python3.8/site-packages/airflow/example_dags/example_sla_dag.py
[2024-07-25T07:59:11.134+0000] {processor.py:830} INFO - Processing file /root/.cache/pypoetry/virtualenvs/freeprise-matchmaker-BsnH11MF-py3.8/lib/python3.8/site-packages/airflow/example_dags/example_sla_dag.py for tasks to queue
[2024-07-25T07:59:11.137+0000] {logging_mixin.py:188} INFO - [2024-07-25T07:59:11.137+0000] {dagbag.py:545} INFO - Filling up the DagBag from /root/.cache/pypoetry/virtualenvs/freeprise-matchmaker-BsnH11MF-py3.8/lib/python3.8/site-packages/airflow/example_dags/example_sla_dag.py
[2024-07-25T07:59:11.152+0000] {processor.py:840} INFO - DAG(s) 'example_sla_dag' retrieved from /root/.cache/pypoetry/virtualenvs/freeprise-matchmaker-BsnH11MF-py3.8/lib/python3.8/site-packages/airflow/example_dags/example_sla_dag.py
[2024-07-25T07:59:11.199+0000] {logging_mixin.py:188} INFO - [2024-07-25T07:59:11.198+0000] {dag.py:3089} INFO - Sync 1 DAGs
[2024-07-25T07:59:11.264+0000] {logging_mixin.py:188} INFO - [2024-07-25T07:59:11.264+0000] {dag.py:3947} INFO - Setting next_dagrun for example_sla_dag to 2024-07-25 07:56:00+00:00, run_after=2024-07-25 07:58:00+00:00
[2024-07-25T07:59:11.300+0000] {processor.py:183} INFO - Processing /root/.cache/pypoetry/virtualenvs/freeprise-matchmaker-BsnH11MF-py3.8/lib/python3.8/site-packages/airflow/example_dags/example_sla_dag.py took 0.180 seconds
[2024-07-25T07:59:41.682+0000] {processor.py:161} INFO - Started process (PID=5041) to work on /root/.cache/pypoetry/virtualenvs/freeprise-matchmaker-BsnH11MF-py3.8/lib/python3.8/site-packages/airflow/example_dags/example_sla_dag.py
[2024-07-25T07:59:41.684+0000] {processor.py:830} INFO - Processing file /root/.cache/pypoetry/virtualenvs/freeprise-matchmaker-BsnH11MF-py3.8/lib/python3.8/site-packages/airflow/example_dags/example_sla_dag.py for tasks to queue
[2024-07-25T07:59:41.691+0000] {logging_mixin.py:188} INFO - [2024-07-25T07:59:41.690+0000] {dagbag.py:545} INFO - Filling up the DagBag from /root/.cache/pypoetry/virtualenvs/freeprise-matchmaker-BsnH11MF-py3.8/lib/python3.8/site-packages/airflow/example_dags/example_sla_dag.py
[2024-07-25T07:59:41.715+0000] {processor.py:840} INFO - DAG(s) 'example_sla_dag' retrieved from /root/.cache/pypoetry/virtualenvs/freeprise-matchmaker-BsnH11MF-py3.8/lib/python3.8/site-packages/airflow/example_dags/example_sla_dag.py
[2024-07-25T07:59:41.775+0000] {logging_mixin.py:188} INFO - [2024-07-25T07:59:41.775+0000] {dag.py:3089} INFO - Sync 1 DAGs
[2024-07-25T07:59:41.850+0000] {logging_mixin.py:188} INFO - [2024-07-25T07:59:41.850+0000] {dag.py:3947} INFO - Setting next_dagrun for example_sla_dag to 2024-07-25 07:56:00+00:00, run_after=2024-07-25 07:58:00+00:00
[2024-07-25T07:59:41.900+0000] {processor.py:183} INFO - Processing /root/.cache/pypoetry/virtualenvs/freeprise-matchmaker-BsnH11MF-py3.8/lib/python3.8/site-packages/airflow/example_dags/example_sla_dag.py took 0.235 seconds
[2024-07-25T08:00:12.277+0000] {processor.py:161} INFO - Started process (PID=5308) to work on /root/.cache/pypoetry/virtualenvs/freeprise-matchmaker-BsnH11MF-py3.8/lib/python3.8/site-packages/airflow/example_dags/example_sla_dag.py
[2024-07-25T08:00:12.279+0000] {processor.py:830} INFO - Processing file /root/.cache/pypoetry/virtualenvs/freeprise-matchmaker-BsnH11MF-py3.8/lib/python3.8/site-packages/airflow/example_dags/example_sla_dag.py for tasks to queue
[2024-07-25T08:00:12.283+0000] {logging_mixin.py:188} INFO - [2024-07-25T08:00:12.282+0000] {dagbag.py:545} INFO - Filling up the DagBag from /root/.cache/pypoetry/virtualenvs/freeprise-matchmaker-BsnH11MF-py3.8/lib/python3.8/site-packages/airflow/example_dags/example_sla_dag.py
[2024-07-25T08:00:12.296+0000] {processor.py:840} INFO - DAG(s) 'example_sla_dag' retrieved from /root/.cache/pypoetry/virtualenvs/freeprise-matchmaker-BsnH11MF-py3.8/lib/python3.8/site-packages/airflow/example_dags/example_sla_dag.py
[2024-07-25T08:00:12.343+0000] {logging_mixin.py:188} INFO - [2024-07-25T08:00:12.342+0000] {dag.py:3089} INFO - Sync 1 DAGs
[2024-07-25T08:00:12.402+0000] {logging_mixin.py:188} INFO - [2024-07-25T08:00:12.401+0000] {dag.py:3947} INFO - Setting next_dagrun for example_sla_dag to 2024-07-25 07:58:00+00:00, run_after=2024-07-25 08:00:00+00:00
[2024-07-25T08:00:12.437+0000] {processor.py:183} INFO - Processing /root/.cache/pypoetry/virtualenvs/freeprise-matchmaker-BsnH11MF-py3.8/lib/python3.8/site-packages/airflow/example_dags/example_sla_dag.py took 0.173 seconds
[2024-07-25T08:00:42.534+0000] {processor.py:161} INFO - Started process (PID=5571) to work on /root/.cache/pypoetry/virtualenvs/freeprise-matchmaker-BsnH11MF-py3.8/lib/python3.8/site-packages/airflow/example_dags/example_sla_dag.py
[2024-07-25T08:00:42.540+0000] {processor.py:830} INFO - Processing file /root/.cache/pypoetry/virtualenvs/freeprise-matchmaker-BsnH11MF-py3.8/lib/python3.8/site-packages/airflow/example_dags/example_sla_dag.py for tasks to queue
[2024-07-25T08:00:42.545+0000] {logging_mixin.py:188} INFO - [2024-07-25T08:00:42.544+0000] {dagbag.py:545} INFO - Filling up the DagBag from /root/.cache/pypoetry/virtualenvs/freeprise-matchmaker-BsnH11MF-py3.8/lib/python3.8/site-packages/airflow/example_dags/example_sla_dag.py
[2024-07-25T08:00:42.586+0000] {processor.py:840} INFO - DAG(s) 'example_sla_dag' retrieved from /root/.cache/pypoetry/virtualenvs/freeprise-matchmaker-BsnH11MF-py3.8/lib/python3.8/site-packages/airflow/example_dags/example_sla_dag.py
[2024-07-25T08:00:42.673+0000] {logging_mixin.py:188} INFO - [2024-07-25T08:00:42.673+0000] {dag.py:3089} INFO - Sync 1 DAGs
[2024-07-25T08:00:42.768+0000] {logging_mixin.py:188} INFO - [2024-07-25T08:00:42.767+0000] {dag.py:3947} INFO - Setting next_dagrun for example_sla_dag to 2024-07-25 07:58:00+00:00, run_after=2024-07-25 08:00:00+00:00
[2024-07-25T08:00:42.831+0000] {processor.py:183} INFO - Processing /root/.cache/pypoetry/virtualenvs/freeprise-matchmaker-BsnH11MF-py3.8/lib/python3.8/site-packages/airflow/example_dags/example_sla_dag.py took 0.330 seconds
