[2024-07-25T07:50:30.971+0000] {processor.py:161} INFO - Started process (PID=327) to work on /root/.cache/pypoetry/virtualenvs/freeprise-matchmaker-BsnH11MF-py3.8/lib/python3.8/site-packages/airflow/example_dags/example_local_kubernetes_executor.py
[2024-07-25T07:50:30.972+0000] {processor.py:830} INFO - Processing file /root/.cache/pypoetry/virtualenvs/freeprise-matchmaker-BsnH11MF-py3.8/lib/python3.8/site-packages/airflow/example_dags/example_local_kubernetes_executor.py for tasks to queue
[2024-07-25T07:50:30.974+0000] {logging_mixin.py:188} INFO - [2024-07-25T07:50:30.974+0000] {dagbag.py:545} INFO - Filling up the DagBag from /root/.cache/pypoetry/virtualenvs/freeprise-matchmaker-BsnH11MF-py3.8/lib/python3.8/site-packages/airflow/example_dags/example_local_kubernetes_executor.py
[2024-07-25T07:50:30.979+0000] {logging_mixin.py:188} INFO - [2024-07-25T07:50:30.978+0000] {example_local_kubernetes_executor.py:40} WARNING - Could not import DAGs in example_local_kubernetes_executor.py
Traceback (most recent call last):
  File "/root/.cache/pypoetry/virtualenvs/freeprise-matchmaker-BsnH11MF-py3.8/lib/python3.8/site-packages/airflow/example_dags/example_local_kubernetes_executor.py", line 38, in <module>
    from kubernetes.client import models as k8s
ModuleNotFoundError: No module named 'kubernetes'
[2024-07-25T07:50:30.979+0000] {logging_mixin.py:188} INFO - [2024-07-25T07:50:30.979+0000] {example_local_kubernetes_executor.py:41} WARNING - Install Kubernetes dependencies with: pip install apache-airflow[cncf.kubernetes]
[2024-07-25T07:50:30.979+0000] {processor.py:842} WARNING - No viable dags retrieved from /root/.cache/pypoetry/virtualenvs/freeprise-matchmaker-BsnH11MF-py3.8/lib/python3.8/site-packages/airflow/example_dags/example_local_kubernetes_executor.py
[2024-07-25T07:50:31.005+0000] {processor.py:183} INFO - Processing /root/.cache/pypoetry/virtualenvs/freeprise-matchmaker-BsnH11MF-py3.8/lib/python3.8/site-packages/airflow/example_dags/example_local_kubernetes_executor.py took 0.047 seconds
[2024-07-25T07:51:06.172+0000] {processor.py:161} INFO - Started process (PID=593) to work on /root/.cache/pypoetry/virtualenvs/freeprise-matchmaker-BsnH11MF-py3.8/lib/python3.8/site-packages/airflow/example_dags/example_local_kubernetes_executor.py
[2024-07-25T07:51:06.175+0000] {processor.py:830} INFO - Processing file /root/.cache/pypoetry/virtualenvs/freeprise-matchmaker-BsnH11MF-py3.8/lib/python3.8/site-packages/airflow/example_dags/example_local_kubernetes_executor.py for tasks to queue
[2024-07-25T07:51:06.177+0000] {logging_mixin.py:188} INFO - [2024-07-25T07:51:06.177+0000] {dagbag.py:545} INFO - Filling up the DagBag from /root/.cache/pypoetry/virtualenvs/freeprise-matchmaker-BsnH11MF-py3.8/lib/python3.8/site-packages/airflow/example_dags/example_local_kubernetes_executor.py
[2024-07-25T07:51:06.182+0000] {logging_mixin.py:188} INFO - [2024-07-25T07:51:06.181+0000] {example_local_kubernetes_executor.py:40} WARNING - Could not import DAGs in example_local_kubernetes_executor.py
Traceback (most recent call last):
  File "/root/.cache/pypoetry/virtualenvs/freeprise-matchmaker-BsnH11MF-py3.8/lib/python3.8/site-packages/airflow/example_dags/example_local_kubernetes_executor.py", line 38, in <module>
    from kubernetes.client import models as k8s
ModuleNotFoundError: No module named 'kubernetes'
[2024-07-25T07:51:06.182+0000] {logging_mixin.py:188} INFO - [2024-07-25T07:51:06.182+0000] {example_local_kubernetes_executor.py:41} WARNING - Install Kubernetes dependencies with: pip install apache-airflow[cncf.kubernetes]
[2024-07-25T07:51:06.183+0000] {processor.py:842} WARNING - No viable dags retrieved from /root/.cache/pypoetry/virtualenvs/freeprise-matchmaker-BsnH11MF-py3.8/lib/python3.8/site-packages/airflow/example_dags/example_local_kubernetes_executor.py
[2024-07-25T07:51:06.211+0000] {processor.py:183} INFO - Processing /root/.cache/pypoetry/virtualenvs/freeprise-matchmaker-BsnH11MF-py3.8/lib/python3.8/site-packages/airflow/example_dags/example_local_kubernetes_executor.py took 0.051 seconds
[2024-07-25T07:51:36.797+0000] {processor.py:161} INFO - Started process (PID=854) to work on /root/.cache/pypoetry/virtualenvs/freeprise-matchmaker-BsnH11MF-py3.8/lib/python3.8/site-packages/airflow/example_dags/example_local_kubernetes_executor.py
[2024-07-25T07:51:36.798+0000] {processor.py:830} INFO - Processing file /root/.cache/pypoetry/virtualenvs/freeprise-matchmaker-BsnH11MF-py3.8/lib/python3.8/site-packages/airflow/example_dags/example_local_kubernetes_executor.py for tasks to queue
[2024-07-25T07:51:36.800+0000] {logging_mixin.py:188} INFO - [2024-07-25T07:51:36.800+0000] {dagbag.py:545} INFO - Filling up the DagBag from /root/.cache/pypoetry/virtualenvs/freeprise-matchmaker-BsnH11MF-py3.8/lib/python3.8/site-packages/airflow/example_dags/example_local_kubernetes_executor.py
[2024-07-25T07:51:36.806+0000] {logging_mixin.py:188} INFO - [2024-07-25T07:51:36.805+0000] {example_local_kubernetes_executor.py:40} WARNING - Could not import DAGs in example_local_kubernetes_executor.py
Traceback (most recent call last):
  File "/root/.cache/pypoetry/virtualenvs/freeprise-matchmaker-BsnH11MF-py3.8/lib/python3.8/site-packages/airflow/example_dags/example_local_kubernetes_executor.py", line 38, in <module>
    from kubernetes.client import models as k8s
ModuleNotFoundError: No module named 'kubernetes'
[2024-07-25T07:51:36.807+0000] {logging_mixin.py:188} INFO - [2024-07-25T07:51:36.806+0000] {example_local_kubernetes_executor.py:41} WARNING - Install Kubernetes dependencies with: pip install apache-airflow[cncf.kubernetes]
[2024-07-25T07:51:36.807+0000] {processor.py:842} WARNING - No viable dags retrieved from /root/.cache/pypoetry/virtualenvs/freeprise-matchmaker-BsnH11MF-py3.8/lib/python3.8/site-packages/airflow/example_dags/example_local_kubernetes_executor.py
[2024-07-25T07:51:36.840+0000] {processor.py:183} INFO - Processing /root/.cache/pypoetry/virtualenvs/freeprise-matchmaker-BsnH11MF-py3.8/lib/python3.8/site-packages/airflow/example_dags/example_local_kubernetes_executor.py took 0.055 seconds
[2024-07-25T07:52:07.337+0000] {processor.py:161} INFO - Started process (PID=1120) to work on /root/.cache/pypoetry/virtualenvs/freeprise-matchmaker-BsnH11MF-py3.8/lib/python3.8/site-packages/airflow/example_dags/example_local_kubernetes_executor.py
[2024-07-25T07:52:07.340+0000] {processor.py:830} INFO - Processing file /root/.cache/pypoetry/virtualenvs/freeprise-matchmaker-BsnH11MF-py3.8/lib/python3.8/site-packages/airflow/example_dags/example_local_kubernetes_executor.py for tasks to queue
[2024-07-25T07:52:07.342+0000] {logging_mixin.py:188} INFO - [2024-07-25T07:52:07.341+0000] {dagbag.py:545} INFO - Filling up the DagBag from /root/.cache/pypoetry/virtualenvs/freeprise-matchmaker-BsnH11MF-py3.8/lib/python3.8/site-packages/airflow/example_dags/example_local_kubernetes_executor.py
[2024-07-25T07:52:07.347+0000] {logging_mixin.py:188} INFO - [2024-07-25T07:52:07.346+0000] {example_local_kubernetes_executor.py:40} WARNING - Could not import DAGs in example_local_kubernetes_executor.py
Traceback (most recent call last):
  File "/root/.cache/pypoetry/virtualenvs/freeprise-matchmaker-BsnH11MF-py3.8/lib/python3.8/site-packages/airflow/example_dags/example_local_kubernetes_executor.py", line 38, in <module>
    from kubernetes.client import models as k8s
ModuleNotFoundError: No module named 'kubernetes'
[2024-07-25T07:52:07.347+0000] {logging_mixin.py:188} INFO - [2024-07-25T07:52:07.347+0000] {example_local_kubernetes_executor.py:41} WARNING - Install Kubernetes dependencies with: pip install apache-airflow[cncf.kubernetes]
[2024-07-25T07:52:07.348+0000] {processor.py:842} WARNING - No viable dags retrieved from /root/.cache/pypoetry/virtualenvs/freeprise-matchmaker-BsnH11MF-py3.8/lib/python3.8/site-packages/airflow/example_dags/example_local_kubernetes_executor.py
[2024-07-25T07:52:07.377+0000] {processor.py:183} INFO - Processing /root/.cache/pypoetry/virtualenvs/freeprise-matchmaker-BsnH11MF-py3.8/lib/python3.8/site-packages/airflow/example_dags/example_local_kubernetes_executor.py took 0.051 seconds
[2024-07-25T07:52:37.677+0000] {processor.py:161} INFO - Started process (PID=1386) to work on /root/.cache/pypoetry/virtualenvs/freeprise-matchmaker-BsnH11MF-py3.8/lib/python3.8/site-packages/airflow/example_dags/example_local_kubernetes_executor.py
[2024-07-25T07:52:37.678+0000] {processor.py:830} INFO - Processing file /root/.cache/pypoetry/virtualenvs/freeprise-matchmaker-BsnH11MF-py3.8/lib/python3.8/site-packages/airflow/example_dags/example_local_kubernetes_executor.py for tasks to queue
[2024-07-25T07:52:37.681+0000] {logging_mixin.py:188} INFO - [2024-07-25T07:52:37.680+0000] {dagbag.py:545} INFO - Filling up the DagBag from /root/.cache/pypoetry/virtualenvs/freeprise-matchmaker-BsnH11MF-py3.8/lib/python3.8/site-packages/airflow/example_dags/example_local_kubernetes_executor.py
[2024-07-25T07:52:37.686+0000] {logging_mixin.py:188} INFO - [2024-07-25T07:52:37.685+0000] {example_local_kubernetes_executor.py:40} WARNING - Could not import DAGs in example_local_kubernetes_executor.py
Traceback (most recent call last):
  File "/root/.cache/pypoetry/virtualenvs/freeprise-matchmaker-BsnH11MF-py3.8/lib/python3.8/site-packages/airflow/example_dags/example_local_kubernetes_executor.py", line 38, in <module>
    from kubernetes.client import models as k8s
ModuleNotFoundError: No module named 'kubernetes'
[2024-07-25T07:52:37.686+0000] {logging_mixin.py:188} INFO - [2024-07-25T07:52:37.686+0000] {example_local_kubernetes_executor.py:41} WARNING - Install Kubernetes dependencies with: pip install apache-airflow[cncf.kubernetes]
[2024-07-25T07:52:37.687+0000] {processor.py:842} WARNING - No viable dags retrieved from /root/.cache/pypoetry/virtualenvs/freeprise-matchmaker-BsnH11MF-py3.8/lib/python3.8/site-packages/airflow/example_dags/example_local_kubernetes_executor.py
[2024-07-25T07:52:37.717+0000] {processor.py:183} INFO - Processing /root/.cache/pypoetry/virtualenvs/freeprise-matchmaker-BsnH11MF-py3.8/lib/python3.8/site-packages/airflow/example_dags/example_local_kubernetes_executor.py took 0.052 seconds
[2024-07-25T07:53:08.555+0000] {processor.py:161} INFO - Started process (PID=1657) to work on /root/.cache/pypoetry/virtualenvs/freeprise-matchmaker-BsnH11MF-py3.8/lib/python3.8/site-packages/airflow/example_dags/example_local_kubernetes_executor.py
[2024-07-25T07:53:08.557+0000] {processor.py:830} INFO - Processing file /root/.cache/pypoetry/virtualenvs/freeprise-matchmaker-BsnH11MF-py3.8/lib/python3.8/site-packages/airflow/example_dags/example_local_kubernetes_executor.py for tasks to queue
[2024-07-25T07:53:08.560+0000] {logging_mixin.py:188} INFO - [2024-07-25T07:53:08.559+0000] {dagbag.py:545} INFO - Filling up the DagBag from /root/.cache/pypoetry/virtualenvs/freeprise-matchmaker-BsnH11MF-py3.8/lib/python3.8/site-packages/airflow/example_dags/example_local_kubernetes_executor.py
[2024-07-25T07:53:08.566+0000] {logging_mixin.py:188} INFO - [2024-07-25T07:53:08.565+0000] {example_local_kubernetes_executor.py:40} WARNING - Could not import DAGs in example_local_kubernetes_executor.py
Traceback (most recent call last):
  File "/root/.cache/pypoetry/virtualenvs/freeprise-matchmaker-BsnH11MF-py3.8/lib/python3.8/site-packages/airflow/example_dags/example_local_kubernetes_executor.py", line 38, in <module>
    from kubernetes.client import models as k8s
ModuleNotFoundError: No module named 'kubernetes'
[2024-07-25T07:53:08.567+0000] {logging_mixin.py:188} INFO - [2024-07-25T07:53:08.567+0000] {example_local_kubernetes_executor.py:41} WARNING - Install Kubernetes dependencies with: pip install apache-airflow[cncf.kubernetes]
[2024-07-25T07:53:08.567+0000] {processor.py:842} WARNING - No viable dags retrieved from /root/.cache/pypoetry/virtualenvs/freeprise-matchmaker-BsnH11MF-py3.8/lib/python3.8/site-packages/airflow/example_dags/example_local_kubernetes_executor.py
[2024-07-25T07:53:08.600+0000] {processor.py:183} INFO - Processing /root/.cache/pypoetry/virtualenvs/freeprise-matchmaker-BsnH11MF-py3.8/lib/python3.8/site-packages/airflow/example_dags/example_local_kubernetes_executor.py took 0.061 seconds
[2024-07-25T07:53:39.162+0000] {processor.py:161} INFO - Started process (PID=1923) to work on /root/.cache/pypoetry/virtualenvs/freeprise-matchmaker-BsnH11MF-py3.8/lib/python3.8/site-packages/airflow/example_dags/example_local_kubernetes_executor.py
[2024-07-25T07:53:39.165+0000] {processor.py:830} INFO - Processing file /root/.cache/pypoetry/virtualenvs/freeprise-matchmaker-BsnH11MF-py3.8/lib/python3.8/site-packages/airflow/example_dags/example_local_kubernetes_executor.py for tasks to queue
[2024-07-25T07:53:39.167+0000] {logging_mixin.py:188} INFO - [2024-07-25T07:53:39.167+0000] {dagbag.py:545} INFO - Filling up the DagBag from /root/.cache/pypoetry/virtualenvs/freeprise-matchmaker-BsnH11MF-py3.8/lib/python3.8/site-packages/airflow/example_dags/example_local_kubernetes_executor.py
[2024-07-25T07:53:39.172+0000] {logging_mixin.py:188} INFO - [2024-07-25T07:53:39.171+0000] {example_local_kubernetes_executor.py:40} WARNING - Could not import DAGs in example_local_kubernetes_executor.py
Traceback (most recent call last):
  File "/root/.cache/pypoetry/virtualenvs/freeprise-matchmaker-BsnH11MF-py3.8/lib/python3.8/site-packages/airflow/example_dags/example_local_kubernetes_executor.py", line 38, in <module>
    from kubernetes.client import models as k8s
ModuleNotFoundError: No module named 'kubernetes'
[2024-07-25T07:53:39.172+0000] {logging_mixin.py:188} INFO - [2024-07-25T07:53:39.172+0000] {example_local_kubernetes_executor.py:41} WARNING - Install Kubernetes dependencies with: pip install apache-airflow[cncf.kubernetes]
[2024-07-25T07:53:39.173+0000] {processor.py:842} WARNING - No viable dags retrieved from /root/.cache/pypoetry/virtualenvs/freeprise-matchmaker-BsnH11MF-py3.8/lib/python3.8/site-packages/airflow/example_dags/example_local_kubernetes_executor.py
[2024-07-25T07:53:39.204+0000] {processor.py:183} INFO - Processing /root/.cache/pypoetry/virtualenvs/freeprise-matchmaker-BsnH11MF-py3.8/lib/python3.8/site-packages/airflow/example_dags/example_local_kubernetes_executor.py took 0.054 seconds
[2024-07-25T07:54:09.615+0000] {processor.py:161} INFO - Started process (PID=2189) to work on /root/.cache/pypoetry/virtualenvs/freeprise-matchmaker-BsnH11MF-py3.8/lib/python3.8/site-packages/airflow/example_dags/example_local_kubernetes_executor.py
[2024-07-25T07:54:09.618+0000] {processor.py:830} INFO - Processing file /root/.cache/pypoetry/virtualenvs/freeprise-matchmaker-BsnH11MF-py3.8/lib/python3.8/site-packages/airflow/example_dags/example_local_kubernetes_executor.py for tasks to queue
[2024-07-25T07:54:09.620+0000] {logging_mixin.py:188} INFO - [2024-07-25T07:54:09.620+0000] {dagbag.py:545} INFO - Filling up the DagBag from /root/.cache/pypoetry/virtualenvs/freeprise-matchmaker-BsnH11MF-py3.8/lib/python3.8/site-packages/airflow/example_dags/example_local_kubernetes_executor.py
[2024-07-25T07:54:09.625+0000] {logging_mixin.py:188} INFO - [2024-07-25T07:54:09.625+0000] {example_local_kubernetes_executor.py:40} WARNING - Could not import DAGs in example_local_kubernetes_executor.py
Traceback (most recent call last):
  File "/root/.cache/pypoetry/virtualenvs/freeprise-matchmaker-BsnH11MF-py3.8/lib/python3.8/site-packages/airflow/example_dags/example_local_kubernetes_executor.py", line 38, in <module>
    from kubernetes.client import models as k8s
ModuleNotFoundError: No module named 'kubernetes'
[2024-07-25T07:54:09.626+0000] {logging_mixin.py:188} INFO - [2024-07-25T07:54:09.626+0000] {example_local_kubernetes_executor.py:41} WARNING - Install Kubernetes dependencies with: pip install apache-airflow[cncf.kubernetes]
[2024-07-25T07:54:09.626+0000] {processor.py:842} WARNING - No viable dags retrieved from /root/.cache/pypoetry/virtualenvs/freeprise-matchmaker-BsnH11MF-py3.8/lib/python3.8/site-packages/airflow/example_dags/example_local_kubernetes_executor.py
[2024-07-25T07:54:09.661+0000] {processor.py:183} INFO - Processing /root/.cache/pypoetry/virtualenvs/freeprise-matchmaker-BsnH11MF-py3.8/lib/python3.8/site-packages/airflow/example_dags/example_local_kubernetes_executor.py took 0.058 seconds
[2024-07-25T07:54:40.176+0000] {processor.py:161} INFO - Started process (PID=2452) to work on /root/.cache/pypoetry/virtualenvs/freeprise-matchmaker-BsnH11MF-py3.8/lib/python3.8/site-packages/airflow/example_dags/example_local_kubernetes_executor.py
[2024-07-25T07:54:40.177+0000] {processor.py:830} INFO - Processing file /root/.cache/pypoetry/virtualenvs/freeprise-matchmaker-BsnH11MF-py3.8/lib/python3.8/site-packages/airflow/example_dags/example_local_kubernetes_executor.py for tasks to queue
[2024-07-25T07:54:40.180+0000] {logging_mixin.py:188} INFO - [2024-07-25T07:54:40.179+0000] {dagbag.py:545} INFO - Filling up the DagBag from /root/.cache/pypoetry/virtualenvs/freeprise-matchmaker-BsnH11MF-py3.8/lib/python3.8/site-packages/airflow/example_dags/example_local_kubernetes_executor.py
[2024-07-25T07:54:40.185+0000] {logging_mixin.py:188} INFO - [2024-07-25T07:54:40.184+0000] {example_local_kubernetes_executor.py:40} WARNING - Could not import DAGs in example_local_kubernetes_executor.py
Traceback (most recent call last):
  File "/root/.cache/pypoetry/virtualenvs/freeprise-matchmaker-BsnH11MF-py3.8/lib/python3.8/site-packages/airflow/example_dags/example_local_kubernetes_executor.py", line 38, in <module>
    from kubernetes.client import models as k8s
ModuleNotFoundError: No module named 'kubernetes'
[2024-07-25T07:54:40.185+0000] {logging_mixin.py:188} INFO - [2024-07-25T07:54:40.185+0000] {example_local_kubernetes_executor.py:41} WARNING - Install Kubernetes dependencies with: pip install apache-airflow[cncf.kubernetes]
[2024-07-25T07:54:40.185+0000] {processor.py:842} WARNING - No viable dags retrieved from /root/.cache/pypoetry/virtualenvs/freeprise-matchmaker-BsnH11MF-py3.8/lib/python3.8/site-packages/airflow/example_dags/example_local_kubernetes_executor.py
[2024-07-25T07:54:40.213+0000] {processor.py:183} INFO - Processing /root/.cache/pypoetry/virtualenvs/freeprise-matchmaker-BsnH11MF-py3.8/lib/python3.8/site-packages/airflow/example_dags/example_local_kubernetes_executor.py took 0.049 seconds
[2024-07-25T07:55:10.388+0000] {processor.py:161} INFO - Started process (PID=2716) to work on /root/.cache/pypoetry/virtualenvs/freeprise-matchmaker-BsnH11MF-py3.8/lib/python3.8/site-packages/airflow/example_dags/example_local_kubernetes_executor.py
[2024-07-25T07:55:10.390+0000] {processor.py:830} INFO - Processing file /root/.cache/pypoetry/virtualenvs/freeprise-matchmaker-BsnH11MF-py3.8/lib/python3.8/site-packages/airflow/example_dags/example_local_kubernetes_executor.py for tasks to queue
[2024-07-25T07:55:10.394+0000] {logging_mixin.py:188} INFO - [2024-07-25T07:55:10.393+0000] {dagbag.py:545} INFO - Filling up the DagBag from /root/.cache/pypoetry/virtualenvs/freeprise-matchmaker-BsnH11MF-py3.8/lib/python3.8/site-packages/airflow/example_dags/example_local_kubernetes_executor.py
[2024-07-25T07:55:10.399+0000] {logging_mixin.py:188} INFO - [2024-07-25T07:55:10.398+0000] {example_local_kubernetes_executor.py:40} WARNING - Could not import DAGs in example_local_kubernetes_executor.py
Traceback (most recent call last):
  File "/root/.cache/pypoetry/virtualenvs/freeprise-matchmaker-BsnH11MF-py3.8/lib/python3.8/site-packages/airflow/example_dags/example_local_kubernetes_executor.py", line 38, in <module>
    from kubernetes.client import models as k8s
ModuleNotFoundError: No module named 'kubernetes'
[2024-07-25T07:55:10.399+0000] {logging_mixin.py:188} INFO - [2024-07-25T07:55:10.399+0000] {example_local_kubernetes_executor.py:41} WARNING - Install Kubernetes dependencies with: pip install apache-airflow[cncf.kubernetes]
[2024-07-25T07:55:10.399+0000] {processor.py:842} WARNING - No viable dags retrieved from /root/.cache/pypoetry/virtualenvs/freeprise-matchmaker-BsnH11MF-py3.8/lib/python3.8/site-packages/airflow/example_dags/example_local_kubernetes_executor.py
[2024-07-25T07:55:10.430+0000] {processor.py:183} INFO - Processing /root/.cache/pypoetry/virtualenvs/freeprise-matchmaker-BsnH11MF-py3.8/lib/python3.8/site-packages/airflow/example_dags/example_local_kubernetes_executor.py took 0.057 seconds
[2024-07-25T07:55:40.606+0000] {processor.py:161} INFO - Started process (PID=2982) to work on /root/.cache/pypoetry/virtualenvs/freeprise-matchmaker-BsnH11MF-py3.8/lib/python3.8/site-packages/airflow/example_dags/example_local_kubernetes_executor.py
[2024-07-25T07:55:40.608+0000] {processor.py:830} INFO - Processing file /root/.cache/pypoetry/virtualenvs/freeprise-matchmaker-BsnH11MF-py3.8/lib/python3.8/site-packages/airflow/example_dags/example_local_kubernetes_executor.py for tasks to queue
[2024-07-25T07:55:40.611+0000] {logging_mixin.py:188} INFO - [2024-07-25T07:55:40.610+0000] {dagbag.py:545} INFO - Filling up the DagBag from /root/.cache/pypoetry/virtualenvs/freeprise-matchmaker-BsnH11MF-py3.8/lib/python3.8/site-packages/airflow/example_dags/example_local_kubernetes_executor.py
[2024-07-25T07:55:40.616+0000] {logging_mixin.py:188} INFO - [2024-07-25T07:55:40.615+0000] {example_local_kubernetes_executor.py:40} WARNING - Could not import DAGs in example_local_kubernetes_executor.py
Traceback (most recent call last):
  File "/root/.cache/pypoetry/virtualenvs/freeprise-matchmaker-BsnH11MF-py3.8/lib/python3.8/site-packages/airflow/example_dags/example_local_kubernetes_executor.py", line 38, in <module>
    from kubernetes.client import models as k8s
ModuleNotFoundError: No module named 'kubernetes'
[2024-07-25T07:55:40.616+0000] {logging_mixin.py:188} INFO - [2024-07-25T07:55:40.616+0000] {example_local_kubernetes_executor.py:41} WARNING - Install Kubernetes dependencies with: pip install apache-airflow[cncf.kubernetes]
[2024-07-25T07:55:40.617+0000] {processor.py:842} WARNING - No viable dags retrieved from /root/.cache/pypoetry/virtualenvs/freeprise-matchmaker-BsnH11MF-py3.8/lib/python3.8/site-packages/airflow/example_dags/example_local_kubernetes_executor.py
[2024-07-25T07:55:40.646+0000] {processor.py:183} INFO - Processing /root/.cache/pypoetry/virtualenvs/freeprise-matchmaker-BsnH11MF-py3.8/lib/python3.8/site-packages/airflow/example_dags/example_local_kubernetes_executor.py took 0.052 seconds
[2024-07-25T07:56:11.323+0000] {processor.py:161} INFO - Started process (PID=3253) to work on /root/.cache/pypoetry/virtualenvs/freeprise-matchmaker-BsnH11MF-py3.8/lib/python3.8/site-packages/airflow/example_dags/example_local_kubernetes_executor.py
[2024-07-25T07:56:11.325+0000] {processor.py:830} INFO - Processing file /root/.cache/pypoetry/virtualenvs/freeprise-matchmaker-BsnH11MF-py3.8/lib/python3.8/site-packages/airflow/example_dags/example_local_kubernetes_executor.py for tasks to queue
[2024-07-25T07:56:11.328+0000] {logging_mixin.py:188} INFO - [2024-07-25T07:56:11.328+0000] {dagbag.py:545} INFO - Filling up the DagBag from /root/.cache/pypoetry/virtualenvs/freeprise-matchmaker-BsnH11MF-py3.8/lib/python3.8/site-packages/airflow/example_dags/example_local_kubernetes_executor.py
[2024-07-25T07:56:11.335+0000] {logging_mixin.py:188} INFO - [2024-07-25T07:56:11.334+0000] {example_local_kubernetes_executor.py:40} WARNING - Could not import DAGs in example_local_kubernetes_executor.py
Traceback (most recent call last):
  File "/root/.cache/pypoetry/virtualenvs/freeprise-matchmaker-BsnH11MF-py3.8/lib/python3.8/site-packages/airflow/example_dags/example_local_kubernetes_executor.py", line 38, in <module>
    from kubernetes.client import models as k8s
ModuleNotFoundError: No module named 'kubernetes'
[2024-07-25T07:56:11.335+0000] {logging_mixin.py:188} INFO - [2024-07-25T07:56:11.335+0000] {example_local_kubernetes_executor.py:41} WARNING - Install Kubernetes dependencies with: pip install apache-airflow[cncf.kubernetes]
[2024-07-25T07:56:11.336+0000] {processor.py:842} WARNING - No viable dags retrieved from /root/.cache/pypoetry/virtualenvs/freeprise-matchmaker-BsnH11MF-py3.8/lib/python3.8/site-packages/airflow/example_dags/example_local_kubernetes_executor.py
[2024-07-25T07:56:11.368+0000] {processor.py:183} INFO - Processing /root/.cache/pypoetry/virtualenvs/freeprise-matchmaker-BsnH11MF-py3.8/lib/python3.8/site-packages/airflow/example_dags/example_local_kubernetes_executor.py took 0.062 seconds
[2024-07-25T07:56:42.228+0000] {processor.py:161} INFO - Started process (PID=3519) to work on /root/.cache/pypoetry/virtualenvs/freeprise-matchmaker-BsnH11MF-py3.8/lib/python3.8/site-packages/airflow/example_dags/example_local_kubernetes_executor.py
[2024-07-25T07:56:42.229+0000] {processor.py:830} INFO - Processing file /root/.cache/pypoetry/virtualenvs/freeprise-matchmaker-BsnH11MF-py3.8/lib/python3.8/site-packages/airflow/example_dags/example_local_kubernetes_executor.py for tasks to queue
[2024-07-25T07:56:42.232+0000] {logging_mixin.py:188} INFO - [2024-07-25T07:56:42.232+0000] {dagbag.py:545} INFO - Filling up the DagBag from /root/.cache/pypoetry/virtualenvs/freeprise-matchmaker-BsnH11MF-py3.8/lib/python3.8/site-packages/airflow/example_dags/example_local_kubernetes_executor.py
[2024-07-25T07:56:42.239+0000] {logging_mixin.py:188} INFO - [2024-07-25T07:56:42.238+0000] {example_local_kubernetes_executor.py:40} WARNING - Could not import DAGs in example_local_kubernetes_executor.py
Traceback (most recent call last):
  File "/root/.cache/pypoetry/virtualenvs/freeprise-matchmaker-BsnH11MF-py3.8/lib/python3.8/site-packages/airflow/example_dags/example_local_kubernetes_executor.py", line 38, in <module>
    from kubernetes.client import models as k8s
ModuleNotFoundError: No module named 'kubernetes'
[2024-07-25T07:56:42.239+0000] {logging_mixin.py:188} INFO - [2024-07-25T07:56:42.239+0000] {example_local_kubernetes_executor.py:41} WARNING - Install Kubernetes dependencies with: pip install apache-airflow[cncf.kubernetes]
[2024-07-25T07:56:42.240+0000] {processor.py:842} WARNING - No viable dags retrieved from /root/.cache/pypoetry/virtualenvs/freeprise-matchmaker-BsnH11MF-py3.8/lib/python3.8/site-packages/airflow/example_dags/example_local_kubernetes_executor.py
[2024-07-25T07:56:42.271+0000] {processor.py:183} INFO - Processing /root/.cache/pypoetry/virtualenvs/freeprise-matchmaker-BsnH11MF-py3.8/lib/python3.8/site-packages/airflow/example_dags/example_local_kubernetes_executor.py took 0.059 seconds
[2024-07-25T07:57:12.534+0000] {processor.py:161} INFO - Started process (PID=3785) to work on /root/.cache/pypoetry/virtualenvs/freeprise-matchmaker-BsnH11MF-py3.8/lib/python3.8/site-packages/airflow/example_dags/example_local_kubernetes_executor.py
[2024-07-25T07:57:12.536+0000] {processor.py:830} INFO - Processing file /root/.cache/pypoetry/virtualenvs/freeprise-matchmaker-BsnH11MF-py3.8/lib/python3.8/site-packages/airflow/example_dags/example_local_kubernetes_executor.py for tasks to queue
[2024-07-25T07:57:12.539+0000] {logging_mixin.py:188} INFO - [2024-07-25T07:57:12.539+0000] {dagbag.py:545} INFO - Filling up the DagBag from /root/.cache/pypoetry/virtualenvs/freeprise-matchmaker-BsnH11MF-py3.8/lib/python3.8/site-packages/airflow/example_dags/example_local_kubernetes_executor.py
[2024-07-25T07:57:12.546+0000] {logging_mixin.py:188} INFO - [2024-07-25T07:57:12.545+0000] {example_local_kubernetes_executor.py:40} WARNING - Could not import DAGs in example_local_kubernetes_executor.py
Traceback (most recent call last):
  File "/root/.cache/pypoetry/virtualenvs/freeprise-matchmaker-BsnH11MF-py3.8/lib/python3.8/site-packages/airflow/example_dags/example_local_kubernetes_executor.py", line 38, in <module>
    from kubernetes.client import models as k8s
ModuleNotFoundError: No module named 'kubernetes'
[2024-07-25T07:57:12.546+0000] {logging_mixin.py:188} INFO - [2024-07-25T07:57:12.546+0000] {example_local_kubernetes_executor.py:41} WARNING - Install Kubernetes dependencies with: pip install apache-airflow[cncf.kubernetes]
[2024-07-25T07:57:12.547+0000] {processor.py:842} WARNING - No viable dags retrieved from /root/.cache/pypoetry/virtualenvs/freeprise-matchmaker-BsnH11MF-py3.8/lib/python3.8/site-packages/airflow/example_dags/example_local_kubernetes_executor.py
[2024-07-25T07:57:12.578+0000] {processor.py:183} INFO - Processing /root/.cache/pypoetry/virtualenvs/freeprise-matchmaker-BsnH11MF-py3.8/lib/python3.8/site-packages/airflow/example_dags/example_local_kubernetes_executor.py took 0.060 seconds
[2024-07-25T07:57:43.171+0000] {processor.py:161} INFO - Started process (PID=4053) to work on /root/.cache/pypoetry/virtualenvs/freeprise-matchmaker-BsnH11MF-py3.8/lib/python3.8/site-packages/airflow/example_dags/example_local_kubernetes_executor.py
[2024-07-25T07:57:43.173+0000] {processor.py:830} INFO - Processing file /root/.cache/pypoetry/virtualenvs/freeprise-matchmaker-BsnH11MF-py3.8/lib/python3.8/site-packages/airflow/example_dags/example_local_kubernetes_executor.py for tasks to queue
[2024-07-25T07:57:43.175+0000] {logging_mixin.py:188} INFO - [2024-07-25T07:57:43.175+0000] {dagbag.py:545} INFO - Filling up the DagBag from /root/.cache/pypoetry/virtualenvs/freeprise-matchmaker-BsnH11MF-py3.8/lib/python3.8/site-packages/airflow/example_dags/example_local_kubernetes_executor.py
[2024-07-25T07:57:43.181+0000] {logging_mixin.py:188} INFO - [2024-07-25T07:57:43.180+0000] {example_local_kubernetes_executor.py:40} WARNING - Could not import DAGs in example_local_kubernetes_executor.py
Traceback (most recent call last):
  File "/root/.cache/pypoetry/virtualenvs/freeprise-matchmaker-BsnH11MF-py3.8/lib/python3.8/site-packages/airflow/example_dags/example_local_kubernetes_executor.py", line 38, in <module>
    from kubernetes.client import models as k8s
ModuleNotFoundError: No module named 'kubernetes'
[2024-07-25T07:57:43.182+0000] {logging_mixin.py:188} INFO - [2024-07-25T07:57:43.182+0000] {example_local_kubernetes_executor.py:41} WARNING - Install Kubernetes dependencies with: pip install apache-airflow[cncf.kubernetes]
[2024-07-25T07:57:43.182+0000] {processor.py:842} WARNING - No viable dags retrieved from /root/.cache/pypoetry/virtualenvs/freeprise-matchmaker-BsnH11MF-py3.8/lib/python3.8/site-packages/airflow/example_dags/example_local_kubernetes_executor.py
[2024-07-25T07:57:43.215+0000] {processor.py:183} INFO - Processing /root/.cache/pypoetry/virtualenvs/freeprise-matchmaker-BsnH11MF-py3.8/lib/python3.8/site-packages/airflow/example_dags/example_local_kubernetes_executor.py took 0.055 seconds
[2024-07-25T07:58:14.254+0000] {processor.py:161} INFO - Started process (PID=4317) to work on /root/.cache/pypoetry/virtualenvs/freeprise-matchmaker-BsnH11MF-py3.8/lib/python3.8/site-packages/airflow/example_dags/example_local_kubernetes_executor.py
[2024-07-25T07:58:14.255+0000] {processor.py:830} INFO - Processing file /root/.cache/pypoetry/virtualenvs/freeprise-matchmaker-BsnH11MF-py3.8/lib/python3.8/site-packages/airflow/example_dags/example_local_kubernetes_executor.py for tasks to queue
[2024-07-25T07:58:14.258+0000] {logging_mixin.py:188} INFO - [2024-07-25T07:58:14.257+0000] {dagbag.py:545} INFO - Filling up the DagBag from /root/.cache/pypoetry/virtualenvs/freeprise-matchmaker-BsnH11MF-py3.8/lib/python3.8/site-packages/airflow/example_dags/example_local_kubernetes_executor.py
[2024-07-25T07:58:14.264+0000] {logging_mixin.py:188} INFO - [2024-07-25T07:58:14.263+0000] {example_local_kubernetes_executor.py:40} WARNING - Could not import DAGs in example_local_kubernetes_executor.py
Traceback (most recent call last):
  File "/root/.cache/pypoetry/virtualenvs/freeprise-matchmaker-BsnH11MF-py3.8/lib/python3.8/site-packages/airflow/example_dags/example_local_kubernetes_executor.py", line 38, in <module>
    from kubernetes.client import models as k8s
ModuleNotFoundError: No module named 'kubernetes'
[2024-07-25T07:58:14.264+0000] {logging_mixin.py:188} INFO - [2024-07-25T07:58:14.264+0000] {example_local_kubernetes_executor.py:41} WARNING - Install Kubernetes dependencies with: pip install apache-airflow[cncf.kubernetes]
[2024-07-25T07:58:14.265+0000] {processor.py:842} WARNING - No viable dags retrieved from /root/.cache/pypoetry/virtualenvs/freeprise-matchmaker-BsnH11MF-py3.8/lib/python3.8/site-packages/airflow/example_dags/example_local_kubernetes_executor.py
[2024-07-25T07:58:14.299+0000] {processor.py:183} INFO - Processing /root/.cache/pypoetry/virtualenvs/freeprise-matchmaker-BsnH11MF-py3.8/lib/python3.8/site-packages/airflow/example_dags/example_local_kubernetes_executor.py took 0.058 seconds
[2024-07-25T07:58:44.688+0000] {processor.py:161} INFO - Started process (PID=4583) to work on /root/.cache/pypoetry/virtualenvs/freeprise-matchmaker-BsnH11MF-py3.8/lib/python3.8/site-packages/airflow/example_dags/example_local_kubernetes_executor.py
[2024-07-25T07:58:44.690+0000] {processor.py:830} INFO - Processing file /root/.cache/pypoetry/virtualenvs/freeprise-matchmaker-BsnH11MF-py3.8/lib/python3.8/site-packages/airflow/example_dags/example_local_kubernetes_executor.py for tasks to queue
[2024-07-25T07:58:44.693+0000] {logging_mixin.py:188} INFO - [2024-07-25T07:58:44.692+0000] {dagbag.py:545} INFO - Filling up the DagBag from /root/.cache/pypoetry/virtualenvs/freeprise-matchmaker-BsnH11MF-py3.8/lib/python3.8/site-packages/airflow/example_dags/example_local_kubernetes_executor.py
[2024-07-25T07:58:44.698+0000] {logging_mixin.py:188} INFO - [2024-07-25T07:58:44.697+0000] {example_local_kubernetes_executor.py:40} WARNING - Could not import DAGs in example_local_kubernetes_executor.py
Traceback (most recent call last):
  File "/root/.cache/pypoetry/virtualenvs/freeprise-matchmaker-BsnH11MF-py3.8/lib/python3.8/site-packages/airflow/example_dags/example_local_kubernetes_executor.py", line 38, in <module>
    from kubernetes.client import models as k8s
ModuleNotFoundError: No module named 'kubernetes'
[2024-07-25T07:58:44.698+0000] {logging_mixin.py:188} INFO - [2024-07-25T07:58:44.698+0000] {example_local_kubernetes_executor.py:41} WARNING - Install Kubernetes dependencies with: pip install apache-airflow[cncf.kubernetes]
[2024-07-25T07:58:44.699+0000] {processor.py:842} WARNING - No viable dags retrieved from /root/.cache/pypoetry/virtualenvs/freeprise-matchmaker-BsnH11MF-py3.8/lib/python3.8/site-packages/airflow/example_dags/example_local_kubernetes_executor.py
[2024-07-25T07:58:44.730+0000] {processor.py:183} INFO - Processing /root/.cache/pypoetry/virtualenvs/freeprise-matchmaker-BsnH11MF-py3.8/lib/python3.8/site-packages/airflow/example_dags/example_local_kubernetes_executor.py took 0.054 seconds
[2024-07-25T07:59:15.267+0000] {processor.py:161} INFO - Started process (PID=4849) to work on /root/.cache/pypoetry/virtualenvs/freeprise-matchmaker-BsnH11MF-py3.8/lib/python3.8/site-packages/airflow/example_dags/example_local_kubernetes_executor.py
[2024-07-25T07:59:15.269+0000] {processor.py:830} INFO - Processing file /root/.cache/pypoetry/virtualenvs/freeprise-matchmaker-BsnH11MF-py3.8/lib/python3.8/site-packages/airflow/example_dags/example_local_kubernetes_executor.py for tasks to queue
[2024-07-25T07:59:15.272+0000] {logging_mixin.py:188} INFO - [2024-07-25T07:59:15.271+0000] {dagbag.py:545} INFO - Filling up the DagBag from /root/.cache/pypoetry/virtualenvs/freeprise-matchmaker-BsnH11MF-py3.8/lib/python3.8/site-packages/airflow/example_dags/example_local_kubernetes_executor.py
[2024-07-25T07:59:15.277+0000] {logging_mixin.py:188} INFO - [2024-07-25T07:59:15.276+0000] {example_local_kubernetes_executor.py:40} WARNING - Could not import DAGs in example_local_kubernetes_executor.py
Traceback (most recent call last):
  File "/root/.cache/pypoetry/virtualenvs/freeprise-matchmaker-BsnH11MF-py3.8/lib/python3.8/site-packages/airflow/example_dags/example_local_kubernetes_executor.py", line 38, in <module>
    from kubernetes.client import models as k8s
ModuleNotFoundError: No module named 'kubernetes'
[2024-07-25T07:59:15.278+0000] {logging_mixin.py:188} INFO - [2024-07-25T07:59:15.277+0000] {example_local_kubernetes_executor.py:41} WARNING - Install Kubernetes dependencies with: pip install apache-airflow[cncf.kubernetes]
[2024-07-25T07:59:15.278+0000] {processor.py:842} WARNING - No viable dags retrieved from /root/.cache/pypoetry/virtualenvs/freeprise-matchmaker-BsnH11MF-py3.8/lib/python3.8/site-packages/airflow/example_dags/example_local_kubernetes_executor.py
[2024-07-25T07:59:15.310+0000] {processor.py:183} INFO - Processing /root/.cache/pypoetry/virtualenvs/freeprise-matchmaker-BsnH11MF-py3.8/lib/python3.8/site-packages/airflow/example_dags/example_local_kubernetes_executor.py took 0.056 seconds
[2024-07-25T07:59:45.970+0000] {processor.py:161} INFO - Started process (PID=5115) to work on /root/.cache/pypoetry/virtualenvs/freeprise-matchmaker-BsnH11MF-py3.8/lib/python3.8/site-packages/airflow/example_dags/example_local_kubernetes_executor.py
[2024-07-25T07:59:45.972+0000] {processor.py:830} INFO - Processing file /root/.cache/pypoetry/virtualenvs/freeprise-matchmaker-BsnH11MF-py3.8/lib/python3.8/site-packages/airflow/example_dags/example_local_kubernetes_executor.py for tasks to queue
[2024-07-25T07:59:45.975+0000] {logging_mixin.py:188} INFO - [2024-07-25T07:59:45.975+0000] {dagbag.py:545} INFO - Filling up the DagBag from /root/.cache/pypoetry/virtualenvs/freeprise-matchmaker-BsnH11MF-py3.8/lib/python3.8/site-packages/airflow/example_dags/example_local_kubernetes_executor.py
[2024-07-25T07:59:45.982+0000] {logging_mixin.py:188} INFO - [2024-07-25T07:59:45.981+0000] {example_local_kubernetes_executor.py:40} WARNING - Could not import DAGs in example_local_kubernetes_executor.py
Traceback (most recent call last):
  File "/root/.cache/pypoetry/virtualenvs/freeprise-matchmaker-BsnH11MF-py3.8/lib/python3.8/site-packages/airflow/example_dags/example_local_kubernetes_executor.py", line 38, in <module>
    from kubernetes.client import models as k8s
ModuleNotFoundError: No module named 'kubernetes'
[2024-07-25T07:59:45.983+0000] {logging_mixin.py:188} INFO - [2024-07-25T07:59:45.982+0000] {example_local_kubernetes_executor.py:41} WARNING - Install Kubernetes dependencies with: pip install apache-airflow[cncf.kubernetes]
[2024-07-25T07:59:45.983+0000] {processor.py:842} WARNING - No viable dags retrieved from /root/.cache/pypoetry/virtualenvs/freeprise-matchmaker-BsnH11MF-py3.8/lib/python3.8/site-packages/airflow/example_dags/example_local_kubernetes_executor.py
[2024-07-25T07:59:46.023+0000] {processor.py:183} INFO - Processing /root/.cache/pypoetry/virtualenvs/freeprise-matchmaker-BsnH11MF-py3.8/lib/python3.8/site-packages/airflow/example_dags/example_local_kubernetes_executor.py took 0.069 seconds
[2024-07-25T08:00:17.159+0000] {processor.py:161} INFO - Started process (PID=5381) to work on /root/.cache/pypoetry/virtualenvs/freeprise-matchmaker-BsnH11MF-py3.8/lib/python3.8/site-packages/airflow/example_dags/example_local_kubernetes_executor.py
[2024-07-25T08:00:17.161+0000] {processor.py:830} INFO - Processing file /root/.cache/pypoetry/virtualenvs/freeprise-matchmaker-BsnH11MF-py3.8/lib/python3.8/site-packages/airflow/example_dags/example_local_kubernetes_executor.py for tasks to queue
[2024-07-25T08:00:17.164+0000] {logging_mixin.py:188} INFO - [2024-07-25T08:00:17.163+0000] {dagbag.py:545} INFO - Filling up the DagBag from /root/.cache/pypoetry/virtualenvs/freeprise-matchmaker-BsnH11MF-py3.8/lib/python3.8/site-packages/airflow/example_dags/example_local_kubernetes_executor.py
[2024-07-25T08:00:17.170+0000] {logging_mixin.py:188} INFO - [2024-07-25T08:00:17.169+0000] {example_local_kubernetes_executor.py:40} WARNING - Could not import DAGs in example_local_kubernetes_executor.py
Traceback (most recent call last):
  File "/root/.cache/pypoetry/virtualenvs/freeprise-matchmaker-BsnH11MF-py3.8/lib/python3.8/site-packages/airflow/example_dags/example_local_kubernetes_executor.py", line 38, in <module>
    from kubernetes.client import models as k8s
ModuleNotFoundError: No module named 'kubernetes'
[2024-07-25T08:00:17.170+0000] {logging_mixin.py:188} INFO - [2024-07-25T08:00:17.170+0000] {example_local_kubernetes_executor.py:41} WARNING - Install Kubernetes dependencies with: pip install apache-airflow[cncf.kubernetes]
[2024-07-25T08:00:17.171+0000] {processor.py:842} WARNING - No viable dags retrieved from /root/.cache/pypoetry/virtualenvs/freeprise-matchmaker-BsnH11MF-py3.8/lib/python3.8/site-packages/airflow/example_dags/example_local_kubernetes_executor.py
[2024-07-25T08:00:17.201+0000] {processor.py:183} INFO - Processing /root/.cache/pypoetry/virtualenvs/freeprise-matchmaker-BsnH11MF-py3.8/lib/python3.8/site-packages/airflow/example_dags/example_local_kubernetes_executor.py took 0.054 seconds
[2024-07-25T08:00:51.793+0000] {processor.py:161} INFO - Started process (PID=5647) to work on /root/.cache/pypoetry/virtualenvs/freeprise-matchmaker-BsnH11MF-py3.8/lib/python3.8/site-packages/airflow/example_dags/example_local_kubernetes_executor.py
[2024-07-25T08:00:51.799+0000] {processor.py:830} INFO - Processing file /root/.cache/pypoetry/virtualenvs/freeprise-matchmaker-BsnH11MF-py3.8/lib/python3.8/site-packages/airflow/example_dags/example_local_kubernetes_executor.py for tasks to queue
[2024-07-25T08:00:51.807+0000] {logging_mixin.py:188} INFO - [2024-07-25T08:00:51.806+0000] {dagbag.py:545} INFO - Filling up the DagBag from /root/.cache/pypoetry/virtualenvs/freeprise-matchmaker-BsnH11MF-py3.8/lib/python3.8/site-packages/airflow/example_dags/example_local_kubernetes_executor.py
[2024-07-25T08:00:51.822+0000] {logging_mixin.py:188} INFO - [2024-07-25T08:00:51.819+0000] {example_local_kubernetes_executor.py:40} WARNING - Could not import DAGs in example_local_kubernetes_executor.py
Traceback (most recent call last):
  File "/root/.cache/pypoetry/virtualenvs/freeprise-matchmaker-BsnH11MF-py3.8/lib/python3.8/site-packages/airflow/example_dags/example_local_kubernetes_executor.py", line 38, in <module>
    from kubernetes.client import models as k8s
ModuleNotFoundError: No module named 'kubernetes'
[2024-07-25T08:00:51.824+0000] {logging_mixin.py:188} INFO - [2024-07-25T08:00:51.823+0000] {example_local_kubernetes_executor.py:41} WARNING - Install Kubernetes dependencies with: pip install apache-airflow[cncf.kubernetes]
[2024-07-25T08:00:51.825+0000] {processor.py:842} WARNING - No viable dags retrieved from /root/.cache/pypoetry/virtualenvs/freeprise-matchmaker-BsnH11MF-py3.8/lib/python3.8/site-packages/airflow/example_dags/example_local_kubernetes_executor.py
[2024-07-25T08:00:51.951+0000] {processor.py:183} INFO - Processing /root/.cache/pypoetry/virtualenvs/freeprise-matchmaker-BsnH11MF-py3.8/lib/python3.8/site-packages/airflow/example_dags/example_local_kubernetes_executor.py took 0.253 seconds
