[2024-07-25T07:50:32.712+0000] {processor.py:161} INFO - Started process (PID=422) to work on /root/.cache/pypoetry/virtualenvs/freeprise-matchmaker-BsnH11MF-py3.8/lib/python3.8/site-packages/airflow/example_dags/example_bash_operator.py
[2024-07-25T07:50:32.714+0000] {processor.py:830} INFO - Processing file /root/.cache/pypoetry/virtualenvs/freeprise-matchmaker-BsnH11MF-py3.8/lib/python3.8/site-packages/airflow/example_dags/example_bash_operator.py for tasks to queue
[2024-07-25T07:50:32.717+0000] {logging_mixin.py:188} INFO - [2024-07-25T07:50:32.716+0000] {dagbag.py:545} INFO - Filling up the DagBag from /root/.cache/pypoetry/virtualenvs/freeprise-matchmaker-BsnH11MF-py3.8/lib/python3.8/site-packages/airflow/example_dags/example_bash_operator.py
[2024-07-25T07:50:32.742+0000] {processor.py:840} INFO - DAG(s) 'example_bash_operator' retrieved from /root/.cache/pypoetry/virtualenvs/freeprise-matchmaker-BsnH11MF-py3.8/lib/python3.8/site-packages/airflow/example_dags/example_bash_operator.py
[2024-07-25T07:50:32.773+0000] {logging_mixin.py:188} INFO - [2024-07-25T07:50:32.773+0000] {dag.py:3089} INFO - Sync 1 DAGs
[2024-07-25T07:50:32.811+0000] {logging_mixin.py:188} INFO - [2024-07-25T07:50:32.811+0000] {dag.py:3947} INFO - Setting next_dagrun for example_bash_operator to 2024-07-24 00:00:00+00:00, run_after=2024-07-25 00:00:00+00:00
[2024-07-25T07:50:32.858+0000] {processor.py:183} INFO - Processing /root/.cache/pypoetry/virtualenvs/freeprise-matchmaker-BsnH11MF-py3.8/lib/python3.8/site-packages/airflow/example_dags/example_bash_operator.py took 0.160 seconds
[2024-07-25T07:51:10.777+0000] {processor.py:161} INFO - Started process (PID=688) to work on /root/.cache/pypoetry/virtualenvs/freeprise-matchmaker-BsnH11MF-py3.8/lib/python3.8/site-packages/airflow/example_dags/example_bash_operator.py
[2024-07-25T07:51:10.779+0000] {processor.py:830} INFO - Processing file /root/.cache/pypoetry/virtualenvs/freeprise-matchmaker-BsnH11MF-py3.8/lib/python3.8/site-packages/airflow/example_dags/example_bash_operator.py for tasks to queue
[2024-07-25T07:51:10.783+0000] {logging_mixin.py:188} INFO - [2024-07-25T07:51:10.782+0000] {dagbag.py:545} INFO - Filling up the DagBag from /root/.cache/pypoetry/virtualenvs/freeprise-matchmaker-BsnH11MF-py3.8/lib/python3.8/site-packages/airflow/example_dags/example_bash_operator.py
[2024-07-25T07:51:10.809+0000] {processor.py:840} INFO - DAG(s) 'example_bash_operator' retrieved from /root/.cache/pypoetry/virtualenvs/freeprise-matchmaker-BsnH11MF-py3.8/lib/python3.8/site-packages/airflow/example_dags/example_bash_operator.py
[2024-07-25T07:51:11.222+0000] {logging_mixin.py:188} INFO - [2024-07-25T07:51:11.221+0000] {dag.py:3089} INFO - Sync 1 DAGs
[2024-07-25T07:51:11.250+0000] {logging_mixin.py:188} INFO - [2024-07-25T07:51:11.250+0000] {dag.py:3947} INFO - Setting next_dagrun for example_bash_operator to 2024-07-24 00:00:00+00:00, run_after=2024-07-25 00:00:00+00:00
[2024-07-25T07:51:11.281+0000] {processor.py:183} INFO - Processing /root/.cache/pypoetry/virtualenvs/freeprise-matchmaker-BsnH11MF-py3.8/lib/python3.8/site-packages/airflow/example_dags/example_bash_operator.py took 0.519 seconds
[2024-07-25T07:51:41.986+0000] {processor.py:161} INFO - Started process (PID=956) to work on /root/.cache/pypoetry/virtualenvs/freeprise-matchmaker-BsnH11MF-py3.8/lib/python3.8/site-packages/airflow/example_dags/example_bash_operator.py
[2024-07-25T07:51:41.987+0000] {processor.py:830} INFO - Processing file /root/.cache/pypoetry/virtualenvs/freeprise-matchmaker-BsnH11MF-py3.8/lib/python3.8/site-packages/airflow/example_dags/example_bash_operator.py for tasks to queue
[2024-07-25T07:51:41.991+0000] {logging_mixin.py:188} INFO - [2024-07-25T07:51:41.990+0000] {dagbag.py:545} INFO - Filling up the DagBag from /root/.cache/pypoetry/virtualenvs/freeprise-matchmaker-BsnH11MF-py3.8/lib/python3.8/site-packages/airflow/example_dags/example_bash_operator.py
[2024-07-25T07:51:42.021+0000] {processor.py:840} INFO - DAG(s) 'example_bash_operator' retrieved from /root/.cache/pypoetry/virtualenvs/freeprise-matchmaker-BsnH11MF-py3.8/lib/python3.8/site-packages/airflow/example_dags/example_bash_operator.py
[2024-07-25T07:51:42.145+0000] {logging_mixin.py:188} INFO - [2024-07-25T07:51:42.145+0000] {dag.py:3089} INFO - Sync 1 DAGs
[2024-07-25T07:51:42.194+0000] {logging_mixin.py:188} INFO - [2024-07-25T07:51:42.193+0000] {dag.py:3947} INFO - Setting next_dagrun for example_bash_operator to 2024-07-24 00:00:00+00:00, run_after=2024-07-25 00:00:00+00:00
[2024-07-25T07:51:42.222+0000] {processor.py:183} INFO - Processing /root/.cache/pypoetry/virtualenvs/freeprise-matchmaker-BsnH11MF-py3.8/lib/python3.8/site-packages/airflow/example_dags/example_bash_operator.py took 0.254 seconds
[2024-07-25T07:52:12.500+0000] {processor.py:161} INFO - Started process (PID=1222) to work on /root/.cache/pypoetry/virtualenvs/freeprise-matchmaker-BsnH11MF-py3.8/lib/python3.8/site-packages/airflow/example_dags/example_bash_operator.py
[2024-07-25T07:52:12.501+0000] {processor.py:830} INFO - Processing file /root/.cache/pypoetry/virtualenvs/freeprise-matchmaker-BsnH11MF-py3.8/lib/python3.8/site-packages/airflow/example_dags/example_bash_operator.py for tasks to queue
[2024-07-25T07:52:12.504+0000] {logging_mixin.py:188} INFO - [2024-07-25T07:52:12.503+0000] {dagbag.py:545} INFO - Filling up the DagBag from /root/.cache/pypoetry/virtualenvs/freeprise-matchmaker-BsnH11MF-py3.8/lib/python3.8/site-packages/airflow/example_dags/example_bash_operator.py
[2024-07-25T07:52:12.523+0000] {processor.py:840} INFO - DAG(s) 'example_bash_operator' retrieved from /root/.cache/pypoetry/virtualenvs/freeprise-matchmaker-BsnH11MF-py3.8/lib/python3.8/site-packages/airflow/example_dags/example_bash_operator.py
[2024-07-25T07:52:12.579+0000] {logging_mixin.py:188} INFO - [2024-07-25T07:52:12.578+0000] {dag.py:3089} INFO - Sync 1 DAGs
[2024-07-25T07:52:12.614+0000] {logging_mixin.py:188} INFO - [2024-07-25T07:52:12.614+0000] {dag.py:3947} INFO - Setting next_dagrun for example_bash_operator to 2024-07-24 00:00:00+00:00, run_after=2024-07-25 00:00:00+00:00
[2024-07-25T07:52:12.642+0000] {processor.py:183} INFO - Processing /root/.cache/pypoetry/virtualenvs/freeprise-matchmaker-BsnH11MF-py3.8/lib/python3.8/site-packages/airflow/example_dags/example_bash_operator.py took 0.154 seconds
[2024-07-25T07:52:42.949+0000] {processor.py:161} INFO - Started process (PID=1488) to work on /root/.cache/pypoetry/virtualenvs/freeprise-matchmaker-BsnH11MF-py3.8/lib/python3.8/site-packages/airflow/example_dags/example_bash_operator.py
[2024-07-25T07:52:42.951+0000] {processor.py:830} INFO - Processing file /root/.cache/pypoetry/virtualenvs/freeprise-matchmaker-BsnH11MF-py3.8/lib/python3.8/site-packages/airflow/example_dags/example_bash_operator.py for tasks to queue
[2024-07-25T07:52:42.954+0000] {logging_mixin.py:188} INFO - [2024-07-25T07:52:42.953+0000] {dagbag.py:545} INFO - Filling up the DagBag from /root/.cache/pypoetry/virtualenvs/freeprise-matchmaker-BsnH11MF-py3.8/lib/python3.8/site-packages/airflow/example_dags/example_bash_operator.py
[2024-07-25T07:52:42.975+0000] {processor.py:840} INFO - DAG(s) 'example_bash_operator' retrieved from /root/.cache/pypoetry/virtualenvs/freeprise-matchmaker-BsnH11MF-py3.8/lib/python3.8/site-packages/airflow/example_dags/example_bash_operator.py
[2024-07-25T07:52:43.031+0000] {logging_mixin.py:188} INFO - [2024-07-25T07:52:43.030+0000] {dag.py:3089} INFO - Sync 1 DAGs
[2024-07-25T07:52:43.067+0000] {logging_mixin.py:188} INFO - [2024-07-25T07:52:43.067+0000] {dag.py:3947} INFO - Setting next_dagrun for example_bash_operator to 2024-07-24 00:00:00+00:00, run_after=2024-07-25 00:00:00+00:00
[2024-07-25T07:52:43.094+0000] {processor.py:183} INFO - Processing /root/.cache/pypoetry/virtualenvs/freeprise-matchmaker-BsnH11MF-py3.8/lib/python3.8/site-packages/airflow/example_dags/example_bash_operator.py took 0.157 seconds
[2024-07-25T07:53:13.551+0000] {processor.py:161} INFO - Started process (PID=1754) to work on /root/.cache/pypoetry/virtualenvs/freeprise-matchmaker-BsnH11MF-py3.8/lib/python3.8/site-packages/airflow/example_dags/example_bash_operator.py
[2024-07-25T07:53:13.552+0000] {processor.py:830} INFO - Processing file /root/.cache/pypoetry/virtualenvs/freeprise-matchmaker-BsnH11MF-py3.8/lib/python3.8/site-packages/airflow/example_dags/example_bash_operator.py for tasks to queue
[2024-07-25T07:53:13.555+0000] {logging_mixin.py:188} INFO - [2024-07-25T07:53:13.554+0000] {dagbag.py:545} INFO - Filling up the DagBag from /root/.cache/pypoetry/virtualenvs/freeprise-matchmaker-BsnH11MF-py3.8/lib/python3.8/site-packages/airflow/example_dags/example_bash_operator.py
[2024-07-25T07:53:13.575+0000] {processor.py:840} INFO - DAG(s) 'example_bash_operator' retrieved from /root/.cache/pypoetry/virtualenvs/freeprise-matchmaker-BsnH11MF-py3.8/lib/python3.8/site-packages/airflow/example_dags/example_bash_operator.py
[2024-07-25T07:53:13.631+0000] {logging_mixin.py:188} INFO - [2024-07-25T07:53:13.630+0000] {dag.py:3089} INFO - Sync 1 DAGs
[2024-07-25T07:53:13.667+0000] {logging_mixin.py:188} INFO - [2024-07-25T07:53:13.667+0000] {dag.py:3947} INFO - Setting next_dagrun for example_bash_operator to 2024-07-24 00:00:00+00:00, run_after=2024-07-25 00:00:00+00:00
[2024-07-25T07:53:13.696+0000] {processor.py:183} INFO - Processing /root/.cache/pypoetry/virtualenvs/freeprise-matchmaker-BsnH11MF-py3.8/lib/python3.8/site-packages/airflow/example_dags/example_bash_operator.py took 0.157 seconds
[2024-07-25T07:53:44.047+0000] {processor.py:161} INFO - Started process (PID=2020) to work on /root/.cache/pypoetry/virtualenvs/freeprise-matchmaker-BsnH11MF-py3.8/lib/python3.8/site-packages/airflow/example_dags/example_bash_operator.py
[2024-07-25T07:53:44.049+0000] {processor.py:830} INFO - Processing file /root/.cache/pypoetry/virtualenvs/freeprise-matchmaker-BsnH11MF-py3.8/lib/python3.8/site-packages/airflow/example_dags/example_bash_operator.py for tasks to queue
[2024-07-25T07:53:44.052+0000] {logging_mixin.py:188} INFO - [2024-07-25T07:53:44.051+0000] {dagbag.py:545} INFO - Filling up the DagBag from /root/.cache/pypoetry/virtualenvs/freeprise-matchmaker-BsnH11MF-py3.8/lib/python3.8/site-packages/airflow/example_dags/example_bash_operator.py
[2024-07-25T07:53:44.072+0000] {processor.py:840} INFO - DAG(s) 'example_bash_operator' retrieved from /root/.cache/pypoetry/virtualenvs/freeprise-matchmaker-BsnH11MF-py3.8/lib/python3.8/site-packages/airflow/example_dags/example_bash_operator.py
[2024-07-25T07:53:44.128+0000] {logging_mixin.py:188} INFO - [2024-07-25T07:53:44.127+0000] {dag.py:3089} INFO - Sync 1 DAGs
[2024-07-25T07:53:44.165+0000] {logging_mixin.py:188} INFO - [2024-07-25T07:53:44.165+0000] {dag.py:3947} INFO - Setting next_dagrun for example_bash_operator to 2024-07-24 00:00:00+00:00, run_after=2024-07-25 00:00:00+00:00
[2024-07-25T07:53:44.192+0000] {processor.py:183} INFO - Processing /root/.cache/pypoetry/virtualenvs/freeprise-matchmaker-BsnH11MF-py3.8/lib/python3.8/site-packages/airflow/example_dags/example_bash_operator.py took 0.157 seconds
[2024-07-25T07:54:14.541+0000] {processor.py:161} INFO - Started process (PID=2286) to work on /root/.cache/pypoetry/virtualenvs/freeprise-matchmaker-BsnH11MF-py3.8/lib/python3.8/site-packages/airflow/example_dags/example_bash_operator.py
[2024-07-25T07:54:14.543+0000] {processor.py:830} INFO - Processing file /root/.cache/pypoetry/virtualenvs/freeprise-matchmaker-BsnH11MF-py3.8/lib/python3.8/site-packages/airflow/example_dags/example_bash_operator.py for tasks to queue
[2024-07-25T07:54:14.546+0000] {logging_mixin.py:188} INFO - [2024-07-25T07:54:14.545+0000] {dagbag.py:545} INFO - Filling up the DagBag from /root/.cache/pypoetry/virtualenvs/freeprise-matchmaker-BsnH11MF-py3.8/lib/python3.8/site-packages/airflow/example_dags/example_bash_operator.py
[2024-07-25T07:54:14.566+0000] {processor.py:840} INFO - DAG(s) 'example_bash_operator' retrieved from /root/.cache/pypoetry/virtualenvs/freeprise-matchmaker-BsnH11MF-py3.8/lib/python3.8/site-packages/airflow/example_dags/example_bash_operator.py
[2024-07-25T07:54:14.622+0000] {logging_mixin.py:188} INFO - [2024-07-25T07:54:14.621+0000] {dag.py:3089} INFO - Sync 1 DAGs
[2024-07-25T07:54:14.658+0000] {logging_mixin.py:188} INFO - [2024-07-25T07:54:14.657+0000] {dag.py:3947} INFO - Setting next_dagrun for example_bash_operator to 2024-07-24 00:00:00+00:00, run_after=2024-07-25 00:00:00+00:00
[2024-07-25T07:54:14.686+0000] {processor.py:183} INFO - Processing /root/.cache/pypoetry/virtualenvs/freeprise-matchmaker-BsnH11MF-py3.8/lib/python3.8/site-packages/airflow/example_dags/example_bash_operator.py took 0.157 seconds
[2024-07-25T07:54:45.210+0000] {processor.py:161} INFO - Started process (PID=2552) to work on /root/.cache/pypoetry/virtualenvs/freeprise-matchmaker-BsnH11MF-py3.8/lib/python3.8/site-packages/airflow/example_dags/example_bash_operator.py
[2024-07-25T07:54:45.211+0000] {processor.py:830} INFO - Processing file /root/.cache/pypoetry/virtualenvs/freeprise-matchmaker-BsnH11MF-py3.8/lib/python3.8/site-packages/airflow/example_dags/example_bash_operator.py for tasks to queue
[2024-07-25T07:54:45.214+0000] {logging_mixin.py:188} INFO - [2024-07-25T07:54:45.213+0000] {dagbag.py:545} INFO - Filling up the DagBag from /root/.cache/pypoetry/virtualenvs/freeprise-matchmaker-BsnH11MF-py3.8/lib/python3.8/site-packages/airflow/example_dags/example_bash_operator.py
[2024-07-25T07:54:45.234+0000] {processor.py:840} INFO - DAG(s) 'example_bash_operator' retrieved from /root/.cache/pypoetry/virtualenvs/freeprise-matchmaker-BsnH11MF-py3.8/lib/python3.8/site-packages/airflow/example_dags/example_bash_operator.py
[2024-07-25T07:54:45.290+0000] {logging_mixin.py:188} INFO - [2024-07-25T07:54:45.290+0000] {dag.py:3089} INFO - Sync 1 DAGs
[2024-07-25T07:54:45.328+0000] {logging_mixin.py:188} INFO - [2024-07-25T07:54:45.328+0000] {dag.py:3947} INFO - Setting next_dagrun for example_bash_operator to 2024-07-24 00:00:00+00:00, run_after=2024-07-25 00:00:00+00:00
[2024-07-25T07:54:45.360+0000] {processor.py:183} INFO - Processing /root/.cache/pypoetry/virtualenvs/freeprise-matchmaker-BsnH11MF-py3.8/lib/python3.8/site-packages/airflow/example_dags/example_bash_operator.py took 0.162 seconds
[2024-07-25T07:55:15.455+0000] {processor.py:161} INFO - Started process (PID=2818) to work on /root/.cache/pypoetry/virtualenvs/freeprise-matchmaker-BsnH11MF-py3.8/lib/python3.8/site-packages/airflow/example_dags/example_bash_operator.py
[2024-07-25T07:55:15.457+0000] {processor.py:830} INFO - Processing file /root/.cache/pypoetry/virtualenvs/freeprise-matchmaker-BsnH11MF-py3.8/lib/python3.8/site-packages/airflow/example_dags/example_bash_operator.py for tasks to queue
[2024-07-25T07:55:15.459+0000] {logging_mixin.py:188} INFO - [2024-07-25T07:55:15.459+0000] {dagbag.py:545} INFO - Filling up the DagBag from /root/.cache/pypoetry/virtualenvs/freeprise-matchmaker-BsnH11MF-py3.8/lib/python3.8/site-packages/airflow/example_dags/example_bash_operator.py
[2024-07-25T07:55:15.480+0000] {processor.py:840} INFO - DAG(s) 'example_bash_operator' retrieved from /root/.cache/pypoetry/virtualenvs/freeprise-matchmaker-BsnH11MF-py3.8/lib/python3.8/site-packages/airflow/example_dags/example_bash_operator.py
[2024-07-25T07:55:15.535+0000] {logging_mixin.py:188} INFO - [2024-07-25T07:55:15.535+0000] {dag.py:3089} INFO - Sync 1 DAGs
[2024-07-25T07:55:15.571+0000] {logging_mixin.py:188} INFO - [2024-07-25T07:55:15.570+0000] {dag.py:3947} INFO - Setting next_dagrun for example_bash_operator to 2024-07-24 00:00:00+00:00, run_after=2024-07-25 00:00:00+00:00
[2024-07-25T07:55:15.597+0000] {processor.py:183} INFO - Processing /root/.cache/pypoetry/virtualenvs/freeprise-matchmaker-BsnH11MF-py3.8/lib/python3.8/site-packages/airflow/example_dags/example_bash_operator.py took 0.155 seconds
[2024-07-25T07:55:45.761+0000] {processor.py:161} INFO - Started process (PID=3082) to work on /root/.cache/pypoetry/virtualenvs/freeprise-matchmaker-BsnH11MF-py3.8/lib/python3.8/site-packages/airflow/example_dags/example_bash_operator.py
[2024-07-25T07:55:45.762+0000] {processor.py:830} INFO - Processing file /root/.cache/pypoetry/virtualenvs/freeprise-matchmaker-BsnH11MF-py3.8/lib/python3.8/site-packages/airflow/example_dags/example_bash_operator.py for tasks to queue
[2024-07-25T07:55:45.766+0000] {logging_mixin.py:188} INFO - [2024-07-25T07:55:45.765+0000] {dagbag.py:545} INFO - Filling up the DagBag from /root/.cache/pypoetry/virtualenvs/freeprise-matchmaker-BsnH11MF-py3.8/lib/python3.8/site-packages/airflow/example_dags/example_bash_operator.py
[2024-07-25T07:55:45.788+0000] {processor.py:840} INFO - DAG(s) 'example_bash_operator' retrieved from /root/.cache/pypoetry/virtualenvs/freeprise-matchmaker-BsnH11MF-py3.8/lib/python3.8/site-packages/airflow/example_dags/example_bash_operator.py
[2024-07-25T07:55:45.847+0000] {logging_mixin.py:188} INFO - [2024-07-25T07:55:45.847+0000] {dag.py:3089} INFO - Sync 1 DAGs
[2024-07-25T07:55:45.883+0000] {logging_mixin.py:188} INFO - [2024-07-25T07:55:45.882+0000] {dag.py:3947} INFO - Setting next_dagrun for example_bash_operator to 2024-07-24 00:00:00+00:00, run_after=2024-07-25 00:00:00+00:00
[2024-07-25T07:55:45.909+0000] {processor.py:183} INFO - Processing /root/.cache/pypoetry/virtualenvs/freeprise-matchmaker-BsnH11MF-py3.8/lib/python3.8/site-packages/airflow/example_dags/example_bash_operator.py took 0.162 seconds
[2024-07-25T07:56:16.469+0000] {processor.py:161} INFO - Started process (PID=3348) to work on /root/.cache/pypoetry/virtualenvs/freeprise-matchmaker-BsnH11MF-py3.8/lib/python3.8/site-packages/airflow/example_dags/example_bash_operator.py
[2024-07-25T07:56:16.472+0000] {processor.py:830} INFO - Processing file /root/.cache/pypoetry/virtualenvs/freeprise-matchmaker-BsnH11MF-py3.8/lib/python3.8/site-packages/airflow/example_dags/example_bash_operator.py for tasks to queue
[2024-07-25T07:56:16.476+0000] {logging_mixin.py:188} INFO - [2024-07-25T07:56:16.475+0000] {dagbag.py:545} INFO - Filling up the DagBag from /root/.cache/pypoetry/virtualenvs/freeprise-matchmaker-BsnH11MF-py3.8/lib/python3.8/site-packages/airflow/example_dags/example_bash_operator.py
[2024-07-25T07:56:16.504+0000] {processor.py:840} INFO - DAG(s) 'example_bash_operator' retrieved from /root/.cache/pypoetry/virtualenvs/freeprise-matchmaker-BsnH11MF-py3.8/lib/python3.8/site-packages/airflow/example_dags/example_bash_operator.py
[2024-07-25T07:56:16.561+0000] {logging_mixin.py:188} INFO - [2024-07-25T07:56:16.560+0000] {dag.py:3089} INFO - Sync 1 DAGs
[2024-07-25T07:56:16.596+0000] {logging_mixin.py:188} INFO - [2024-07-25T07:56:16.595+0000] {dag.py:3947} INFO - Setting next_dagrun for example_bash_operator to 2024-07-24 00:00:00+00:00, run_after=2024-07-25 00:00:00+00:00
[2024-07-25T07:56:16.624+0000] {processor.py:183} INFO - Processing /root/.cache/pypoetry/virtualenvs/freeprise-matchmaker-BsnH11MF-py3.8/lib/python3.8/site-packages/airflow/example_dags/example_bash_operator.py took 0.171 seconds
[2024-07-25T07:56:47.091+0000] {processor.py:161} INFO - Started process (PID=3614) to work on /root/.cache/pypoetry/virtualenvs/freeprise-matchmaker-BsnH11MF-py3.8/lib/python3.8/site-packages/airflow/example_dags/example_bash_operator.py
[2024-07-25T07:56:47.092+0000] {processor.py:830} INFO - Processing file /root/.cache/pypoetry/virtualenvs/freeprise-matchmaker-BsnH11MF-py3.8/lib/python3.8/site-packages/airflow/example_dags/example_bash_operator.py for tasks to queue
[2024-07-25T07:56:47.095+0000] {logging_mixin.py:188} INFO - [2024-07-25T07:56:47.094+0000] {dagbag.py:545} INFO - Filling up the DagBag from /root/.cache/pypoetry/virtualenvs/freeprise-matchmaker-BsnH11MF-py3.8/lib/python3.8/site-packages/airflow/example_dags/example_bash_operator.py
[2024-07-25T07:56:47.117+0000] {processor.py:840} INFO - DAG(s) 'example_bash_operator' retrieved from /root/.cache/pypoetry/virtualenvs/freeprise-matchmaker-BsnH11MF-py3.8/lib/python3.8/site-packages/airflow/example_dags/example_bash_operator.py
[2024-07-25T07:56:47.183+0000] {logging_mixin.py:188} INFO - [2024-07-25T07:56:47.183+0000] {dag.py:3089} INFO - Sync 1 DAGs
[2024-07-25T07:56:47.220+0000] {logging_mixin.py:188} INFO - [2024-07-25T07:56:47.219+0000] {dag.py:3947} INFO - Setting next_dagrun for example_bash_operator to 2024-07-24 00:00:00+00:00, run_after=2024-07-25 00:00:00+00:00
[2024-07-25T07:56:47.248+0000] {processor.py:183} INFO - Processing /root/.cache/pypoetry/virtualenvs/freeprise-matchmaker-BsnH11MF-py3.8/lib/python3.8/site-packages/airflow/example_dags/example_bash_operator.py took 0.170 seconds
[2024-07-25T07:57:17.530+0000] {processor.py:161} INFO - Started process (PID=3880) to work on /root/.cache/pypoetry/virtualenvs/freeprise-matchmaker-BsnH11MF-py3.8/lib/python3.8/site-packages/airflow/example_dags/example_bash_operator.py
[2024-07-25T07:57:17.532+0000] {processor.py:830} INFO - Processing file /root/.cache/pypoetry/virtualenvs/freeprise-matchmaker-BsnH11MF-py3.8/lib/python3.8/site-packages/airflow/example_dags/example_bash_operator.py for tasks to queue
[2024-07-25T07:57:17.535+0000] {logging_mixin.py:188} INFO - [2024-07-25T07:57:17.534+0000] {dagbag.py:545} INFO - Filling up the DagBag from /root/.cache/pypoetry/virtualenvs/freeprise-matchmaker-BsnH11MF-py3.8/lib/python3.8/site-packages/airflow/example_dags/example_bash_operator.py
[2024-07-25T07:57:17.556+0000] {processor.py:840} INFO - DAG(s) 'example_bash_operator' retrieved from /root/.cache/pypoetry/virtualenvs/freeprise-matchmaker-BsnH11MF-py3.8/lib/python3.8/site-packages/airflow/example_dags/example_bash_operator.py
[2024-07-25T07:57:17.620+0000] {logging_mixin.py:188} INFO - [2024-07-25T07:57:17.619+0000] {dag.py:3089} INFO - Sync 1 DAGs
[2024-07-25T07:57:17.656+0000] {logging_mixin.py:188} INFO - [2024-07-25T07:57:17.655+0000] {dag.py:3947} INFO - Setting next_dagrun for example_bash_operator to 2024-07-24 00:00:00+00:00, run_after=2024-07-25 00:00:00+00:00
[2024-07-25T07:57:17.683+0000] {processor.py:183} INFO - Processing /root/.cache/pypoetry/virtualenvs/freeprise-matchmaker-BsnH11MF-py3.8/lib/python3.8/site-packages/airflow/example_dags/example_bash_operator.py took 0.169 seconds
[2024-07-25T07:57:47.880+0000] {processor.py:161} INFO - Started process (PID=4146) to work on /root/.cache/pypoetry/virtualenvs/freeprise-matchmaker-BsnH11MF-py3.8/lib/python3.8/site-packages/airflow/example_dags/example_bash_operator.py
[2024-07-25T07:57:47.882+0000] {processor.py:830} INFO - Processing file /root/.cache/pypoetry/virtualenvs/freeprise-matchmaker-BsnH11MF-py3.8/lib/python3.8/site-packages/airflow/example_dags/example_bash_operator.py for tasks to queue
[2024-07-25T07:57:47.885+0000] {logging_mixin.py:188} INFO - [2024-07-25T07:57:47.884+0000] {dagbag.py:545} INFO - Filling up the DagBag from /root/.cache/pypoetry/virtualenvs/freeprise-matchmaker-BsnH11MF-py3.8/lib/python3.8/site-packages/airflow/example_dags/example_bash_operator.py
[2024-07-25T07:57:47.905+0000] {processor.py:840} INFO - DAG(s) 'example_bash_operator' retrieved from /root/.cache/pypoetry/virtualenvs/freeprise-matchmaker-BsnH11MF-py3.8/lib/python3.8/site-packages/airflow/example_dags/example_bash_operator.py
[2024-07-25T07:57:47.974+0000] {logging_mixin.py:188} INFO - [2024-07-25T07:57:47.974+0000] {dag.py:3089} INFO - Sync 1 DAGs
[2024-07-25T07:57:48.012+0000] {logging_mixin.py:188} INFO - [2024-07-25T07:57:48.011+0000] {dag.py:3947} INFO - Setting next_dagrun for example_bash_operator to 2024-07-24 00:00:00+00:00, run_after=2024-07-25 00:00:00+00:00
[2024-07-25T07:57:48.043+0000] {processor.py:183} INFO - Processing /root/.cache/pypoetry/virtualenvs/freeprise-matchmaker-BsnH11MF-py3.8/lib/python3.8/site-packages/airflow/example_dags/example_bash_operator.py took 0.174 seconds
[2024-07-25T07:58:18.543+0000] {processor.py:161} INFO - Started process (PID=4412) to work on /root/.cache/pypoetry/virtualenvs/freeprise-matchmaker-BsnH11MF-py3.8/lib/python3.8/site-packages/airflow/example_dags/example_bash_operator.py
[2024-07-25T07:58:18.545+0000] {processor.py:830} INFO - Processing file /root/.cache/pypoetry/virtualenvs/freeprise-matchmaker-BsnH11MF-py3.8/lib/python3.8/site-packages/airflow/example_dags/example_bash_operator.py for tasks to queue
[2024-07-25T07:58:18.548+0000] {logging_mixin.py:188} INFO - [2024-07-25T07:58:18.548+0000] {dagbag.py:545} INFO - Filling up the DagBag from /root/.cache/pypoetry/virtualenvs/freeprise-matchmaker-BsnH11MF-py3.8/lib/python3.8/site-packages/airflow/example_dags/example_bash_operator.py
[2024-07-25T07:58:18.572+0000] {processor.py:840} INFO - DAG(s) 'example_bash_operator' retrieved from /root/.cache/pypoetry/virtualenvs/freeprise-matchmaker-BsnH11MF-py3.8/lib/python3.8/site-packages/airflow/example_dags/example_bash_operator.py
[2024-07-25T07:58:18.627+0000] {logging_mixin.py:188} INFO - [2024-07-25T07:58:18.627+0000] {dag.py:3089} INFO - Sync 1 DAGs
[2024-07-25T07:58:18.663+0000] {logging_mixin.py:188} INFO - [2024-07-25T07:58:18.663+0000] {dag.py:3947} INFO - Setting next_dagrun for example_bash_operator to 2024-07-24 00:00:00+00:00, run_after=2024-07-25 00:00:00+00:00
[2024-07-25T07:58:18.690+0000] {processor.py:183} INFO - Processing /root/.cache/pypoetry/virtualenvs/freeprise-matchmaker-BsnH11MF-py3.8/lib/python3.8/site-packages/airflow/example_dags/example_bash_operator.py took 0.160 seconds
[2024-07-25T07:58:49.006+0000] {processor.py:161} INFO - Started process (PID=4680) to work on /root/.cache/pypoetry/virtualenvs/freeprise-matchmaker-BsnH11MF-py3.8/lib/python3.8/site-packages/airflow/example_dags/example_bash_operator.py
[2024-07-25T07:58:49.008+0000] {processor.py:830} INFO - Processing file /root/.cache/pypoetry/virtualenvs/freeprise-matchmaker-BsnH11MF-py3.8/lib/python3.8/site-packages/airflow/example_dags/example_bash_operator.py for tasks to queue
[2024-07-25T07:58:49.011+0000] {logging_mixin.py:188} INFO - [2024-07-25T07:58:49.010+0000] {dagbag.py:545} INFO - Filling up the DagBag from /root/.cache/pypoetry/virtualenvs/freeprise-matchmaker-BsnH11MF-py3.8/lib/python3.8/site-packages/airflow/example_dags/example_bash_operator.py
[2024-07-25T07:58:49.031+0000] {processor.py:840} INFO - DAG(s) 'example_bash_operator' retrieved from /root/.cache/pypoetry/virtualenvs/freeprise-matchmaker-BsnH11MF-py3.8/lib/python3.8/site-packages/airflow/example_dags/example_bash_operator.py
[2024-07-25T07:58:49.086+0000] {logging_mixin.py:188} INFO - [2024-07-25T07:58:49.086+0000] {dag.py:3089} INFO - Sync 1 DAGs
[2024-07-25T07:58:49.122+0000] {logging_mixin.py:188} INFO - [2024-07-25T07:58:49.121+0000] {dag.py:3947} INFO - Setting next_dagrun for example_bash_operator to 2024-07-24 00:00:00+00:00, run_after=2024-07-25 00:00:00+00:00
[2024-07-25T07:58:49.149+0000] {processor.py:183} INFO - Processing /root/.cache/pypoetry/virtualenvs/freeprise-matchmaker-BsnH11MF-py3.8/lib/python3.8/site-packages/airflow/example_dags/example_bash_operator.py took 0.154 seconds
[2024-07-25T07:59:19.701+0000] {processor.py:161} INFO - Started process (PID=4946) to work on /root/.cache/pypoetry/virtualenvs/freeprise-matchmaker-BsnH11MF-py3.8/lib/python3.8/site-packages/airflow/example_dags/example_bash_operator.py
[2024-07-25T07:59:19.703+0000] {processor.py:830} INFO - Processing file /root/.cache/pypoetry/virtualenvs/freeprise-matchmaker-BsnH11MF-py3.8/lib/python3.8/site-packages/airflow/example_dags/example_bash_operator.py for tasks to queue
[2024-07-25T07:59:19.706+0000] {logging_mixin.py:188} INFO - [2024-07-25T07:59:19.705+0000] {dagbag.py:545} INFO - Filling up the DagBag from /root/.cache/pypoetry/virtualenvs/freeprise-matchmaker-BsnH11MF-py3.8/lib/python3.8/site-packages/airflow/example_dags/example_bash_operator.py
[2024-07-25T07:59:19.727+0000] {processor.py:840} INFO - DAG(s) 'example_bash_operator' retrieved from /root/.cache/pypoetry/virtualenvs/freeprise-matchmaker-BsnH11MF-py3.8/lib/python3.8/site-packages/airflow/example_dags/example_bash_operator.py
[2024-07-25T07:59:19.785+0000] {logging_mixin.py:188} INFO - [2024-07-25T07:59:19.785+0000] {dag.py:3089} INFO - Sync 1 DAGs
[2024-07-25T07:59:19.821+0000] {logging_mixin.py:188} INFO - [2024-07-25T07:59:19.821+0000] {dag.py:3947} INFO - Setting next_dagrun for example_bash_operator to 2024-07-24 00:00:00+00:00, run_after=2024-07-25 00:00:00+00:00
[2024-07-25T07:59:19.855+0000] {processor.py:183} INFO - Processing /root/.cache/pypoetry/virtualenvs/freeprise-matchmaker-BsnH11MF-py3.8/lib/python3.8/site-packages/airflow/example_dags/example_bash_operator.py took 0.166 seconds
[2024-07-25T07:59:50.494+0000] {processor.py:161} INFO - Started process (PID=5210) to work on /root/.cache/pypoetry/virtualenvs/freeprise-matchmaker-BsnH11MF-py3.8/lib/python3.8/site-packages/airflow/example_dags/example_bash_operator.py
[2024-07-25T07:59:50.500+0000] {processor.py:830} INFO - Processing file /root/.cache/pypoetry/virtualenvs/freeprise-matchmaker-BsnH11MF-py3.8/lib/python3.8/site-packages/airflow/example_dags/example_bash_operator.py for tasks to queue
[2024-07-25T07:59:50.504+0000] {logging_mixin.py:188} INFO - [2024-07-25T07:59:50.503+0000] {dagbag.py:545} INFO - Filling up the DagBag from /root/.cache/pypoetry/virtualenvs/freeprise-matchmaker-BsnH11MF-py3.8/lib/python3.8/site-packages/airflow/example_dags/example_bash_operator.py
[2024-07-25T07:59:50.534+0000] {processor.py:840} INFO - DAG(s) 'example_bash_operator' retrieved from /root/.cache/pypoetry/virtualenvs/freeprise-matchmaker-BsnH11MF-py3.8/lib/python3.8/site-packages/airflow/example_dags/example_bash_operator.py
[2024-07-25T07:59:50.635+0000] {logging_mixin.py:188} INFO - [2024-07-25T07:59:50.634+0000] {dag.py:3089} INFO - Sync 1 DAGs
[2024-07-25T07:59:50.686+0000] {logging_mixin.py:188} INFO - [2024-07-25T07:59:50.686+0000] {dag.py:3947} INFO - Setting next_dagrun for example_bash_operator to 2024-07-24 00:00:00+00:00, run_after=2024-07-25 00:00:00+00:00
[2024-07-25T07:59:50.718+0000] {processor.py:183} INFO - Processing /root/.cache/pypoetry/virtualenvs/freeprise-matchmaker-BsnH11MF-py3.8/lib/python3.8/site-packages/airflow/example_dags/example_bash_operator.py took 0.249 seconds
[2024-07-25T08:00:21.299+0000] {processor.py:161} INFO - Started process (PID=5476) to work on /root/.cache/pypoetry/virtualenvs/freeprise-matchmaker-BsnH11MF-py3.8/lib/python3.8/site-packages/airflow/example_dags/example_bash_operator.py
[2024-07-25T08:00:21.302+0000] {processor.py:830} INFO - Processing file /root/.cache/pypoetry/virtualenvs/freeprise-matchmaker-BsnH11MF-py3.8/lib/python3.8/site-packages/airflow/example_dags/example_bash_operator.py for tasks to queue
[2024-07-25T08:00:21.305+0000] {logging_mixin.py:188} INFO - [2024-07-25T08:00:21.305+0000] {dagbag.py:545} INFO - Filling up the DagBag from /root/.cache/pypoetry/virtualenvs/freeprise-matchmaker-BsnH11MF-py3.8/lib/python3.8/site-packages/airflow/example_dags/example_bash_operator.py
[2024-07-25T08:00:21.332+0000] {processor.py:840} INFO - DAG(s) 'example_bash_operator' retrieved from /root/.cache/pypoetry/virtualenvs/freeprise-matchmaker-BsnH11MF-py3.8/lib/python3.8/site-packages/airflow/example_dags/example_bash_operator.py
[2024-07-25T08:00:21.415+0000] {logging_mixin.py:188} INFO - [2024-07-25T08:00:21.414+0000] {dag.py:3089} INFO - Sync 1 DAGs
[2024-07-25T08:00:21.461+0000] {logging_mixin.py:188} INFO - [2024-07-25T08:00:21.461+0000] {dag.py:3947} INFO - Setting next_dagrun for example_bash_operator to 2024-07-24 00:00:00+00:00, run_after=2024-07-25 00:00:00+00:00
[2024-07-25T08:00:21.496+0000] {processor.py:183} INFO - Processing /root/.cache/pypoetry/virtualenvs/freeprise-matchmaker-BsnH11MF-py3.8/lib/python3.8/site-packages/airflow/example_dags/example_bash_operator.py took 0.212 seconds
[2024-07-25T08:00:55.963+0000] {processor.py:161} INFO - Started process (PID=5742) to work on /root/.cache/pypoetry/virtualenvs/freeprise-matchmaker-BsnH11MF-py3.8/lib/python3.8/site-packages/airflow/example_dags/example_bash_operator.py
[2024-07-25T08:00:55.966+0000] {processor.py:830} INFO - Processing file /root/.cache/pypoetry/virtualenvs/freeprise-matchmaker-BsnH11MF-py3.8/lib/python3.8/site-packages/airflow/example_dags/example_bash_operator.py for tasks to queue
[2024-07-25T08:00:55.969+0000] {logging_mixin.py:188} INFO - [2024-07-25T08:00:55.969+0000] {dagbag.py:545} INFO - Filling up the DagBag from /root/.cache/pypoetry/virtualenvs/freeprise-matchmaker-BsnH11MF-py3.8/lib/python3.8/site-packages/airflow/example_dags/example_bash_operator.py
[2024-07-25T08:00:56.002+0000] {processor.py:840} INFO - DAG(s) 'example_bash_operator' retrieved from /root/.cache/pypoetry/virtualenvs/freeprise-matchmaker-BsnH11MF-py3.8/lib/python3.8/site-packages/airflow/example_dags/example_bash_operator.py
[2024-07-25T08:00:56.069+0000] {logging_mixin.py:188} INFO - [2024-07-25T08:00:56.069+0000] {dag.py:3089} INFO - Sync 1 DAGs
[2024-07-25T08:00:56.111+0000] {logging_mixin.py:188} INFO - [2024-07-25T08:00:56.110+0000] {dag.py:3947} INFO - Setting next_dagrun for example_bash_operator to 2024-07-24 00:00:00+00:00, run_after=2024-07-25 00:00:00+00:00
[2024-07-25T08:00:56.144+0000] {processor.py:183} INFO - Processing /root/.cache/pypoetry/virtualenvs/freeprise-matchmaker-BsnH11MF-py3.8/lib/python3.8/site-packages/airflow/example_dags/example_bash_operator.py took 0.197 seconds
