[2024-07-25T07:50:30.007+0000] {processor.py:161} INFO - Started process (PID=272) to work on /root/.cache/pypoetry/virtualenvs/freeprise-matchmaker-BsnH11MF-py3.8/lib/python3.8/site-packages/airflow/example_dags/example_short_circuit_operator.py
[2024-07-25T07:50:30.008+0000] {processor.py:830} INFO - Processing file /root/.cache/pypoetry/virtualenvs/freeprise-matchmaker-BsnH11MF-py3.8/lib/python3.8/site-packages/airflow/example_dags/example_short_circuit_operator.py for tasks to queue
[2024-07-25T07:50:30.011+0000] {logging_mixin.py:188} INFO - [2024-07-25T07:50:30.010+0000] {dagbag.py:545} INFO - Filling up the DagBag from /root/.cache/pypoetry/virtualenvs/freeprise-matchmaker-BsnH11MF-py3.8/lib/python3.8/site-packages/airflow/example_dags/example_short_circuit_operator.py
[2024-07-25T07:50:30.028+0000] {processor.py:840} INFO - DAG(s) 'example_short_circuit_operator' retrieved from /root/.cache/pypoetry/virtualenvs/freeprise-matchmaker-BsnH11MF-py3.8/lib/python3.8/site-packages/airflow/example_dags/example_short_circuit_operator.py
[2024-07-25T07:50:30.062+0000] {logging_mixin.py:188} INFO - [2024-07-25T07:50:30.061+0000] {dag.py:3089} INFO - Sync 1 DAGs
[2024-07-25T07:50:30.098+0000] {logging_mixin.py:188} INFO - [2024-07-25T07:50:30.097+0000] {dag.py:3947} INFO - Setting next_dagrun for example_short_circuit_operator to 2024-07-24 00:00:00+00:00, run_after=2024-07-25 00:00:00+00:00
[2024-07-25T07:50:30.132+0000] {processor.py:183} INFO - Processing /root/.cache/pypoetry/virtualenvs/freeprise-matchmaker-BsnH11MF-py3.8/lib/python3.8/site-packages/airflow/example_dags/example_short_circuit_operator.py took 0.140 seconds
[2024-07-25T07:51:03.414+0000] {processor.py:161} INFO - Started process (PID=540) to work on /root/.cache/pypoetry/virtualenvs/freeprise-matchmaker-BsnH11MF-py3.8/lib/python3.8/site-packages/airflow/example_dags/example_short_circuit_operator.py
[2024-07-25T07:51:03.416+0000] {processor.py:830} INFO - Processing file /root/.cache/pypoetry/virtualenvs/freeprise-matchmaker-BsnH11MF-py3.8/lib/python3.8/site-packages/airflow/example_dags/example_short_circuit_operator.py for tasks to queue
[2024-07-25T07:51:03.419+0000] {logging_mixin.py:188} INFO - [2024-07-25T07:51:03.418+0000] {dagbag.py:545} INFO - Filling up the DagBag from /root/.cache/pypoetry/virtualenvs/freeprise-matchmaker-BsnH11MF-py3.8/lib/python3.8/site-packages/airflow/example_dags/example_short_circuit_operator.py
[2024-07-25T07:51:03.431+0000] {processor.py:840} INFO - DAG(s) 'example_short_circuit_operator' retrieved from /root/.cache/pypoetry/virtualenvs/freeprise-matchmaker-BsnH11MF-py3.8/lib/python3.8/site-packages/airflow/example_dags/example_short_circuit_operator.py
[2024-07-25T07:51:03.747+0000] {logging_mixin.py:188} INFO - [2024-07-25T07:51:03.747+0000] {dag.py:3089} INFO - Sync 1 DAGs
[2024-07-25T07:51:03.773+0000] {logging_mixin.py:188} INFO - [2024-07-25T07:51:03.773+0000] {dag.py:3947} INFO - Setting next_dagrun for example_short_circuit_operator to 2024-07-24 00:00:00+00:00, run_after=2024-07-25 00:00:00+00:00
[2024-07-25T07:51:03.797+0000] {processor.py:183} INFO - Processing /root/.cache/pypoetry/virtualenvs/freeprise-matchmaker-BsnH11MF-py3.8/lib/python3.8/site-packages/airflow/example_dags/example_short_circuit_operator.py took 0.394 seconds
[2024-07-25T07:51:34.323+0000] {processor.py:161} INFO - Started process (PID=806) to work on /root/.cache/pypoetry/virtualenvs/freeprise-matchmaker-BsnH11MF-py3.8/lib/python3.8/site-packages/airflow/example_dags/example_short_circuit_operator.py
[2024-07-25T07:51:34.325+0000] {processor.py:830} INFO - Processing file /root/.cache/pypoetry/virtualenvs/freeprise-matchmaker-BsnH11MF-py3.8/lib/python3.8/site-packages/airflow/example_dags/example_short_circuit_operator.py for tasks to queue
[2024-07-25T07:51:34.327+0000] {logging_mixin.py:188} INFO - [2024-07-25T07:51:34.327+0000] {dagbag.py:545} INFO - Filling up the DagBag from /root/.cache/pypoetry/virtualenvs/freeprise-matchmaker-BsnH11MF-py3.8/lib/python3.8/site-packages/airflow/example_dags/example_short_circuit_operator.py
[2024-07-25T07:51:34.492+0000] {processor.py:840} INFO - DAG(s) 'example_short_circuit_operator' retrieved from /root/.cache/pypoetry/virtualenvs/freeprise-matchmaker-BsnH11MF-py3.8/lib/python3.8/site-packages/airflow/example_dags/example_short_circuit_operator.py
[2024-07-25T07:51:34.531+0000] {logging_mixin.py:188} INFO - [2024-07-25T07:51:34.530+0000] {dag.py:3089} INFO - Sync 1 DAGs
[2024-07-25T07:51:34.559+0000] {logging_mixin.py:188} INFO - [2024-07-25T07:51:34.558+0000] {dag.py:3947} INFO - Setting next_dagrun for example_short_circuit_operator to 2024-07-24 00:00:00+00:00, run_after=2024-07-25 00:00:00+00:00
[2024-07-25T07:51:34.582+0000] {processor.py:183} INFO - Processing /root/.cache/pypoetry/virtualenvs/freeprise-matchmaker-BsnH11MF-py3.8/lib/python3.8/site-packages/airflow/example_dags/example_short_circuit_operator.py took 0.270 seconds
[2024-07-25T07:52:05.437+0000] {processor.py:161} INFO - Started process (PID=1072) to work on /root/.cache/pypoetry/virtualenvs/freeprise-matchmaker-BsnH11MF-py3.8/lib/python3.8/site-packages/airflow/example_dags/example_short_circuit_operator.py
[2024-07-25T07:52:05.440+0000] {processor.py:830} INFO - Processing file /root/.cache/pypoetry/virtualenvs/freeprise-matchmaker-BsnH11MF-py3.8/lib/python3.8/site-packages/airflow/example_dags/example_short_circuit_operator.py for tasks to queue
[2024-07-25T07:52:05.443+0000] {logging_mixin.py:188} INFO - [2024-07-25T07:52:05.443+0000] {dagbag.py:545} INFO - Filling up the DagBag from /root/.cache/pypoetry/virtualenvs/freeprise-matchmaker-BsnH11MF-py3.8/lib/python3.8/site-packages/airflow/example_dags/example_short_circuit_operator.py
[2024-07-25T07:52:05.462+0000] {processor.py:840} INFO - DAG(s) 'example_short_circuit_operator' retrieved from /root/.cache/pypoetry/virtualenvs/freeprise-matchmaker-BsnH11MF-py3.8/lib/python3.8/site-packages/airflow/example_dags/example_short_circuit_operator.py
[2024-07-25T07:52:05.519+0000] {logging_mixin.py:188} INFO - [2024-07-25T07:52:05.519+0000] {dag.py:3089} INFO - Sync 1 DAGs
[2024-07-25T07:52:05.564+0000] {logging_mixin.py:188} INFO - [2024-07-25T07:52:05.564+0000] {dag.py:3947} INFO - Setting next_dagrun for example_short_circuit_operator to 2024-07-24 00:00:00+00:00, run_after=2024-07-25 00:00:00+00:00
[2024-07-25T07:52:05.594+0000] {processor.py:183} INFO - Processing /root/.cache/pypoetry/virtualenvs/freeprise-matchmaker-BsnH11MF-py3.8/lib/python3.8/site-packages/airflow/example_dags/example_short_circuit_operator.py took 0.174 seconds
[2024-07-25T07:52:36.466+0000] {processor.py:161} INFO - Started process (PID=1338) to work on /root/.cache/pypoetry/virtualenvs/freeprise-matchmaker-BsnH11MF-py3.8/lib/python3.8/site-packages/airflow/example_dags/example_short_circuit_operator.py
[2024-07-25T07:52:36.467+0000] {processor.py:830} INFO - Processing file /root/.cache/pypoetry/virtualenvs/freeprise-matchmaker-BsnH11MF-py3.8/lib/python3.8/site-packages/airflow/example_dags/example_short_circuit_operator.py for tasks to queue
[2024-07-25T07:52:36.471+0000] {logging_mixin.py:188} INFO - [2024-07-25T07:52:36.470+0000] {dagbag.py:545} INFO - Filling up the DagBag from /root/.cache/pypoetry/virtualenvs/freeprise-matchmaker-BsnH11MF-py3.8/lib/python3.8/site-packages/airflow/example_dags/example_short_circuit_operator.py
[2024-07-25T07:52:36.489+0000] {processor.py:840} INFO - DAG(s) 'example_short_circuit_operator' retrieved from /root/.cache/pypoetry/virtualenvs/freeprise-matchmaker-BsnH11MF-py3.8/lib/python3.8/site-packages/airflow/example_dags/example_short_circuit_operator.py
[2024-07-25T07:52:36.545+0000] {logging_mixin.py:188} INFO - [2024-07-25T07:52:36.544+0000] {dag.py:3089} INFO - Sync 1 DAGs
[2024-07-25T07:52:36.580+0000] {logging_mixin.py:188} INFO - [2024-07-25T07:52:36.580+0000] {dag.py:3947} INFO - Setting next_dagrun for example_short_circuit_operator to 2024-07-24 00:00:00+00:00, run_after=2024-07-25 00:00:00+00:00
[2024-07-25T07:52:36.608+0000] {processor.py:183} INFO - Processing /root/.cache/pypoetry/virtualenvs/freeprise-matchmaker-BsnH11MF-py3.8/lib/python3.8/site-packages/airflow/example_dags/example_short_circuit_operator.py took 0.157 seconds
[2024-07-25T07:53:07.426+0000] {processor.py:161} INFO - Started process (PID=1604) to work on /root/.cache/pypoetry/virtualenvs/freeprise-matchmaker-BsnH11MF-py3.8/lib/python3.8/site-packages/airflow/example_dags/example_short_circuit_operator.py
[2024-07-25T07:53:07.428+0000] {processor.py:830} INFO - Processing file /root/.cache/pypoetry/virtualenvs/freeprise-matchmaker-BsnH11MF-py3.8/lib/python3.8/site-packages/airflow/example_dags/example_short_circuit_operator.py for tasks to queue
[2024-07-25T07:53:07.432+0000] {logging_mixin.py:188} INFO - [2024-07-25T07:53:07.432+0000] {dagbag.py:545} INFO - Filling up the DagBag from /root/.cache/pypoetry/virtualenvs/freeprise-matchmaker-BsnH11MF-py3.8/lib/python3.8/site-packages/airflow/example_dags/example_short_circuit_operator.py
[2024-07-25T07:53:07.445+0000] {processor.py:840} INFO - DAG(s) 'example_short_circuit_operator' retrieved from /root/.cache/pypoetry/virtualenvs/freeprise-matchmaker-BsnH11MF-py3.8/lib/python3.8/site-packages/airflow/example_dags/example_short_circuit_operator.py
[2024-07-25T07:53:07.496+0000] {logging_mixin.py:188} INFO - [2024-07-25T07:53:07.496+0000] {dag.py:3089} INFO - Sync 1 DAGs
[2024-07-25T07:53:07.537+0000] {logging_mixin.py:188} INFO - [2024-07-25T07:53:07.536+0000] {dag.py:3947} INFO - Setting next_dagrun for example_short_circuit_operator to 2024-07-24 00:00:00+00:00, run_after=2024-07-25 00:00:00+00:00
[2024-07-25T07:53:07.567+0000] {processor.py:183} INFO - Processing /root/.cache/pypoetry/virtualenvs/freeprise-matchmaker-BsnH11MF-py3.8/lib/python3.8/site-packages/airflow/example_dags/example_short_circuit_operator.py took 0.153 seconds
[2024-07-25T07:53:38.025+0000] {processor.py:161} INFO - Started process (PID=1870) to work on /root/.cache/pypoetry/virtualenvs/freeprise-matchmaker-BsnH11MF-py3.8/lib/python3.8/site-packages/airflow/example_dags/example_short_circuit_operator.py
[2024-07-25T07:53:38.027+0000] {processor.py:830} INFO - Processing file /root/.cache/pypoetry/virtualenvs/freeprise-matchmaker-BsnH11MF-py3.8/lib/python3.8/site-packages/airflow/example_dags/example_short_circuit_operator.py for tasks to queue
[2024-07-25T07:53:38.030+0000] {logging_mixin.py:188} INFO - [2024-07-25T07:53:38.030+0000] {dagbag.py:545} INFO - Filling up the DagBag from /root/.cache/pypoetry/virtualenvs/freeprise-matchmaker-BsnH11MF-py3.8/lib/python3.8/site-packages/airflow/example_dags/example_short_circuit_operator.py
[2024-07-25T07:53:38.049+0000] {processor.py:840} INFO - DAG(s) 'example_short_circuit_operator' retrieved from /root/.cache/pypoetry/virtualenvs/freeprise-matchmaker-BsnH11MF-py3.8/lib/python3.8/site-packages/airflow/example_dags/example_short_circuit_operator.py
[2024-07-25T07:53:38.103+0000] {logging_mixin.py:188} INFO - [2024-07-25T07:53:38.103+0000] {dag.py:3089} INFO - Sync 1 DAGs
[2024-07-25T07:53:38.138+0000] {logging_mixin.py:188} INFO - [2024-07-25T07:53:38.137+0000] {dag.py:3947} INFO - Setting next_dagrun for example_short_circuit_operator to 2024-07-24 00:00:00+00:00, run_after=2024-07-25 00:00:00+00:00
[2024-07-25T07:53:38.169+0000] {processor.py:183} INFO - Processing /root/.cache/pypoetry/virtualenvs/freeprise-matchmaker-BsnH11MF-py3.8/lib/python3.8/site-packages/airflow/example_dags/example_short_circuit_operator.py took 0.162 seconds
[2024-07-25T07:54:08.502+0000] {processor.py:161} INFO - Started process (PID=2136) to work on /root/.cache/pypoetry/virtualenvs/freeprise-matchmaker-BsnH11MF-py3.8/lib/python3.8/site-packages/airflow/example_dags/example_short_circuit_operator.py
[2024-07-25T07:54:08.505+0000] {processor.py:830} INFO - Processing file /root/.cache/pypoetry/virtualenvs/freeprise-matchmaker-BsnH11MF-py3.8/lib/python3.8/site-packages/airflow/example_dags/example_short_circuit_operator.py for tasks to queue
[2024-07-25T07:54:08.508+0000] {logging_mixin.py:188} INFO - [2024-07-25T07:54:08.507+0000] {dagbag.py:545} INFO - Filling up the DagBag from /root/.cache/pypoetry/virtualenvs/freeprise-matchmaker-BsnH11MF-py3.8/lib/python3.8/site-packages/airflow/example_dags/example_short_circuit_operator.py
[2024-07-25T07:54:08.527+0000] {processor.py:840} INFO - DAG(s) 'example_short_circuit_operator' retrieved from /root/.cache/pypoetry/virtualenvs/freeprise-matchmaker-BsnH11MF-py3.8/lib/python3.8/site-packages/airflow/example_dags/example_short_circuit_operator.py
[2024-07-25T07:54:08.585+0000] {logging_mixin.py:188} INFO - [2024-07-25T07:54:08.585+0000] {dag.py:3089} INFO - Sync 1 DAGs
[2024-07-25T07:54:08.621+0000] {logging_mixin.py:188} INFO - [2024-07-25T07:54:08.620+0000] {dag.py:3947} INFO - Setting next_dagrun for example_short_circuit_operator to 2024-07-24 00:00:00+00:00, run_after=2024-07-25 00:00:00+00:00
[2024-07-25T07:54:08.653+0000] {processor.py:183} INFO - Processing /root/.cache/pypoetry/virtualenvs/freeprise-matchmaker-BsnH11MF-py3.8/lib/python3.8/site-packages/airflow/example_dags/example_short_circuit_operator.py took 0.169 seconds
[2024-07-25T07:54:38.938+0000] {processor.py:161} INFO - Started process (PID=2402) to work on /root/.cache/pypoetry/virtualenvs/freeprise-matchmaker-BsnH11MF-py3.8/lib/python3.8/site-packages/airflow/example_dags/example_short_circuit_operator.py
[2024-07-25T07:54:38.940+0000] {processor.py:830} INFO - Processing file /root/.cache/pypoetry/virtualenvs/freeprise-matchmaker-BsnH11MF-py3.8/lib/python3.8/site-packages/airflow/example_dags/example_short_circuit_operator.py for tasks to queue
[2024-07-25T07:54:38.943+0000] {logging_mixin.py:188} INFO - [2024-07-25T07:54:38.943+0000] {dagbag.py:545} INFO - Filling up the DagBag from /root/.cache/pypoetry/virtualenvs/freeprise-matchmaker-BsnH11MF-py3.8/lib/python3.8/site-packages/airflow/example_dags/example_short_circuit_operator.py
[2024-07-25T07:54:38.955+0000] {processor.py:840} INFO - DAG(s) 'example_short_circuit_operator' retrieved from /root/.cache/pypoetry/virtualenvs/freeprise-matchmaker-BsnH11MF-py3.8/lib/python3.8/site-packages/airflow/example_dags/example_short_circuit_operator.py
[2024-07-25T07:54:39.008+0000] {logging_mixin.py:188} INFO - [2024-07-25T07:54:39.007+0000] {dag.py:3089} INFO - Sync 1 DAGs
[2024-07-25T07:54:39.046+0000] {logging_mixin.py:188} INFO - [2024-07-25T07:54:39.045+0000] {dag.py:3947} INFO - Setting next_dagrun for example_short_circuit_operator to 2024-07-24 00:00:00+00:00, run_after=2024-07-25 00:00:00+00:00
[2024-07-25T07:54:39.076+0000] {processor.py:183} INFO - Processing /root/.cache/pypoetry/virtualenvs/freeprise-matchmaker-BsnH11MF-py3.8/lib/python3.8/site-packages/airflow/example_dags/example_short_circuit_operator.py took 0.150 seconds
[2024-07-25T07:55:09.313+0000] {processor.py:161} INFO - Started process (PID=2668) to work on /root/.cache/pypoetry/virtualenvs/freeprise-matchmaker-BsnH11MF-py3.8/lib/python3.8/site-packages/airflow/example_dags/example_short_circuit_operator.py
[2024-07-25T07:55:09.315+0000] {processor.py:830} INFO - Processing file /root/.cache/pypoetry/virtualenvs/freeprise-matchmaker-BsnH11MF-py3.8/lib/python3.8/site-packages/airflow/example_dags/example_short_circuit_operator.py for tasks to queue
[2024-07-25T07:55:09.319+0000] {logging_mixin.py:188} INFO - [2024-07-25T07:55:09.318+0000] {dagbag.py:545} INFO - Filling up the DagBag from /root/.cache/pypoetry/virtualenvs/freeprise-matchmaker-BsnH11MF-py3.8/lib/python3.8/site-packages/airflow/example_dags/example_short_circuit_operator.py
[2024-07-25T07:55:09.338+0000] {processor.py:840} INFO - DAG(s) 'example_short_circuit_operator' retrieved from /root/.cache/pypoetry/virtualenvs/freeprise-matchmaker-BsnH11MF-py3.8/lib/python3.8/site-packages/airflow/example_dags/example_short_circuit_operator.py
[2024-07-25T07:55:09.392+0000] {logging_mixin.py:188} INFO - [2024-07-25T07:55:09.391+0000] {dag.py:3089} INFO - Sync 1 DAGs
[2024-07-25T07:55:09.427+0000] {logging_mixin.py:188} INFO - [2024-07-25T07:55:09.427+0000] {dag.py:3947} INFO - Setting next_dagrun for example_short_circuit_operator to 2024-07-24 00:00:00+00:00, run_after=2024-07-25 00:00:00+00:00
[2024-07-25T07:55:09.460+0000] {processor.py:183} INFO - Processing /root/.cache/pypoetry/virtualenvs/freeprise-matchmaker-BsnH11MF-py3.8/lib/python3.8/site-packages/airflow/example_dags/example_short_circuit_operator.py took 0.164 seconds
[2024-07-25T07:55:39.707+0000] {processor.py:161} INFO - Started process (PID=2934) to work on /root/.cache/pypoetry/virtualenvs/freeprise-matchmaker-BsnH11MF-py3.8/lib/python3.8/site-packages/airflow/example_dags/example_short_circuit_operator.py
[2024-07-25T07:55:39.709+0000] {processor.py:830} INFO - Processing file /root/.cache/pypoetry/virtualenvs/freeprise-matchmaker-BsnH11MF-py3.8/lib/python3.8/site-packages/airflow/example_dags/example_short_circuit_operator.py for tasks to queue
[2024-07-25T07:55:39.713+0000] {logging_mixin.py:188} INFO - [2024-07-25T07:55:39.712+0000] {dagbag.py:545} INFO - Filling up the DagBag from /root/.cache/pypoetry/virtualenvs/freeprise-matchmaker-BsnH11MF-py3.8/lib/python3.8/site-packages/airflow/example_dags/example_short_circuit_operator.py
[2024-07-25T07:55:39.727+0000] {processor.py:840} INFO - DAG(s) 'example_short_circuit_operator' retrieved from /root/.cache/pypoetry/virtualenvs/freeprise-matchmaker-BsnH11MF-py3.8/lib/python3.8/site-packages/airflow/example_dags/example_short_circuit_operator.py
[2024-07-25T07:55:39.781+0000] {logging_mixin.py:188} INFO - [2024-07-25T07:55:39.781+0000] {dag.py:3089} INFO - Sync 1 DAGs
[2024-07-25T07:55:39.819+0000] {logging_mixin.py:188} INFO - [2024-07-25T07:55:39.818+0000] {dag.py:3947} INFO - Setting next_dagrun for example_short_circuit_operator to 2024-07-24 00:00:00+00:00, run_after=2024-07-25 00:00:00+00:00
[2024-07-25T07:55:39.848+0000] {processor.py:183} INFO - Processing /root/.cache/pypoetry/virtualenvs/freeprise-matchmaker-BsnH11MF-py3.8/lib/python3.8/site-packages/airflow/example_dags/example_short_circuit_operator.py took 0.155 seconds
[2024-07-25T07:56:10.284+0000] {processor.py:161} INFO - Started process (PID=3200) to work on /root/.cache/pypoetry/virtualenvs/freeprise-matchmaker-BsnH11MF-py3.8/lib/python3.8/site-packages/airflow/example_dags/example_short_circuit_operator.py
[2024-07-25T07:56:10.286+0000] {processor.py:830} INFO - Processing file /root/.cache/pypoetry/virtualenvs/freeprise-matchmaker-BsnH11MF-py3.8/lib/python3.8/site-packages/airflow/example_dags/example_short_circuit_operator.py for tasks to queue
[2024-07-25T07:56:10.290+0000] {logging_mixin.py:188} INFO - [2024-07-25T07:56:10.289+0000] {dagbag.py:545} INFO - Filling up the DagBag from /root/.cache/pypoetry/virtualenvs/freeprise-matchmaker-BsnH11MF-py3.8/lib/python3.8/site-packages/airflow/example_dags/example_short_circuit_operator.py
[2024-07-25T07:56:10.309+0000] {processor.py:840} INFO - DAG(s) 'example_short_circuit_operator' retrieved from /root/.cache/pypoetry/virtualenvs/freeprise-matchmaker-BsnH11MF-py3.8/lib/python3.8/site-packages/airflow/example_dags/example_short_circuit_operator.py
[2024-07-25T07:56:10.362+0000] {logging_mixin.py:188} INFO - [2024-07-25T07:56:10.362+0000] {dag.py:3089} INFO - Sync 1 DAGs
[2024-07-25T07:56:10.401+0000] {logging_mixin.py:188} INFO - [2024-07-25T07:56:10.401+0000] {dag.py:3947} INFO - Setting next_dagrun for example_short_circuit_operator to 2024-07-24 00:00:00+00:00, run_after=2024-07-25 00:00:00+00:00
[2024-07-25T07:56:10.431+0000] {processor.py:183} INFO - Processing /root/.cache/pypoetry/virtualenvs/freeprise-matchmaker-BsnH11MF-py3.8/lib/python3.8/site-packages/airflow/example_dags/example_short_circuit_operator.py took 0.163 seconds
[2024-07-25T07:56:41.180+0000] {processor.py:161} INFO - Started process (PID=3466) to work on /root/.cache/pypoetry/virtualenvs/freeprise-matchmaker-BsnH11MF-py3.8/lib/python3.8/site-packages/airflow/example_dags/example_short_circuit_operator.py
[2024-07-25T07:56:41.181+0000] {processor.py:830} INFO - Processing file /root/.cache/pypoetry/virtualenvs/freeprise-matchmaker-BsnH11MF-py3.8/lib/python3.8/site-packages/airflow/example_dags/example_short_circuit_operator.py for tasks to queue
[2024-07-25T07:56:41.184+0000] {logging_mixin.py:188} INFO - [2024-07-25T07:56:41.183+0000] {dagbag.py:545} INFO - Filling up the DagBag from /root/.cache/pypoetry/virtualenvs/freeprise-matchmaker-BsnH11MF-py3.8/lib/python3.8/site-packages/airflow/example_dags/example_short_circuit_operator.py
[2024-07-25T07:56:41.198+0000] {processor.py:840} INFO - DAG(s) 'example_short_circuit_operator' retrieved from /root/.cache/pypoetry/virtualenvs/freeprise-matchmaker-BsnH11MF-py3.8/lib/python3.8/site-packages/airflow/example_dags/example_short_circuit_operator.py
[2024-07-25T07:56:41.250+0000] {logging_mixin.py:188} INFO - [2024-07-25T07:56:41.250+0000] {dag.py:3089} INFO - Sync 1 DAGs
[2024-07-25T07:56:41.287+0000] {logging_mixin.py:188} INFO - [2024-07-25T07:56:41.287+0000] {dag.py:3947} INFO - Setting next_dagrun for example_short_circuit_operator to 2024-07-24 00:00:00+00:00, run_after=2024-07-25 00:00:00+00:00
[2024-07-25T07:56:41.318+0000] {processor.py:183} INFO - Processing /root/.cache/pypoetry/virtualenvs/freeprise-matchmaker-BsnH11MF-py3.8/lib/python3.8/site-packages/airflow/example_dags/example_short_circuit_operator.py took 0.156 seconds
[2024-07-25T07:57:11.513+0000] {processor.py:161} INFO - Started process (PID=3732) to work on /root/.cache/pypoetry/virtualenvs/freeprise-matchmaker-BsnH11MF-py3.8/lib/python3.8/site-packages/airflow/example_dags/example_short_circuit_operator.py
[2024-07-25T07:57:11.516+0000] {processor.py:830} INFO - Processing file /root/.cache/pypoetry/virtualenvs/freeprise-matchmaker-BsnH11MF-py3.8/lib/python3.8/site-packages/airflow/example_dags/example_short_circuit_operator.py for tasks to queue
[2024-07-25T07:57:11.519+0000] {logging_mixin.py:188} INFO - [2024-07-25T07:57:11.519+0000] {dagbag.py:545} INFO - Filling up the DagBag from /root/.cache/pypoetry/virtualenvs/freeprise-matchmaker-BsnH11MF-py3.8/lib/python3.8/site-packages/airflow/example_dags/example_short_circuit_operator.py
[2024-07-25T07:57:11.533+0000] {processor.py:840} INFO - DAG(s) 'example_short_circuit_operator' retrieved from /root/.cache/pypoetry/virtualenvs/freeprise-matchmaker-BsnH11MF-py3.8/lib/python3.8/site-packages/airflow/example_dags/example_short_circuit_operator.py
[2024-07-25T07:57:11.586+0000] {logging_mixin.py:188} INFO - [2024-07-25T07:57:11.586+0000] {dag.py:3089} INFO - Sync 1 DAGs
[2024-07-25T07:57:11.631+0000] {logging_mixin.py:188} INFO - [2024-07-25T07:57:11.630+0000] {dag.py:3947} INFO - Setting next_dagrun for example_short_circuit_operator to 2024-07-24 00:00:00+00:00, run_after=2024-07-25 00:00:00+00:00
[2024-07-25T07:57:11.662+0000] {processor.py:183} INFO - Processing /root/.cache/pypoetry/virtualenvs/freeprise-matchmaker-BsnH11MF-py3.8/lib/python3.8/site-packages/airflow/example_dags/example_short_circuit_operator.py took 0.163 seconds
[2024-07-25T07:57:41.748+0000] {processor.py:161} INFO - Started process (PID=3996) to work on /root/.cache/pypoetry/virtualenvs/freeprise-matchmaker-BsnH11MF-py3.8/lib/python3.8/site-packages/airflow/example_dags/example_short_circuit_operator.py
[2024-07-25T07:57:41.750+0000] {processor.py:830} INFO - Processing file /root/.cache/pypoetry/virtualenvs/freeprise-matchmaker-BsnH11MF-py3.8/lib/python3.8/site-packages/airflow/example_dags/example_short_circuit_operator.py for tasks to queue
[2024-07-25T07:57:41.753+0000] {logging_mixin.py:188} INFO - [2024-07-25T07:57:41.753+0000] {dagbag.py:545} INFO - Filling up the DagBag from /root/.cache/pypoetry/virtualenvs/freeprise-matchmaker-BsnH11MF-py3.8/lib/python3.8/site-packages/airflow/example_dags/example_short_circuit_operator.py
[2024-07-25T07:57:41.766+0000] {processor.py:840} INFO - DAG(s) 'example_short_circuit_operator' retrieved from /root/.cache/pypoetry/virtualenvs/freeprise-matchmaker-BsnH11MF-py3.8/lib/python3.8/site-packages/airflow/example_dags/example_short_circuit_operator.py
[2024-07-25T07:57:41.814+0000] {logging_mixin.py:188} INFO - [2024-07-25T07:57:41.814+0000] {dag.py:3089} INFO - Sync 1 DAGs
[2024-07-25T07:57:41.849+0000] {logging_mixin.py:188} INFO - [2024-07-25T07:57:41.849+0000] {dag.py:3947} INFO - Setting next_dagrun for example_short_circuit_operator to 2024-07-24 00:00:00+00:00, run_after=2024-07-25 00:00:00+00:00
[2024-07-25T07:57:41.876+0000] {processor.py:183} INFO - Processing /root/.cache/pypoetry/virtualenvs/freeprise-matchmaker-BsnH11MF-py3.8/lib/python3.8/site-packages/airflow/example_dags/example_short_circuit_operator.py took 0.144 seconds
[2024-07-25T07:58:11.933+0000] {processor.py:161} INFO - Started process (PID=4256) to work on /root/.cache/pypoetry/virtualenvs/freeprise-matchmaker-BsnH11MF-py3.8/lib/python3.8/site-packages/airflow/example_dags/example_short_circuit_operator.py
[2024-07-25T07:58:11.934+0000] {processor.py:830} INFO - Processing file /root/.cache/pypoetry/virtualenvs/freeprise-matchmaker-BsnH11MF-py3.8/lib/python3.8/site-packages/airflow/example_dags/example_short_circuit_operator.py for tasks to queue
[2024-07-25T07:58:11.937+0000] {logging_mixin.py:188} INFO - [2024-07-25T07:58:11.936+0000] {dagbag.py:545} INFO - Filling up the DagBag from /root/.cache/pypoetry/virtualenvs/freeprise-matchmaker-BsnH11MF-py3.8/lib/python3.8/site-packages/airflow/example_dags/example_short_circuit_operator.py
[2024-07-25T07:58:11.950+0000] {processor.py:840} INFO - DAG(s) 'example_short_circuit_operator' retrieved from /root/.cache/pypoetry/virtualenvs/freeprise-matchmaker-BsnH11MF-py3.8/lib/python3.8/site-packages/airflow/example_dags/example_short_circuit_operator.py
[2024-07-25T07:58:11.996+0000] {logging_mixin.py:188} INFO - [2024-07-25T07:58:11.995+0000] {dag.py:3089} INFO - Sync 1 DAGs
[2024-07-25T07:58:12.030+0000] {logging_mixin.py:188} INFO - [2024-07-25T07:58:12.030+0000] {dag.py:3947} INFO - Setting next_dagrun for example_short_circuit_operator to 2024-07-24 00:00:00+00:00, run_after=2024-07-25 00:00:00+00:00
[2024-07-25T07:58:12.060+0000] {processor.py:183} INFO - Processing /root/.cache/pypoetry/virtualenvs/freeprise-matchmaker-BsnH11MF-py3.8/lib/python3.8/site-packages/airflow/example_dags/example_short_circuit_operator.py took 0.139 seconds
[2024-07-25T07:58:42.132+0000] {processor.py:161} INFO - Started process (PID=4522) to work on /root/.cache/pypoetry/virtualenvs/freeprise-matchmaker-BsnH11MF-py3.8/lib/python3.8/site-packages/airflow/example_dags/example_short_circuit_operator.py
[2024-07-25T07:58:42.134+0000] {processor.py:830} INFO - Processing file /root/.cache/pypoetry/virtualenvs/freeprise-matchmaker-BsnH11MF-py3.8/lib/python3.8/site-packages/airflow/example_dags/example_short_circuit_operator.py for tasks to queue
[2024-07-25T07:58:42.137+0000] {logging_mixin.py:188} INFO - [2024-07-25T07:58:42.136+0000] {dagbag.py:545} INFO - Filling up the DagBag from /root/.cache/pypoetry/virtualenvs/freeprise-matchmaker-BsnH11MF-py3.8/lib/python3.8/site-packages/airflow/example_dags/example_short_circuit_operator.py
[2024-07-25T07:58:42.149+0000] {processor.py:840} INFO - DAG(s) 'example_short_circuit_operator' retrieved from /root/.cache/pypoetry/virtualenvs/freeprise-matchmaker-BsnH11MF-py3.8/lib/python3.8/site-packages/airflow/example_dags/example_short_circuit_operator.py
[2024-07-25T07:58:42.196+0000] {logging_mixin.py:188} INFO - [2024-07-25T07:58:42.195+0000] {dag.py:3089} INFO - Sync 1 DAGs
[2024-07-25T07:58:42.231+0000] {logging_mixin.py:188} INFO - [2024-07-25T07:58:42.231+0000] {dag.py:3947} INFO - Setting next_dagrun for example_short_circuit_operator to 2024-07-24 00:00:00+00:00, run_after=2024-07-25 00:00:00+00:00
[2024-07-25T07:58:42.259+0000] {processor.py:183} INFO - Processing /root/.cache/pypoetry/virtualenvs/freeprise-matchmaker-BsnH11MF-py3.8/lib/python3.8/site-packages/airflow/example_dags/example_short_circuit_operator.py took 0.140 seconds
[2024-07-25T07:59:12.389+0000] {processor.py:161} INFO - Started process (PID=4788) to work on /root/.cache/pypoetry/virtualenvs/freeprise-matchmaker-BsnH11MF-py3.8/lib/python3.8/site-packages/airflow/example_dags/example_short_circuit_operator.py
[2024-07-25T07:59:12.391+0000] {processor.py:830} INFO - Processing file /root/.cache/pypoetry/virtualenvs/freeprise-matchmaker-BsnH11MF-py3.8/lib/python3.8/site-packages/airflow/example_dags/example_short_circuit_operator.py for tasks to queue
[2024-07-25T07:59:12.394+0000] {logging_mixin.py:188} INFO - [2024-07-25T07:59:12.393+0000] {dagbag.py:545} INFO - Filling up the DagBag from /root/.cache/pypoetry/virtualenvs/freeprise-matchmaker-BsnH11MF-py3.8/lib/python3.8/site-packages/airflow/example_dags/example_short_circuit_operator.py
[2024-07-25T07:59:12.407+0000] {processor.py:840} INFO - DAG(s) 'example_short_circuit_operator' retrieved from /root/.cache/pypoetry/virtualenvs/freeprise-matchmaker-BsnH11MF-py3.8/lib/python3.8/site-packages/airflow/example_dags/example_short_circuit_operator.py
[2024-07-25T07:59:12.454+0000] {logging_mixin.py:188} INFO - [2024-07-25T07:59:12.454+0000] {dag.py:3089} INFO - Sync 1 DAGs
[2024-07-25T07:59:12.489+0000] {logging_mixin.py:188} INFO - [2024-07-25T07:59:12.489+0000] {dag.py:3947} INFO - Setting next_dagrun for example_short_circuit_operator to 2024-07-24 00:00:00+00:00, run_after=2024-07-25 00:00:00+00:00
[2024-07-25T07:59:12.521+0000] {processor.py:183} INFO - Processing /root/.cache/pypoetry/virtualenvs/freeprise-matchmaker-BsnH11MF-py3.8/lib/python3.8/site-packages/airflow/example_dags/example_short_circuit_operator.py took 0.143 seconds
[2024-07-25T07:59:43.032+0000] {processor.py:161} INFO - Started process (PID=5054) to work on /root/.cache/pypoetry/virtualenvs/freeprise-matchmaker-BsnH11MF-py3.8/lib/python3.8/site-packages/airflow/example_dags/example_short_circuit_operator.py
[2024-07-25T07:59:43.034+0000] {processor.py:830} INFO - Processing file /root/.cache/pypoetry/virtualenvs/freeprise-matchmaker-BsnH11MF-py3.8/lib/python3.8/site-packages/airflow/example_dags/example_short_circuit_operator.py for tasks to queue
[2024-07-25T07:59:43.039+0000] {logging_mixin.py:188} INFO - [2024-07-25T07:59:43.038+0000] {dagbag.py:545} INFO - Filling up the DagBag from /root/.cache/pypoetry/virtualenvs/freeprise-matchmaker-BsnH11MF-py3.8/lib/python3.8/site-packages/airflow/example_dags/example_short_circuit_operator.py
[2024-07-25T07:59:43.061+0000] {processor.py:840} INFO - DAG(s) 'example_short_circuit_operator' retrieved from /root/.cache/pypoetry/virtualenvs/freeprise-matchmaker-BsnH11MF-py3.8/lib/python3.8/site-packages/airflow/example_dags/example_short_circuit_operator.py
[2024-07-25T07:59:43.142+0000] {logging_mixin.py:188} INFO - [2024-07-25T07:59:43.141+0000] {dag.py:3089} INFO - Sync 1 DAGs
[2024-07-25T07:59:43.216+0000] {logging_mixin.py:188} INFO - [2024-07-25T07:59:43.215+0000] {dag.py:3947} INFO - Setting next_dagrun for example_short_circuit_operator to 2024-07-24 00:00:00+00:00, run_after=2024-07-25 00:00:00+00:00
[2024-07-25T07:59:43.252+0000] {processor.py:183} INFO - Processing /root/.cache/pypoetry/virtualenvs/freeprise-matchmaker-BsnH11MF-py3.8/lib/python3.8/site-packages/airflow/example_dags/example_short_circuit_operator.py took 0.243 seconds
[2024-07-25T08:00:13.522+0000] {processor.py:161} INFO - Started process (PID=5320) to work on /root/.cache/pypoetry/virtualenvs/freeprise-matchmaker-BsnH11MF-py3.8/lib/python3.8/site-packages/airflow/example_dags/example_short_circuit_operator.py
[2024-07-25T08:00:13.548+0000] {processor.py:830} INFO - Processing file /root/.cache/pypoetry/virtualenvs/freeprise-matchmaker-BsnH11MF-py3.8/lib/python3.8/site-packages/airflow/example_dags/example_short_circuit_operator.py for tasks to queue
[2024-07-25T08:00:13.551+0000] {logging_mixin.py:188} INFO - [2024-07-25T08:00:13.551+0000] {dagbag.py:545} INFO - Filling up the DagBag from /root/.cache/pypoetry/virtualenvs/freeprise-matchmaker-BsnH11MF-py3.8/lib/python3.8/site-packages/airflow/example_dags/example_short_circuit_operator.py
[2024-07-25T08:00:13.568+0000] {processor.py:840} INFO - DAG(s) 'example_short_circuit_operator' retrieved from /root/.cache/pypoetry/virtualenvs/freeprise-matchmaker-BsnH11MF-py3.8/lib/python3.8/site-packages/airflow/example_dags/example_short_circuit_operator.py
[2024-07-25T08:00:13.625+0000] {logging_mixin.py:188} INFO - [2024-07-25T08:00:13.624+0000] {dag.py:3089} INFO - Sync 1 DAGs
[2024-07-25T08:00:13.667+0000] {logging_mixin.py:188} INFO - [2024-07-25T08:00:13.667+0000] {dag.py:3947} INFO - Setting next_dagrun for example_short_circuit_operator to 2024-07-24 00:00:00+00:00, run_after=2024-07-25 00:00:00+00:00
[2024-07-25T08:00:13.699+0000] {processor.py:183} INFO - Processing /root/.cache/pypoetry/virtualenvs/freeprise-matchmaker-BsnH11MF-py3.8/lib/python3.8/site-packages/airflow/example_dags/example_short_circuit_operator.py took 0.195 seconds
[2024-07-25T08:00:44.011+0000] {processor.py:161} INFO - Started process (PID=5586) to work on /root/.cache/pypoetry/virtualenvs/freeprise-matchmaker-BsnH11MF-py3.8/lib/python3.8/site-packages/airflow/example_dags/example_short_circuit_operator.py
[2024-07-25T08:00:44.017+0000] {processor.py:830} INFO - Processing file /root/.cache/pypoetry/virtualenvs/freeprise-matchmaker-BsnH11MF-py3.8/lib/python3.8/site-packages/airflow/example_dags/example_short_circuit_operator.py for tasks to queue
[2024-07-25T08:00:44.026+0000] {logging_mixin.py:188} INFO - [2024-07-25T08:00:44.025+0000] {dagbag.py:545} INFO - Filling up the DagBag from /root/.cache/pypoetry/virtualenvs/freeprise-matchmaker-BsnH11MF-py3.8/lib/python3.8/site-packages/airflow/example_dags/example_short_circuit_operator.py
[2024-07-25T08:00:44.060+0000] {processor.py:840} INFO - DAG(s) 'example_short_circuit_operator' retrieved from /root/.cache/pypoetry/virtualenvs/freeprise-matchmaker-BsnH11MF-py3.8/lib/python3.8/site-packages/airflow/example_dags/example_short_circuit_operator.py
[2024-07-25T08:00:44.190+0000] {logging_mixin.py:188} INFO - [2024-07-25T08:00:44.189+0000] {dag.py:3089} INFO - Sync 1 DAGs
[2024-07-25T08:00:44.275+0000] {logging_mixin.py:188} INFO - [2024-07-25T08:00:44.274+0000] {dag.py:3947} INFO - Setting next_dagrun for example_short_circuit_operator to 2024-07-24 00:00:00+00:00, run_after=2024-07-25 00:00:00+00:00
[2024-07-25T08:00:44.341+0000] {processor.py:183} INFO - Processing /root/.cache/pypoetry/virtualenvs/freeprise-matchmaker-BsnH11MF-py3.8/lib/python3.8/site-packages/airflow/example_dags/example_short_circuit_operator.py took 0.365 seconds
