[2024-07-25T07:50:28.530+0000] {processor.py:161} INFO - Started process (PID=202) to work on /root/.cache/pypoetry/virtualenvs/freeprise-matchmaker-BsnH11MF-py3.8/lib/python3.8/site-packages/airflow/example_dags/tutorial_taskflow_api.py
[2024-07-25T07:50:28.533+0000] {processor.py:830} INFO - Processing file /root/.cache/pypoetry/virtualenvs/freeprise-matchmaker-BsnH11MF-py3.8/lib/python3.8/site-packages/airflow/example_dags/tutorial_taskflow_api.py for tasks to queue
[2024-07-25T07:50:28.536+0000] {logging_mixin.py:188} INFO - [2024-07-25T07:50:28.535+0000] {dagbag.py:545} INFO - Filling up the DagBag from /root/.cache/pypoetry/virtualenvs/freeprise-matchmaker-BsnH11MF-py3.8/lib/python3.8/site-packages/airflow/example_dags/tutorial_taskflow_api.py
[2024-07-25T07:50:28.555+0000] {processor.py:840} INFO - DAG(s) 'tutorial_taskflow_api' retrieved from /root/.cache/pypoetry/virtualenvs/freeprise-matchmaker-BsnH11MF-py3.8/lib/python3.8/site-packages/airflow/example_dags/tutorial_taskflow_api.py
[2024-07-25T07:50:28.584+0000] {logging_mixin.py:188} INFO - [2024-07-25T07:50:28.584+0000] {dag.py:3089} INFO - Sync 1 DAGs
[2024-07-25T07:50:28.612+0000] {logging_mixin.py:188} INFO - [2024-07-25T07:50:28.612+0000] {dag.py:3947} INFO - Setting next_dagrun for tutorial_taskflow_api to None, run_after=None
[2024-07-25T07:50:28.649+0000] {processor.py:183} INFO - Processing /root/.cache/pypoetry/virtualenvs/freeprise-matchmaker-BsnH11MF-py3.8/lib/python3.8/site-packages/airflow/example_dags/tutorial_taskflow_api.py took 0.131 seconds
[2024-07-25T07:50:59.830+0000] {processor.py:161} INFO - Started process (PID=470) to work on /root/.cache/pypoetry/virtualenvs/freeprise-matchmaker-BsnH11MF-py3.8/lib/python3.8/site-packages/airflow/example_dags/tutorial_taskflow_api.py
[2024-07-25T07:50:59.831+0000] {processor.py:830} INFO - Processing file /root/.cache/pypoetry/virtualenvs/freeprise-matchmaker-BsnH11MF-py3.8/lib/python3.8/site-packages/airflow/example_dags/tutorial_taskflow_api.py for tasks to queue
[2024-07-25T07:50:59.835+0000] {logging_mixin.py:188} INFO - [2024-07-25T07:50:59.834+0000] {dagbag.py:545} INFO - Filling up the DagBag from /root/.cache/pypoetry/virtualenvs/freeprise-matchmaker-BsnH11MF-py3.8/lib/python3.8/site-packages/airflow/example_dags/tutorial_taskflow_api.py
[2024-07-25T07:50:59.850+0000] {processor.py:840} INFO - DAG(s) 'tutorial_taskflow_api' retrieved from /root/.cache/pypoetry/virtualenvs/freeprise-matchmaker-BsnH11MF-py3.8/lib/python3.8/site-packages/airflow/example_dags/tutorial_taskflow_api.py
[2024-07-25T07:51:00.183+0000] {logging_mixin.py:188} INFO - [2024-07-25T07:51:00.183+0000] {dag.py:3089} INFO - Sync 1 DAGs
[2024-07-25T07:51:00.200+0000] {logging_mixin.py:188} INFO - [2024-07-25T07:51:00.200+0000] {dag.py:3947} INFO - Setting next_dagrun for tutorial_taskflow_api to None, run_after=None
[2024-07-25T07:51:00.227+0000] {processor.py:183} INFO - Processing /root/.cache/pypoetry/virtualenvs/freeprise-matchmaker-BsnH11MF-py3.8/lib/python3.8/site-packages/airflow/example_dags/tutorial_taskflow_api.py took 0.413 seconds
[2024-07-25T07:51:30.912+0000] {processor.py:161} INFO - Started process (PID=734) to work on /root/.cache/pypoetry/virtualenvs/freeprise-matchmaker-BsnH11MF-py3.8/lib/python3.8/site-packages/airflow/example_dags/tutorial_taskflow_api.py
[2024-07-25T07:51:30.915+0000] {processor.py:830} INFO - Processing file /root/.cache/pypoetry/virtualenvs/freeprise-matchmaker-BsnH11MF-py3.8/lib/python3.8/site-packages/airflow/example_dags/tutorial_taskflow_api.py for tasks to queue
[2024-07-25T07:51:30.918+0000] {logging_mixin.py:188} INFO - [2024-07-25T07:51:30.918+0000] {dagbag.py:545} INFO - Filling up the DagBag from /root/.cache/pypoetry/virtualenvs/freeprise-matchmaker-BsnH11MF-py3.8/lib/python3.8/site-packages/airflow/example_dags/tutorial_taskflow_api.py
[2024-07-25T07:51:30.931+0000] {processor.py:840} INFO - DAG(s) 'tutorial_taskflow_api' retrieved from /root/.cache/pypoetry/virtualenvs/freeprise-matchmaker-BsnH11MF-py3.8/lib/python3.8/site-packages/airflow/example_dags/tutorial_taskflow_api.py
[2024-07-25T07:51:31.164+0000] {logging_mixin.py:188} INFO - [2024-07-25T07:51:31.163+0000] {dag.py:3089} INFO - Sync 1 DAGs
[2024-07-25T07:51:31.186+0000] {logging_mixin.py:188} INFO - [2024-07-25T07:51:31.185+0000] {dag.py:3947} INFO - Setting next_dagrun for tutorial_taskflow_api to None, run_after=None
[2024-07-25T07:51:31.214+0000] {processor.py:183} INFO - Processing /root/.cache/pypoetry/virtualenvs/freeprise-matchmaker-BsnH11MF-py3.8/lib/python3.8/site-packages/airflow/example_dags/tutorial_taskflow_api.py took 0.317 seconds
[2024-07-25T07:52:02.114+0000] {processor.py:161} INFO - Started process (PID=1000) to work on /root/.cache/pypoetry/virtualenvs/freeprise-matchmaker-BsnH11MF-py3.8/lib/python3.8/site-packages/airflow/example_dags/tutorial_taskflow_api.py
[2024-07-25T07:52:02.116+0000] {processor.py:830} INFO - Processing file /root/.cache/pypoetry/virtualenvs/freeprise-matchmaker-BsnH11MF-py3.8/lib/python3.8/site-packages/airflow/example_dags/tutorial_taskflow_api.py for tasks to queue
[2024-07-25T07:52:02.119+0000] {logging_mixin.py:188} INFO - [2024-07-25T07:52:02.119+0000] {dagbag.py:545} INFO - Filling up the DagBag from /root/.cache/pypoetry/virtualenvs/freeprise-matchmaker-BsnH11MF-py3.8/lib/python3.8/site-packages/airflow/example_dags/tutorial_taskflow_api.py
[2024-07-25T07:52:02.134+0000] {processor.py:840} INFO - DAG(s) 'tutorial_taskflow_api' retrieved from /root/.cache/pypoetry/virtualenvs/freeprise-matchmaker-BsnH11MF-py3.8/lib/python3.8/site-packages/airflow/example_dags/tutorial_taskflow_api.py
[2024-07-25T07:52:02.189+0000] {logging_mixin.py:188} INFO - [2024-07-25T07:52:02.188+0000] {dag.py:3089} INFO - Sync 1 DAGs
[2024-07-25T07:52:02.215+0000] {logging_mixin.py:188} INFO - [2024-07-25T07:52:02.214+0000] {dag.py:3947} INFO - Setting next_dagrun for tutorial_taskflow_api to None, run_after=None
[2024-07-25T07:52:02.247+0000] {processor.py:183} INFO - Processing /root/.cache/pypoetry/virtualenvs/freeprise-matchmaker-BsnH11MF-py3.8/lib/python3.8/site-packages/airflow/example_dags/tutorial_taskflow_api.py took 0.149 seconds
[2024-07-25T07:52:33.190+0000] {processor.py:161} INFO - Started process (PID=1266) to work on /root/.cache/pypoetry/virtualenvs/freeprise-matchmaker-BsnH11MF-py3.8/lib/python3.8/site-packages/airflow/example_dags/tutorial_taskflow_api.py
[2024-07-25T07:52:33.192+0000] {processor.py:830} INFO - Processing file /root/.cache/pypoetry/virtualenvs/freeprise-matchmaker-BsnH11MF-py3.8/lib/python3.8/site-packages/airflow/example_dags/tutorial_taskflow_api.py for tasks to queue
[2024-07-25T07:52:33.194+0000] {logging_mixin.py:188} INFO - [2024-07-25T07:52:33.194+0000] {dagbag.py:545} INFO - Filling up the DagBag from /root/.cache/pypoetry/virtualenvs/freeprise-matchmaker-BsnH11MF-py3.8/lib/python3.8/site-packages/airflow/example_dags/tutorial_taskflow_api.py
[2024-07-25T07:52:33.205+0000] {processor.py:840} INFO - DAG(s) 'tutorial_taskflow_api' retrieved from /root/.cache/pypoetry/virtualenvs/freeprise-matchmaker-BsnH11MF-py3.8/lib/python3.8/site-packages/airflow/example_dags/tutorial_taskflow_api.py
[2024-07-25T07:52:33.244+0000] {logging_mixin.py:188} INFO - [2024-07-25T07:52:33.243+0000] {dag.py:3089} INFO - Sync 1 DAGs
[2024-07-25T07:52:33.265+0000] {logging_mixin.py:188} INFO - [2024-07-25T07:52:33.264+0000] {dag.py:3947} INFO - Setting next_dagrun for tutorial_taskflow_api to None, run_after=None
[2024-07-25T07:52:33.294+0000] {processor.py:183} INFO - Processing /root/.cache/pypoetry/virtualenvs/freeprise-matchmaker-BsnH11MF-py3.8/lib/python3.8/site-packages/airflow/example_dags/tutorial_taskflow_api.py took 0.116 seconds
[2024-07-25T07:53:03.436+0000] {processor.py:161} INFO - Started process (PID=1524) to work on /root/.cache/pypoetry/virtualenvs/freeprise-matchmaker-BsnH11MF-py3.8/lib/python3.8/site-packages/airflow/example_dags/tutorial_taskflow_api.py
[2024-07-25T07:53:03.438+0000] {processor.py:830} INFO - Processing file /root/.cache/pypoetry/virtualenvs/freeprise-matchmaker-BsnH11MF-py3.8/lib/python3.8/site-packages/airflow/example_dags/tutorial_taskflow_api.py for tasks to queue
[2024-07-25T07:53:03.440+0000] {logging_mixin.py:188} INFO - [2024-07-25T07:53:03.440+0000] {dagbag.py:545} INFO - Filling up the DagBag from /root/.cache/pypoetry/virtualenvs/freeprise-matchmaker-BsnH11MF-py3.8/lib/python3.8/site-packages/airflow/example_dags/tutorial_taskflow_api.py
[2024-07-25T07:53:03.451+0000] {processor.py:840} INFO - DAG(s) 'tutorial_taskflow_api' retrieved from /root/.cache/pypoetry/virtualenvs/freeprise-matchmaker-BsnH11MF-py3.8/lib/python3.8/site-packages/airflow/example_dags/tutorial_taskflow_api.py
[2024-07-25T07:53:03.491+0000] {logging_mixin.py:188} INFO - [2024-07-25T07:53:03.491+0000] {dag.py:3089} INFO - Sync 1 DAGs
[2024-07-25T07:53:03.512+0000] {logging_mixin.py:188} INFO - [2024-07-25T07:53:03.512+0000] {dag.py:3947} INFO - Setting next_dagrun for tutorial_taskflow_api to None, run_after=None
[2024-07-25T07:53:03.543+0000] {processor.py:183} INFO - Processing /root/.cache/pypoetry/virtualenvs/freeprise-matchmaker-BsnH11MF-py3.8/lib/python3.8/site-packages/airflow/example_dags/tutorial_taskflow_api.py took 0.119 seconds
[2024-07-25T07:53:33.610+0000] {processor.py:161} INFO - Started process (PID=1790) to work on /root/.cache/pypoetry/virtualenvs/freeprise-matchmaker-BsnH11MF-py3.8/lib/python3.8/site-packages/airflow/example_dags/tutorial_taskflow_api.py
[2024-07-25T07:53:33.612+0000] {processor.py:830} INFO - Processing file /root/.cache/pypoetry/virtualenvs/freeprise-matchmaker-BsnH11MF-py3.8/lib/python3.8/site-packages/airflow/example_dags/tutorial_taskflow_api.py for tasks to queue
[2024-07-25T07:53:33.615+0000] {logging_mixin.py:188} INFO - [2024-07-25T07:53:33.614+0000] {dagbag.py:545} INFO - Filling up the DagBag from /root/.cache/pypoetry/virtualenvs/freeprise-matchmaker-BsnH11MF-py3.8/lib/python3.8/site-packages/airflow/example_dags/tutorial_taskflow_api.py
[2024-07-25T07:53:33.625+0000] {processor.py:840} INFO - DAG(s) 'tutorial_taskflow_api' retrieved from /root/.cache/pypoetry/virtualenvs/freeprise-matchmaker-BsnH11MF-py3.8/lib/python3.8/site-packages/airflow/example_dags/tutorial_taskflow_api.py
[2024-07-25T07:53:33.666+0000] {logging_mixin.py:188} INFO - [2024-07-25T07:53:33.666+0000] {dag.py:3089} INFO - Sync 1 DAGs
[2024-07-25T07:53:33.687+0000] {logging_mixin.py:188} INFO - [2024-07-25T07:53:33.687+0000] {dag.py:3947} INFO - Setting next_dagrun for tutorial_taskflow_api to None, run_after=None
[2024-07-25T07:53:33.717+0000] {processor.py:183} INFO - Processing /root/.cache/pypoetry/virtualenvs/freeprise-matchmaker-BsnH11MF-py3.8/lib/python3.8/site-packages/airflow/example_dags/tutorial_taskflow_api.py took 0.119 seconds
[2024-07-25T07:54:04.057+0000] {processor.py:161} INFO - Started process (PID=2056) to work on /root/.cache/pypoetry/virtualenvs/freeprise-matchmaker-BsnH11MF-py3.8/lib/python3.8/site-packages/airflow/example_dags/tutorial_taskflow_api.py
[2024-07-25T07:54:04.059+0000] {processor.py:830} INFO - Processing file /root/.cache/pypoetry/virtualenvs/freeprise-matchmaker-BsnH11MF-py3.8/lib/python3.8/site-packages/airflow/example_dags/tutorial_taskflow_api.py for tasks to queue
[2024-07-25T07:54:04.062+0000] {logging_mixin.py:188} INFO - [2024-07-25T07:54:04.062+0000] {dagbag.py:545} INFO - Filling up the DagBag from /root/.cache/pypoetry/virtualenvs/freeprise-matchmaker-BsnH11MF-py3.8/lib/python3.8/site-packages/airflow/example_dags/tutorial_taskflow_api.py
[2024-07-25T07:54:04.077+0000] {processor.py:840} INFO - DAG(s) 'tutorial_taskflow_api' retrieved from /root/.cache/pypoetry/virtualenvs/freeprise-matchmaker-BsnH11MF-py3.8/lib/python3.8/site-packages/airflow/example_dags/tutorial_taskflow_api.py
[2024-07-25T07:54:04.121+0000] {logging_mixin.py:188} INFO - [2024-07-25T07:54:04.120+0000] {dag.py:3089} INFO - Sync 1 DAGs
[2024-07-25T07:54:04.143+0000] {logging_mixin.py:188} INFO - [2024-07-25T07:54:04.143+0000] {dag.py:3947} INFO - Setting next_dagrun for tutorial_taskflow_api to None, run_after=None
[2024-07-25T07:54:04.172+0000] {processor.py:183} INFO - Processing /root/.cache/pypoetry/virtualenvs/freeprise-matchmaker-BsnH11MF-py3.8/lib/python3.8/site-packages/airflow/example_dags/tutorial_taskflow_api.py took 0.131 seconds
[2024-07-25T07:54:34.421+0000] {processor.py:161} INFO - Started process (PID=2322) to work on /root/.cache/pypoetry/virtualenvs/freeprise-matchmaker-BsnH11MF-py3.8/lib/python3.8/site-packages/airflow/example_dags/tutorial_taskflow_api.py
[2024-07-25T07:54:34.423+0000] {processor.py:830} INFO - Processing file /root/.cache/pypoetry/virtualenvs/freeprise-matchmaker-BsnH11MF-py3.8/lib/python3.8/site-packages/airflow/example_dags/tutorial_taskflow_api.py for tasks to queue
[2024-07-25T07:54:34.425+0000] {logging_mixin.py:188} INFO - [2024-07-25T07:54:34.425+0000] {dagbag.py:545} INFO - Filling up the DagBag from /root/.cache/pypoetry/virtualenvs/freeprise-matchmaker-BsnH11MF-py3.8/lib/python3.8/site-packages/airflow/example_dags/tutorial_taskflow_api.py
[2024-07-25T07:54:34.436+0000] {processor.py:840} INFO - DAG(s) 'tutorial_taskflow_api' retrieved from /root/.cache/pypoetry/virtualenvs/freeprise-matchmaker-BsnH11MF-py3.8/lib/python3.8/site-packages/airflow/example_dags/tutorial_taskflow_api.py
[2024-07-25T07:54:34.481+0000] {logging_mixin.py:188} INFO - [2024-07-25T07:54:34.481+0000] {dag.py:3089} INFO - Sync 1 DAGs
[2024-07-25T07:54:34.507+0000] {logging_mixin.py:188} INFO - [2024-07-25T07:54:34.506+0000] {dag.py:3947} INFO - Setting next_dagrun for tutorial_taskflow_api to None, run_after=None
[2024-07-25T07:54:34.539+0000] {processor.py:183} INFO - Processing /root/.cache/pypoetry/virtualenvs/freeprise-matchmaker-BsnH11MF-py3.8/lib/python3.8/site-packages/airflow/example_dags/tutorial_taskflow_api.py took 0.131 seconds
[2024-07-25T07:55:04.694+0000] {processor.py:161} INFO - Started process (PID=2588) to work on /root/.cache/pypoetry/virtualenvs/freeprise-matchmaker-BsnH11MF-py3.8/lib/python3.8/site-packages/airflow/example_dags/tutorial_taskflow_api.py
[2024-07-25T07:55:04.696+0000] {processor.py:830} INFO - Processing file /root/.cache/pypoetry/virtualenvs/freeprise-matchmaker-BsnH11MF-py3.8/lib/python3.8/site-packages/airflow/example_dags/tutorial_taskflow_api.py for tasks to queue
[2024-07-25T07:55:04.698+0000] {logging_mixin.py:188} INFO - [2024-07-25T07:55:04.698+0000] {dagbag.py:545} INFO - Filling up the DagBag from /root/.cache/pypoetry/virtualenvs/freeprise-matchmaker-BsnH11MF-py3.8/lib/python3.8/site-packages/airflow/example_dags/tutorial_taskflow_api.py
[2024-07-25T07:55:04.709+0000] {processor.py:840} INFO - DAG(s) 'tutorial_taskflow_api' retrieved from /root/.cache/pypoetry/virtualenvs/freeprise-matchmaker-BsnH11MF-py3.8/lib/python3.8/site-packages/airflow/example_dags/tutorial_taskflow_api.py
[2024-07-25T07:55:04.753+0000] {logging_mixin.py:188} INFO - [2024-07-25T07:55:04.753+0000] {dag.py:3089} INFO - Sync 1 DAGs
[2024-07-25T07:55:04.774+0000] {logging_mixin.py:188} INFO - [2024-07-25T07:55:04.773+0000] {dag.py:3947} INFO - Setting next_dagrun for tutorial_taskflow_api to None, run_after=None
[2024-07-25T07:55:04.800+0000] {processor.py:183} INFO - Processing /root/.cache/pypoetry/virtualenvs/freeprise-matchmaker-BsnH11MF-py3.8/lib/python3.8/site-packages/airflow/example_dags/tutorial_taskflow_api.py took 0.117 seconds
[2024-07-25T07:55:34.944+0000] {processor.py:161} INFO - Started process (PID=2854) to work on /root/.cache/pypoetry/virtualenvs/freeprise-matchmaker-BsnH11MF-py3.8/lib/python3.8/site-packages/airflow/example_dags/tutorial_taskflow_api.py
[2024-07-25T07:55:34.945+0000] {processor.py:830} INFO - Processing file /root/.cache/pypoetry/virtualenvs/freeprise-matchmaker-BsnH11MF-py3.8/lib/python3.8/site-packages/airflow/example_dags/tutorial_taskflow_api.py for tasks to queue
[2024-07-25T07:55:34.947+0000] {logging_mixin.py:188} INFO - [2024-07-25T07:55:34.947+0000] {dagbag.py:545} INFO - Filling up the DagBag from /root/.cache/pypoetry/virtualenvs/freeprise-matchmaker-BsnH11MF-py3.8/lib/python3.8/site-packages/airflow/example_dags/tutorial_taskflow_api.py
[2024-07-25T07:55:34.959+0000] {processor.py:840} INFO - DAG(s) 'tutorial_taskflow_api' retrieved from /root/.cache/pypoetry/virtualenvs/freeprise-matchmaker-BsnH11MF-py3.8/lib/python3.8/site-packages/airflow/example_dags/tutorial_taskflow_api.py
[2024-07-25T07:55:34.996+0000] {logging_mixin.py:188} INFO - [2024-07-25T07:55:34.996+0000] {dag.py:3089} INFO - Sync 1 DAGs
[2024-07-25T07:55:35.017+0000] {logging_mixin.py:188} INFO - [2024-07-25T07:55:35.016+0000] {dag.py:3947} INFO - Setting next_dagrun for tutorial_taskflow_api to None, run_after=None
[2024-07-25T07:55:35.044+0000] {processor.py:183} INFO - Processing /root/.cache/pypoetry/virtualenvs/freeprise-matchmaker-BsnH11MF-py3.8/lib/python3.8/site-packages/airflow/example_dags/tutorial_taskflow_api.py took 0.114 seconds
[2024-07-25T07:56:05.211+0000] {processor.py:161} INFO - Started process (PID=3120) to work on /root/.cache/pypoetry/virtualenvs/freeprise-matchmaker-BsnH11MF-py3.8/lib/python3.8/site-packages/airflow/example_dags/tutorial_taskflow_api.py
[2024-07-25T07:56:05.213+0000] {processor.py:830} INFO - Processing file /root/.cache/pypoetry/virtualenvs/freeprise-matchmaker-BsnH11MF-py3.8/lib/python3.8/site-packages/airflow/example_dags/tutorial_taskflow_api.py for tasks to queue
[2024-07-25T07:56:05.216+0000] {logging_mixin.py:188} INFO - [2024-07-25T07:56:05.215+0000] {dagbag.py:545} INFO - Filling up the DagBag from /root/.cache/pypoetry/virtualenvs/freeprise-matchmaker-BsnH11MF-py3.8/lib/python3.8/site-packages/airflow/example_dags/tutorial_taskflow_api.py
[2024-07-25T07:56:05.226+0000] {processor.py:840} INFO - DAG(s) 'tutorial_taskflow_api' retrieved from /root/.cache/pypoetry/virtualenvs/freeprise-matchmaker-BsnH11MF-py3.8/lib/python3.8/site-packages/airflow/example_dags/tutorial_taskflow_api.py
[2024-07-25T07:56:05.271+0000] {logging_mixin.py:188} INFO - [2024-07-25T07:56:05.271+0000] {dag.py:3089} INFO - Sync 1 DAGs
[2024-07-25T07:56:05.294+0000] {logging_mixin.py:188} INFO - [2024-07-25T07:56:05.294+0000] {dag.py:3947} INFO - Setting next_dagrun for tutorial_taskflow_api to None, run_after=None
[2024-07-25T07:56:05.327+0000] {processor.py:183} INFO - Processing /root/.cache/pypoetry/virtualenvs/freeprise-matchmaker-BsnH11MF-py3.8/lib/python3.8/site-packages/airflow/example_dags/tutorial_taskflow_api.py took 0.128 seconds
[2024-07-25T07:56:35.426+0000] {processor.py:161} INFO - Started process (PID=3386) to work on /root/.cache/pypoetry/virtualenvs/freeprise-matchmaker-BsnH11MF-py3.8/lib/python3.8/site-packages/airflow/example_dags/tutorial_taskflow_api.py
[2024-07-25T07:56:35.428+0000] {processor.py:830} INFO - Processing file /root/.cache/pypoetry/virtualenvs/freeprise-matchmaker-BsnH11MF-py3.8/lib/python3.8/site-packages/airflow/example_dags/tutorial_taskflow_api.py for tasks to queue
[2024-07-25T07:56:35.431+0000] {logging_mixin.py:188} INFO - [2024-07-25T07:56:35.431+0000] {dagbag.py:545} INFO - Filling up the DagBag from /root/.cache/pypoetry/virtualenvs/freeprise-matchmaker-BsnH11MF-py3.8/lib/python3.8/site-packages/airflow/example_dags/tutorial_taskflow_api.py
[2024-07-25T07:56:35.446+0000] {processor.py:840} INFO - DAG(s) 'tutorial_taskflow_api' retrieved from /root/.cache/pypoetry/virtualenvs/freeprise-matchmaker-BsnH11MF-py3.8/lib/python3.8/site-packages/airflow/example_dags/tutorial_taskflow_api.py
[2024-07-25T07:56:35.500+0000] {logging_mixin.py:188} INFO - [2024-07-25T07:56:35.499+0000] {dag.py:3089} INFO - Sync 1 DAGs
[2024-07-25T07:56:35.528+0000] {logging_mixin.py:188} INFO - [2024-07-25T07:56:35.527+0000] {dag.py:3947} INFO - Setting next_dagrun for tutorial_taskflow_api to None, run_after=None
[2024-07-25T07:56:35.560+0000] {processor.py:183} INFO - Processing /root/.cache/pypoetry/virtualenvs/freeprise-matchmaker-BsnH11MF-py3.8/lib/python3.8/site-packages/airflow/example_dags/tutorial_taskflow_api.py took 0.151 seconds
[2024-07-25T07:57:06.601+0000] {processor.py:161} INFO - Started process (PID=3652) to work on /root/.cache/pypoetry/virtualenvs/freeprise-matchmaker-BsnH11MF-py3.8/lib/python3.8/site-packages/airflow/example_dags/tutorial_taskflow_api.py
[2024-07-25T07:57:06.605+0000] {processor.py:830} INFO - Processing file /root/.cache/pypoetry/virtualenvs/freeprise-matchmaker-BsnH11MF-py3.8/lib/python3.8/site-packages/airflow/example_dags/tutorial_taskflow_api.py for tasks to queue
[2024-07-25T07:57:06.609+0000] {logging_mixin.py:188} INFO - [2024-07-25T07:57:06.608+0000] {dagbag.py:545} INFO - Filling up the DagBag from /root/.cache/pypoetry/virtualenvs/freeprise-matchmaker-BsnH11MF-py3.8/lib/python3.8/site-packages/airflow/example_dags/tutorial_taskflow_api.py
[2024-07-25T07:57:06.624+0000] {processor.py:840} INFO - DAG(s) 'tutorial_taskflow_api' retrieved from /root/.cache/pypoetry/virtualenvs/freeprise-matchmaker-BsnH11MF-py3.8/lib/python3.8/site-packages/airflow/example_dags/tutorial_taskflow_api.py
[2024-07-25T07:57:06.666+0000] {logging_mixin.py:188} INFO - [2024-07-25T07:57:06.666+0000] {dag.py:3089} INFO - Sync 1 DAGs
[2024-07-25T07:57:06.689+0000] {logging_mixin.py:188} INFO - [2024-07-25T07:57:06.689+0000] {dag.py:3947} INFO - Setting next_dagrun for tutorial_taskflow_api to None, run_after=None
[2024-07-25T07:57:06.718+0000] {processor.py:183} INFO - Processing /root/.cache/pypoetry/virtualenvs/freeprise-matchmaker-BsnH11MF-py3.8/lib/python3.8/site-packages/airflow/example_dags/tutorial_taskflow_api.py took 0.133 seconds
[2024-07-25T07:57:37.033+0000] {processor.py:161} INFO - Started process (PID=3918) to work on /root/.cache/pypoetry/virtualenvs/freeprise-matchmaker-BsnH11MF-py3.8/lib/python3.8/site-packages/airflow/example_dags/tutorial_taskflow_api.py
[2024-07-25T07:57:37.035+0000] {processor.py:830} INFO - Processing file /root/.cache/pypoetry/virtualenvs/freeprise-matchmaker-BsnH11MF-py3.8/lib/python3.8/site-packages/airflow/example_dags/tutorial_taskflow_api.py for tasks to queue
[2024-07-25T07:57:37.038+0000] {logging_mixin.py:188} INFO - [2024-07-25T07:57:37.037+0000] {dagbag.py:545} INFO - Filling up the DagBag from /root/.cache/pypoetry/virtualenvs/freeprise-matchmaker-BsnH11MF-py3.8/lib/python3.8/site-packages/airflow/example_dags/tutorial_taskflow_api.py
[2024-07-25T07:57:37.049+0000] {processor.py:840} INFO - DAG(s) 'tutorial_taskflow_api' retrieved from /root/.cache/pypoetry/virtualenvs/freeprise-matchmaker-BsnH11MF-py3.8/lib/python3.8/site-packages/airflow/example_dags/tutorial_taskflow_api.py
[2024-07-25T07:57:37.091+0000] {logging_mixin.py:188} INFO - [2024-07-25T07:57:37.091+0000] {dag.py:3089} INFO - Sync 1 DAGs
[2024-07-25T07:57:37.112+0000] {logging_mixin.py:188} INFO - [2024-07-25T07:57:37.111+0000] {dag.py:3947} INFO - Setting next_dagrun for tutorial_taskflow_api to None, run_after=None
[2024-07-25T07:57:37.142+0000] {processor.py:183} INFO - Processing /root/.cache/pypoetry/virtualenvs/freeprise-matchmaker-BsnH11MF-py3.8/lib/python3.8/site-packages/airflow/example_dags/tutorial_taskflow_api.py took 0.121 seconds
[2024-07-25T07:58:07.380+0000] {processor.py:161} INFO - Started process (PID=4184) to work on /root/.cache/pypoetry/virtualenvs/freeprise-matchmaker-BsnH11MF-py3.8/lib/python3.8/site-packages/airflow/example_dags/tutorial_taskflow_api.py
[2024-07-25T07:58:07.381+0000] {processor.py:830} INFO - Processing file /root/.cache/pypoetry/virtualenvs/freeprise-matchmaker-BsnH11MF-py3.8/lib/python3.8/site-packages/airflow/example_dags/tutorial_taskflow_api.py for tasks to queue
[2024-07-25T07:58:07.385+0000] {logging_mixin.py:188} INFO - [2024-07-25T07:58:07.384+0000] {dagbag.py:545} INFO - Filling up the DagBag from /root/.cache/pypoetry/virtualenvs/freeprise-matchmaker-BsnH11MF-py3.8/lib/python3.8/site-packages/airflow/example_dags/tutorial_taskflow_api.py
[2024-07-25T07:58:07.399+0000] {processor.py:840} INFO - DAG(s) 'tutorial_taskflow_api' retrieved from /root/.cache/pypoetry/virtualenvs/freeprise-matchmaker-BsnH11MF-py3.8/lib/python3.8/site-packages/airflow/example_dags/tutorial_taskflow_api.py
[2024-07-25T07:58:07.445+0000] {logging_mixin.py:188} INFO - [2024-07-25T07:58:07.445+0000] {dag.py:3089} INFO - Sync 1 DAGs
[2024-07-25T07:58:07.473+0000] {logging_mixin.py:188} INFO - [2024-07-25T07:58:07.472+0000] {dag.py:3947} INFO - Setting next_dagrun for tutorial_taskflow_api to None, run_after=None
[2024-07-25T07:58:07.508+0000] {processor.py:183} INFO - Processing /root/.cache/pypoetry/virtualenvs/freeprise-matchmaker-BsnH11MF-py3.8/lib/python3.8/site-packages/airflow/example_dags/tutorial_taskflow_api.py took 0.143 seconds
[2024-07-25T07:58:37.613+0000] {processor.py:161} INFO - Started process (PID=4450) to work on /root/.cache/pypoetry/virtualenvs/freeprise-matchmaker-BsnH11MF-py3.8/lib/python3.8/site-packages/airflow/example_dags/tutorial_taskflow_api.py
[2024-07-25T07:58:37.615+0000] {processor.py:830} INFO - Processing file /root/.cache/pypoetry/virtualenvs/freeprise-matchmaker-BsnH11MF-py3.8/lib/python3.8/site-packages/airflow/example_dags/tutorial_taskflow_api.py for tasks to queue
[2024-07-25T07:58:37.619+0000] {logging_mixin.py:188} INFO - [2024-07-25T07:58:37.618+0000] {dagbag.py:545} INFO - Filling up the DagBag from /root/.cache/pypoetry/virtualenvs/freeprise-matchmaker-BsnH11MF-py3.8/lib/python3.8/site-packages/airflow/example_dags/tutorial_taskflow_api.py
[2024-07-25T07:58:37.634+0000] {processor.py:840} INFO - DAG(s) 'tutorial_taskflow_api' retrieved from /root/.cache/pypoetry/virtualenvs/freeprise-matchmaker-BsnH11MF-py3.8/lib/python3.8/site-packages/airflow/example_dags/tutorial_taskflow_api.py
[2024-07-25T07:58:37.672+0000] {logging_mixin.py:188} INFO - [2024-07-25T07:58:37.671+0000] {dag.py:3089} INFO - Sync 1 DAGs
[2024-07-25T07:58:37.691+0000] {logging_mixin.py:188} INFO - [2024-07-25T07:58:37.691+0000] {dag.py:3947} INFO - Setting next_dagrun for tutorial_taskflow_api to None, run_after=None
[2024-07-25T07:58:37.718+0000] {processor.py:183} INFO - Processing /root/.cache/pypoetry/virtualenvs/freeprise-matchmaker-BsnH11MF-py3.8/lib/python3.8/site-packages/airflow/example_dags/tutorial_taskflow_api.py took 0.120 seconds
[2024-07-25T07:59:07.924+0000] {processor.py:161} INFO - Started process (PID=4716) to work on /root/.cache/pypoetry/virtualenvs/freeprise-matchmaker-BsnH11MF-py3.8/lib/python3.8/site-packages/airflow/example_dags/tutorial_taskflow_api.py
[2024-07-25T07:59:07.926+0000] {processor.py:830} INFO - Processing file /root/.cache/pypoetry/virtualenvs/freeprise-matchmaker-BsnH11MF-py3.8/lib/python3.8/site-packages/airflow/example_dags/tutorial_taskflow_api.py for tasks to queue
[2024-07-25T07:59:07.928+0000] {logging_mixin.py:188} INFO - [2024-07-25T07:59:07.928+0000] {dagbag.py:545} INFO - Filling up the DagBag from /root/.cache/pypoetry/virtualenvs/freeprise-matchmaker-BsnH11MF-py3.8/lib/python3.8/site-packages/airflow/example_dags/tutorial_taskflow_api.py
[2024-07-25T07:59:07.941+0000] {processor.py:840} INFO - DAG(s) 'tutorial_taskflow_api' retrieved from /root/.cache/pypoetry/virtualenvs/freeprise-matchmaker-BsnH11MF-py3.8/lib/python3.8/site-packages/airflow/example_dags/tutorial_taskflow_api.py
[2024-07-25T07:59:07.991+0000] {logging_mixin.py:188} INFO - [2024-07-25T07:59:07.991+0000] {dag.py:3089} INFO - Sync 1 DAGs
[2024-07-25T07:59:08.018+0000] {logging_mixin.py:188} INFO - [2024-07-25T07:59:08.017+0000] {dag.py:3947} INFO - Setting next_dagrun for tutorial_taskflow_api to None, run_after=None
[2024-07-25T07:59:08.051+0000] {processor.py:183} INFO - Processing /root/.cache/pypoetry/virtualenvs/freeprise-matchmaker-BsnH11MF-py3.8/lib/python3.8/site-packages/airflow/example_dags/tutorial_taskflow_api.py took 0.143 seconds
[2024-07-25T07:59:38.312+0000] {processor.py:161} INFO - Started process (PID=4982) to work on /root/.cache/pypoetry/virtualenvs/freeprise-matchmaker-BsnH11MF-py3.8/lib/python3.8/site-packages/airflow/example_dags/tutorial_taskflow_api.py
[2024-07-25T07:59:38.314+0000] {processor.py:830} INFO - Processing file /root/.cache/pypoetry/virtualenvs/freeprise-matchmaker-BsnH11MF-py3.8/lib/python3.8/site-packages/airflow/example_dags/tutorial_taskflow_api.py for tasks to queue
[2024-07-25T07:59:38.317+0000] {logging_mixin.py:188} INFO - [2024-07-25T07:59:38.317+0000] {dagbag.py:545} INFO - Filling up the DagBag from /root/.cache/pypoetry/virtualenvs/freeprise-matchmaker-BsnH11MF-py3.8/lib/python3.8/site-packages/airflow/example_dags/tutorial_taskflow_api.py
[2024-07-25T07:59:38.331+0000] {processor.py:840} INFO - DAG(s) 'tutorial_taskflow_api' retrieved from /root/.cache/pypoetry/virtualenvs/freeprise-matchmaker-BsnH11MF-py3.8/lib/python3.8/site-packages/airflow/example_dags/tutorial_taskflow_api.py
[2024-07-25T07:59:38.384+0000] {logging_mixin.py:188} INFO - [2024-07-25T07:59:38.384+0000] {dag.py:3089} INFO - Sync 1 DAGs
[2024-07-25T07:59:38.413+0000] {logging_mixin.py:188} INFO - [2024-07-25T07:59:38.413+0000] {dag.py:3947} INFO - Setting next_dagrun for tutorial_taskflow_api to None, run_after=None
[2024-07-25T07:59:38.454+0000] {processor.py:183} INFO - Processing /root/.cache/pypoetry/virtualenvs/freeprise-matchmaker-BsnH11MF-py3.8/lib/python3.8/site-packages/airflow/example_dags/tutorial_taskflow_api.py took 0.156 seconds
[2024-07-25T08:00:08.862+0000] {processor.py:161} INFO - Started process (PID=5248) to work on /root/.cache/pypoetry/virtualenvs/freeprise-matchmaker-BsnH11MF-py3.8/lib/python3.8/site-packages/airflow/example_dags/tutorial_taskflow_api.py
[2024-07-25T08:00:08.868+0000] {processor.py:830} INFO - Processing file /root/.cache/pypoetry/virtualenvs/freeprise-matchmaker-BsnH11MF-py3.8/lib/python3.8/site-packages/airflow/example_dags/tutorial_taskflow_api.py for tasks to queue
[2024-07-25T08:00:08.871+0000] {logging_mixin.py:188} INFO - [2024-07-25T08:00:08.870+0000] {dagbag.py:545} INFO - Filling up the DagBag from /root/.cache/pypoetry/virtualenvs/freeprise-matchmaker-BsnH11MF-py3.8/lib/python3.8/site-packages/airflow/example_dags/tutorial_taskflow_api.py
[2024-07-25T08:00:08.887+0000] {processor.py:840} INFO - DAG(s) 'tutorial_taskflow_api' retrieved from /root/.cache/pypoetry/virtualenvs/freeprise-matchmaker-BsnH11MF-py3.8/lib/python3.8/site-packages/airflow/example_dags/tutorial_taskflow_api.py
[2024-07-25T08:00:08.953+0000] {logging_mixin.py:188} INFO - [2024-07-25T08:00:08.953+0000] {dag.py:3089} INFO - Sync 1 DAGs
[2024-07-25T08:00:08.981+0000] {logging_mixin.py:188} INFO - [2024-07-25T08:00:08.980+0000] {dag.py:3947} INFO - Setting next_dagrun for tutorial_taskflow_api to None, run_after=None
[2024-07-25T08:00:09.173+0000] {processor.py:183} INFO - Processing /root/.cache/pypoetry/virtualenvs/freeprise-matchmaker-BsnH11MF-py3.8/lib/python3.8/site-packages/airflow/example_dags/tutorial_taskflow_api.py took 0.327 seconds
[2024-07-25T08:00:39.383+0000] {processor.py:161} INFO - Started process (PID=5514) to work on /root/.cache/pypoetry/virtualenvs/freeprise-matchmaker-BsnH11MF-py3.8/lib/python3.8/site-packages/airflow/example_dags/tutorial_taskflow_api.py
[2024-07-25T08:00:39.390+0000] {processor.py:830} INFO - Processing file /root/.cache/pypoetry/virtualenvs/freeprise-matchmaker-BsnH11MF-py3.8/lib/python3.8/site-packages/airflow/example_dags/tutorial_taskflow_api.py for tasks to queue
[2024-07-25T08:00:39.398+0000] {logging_mixin.py:188} INFO - [2024-07-25T08:00:39.397+0000] {dagbag.py:545} INFO - Filling up the DagBag from /root/.cache/pypoetry/virtualenvs/freeprise-matchmaker-BsnH11MF-py3.8/lib/python3.8/site-packages/airflow/example_dags/tutorial_taskflow_api.py
[2024-07-25T08:00:39.438+0000] {processor.py:840} INFO - DAG(s) 'tutorial_taskflow_api' retrieved from /root/.cache/pypoetry/virtualenvs/freeprise-matchmaker-BsnH11MF-py3.8/lib/python3.8/site-packages/airflow/example_dags/tutorial_taskflow_api.py
[2024-07-25T08:00:39.551+0000] {logging_mixin.py:188} INFO - [2024-07-25T08:00:39.549+0000] {dag.py:3089} INFO - Sync 1 DAGs
[2024-07-25T08:00:39.608+0000] {logging_mixin.py:188} INFO - [2024-07-25T08:00:39.607+0000] {dag.py:3947} INFO - Setting next_dagrun for tutorial_taskflow_api to None, run_after=None
[2024-07-25T08:00:39.690+0000] {processor.py:183} INFO - Processing /root/.cache/pypoetry/virtualenvs/freeprise-matchmaker-BsnH11MF-py3.8/lib/python3.8/site-packages/airflow/example_dags/tutorial_taskflow_api.py took 0.345 seconds
[2024-07-25T08:01:10.418+0000] {processor.py:161} INFO - Started process (PID=5780) to work on /root/.cache/pypoetry/virtualenvs/freeprise-matchmaker-BsnH11MF-py3.8/lib/python3.8/site-packages/airflow/example_dags/tutorial_taskflow_api.py
[2024-07-25T08:01:10.421+0000] {processor.py:830} INFO - Processing file /root/.cache/pypoetry/virtualenvs/freeprise-matchmaker-BsnH11MF-py3.8/lib/python3.8/site-packages/airflow/example_dags/tutorial_taskflow_api.py for tasks to queue
[2024-07-25T08:01:10.426+0000] {logging_mixin.py:188} INFO - [2024-07-25T08:01:10.426+0000] {dagbag.py:545} INFO - Filling up the DagBag from /root/.cache/pypoetry/virtualenvs/freeprise-matchmaker-BsnH11MF-py3.8/lib/python3.8/site-packages/airflow/example_dags/tutorial_taskflow_api.py
[2024-07-25T08:01:10.443+0000] {processor.py:840} INFO - DAG(s) 'tutorial_taskflow_api' retrieved from /root/.cache/pypoetry/virtualenvs/freeprise-matchmaker-BsnH11MF-py3.8/lib/python3.8/site-packages/airflow/example_dags/tutorial_taskflow_api.py
[2024-07-25T08:01:10.494+0000] {logging_mixin.py:188} INFO - [2024-07-25T08:01:10.493+0000] {dag.py:3089} INFO - Sync 1 DAGs
[2024-07-25T08:01:10.524+0000] {logging_mixin.py:188} INFO - [2024-07-25T08:01:10.524+0000] {dag.py:3947} INFO - Setting next_dagrun for tutorial_taskflow_api to None, run_after=None
[2024-07-25T08:01:10.562+0000] {processor.py:183} INFO - Processing /root/.cache/pypoetry/virtualenvs/freeprise-matchmaker-BsnH11MF-py3.8/lib/python3.8/site-packages/airflow/example_dags/tutorial_taskflow_api.py took 0.166 seconds
