[2024-07-25T07:50:29.067+0000] {processor.py:161} INFO - Started process (PID=223) to work on /root/.cache/pypoetry/virtualenvs/freeprise-matchmaker-BsnH11MF-py3.8/lib/python3.8/site-packages/airflow/example_dags/tutorial.py
[2024-07-25T07:50:29.068+0000] {processor.py:830} INFO - Processing file /root/.cache/pypoetry/virtualenvs/freeprise-matchmaker-BsnH11MF-py3.8/lib/python3.8/site-packages/airflow/example_dags/tutorial.py for tasks to queue
[2024-07-25T07:50:29.071+0000] {logging_mixin.py:188} INFO - [2024-07-25T07:50:29.070+0000] {dagbag.py:545} INFO - Filling up the DagBag from /root/.cache/pypoetry/virtualenvs/freeprise-matchmaker-BsnH11MF-py3.8/lib/python3.8/site-packages/airflow/example_dags/tutorial.py
[2024-07-25T07:50:29.090+0000] {processor.py:840} INFO - DAG(s) 'tutorial' retrieved from /root/.cache/pypoetry/virtualenvs/freeprise-matchmaker-BsnH11MF-py3.8/lib/python3.8/site-packages/airflow/example_dags/tutorial.py
[2024-07-25T07:50:29.124+0000] {logging_mixin.py:188} INFO - [2024-07-25T07:50:29.123+0000] {dag.py:3089} INFO - Sync 1 DAGs
[2024-07-25T07:50:29.176+0000] {logging_mixin.py:188} INFO - [2024-07-25T07:50:29.176+0000] {dag.py:3947} INFO - Setting next_dagrun for tutorial to 2024-07-24 00:00:00+00:00, run_after=2024-07-25 00:00:00+00:00
[2024-07-25T07:50:29.211+0000] {processor.py:183} INFO - Processing /root/.cache/pypoetry/virtualenvs/freeprise-matchmaker-BsnH11MF-py3.8/lib/python3.8/site-packages/airflow/example_dags/tutorial.py took 0.158 seconds
[2024-07-25T07:51:00.730+0000] {processor.py:161} INFO - Started process (PID=490) to work on /root/.cache/pypoetry/virtualenvs/freeprise-matchmaker-BsnH11MF-py3.8/lib/python3.8/site-packages/airflow/example_dags/tutorial.py
[2024-07-25T07:51:00.731+0000] {processor.py:830} INFO - Processing file /root/.cache/pypoetry/virtualenvs/freeprise-matchmaker-BsnH11MF-py3.8/lib/python3.8/site-packages/airflow/example_dags/tutorial.py for tasks to queue
[2024-07-25T07:51:00.734+0000] {logging_mixin.py:188} INFO - [2024-07-25T07:51:00.733+0000] {dagbag.py:545} INFO - Filling up the DagBag from /root/.cache/pypoetry/virtualenvs/freeprise-matchmaker-BsnH11MF-py3.8/lib/python3.8/site-packages/airflow/example_dags/tutorial.py
[2024-07-25T07:51:00.743+0000] {processor.py:840} INFO - DAG(s) 'tutorial' retrieved from /root/.cache/pypoetry/virtualenvs/freeprise-matchmaker-BsnH11MF-py3.8/lib/python3.8/site-packages/airflow/example_dags/tutorial.py
[2024-07-25T07:51:01.057+0000] {logging_mixin.py:188} INFO - [2024-07-25T07:51:01.057+0000] {dag.py:3089} INFO - Sync 1 DAGs
[2024-07-25T07:51:01.083+0000] {logging_mixin.py:188} INFO - [2024-07-25T07:51:01.083+0000] {dag.py:3947} INFO - Setting next_dagrun for tutorial to 2024-07-24 00:00:00+00:00, run_after=2024-07-25 00:00:00+00:00
[2024-07-25T07:51:01.111+0000] {processor.py:183} INFO - Processing /root/.cache/pypoetry/virtualenvs/freeprise-matchmaker-BsnH11MF-py3.8/lib/python3.8/site-packages/airflow/example_dags/tutorial.py took 0.393 seconds
[2024-07-25T07:51:31.708+0000] {processor.py:161} INFO - Started process (PID=754) to work on /root/.cache/pypoetry/virtualenvs/freeprise-matchmaker-BsnH11MF-py3.8/lib/python3.8/site-packages/airflow/example_dags/tutorial.py
[2024-07-25T07:51:31.709+0000] {processor.py:830} INFO - Processing file /root/.cache/pypoetry/virtualenvs/freeprise-matchmaker-BsnH11MF-py3.8/lib/python3.8/site-packages/airflow/example_dags/tutorial.py for tasks to queue
[2024-07-25T07:51:31.711+0000] {logging_mixin.py:188} INFO - [2024-07-25T07:51:31.711+0000] {dagbag.py:545} INFO - Filling up the DagBag from /root/.cache/pypoetry/virtualenvs/freeprise-matchmaker-BsnH11MF-py3.8/lib/python3.8/site-packages/airflow/example_dags/tutorial.py
[2024-07-25T07:51:31.721+0000] {processor.py:840} INFO - DAG(s) 'tutorial' retrieved from /root/.cache/pypoetry/virtualenvs/freeprise-matchmaker-BsnH11MF-py3.8/lib/python3.8/site-packages/airflow/example_dags/tutorial.py
[2024-07-25T07:51:31.912+0000] {logging_mixin.py:188} INFO - [2024-07-25T07:51:31.911+0000] {dag.py:3089} INFO - Sync 1 DAGs
[2024-07-25T07:51:31.941+0000] {logging_mixin.py:188} INFO - [2024-07-25T07:51:31.940+0000] {dag.py:3947} INFO - Setting next_dagrun for tutorial to 2024-07-24 00:00:00+00:00, run_after=2024-07-25 00:00:00+00:00
[2024-07-25T07:51:31.967+0000] {processor.py:183} INFO - Processing /root/.cache/pypoetry/virtualenvs/freeprise-matchmaker-BsnH11MF-py3.8/lib/python3.8/site-packages/airflow/example_dags/tutorial.py took 0.271 seconds
[2024-07-25T07:52:02.635+0000] {processor.py:161} INFO - Started process (PID=1020) to work on /root/.cache/pypoetry/virtualenvs/freeprise-matchmaker-BsnH11MF-py3.8/lib/python3.8/site-packages/airflow/example_dags/tutorial.py
[2024-07-25T07:52:02.637+0000] {processor.py:830} INFO - Processing file /root/.cache/pypoetry/virtualenvs/freeprise-matchmaker-BsnH11MF-py3.8/lib/python3.8/site-packages/airflow/example_dags/tutorial.py for tasks to queue
[2024-07-25T07:52:02.641+0000] {logging_mixin.py:188} INFO - [2024-07-25T07:52:02.640+0000] {dagbag.py:545} INFO - Filling up the DagBag from /root/.cache/pypoetry/virtualenvs/freeprise-matchmaker-BsnH11MF-py3.8/lib/python3.8/site-packages/airflow/example_dags/tutorial.py
[2024-07-25T07:52:02.651+0000] {processor.py:840} INFO - DAG(s) 'tutorial' retrieved from /root/.cache/pypoetry/virtualenvs/freeprise-matchmaker-BsnH11MF-py3.8/lib/python3.8/site-packages/airflow/example_dags/tutorial.py
[2024-07-25T07:52:02.697+0000] {logging_mixin.py:188} INFO - [2024-07-25T07:52:02.696+0000] {dag.py:3089} INFO - Sync 1 DAGs
[2024-07-25T07:52:02.734+0000] {logging_mixin.py:188} INFO - [2024-07-25T07:52:02.733+0000] {dag.py:3947} INFO - Setting next_dagrun for tutorial to 2024-07-24 00:00:00+00:00, run_after=2024-07-25 00:00:00+00:00
[2024-07-25T07:52:02.760+0000] {processor.py:183} INFO - Processing /root/.cache/pypoetry/virtualenvs/freeprise-matchmaker-BsnH11MF-py3.8/lib/python3.8/site-packages/airflow/example_dags/tutorial.py took 0.141 seconds
[2024-07-25T07:52:33.664+0000] {processor.py:161} INFO - Started process (PID=1286) to work on /root/.cache/pypoetry/virtualenvs/freeprise-matchmaker-BsnH11MF-py3.8/lib/python3.8/site-packages/airflow/example_dags/tutorial.py
[2024-07-25T07:52:33.666+0000] {processor.py:830} INFO - Processing file /root/.cache/pypoetry/virtualenvs/freeprise-matchmaker-BsnH11MF-py3.8/lib/python3.8/site-packages/airflow/example_dags/tutorial.py for tasks to queue
[2024-07-25T07:52:33.669+0000] {logging_mixin.py:188} INFO - [2024-07-25T07:52:33.668+0000] {dagbag.py:545} INFO - Filling up the DagBag from /root/.cache/pypoetry/virtualenvs/freeprise-matchmaker-BsnH11MF-py3.8/lib/python3.8/site-packages/airflow/example_dags/tutorial.py
[2024-07-25T07:52:33.678+0000] {processor.py:840} INFO - DAG(s) 'tutorial' retrieved from /root/.cache/pypoetry/virtualenvs/freeprise-matchmaker-BsnH11MF-py3.8/lib/python3.8/site-packages/airflow/example_dags/tutorial.py
[2024-07-25T07:52:33.716+0000] {logging_mixin.py:188} INFO - [2024-07-25T07:52:33.715+0000] {dag.py:3089} INFO - Sync 1 DAGs
[2024-07-25T07:52:33.754+0000] {logging_mixin.py:188} INFO - [2024-07-25T07:52:33.754+0000] {dag.py:3947} INFO - Setting next_dagrun for tutorial to 2024-07-24 00:00:00+00:00, run_after=2024-07-25 00:00:00+00:00
[2024-07-25T07:52:33.783+0000] {processor.py:183} INFO - Processing /root/.cache/pypoetry/virtualenvs/freeprise-matchmaker-BsnH11MF-py3.8/lib/python3.8/site-packages/airflow/example_dags/tutorial.py took 0.132 seconds
[2024-07-25T07:53:04.399+0000] {processor.py:161} INFO - Started process (PID=1554) to work on /root/.cache/pypoetry/virtualenvs/freeprise-matchmaker-BsnH11MF-py3.8/lib/python3.8/site-packages/airflow/example_dags/tutorial.py
[2024-07-25T07:53:04.406+0000] {processor.py:830} INFO - Processing file /root/.cache/pypoetry/virtualenvs/freeprise-matchmaker-BsnH11MF-py3.8/lib/python3.8/site-packages/airflow/example_dags/tutorial.py for tasks to queue
[2024-07-25T07:53:04.409+0000] {logging_mixin.py:188} INFO - [2024-07-25T07:53:04.408+0000] {dagbag.py:545} INFO - Filling up the DagBag from /root/.cache/pypoetry/virtualenvs/freeprise-matchmaker-BsnH11MF-py3.8/lib/python3.8/site-packages/airflow/example_dags/tutorial.py
[2024-07-25T07:53:04.418+0000] {processor.py:840} INFO - DAG(s) 'tutorial' retrieved from /root/.cache/pypoetry/virtualenvs/freeprise-matchmaker-BsnH11MF-py3.8/lib/python3.8/site-packages/airflow/example_dags/tutorial.py
[2024-07-25T07:53:04.458+0000] {logging_mixin.py:188} INFO - [2024-07-25T07:53:04.457+0000] {dag.py:3089} INFO - Sync 1 DAGs
[2024-07-25T07:53:04.492+0000] {logging_mixin.py:188} INFO - [2024-07-25T07:53:04.491+0000] {dag.py:3947} INFO - Setting next_dagrun for tutorial to 2024-07-24 00:00:00+00:00, run_after=2024-07-25 00:00:00+00:00
[2024-07-25T07:53:04.520+0000] {processor.py:183} INFO - Processing /root/.cache/pypoetry/virtualenvs/freeprise-matchmaker-BsnH11MF-py3.8/lib/python3.8/site-packages/airflow/example_dags/tutorial.py took 0.133 seconds
[2024-07-25T07:53:35.189+0000] {processor.py:161} INFO - Started process (PID=1818) to work on /root/.cache/pypoetry/virtualenvs/freeprise-matchmaker-BsnH11MF-py3.8/lib/python3.8/site-packages/airflow/example_dags/tutorial.py
[2024-07-25T07:53:35.191+0000] {processor.py:830} INFO - Processing file /root/.cache/pypoetry/virtualenvs/freeprise-matchmaker-BsnH11MF-py3.8/lib/python3.8/site-packages/airflow/example_dags/tutorial.py for tasks to queue
[2024-07-25T07:53:35.194+0000] {logging_mixin.py:188} INFO - [2024-07-25T07:53:35.193+0000] {dagbag.py:545} INFO - Filling up the DagBag from /root/.cache/pypoetry/virtualenvs/freeprise-matchmaker-BsnH11MF-py3.8/lib/python3.8/site-packages/airflow/example_dags/tutorial.py
[2024-07-25T07:53:35.203+0000] {processor.py:840} INFO - DAG(s) 'tutorial' retrieved from /root/.cache/pypoetry/virtualenvs/freeprise-matchmaker-BsnH11MF-py3.8/lib/python3.8/site-packages/airflow/example_dags/tutorial.py
[2024-07-25T07:53:35.244+0000] {logging_mixin.py:188} INFO - [2024-07-25T07:53:35.244+0000] {dag.py:3089} INFO - Sync 1 DAGs
[2024-07-25T07:53:35.278+0000] {logging_mixin.py:188} INFO - [2024-07-25T07:53:35.278+0000] {dag.py:3947} INFO - Setting next_dagrun for tutorial to 2024-07-24 00:00:00+00:00, run_after=2024-07-25 00:00:00+00:00
[2024-07-25T07:53:35.304+0000] {processor.py:183} INFO - Processing /root/.cache/pypoetry/virtualenvs/freeprise-matchmaker-BsnH11MF-py3.8/lib/python3.8/site-packages/airflow/example_dags/tutorial.py took 0.130 seconds
[2024-07-25T07:54:05.532+0000] {processor.py:161} INFO - Started process (PID=2084) to work on /root/.cache/pypoetry/virtualenvs/freeprise-matchmaker-BsnH11MF-py3.8/lib/python3.8/site-packages/airflow/example_dags/tutorial.py
[2024-07-25T07:54:05.535+0000] {processor.py:830} INFO - Processing file /root/.cache/pypoetry/virtualenvs/freeprise-matchmaker-BsnH11MF-py3.8/lib/python3.8/site-packages/airflow/example_dags/tutorial.py for tasks to queue
[2024-07-25T07:54:05.537+0000] {logging_mixin.py:188} INFO - [2024-07-25T07:54:05.537+0000] {dagbag.py:545} INFO - Filling up the DagBag from /root/.cache/pypoetry/virtualenvs/freeprise-matchmaker-BsnH11MF-py3.8/lib/python3.8/site-packages/airflow/example_dags/tutorial.py
[2024-07-25T07:54:05.547+0000] {processor.py:840} INFO - DAG(s) 'tutorial' retrieved from /root/.cache/pypoetry/virtualenvs/freeprise-matchmaker-BsnH11MF-py3.8/lib/python3.8/site-packages/airflow/example_dags/tutorial.py
[2024-07-25T07:54:05.593+0000] {logging_mixin.py:188} INFO - [2024-07-25T07:54:05.592+0000] {dag.py:3089} INFO - Sync 1 DAGs
[2024-07-25T07:54:05.638+0000] {logging_mixin.py:188} INFO - [2024-07-25T07:54:05.638+0000] {dag.py:3947} INFO - Setting next_dagrun for tutorial to 2024-07-24 00:00:00+00:00, run_after=2024-07-25 00:00:00+00:00
[2024-07-25T07:54:05.676+0000] {processor.py:183} INFO - Processing /root/.cache/pypoetry/virtualenvs/freeprise-matchmaker-BsnH11MF-py3.8/lib/python3.8/site-packages/airflow/example_dags/tutorial.py took 0.155 seconds
[2024-07-25T07:54:35.777+0000] {processor.py:161} INFO - Started process (PID=2344) to work on /root/.cache/pypoetry/virtualenvs/freeprise-matchmaker-BsnH11MF-py3.8/lib/python3.8/site-packages/airflow/example_dags/tutorial.py
[2024-07-25T07:54:35.778+0000] {processor.py:830} INFO - Processing file /root/.cache/pypoetry/virtualenvs/freeprise-matchmaker-BsnH11MF-py3.8/lib/python3.8/site-packages/airflow/example_dags/tutorial.py for tasks to queue
[2024-07-25T07:54:35.781+0000] {logging_mixin.py:188} INFO - [2024-07-25T07:54:35.780+0000] {dagbag.py:545} INFO - Filling up the DagBag from /root/.cache/pypoetry/virtualenvs/freeprise-matchmaker-BsnH11MF-py3.8/lib/python3.8/site-packages/airflow/example_dags/tutorial.py
[2024-07-25T07:54:35.790+0000] {processor.py:840} INFO - DAG(s) 'tutorial' retrieved from /root/.cache/pypoetry/virtualenvs/freeprise-matchmaker-BsnH11MF-py3.8/lib/python3.8/site-packages/airflow/example_dags/tutorial.py
[2024-07-25T07:54:35.829+0000] {logging_mixin.py:188} INFO - [2024-07-25T07:54:35.829+0000] {dag.py:3089} INFO - Sync 1 DAGs
[2024-07-25T07:54:35.863+0000] {logging_mixin.py:188} INFO - [2024-07-25T07:54:35.863+0000] {dag.py:3947} INFO - Setting next_dagrun for tutorial to 2024-07-24 00:00:00+00:00, run_after=2024-07-25 00:00:00+00:00
[2024-07-25T07:54:35.889+0000] {processor.py:183} INFO - Processing /root/.cache/pypoetry/virtualenvs/freeprise-matchmaker-BsnH11MF-py3.8/lib/python3.8/site-packages/airflow/example_dags/tutorial.py took 0.124 seconds
[2024-07-25T07:55:06.030+0000] {processor.py:161} INFO - Started process (PID=2610) to work on /root/.cache/pypoetry/virtualenvs/freeprise-matchmaker-BsnH11MF-py3.8/lib/python3.8/site-packages/airflow/example_dags/tutorial.py
[2024-07-25T07:55:06.032+0000] {processor.py:830} INFO - Processing file /root/.cache/pypoetry/virtualenvs/freeprise-matchmaker-BsnH11MF-py3.8/lib/python3.8/site-packages/airflow/example_dags/tutorial.py for tasks to queue
[2024-07-25T07:55:06.035+0000] {logging_mixin.py:188} INFO - [2024-07-25T07:55:06.034+0000] {dagbag.py:545} INFO - Filling up the DagBag from /root/.cache/pypoetry/virtualenvs/freeprise-matchmaker-BsnH11MF-py3.8/lib/python3.8/site-packages/airflow/example_dags/tutorial.py
[2024-07-25T07:55:06.044+0000] {processor.py:840} INFO - DAG(s) 'tutorial' retrieved from /root/.cache/pypoetry/virtualenvs/freeprise-matchmaker-BsnH11MF-py3.8/lib/python3.8/site-packages/airflow/example_dags/tutorial.py
[2024-07-25T07:55:06.084+0000] {logging_mixin.py:188} INFO - [2024-07-25T07:55:06.083+0000] {dag.py:3089} INFO - Sync 1 DAGs
[2024-07-25T07:55:06.119+0000] {logging_mixin.py:188} INFO - [2024-07-25T07:55:06.119+0000] {dag.py:3947} INFO - Setting next_dagrun for tutorial to 2024-07-24 00:00:00+00:00, run_after=2024-07-25 00:00:00+00:00
[2024-07-25T07:55:06.149+0000] {processor.py:183} INFO - Processing /root/.cache/pypoetry/virtualenvs/freeprise-matchmaker-BsnH11MF-py3.8/lib/python3.8/site-packages/airflow/example_dags/tutorial.py took 0.131 seconds
[2024-07-25T07:55:36.284+0000] {processor.py:161} INFO - Started process (PID=2876) to work on /root/.cache/pypoetry/virtualenvs/freeprise-matchmaker-BsnH11MF-py3.8/lib/python3.8/site-packages/airflow/example_dags/tutorial.py
[2024-07-25T07:55:36.286+0000] {processor.py:830} INFO - Processing file /root/.cache/pypoetry/virtualenvs/freeprise-matchmaker-BsnH11MF-py3.8/lib/python3.8/site-packages/airflow/example_dags/tutorial.py for tasks to queue
[2024-07-25T07:55:36.289+0000] {logging_mixin.py:188} INFO - [2024-07-25T07:55:36.288+0000] {dagbag.py:545} INFO - Filling up the DagBag from /root/.cache/pypoetry/virtualenvs/freeprise-matchmaker-BsnH11MF-py3.8/lib/python3.8/site-packages/airflow/example_dags/tutorial.py
[2024-07-25T07:55:36.299+0000] {processor.py:840} INFO - DAG(s) 'tutorial' retrieved from /root/.cache/pypoetry/virtualenvs/freeprise-matchmaker-BsnH11MF-py3.8/lib/python3.8/site-packages/airflow/example_dags/tutorial.py
[2024-07-25T07:55:36.340+0000] {logging_mixin.py:188} INFO - [2024-07-25T07:55:36.339+0000] {dag.py:3089} INFO - Sync 1 DAGs
[2024-07-25T07:55:36.374+0000] {logging_mixin.py:188} INFO - [2024-07-25T07:55:36.374+0000] {dag.py:3947} INFO - Setting next_dagrun for tutorial to 2024-07-24 00:00:00+00:00, run_after=2024-07-25 00:00:00+00:00
[2024-07-25T07:55:36.401+0000] {processor.py:183} INFO - Processing /root/.cache/pypoetry/virtualenvs/freeprise-matchmaker-BsnH11MF-py3.8/lib/python3.8/site-packages/airflow/example_dags/tutorial.py took 0.131 seconds
[2024-07-25T07:56:06.551+0000] {processor.py:161} INFO - Started process (PID=3142) to work on /root/.cache/pypoetry/virtualenvs/freeprise-matchmaker-BsnH11MF-py3.8/lib/python3.8/site-packages/airflow/example_dags/tutorial.py
[2024-07-25T07:56:06.553+0000] {processor.py:830} INFO - Processing file /root/.cache/pypoetry/virtualenvs/freeprise-matchmaker-BsnH11MF-py3.8/lib/python3.8/site-packages/airflow/example_dags/tutorial.py for tasks to queue
[2024-07-25T07:56:06.555+0000] {logging_mixin.py:188} INFO - [2024-07-25T07:56:06.555+0000] {dagbag.py:545} INFO - Filling up the DagBag from /root/.cache/pypoetry/virtualenvs/freeprise-matchmaker-BsnH11MF-py3.8/lib/python3.8/site-packages/airflow/example_dags/tutorial.py
[2024-07-25T07:56:06.565+0000] {processor.py:840} INFO - DAG(s) 'tutorial' retrieved from /root/.cache/pypoetry/virtualenvs/freeprise-matchmaker-BsnH11MF-py3.8/lib/python3.8/site-packages/airflow/example_dags/tutorial.py
[2024-07-25T07:56:06.604+0000] {logging_mixin.py:188} INFO - [2024-07-25T07:56:06.603+0000] {dag.py:3089} INFO - Sync 1 DAGs
[2024-07-25T07:56:06.638+0000] {logging_mixin.py:188} INFO - [2024-07-25T07:56:06.637+0000] {dag.py:3947} INFO - Setting next_dagrun for tutorial to 2024-07-24 00:00:00+00:00, run_after=2024-07-25 00:00:00+00:00
[2024-07-25T07:56:06.667+0000] {processor.py:183} INFO - Processing /root/.cache/pypoetry/virtualenvs/freeprise-matchmaker-BsnH11MF-py3.8/lib/python3.8/site-packages/airflow/example_dags/tutorial.py took 0.129 seconds
[2024-07-25T07:56:36.749+0000] {processor.py:161} INFO - Started process (PID=3408) to work on /root/.cache/pypoetry/virtualenvs/freeprise-matchmaker-BsnH11MF-py3.8/lib/python3.8/site-packages/airflow/example_dags/tutorial.py
[2024-07-25T07:56:36.750+0000] {processor.py:830} INFO - Processing file /root/.cache/pypoetry/virtualenvs/freeprise-matchmaker-BsnH11MF-py3.8/lib/python3.8/site-packages/airflow/example_dags/tutorial.py for tasks to queue
[2024-07-25T07:56:36.753+0000] {logging_mixin.py:188} INFO - [2024-07-25T07:56:36.753+0000] {dagbag.py:545} INFO - Filling up the DagBag from /root/.cache/pypoetry/virtualenvs/freeprise-matchmaker-BsnH11MF-py3.8/lib/python3.8/site-packages/airflow/example_dags/tutorial.py
[2024-07-25T07:56:36.763+0000] {processor.py:840} INFO - DAG(s) 'tutorial' retrieved from /root/.cache/pypoetry/virtualenvs/freeprise-matchmaker-BsnH11MF-py3.8/lib/python3.8/site-packages/airflow/example_dags/tutorial.py
[2024-07-25T07:56:36.804+0000] {logging_mixin.py:188} INFO - [2024-07-25T07:56:36.804+0000] {dag.py:3089} INFO - Sync 1 DAGs
[2024-07-25T07:56:36.839+0000] {logging_mixin.py:188} INFO - [2024-07-25T07:56:36.839+0000] {dag.py:3947} INFO - Setting next_dagrun for tutorial to 2024-07-24 00:00:00+00:00, run_after=2024-07-25 00:00:00+00:00
[2024-07-25T07:56:36.866+0000] {processor.py:183} INFO - Processing /root/.cache/pypoetry/virtualenvs/freeprise-matchmaker-BsnH11MF-py3.8/lib/python3.8/site-packages/airflow/example_dags/tutorial.py took 0.128 seconds
[2024-07-25T07:57:07.070+0000] {processor.py:161} INFO - Started process (PID=3674) to work on /root/.cache/pypoetry/virtualenvs/freeprise-matchmaker-BsnH11MF-py3.8/lib/python3.8/site-packages/airflow/example_dags/tutorial.py
[2024-07-25T07:57:07.072+0000] {processor.py:830} INFO - Processing file /root/.cache/pypoetry/virtualenvs/freeprise-matchmaker-BsnH11MF-py3.8/lib/python3.8/site-packages/airflow/example_dags/tutorial.py for tasks to queue
[2024-07-25T07:57:07.074+0000] {logging_mixin.py:188} INFO - [2024-07-25T07:57:07.074+0000] {dagbag.py:545} INFO - Filling up the DagBag from /root/.cache/pypoetry/virtualenvs/freeprise-matchmaker-BsnH11MF-py3.8/lib/python3.8/site-packages/airflow/example_dags/tutorial.py
[2024-07-25T07:57:07.084+0000] {processor.py:840} INFO - DAG(s) 'tutorial' retrieved from /root/.cache/pypoetry/virtualenvs/freeprise-matchmaker-BsnH11MF-py3.8/lib/python3.8/site-packages/airflow/example_dags/tutorial.py
[2024-07-25T07:57:07.124+0000] {logging_mixin.py:188} INFO - [2024-07-25T07:57:07.123+0000] {dag.py:3089} INFO - Sync 1 DAGs
[2024-07-25T07:57:07.160+0000] {logging_mixin.py:188} INFO - [2024-07-25T07:57:07.160+0000] {dag.py:3947} INFO - Setting next_dagrun for tutorial to 2024-07-24 00:00:00+00:00, run_after=2024-07-25 00:00:00+00:00
[2024-07-25T07:57:07.189+0000] {processor.py:183} INFO - Processing /root/.cache/pypoetry/virtualenvs/freeprise-matchmaker-BsnH11MF-py3.8/lib/python3.8/site-packages/airflow/example_dags/tutorial.py took 0.131 seconds
[2024-07-25T07:57:37.512+0000] {processor.py:161} INFO - Started process (PID=3940) to work on /root/.cache/pypoetry/virtualenvs/freeprise-matchmaker-BsnH11MF-py3.8/lib/python3.8/site-packages/airflow/example_dags/tutorial.py
[2024-07-25T07:57:37.514+0000] {processor.py:830} INFO - Processing file /root/.cache/pypoetry/virtualenvs/freeprise-matchmaker-BsnH11MF-py3.8/lib/python3.8/site-packages/airflow/example_dags/tutorial.py for tasks to queue
[2024-07-25T07:57:37.517+0000] {logging_mixin.py:188} INFO - [2024-07-25T07:57:37.516+0000] {dagbag.py:545} INFO - Filling up the DagBag from /root/.cache/pypoetry/virtualenvs/freeprise-matchmaker-BsnH11MF-py3.8/lib/python3.8/site-packages/airflow/example_dags/tutorial.py
[2024-07-25T07:57:37.527+0000] {processor.py:840} INFO - DAG(s) 'tutorial' retrieved from /root/.cache/pypoetry/virtualenvs/freeprise-matchmaker-BsnH11MF-py3.8/lib/python3.8/site-packages/airflow/example_dags/tutorial.py
[2024-07-25T07:57:37.566+0000] {logging_mixin.py:188} INFO - [2024-07-25T07:57:37.565+0000] {dag.py:3089} INFO - Sync 1 DAGs
[2024-07-25T07:57:37.598+0000] {logging_mixin.py:188} INFO - [2024-07-25T07:57:37.598+0000] {dag.py:3947} INFO - Setting next_dagrun for tutorial to 2024-07-24 00:00:00+00:00, run_after=2024-07-25 00:00:00+00:00
[2024-07-25T07:57:37.627+0000] {processor.py:183} INFO - Processing /root/.cache/pypoetry/virtualenvs/freeprise-matchmaker-BsnH11MF-py3.8/lib/python3.8/site-packages/airflow/example_dags/tutorial.py took 0.127 seconds
[2024-07-25T07:58:07.865+0000] {processor.py:161} INFO - Started process (PID=4206) to work on /root/.cache/pypoetry/virtualenvs/freeprise-matchmaker-BsnH11MF-py3.8/lib/python3.8/site-packages/airflow/example_dags/tutorial.py
[2024-07-25T07:58:07.866+0000] {processor.py:830} INFO - Processing file /root/.cache/pypoetry/virtualenvs/freeprise-matchmaker-BsnH11MF-py3.8/lib/python3.8/site-packages/airflow/example_dags/tutorial.py for tasks to queue
[2024-07-25T07:58:07.869+0000] {logging_mixin.py:188} INFO - [2024-07-25T07:58:07.868+0000] {dagbag.py:545} INFO - Filling up the DagBag from /root/.cache/pypoetry/virtualenvs/freeprise-matchmaker-BsnH11MF-py3.8/lib/python3.8/site-packages/airflow/example_dags/tutorial.py
[2024-07-25T07:58:07.878+0000] {processor.py:840} INFO - DAG(s) 'tutorial' retrieved from /root/.cache/pypoetry/virtualenvs/freeprise-matchmaker-BsnH11MF-py3.8/lib/python3.8/site-packages/airflow/example_dags/tutorial.py
[2024-07-25T07:58:07.917+0000] {logging_mixin.py:188} INFO - [2024-07-25T07:58:07.917+0000] {dag.py:3089} INFO - Sync 1 DAGs
[2024-07-25T07:58:07.951+0000] {logging_mixin.py:188} INFO - [2024-07-25T07:58:07.951+0000] {dag.py:3947} INFO - Setting next_dagrun for tutorial to 2024-07-24 00:00:00+00:00, run_after=2024-07-25 00:00:00+00:00
[2024-07-25T07:58:07.980+0000] {processor.py:183} INFO - Processing /root/.cache/pypoetry/virtualenvs/freeprise-matchmaker-BsnH11MF-py3.8/lib/python3.8/site-packages/airflow/example_dags/tutorial.py took 0.127 seconds
[2024-07-25T07:58:38.093+0000] {processor.py:161} INFO - Started process (PID=4472) to work on /root/.cache/pypoetry/virtualenvs/freeprise-matchmaker-BsnH11MF-py3.8/lib/python3.8/site-packages/airflow/example_dags/tutorial.py
[2024-07-25T07:58:38.095+0000] {processor.py:830} INFO - Processing file /root/.cache/pypoetry/virtualenvs/freeprise-matchmaker-BsnH11MF-py3.8/lib/python3.8/site-packages/airflow/example_dags/tutorial.py for tasks to queue
[2024-07-25T07:58:38.097+0000] {logging_mixin.py:188} INFO - [2024-07-25T07:58:38.097+0000] {dagbag.py:545} INFO - Filling up the DagBag from /root/.cache/pypoetry/virtualenvs/freeprise-matchmaker-BsnH11MF-py3.8/lib/python3.8/site-packages/airflow/example_dags/tutorial.py
[2024-07-25T07:58:38.107+0000] {processor.py:840} INFO - DAG(s) 'tutorial' retrieved from /root/.cache/pypoetry/virtualenvs/freeprise-matchmaker-BsnH11MF-py3.8/lib/python3.8/site-packages/airflow/example_dags/tutorial.py
[2024-07-25T07:58:38.147+0000] {logging_mixin.py:188} INFO - [2024-07-25T07:58:38.146+0000] {dag.py:3089} INFO - Sync 1 DAGs
[2024-07-25T07:58:38.181+0000] {logging_mixin.py:188} INFO - [2024-07-25T07:58:38.181+0000] {dag.py:3947} INFO - Setting next_dagrun for tutorial to 2024-07-24 00:00:00+00:00, run_after=2024-07-25 00:00:00+00:00
[2024-07-25T07:58:38.211+0000] {processor.py:183} INFO - Processing /root/.cache/pypoetry/virtualenvs/freeprise-matchmaker-BsnH11MF-py3.8/lib/python3.8/site-packages/airflow/example_dags/tutorial.py took 0.131 seconds
[2024-07-25T07:59:08.312+0000] {processor.py:161} INFO - Started process (PID=4736) to work on /root/.cache/pypoetry/virtualenvs/freeprise-matchmaker-BsnH11MF-py3.8/lib/python3.8/site-packages/airflow/example_dags/tutorial.py
[2024-07-25T07:59:08.314+0000] {processor.py:830} INFO - Processing file /root/.cache/pypoetry/virtualenvs/freeprise-matchmaker-BsnH11MF-py3.8/lib/python3.8/site-packages/airflow/example_dags/tutorial.py for tasks to queue
[2024-07-25T07:59:08.318+0000] {logging_mixin.py:188} INFO - [2024-07-25T07:59:08.317+0000] {dagbag.py:545} INFO - Filling up the DagBag from /root/.cache/pypoetry/virtualenvs/freeprise-matchmaker-BsnH11MF-py3.8/lib/python3.8/site-packages/airflow/example_dags/tutorial.py
[2024-07-25T07:59:08.330+0000] {processor.py:840} INFO - DAG(s) 'tutorial' retrieved from /root/.cache/pypoetry/virtualenvs/freeprise-matchmaker-BsnH11MF-py3.8/lib/python3.8/site-packages/airflow/example_dags/tutorial.py
[2024-07-25T07:59:08.379+0000] {logging_mixin.py:188} INFO - [2024-07-25T07:59:08.378+0000] {dag.py:3089} INFO - Sync 1 DAGs
[2024-07-25T07:59:08.422+0000] {logging_mixin.py:188} INFO - [2024-07-25T07:59:08.422+0000] {dag.py:3947} INFO - Setting next_dagrun for tutorial to 2024-07-24 00:00:00+00:00, run_after=2024-07-25 00:00:00+00:00
[2024-07-25T07:59:08.456+0000] {processor.py:183} INFO - Processing /root/.cache/pypoetry/virtualenvs/freeprise-matchmaker-BsnH11MF-py3.8/lib/python3.8/site-packages/airflow/example_dags/tutorial.py took 0.158 seconds
[2024-07-25T07:59:38.747+0000] {processor.py:161} INFO - Started process (PID=5002) to work on /root/.cache/pypoetry/virtualenvs/freeprise-matchmaker-BsnH11MF-py3.8/lib/python3.8/site-packages/airflow/example_dags/tutorial.py
[2024-07-25T07:59:38.748+0000] {processor.py:830} INFO - Processing file /root/.cache/pypoetry/virtualenvs/freeprise-matchmaker-BsnH11MF-py3.8/lib/python3.8/site-packages/airflow/example_dags/tutorial.py for tasks to queue
[2024-07-25T07:59:38.752+0000] {logging_mixin.py:188} INFO - [2024-07-25T07:59:38.751+0000] {dagbag.py:545} INFO - Filling up the DagBag from /root/.cache/pypoetry/virtualenvs/freeprise-matchmaker-BsnH11MF-py3.8/lib/python3.8/site-packages/airflow/example_dags/tutorial.py
[2024-07-25T07:59:38.764+0000] {processor.py:840} INFO - DAG(s) 'tutorial' retrieved from /root/.cache/pypoetry/virtualenvs/freeprise-matchmaker-BsnH11MF-py3.8/lib/python3.8/site-packages/airflow/example_dags/tutorial.py
[2024-07-25T07:59:38.820+0000] {logging_mixin.py:188} INFO - [2024-07-25T07:59:38.820+0000] {dag.py:3089} INFO - Sync 1 DAGs
[2024-07-25T07:59:38.865+0000] {logging_mixin.py:188} INFO - [2024-07-25T07:59:38.865+0000] {dag.py:3947} INFO - Setting next_dagrun for tutorial to 2024-07-24 00:00:00+00:00, run_after=2024-07-25 00:00:00+00:00
[2024-07-25T07:59:38.908+0000] {processor.py:183} INFO - Processing /root/.cache/pypoetry/virtualenvs/freeprise-matchmaker-BsnH11MF-py3.8/lib/python3.8/site-packages/airflow/example_dags/tutorial.py took 0.182 seconds
[2024-07-25T08:00:09.429+0000] {processor.py:161} INFO - Started process (PID=5268) to work on /root/.cache/pypoetry/virtualenvs/freeprise-matchmaker-BsnH11MF-py3.8/lib/python3.8/site-packages/airflow/example_dags/tutorial.py
[2024-07-25T08:00:09.431+0000] {processor.py:830} INFO - Processing file /root/.cache/pypoetry/virtualenvs/freeprise-matchmaker-BsnH11MF-py3.8/lib/python3.8/site-packages/airflow/example_dags/tutorial.py for tasks to queue
[2024-07-25T08:00:09.434+0000] {logging_mixin.py:188} INFO - [2024-07-25T08:00:09.434+0000] {dagbag.py:545} INFO - Filling up the DagBag from /root/.cache/pypoetry/virtualenvs/freeprise-matchmaker-BsnH11MF-py3.8/lib/python3.8/site-packages/airflow/example_dags/tutorial.py
[2024-07-25T08:00:09.445+0000] {processor.py:840} INFO - DAG(s) 'tutorial' retrieved from /root/.cache/pypoetry/virtualenvs/freeprise-matchmaker-BsnH11MF-py3.8/lib/python3.8/site-packages/airflow/example_dags/tutorial.py
[2024-07-25T08:00:09.489+0000] {logging_mixin.py:188} INFO - [2024-07-25T08:00:09.488+0000] {dag.py:3089} INFO - Sync 1 DAGs
[2024-07-25T08:00:09.529+0000] {logging_mixin.py:188} INFO - [2024-07-25T08:00:09.529+0000] {dag.py:3947} INFO - Setting next_dagrun for tutorial to 2024-07-24 00:00:00+00:00, run_after=2024-07-25 00:00:00+00:00
[2024-07-25T08:00:09.666+0000] {processor.py:183} INFO - Processing /root/.cache/pypoetry/virtualenvs/freeprise-matchmaker-BsnH11MF-py3.8/lib/python3.8/site-packages/airflow/example_dags/tutorial.py took 0.249 seconds
[2024-07-25T08:00:40.511+0000] {processor.py:161} INFO - Started process (PID=5534) to work on /root/.cache/pypoetry/virtualenvs/freeprise-matchmaker-BsnH11MF-py3.8/lib/python3.8/site-packages/airflow/example_dags/tutorial.py
[2024-07-25T08:00:40.523+0000] {processor.py:830} INFO - Processing file /root/.cache/pypoetry/virtualenvs/freeprise-matchmaker-BsnH11MF-py3.8/lib/python3.8/site-packages/airflow/example_dags/tutorial.py for tasks to queue
[2024-07-25T08:00:40.530+0000] {logging_mixin.py:188} INFO - [2024-07-25T08:00:40.529+0000] {dagbag.py:545} INFO - Filling up the DagBag from /root/.cache/pypoetry/virtualenvs/freeprise-matchmaker-BsnH11MF-py3.8/lib/python3.8/site-packages/airflow/example_dags/tutorial.py
[2024-07-25T08:00:40.566+0000] {processor.py:840} INFO - DAG(s) 'tutorial' retrieved from /root/.cache/pypoetry/virtualenvs/freeprise-matchmaker-BsnH11MF-py3.8/lib/python3.8/site-packages/airflow/example_dags/tutorial.py
[2024-07-25T08:00:40.749+0000] {logging_mixin.py:188} INFO - [2024-07-25T08:00:40.748+0000] {dag.py:3089} INFO - Sync 1 DAGs
[2024-07-25T08:00:40.855+0000] {logging_mixin.py:188} INFO - [2024-07-25T08:00:40.854+0000] {dag.py:3947} INFO - Setting next_dagrun for tutorial to 2024-07-24 00:00:00+00:00, run_after=2024-07-25 00:00:00+00:00
[2024-07-25T08:00:40.941+0000] {processor.py:183} INFO - Processing /root/.cache/pypoetry/virtualenvs/freeprise-matchmaker-BsnH11MF-py3.8/lib/python3.8/site-packages/airflow/example_dags/tutorial.py took 0.472 seconds
[2024-07-25T08:01:11.976+0000] {processor.py:161} INFO - Started process (PID=5802) to work on /root/.cache/pypoetry/virtualenvs/freeprise-matchmaker-BsnH11MF-py3.8/lib/python3.8/site-packages/airflow/example_dags/tutorial.py
[2024-07-25T08:01:11.978+0000] {processor.py:830} INFO - Processing file /root/.cache/pypoetry/virtualenvs/freeprise-matchmaker-BsnH11MF-py3.8/lib/python3.8/site-packages/airflow/example_dags/tutorial.py for tasks to queue
[2024-07-25T08:01:11.981+0000] {logging_mixin.py:188} INFO - [2024-07-25T08:01:11.981+0000] {dagbag.py:545} INFO - Filling up the DagBag from /root/.cache/pypoetry/virtualenvs/freeprise-matchmaker-BsnH11MF-py3.8/lib/python3.8/site-packages/airflow/example_dags/tutorial.py
[2024-07-25T08:01:11.991+0000] {processor.py:840} INFO - DAG(s) 'tutorial' retrieved from /root/.cache/pypoetry/virtualenvs/freeprise-matchmaker-BsnH11MF-py3.8/lib/python3.8/site-packages/airflow/example_dags/tutorial.py
[2024-07-25T08:01:12.041+0000] {logging_mixin.py:188} INFO - [2024-07-25T08:01:12.041+0000] {dag.py:3089} INFO - Sync 1 DAGs
[2024-07-25T08:01:12.096+0000] {logging_mixin.py:188} INFO - [2024-07-25T08:01:12.095+0000] {dag.py:3947} INFO - Setting next_dagrun for tutorial to 2024-07-24 00:00:00+00:00, run_after=2024-07-25 00:00:00+00:00
[2024-07-25T08:01:12.128+0000] {processor.py:183} INFO - Processing /root/.cache/pypoetry/virtualenvs/freeprise-matchmaker-BsnH11MF-py3.8/lib/python3.8/site-packages/airflow/example_dags/tutorial.py took 0.169 seconds
