[2024-07-25T07:50:28.909+0000] {processor.py:161} INFO - Started process (PID=217) to work on /root/.cache/pypoetry/virtualenvs/freeprise-matchmaker-BsnH11MF-py3.8/lib/python3.8/site-packages/airflow/example_dags/tutorial_dag.py
[2024-07-25T07:50:28.911+0000] {processor.py:830} INFO - Processing file /root/.cache/pypoetry/virtualenvs/freeprise-matchmaker-BsnH11MF-py3.8/lib/python3.8/site-packages/airflow/example_dags/tutorial_dag.py for tasks to queue
[2024-07-25T07:50:28.913+0000] {logging_mixin.py:188} INFO - [2024-07-25T07:50:28.913+0000] {dagbag.py:545} INFO - Filling up the DagBag from /root/.cache/pypoetry/virtualenvs/freeprise-matchmaker-BsnH11MF-py3.8/lib/python3.8/site-packages/airflow/example_dags/tutorial_dag.py
[2024-07-25T07:50:28.926+0000] {processor.py:840} INFO - DAG(s) 'tutorial_dag' retrieved from /root/.cache/pypoetry/virtualenvs/freeprise-matchmaker-BsnH11MF-py3.8/lib/python3.8/site-packages/airflow/example_dags/tutorial_dag.py
[2024-07-25T07:50:28.961+0000] {logging_mixin.py:188} INFO - [2024-07-25T07:50:28.960+0000] {dag.py:3089} INFO - Sync 1 DAGs
[2024-07-25T07:50:28.997+0000] {logging_mixin.py:188} INFO - [2024-07-25T07:50:28.996+0000] {dag.py:3947} INFO - Setting next_dagrun for tutorial_dag to None, run_after=None
[2024-07-25T07:50:29.036+0000] {processor.py:183} INFO - Processing /root/.cache/pypoetry/virtualenvs/freeprise-matchmaker-BsnH11MF-py3.8/lib/python3.8/site-packages/airflow/example_dags/tutorial_dag.py took 0.138 seconds
[2024-07-25T07:51:00.302+0000] {processor.py:161} INFO - Started process (PID=483) to work on /root/.cache/pypoetry/virtualenvs/freeprise-matchmaker-BsnH11MF-py3.8/lib/python3.8/site-packages/airflow/example_dags/tutorial_dag.py
[2024-07-25T07:51:00.304+0000] {processor.py:830} INFO - Processing file /root/.cache/pypoetry/virtualenvs/freeprise-matchmaker-BsnH11MF-py3.8/lib/python3.8/site-packages/airflow/example_dags/tutorial_dag.py for tasks to queue
[2024-07-25T07:51:00.307+0000] {logging_mixin.py:188} INFO - [2024-07-25T07:51:00.306+0000] {dagbag.py:545} INFO - Filling up the DagBag from /root/.cache/pypoetry/virtualenvs/freeprise-matchmaker-BsnH11MF-py3.8/lib/python3.8/site-packages/airflow/example_dags/tutorial_dag.py
[2024-07-25T07:51:00.317+0000] {processor.py:840} INFO - DAG(s) 'tutorial_dag' retrieved from /root/.cache/pypoetry/virtualenvs/freeprise-matchmaker-BsnH11MF-py3.8/lib/python3.8/site-packages/airflow/example_dags/tutorial_dag.py
[2024-07-25T07:51:00.641+0000] {logging_mixin.py:188} INFO - [2024-07-25T07:51:00.641+0000] {dag.py:3089} INFO - Sync 1 DAGs
[2024-07-25T07:51:00.661+0000] {logging_mixin.py:188} INFO - [2024-07-25T07:51:00.660+0000] {dag.py:3947} INFO - Setting next_dagrun for tutorial_dag to None, run_after=None
[2024-07-25T07:51:00.693+0000] {processor.py:183} INFO - Processing /root/.cache/pypoetry/virtualenvs/freeprise-matchmaker-BsnH11MF-py3.8/lib/python3.8/site-packages/airflow/example_dags/tutorial_dag.py took 0.403 seconds
[2024-07-25T07:51:31.612+0000] {processor.py:161} INFO - Started process (PID=749) to work on /root/.cache/pypoetry/virtualenvs/freeprise-matchmaker-BsnH11MF-py3.8/lib/python3.8/site-packages/airflow/example_dags/tutorial_dag.py
[2024-07-25T07:51:31.615+0000] {processor.py:830} INFO - Processing file /root/.cache/pypoetry/virtualenvs/freeprise-matchmaker-BsnH11MF-py3.8/lib/python3.8/site-packages/airflow/example_dags/tutorial_dag.py for tasks to queue
[2024-07-25T07:51:31.618+0000] {logging_mixin.py:188} INFO - [2024-07-25T07:51:31.617+0000] {dagbag.py:545} INFO - Filling up the DagBag from /root/.cache/pypoetry/virtualenvs/freeprise-matchmaker-BsnH11MF-py3.8/lib/python3.8/site-packages/airflow/example_dags/tutorial_dag.py
[2024-07-25T07:51:31.629+0000] {processor.py:840} INFO - DAG(s) 'tutorial_dag' retrieved from /root/.cache/pypoetry/virtualenvs/freeprise-matchmaker-BsnH11MF-py3.8/lib/python3.8/site-packages/airflow/example_dags/tutorial_dag.py
[2024-07-25T07:51:31.838+0000] {logging_mixin.py:188} INFO - [2024-07-25T07:51:31.837+0000] {dag.py:3089} INFO - Sync 1 DAGs
[2024-07-25T07:51:31.854+0000] {logging_mixin.py:188} INFO - [2024-07-25T07:51:31.854+0000] {dag.py:3947} INFO - Setting next_dagrun for tutorial_dag to None, run_after=None
[2024-07-25T07:51:31.879+0000] {processor.py:183} INFO - Processing /root/.cache/pypoetry/virtualenvs/freeprise-matchmaker-BsnH11MF-py3.8/lib/python3.8/site-packages/airflow/example_dags/tutorial_dag.py took 0.282 seconds
[2024-07-25T07:52:02.509+0000] {processor.py:161} INFO - Started process (PID=1015) to work on /root/.cache/pypoetry/virtualenvs/freeprise-matchmaker-BsnH11MF-py3.8/lib/python3.8/site-packages/airflow/example_dags/tutorial_dag.py
[2024-07-25T07:52:02.510+0000] {processor.py:830} INFO - Processing file /root/.cache/pypoetry/virtualenvs/freeprise-matchmaker-BsnH11MF-py3.8/lib/python3.8/site-packages/airflow/example_dags/tutorial_dag.py for tasks to queue
[2024-07-25T07:52:02.513+0000] {logging_mixin.py:188} INFO - [2024-07-25T07:52:02.512+0000] {dagbag.py:545} INFO - Filling up the DagBag from /root/.cache/pypoetry/virtualenvs/freeprise-matchmaker-BsnH11MF-py3.8/lib/python3.8/site-packages/airflow/example_dags/tutorial_dag.py
[2024-07-25T07:52:02.522+0000] {processor.py:840} INFO - DAG(s) 'tutorial_dag' retrieved from /root/.cache/pypoetry/virtualenvs/freeprise-matchmaker-BsnH11MF-py3.8/lib/python3.8/site-packages/airflow/example_dags/tutorial_dag.py
[2024-07-25T07:52:02.567+0000] {logging_mixin.py:188} INFO - [2024-07-25T07:52:02.567+0000] {dag.py:3089} INFO - Sync 1 DAGs
[2024-07-25T07:52:02.595+0000] {logging_mixin.py:188} INFO - [2024-07-25T07:52:02.594+0000] {dag.py:3947} INFO - Setting next_dagrun for tutorial_dag to None, run_after=None
[2024-07-25T07:52:02.629+0000] {processor.py:183} INFO - Processing /root/.cache/pypoetry/virtualenvs/freeprise-matchmaker-BsnH11MF-py3.8/lib/python3.8/site-packages/airflow/example_dags/tutorial_dag.py took 0.132 seconds
[2024-07-25T07:52:33.538+0000] {processor.py:161} INFO - Started process (PID=1281) to work on /root/.cache/pypoetry/virtualenvs/freeprise-matchmaker-BsnH11MF-py3.8/lib/python3.8/site-packages/airflow/example_dags/tutorial_dag.py
[2024-07-25T07:52:33.540+0000] {processor.py:830} INFO - Processing file /root/.cache/pypoetry/virtualenvs/freeprise-matchmaker-BsnH11MF-py3.8/lib/python3.8/site-packages/airflow/example_dags/tutorial_dag.py for tasks to queue
[2024-07-25T07:52:33.542+0000] {logging_mixin.py:188} INFO - [2024-07-25T07:52:33.542+0000] {dagbag.py:545} INFO - Filling up the DagBag from /root/.cache/pypoetry/virtualenvs/freeprise-matchmaker-BsnH11MF-py3.8/lib/python3.8/site-packages/airflow/example_dags/tutorial_dag.py
[2024-07-25T07:52:33.551+0000] {processor.py:840} INFO - DAG(s) 'tutorial_dag' retrieved from /root/.cache/pypoetry/virtualenvs/freeprise-matchmaker-BsnH11MF-py3.8/lib/python3.8/site-packages/airflow/example_dags/tutorial_dag.py
[2024-07-25T07:52:33.595+0000] {logging_mixin.py:188} INFO - [2024-07-25T07:52:33.594+0000] {dag.py:3089} INFO - Sync 1 DAGs
[2024-07-25T07:52:33.616+0000] {logging_mixin.py:188} INFO - [2024-07-25T07:52:33.616+0000] {dag.py:3947} INFO - Setting next_dagrun for tutorial_dag to None, run_after=None
[2024-07-25T07:52:33.650+0000] {processor.py:183} INFO - Processing /root/.cache/pypoetry/virtualenvs/freeprise-matchmaker-BsnH11MF-py3.8/lib/python3.8/site-packages/airflow/example_dags/tutorial_dag.py took 0.126 seconds
[2024-07-25T07:53:04.252+0000] {processor.py:161} INFO - Started process (PID=1547) to work on /root/.cache/pypoetry/virtualenvs/freeprise-matchmaker-BsnH11MF-py3.8/lib/python3.8/site-packages/airflow/example_dags/tutorial_dag.py
[2024-07-25T07:53:04.254+0000] {processor.py:830} INFO - Processing file /root/.cache/pypoetry/virtualenvs/freeprise-matchmaker-BsnH11MF-py3.8/lib/python3.8/site-packages/airflow/example_dags/tutorial_dag.py for tasks to queue
[2024-07-25T07:53:04.258+0000] {logging_mixin.py:188} INFO - [2024-07-25T07:53:04.257+0000] {dagbag.py:545} INFO - Filling up the DagBag from /root/.cache/pypoetry/virtualenvs/freeprise-matchmaker-BsnH11MF-py3.8/lib/python3.8/site-packages/airflow/example_dags/tutorial_dag.py
[2024-07-25T07:53:04.269+0000] {processor.py:840} INFO - DAG(s) 'tutorial_dag' retrieved from /root/.cache/pypoetry/virtualenvs/freeprise-matchmaker-BsnH11MF-py3.8/lib/python3.8/site-packages/airflow/example_dags/tutorial_dag.py
[2024-07-25T07:53:04.310+0000] {logging_mixin.py:188} INFO - [2024-07-25T07:53:04.310+0000] {dag.py:3089} INFO - Sync 1 DAGs
[2024-07-25T07:53:04.330+0000] {logging_mixin.py:188} INFO - [2024-07-25T07:53:04.330+0000] {dag.py:3947} INFO - Setting next_dagrun for tutorial_dag to None, run_after=None
[2024-07-25T07:53:04.358+0000] {processor.py:183} INFO - Processing /root/.cache/pypoetry/virtualenvs/freeprise-matchmaker-BsnH11MF-py3.8/lib/python3.8/site-packages/airflow/example_dags/tutorial_dag.py took 0.122 seconds
[2024-07-25T07:53:35.031+0000] {processor.py:161} INFO - Started process (PID=1813) to work on /root/.cache/pypoetry/virtualenvs/freeprise-matchmaker-BsnH11MF-py3.8/lib/python3.8/site-packages/airflow/example_dags/tutorial_dag.py
[2024-07-25T07:53:35.034+0000] {processor.py:830} INFO - Processing file /root/.cache/pypoetry/virtualenvs/freeprise-matchmaker-BsnH11MF-py3.8/lib/python3.8/site-packages/airflow/example_dags/tutorial_dag.py for tasks to queue
[2024-07-25T07:53:35.037+0000] {logging_mixin.py:188} INFO - [2024-07-25T07:53:35.037+0000] {dagbag.py:545} INFO - Filling up the DagBag from /root/.cache/pypoetry/virtualenvs/freeprise-matchmaker-BsnH11MF-py3.8/lib/python3.8/site-packages/airflow/example_dags/tutorial_dag.py
[2024-07-25T07:53:35.047+0000] {processor.py:840} INFO - DAG(s) 'tutorial_dag' retrieved from /root/.cache/pypoetry/virtualenvs/freeprise-matchmaker-BsnH11MF-py3.8/lib/python3.8/site-packages/airflow/example_dags/tutorial_dag.py
[2024-07-25T07:53:35.089+0000] {logging_mixin.py:188} INFO - [2024-07-25T07:53:35.089+0000] {dag.py:3089} INFO - Sync 1 DAGs
[2024-07-25T07:53:35.110+0000] {logging_mixin.py:188} INFO - [2024-07-25T07:53:35.110+0000] {dag.py:3947} INFO - Setting next_dagrun for tutorial_dag to None, run_after=None
[2024-07-25T07:53:35.140+0000] {processor.py:183} INFO - Processing /root/.cache/pypoetry/virtualenvs/freeprise-matchmaker-BsnH11MF-py3.8/lib/python3.8/site-packages/airflow/example_dags/tutorial_dag.py took 0.121 seconds
[2024-07-25T07:54:05.342+0000] {processor.py:161} INFO - Started process (PID=2076) to work on /root/.cache/pypoetry/virtualenvs/freeprise-matchmaker-BsnH11MF-py3.8/lib/python3.8/site-packages/airflow/example_dags/tutorial_dag.py
[2024-07-25T07:54:05.346+0000] {processor.py:830} INFO - Processing file /root/.cache/pypoetry/virtualenvs/freeprise-matchmaker-BsnH11MF-py3.8/lib/python3.8/site-packages/airflow/example_dags/tutorial_dag.py for tasks to queue
[2024-07-25T07:54:05.350+0000] {logging_mixin.py:188} INFO - [2024-07-25T07:54:05.349+0000] {dagbag.py:545} INFO - Filling up the DagBag from /root/.cache/pypoetry/virtualenvs/freeprise-matchmaker-BsnH11MF-py3.8/lib/python3.8/site-packages/airflow/example_dags/tutorial_dag.py
[2024-07-25T07:54:05.367+0000] {processor.py:840} INFO - DAG(s) 'tutorial_dag' retrieved from /root/.cache/pypoetry/virtualenvs/freeprise-matchmaker-BsnH11MF-py3.8/lib/python3.8/site-packages/airflow/example_dags/tutorial_dag.py
[2024-07-25T07:54:05.431+0000] {logging_mixin.py:188} INFO - [2024-07-25T07:54:05.430+0000] {dag.py:3089} INFO - Sync 1 DAGs
[2024-07-25T07:54:05.458+0000] {logging_mixin.py:188} INFO - [2024-07-25T07:54:05.458+0000] {dag.py:3947} INFO - Setting next_dagrun for tutorial_dag to None, run_after=None
[2024-07-25T07:54:05.488+0000] {processor.py:183} INFO - Processing /root/.cache/pypoetry/virtualenvs/freeprise-matchmaker-BsnH11MF-py3.8/lib/python3.8/site-packages/airflow/example_dags/tutorial_dag.py took 0.167 seconds
[2024-07-25T07:54:35.641+0000] {processor.py:161} INFO - Started process (PID=2337) to work on /root/.cache/pypoetry/virtualenvs/freeprise-matchmaker-BsnH11MF-py3.8/lib/python3.8/site-packages/airflow/example_dags/tutorial_dag.py
[2024-07-25T07:54:35.642+0000] {processor.py:830} INFO - Processing file /root/.cache/pypoetry/virtualenvs/freeprise-matchmaker-BsnH11MF-py3.8/lib/python3.8/site-packages/airflow/example_dags/tutorial_dag.py for tasks to queue
[2024-07-25T07:54:35.645+0000] {logging_mixin.py:188} INFO - [2024-07-25T07:54:35.644+0000] {dagbag.py:545} INFO - Filling up the DagBag from /root/.cache/pypoetry/virtualenvs/freeprise-matchmaker-BsnH11MF-py3.8/lib/python3.8/site-packages/airflow/example_dags/tutorial_dag.py
[2024-07-25T07:54:35.653+0000] {processor.py:840} INFO - DAG(s) 'tutorial_dag' retrieved from /root/.cache/pypoetry/virtualenvs/freeprise-matchmaker-BsnH11MF-py3.8/lib/python3.8/site-packages/airflow/example_dags/tutorial_dag.py
[2024-07-25T07:54:35.690+0000] {logging_mixin.py:188} INFO - [2024-07-25T07:54:35.690+0000] {dag.py:3089} INFO - Sync 1 DAGs
[2024-07-25T07:54:35.710+0000] {logging_mixin.py:188} INFO - [2024-07-25T07:54:35.710+0000] {dag.py:3947} INFO - Setting next_dagrun for tutorial_dag to None, run_after=None
[2024-07-25T07:54:35.738+0000] {processor.py:183} INFO - Processing /root/.cache/pypoetry/virtualenvs/freeprise-matchmaker-BsnH11MF-py3.8/lib/python3.8/site-packages/airflow/example_dags/tutorial_dag.py took 0.113 seconds
[2024-07-25T07:55:05.887+0000] {processor.py:161} INFO - Started process (PID=2603) to work on /root/.cache/pypoetry/virtualenvs/freeprise-matchmaker-BsnH11MF-py3.8/lib/python3.8/site-packages/airflow/example_dags/tutorial_dag.py
[2024-07-25T07:55:05.889+0000] {processor.py:830} INFO - Processing file /root/.cache/pypoetry/virtualenvs/freeprise-matchmaker-BsnH11MF-py3.8/lib/python3.8/site-packages/airflow/example_dags/tutorial_dag.py for tasks to queue
[2024-07-25T07:55:05.892+0000] {logging_mixin.py:188} INFO - [2024-07-25T07:55:05.891+0000] {dagbag.py:545} INFO - Filling up the DagBag from /root/.cache/pypoetry/virtualenvs/freeprise-matchmaker-BsnH11MF-py3.8/lib/python3.8/site-packages/airflow/example_dags/tutorial_dag.py
[2024-07-25T07:55:05.901+0000] {processor.py:840} INFO - DAG(s) 'tutorial_dag' retrieved from /root/.cache/pypoetry/virtualenvs/freeprise-matchmaker-BsnH11MF-py3.8/lib/python3.8/site-packages/airflow/example_dags/tutorial_dag.py
[2024-07-25T07:55:05.939+0000] {logging_mixin.py:188} INFO - [2024-07-25T07:55:05.939+0000] {dag.py:3089} INFO - Sync 1 DAGs
[2024-07-25T07:55:05.960+0000] {logging_mixin.py:188} INFO - [2024-07-25T07:55:05.960+0000] {dag.py:3947} INFO - Setting next_dagrun for tutorial_dag to None, run_after=None
[2024-07-25T07:55:05.989+0000] {processor.py:183} INFO - Processing /root/.cache/pypoetry/virtualenvs/freeprise-matchmaker-BsnH11MF-py3.8/lib/python3.8/site-packages/airflow/example_dags/tutorial_dag.py took 0.113 seconds
[2024-07-25T07:55:36.142+0000] {processor.py:161} INFO - Started process (PID=2869) to work on /root/.cache/pypoetry/virtualenvs/freeprise-matchmaker-BsnH11MF-py3.8/lib/python3.8/site-packages/airflow/example_dags/tutorial_dag.py
[2024-07-25T07:55:36.144+0000] {processor.py:830} INFO - Processing file /root/.cache/pypoetry/virtualenvs/freeprise-matchmaker-BsnH11MF-py3.8/lib/python3.8/site-packages/airflow/example_dags/tutorial_dag.py for tasks to queue
[2024-07-25T07:55:36.146+0000] {logging_mixin.py:188} INFO - [2024-07-25T07:55:36.146+0000] {dagbag.py:545} INFO - Filling up the DagBag from /root/.cache/pypoetry/virtualenvs/freeprise-matchmaker-BsnH11MF-py3.8/lib/python3.8/site-packages/airflow/example_dags/tutorial_dag.py
[2024-07-25T07:55:36.155+0000] {processor.py:840} INFO - DAG(s) 'tutorial_dag' retrieved from /root/.cache/pypoetry/virtualenvs/freeprise-matchmaker-BsnH11MF-py3.8/lib/python3.8/site-packages/airflow/example_dags/tutorial_dag.py
[2024-07-25T07:55:36.195+0000] {logging_mixin.py:188} INFO - [2024-07-25T07:55:36.194+0000] {dag.py:3089} INFO - Sync 1 DAGs
[2024-07-25T07:55:36.214+0000] {logging_mixin.py:188} INFO - [2024-07-25T07:55:36.214+0000] {dag.py:3947} INFO - Setting next_dagrun for tutorial_dag to None, run_after=None
[2024-07-25T07:55:36.242+0000] {processor.py:183} INFO - Processing /root/.cache/pypoetry/virtualenvs/freeprise-matchmaker-BsnH11MF-py3.8/lib/python3.8/site-packages/airflow/example_dags/tutorial_dag.py took 0.112 seconds
[2024-07-25T07:56:06.410+0000] {processor.py:161} INFO - Started process (PID=3135) to work on /root/.cache/pypoetry/virtualenvs/freeprise-matchmaker-BsnH11MF-py3.8/lib/python3.8/site-packages/airflow/example_dags/tutorial_dag.py
[2024-07-25T07:56:06.412+0000] {processor.py:830} INFO - Processing file /root/.cache/pypoetry/virtualenvs/freeprise-matchmaker-BsnH11MF-py3.8/lib/python3.8/site-packages/airflow/example_dags/tutorial_dag.py for tasks to queue
[2024-07-25T07:56:06.415+0000] {logging_mixin.py:188} INFO - [2024-07-25T07:56:06.414+0000] {dagbag.py:545} INFO - Filling up the DagBag from /root/.cache/pypoetry/virtualenvs/freeprise-matchmaker-BsnH11MF-py3.8/lib/python3.8/site-packages/airflow/example_dags/tutorial_dag.py
[2024-07-25T07:56:06.424+0000] {processor.py:840} INFO - DAG(s) 'tutorial_dag' retrieved from /root/.cache/pypoetry/virtualenvs/freeprise-matchmaker-BsnH11MF-py3.8/lib/python3.8/site-packages/airflow/example_dags/tutorial_dag.py
[2024-07-25T07:56:06.462+0000] {logging_mixin.py:188} INFO - [2024-07-25T07:56:06.461+0000] {dag.py:3089} INFO - Sync 1 DAGs
[2024-07-25T07:56:06.482+0000] {logging_mixin.py:188} INFO - [2024-07-25T07:56:06.481+0000] {dag.py:3947} INFO - Setting next_dagrun for tutorial_dag to None, run_after=None
[2024-07-25T07:56:06.510+0000] {processor.py:183} INFO - Processing /root/.cache/pypoetry/virtualenvs/freeprise-matchmaker-BsnH11MF-py3.8/lib/python3.8/site-packages/airflow/example_dags/tutorial_dag.py took 0.116 seconds
[2024-07-25T07:56:36.610+0000] {processor.py:161} INFO - Started process (PID=3403) to work on /root/.cache/pypoetry/virtualenvs/freeprise-matchmaker-BsnH11MF-py3.8/lib/python3.8/site-packages/airflow/example_dags/tutorial_dag.py
[2024-07-25T07:56:36.612+0000] {processor.py:830} INFO - Processing file /root/.cache/pypoetry/virtualenvs/freeprise-matchmaker-BsnH11MF-py3.8/lib/python3.8/site-packages/airflow/example_dags/tutorial_dag.py for tasks to queue
[2024-07-25T07:56:36.614+0000] {logging_mixin.py:188} INFO - [2024-07-25T07:56:36.614+0000] {dagbag.py:545} INFO - Filling up the DagBag from /root/.cache/pypoetry/virtualenvs/freeprise-matchmaker-BsnH11MF-py3.8/lib/python3.8/site-packages/airflow/example_dags/tutorial_dag.py
[2024-07-25T07:56:36.623+0000] {processor.py:840} INFO - DAG(s) 'tutorial_dag' retrieved from /root/.cache/pypoetry/virtualenvs/freeprise-matchmaker-BsnH11MF-py3.8/lib/python3.8/site-packages/airflow/example_dags/tutorial_dag.py
[2024-07-25T07:56:36.661+0000] {logging_mixin.py:188} INFO - [2024-07-25T07:56:36.660+0000] {dag.py:3089} INFO - Sync 1 DAGs
[2024-07-25T07:56:36.681+0000] {logging_mixin.py:188} INFO - [2024-07-25T07:56:36.680+0000] {dag.py:3947} INFO - Setting next_dagrun for tutorial_dag to None, run_after=None
[2024-07-25T07:56:36.708+0000] {processor.py:183} INFO - Processing /root/.cache/pypoetry/virtualenvs/freeprise-matchmaker-BsnH11MF-py3.8/lib/python3.8/site-packages/airflow/example_dags/tutorial_dag.py took 0.109 seconds
[2024-07-25T07:57:06.915+0000] {processor.py:161} INFO - Started process (PID=3667) to work on /root/.cache/pypoetry/virtualenvs/freeprise-matchmaker-BsnH11MF-py3.8/lib/python3.8/site-packages/airflow/example_dags/tutorial_dag.py
[2024-07-25T07:57:06.918+0000] {processor.py:830} INFO - Processing file /root/.cache/pypoetry/virtualenvs/freeprise-matchmaker-BsnH11MF-py3.8/lib/python3.8/site-packages/airflow/example_dags/tutorial_dag.py for tasks to queue
[2024-07-25T07:57:06.922+0000] {logging_mixin.py:188} INFO - [2024-07-25T07:57:06.921+0000] {dagbag.py:545} INFO - Filling up the DagBag from /root/.cache/pypoetry/virtualenvs/freeprise-matchmaker-BsnH11MF-py3.8/lib/python3.8/site-packages/airflow/example_dags/tutorial_dag.py
[2024-07-25T07:57:06.934+0000] {processor.py:840} INFO - DAG(s) 'tutorial_dag' retrieved from /root/.cache/pypoetry/virtualenvs/freeprise-matchmaker-BsnH11MF-py3.8/lib/python3.8/site-packages/airflow/example_dags/tutorial_dag.py
[2024-07-25T07:57:06.975+0000] {logging_mixin.py:188} INFO - [2024-07-25T07:57:06.974+0000] {dag.py:3089} INFO - Sync 1 DAGs
[2024-07-25T07:57:06.996+0000] {logging_mixin.py:188} INFO - [2024-07-25T07:57:06.995+0000] {dag.py:3947} INFO - Setting next_dagrun for tutorial_dag to None, run_after=None
[2024-07-25T07:57:07.024+0000] {processor.py:183} INFO - Processing /root/.cache/pypoetry/virtualenvs/freeprise-matchmaker-BsnH11MF-py3.8/lib/python3.8/site-packages/airflow/example_dags/tutorial_dag.py took 0.121 seconds
[2024-07-25T07:57:37.357+0000] {processor.py:161} INFO - Started process (PID=3933) to work on /root/.cache/pypoetry/virtualenvs/freeprise-matchmaker-BsnH11MF-py3.8/lib/python3.8/site-packages/airflow/example_dags/tutorial_dag.py
[2024-07-25T07:57:37.359+0000] {processor.py:830} INFO - Processing file /root/.cache/pypoetry/virtualenvs/freeprise-matchmaker-BsnH11MF-py3.8/lib/python3.8/site-packages/airflow/example_dags/tutorial_dag.py for tasks to queue
[2024-07-25T07:57:37.363+0000] {logging_mixin.py:188} INFO - [2024-07-25T07:57:37.362+0000] {dagbag.py:545} INFO - Filling up the DagBag from /root/.cache/pypoetry/virtualenvs/freeprise-matchmaker-BsnH11MF-py3.8/lib/python3.8/site-packages/airflow/example_dags/tutorial_dag.py
[2024-07-25T07:57:37.374+0000] {processor.py:840} INFO - DAG(s) 'tutorial_dag' retrieved from /root/.cache/pypoetry/virtualenvs/freeprise-matchmaker-BsnH11MF-py3.8/lib/python3.8/site-packages/airflow/example_dags/tutorial_dag.py
[2024-07-25T07:57:37.420+0000] {logging_mixin.py:188} INFO - [2024-07-25T07:57:37.419+0000] {dag.py:3089} INFO - Sync 1 DAGs
[2024-07-25T07:57:37.440+0000] {logging_mixin.py:188} INFO - [2024-07-25T07:57:37.439+0000] {dag.py:3947} INFO - Setting next_dagrun for tutorial_dag to None, run_after=None
[2024-07-25T07:57:37.467+0000] {processor.py:183} INFO - Processing /root/.cache/pypoetry/virtualenvs/freeprise-matchmaker-BsnH11MF-py3.8/lib/python3.8/site-packages/airflow/example_dags/tutorial_dag.py took 0.127 seconds
[2024-07-25T07:58:07.716+0000] {processor.py:161} INFO - Started process (PID=4199) to work on /root/.cache/pypoetry/virtualenvs/freeprise-matchmaker-BsnH11MF-py3.8/lib/python3.8/site-packages/airflow/example_dags/tutorial_dag.py
[2024-07-25T07:58:07.718+0000] {processor.py:830} INFO - Processing file /root/.cache/pypoetry/virtualenvs/freeprise-matchmaker-BsnH11MF-py3.8/lib/python3.8/site-packages/airflow/example_dags/tutorial_dag.py for tasks to queue
[2024-07-25T07:58:07.722+0000] {logging_mixin.py:188} INFO - [2024-07-25T07:58:07.721+0000] {dagbag.py:545} INFO - Filling up the DagBag from /root/.cache/pypoetry/virtualenvs/freeprise-matchmaker-BsnH11MF-py3.8/lib/python3.8/site-packages/airflow/example_dags/tutorial_dag.py
[2024-07-25T07:58:07.734+0000] {processor.py:840} INFO - DAG(s) 'tutorial_dag' retrieved from /root/.cache/pypoetry/virtualenvs/freeprise-matchmaker-BsnH11MF-py3.8/lib/python3.8/site-packages/airflow/example_dags/tutorial_dag.py
[2024-07-25T07:58:07.773+0000] {logging_mixin.py:188} INFO - [2024-07-25T07:58:07.773+0000] {dag.py:3089} INFO - Sync 1 DAGs
[2024-07-25T07:58:07.794+0000] {logging_mixin.py:188} INFO - [2024-07-25T07:58:07.793+0000] {dag.py:3947} INFO - Setting next_dagrun for tutorial_dag to None, run_after=None
[2024-07-25T07:58:07.821+0000] {processor.py:183} INFO - Processing /root/.cache/pypoetry/virtualenvs/freeprise-matchmaker-BsnH11MF-py3.8/lib/python3.8/site-packages/airflow/example_dags/tutorial_dag.py took 0.121 seconds
[2024-07-25T07:58:37.917+0000] {processor.py:161} INFO - Started process (PID=4465) to work on /root/.cache/pypoetry/virtualenvs/freeprise-matchmaker-BsnH11MF-py3.8/lib/python3.8/site-packages/airflow/example_dags/tutorial_dag.py
[2024-07-25T07:58:37.920+0000] {processor.py:830} INFO - Processing file /root/.cache/pypoetry/virtualenvs/freeprise-matchmaker-BsnH11MF-py3.8/lib/python3.8/site-packages/airflow/example_dags/tutorial_dag.py for tasks to queue
[2024-07-25T07:58:37.924+0000] {logging_mixin.py:188} INFO - [2024-07-25T07:58:37.923+0000] {dagbag.py:545} INFO - Filling up the DagBag from /root/.cache/pypoetry/virtualenvs/freeprise-matchmaker-BsnH11MF-py3.8/lib/python3.8/site-packages/airflow/example_dags/tutorial_dag.py
[2024-07-25T07:58:37.936+0000] {processor.py:840} INFO - DAG(s) 'tutorial_dag' retrieved from /root/.cache/pypoetry/virtualenvs/freeprise-matchmaker-BsnH11MF-py3.8/lib/python3.8/site-packages/airflow/example_dags/tutorial_dag.py
[2024-07-25T07:58:37.986+0000] {logging_mixin.py:188} INFO - [2024-07-25T07:58:37.985+0000] {dag.py:3089} INFO - Sync 1 DAGs
[2024-07-25T07:58:38.013+0000] {logging_mixin.py:188} INFO - [2024-07-25T07:58:38.012+0000] {dag.py:3947} INFO - Setting next_dagrun for tutorial_dag to None, run_after=None
[2024-07-25T07:58:38.046+0000] {processor.py:183} INFO - Processing /root/.cache/pypoetry/virtualenvs/freeprise-matchmaker-BsnH11MF-py3.8/lib/python3.8/site-packages/airflow/example_dags/tutorial_dag.py took 0.145 seconds
[2024-07-25T07:59:08.288+0000] {processor.py:161} INFO - Started process (PID=4733) to work on /root/.cache/pypoetry/virtualenvs/freeprise-matchmaker-BsnH11MF-py3.8/lib/python3.8/site-packages/airflow/example_dags/tutorial_dag.py
[2024-07-25T07:59:08.291+0000] {processor.py:830} INFO - Processing file /root/.cache/pypoetry/virtualenvs/freeprise-matchmaker-BsnH11MF-py3.8/lib/python3.8/site-packages/airflow/example_dags/tutorial_dag.py for tasks to queue
[2024-07-25T07:59:08.294+0000] {logging_mixin.py:188} INFO - [2024-07-25T07:59:08.293+0000] {dagbag.py:545} INFO - Filling up the DagBag from /root/.cache/pypoetry/virtualenvs/freeprise-matchmaker-BsnH11MF-py3.8/lib/python3.8/site-packages/airflow/example_dags/tutorial_dag.py
[2024-07-25T07:59:08.303+0000] {processor.py:840} INFO - DAG(s) 'tutorial_dag' retrieved from /root/.cache/pypoetry/virtualenvs/freeprise-matchmaker-BsnH11MF-py3.8/lib/python3.8/site-packages/airflow/example_dags/tutorial_dag.py
[2024-07-25T07:59:08.350+0000] {logging_mixin.py:188} INFO - [2024-07-25T07:59:08.349+0000] {dag.py:3089} INFO - Sync 1 DAGs
[2024-07-25T07:59:08.376+0000] {logging_mixin.py:188} INFO - [2024-07-25T07:59:08.376+0000] {dag.py:3947} INFO - Setting next_dagrun for tutorial_dag to None, run_after=None
[2024-07-25T07:59:08.409+0000] {processor.py:183} INFO - Processing /root/.cache/pypoetry/virtualenvs/freeprise-matchmaker-BsnH11MF-py3.8/lib/python3.8/site-packages/airflow/example_dags/tutorial_dag.py took 0.133 seconds
[2024-07-25T07:59:38.682+0000] {processor.py:161} INFO - Started process (PID=4997) to work on /root/.cache/pypoetry/virtualenvs/freeprise-matchmaker-BsnH11MF-py3.8/lib/python3.8/site-packages/airflow/example_dags/tutorial_dag.py
[2024-07-25T07:59:38.685+0000] {processor.py:830} INFO - Processing file /root/.cache/pypoetry/virtualenvs/freeprise-matchmaker-BsnH11MF-py3.8/lib/python3.8/site-packages/airflow/example_dags/tutorial_dag.py for tasks to queue
[2024-07-25T07:59:38.688+0000] {logging_mixin.py:188} INFO - [2024-07-25T07:59:38.688+0000] {dagbag.py:545} INFO - Filling up the DagBag from /root/.cache/pypoetry/virtualenvs/freeprise-matchmaker-BsnH11MF-py3.8/lib/python3.8/site-packages/airflow/example_dags/tutorial_dag.py
[2024-07-25T07:59:38.702+0000] {processor.py:840} INFO - DAG(s) 'tutorial_dag' retrieved from /root/.cache/pypoetry/virtualenvs/freeprise-matchmaker-BsnH11MF-py3.8/lib/python3.8/site-packages/airflow/example_dags/tutorial_dag.py
[2024-07-25T07:59:38.749+0000] {logging_mixin.py:188} INFO - [2024-07-25T07:59:38.748+0000] {dag.py:3089} INFO - Sync 1 DAGs
[2024-07-25T07:59:38.778+0000] {logging_mixin.py:188} INFO - [2024-07-25T07:59:38.778+0000] {dag.py:3947} INFO - Setting next_dagrun for tutorial_dag to None, run_after=None
[2024-07-25T07:59:38.815+0000] {processor.py:183} INFO - Processing /root/.cache/pypoetry/virtualenvs/freeprise-matchmaker-BsnH11MF-py3.8/lib/python3.8/site-packages/airflow/example_dags/tutorial_dag.py took 0.148 seconds
[2024-07-25T08:00:09.364+0000] {processor.py:161} INFO - Started process (PID=5263) to work on /root/.cache/pypoetry/virtualenvs/freeprise-matchmaker-BsnH11MF-py3.8/lib/python3.8/site-packages/airflow/example_dags/tutorial_dag.py
[2024-07-25T08:00:09.366+0000] {processor.py:830} INFO - Processing file /root/.cache/pypoetry/virtualenvs/freeprise-matchmaker-BsnH11MF-py3.8/lib/python3.8/site-packages/airflow/example_dags/tutorial_dag.py for tasks to queue
[2024-07-25T08:00:09.369+0000] {logging_mixin.py:188} INFO - [2024-07-25T08:00:09.368+0000] {dagbag.py:545} INFO - Filling up the DagBag from /root/.cache/pypoetry/virtualenvs/freeprise-matchmaker-BsnH11MF-py3.8/lib/python3.8/site-packages/airflow/example_dags/tutorial_dag.py
[2024-07-25T08:00:09.380+0000] {processor.py:840} INFO - DAG(s) 'tutorial_dag' retrieved from /root/.cache/pypoetry/virtualenvs/freeprise-matchmaker-BsnH11MF-py3.8/lib/python3.8/site-packages/airflow/example_dags/tutorial_dag.py
[2024-07-25T08:00:09.434+0000] {logging_mixin.py:188} INFO - [2024-07-25T08:00:09.434+0000] {dag.py:3089} INFO - Sync 1 DAGs
[2024-07-25T08:00:09.461+0000] {logging_mixin.py:188} INFO - [2024-07-25T08:00:09.460+0000] {dag.py:3947} INFO - Setting next_dagrun for tutorial_dag to None, run_after=None
[2024-07-25T08:00:09.576+0000] {processor.py:183} INFO - Processing /root/.cache/pypoetry/virtualenvs/freeprise-matchmaker-BsnH11MF-py3.8/lib/python3.8/site-packages/airflow/example_dags/tutorial_dag.py took 0.229 seconds
[2024-07-25T08:00:40.311+0000] {processor.py:161} INFO - Started process (PID=5529) to work on /root/.cache/pypoetry/virtualenvs/freeprise-matchmaker-BsnH11MF-py3.8/lib/python3.8/site-packages/airflow/example_dags/tutorial_dag.py
[2024-07-25T08:00:40.317+0000] {processor.py:830} INFO - Processing file /root/.cache/pypoetry/virtualenvs/freeprise-matchmaker-BsnH11MF-py3.8/lib/python3.8/site-packages/airflow/example_dags/tutorial_dag.py for tasks to queue
[2024-07-25T08:00:40.326+0000] {logging_mixin.py:188} INFO - [2024-07-25T08:00:40.325+0000] {dagbag.py:545} INFO - Filling up the DagBag from /root/.cache/pypoetry/virtualenvs/freeprise-matchmaker-BsnH11MF-py3.8/lib/python3.8/site-packages/airflow/example_dags/tutorial_dag.py
[2024-07-25T08:00:40.354+0000] {processor.py:840} INFO - DAG(s) 'tutorial_dag' retrieved from /root/.cache/pypoetry/virtualenvs/freeprise-matchmaker-BsnH11MF-py3.8/lib/python3.8/site-packages/airflow/example_dags/tutorial_dag.py
[2024-07-25T08:00:40.469+0000] {logging_mixin.py:188} INFO - [2024-07-25T08:00:40.468+0000] {dag.py:3089} INFO - Sync 1 DAGs
[2024-07-25T08:00:40.527+0000] {logging_mixin.py:188} INFO - [2024-07-25T08:00:40.527+0000] {dag.py:3947} INFO - Setting next_dagrun for tutorial_dag to None, run_after=None
[2024-07-25T08:00:40.595+0000] {processor.py:183} INFO - Processing /root/.cache/pypoetry/virtualenvs/freeprise-matchmaker-BsnH11MF-py3.8/lib/python3.8/site-packages/airflow/example_dags/tutorial_dag.py took 0.332 seconds
[2024-07-25T08:01:10.785+0000] {processor.py:161} INFO - Started process (PID=5795) to work on /root/.cache/pypoetry/virtualenvs/freeprise-matchmaker-BsnH11MF-py3.8/lib/python3.8/site-packages/airflow/example_dags/tutorial_dag.py
[2024-07-25T08:01:10.787+0000] {processor.py:830} INFO - Processing file /root/.cache/pypoetry/virtualenvs/freeprise-matchmaker-BsnH11MF-py3.8/lib/python3.8/site-packages/airflow/example_dags/tutorial_dag.py for tasks to queue
[2024-07-25T08:01:10.790+0000] {logging_mixin.py:188} INFO - [2024-07-25T08:01:10.789+0000] {dagbag.py:545} INFO - Filling up the DagBag from /root/.cache/pypoetry/virtualenvs/freeprise-matchmaker-BsnH11MF-py3.8/lib/python3.8/site-packages/airflow/example_dags/tutorial_dag.py
[2024-07-25T08:01:10.801+0000] {processor.py:840} INFO - DAG(s) 'tutorial_dag' retrieved from /root/.cache/pypoetry/virtualenvs/freeprise-matchmaker-BsnH11MF-py3.8/lib/python3.8/site-packages/airflow/example_dags/tutorial_dag.py
[2024-07-25T08:01:10.853+0000] {logging_mixin.py:188} INFO - [2024-07-25T08:01:10.852+0000] {dag.py:3089} INFO - Sync 1 DAGs
[2024-07-25T08:01:10.877+0000] {logging_mixin.py:188} INFO - [2024-07-25T08:01:10.877+0000] {dag.py:3947} INFO - Setting next_dagrun for tutorial_dag to None, run_after=None
[2024-07-25T08:01:10.915+0000] {processor.py:183} INFO - Processing /root/.cache/pypoetry/virtualenvs/freeprise-matchmaker-BsnH11MF-py3.8/lib/python3.8/site-packages/airflow/example_dags/tutorial_dag.py took 0.145 seconds
