[2024-07-25T07:50:28.763+0000] {processor.py:161} INFO - Started process (PID=209) to work on /root/.cache/pypoetry/virtualenvs/freeprise-matchmaker-BsnH11MF-py3.8/lib/python3.8/site-packages/airflow/example_dags/tutorial_objectstorage.py
[2024-07-25T07:50:28.764+0000] {processor.py:830} INFO - Processing file /root/.cache/pypoetry/virtualenvs/freeprise-matchmaker-BsnH11MF-py3.8/lib/python3.8/site-packages/airflow/example_dags/tutorial_objectstorage.py for tasks to queue
[2024-07-25T07:50:28.766+0000] {logging_mixin.py:188} INFO - [2024-07-25T07:50:28.766+0000] {dagbag.py:545} INFO - Filling up the DagBag from /root/.cache/pypoetry/virtualenvs/freeprise-matchmaker-BsnH11MF-py3.8/lib/python3.8/site-packages/airflow/example_dags/tutorial_objectstorage.py
[2024-07-25T07:50:28.781+0000] {processor.py:840} INFO - DAG(s) 'tutorial_objectstorage' retrieved from /root/.cache/pypoetry/virtualenvs/freeprise-matchmaker-BsnH11MF-py3.8/lib/python3.8/site-packages/airflow/example_dags/tutorial_objectstorage.py
[2024-07-25T07:50:28.807+0000] {logging_mixin.py:188} INFO - [2024-07-25T07:50:28.807+0000] {dag.py:3089} INFO - Sync 1 DAGs
[2024-07-25T07:50:28.831+0000] {logging_mixin.py:188} INFO - [2024-07-25T07:50:28.831+0000] {dag.py:3947} INFO - Setting next_dagrun for tutorial_objectstorage to None, run_after=None
[2024-07-25T07:50:28.859+0000] {processor.py:183} INFO - Processing /root/.cache/pypoetry/virtualenvs/freeprise-matchmaker-BsnH11MF-py3.8/lib/python3.8/site-packages/airflow/example_dags/tutorial_objectstorage.py took 0.108 seconds
[2024-07-25T07:50:59.860+0000] {processor.py:161} INFO - Started process (PID=473) to work on /root/.cache/pypoetry/virtualenvs/freeprise-matchmaker-BsnH11MF-py3.8/lib/python3.8/site-packages/airflow/example_dags/tutorial_objectstorage.py
[2024-07-25T07:50:59.861+0000] {processor.py:830} INFO - Processing file /root/.cache/pypoetry/virtualenvs/freeprise-matchmaker-BsnH11MF-py3.8/lib/python3.8/site-packages/airflow/example_dags/tutorial_objectstorage.py for tasks to queue
[2024-07-25T07:50:59.864+0000] {logging_mixin.py:188} INFO - [2024-07-25T07:50:59.863+0000] {dagbag.py:545} INFO - Filling up the DagBag from /root/.cache/pypoetry/virtualenvs/freeprise-matchmaker-BsnH11MF-py3.8/lib/python3.8/site-packages/airflow/example_dags/tutorial_objectstorage.py
[2024-07-25T07:50:59.878+0000] {processor.py:840} INFO - DAG(s) 'tutorial_objectstorage' retrieved from /root/.cache/pypoetry/virtualenvs/freeprise-matchmaker-BsnH11MF-py3.8/lib/python3.8/site-packages/airflow/example_dags/tutorial_objectstorage.py
[2024-07-25T07:51:00.202+0000] {logging_mixin.py:188} INFO - [2024-07-25T07:51:00.202+0000] {dag.py:3089} INFO - Sync 1 DAGs
[2024-07-25T07:51:00.217+0000] {logging_mixin.py:188} INFO - [2024-07-25T07:51:00.217+0000] {dag.py:3947} INFO - Setting next_dagrun for tutorial_objectstorage to None, run_after=None
[2024-07-25T07:51:00.244+0000] {processor.py:183} INFO - Processing /root/.cache/pypoetry/virtualenvs/freeprise-matchmaker-BsnH11MF-py3.8/lib/python3.8/site-packages/airflow/example_dags/tutorial_objectstorage.py took 0.400 seconds
[2024-07-25T07:51:31.262+0000] {processor.py:161} INFO - Started process (PID=739) to work on /root/.cache/pypoetry/virtualenvs/freeprise-matchmaker-BsnH11MF-py3.8/lib/python3.8/site-packages/airflow/example_dags/tutorial_objectstorage.py
[2024-07-25T07:51:31.264+0000] {processor.py:830} INFO - Processing file /root/.cache/pypoetry/virtualenvs/freeprise-matchmaker-BsnH11MF-py3.8/lib/python3.8/site-packages/airflow/example_dags/tutorial_objectstorage.py for tasks to queue
[2024-07-25T07:51:31.266+0000] {logging_mixin.py:188} INFO - [2024-07-25T07:51:31.266+0000] {dagbag.py:545} INFO - Filling up the DagBag from /root/.cache/pypoetry/virtualenvs/freeprise-matchmaker-BsnH11MF-py3.8/lib/python3.8/site-packages/airflow/example_dags/tutorial_objectstorage.py
[2024-07-25T07:51:31.279+0000] {processor.py:840} INFO - DAG(s) 'tutorial_objectstorage' retrieved from /root/.cache/pypoetry/virtualenvs/freeprise-matchmaker-BsnH11MF-py3.8/lib/python3.8/site-packages/airflow/example_dags/tutorial_objectstorage.py
[2024-07-25T07:51:31.514+0000] {logging_mixin.py:188} INFO - [2024-07-25T07:51:31.514+0000] {dag.py:3089} INFO - Sync 1 DAGs
[2024-07-25T07:51:31.531+0000] {logging_mixin.py:188} INFO - [2024-07-25T07:51:31.530+0000] {dag.py:3947} INFO - Setting next_dagrun for tutorial_objectstorage to None, run_after=None
[2024-07-25T07:51:31.556+0000] {processor.py:183} INFO - Processing /root/.cache/pypoetry/virtualenvs/freeprise-matchmaker-BsnH11MF-py3.8/lib/python3.8/site-packages/airflow/example_dags/tutorial_objectstorage.py took 0.306 seconds
[2024-07-25T07:52:02.298+0000] {processor.py:161} INFO - Started process (PID=1005) to work on /root/.cache/pypoetry/virtualenvs/freeprise-matchmaker-BsnH11MF-py3.8/lib/python3.8/site-packages/airflow/example_dags/tutorial_objectstorage.py
[2024-07-25T07:52:02.299+0000] {processor.py:830} INFO - Processing file /root/.cache/pypoetry/virtualenvs/freeprise-matchmaker-BsnH11MF-py3.8/lib/python3.8/site-packages/airflow/example_dags/tutorial_objectstorage.py for tasks to queue
[2024-07-25T07:52:02.302+0000] {logging_mixin.py:188} INFO - [2024-07-25T07:52:02.302+0000] {dagbag.py:545} INFO - Filling up the DagBag from /root/.cache/pypoetry/virtualenvs/freeprise-matchmaker-BsnH11MF-py3.8/lib/python3.8/site-packages/airflow/example_dags/tutorial_objectstorage.py
[2024-07-25T07:52:02.317+0000] {processor.py:840} INFO - DAG(s) 'tutorial_objectstorage' retrieved from /root/.cache/pypoetry/virtualenvs/freeprise-matchmaker-BsnH11MF-py3.8/lib/python3.8/site-packages/airflow/example_dags/tutorial_objectstorage.py
[2024-07-25T07:52:02.362+0000] {logging_mixin.py:188} INFO - [2024-07-25T07:52:02.362+0000] {dag.py:3089} INFO - Sync 1 DAGs
[2024-07-25T07:52:02.383+0000] {logging_mixin.py:188} INFO - [2024-07-25T07:52:02.383+0000] {dag.py:3947} INFO - Setting next_dagrun for tutorial_objectstorage to None, run_after=None
[2024-07-25T07:52:02.412+0000] {processor.py:183} INFO - Processing /root/.cache/pypoetry/virtualenvs/freeprise-matchmaker-BsnH11MF-py3.8/lib/python3.8/site-packages/airflow/example_dags/tutorial_objectstorage.py took 0.129 seconds
[2024-07-25T07:52:33.343+0000] {processor.py:161} INFO - Started process (PID=1271) to work on /root/.cache/pypoetry/virtualenvs/freeprise-matchmaker-BsnH11MF-py3.8/lib/python3.8/site-packages/airflow/example_dags/tutorial_objectstorage.py
[2024-07-25T07:52:33.345+0000] {processor.py:830} INFO - Processing file /root/.cache/pypoetry/virtualenvs/freeprise-matchmaker-BsnH11MF-py3.8/lib/python3.8/site-packages/airflow/example_dags/tutorial_objectstorage.py for tasks to queue
[2024-07-25T07:52:33.348+0000] {logging_mixin.py:188} INFO - [2024-07-25T07:52:33.347+0000] {dagbag.py:545} INFO - Filling up the DagBag from /root/.cache/pypoetry/virtualenvs/freeprise-matchmaker-BsnH11MF-py3.8/lib/python3.8/site-packages/airflow/example_dags/tutorial_objectstorage.py
[2024-07-25T07:52:33.360+0000] {processor.py:840} INFO - DAG(s) 'tutorial_objectstorage' retrieved from /root/.cache/pypoetry/virtualenvs/freeprise-matchmaker-BsnH11MF-py3.8/lib/python3.8/site-packages/airflow/example_dags/tutorial_objectstorage.py
[2024-07-25T07:52:33.399+0000] {logging_mixin.py:188} INFO - [2024-07-25T07:52:33.399+0000] {dag.py:3089} INFO - Sync 1 DAGs
[2024-07-25T07:52:33.420+0000] {logging_mixin.py:188} INFO - [2024-07-25T07:52:33.420+0000] {dag.py:3947} INFO - Setting next_dagrun for tutorial_objectstorage to None, run_after=None
[2024-07-25T07:52:33.449+0000] {processor.py:183} INFO - Processing /root/.cache/pypoetry/virtualenvs/freeprise-matchmaker-BsnH11MF-py3.8/lib/python3.8/site-packages/airflow/example_dags/tutorial_objectstorage.py took 0.119 seconds
[2024-07-25T07:53:04.084+0000] {processor.py:161} INFO - Started process (PID=1539) to work on /root/.cache/pypoetry/virtualenvs/freeprise-matchmaker-BsnH11MF-py3.8/lib/python3.8/site-packages/airflow/example_dags/tutorial_objectstorage.py
[2024-07-25T07:53:04.087+0000] {processor.py:830} INFO - Processing file /root/.cache/pypoetry/virtualenvs/freeprise-matchmaker-BsnH11MF-py3.8/lib/python3.8/site-packages/airflow/example_dags/tutorial_objectstorage.py for tasks to queue
[2024-07-25T07:53:04.089+0000] {logging_mixin.py:188} INFO - [2024-07-25T07:53:04.089+0000] {dagbag.py:545} INFO - Filling up the DagBag from /root/.cache/pypoetry/virtualenvs/freeprise-matchmaker-BsnH11MF-py3.8/lib/python3.8/site-packages/airflow/example_dags/tutorial_objectstorage.py
[2024-07-25T07:53:04.101+0000] {processor.py:840} INFO - DAG(s) 'tutorial_objectstorage' retrieved from /root/.cache/pypoetry/virtualenvs/freeprise-matchmaker-BsnH11MF-py3.8/lib/python3.8/site-packages/airflow/example_dags/tutorial_objectstorage.py
[2024-07-25T07:53:04.143+0000] {logging_mixin.py:188} INFO - [2024-07-25T07:53:04.143+0000] {dag.py:3089} INFO - Sync 1 DAGs
[2024-07-25T07:53:04.164+0000] {logging_mixin.py:188} INFO - [2024-07-25T07:53:04.164+0000] {dag.py:3947} INFO - Setting next_dagrun for tutorial_objectstorage to None, run_after=None
[2024-07-25T07:53:04.194+0000] {processor.py:183} INFO - Processing /root/.cache/pypoetry/virtualenvs/freeprise-matchmaker-BsnH11MF-py3.8/lib/python3.8/site-packages/airflow/example_dags/tutorial_objectstorage.py took 0.122 seconds
[2024-07-25T07:53:34.655+0000] {processor.py:161} INFO - Started process (PID=1800) to work on /root/.cache/pypoetry/virtualenvs/freeprise-matchmaker-BsnH11MF-py3.8/lib/python3.8/site-packages/airflow/example_dags/tutorial_objectstorage.py
[2024-07-25T07:53:34.657+0000] {processor.py:830} INFO - Processing file /root/.cache/pypoetry/virtualenvs/freeprise-matchmaker-BsnH11MF-py3.8/lib/python3.8/site-packages/airflow/example_dags/tutorial_objectstorage.py for tasks to queue
[2024-07-25T07:53:34.660+0000] {logging_mixin.py:188} INFO - [2024-07-25T07:53:34.659+0000] {dagbag.py:545} INFO - Filling up the DagBag from /root/.cache/pypoetry/virtualenvs/freeprise-matchmaker-BsnH11MF-py3.8/lib/python3.8/site-packages/airflow/example_dags/tutorial_objectstorage.py
[2024-07-25T07:53:34.679+0000] {processor.py:840} INFO - DAG(s) 'tutorial_objectstorage' retrieved from /root/.cache/pypoetry/virtualenvs/freeprise-matchmaker-BsnH11MF-py3.8/lib/python3.8/site-packages/airflow/example_dags/tutorial_objectstorage.py
[2024-07-25T07:53:34.752+0000] {logging_mixin.py:188} INFO - [2024-07-25T07:53:34.752+0000] {dag.py:3089} INFO - Sync 1 DAGs
[2024-07-25T07:53:34.790+0000] {logging_mixin.py:188} INFO - [2024-07-25T07:53:34.790+0000] {dag.py:3947} INFO - Setting next_dagrun for tutorial_objectstorage to None, run_after=None
[2024-07-25T07:53:34.818+0000] {processor.py:183} INFO - Processing /root/.cache/pypoetry/virtualenvs/freeprise-matchmaker-BsnH11MF-py3.8/lib/python3.8/site-packages/airflow/example_dags/tutorial_objectstorage.py took 0.180 seconds
[2024-07-25T07:54:05.127+0000] {processor.py:161} INFO - Started process (PID=2063) to work on /root/.cache/pypoetry/virtualenvs/freeprise-matchmaker-BsnH11MF-py3.8/lib/python3.8/site-packages/airflow/example_dags/tutorial_objectstorage.py
[2024-07-25T07:54:05.130+0000] {processor.py:830} INFO - Processing file /root/.cache/pypoetry/virtualenvs/freeprise-matchmaker-BsnH11MF-py3.8/lib/python3.8/site-packages/airflow/example_dags/tutorial_objectstorage.py for tasks to queue
[2024-07-25T07:54:05.133+0000] {logging_mixin.py:188} INFO - [2024-07-25T07:54:05.132+0000] {dagbag.py:545} INFO - Filling up the DagBag from /root/.cache/pypoetry/virtualenvs/freeprise-matchmaker-BsnH11MF-py3.8/lib/python3.8/site-packages/airflow/example_dags/tutorial_objectstorage.py
[2024-07-25T07:54:05.149+0000] {processor.py:840} INFO - DAG(s) 'tutorial_objectstorage' retrieved from /root/.cache/pypoetry/virtualenvs/freeprise-matchmaker-BsnH11MF-py3.8/lib/python3.8/site-packages/airflow/example_dags/tutorial_objectstorage.py
[2024-07-25T07:54:05.198+0000] {logging_mixin.py:188} INFO - [2024-07-25T07:54:05.197+0000] {dag.py:3089} INFO - Sync 1 DAGs
[2024-07-25T07:54:05.220+0000] {logging_mixin.py:188} INFO - [2024-07-25T07:54:05.220+0000] {dag.py:3947} INFO - Setting next_dagrun for tutorial_objectstorage to None, run_after=None
[2024-07-25T07:54:05.254+0000] {processor.py:183} INFO - Processing /root/.cache/pypoetry/virtualenvs/freeprise-matchmaker-BsnH11MF-py3.8/lib/python3.8/site-packages/airflow/example_dags/tutorial_objectstorage.py took 0.145 seconds
[2024-07-25T07:54:35.473+0000] {processor.py:161} INFO - Started process (PID=2329) to work on /root/.cache/pypoetry/virtualenvs/freeprise-matchmaker-BsnH11MF-py3.8/lib/python3.8/site-packages/airflow/example_dags/tutorial_objectstorage.py
[2024-07-25T07:54:35.474+0000] {processor.py:830} INFO - Processing file /root/.cache/pypoetry/virtualenvs/freeprise-matchmaker-BsnH11MF-py3.8/lib/python3.8/site-packages/airflow/example_dags/tutorial_objectstorage.py for tasks to queue
[2024-07-25T07:54:35.478+0000] {logging_mixin.py:188} INFO - [2024-07-25T07:54:35.477+0000] {dagbag.py:545} INFO - Filling up the DagBag from /root/.cache/pypoetry/virtualenvs/freeprise-matchmaker-BsnH11MF-py3.8/lib/python3.8/site-packages/airflow/example_dags/tutorial_objectstorage.py
[2024-07-25T07:54:35.494+0000] {processor.py:840} INFO - DAG(s) 'tutorial_objectstorage' retrieved from /root/.cache/pypoetry/virtualenvs/freeprise-matchmaker-BsnH11MF-py3.8/lib/python3.8/site-packages/airflow/example_dags/tutorial_objectstorage.py
[2024-07-25T07:54:35.536+0000] {logging_mixin.py:188} INFO - [2024-07-25T07:54:35.535+0000] {dag.py:3089} INFO - Sync 1 DAGs
[2024-07-25T07:54:35.559+0000] {logging_mixin.py:188} INFO - [2024-07-25T07:54:35.558+0000] {dag.py:3947} INFO - Setting next_dagrun for tutorial_objectstorage to None, run_after=None
[2024-07-25T07:54:35.595+0000] {processor.py:183} INFO - Processing /root/.cache/pypoetry/virtualenvs/freeprise-matchmaker-BsnH11MF-py3.8/lib/python3.8/site-packages/airflow/example_dags/tutorial_objectstorage.py took 0.139 seconds
[2024-07-25T07:55:05.731+0000] {processor.py:161} INFO - Started process (PID=2595) to work on /root/.cache/pypoetry/virtualenvs/freeprise-matchmaker-BsnH11MF-py3.8/lib/python3.8/site-packages/airflow/example_dags/tutorial_objectstorage.py
[2024-07-25T07:55:05.734+0000] {processor.py:830} INFO - Processing file /root/.cache/pypoetry/virtualenvs/freeprise-matchmaker-BsnH11MF-py3.8/lib/python3.8/site-packages/airflow/example_dags/tutorial_objectstorage.py for tasks to queue
[2024-07-25T07:55:05.737+0000] {logging_mixin.py:188} INFO - [2024-07-25T07:55:05.737+0000] {dagbag.py:545} INFO - Filling up the DagBag from /root/.cache/pypoetry/virtualenvs/freeprise-matchmaker-BsnH11MF-py3.8/lib/python3.8/site-packages/airflow/example_dags/tutorial_objectstorage.py
[2024-07-25T07:55:05.753+0000] {processor.py:840} INFO - DAG(s) 'tutorial_objectstorage' retrieved from /root/.cache/pypoetry/virtualenvs/freeprise-matchmaker-BsnH11MF-py3.8/lib/python3.8/site-packages/airflow/example_dags/tutorial_objectstorage.py
[2024-07-25T07:55:05.797+0000] {logging_mixin.py:188} INFO - [2024-07-25T07:55:05.796+0000] {dag.py:3089} INFO - Sync 1 DAGs
[2024-07-25T07:55:05.817+0000] {logging_mixin.py:188} INFO - [2024-07-25T07:55:05.817+0000] {dag.py:3947} INFO - Setting next_dagrun for tutorial_objectstorage to None, run_after=None
[2024-07-25T07:55:05.846+0000] {processor.py:183} INFO - Processing /root/.cache/pypoetry/virtualenvs/freeprise-matchmaker-BsnH11MF-py3.8/lib/python3.8/site-packages/airflow/example_dags/tutorial_objectstorage.py took 0.133 seconds
[2024-07-25T07:55:35.976+0000] {processor.py:161} INFO - Started process (PID=2861) to work on /root/.cache/pypoetry/virtualenvs/freeprise-matchmaker-BsnH11MF-py3.8/lib/python3.8/site-packages/airflow/example_dags/tutorial_objectstorage.py
[2024-07-25T07:55:35.977+0000] {processor.py:830} INFO - Processing file /root/.cache/pypoetry/virtualenvs/freeprise-matchmaker-BsnH11MF-py3.8/lib/python3.8/site-packages/airflow/example_dags/tutorial_objectstorage.py for tasks to queue
[2024-07-25T07:55:35.981+0000] {logging_mixin.py:188} INFO - [2024-07-25T07:55:35.980+0000] {dagbag.py:545} INFO - Filling up the DagBag from /root/.cache/pypoetry/virtualenvs/freeprise-matchmaker-BsnH11MF-py3.8/lib/python3.8/site-packages/airflow/example_dags/tutorial_objectstorage.py
[2024-07-25T07:55:35.997+0000] {processor.py:840} INFO - DAG(s) 'tutorial_objectstorage' retrieved from /root/.cache/pypoetry/virtualenvs/freeprise-matchmaker-BsnH11MF-py3.8/lib/python3.8/site-packages/airflow/example_dags/tutorial_objectstorage.py
[2024-07-25T07:55:36.046+0000] {logging_mixin.py:188} INFO - [2024-07-25T07:55:36.046+0000] {dag.py:3089} INFO - Sync 1 DAGs
[2024-07-25T07:55:36.067+0000] {logging_mixin.py:188} INFO - [2024-07-25T07:55:36.066+0000] {dag.py:3947} INFO - Setting next_dagrun for tutorial_objectstorage to None, run_after=None
[2024-07-25T07:55:36.095+0000] {processor.py:183} INFO - Processing /root/.cache/pypoetry/virtualenvs/freeprise-matchmaker-BsnH11MF-py3.8/lib/python3.8/site-packages/airflow/example_dags/tutorial_objectstorage.py took 0.137 seconds
[2024-07-25T07:56:06.241+0000] {processor.py:161} INFO - Started process (PID=3127) to work on /root/.cache/pypoetry/virtualenvs/freeprise-matchmaker-BsnH11MF-py3.8/lib/python3.8/site-packages/airflow/example_dags/tutorial_objectstorage.py
[2024-07-25T07:56:06.244+0000] {processor.py:830} INFO - Processing file /root/.cache/pypoetry/virtualenvs/freeprise-matchmaker-BsnH11MF-py3.8/lib/python3.8/site-packages/airflow/example_dags/tutorial_objectstorage.py for tasks to queue
[2024-07-25T07:56:06.247+0000] {logging_mixin.py:188} INFO - [2024-07-25T07:56:06.247+0000] {dagbag.py:545} INFO - Filling up the DagBag from /root/.cache/pypoetry/virtualenvs/freeprise-matchmaker-BsnH11MF-py3.8/lib/python3.8/site-packages/airflow/example_dags/tutorial_objectstorage.py
[2024-07-25T07:56:06.263+0000] {processor.py:840} INFO - DAG(s) 'tutorial_objectstorage' retrieved from /root/.cache/pypoetry/virtualenvs/freeprise-matchmaker-BsnH11MF-py3.8/lib/python3.8/site-packages/airflow/example_dags/tutorial_objectstorage.py
[2024-07-25T07:56:06.308+0000] {logging_mixin.py:188} INFO - [2024-07-25T07:56:06.308+0000] {dag.py:3089} INFO - Sync 1 DAGs
[2024-07-25T07:56:06.330+0000] {logging_mixin.py:188} INFO - [2024-07-25T07:56:06.329+0000] {dag.py:3947} INFO - Setting next_dagrun for tutorial_objectstorage to None, run_after=None
[2024-07-25T07:56:06.362+0000] {processor.py:183} INFO - Processing /root/.cache/pypoetry/virtualenvs/freeprise-matchmaker-BsnH11MF-py3.8/lib/python3.8/site-packages/airflow/example_dags/tutorial_objectstorage.py took 0.134 seconds
[2024-07-25T07:56:36.441+0000] {processor.py:161} INFO - Started process (PID=3393) to work on /root/.cache/pypoetry/virtualenvs/freeprise-matchmaker-BsnH11MF-py3.8/lib/python3.8/site-packages/airflow/example_dags/tutorial_objectstorage.py
[2024-07-25T07:56:36.443+0000] {processor.py:830} INFO - Processing file /root/.cache/pypoetry/virtualenvs/freeprise-matchmaker-BsnH11MF-py3.8/lib/python3.8/site-packages/airflow/example_dags/tutorial_objectstorage.py for tasks to queue
[2024-07-25T07:56:36.446+0000] {logging_mixin.py:188} INFO - [2024-07-25T07:56:36.446+0000] {dagbag.py:545} INFO - Filling up the DagBag from /root/.cache/pypoetry/virtualenvs/freeprise-matchmaker-BsnH11MF-py3.8/lib/python3.8/site-packages/airflow/example_dags/tutorial_objectstorage.py
[2024-07-25T07:56:36.464+0000] {processor.py:840} INFO - DAG(s) 'tutorial_objectstorage' retrieved from /root/.cache/pypoetry/virtualenvs/freeprise-matchmaker-BsnH11MF-py3.8/lib/python3.8/site-packages/airflow/example_dags/tutorial_objectstorage.py
[2024-07-25T07:56:36.511+0000] {logging_mixin.py:188} INFO - [2024-07-25T07:56:36.511+0000] {dag.py:3089} INFO - Sync 1 DAGs
[2024-07-25T07:56:36.535+0000] {logging_mixin.py:188} INFO - [2024-07-25T07:56:36.534+0000] {dag.py:3947} INFO - Setting next_dagrun for tutorial_objectstorage to None, run_after=None
[2024-07-25T07:56:36.566+0000] {processor.py:183} INFO - Processing /root/.cache/pypoetry/virtualenvs/freeprise-matchmaker-BsnH11MF-py3.8/lib/python3.8/site-packages/airflow/example_dags/tutorial_objectstorage.py took 0.143 seconds
[2024-07-25T07:57:06.760+0000] {processor.py:161} INFO - Started process (PID=3659) to work on /root/.cache/pypoetry/virtualenvs/freeprise-matchmaker-BsnH11MF-py3.8/lib/python3.8/site-packages/airflow/example_dags/tutorial_objectstorage.py
[2024-07-25T07:57:06.762+0000] {processor.py:830} INFO - Processing file /root/.cache/pypoetry/virtualenvs/freeprise-matchmaker-BsnH11MF-py3.8/lib/python3.8/site-packages/airflow/example_dags/tutorial_objectstorage.py for tasks to queue
[2024-07-25T07:57:06.764+0000] {logging_mixin.py:188} INFO - [2024-07-25T07:57:06.764+0000] {dagbag.py:545} INFO - Filling up the DagBag from /root/.cache/pypoetry/virtualenvs/freeprise-matchmaker-BsnH11MF-py3.8/lib/python3.8/site-packages/airflow/example_dags/tutorial_objectstorage.py
[2024-07-25T07:57:06.776+0000] {processor.py:840} INFO - DAG(s) 'tutorial_objectstorage' retrieved from /root/.cache/pypoetry/virtualenvs/freeprise-matchmaker-BsnH11MF-py3.8/lib/python3.8/site-packages/airflow/example_dags/tutorial_objectstorage.py
[2024-07-25T07:57:06.814+0000] {logging_mixin.py:188} INFO - [2024-07-25T07:57:06.814+0000] {dag.py:3089} INFO - Sync 1 DAGs
[2024-07-25T07:57:06.835+0000] {logging_mixin.py:188} INFO - [2024-07-25T07:57:06.834+0000] {dag.py:3947} INFO - Setting next_dagrun for tutorial_objectstorage to None, run_after=None
[2024-07-25T07:57:06.862+0000] {processor.py:183} INFO - Processing /root/.cache/pypoetry/virtualenvs/freeprise-matchmaker-BsnH11MF-py3.8/lib/python3.8/site-packages/airflow/example_dags/tutorial_objectstorage.py took 0.114 seconds
[2024-07-25T07:57:37.193+0000] {processor.py:161} INFO - Started process (PID=3925) to work on /root/.cache/pypoetry/virtualenvs/freeprise-matchmaker-BsnH11MF-py3.8/lib/python3.8/site-packages/airflow/example_dags/tutorial_objectstorage.py
[2024-07-25T07:57:37.195+0000] {processor.py:830} INFO - Processing file /root/.cache/pypoetry/virtualenvs/freeprise-matchmaker-BsnH11MF-py3.8/lib/python3.8/site-packages/airflow/example_dags/tutorial_objectstorage.py for tasks to queue
[2024-07-25T07:57:37.198+0000] {logging_mixin.py:188} INFO - [2024-07-25T07:57:37.197+0000] {dagbag.py:545} INFO - Filling up the DagBag from /root/.cache/pypoetry/virtualenvs/freeprise-matchmaker-BsnH11MF-py3.8/lib/python3.8/site-packages/airflow/example_dags/tutorial_objectstorage.py
[2024-07-25T07:57:37.210+0000] {processor.py:840} INFO - DAG(s) 'tutorial_objectstorage' retrieved from /root/.cache/pypoetry/virtualenvs/freeprise-matchmaker-BsnH11MF-py3.8/lib/python3.8/site-packages/airflow/example_dags/tutorial_objectstorage.py
[2024-07-25T07:57:37.249+0000] {logging_mixin.py:188} INFO - [2024-07-25T07:57:37.248+0000] {dag.py:3089} INFO - Sync 1 DAGs
[2024-07-25T07:57:37.269+0000] {logging_mixin.py:188} INFO - [2024-07-25T07:57:37.269+0000] {dag.py:3947} INFO - Setting next_dagrun for tutorial_objectstorage to None, run_after=None
[2024-07-25T07:57:37.298+0000] {processor.py:183} INFO - Processing /root/.cache/pypoetry/virtualenvs/freeprise-matchmaker-BsnH11MF-py3.8/lib/python3.8/site-packages/airflow/example_dags/tutorial_objectstorage.py took 0.120 seconds
[2024-07-25T07:58:07.551+0000] {processor.py:161} INFO - Started process (PID=4191) to work on /root/.cache/pypoetry/virtualenvs/freeprise-matchmaker-BsnH11MF-py3.8/lib/python3.8/site-packages/airflow/example_dags/tutorial_objectstorage.py
[2024-07-25T07:58:07.552+0000] {processor.py:830} INFO - Processing file /root/.cache/pypoetry/virtualenvs/freeprise-matchmaker-BsnH11MF-py3.8/lib/python3.8/site-packages/airflow/example_dags/tutorial_objectstorage.py for tasks to queue
[2024-07-25T07:58:07.554+0000] {logging_mixin.py:188} INFO - [2024-07-25T07:58:07.554+0000] {dagbag.py:545} INFO - Filling up the DagBag from /root/.cache/pypoetry/virtualenvs/freeprise-matchmaker-BsnH11MF-py3.8/lib/python3.8/site-packages/airflow/example_dags/tutorial_objectstorage.py
[2024-07-25T07:58:07.566+0000] {processor.py:840} INFO - DAG(s) 'tutorial_objectstorage' retrieved from /root/.cache/pypoetry/virtualenvs/freeprise-matchmaker-BsnH11MF-py3.8/lib/python3.8/site-packages/airflow/example_dags/tutorial_objectstorage.py
[2024-07-25T07:58:07.605+0000] {logging_mixin.py:188} INFO - [2024-07-25T07:58:07.605+0000] {dag.py:3089} INFO - Sync 1 DAGs
[2024-07-25T07:58:07.627+0000] {logging_mixin.py:188} INFO - [2024-07-25T07:58:07.626+0000] {dag.py:3947} INFO - Setting next_dagrun for tutorial_objectstorage to None, run_after=None
[2024-07-25T07:58:07.656+0000] {processor.py:183} INFO - Processing /root/.cache/pypoetry/virtualenvs/freeprise-matchmaker-BsnH11MF-py3.8/lib/python3.8/site-packages/airflow/example_dags/tutorial_objectstorage.py took 0.117 seconds
[2024-07-25T07:58:37.760+0000] {processor.py:161} INFO - Started process (PID=4457) to work on /root/.cache/pypoetry/virtualenvs/freeprise-matchmaker-BsnH11MF-py3.8/lib/python3.8/site-packages/airflow/example_dags/tutorial_objectstorage.py
[2024-07-25T07:58:37.762+0000] {processor.py:830} INFO - Processing file /root/.cache/pypoetry/virtualenvs/freeprise-matchmaker-BsnH11MF-py3.8/lib/python3.8/site-packages/airflow/example_dags/tutorial_objectstorage.py for tasks to queue
[2024-07-25T07:58:37.764+0000] {logging_mixin.py:188} INFO - [2024-07-25T07:58:37.764+0000] {dagbag.py:545} INFO - Filling up the DagBag from /root/.cache/pypoetry/virtualenvs/freeprise-matchmaker-BsnH11MF-py3.8/lib/python3.8/site-packages/airflow/example_dags/tutorial_objectstorage.py
[2024-07-25T07:58:37.776+0000] {processor.py:840} INFO - DAG(s) 'tutorial_objectstorage' retrieved from /root/.cache/pypoetry/virtualenvs/freeprise-matchmaker-BsnH11MF-py3.8/lib/python3.8/site-packages/airflow/example_dags/tutorial_objectstorage.py
[2024-07-25T07:58:37.815+0000] {logging_mixin.py:188} INFO - [2024-07-25T07:58:37.814+0000] {dag.py:3089} INFO - Sync 1 DAGs
[2024-07-25T07:58:37.835+0000] {logging_mixin.py:188} INFO - [2024-07-25T07:58:37.834+0000] {dag.py:3947} INFO - Setting next_dagrun for tutorial_objectstorage to None, run_after=None
[2024-07-25T07:58:37.859+0000] {processor.py:183} INFO - Processing /root/.cache/pypoetry/virtualenvs/freeprise-matchmaker-BsnH11MF-py3.8/lib/python3.8/site-packages/airflow/example_dags/tutorial_objectstorage.py took 0.111 seconds
[2024-07-25T07:59:08.101+0000] {processor.py:161} INFO - Started process (PID=4721) to work on /root/.cache/pypoetry/virtualenvs/freeprise-matchmaker-BsnH11MF-py3.8/lib/python3.8/site-packages/airflow/example_dags/tutorial_objectstorage.py
[2024-07-25T07:59:08.103+0000] {processor.py:830} INFO - Processing file /root/.cache/pypoetry/virtualenvs/freeprise-matchmaker-BsnH11MF-py3.8/lib/python3.8/site-packages/airflow/example_dags/tutorial_objectstorage.py for tasks to queue
[2024-07-25T07:59:08.106+0000] {logging_mixin.py:188} INFO - [2024-07-25T07:59:08.106+0000] {dagbag.py:545} INFO - Filling up the DagBag from /root/.cache/pypoetry/virtualenvs/freeprise-matchmaker-BsnH11MF-py3.8/lib/python3.8/site-packages/airflow/example_dags/tutorial_objectstorage.py
[2024-07-25T07:59:08.121+0000] {processor.py:840} INFO - DAG(s) 'tutorial_objectstorage' retrieved from /root/.cache/pypoetry/virtualenvs/freeprise-matchmaker-BsnH11MF-py3.8/lib/python3.8/site-packages/airflow/example_dags/tutorial_objectstorage.py
[2024-07-25T07:59:08.174+0000] {logging_mixin.py:188} INFO - [2024-07-25T07:59:08.173+0000] {dag.py:3089} INFO - Sync 1 DAGs
[2024-07-25T07:59:08.202+0000] {logging_mixin.py:188} INFO - [2024-07-25T07:59:08.202+0000] {dag.py:3947} INFO - Setting next_dagrun for tutorial_objectstorage to None, run_after=None
[2024-07-25T07:59:08.237+0000] {processor.py:183} INFO - Processing /root/.cache/pypoetry/virtualenvs/freeprise-matchmaker-BsnH11MF-py3.8/lib/python3.8/site-packages/airflow/example_dags/tutorial_objectstorage.py took 0.150 seconds
[2024-07-25T07:59:38.490+0000] {processor.py:161} INFO - Started process (PID=4989) to work on /root/.cache/pypoetry/virtualenvs/freeprise-matchmaker-BsnH11MF-py3.8/lib/python3.8/site-packages/airflow/example_dags/tutorial_objectstorage.py
[2024-07-25T07:59:38.491+0000] {processor.py:830} INFO - Processing file /root/.cache/pypoetry/virtualenvs/freeprise-matchmaker-BsnH11MF-py3.8/lib/python3.8/site-packages/airflow/example_dags/tutorial_objectstorage.py for tasks to queue
[2024-07-25T07:59:38.495+0000] {logging_mixin.py:188} INFO - [2024-07-25T07:59:38.495+0000] {dagbag.py:545} INFO - Filling up the DagBag from /root/.cache/pypoetry/virtualenvs/freeprise-matchmaker-BsnH11MF-py3.8/lib/python3.8/site-packages/airflow/example_dags/tutorial_objectstorage.py
[2024-07-25T07:59:38.510+0000] {processor.py:840} INFO - DAG(s) 'tutorial_objectstorage' retrieved from /root/.cache/pypoetry/virtualenvs/freeprise-matchmaker-BsnH11MF-py3.8/lib/python3.8/site-packages/airflow/example_dags/tutorial_objectstorage.py
[2024-07-25T07:59:38.558+0000] {logging_mixin.py:188} INFO - [2024-07-25T07:59:38.558+0000] {dag.py:3089} INFO - Sync 1 DAGs
[2024-07-25T07:59:38.585+0000] {logging_mixin.py:188} INFO - [2024-07-25T07:59:38.585+0000] {dag.py:3947} INFO - Setting next_dagrun for tutorial_objectstorage to None, run_after=None
[2024-07-25T07:59:38.621+0000] {processor.py:183} INFO - Processing /root/.cache/pypoetry/virtualenvs/freeprise-matchmaker-BsnH11MF-py3.8/lib/python3.8/site-packages/airflow/example_dags/tutorial_objectstorage.py took 0.148 seconds
[2024-07-25T08:00:09.088+0000] {processor.py:161} INFO - Started process (PID=5253) to work on /root/.cache/pypoetry/virtualenvs/freeprise-matchmaker-BsnH11MF-py3.8/lib/python3.8/site-packages/airflow/example_dags/tutorial_objectstorage.py
[2024-07-25T08:00:09.091+0000] {processor.py:830} INFO - Processing file /root/.cache/pypoetry/virtualenvs/freeprise-matchmaker-BsnH11MF-py3.8/lib/python3.8/site-packages/airflow/example_dags/tutorial_objectstorage.py for tasks to queue
[2024-07-25T08:00:09.094+0000] {logging_mixin.py:188} INFO - [2024-07-25T08:00:09.093+0000] {dagbag.py:545} INFO - Filling up the DagBag from /root/.cache/pypoetry/virtualenvs/freeprise-matchmaker-BsnH11MF-py3.8/lib/python3.8/site-packages/airflow/example_dags/tutorial_objectstorage.py
[2024-07-25T08:00:09.108+0000] {processor.py:840} INFO - DAG(s) 'tutorial_objectstorage' retrieved from /root/.cache/pypoetry/virtualenvs/freeprise-matchmaker-BsnH11MF-py3.8/lib/python3.8/site-packages/airflow/example_dags/tutorial_objectstorage.py
[2024-07-25T08:00:09.163+0000] {logging_mixin.py:188} INFO - [2024-07-25T08:00:09.162+0000] {dag.py:3089} INFO - Sync 1 DAGs
[2024-07-25T08:00:09.195+0000] {logging_mixin.py:188} INFO - [2024-07-25T08:00:09.195+0000] {dag.py:3947} INFO - Setting next_dagrun for tutorial_objectstorage to None, run_after=None
[2024-07-25T08:00:09.305+0000] {processor.py:183} INFO - Processing /root/.cache/pypoetry/virtualenvs/freeprise-matchmaker-BsnH11MF-py3.8/lib/python3.8/site-packages/airflow/example_dags/tutorial_objectstorage.py took 0.231 seconds
[2024-07-25T08:00:39.820+0000] {processor.py:161} INFO - Started process (PID=5519) to work on /root/.cache/pypoetry/virtualenvs/freeprise-matchmaker-BsnH11MF-py3.8/lib/python3.8/site-packages/airflow/example_dags/tutorial_objectstorage.py
[2024-07-25T08:00:39.829+0000] {processor.py:830} INFO - Processing file /root/.cache/pypoetry/virtualenvs/freeprise-matchmaker-BsnH11MF-py3.8/lib/python3.8/site-packages/airflow/example_dags/tutorial_objectstorage.py for tasks to queue
[2024-07-25T08:00:39.837+0000] {logging_mixin.py:188} INFO - [2024-07-25T08:00:39.835+0000] {dagbag.py:545} INFO - Filling up the DagBag from /root/.cache/pypoetry/virtualenvs/freeprise-matchmaker-BsnH11MF-py3.8/lib/python3.8/site-packages/airflow/example_dags/tutorial_objectstorage.py
[2024-07-25T08:00:39.881+0000] {processor.py:840} INFO - DAG(s) 'tutorial_objectstorage' retrieved from /root/.cache/pypoetry/virtualenvs/freeprise-matchmaker-BsnH11MF-py3.8/lib/python3.8/site-packages/airflow/example_dags/tutorial_objectstorage.py
[2024-07-25T08:00:39.987+0000] {logging_mixin.py:188} INFO - [2024-07-25T08:00:39.987+0000] {dag.py:3089} INFO - Sync 1 DAGs
[2024-07-25T08:00:40.048+0000] {logging_mixin.py:188} INFO - [2024-07-25T08:00:40.047+0000] {dag.py:3947} INFO - Setting next_dagrun for tutorial_objectstorage to None, run_after=None
[2024-07-25T08:00:40.151+0000] {processor.py:183} INFO - Processing /root/.cache/pypoetry/virtualenvs/freeprise-matchmaker-BsnH11MF-py3.8/lib/python3.8/site-packages/airflow/example_dags/tutorial_objectstorage.py took 0.372 seconds
[2024-07-25T08:01:10.603+0000] {processor.py:161} INFO - Started process (PID=5787) to work on /root/.cache/pypoetry/virtualenvs/freeprise-matchmaker-BsnH11MF-py3.8/lib/python3.8/site-packages/airflow/example_dags/tutorial_objectstorage.py
[2024-07-25T08:01:10.606+0000] {processor.py:830} INFO - Processing file /root/.cache/pypoetry/virtualenvs/freeprise-matchmaker-BsnH11MF-py3.8/lib/python3.8/site-packages/airflow/example_dags/tutorial_objectstorage.py for tasks to queue
[2024-07-25T08:01:10.609+0000] {logging_mixin.py:188} INFO - [2024-07-25T08:01:10.608+0000] {dagbag.py:545} INFO - Filling up the DagBag from /root/.cache/pypoetry/virtualenvs/freeprise-matchmaker-BsnH11MF-py3.8/lib/python3.8/site-packages/airflow/example_dags/tutorial_objectstorage.py
[2024-07-25T08:01:10.621+0000] {processor.py:840} INFO - DAG(s) 'tutorial_objectstorage' retrieved from /root/.cache/pypoetry/virtualenvs/freeprise-matchmaker-BsnH11MF-py3.8/lib/python3.8/site-packages/airflow/example_dags/tutorial_objectstorage.py
[2024-07-25T08:01:10.662+0000] {logging_mixin.py:188} INFO - [2024-07-25T08:01:10.661+0000] {dag.py:3089} INFO - Sync 1 DAGs
[2024-07-25T08:01:10.685+0000] {logging_mixin.py:188} INFO - [2024-07-25T08:01:10.684+0000] {dag.py:3947} INFO - Setting next_dagrun for tutorial_objectstorage to None, run_after=None
[2024-07-25T08:01:10.718+0000] {processor.py:183} INFO - Processing /root/.cache/pypoetry/virtualenvs/freeprise-matchmaker-BsnH11MF-py3.8/lib/python3.8/site-packages/airflow/example_dags/tutorial_objectstorage.py took 0.130 seconds
