[2024-07-25T07:50:27.791+0000] {processor.py:161} INFO - Started process (PID=171) to work on /root/.cache/pypoetry/virtualenvs/freeprise-matchmaker-BsnH11MF-py3.8/lib/python3.8/site-packages/airflow/example_dags/subdags/subdag.py
[2024-07-25T07:50:27.794+0000] {processor.py:830} INFO - Processing file /root/.cache/pypoetry/virtualenvs/freeprise-matchmaker-BsnH11MF-py3.8/lib/python3.8/site-packages/airflow/example_dags/subdags/subdag.py for tasks to queue
[2024-07-25T07:50:27.799+0000] {logging_mixin.py:188} INFO - [2024-07-25T07:50:27.798+0000] {dagbag.py:545} INFO - Filling up the DagBag from /root/.cache/pypoetry/virtualenvs/freeprise-matchmaker-BsnH11MF-py3.8/lib/python3.8/site-packages/airflow/example_dags/subdags/subdag.py
[2024-07-25T07:50:27.805+0000] {processor.py:842} WARNING - No viable dags retrieved from /root/.cache/pypoetry/virtualenvs/freeprise-matchmaker-BsnH11MF-py3.8/lib/python3.8/site-packages/airflow/example_dags/subdags/subdag.py
[2024-07-25T07:50:27.853+0000] {processor.py:183} INFO - Processing /root/.cache/pypoetry/virtualenvs/freeprise-matchmaker-BsnH11MF-py3.8/lib/python3.8/site-packages/airflow/example_dags/subdags/subdag.py took 0.085 seconds
[2024-07-25T07:50:58.071+0000] {processor.py:161} INFO - Started process (PID=437) to work on /root/.cache/pypoetry/virtualenvs/freeprise-matchmaker-BsnH11MF-py3.8/lib/python3.8/site-packages/airflow/example_dags/subdags/subdag.py
[2024-07-25T07:50:58.073+0000] {processor.py:830} INFO - Processing file /root/.cache/pypoetry/virtualenvs/freeprise-matchmaker-BsnH11MF-py3.8/lib/python3.8/site-packages/airflow/example_dags/subdags/subdag.py for tasks to queue
[2024-07-25T07:50:58.077+0000] {logging_mixin.py:188} INFO - [2024-07-25T07:50:58.076+0000] {dagbag.py:545} INFO - Filling up the DagBag from /root/.cache/pypoetry/virtualenvs/freeprise-matchmaker-BsnH11MF-py3.8/lib/python3.8/site-packages/airflow/example_dags/subdags/subdag.py
[2024-07-25T07:50:58.080+0000] {processor.py:842} WARNING - No viable dags retrieved from /root/.cache/pypoetry/virtualenvs/freeprise-matchmaker-BsnH11MF-py3.8/lib/python3.8/site-packages/airflow/example_dags/subdags/subdag.py
[2024-07-25T07:50:58.112+0000] {processor.py:183} INFO - Processing /root/.cache/pypoetry/virtualenvs/freeprise-matchmaker-BsnH11MF-py3.8/lib/python3.8/site-packages/airflow/example_dags/subdags/subdag.py took 0.057 seconds
[2024-07-25T07:51:28.430+0000] {processor.py:161} INFO - Started process (PID=703) to work on /root/.cache/pypoetry/virtualenvs/freeprise-matchmaker-BsnH11MF-py3.8/lib/python3.8/site-packages/airflow/example_dags/subdags/subdag.py
[2024-07-25T07:51:28.433+0000] {processor.py:830} INFO - Processing file /root/.cache/pypoetry/virtualenvs/freeprise-matchmaker-BsnH11MF-py3.8/lib/python3.8/site-packages/airflow/example_dags/subdags/subdag.py for tasks to queue
[2024-07-25T07:51:28.437+0000] {logging_mixin.py:188} INFO - [2024-07-25T07:51:28.435+0000] {dagbag.py:545} INFO - Filling up the DagBag from /root/.cache/pypoetry/virtualenvs/freeprise-matchmaker-BsnH11MF-py3.8/lib/python3.8/site-packages/airflow/example_dags/subdags/subdag.py
[2024-07-25T07:51:28.440+0000] {processor.py:842} WARNING - No viable dags retrieved from /root/.cache/pypoetry/virtualenvs/freeprise-matchmaker-BsnH11MF-py3.8/lib/python3.8/site-packages/airflow/example_dags/subdags/subdag.py
[2024-07-25T07:51:28.469+0000] {processor.py:183} INFO - Processing /root/.cache/pypoetry/virtualenvs/freeprise-matchmaker-BsnH11MF-py3.8/lib/python3.8/site-packages/airflow/example_dags/subdags/subdag.py took 0.055 seconds
[2024-07-25T07:51:58.686+0000] {processor.py:161} INFO - Started process (PID=969) to work on /root/.cache/pypoetry/virtualenvs/freeprise-matchmaker-BsnH11MF-py3.8/lib/python3.8/site-packages/airflow/example_dags/subdags/subdag.py
[2024-07-25T07:51:58.687+0000] {processor.py:830} INFO - Processing file /root/.cache/pypoetry/virtualenvs/freeprise-matchmaker-BsnH11MF-py3.8/lib/python3.8/site-packages/airflow/example_dags/subdags/subdag.py for tasks to queue
[2024-07-25T07:51:58.689+0000] {logging_mixin.py:188} INFO - [2024-07-25T07:51:58.689+0000] {dagbag.py:545} INFO - Filling up the DagBag from /root/.cache/pypoetry/virtualenvs/freeprise-matchmaker-BsnH11MF-py3.8/lib/python3.8/site-packages/airflow/example_dags/subdags/subdag.py
[2024-07-25T07:51:58.693+0000] {processor.py:842} WARNING - No viable dags retrieved from /root/.cache/pypoetry/virtualenvs/freeprise-matchmaker-BsnH11MF-py3.8/lib/python3.8/site-packages/airflow/example_dags/subdags/subdag.py
[2024-07-25T07:51:58.725+0000] {processor.py:183} INFO - Processing /root/.cache/pypoetry/virtualenvs/freeprise-matchmaker-BsnH11MF-py3.8/lib/python3.8/site-packages/airflow/example_dags/subdags/subdag.py took 0.053 seconds
[2024-07-25T07:52:28.781+0000] {processor.py:161} INFO - Started process (PID=1235) to work on /root/.cache/pypoetry/virtualenvs/freeprise-matchmaker-BsnH11MF-py3.8/lib/python3.8/site-packages/airflow/example_dags/subdags/subdag.py
[2024-07-25T07:52:28.782+0000] {processor.py:830} INFO - Processing file /root/.cache/pypoetry/virtualenvs/freeprise-matchmaker-BsnH11MF-py3.8/lib/python3.8/site-packages/airflow/example_dags/subdags/subdag.py for tasks to queue
[2024-07-25T07:52:28.785+0000] {logging_mixin.py:188} INFO - [2024-07-25T07:52:28.784+0000] {dagbag.py:545} INFO - Filling up the DagBag from /root/.cache/pypoetry/virtualenvs/freeprise-matchmaker-BsnH11MF-py3.8/lib/python3.8/site-packages/airflow/example_dags/subdags/subdag.py
[2024-07-25T07:52:28.788+0000] {processor.py:842} WARNING - No viable dags retrieved from /root/.cache/pypoetry/virtualenvs/freeprise-matchmaker-BsnH11MF-py3.8/lib/python3.8/site-packages/airflow/example_dags/subdags/subdag.py
[2024-07-25T07:52:28.816+0000] {processor.py:183} INFO - Processing /root/.cache/pypoetry/virtualenvs/freeprise-matchmaker-BsnH11MF-py3.8/lib/python3.8/site-packages/airflow/example_dags/subdags/subdag.py took 0.050 seconds
[2024-07-25T07:52:59.231+0000] {processor.py:161} INFO - Started process (PID=1501) to work on /root/.cache/pypoetry/virtualenvs/freeprise-matchmaker-BsnH11MF-py3.8/lib/python3.8/site-packages/airflow/example_dags/subdags/subdag.py
[2024-07-25T07:52:59.233+0000] {processor.py:830} INFO - Processing file /root/.cache/pypoetry/virtualenvs/freeprise-matchmaker-BsnH11MF-py3.8/lib/python3.8/site-packages/airflow/example_dags/subdags/subdag.py for tasks to queue
[2024-07-25T07:52:59.237+0000] {logging_mixin.py:188} INFO - [2024-07-25T07:52:59.237+0000] {dagbag.py:545} INFO - Filling up the DagBag from /root/.cache/pypoetry/virtualenvs/freeprise-matchmaker-BsnH11MF-py3.8/lib/python3.8/site-packages/airflow/example_dags/subdags/subdag.py
[2024-07-25T07:52:59.241+0000] {processor.py:842} WARNING - No viable dags retrieved from /root/.cache/pypoetry/virtualenvs/freeprise-matchmaker-BsnH11MF-py3.8/lib/python3.8/site-packages/airflow/example_dags/subdags/subdag.py
[2024-07-25T07:52:59.271+0000] {processor.py:183} INFO - Processing /root/.cache/pypoetry/virtualenvs/freeprise-matchmaker-BsnH11MF-py3.8/lib/python3.8/site-packages/airflow/example_dags/subdags/subdag.py took 0.056 seconds
[2024-07-25T07:53:29.401+0000] {processor.py:161} INFO - Started process (PID=1767) to work on /root/.cache/pypoetry/virtualenvs/freeprise-matchmaker-BsnH11MF-py3.8/lib/python3.8/site-packages/airflow/example_dags/subdags/subdag.py
[2024-07-25T07:53:29.404+0000] {processor.py:830} INFO - Processing file /root/.cache/pypoetry/virtualenvs/freeprise-matchmaker-BsnH11MF-py3.8/lib/python3.8/site-packages/airflow/example_dags/subdags/subdag.py for tasks to queue
[2024-07-25T07:53:29.409+0000] {logging_mixin.py:188} INFO - [2024-07-25T07:53:29.407+0000] {dagbag.py:545} INFO - Filling up the DagBag from /root/.cache/pypoetry/virtualenvs/freeprise-matchmaker-BsnH11MF-py3.8/lib/python3.8/site-packages/airflow/example_dags/subdags/subdag.py
[2024-07-25T07:53:29.412+0000] {processor.py:842} WARNING - No viable dags retrieved from /root/.cache/pypoetry/virtualenvs/freeprise-matchmaker-BsnH11MF-py3.8/lib/python3.8/site-packages/airflow/example_dags/subdags/subdag.py
[2024-07-25T07:53:29.443+0000] {processor.py:183} INFO - Processing /root/.cache/pypoetry/virtualenvs/freeprise-matchmaker-BsnH11MF-py3.8/lib/python3.8/site-packages/airflow/example_dags/subdags/subdag.py took 0.058 seconds
[2024-07-25T07:53:59.882+0000] {processor.py:161} INFO - Started process (PID=2033) to work on /root/.cache/pypoetry/virtualenvs/freeprise-matchmaker-BsnH11MF-py3.8/lib/python3.8/site-packages/airflow/example_dags/subdags/subdag.py
[2024-07-25T07:53:59.885+0000] {processor.py:830} INFO - Processing file /root/.cache/pypoetry/virtualenvs/freeprise-matchmaker-BsnH11MF-py3.8/lib/python3.8/site-packages/airflow/example_dags/subdags/subdag.py for tasks to queue
[2024-07-25T07:53:59.890+0000] {logging_mixin.py:188} INFO - [2024-07-25T07:53:59.889+0000] {dagbag.py:545} INFO - Filling up the DagBag from /root/.cache/pypoetry/virtualenvs/freeprise-matchmaker-BsnH11MF-py3.8/lib/python3.8/site-packages/airflow/example_dags/subdags/subdag.py
[2024-07-25T07:53:59.894+0000] {processor.py:842} WARNING - No viable dags retrieved from /root/.cache/pypoetry/virtualenvs/freeprise-matchmaker-BsnH11MF-py3.8/lib/python3.8/site-packages/airflow/example_dags/subdags/subdag.py
[2024-07-25T07:53:59.934+0000] {processor.py:183} INFO - Processing /root/.cache/pypoetry/virtualenvs/freeprise-matchmaker-BsnH11MF-py3.8/lib/python3.8/site-packages/airflow/example_dags/subdags/subdag.py took 0.068 seconds
[2024-07-25T07:54:30.298+0000] {processor.py:161} INFO - Started process (PID=2299) to work on /root/.cache/pypoetry/virtualenvs/freeprise-matchmaker-BsnH11MF-py3.8/lib/python3.8/site-packages/airflow/example_dags/subdags/subdag.py
[2024-07-25T07:54:30.299+0000] {processor.py:830} INFO - Processing file /root/.cache/pypoetry/virtualenvs/freeprise-matchmaker-BsnH11MF-py3.8/lib/python3.8/site-packages/airflow/example_dags/subdags/subdag.py for tasks to queue
[2024-07-25T07:54:30.303+0000] {logging_mixin.py:188} INFO - [2024-07-25T07:54:30.302+0000] {dagbag.py:545} INFO - Filling up the DagBag from /root/.cache/pypoetry/virtualenvs/freeprise-matchmaker-BsnH11MF-py3.8/lib/python3.8/site-packages/airflow/example_dags/subdags/subdag.py
[2024-07-25T07:54:30.307+0000] {processor.py:842} WARNING - No viable dags retrieved from /root/.cache/pypoetry/virtualenvs/freeprise-matchmaker-BsnH11MF-py3.8/lib/python3.8/site-packages/airflow/example_dags/subdags/subdag.py
[2024-07-25T07:54:30.339+0000] {processor.py:183} INFO - Processing /root/.cache/pypoetry/virtualenvs/freeprise-matchmaker-BsnH11MF-py3.8/lib/python3.8/site-packages/airflow/example_dags/subdags/subdag.py took 0.058 seconds
[2024-07-25T07:55:00.491+0000] {processor.py:161} INFO - Started process (PID=2565) to work on /root/.cache/pypoetry/virtualenvs/freeprise-matchmaker-BsnH11MF-py3.8/lib/python3.8/site-packages/airflow/example_dags/subdags/subdag.py
[2024-07-25T07:55:00.494+0000] {processor.py:830} INFO - Processing file /root/.cache/pypoetry/virtualenvs/freeprise-matchmaker-BsnH11MF-py3.8/lib/python3.8/site-packages/airflow/example_dags/subdags/subdag.py for tasks to queue
[2024-07-25T07:55:00.497+0000] {logging_mixin.py:188} INFO - [2024-07-25T07:55:00.496+0000] {dagbag.py:545} INFO - Filling up the DagBag from /root/.cache/pypoetry/virtualenvs/freeprise-matchmaker-BsnH11MF-py3.8/lib/python3.8/site-packages/airflow/example_dags/subdags/subdag.py
[2024-07-25T07:55:00.501+0000] {processor.py:842} WARNING - No viable dags retrieved from /root/.cache/pypoetry/virtualenvs/freeprise-matchmaker-BsnH11MF-py3.8/lib/python3.8/site-packages/airflow/example_dags/subdags/subdag.py
[2024-07-25T07:55:00.535+0000] {processor.py:183} INFO - Processing /root/.cache/pypoetry/virtualenvs/freeprise-matchmaker-BsnH11MF-py3.8/lib/python3.8/site-packages/airflow/example_dags/subdags/subdag.py took 0.060 seconds
[2024-07-25T07:55:30.786+0000] {processor.py:161} INFO - Started process (PID=2831) to work on /root/.cache/pypoetry/virtualenvs/freeprise-matchmaker-BsnH11MF-py3.8/lib/python3.8/site-packages/airflow/example_dags/subdags/subdag.py
[2024-07-25T07:55:30.787+0000] {processor.py:830} INFO - Processing file /root/.cache/pypoetry/virtualenvs/freeprise-matchmaker-BsnH11MF-py3.8/lib/python3.8/site-packages/airflow/example_dags/subdags/subdag.py for tasks to queue
[2024-07-25T07:55:30.791+0000] {logging_mixin.py:188} INFO - [2024-07-25T07:55:30.790+0000] {dagbag.py:545} INFO - Filling up the DagBag from /root/.cache/pypoetry/virtualenvs/freeprise-matchmaker-BsnH11MF-py3.8/lib/python3.8/site-packages/airflow/example_dags/subdags/subdag.py
[2024-07-25T07:55:30.795+0000] {processor.py:842} WARNING - No viable dags retrieved from /root/.cache/pypoetry/virtualenvs/freeprise-matchmaker-BsnH11MF-py3.8/lib/python3.8/site-packages/airflow/example_dags/subdags/subdag.py
[2024-07-25T07:55:30.828+0000] {processor.py:183} INFO - Processing /root/.cache/pypoetry/virtualenvs/freeprise-matchmaker-BsnH11MF-py3.8/lib/python3.8/site-packages/airflow/example_dags/subdags/subdag.py took 0.059 seconds
[2024-07-25T07:56:01.052+0000] {processor.py:161} INFO - Started process (PID=3097) to work on /root/.cache/pypoetry/virtualenvs/freeprise-matchmaker-BsnH11MF-py3.8/lib/python3.8/site-packages/airflow/example_dags/subdags/subdag.py
[2024-07-25T07:56:01.061+0000] {processor.py:830} INFO - Processing file /root/.cache/pypoetry/virtualenvs/freeprise-matchmaker-BsnH11MF-py3.8/lib/python3.8/site-packages/airflow/example_dags/subdags/subdag.py for tasks to queue
[2024-07-25T07:56:01.064+0000] {logging_mixin.py:188} INFO - [2024-07-25T07:56:01.064+0000] {dagbag.py:545} INFO - Filling up the DagBag from /root/.cache/pypoetry/virtualenvs/freeprise-matchmaker-BsnH11MF-py3.8/lib/python3.8/site-packages/airflow/example_dags/subdags/subdag.py
[2024-07-25T07:56:01.067+0000] {processor.py:842} WARNING - No viable dags retrieved from /root/.cache/pypoetry/virtualenvs/freeprise-matchmaker-BsnH11MF-py3.8/lib/python3.8/site-packages/airflow/example_dags/subdags/subdag.py
[2024-07-25T07:56:01.096+0000] {processor.py:183} INFO - Processing /root/.cache/pypoetry/virtualenvs/freeprise-matchmaker-BsnH11MF-py3.8/lib/python3.8/site-packages/airflow/example_dags/subdags/subdag.py took 0.060 seconds
[2024-07-25T07:56:31.203+0000] {processor.py:161} INFO - Started process (PID=3363) to work on /root/.cache/pypoetry/virtualenvs/freeprise-matchmaker-BsnH11MF-py3.8/lib/python3.8/site-packages/airflow/example_dags/subdags/subdag.py
[2024-07-25T07:56:31.205+0000] {processor.py:830} INFO - Processing file /root/.cache/pypoetry/virtualenvs/freeprise-matchmaker-BsnH11MF-py3.8/lib/python3.8/site-packages/airflow/example_dags/subdags/subdag.py for tasks to queue
[2024-07-25T07:56:31.209+0000] {logging_mixin.py:188} INFO - [2024-07-25T07:56:31.208+0000] {dagbag.py:545} INFO - Filling up the DagBag from /root/.cache/pypoetry/virtualenvs/freeprise-matchmaker-BsnH11MF-py3.8/lib/python3.8/site-packages/airflow/example_dags/subdags/subdag.py
[2024-07-25T07:56:31.213+0000] {processor.py:842} WARNING - No viable dags retrieved from /root/.cache/pypoetry/virtualenvs/freeprise-matchmaker-BsnH11MF-py3.8/lib/python3.8/site-packages/airflow/example_dags/subdags/subdag.py
[2024-07-25T07:56:31.246+0000] {processor.py:183} INFO - Processing /root/.cache/pypoetry/virtualenvs/freeprise-matchmaker-BsnH11MF-py3.8/lib/python3.8/site-packages/airflow/example_dags/subdags/subdag.py took 0.059 seconds
[2024-07-25T07:57:01.383+0000] {processor.py:161} INFO - Started process (PID=3629) to work on /root/.cache/pypoetry/virtualenvs/freeprise-matchmaker-BsnH11MF-py3.8/lib/python3.8/site-packages/airflow/example_dags/subdags/subdag.py
[2024-07-25T07:57:01.385+0000] {processor.py:830} INFO - Processing file /root/.cache/pypoetry/virtualenvs/freeprise-matchmaker-BsnH11MF-py3.8/lib/python3.8/site-packages/airflow/example_dags/subdags/subdag.py for tasks to queue
[2024-07-25T07:57:01.388+0000] {logging_mixin.py:188} INFO - [2024-07-25T07:57:01.387+0000] {dagbag.py:545} INFO - Filling up the DagBag from /root/.cache/pypoetry/virtualenvs/freeprise-matchmaker-BsnH11MF-py3.8/lib/python3.8/site-packages/airflow/example_dags/subdags/subdag.py
[2024-07-25T07:57:01.391+0000] {processor.py:842} WARNING - No viable dags retrieved from /root/.cache/pypoetry/virtualenvs/freeprise-matchmaker-BsnH11MF-py3.8/lib/python3.8/site-packages/airflow/example_dags/subdags/subdag.py
[2024-07-25T07:57:01.420+0000] {processor.py:183} INFO - Processing /root/.cache/pypoetry/virtualenvs/freeprise-matchmaker-BsnH11MF-py3.8/lib/python3.8/site-packages/airflow/example_dags/subdags/subdag.py took 0.050 seconds
[2024-07-25T07:57:31.811+0000] {processor.py:161} INFO - Started process (PID=3895) to work on /root/.cache/pypoetry/virtualenvs/freeprise-matchmaker-BsnH11MF-py3.8/lib/python3.8/site-packages/airflow/example_dags/subdags/subdag.py
[2024-07-25T07:57:31.813+0000] {processor.py:830} INFO - Processing file /root/.cache/pypoetry/virtualenvs/freeprise-matchmaker-BsnH11MF-py3.8/lib/python3.8/site-packages/airflow/example_dags/subdags/subdag.py for tasks to queue
[2024-07-25T07:57:31.817+0000] {logging_mixin.py:188} INFO - [2024-07-25T07:57:31.816+0000] {dagbag.py:545} INFO - Filling up the DagBag from /root/.cache/pypoetry/virtualenvs/freeprise-matchmaker-BsnH11MF-py3.8/lib/python3.8/site-packages/airflow/example_dags/subdags/subdag.py
[2024-07-25T07:57:31.821+0000] {processor.py:842} WARNING - No viable dags retrieved from /root/.cache/pypoetry/virtualenvs/freeprise-matchmaker-BsnH11MF-py3.8/lib/python3.8/site-packages/airflow/example_dags/subdags/subdag.py
[2024-07-25T07:57:31.856+0000] {processor.py:183} INFO - Processing /root/.cache/pypoetry/virtualenvs/freeprise-matchmaker-BsnH11MF-py3.8/lib/python3.8/site-packages/airflow/example_dags/subdags/subdag.py took 0.061 seconds
[2024-07-25T07:58:02.171+0000] {processor.py:161} INFO - Started process (PID=4161) to work on /root/.cache/pypoetry/virtualenvs/freeprise-matchmaker-BsnH11MF-py3.8/lib/python3.8/site-packages/airflow/example_dags/subdags/subdag.py
[2024-07-25T07:58:02.172+0000] {processor.py:830} INFO - Processing file /root/.cache/pypoetry/virtualenvs/freeprise-matchmaker-BsnH11MF-py3.8/lib/python3.8/site-packages/airflow/example_dags/subdags/subdag.py for tasks to queue
[2024-07-25T07:58:02.175+0000] {logging_mixin.py:188} INFO - [2024-07-25T07:58:02.175+0000] {dagbag.py:545} INFO - Filling up the DagBag from /root/.cache/pypoetry/virtualenvs/freeprise-matchmaker-BsnH11MF-py3.8/lib/python3.8/site-packages/airflow/example_dags/subdags/subdag.py
[2024-07-25T07:58:02.180+0000] {processor.py:842} WARNING - No viable dags retrieved from /root/.cache/pypoetry/virtualenvs/freeprise-matchmaker-BsnH11MF-py3.8/lib/python3.8/site-packages/airflow/example_dags/subdags/subdag.py
[2024-07-25T07:58:02.210+0000] {processor.py:183} INFO - Processing /root/.cache/pypoetry/virtualenvs/freeprise-matchmaker-BsnH11MF-py3.8/lib/python3.8/site-packages/airflow/example_dags/subdags/subdag.py took 0.056 seconds
[2024-07-25T07:58:32.390+0000] {processor.py:161} INFO - Started process (PID=4427) to work on /root/.cache/pypoetry/virtualenvs/freeprise-matchmaker-BsnH11MF-py3.8/lib/python3.8/site-packages/airflow/example_dags/subdags/subdag.py
[2024-07-25T07:58:32.392+0000] {processor.py:830} INFO - Processing file /root/.cache/pypoetry/virtualenvs/freeprise-matchmaker-BsnH11MF-py3.8/lib/python3.8/site-packages/airflow/example_dags/subdags/subdag.py for tasks to queue
[2024-07-25T07:58:32.395+0000] {logging_mixin.py:188} INFO - [2024-07-25T07:58:32.394+0000] {dagbag.py:545} INFO - Filling up the DagBag from /root/.cache/pypoetry/virtualenvs/freeprise-matchmaker-BsnH11MF-py3.8/lib/python3.8/site-packages/airflow/example_dags/subdags/subdag.py
[2024-07-25T07:58:32.398+0000] {processor.py:842} WARNING - No viable dags retrieved from /root/.cache/pypoetry/virtualenvs/freeprise-matchmaker-BsnH11MF-py3.8/lib/python3.8/site-packages/airflow/example_dags/subdags/subdag.py
[2024-07-25T07:58:32.433+0000] {processor.py:183} INFO - Processing /root/.cache/pypoetry/virtualenvs/freeprise-matchmaker-BsnH11MF-py3.8/lib/python3.8/site-packages/airflow/example_dags/subdags/subdag.py took 0.056 seconds
[2024-07-25T07:59:02.774+0000] {processor.py:161} INFO - Started process (PID=4693) to work on /root/.cache/pypoetry/virtualenvs/freeprise-matchmaker-BsnH11MF-py3.8/lib/python3.8/site-packages/airflow/example_dags/subdags/subdag.py
[2024-07-25T07:59:02.777+0000] {processor.py:830} INFO - Processing file /root/.cache/pypoetry/virtualenvs/freeprise-matchmaker-BsnH11MF-py3.8/lib/python3.8/site-packages/airflow/example_dags/subdags/subdag.py for tasks to queue
[2024-07-25T07:59:02.784+0000] {logging_mixin.py:188} INFO - [2024-07-25T07:59:02.783+0000] {dagbag.py:545} INFO - Filling up the DagBag from /root/.cache/pypoetry/virtualenvs/freeprise-matchmaker-BsnH11MF-py3.8/lib/python3.8/site-packages/airflow/example_dags/subdags/subdag.py
[2024-07-25T07:59:02.788+0000] {processor.py:842} WARNING - No viable dags retrieved from /root/.cache/pypoetry/virtualenvs/freeprise-matchmaker-BsnH11MF-py3.8/lib/python3.8/site-packages/airflow/example_dags/subdags/subdag.py
[2024-07-25T07:59:02.825+0000] {processor.py:183} INFO - Processing /root/.cache/pypoetry/virtualenvs/freeprise-matchmaker-BsnH11MF-py3.8/lib/python3.8/site-packages/airflow/example_dags/subdags/subdag.py took 0.067 seconds
[2024-07-25T07:59:33.019+0000] {processor.py:161} INFO - Started process (PID=4959) to work on /root/.cache/pypoetry/virtualenvs/freeprise-matchmaker-BsnH11MF-py3.8/lib/python3.8/site-packages/airflow/example_dags/subdags/subdag.py
[2024-07-25T07:59:33.022+0000] {processor.py:830} INFO - Processing file /root/.cache/pypoetry/virtualenvs/freeprise-matchmaker-BsnH11MF-py3.8/lib/python3.8/site-packages/airflow/example_dags/subdags/subdag.py for tasks to queue
[2024-07-25T07:59:33.025+0000] {logging_mixin.py:188} INFO - [2024-07-25T07:59:33.024+0000] {dagbag.py:545} INFO - Filling up the DagBag from /root/.cache/pypoetry/virtualenvs/freeprise-matchmaker-BsnH11MF-py3.8/lib/python3.8/site-packages/airflow/example_dags/subdags/subdag.py
[2024-07-25T07:59:33.029+0000] {processor.py:842} WARNING - No viable dags retrieved from /root/.cache/pypoetry/virtualenvs/freeprise-matchmaker-BsnH11MF-py3.8/lib/python3.8/site-packages/airflow/example_dags/subdags/subdag.py
[2024-07-25T07:59:33.086+0000] {processor.py:183} INFO - Processing /root/.cache/pypoetry/virtualenvs/freeprise-matchmaker-BsnH11MF-py3.8/lib/python3.8/site-packages/airflow/example_dags/subdags/subdag.py took 0.083 seconds
[2024-07-25T08:00:03.670+0000] {processor.py:161} INFO - Started process (PID=5225) to work on /root/.cache/pypoetry/virtualenvs/freeprise-matchmaker-BsnH11MF-py3.8/lib/python3.8/site-packages/airflow/example_dags/subdags/subdag.py
[2024-07-25T08:00:03.672+0000] {processor.py:830} INFO - Processing file /root/.cache/pypoetry/virtualenvs/freeprise-matchmaker-BsnH11MF-py3.8/lib/python3.8/site-packages/airflow/example_dags/subdags/subdag.py for tasks to queue
[2024-07-25T08:00:03.675+0000] {logging_mixin.py:188} INFO - [2024-07-25T08:00:03.674+0000] {dagbag.py:545} INFO - Filling up the DagBag from /root/.cache/pypoetry/virtualenvs/freeprise-matchmaker-BsnH11MF-py3.8/lib/python3.8/site-packages/airflow/example_dags/subdags/subdag.py
[2024-07-25T08:00:03.679+0000] {processor.py:842} WARNING - No viable dags retrieved from /root/.cache/pypoetry/virtualenvs/freeprise-matchmaker-BsnH11MF-py3.8/lib/python3.8/site-packages/airflow/example_dags/subdags/subdag.py
[2024-07-25T08:00:03.724+0000] {processor.py:183} INFO - Processing /root/.cache/pypoetry/virtualenvs/freeprise-matchmaker-BsnH11MF-py3.8/lib/python3.8/site-packages/airflow/example_dags/subdags/subdag.py took 0.069 seconds
[2024-07-25T08:00:33.857+0000] {processor.py:161} INFO - Started process (PID=5491) to work on /root/.cache/pypoetry/virtualenvs/freeprise-matchmaker-BsnH11MF-py3.8/lib/python3.8/site-packages/airflow/example_dags/subdags/subdag.py
[2024-07-25T08:00:33.867+0000] {processor.py:830} INFO - Processing file /root/.cache/pypoetry/virtualenvs/freeprise-matchmaker-BsnH11MF-py3.8/lib/python3.8/site-packages/airflow/example_dags/subdags/subdag.py for tasks to queue
[2024-07-25T08:00:33.875+0000] {logging_mixin.py:188} INFO - [2024-07-25T08:00:33.873+0000] {dagbag.py:545} INFO - Filling up the DagBag from /root/.cache/pypoetry/virtualenvs/freeprise-matchmaker-BsnH11MF-py3.8/lib/python3.8/site-packages/airflow/example_dags/subdags/subdag.py
[2024-07-25T08:00:33.882+0000] {processor.py:842} WARNING - No viable dags retrieved from /root/.cache/pypoetry/virtualenvs/freeprise-matchmaker-BsnH11MF-py3.8/lib/python3.8/site-packages/airflow/example_dags/subdags/subdag.py
[2024-07-25T08:00:33.950+0000] {processor.py:183} INFO - Processing /root/.cache/pypoetry/virtualenvs/freeprise-matchmaker-BsnH11MF-py3.8/lib/python3.8/site-packages/airflow/example_dags/subdags/subdag.py took 0.122 seconds
[2024-07-25T08:01:04.045+0000] {processor.py:161} INFO - Started process (PID=5757) to work on /root/.cache/pypoetry/virtualenvs/freeprise-matchmaker-BsnH11MF-py3.8/lib/python3.8/site-packages/airflow/example_dags/subdags/subdag.py
[2024-07-25T08:01:04.048+0000] {processor.py:830} INFO - Processing file /root/.cache/pypoetry/virtualenvs/freeprise-matchmaker-BsnH11MF-py3.8/lib/python3.8/site-packages/airflow/example_dags/subdags/subdag.py for tasks to queue
[2024-07-25T08:01:04.051+0000] {logging_mixin.py:188} INFO - [2024-07-25T08:01:04.051+0000] {dagbag.py:545} INFO - Filling up the DagBag from /root/.cache/pypoetry/virtualenvs/freeprise-matchmaker-BsnH11MF-py3.8/lib/python3.8/site-packages/airflow/example_dags/subdags/subdag.py
[2024-07-25T08:01:04.054+0000] {processor.py:842} WARNING - No viable dags retrieved from /root/.cache/pypoetry/virtualenvs/freeprise-matchmaker-BsnH11MF-py3.8/lib/python3.8/site-packages/airflow/example_dags/subdags/subdag.py
[2024-07-25T08:01:04.085+0000] {processor.py:183} INFO - Processing /root/.cache/pypoetry/virtualenvs/freeprise-matchmaker-BsnH11MF-py3.8/lib/python3.8/site-packages/airflow/example_dags/subdags/subdag.py took 0.056 seconds
