[2024-07-24T08:01:02.425+0000] {local_task_job_runner.py:120} INFO - ::group::Pre task execution logs
[2024-07-24T08:01:02.465+0000] {taskinstance.py:2076} INFO - Dependencies all met for dep_context=non-requeueable deps ti=<TaskInstance: raw_data_processing_pipeline.extract_from_raw_data scheduled__2024-07-24T07:01:00+00:00 [queued]>
[2024-07-24T08:01:02.475+0000] {taskinstance.py:2076} INFO - Dependencies all met for dep_context=requeueable deps ti=<TaskInstance: raw_data_processing_pipeline.extract_from_raw_data scheduled__2024-07-24T07:01:00+00:00 [queued]>
[2024-07-24T08:01:02.476+0000] {taskinstance.py:2306} INFO - Starting attempt 1 of 1
[2024-07-24T08:01:02.496+0000] {taskinstance.py:2330} INFO - Executing <Task(PythonOperator): extract_from_raw_data> on 2024-07-24 07:01:00+00:00
[2024-07-24T08:01:02.502+0000] {standard_task_runner.py:64} INFO - Started process 12157 to run task
[2024-07-24T08:01:02.508+0000] {standard_task_runner.py:90} INFO - Running: ['airflow', 'tasks', 'run', 'raw_data_processing_pipeline', 'extract_from_raw_data', 'scheduled__2024-07-24T07:01:00+00:00', '--job-id', '102', '--raw', '--subdir', 'DAGS_FOLDER/raw_data_processing_pipeline.py', '--cfg-path', '/tmp/tmpvab3e8l8']
[2024-07-24T08:01:02.509+0000] {standard_task_runner.py:91} INFO - Job 102: Subtask extract_from_raw_data
[2024-07-24T08:01:02.607+0000] {task_command.py:426} INFO - Running <TaskInstance: raw_data_processing_pipeline.extract_from_raw_data scheduled__2024-07-24T07:01:00+00:00 [running]> on host 3f3ef3b72f68
[2024-07-24T08:01:02.763+0000] {taskinstance.py:2648} INFO - Exporting env vars: AIRFLOW_CTX_DAG_OWNER='airflow' AIRFLOW_CTX_DAG_ID='raw_data_processing_pipeline' AIRFLOW_CTX_TASK_ID='extract_from_raw_data' AIRFLOW_CTX_EXECUTION_DATE='2024-07-24T07:01:00+00:00' AIRFLOW_CTX_TRY_NUMBER='1' AIRFLOW_CTX_DAG_RUN_ID='scheduled__2024-07-24T07:01:00+00:00'
[2024-07-24T08:01:02.766+0000] {taskinstance.py:430} INFO - ::endgroup::
[2024-07-24T08:01:02.963+0000] {logging_mixin.py:188} INFO - Error decoding JSON: Expecting ',' delimiter: line 1 column 717 (char 716)
[2024-07-24T08:01:02.964+0000] {logging_mixin.py:188} INFO - Error decoding JSON: Expecting ',' delimiter: line 1 column 3207 (char 3206)
[2024-07-24T08:01:02.964+0000] {logging_mixin.py:188} INFO - Error decoding JSON: Expecting ',' delimiter: line 1 column 767 (char 766)
[2024-07-24T08:01:02.964+0000] {logging_mixin.py:188} INFO - Error decoding JSON: Expecting ',' delimiter: line 1 column 360 (char 359)
[2024-07-24T08:01:02.965+0000] {logging_mixin.py:188} INFO - Error decoding JSON: Expecting ',' delimiter: line 1 column 1806 (char 1805)
[2024-07-24T08:01:02.965+0000] {logging_mixin.py:188} INFO - Error decoding JSON: Expecting ',' delimiter: line 1 column 1212 (char 1211)
[2024-07-24T08:01:02.965+0000] {logging_mixin.py:188} INFO - Error decoding JSON: Expecting ',' delimiter: line 1 column 865 (char 864)
[2024-07-24T08:01:02.966+0000] {logging_mixin.py:188} INFO - Error decoding JSON: Expecting ',' delimiter: line 1 column 105 (char 104)
[2024-07-24T08:01:02.966+0000] {logging_mixin.py:188} INFO - Error decoding JSON: Expecting ',' delimiter: line 1 column 713 (char 712)
[2024-07-24T08:01:02.966+0000] {logging_mixin.py:188} INFO - Error decoding JSON: Expecting ',' delimiter: line 1 column 161 (char 160)
[2024-07-24T08:01:02.967+0000] {logging_mixin.py:188} INFO - Error decoding JSON: Expecting ',' delimiter: line 1 column 6209 (char 6208)
[2024-07-24T08:01:02.967+0000] {logging_mixin.py:188} INFO - Error decoding JSON: Expecting ',' delimiter: line 1 column 2232 (char 2231)
[2024-07-24T08:01:02.968+0000] {logging_mixin.py:188} INFO - Error decoding JSON: Expecting ',' delimiter: line 1 column 665 (char 664)
[2024-07-24T08:01:02.969+0000] {logging_mixin.py:188} INFO - Error decoding JSON: Expecting ',' delimiter: line 1 column 689 (char 688)
[2024-07-24T08:01:02.969+0000] {logging_mixin.py:188} INFO - Error decoding JSON: Expecting ',' delimiter: line 1 column 18 (char 17)
[2024-07-24T08:01:02.970+0000] {logging_mixin.py:188} INFO - Error decoding JSON: Expecting ',' delimiter: line 1 column 29 (char 28)
[2024-07-24T08:01:02.970+0000] {logging_mixin.py:188} INFO - Error decoding JSON: Expecting ',' delimiter: line 1 column 7821 (char 7820)
[2024-07-24T08:01:02.970+0000] {logging_mixin.py:188} INFO - Error decoding JSON: Expecting ',' delimiter: line 1 column 712 (char 711)
[2024-07-24T08:01:02.970+0000] {logging_mixin.py:188} INFO - Error decoding JSON: Expecting ',' delimiter: line 1 column 2386 (char 2385)
[2024-07-24T08:01:02.971+0000] {logging_mixin.py:188} INFO - Error decoding JSON: Expecting ',' delimiter: line 1 column 428 (char 427)
[2024-07-24T08:01:02.971+0000] {logging_mixin.py:188} INFO - Error decoding JSON: Expecting ',' delimiter: line 1 column 241 (char 240)
[2024-07-24T08:01:02.971+0000] {logging_mixin.py:188} INFO - Error decoding JSON: Expecting ',' delimiter: line 1 column 429 (char 428)
[2024-07-24T08:01:02.972+0000] {logging_mixin.py:188} INFO - Error decoding JSON: Expecting ',' delimiter: line 1 column 463 (char 462)
[2024-07-24T08:01:02.973+0000] {logging_mixin.py:188} INFO - Error decoding JSON: Expecting ',' delimiter: line 1 column 3655 (char 3654)
[2024-07-24T08:01:02.974+0000] {logging_mixin.py:188} INFO - Error decoding JSON: Expecting ',' delimiter: line 1 column 2895 (char 2894)
[2024-07-24T08:01:02.974+0000] {logging_mixin.py:188} INFO - Error decoding JSON: Expecting ',' delimiter: line 1 column 24 (char 23)
[2024-07-24T08:01:02.975+0000] {logging_mixin.py:188} INFO - Error decoding JSON: Expecting ',' delimiter: line 1 column 23 (char 22)
[2024-07-24T08:01:02.975+0000] {logging_mixin.py:188} INFO - Error decoding JSON: Expecting ',' delimiter: line 1 column 467 (char 466)
[2024-07-24T08:01:02.976+0000] {logging_mixin.py:188} INFO - Error decoding JSON: Expecting ',' delimiter: line 1 column 1252 (char 1251)
[2024-07-24T08:01:02.976+0000] {logging_mixin.py:188} INFO - Error decoding JSON: Expecting ',' delimiter: line 1 column 1568 (char 1567)
[2024-07-24T08:01:02.976+0000] {logging_mixin.py:188} INFO - Error decoding JSON: Expecting ',' delimiter: line 1 column 1566 (char 1565)
[2024-07-24T08:01:02.977+0000] {logging_mixin.py:188} INFO - Error decoding JSON: Expecting ',' delimiter: line 1 column 2257 (char 2256)
[2024-07-24T08:01:02.978+0000] {logging_mixin.py:188} INFO - Error decoding JSON: Expecting ',' delimiter: line 1 column 250 (char 249)
[2024-07-24T08:01:02.978+0000] {logging_mixin.py:188} INFO - Error decoding JSON: Expecting ',' delimiter: line 1 column 688 (char 687)
[2024-07-24T08:01:02.978+0000] {logging_mixin.py:188} INFO - Error decoding JSON: Expecting ',' delimiter: line 1 column 3039 (char 3038)
[2024-07-24T08:01:02.979+0000] {logging_mixin.py:188} INFO - Error decoding JSON: Expecting ',' delimiter: line 1 column 261 (char 260)
[2024-07-24T08:01:02.979+0000] {logging_mixin.py:188} INFO - Error decoding JSON: Expecting ',' delimiter: line 1 column 25 (char 24)
[2024-07-24T08:01:02.979+0000] {logging_mixin.py:188} INFO - Error decoding JSON: Expecting ',' delimiter: line 1 column 979 (char 978)
[2024-07-24T08:01:02.980+0000] {logging_mixin.py:188} INFO - Error decoding JSON: Expecting ',' delimiter: line 1 column 1958 (char 1957)
[2024-07-24T08:01:02.980+0000] {logging_mixin.py:188} INFO - Error decoding JSON: Expecting ',' delimiter: line 1 column 768 (char 767)
[2024-07-24T08:01:02.981+0000] {logging_mixin.py:188} INFO - Error decoding JSON: Expecting ',' delimiter: line 1 column 1520 (char 1519)
[2024-07-24T08:01:02.981+0000] {logging_mixin.py:188} INFO - Error decoding JSON: Expecting ',' delimiter: line 1 column 2408 (char 2407)
[2024-07-24T08:01:02.982+0000] {logging_mixin.py:188} INFO - Error decoding JSON: Expecting ',' delimiter: line 1 column 7131 (char 7130)
[2024-07-24T08:01:02.982+0000] {logging_mixin.py:188} INFO - Error decoding JSON: Expecting ',' delimiter: line 1 column 5509 (char 5508)
[2024-07-24T08:01:02.983+0000] {logging_mixin.py:188} INFO - Error decoding JSON: Expecting ',' delimiter: line 1 column 1093 (char 1092)
[2024-07-24T08:01:02.983+0000] {logging_mixin.py:188} INFO - Error decoding JSON: Expecting ',' delimiter: line 1 column 772 (char 771)
[2024-07-24T08:01:02.983+0000] {logging_mixin.py:188} INFO - Error decoding JSON: Expecting ',' delimiter: line 1 column 762 (char 761)
[2024-07-24T08:01:02.984+0000] {logging_mixin.py:188} INFO - Error decoding JSON: Expecting ',' delimiter: line 1 column 32 (char 31)
[2024-07-24T08:01:02.984+0000] {logging_mixin.py:188} INFO - Error decoding JSON: Expecting ',' delimiter: line 1 column 1985 (char 1984)
[2024-07-24T08:01:02.985+0000] {logging_mixin.py:188} INFO - Error decoding JSON: Expecting ',' delimiter: line 1 column 5715 (char 5714)
[2024-07-24T08:01:02.985+0000] {logging_mixin.py:188} INFO - Error decoding JSON: Expecting ',' delimiter: line 1 column 2894 (char 2893)
[2024-07-24T08:01:02.986+0000] {logging_mixin.py:188} INFO - Error decoding JSON: Expecting ',' delimiter: line 1 column 1639 (char 1638)
[2024-07-24T08:01:02.986+0000] {logging_mixin.py:188} INFO - Error decoding JSON: Expecting ',' delimiter: line 1 column 297 (char 296)
[2024-07-24T08:01:02.986+0000] {logging_mixin.py:188} INFO - Error decoding JSON: Expecting ',' delimiter: line 1 column 4895 (char 4894)
[2024-07-24T08:01:02.987+0000] {logging_mixin.py:188} INFO - Error decoding JSON: Expecting ',' delimiter: line 1 column 2745 (char 2744)
[2024-07-24T08:01:02.987+0000] {logging_mixin.py:188} INFO - Error decoding JSON: Expecting ',' delimiter: line 1 column 4036 (char 4035)
[2024-07-24T08:01:02.988+0000] {logging_mixin.py:188} INFO - Error decoding JSON: Expecting ',' delimiter: line 1 column 2028 (char 2027)
[2024-07-24T08:01:02.988+0000] {logging_mixin.py:188} INFO - Error decoding JSON: Expecting ',' delimiter: line 1 column 33 (char 32)
[2024-07-24T08:01:02.988+0000] {logging_mixin.py:188} INFO - Error decoding JSON: Expecting ',' delimiter: line 1 column 37 (char 36)
[2024-07-24T08:01:02.989+0000] {logging_mixin.py:188} INFO - Error decoding JSON: Expecting ',' delimiter: line 1 column 3971 (char 3970)
[2024-07-24T08:01:02.989+0000] {logging_mixin.py:188} INFO - Error decoding JSON: Expecting ',' delimiter: line 1 column 284 (char 283)
[2024-07-24T08:01:02.990+0000] {logging_mixin.py:188} INFO - Error decoding JSON: Expecting ',' delimiter: line 1 column 188 (char 187)
[2024-07-24T08:01:02.990+0000] {logging_mixin.py:188} INFO - Error decoding JSON: Expecting ',' delimiter: line 1 column 36 (char 35)
[2024-07-24T08:01:02.991+0000] {logging_mixin.py:188} INFO - Error decoding JSON: Invalid \escape: line 1 column 2378 (char 2377)
[2024-07-24T08:01:02.991+0000] {logging_mixin.py:188} INFO - Error decoding JSON: Expecting ',' delimiter: line 1 column 1356 (char 1355)
[2024-07-24T08:01:02.991+0000] {logging_mixin.py:188} INFO - Error decoding JSON: Expecting ',' delimiter: line 1 column 1161 (char 1160)
[2024-07-24T08:01:02.992+0000] {logging_mixin.py:188} INFO - Error decoding JSON: Expecting ',' delimiter: line 1 column 767 (char 766)
[2024-07-24T08:01:02.992+0000] {logging_mixin.py:188} INFO - Error decoding JSON: Expecting ',' delimiter: line 1 column 4872 (char 4871)
[2024-07-24T08:01:02.993+0000] {logging_mixin.py:188} INFO - Error decoding JSON: Expecting ',' delimiter: line 1 column 6464 (char 6463)
[2024-07-24T08:01:02.994+0000] {logging_mixin.py:188} INFO - Error decoding JSON: Expecting ',' delimiter: line 1 column 1527 (char 1526)
[2024-07-24T08:01:02.994+0000] {logging_mixin.py:188} INFO - Error decoding JSON: Expecting ',' delimiter: line 1 column 2073 (char 2072)
[2024-07-24T08:01:02.995+0000] {logging_mixin.py:188} INFO - Error decoding JSON: Expecting ',' delimiter: line 1 column 419 (char 418)
[2024-07-24T08:01:02.997+0000] {logging_mixin.py:188} INFO - Error decoding JSON: Expecting ',' delimiter: line 1 column 2887 (char 2886)
[2024-07-24T08:01:02.998+0000] {logging_mixin.py:188} INFO - Error decoding JSON: Expecting ',' delimiter: line 1 column 3805 (char 3804)
[2024-07-24T08:01:02.998+0000] {logging_mixin.py:188} INFO - Error decoding JSON: Expecting ',' delimiter: line 1 column 180 (char 179)
[2024-07-24T08:01:02.999+0000] {logging_mixin.py:188} INFO - Error decoding JSON: Expecting ',' delimiter: line 1 column 32 (char 31)
[2024-07-24T08:01:02.999+0000] {logging_mixin.py:188} INFO - Error decoding JSON: Expecting ',' delimiter: line 1 column 1044 (char 1043)
[2024-07-24T08:01:03.000+0000] {logging_mixin.py:188} INFO - Error decoding JSON: Expecting ',' delimiter: line 1 column 2070 (char 2069)
[2024-07-24T08:01:03.000+0000] {logging_mixin.py:188} INFO - Error decoding JSON: Expecting ',' delimiter: line 1 column 933 (char 932)
[2024-07-24T08:01:03.001+0000] {logging_mixin.py:188} INFO - Error decoding JSON: Expecting ',' delimiter: line 1 column 1306 (char 1305)
[2024-07-24T08:01:03.001+0000] {logging_mixin.py:188} INFO - Error decoding JSON: Expecting ',' delimiter: line 1 column 2612 (char 2611)
[2024-07-24T08:01:03.001+0000] {logging_mixin.py:188} INFO - Error decoding JSON: Expecting ',' delimiter: line 1 column 2004 (char 2003)
[2024-07-24T08:01:03.002+0000] {logging_mixin.py:188} INFO - Error decoding JSON: Expecting ',' delimiter: line 1 column 851 (char 850)
[2024-07-24T08:01:03.002+0000] {logging_mixin.py:188} INFO - Error decoding JSON: Expecting ',' delimiter: line 1 column 3420 (char 3419)
[2024-07-24T08:01:03.003+0000] {logging_mixin.py:188} INFO - Error decoding JSON: Expecting ',' delimiter: line 1 column 3655 (char 3654)
[2024-07-24T08:01:03.004+0000] {logging_mixin.py:188} INFO - Error decoding JSON: Expecting ',' delimiter: line 1 column 5220 (char 5219)
[2024-07-24T08:01:03.005+0000] {logging_mixin.py:188} INFO - Error decoding JSON: Expecting ',' delimiter: line 1 column 222 (char 221)
[2024-07-24T08:01:03.005+0000] {logging_mixin.py:188} INFO - Error decoding JSON: Expecting ',' delimiter: line 1 column 2440 (char 2439)
[2024-07-24T08:01:03.006+0000] {logging_mixin.py:188} INFO - Error decoding JSON: Expecting ',' delimiter: line 1 column 896 (char 895)
[2024-07-24T08:01:03.231+0000] {logging_mixin.py:188} INFO - Error decoding JSON: Expecting ',' delimiter: line 1 column 1097 (char 1096)
[2024-07-24T08:01:03.231+0000] {logging_mixin.py:188} INFO - Error decoding JSON: Expecting ',' delimiter: line 1 column 332 (char 331)
[2024-07-24T08:01:03.232+0000] {logging_mixin.py:188} INFO - Error decoding JSON: Expecting ',' delimiter: line 1 column 1236 (char 1235)
[2024-07-24T08:01:03.232+0000] {logging_mixin.py:188} INFO - Error decoding JSON: Expecting ',' delimiter: line 1 column 1018 (char 1017)
[2024-07-24T08:01:03.232+0000] {logging_mixin.py:188} INFO - Error decoding JSON: Expecting ',' delimiter: line 1 column 19 (char 18)
[2024-07-24T08:01:03.233+0000] {logging_mixin.py:188} INFO - Error decoding JSON: Expecting ',' delimiter: line 1 column 1031 (char 1030)
[2024-07-24T08:01:03.233+0000] {logging_mixin.py:188} INFO - Error decoding JSON: Expecting ',' delimiter: line 1 column 2586 (char 2585)
[2024-07-24T08:01:03.235+0000] {logging_mixin.py:188} INFO - Error decoding JSON: Expecting ',' delimiter: line 1 column 2414 (char 2413)
[2024-07-24T08:01:03.235+0000] {logging_mixin.py:188} INFO - Error decoding JSON: Expecting ',' delimiter: line 1 column 209 (char 208)
[2024-07-24T08:01:03.235+0000] {logging_mixin.py:188} INFO - Error decoding JSON: Expecting ',' delimiter: line 1 column 1899 (char 1898)
[2024-07-24T08:01:03.236+0000] {logging_mixin.py:188} INFO - Error decoding JSON: Expecting ',' delimiter: line 1 column 9265 (char 9264)
[2024-07-24T08:01:03.237+0000] {logging_mixin.py:188} INFO - Error decoding JSON: Expecting ',' delimiter: line 1 column 904 (char 903)
[2024-07-24T08:01:03.237+0000] {logging_mixin.py:188} INFO - Error decoding JSON: Expecting ',' delimiter: line 1 column 389 (char 388)
[2024-07-24T08:01:03.238+0000] {logging_mixin.py:188} INFO - Error decoding JSON: Expecting ',' delimiter: line 1 column 289 (char 288)
[2024-07-24T08:01:03.239+0000] {logging_mixin.py:188} INFO - Error decoding JSON: Expecting ',' delimiter: line 1 column 588 (char 587)
[2024-07-24T08:01:03.239+0000] {logging_mixin.py:188} INFO - Error decoding JSON: Expecting ',' delimiter: line 1 column 895 (char 894)
[2024-07-24T08:01:03.239+0000] {logging_mixin.py:188} INFO - Error decoding JSON: Expecting ',' delimiter: line 1 column 2497 (char 2496)
[2024-07-24T08:01:03.240+0000] {logging_mixin.py:188} INFO - Error decoding JSON: Expecting ',' delimiter: line 1 column 526 (char 525)
[2024-07-24T08:01:03.241+0000] {logging_mixin.py:188} INFO - Error decoding JSON: Expecting ',' delimiter: line 1 column 5576 (char 5575)
[2024-07-24T08:01:03.241+0000] {logging_mixin.py:188} INFO - Error decoding JSON: Expecting ',' delimiter: line 1 column 348 (char 347)
[2024-07-24T08:01:03.242+0000] {logging_mixin.py:188} INFO - Error decoding JSON: Expecting ',' delimiter: line 1 column 243 (char 242)
[2024-07-24T08:01:03.243+0000] {logging_mixin.py:188} INFO - Error decoding JSON: Expecting ',' delimiter: line 1 column 2417 (char 2416)
[2024-07-24T08:01:03.244+0000] {logging_mixin.py:188} INFO - Error decoding JSON: Expecting ',' delimiter: line 1 column 284 (char 283)
[2024-07-24T08:01:03.244+0000] {logging_mixin.py:188} INFO - Error decoding JSON: Expecting ',' delimiter: line 1 column 171 (char 170)
[2024-07-24T08:01:03.245+0000] {logging_mixin.py:188} INFO - Error decoding JSON: Expecting ',' delimiter: line 1 column 541 (char 540)
[2024-07-24T08:01:03.245+0000] {logging_mixin.py:188} INFO - Error decoding JSON: Expecting ',' delimiter: line 1 column 134 (char 133)
[2024-07-24T08:01:03.246+0000] {logging_mixin.py:188} INFO - Error decoding JSON: Expecting ',' delimiter: line 1 column 738 (char 737)
[2024-07-24T08:01:03.246+0000] {logging_mixin.py:188} INFO - Error decoding JSON: Expecting ',' delimiter: line 1 column 128 (char 127)
[2024-07-24T08:01:03.247+0000] {logging_mixin.py:188} INFO - Error decoding JSON: Expecting ',' delimiter: line 1 column 2011 (char 2010)
[2024-07-24T08:01:03.247+0000] {logging_mixin.py:188} INFO - Error decoding JSON: Expecting ',' delimiter: line 1 column 1680 (char 1679)
[2024-07-24T08:01:03.247+0000] {logging_mixin.py:188} INFO - Error decoding JSON: Expecting ',' delimiter: line 1 column 3278 (char 3277)
[2024-07-24T08:01:03.248+0000] {logging_mixin.py:188} INFO - Error decoding JSON: Expecting ',' delimiter: line 1 column 214 (char 213)
[2024-07-24T08:01:03.249+0000] {logging_mixin.py:188} INFO - Error decoding JSON: Expecting ',' delimiter: line 1 column 739 (char 738)
[2024-07-24T08:01:03.249+0000] {logging_mixin.py:188} INFO - Error decoding JSON: Expecting ',' delimiter: line 1 column 1886 (char 1885)
[2024-07-24T08:01:03.250+0000] {logging_mixin.py:188} INFO - Error decoding JSON: Expecting ',' delimiter: line 1 column 2074 (char 2073)
[2024-07-24T08:01:03.250+0000] {logging_mixin.py:188} INFO - Error decoding JSON: Expecting ',' delimiter: line 1 column 988 (char 987)
[2024-07-24T08:01:03.251+0000] {logging_mixin.py:188} INFO - Error decoding JSON: Expecting ',' delimiter: line 1 column 1852 (char 1851)
[2024-07-24T08:01:03.251+0000] {logging_mixin.py:188} INFO - Error decoding JSON: Expecting ',' delimiter: line 1 column 201 (char 200)
[2024-07-24T08:01:03.252+0000] {logging_mixin.py:188} INFO - Error decoding JSON: Expecting ',' delimiter: line 1 column 16 (char 15)
[2024-07-24T08:01:03.252+0000] {logging_mixin.py:188} INFO - Error decoding JSON: Expecting ',' delimiter: line 1 column 23 (char 22)
[2024-07-24T08:01:03.253+0000] {logging_mixin.py:188} INFO - Error decoding JSON: Expecting ',' delimiter: line 1 column 1293 (char 1292)
[2024-07-24T08:01:03.253+0000] {logging_mixin.py:188} INFO - Error decoding JSON: Expecting ',' delimiter: line 1 column 33 (char 32)
[2024-07-24T08:01:03.254+0000] {logging_mixin.py:188} INFO - Error decoding JSON: Expecting ',' delimiter: line 1 column 5571 (char 5570)
[2024-07-24T08:01:03.255+0000] {logging_mixin.py:188} INFO - Error decoding JSON: Expecting ',' delimiter: line 1 column 29 (char 28)
[2024-07-24T08:01:03.255+0000] {logging_mixin.py:188} INFO - Error decoding JSON: Expecting ',' delimiter: line 1 column 627 (char 626)
[2024-07-24T08:01:03.256+0000] {logging_mixin.py:188} INFO - Error decoding JSON: Expecting ',' delimiter: line 1 column 3027 (char 3026)
[2024-07-24T08:01:03.256+0000] {logging_mixin.py:188} INFO - Error decoding JSON: Expecting ',' delimiter: line 1 column 939 (char 938)
[2024-07-24T08:01:03.257+0000] {logging_mixin.py:188} INFO - Error decoding JSON: Expecting ',' delimiter: line 1 column 154 (char 153)
[2024-07-24T08:01:03.257+0000] {logging_mixin.py:188} INFO - Error decoding JSON: Expecting ',' delimiter: line 1 column 4876 (char 4875)
[2024-07-24T08:01:03.258+0000] {logging_mixin.py:188} INFO - Error decoding JSON: Expecting ',' delimiter: line 1 column 1584 (char 1583)
[2024-07-24T08:01:03.259+0000] {logging_mixin.py:188} INFO - Error decoding JSON: Expecting ',' delimiter: line 1 column 19 (char 18)
[2024-07-24T08:01:03.259+0000] {logging_mixin.py:188} INFO - Error decoding JSON: Expecting ',' delimiter: line 1 column 1845 (char 1844)
[2024-07-24T08:01:03.260+0000] {logging_mixin.py:188} INFO - Error decoding JSON: Expecting ',' delimiter: line 1 column 4527 (char 4526)
[2024-07-24T08:01:03.260+0000] {logging_mixin.py:188} INFO - Error decoding JSON: Expecting ',' delimiter: line 1 column 1877 (char 1876)
[2024-07-24T08:01:03.261+0000] {logging_mixin.py:188} INFO - Error decoding JSON: Expecting ',' delimiter: line 1 column 2351 (char 2350)
[2024-07-24T08:01:03.261+0000] {logging_mixin.py:188} INFO - Error decoding JSON: Expecting ',' delimiter: line 1 column 1781 (char 1780)
[2024-07-24T08:01:03.262+0000] {logging_mixin.py:188} INFO - Error decoding JSON: Expecting ',' delimiter: line 1 column 8620 (char 8619)
[2024-07-24T08:01:03.263+0000] {logging_mixin.py:188} INFO - Error decoding JSON: Expecting ',' delimiter: line 1 column 2801 (char 2800)
[2024-07-24T08:01:03.264+0000] {logging_mixin.py:188} INFO - Error decoding JSON: Expecting ',' delimiter: line 1 column 23 (char 22)
[2024-07-24T08:01:03.265+0000] {logging_mixin.py:188} INFO - Error decoding JSON: Expecting ',' delimiter: line 1 column 289 (char 288)
[2024-07-24T08:01:03.266+0000] {logging_mixin.py:188} INFO - Error decoding JSON: Expecting ',' delimiter: line 1 column 8391 (char 8390)
[2024-07-24T08:01:03.268+0000] {logging_mixin.py:188} INFO - Error decoding JSON: Expecting ',' delimiter: line 1 column 130 (char 129)
[2024-07-24T08:01:03.269+0000] {logging_mixin.py:188} INFO - Error decoding JSON: Expecting ',' delimiter: line 1 column 5774 (char 5773)
[2024-07-24T08:01:03.270+0000] {logging_mixin.py:188} INFO - Error decoding JSON: Expecting ',' delimiter: line 1 column 8853 (char 8852)
[2024-07-24T08:01:03.270+0000] {logging_mixin.py:188} INFO - Error decoding JSON: Expecting ',' delimiter: line 1 column 3224 (char 3223)
[2024-07-24T08:01:03.271+0000] {logging_mixin.py:188} INFO - Error decoding JSON: Expecting ',' delimiter: line 1 column 19 (char 18)
[2024-07-24T08:01:03.272+0000] {logging_mixin.py:188} INFO - Error decoding JSON: Expecting ',' delimiter: line 1 column 118 (char 117)
[2024-07-24T08:01:03.272+0000] {logging_mixin.py:188} INFO - Error decoding JSON: Expecting ',' delimiter: line 1 column 154 (char 153)
[2024-07-24T08:01:03.273+0000] {logging_mixin.py:188} INFO - Error decoding JSON: Expecting ',' delimiter: line 1 column 3115 (char 3114)
[2024-07-24T08:01:03.273+0000] {logging_mixin.py:188} INFO - Error decoding JSON: Expecting ',' delimiter: line 1 column 777 (char 776)
[2024-07-24T08:01:03.274+0000] {logging_mixin.py:188} INFO - Error decoding JSON: Expecting ',' delimiter: line 1 column 7092 (char 7091)
[2024-07-24T08:01:03.275+0000] {logging_mixin.py:188} INFO - Error decoding JSON: Expecting ',' delimiter: line 1 column 129 (char 128)
[2024-07-24T08:01:03.275+0000] {logging_mixin.py:188} INFO - Error decoding JSON: Expecting ',' delimiter: line 1 column 16 (char 15)
[2024-07-24T08:01:03.276+0000] {logging_mixin.py:188} INFO - Error decoding JSON: Expecting ',' delimiter: line 1 column 2956 (char 2955)
[2024-07-24T08:01:03.276+0000] {logging_mixin.py:188} INFO - Error decoding JSON: Expecting ',' delimiter: line 1 column 412 (char 411)
[2024-07-24T08:01:03.277+0000] {logging_mixin.py:188} INFO - Error decoding JSON: Expecting ',' delimiter: line 1 column 1499 (char 1498)
[2024-07-24T08:01:03.277+0000] {logging_mixin.py:188} INFO - Error decoding JSON: Expecting ',' delimiter: line 1 column 1599 (char 1598)
[2024-07-24T08:01:03.280+0000] {logging_mixin.py:188} INFO - Error decoding JSON: Expecting ',' delimiter: line 1 column 162 (char 161)
[2024-07-24T08:01:03.280+0000] {logging_mixin.py:188} INFO - Error decoding JSON: Expecting ',' delimiter: line 1 column 555 (char 554)
[2024-07-24T08:01:03.281+0000] {logging_mixin.py:188} INFO - Error decoding JSON: Expecting ',' delimiter: line 1 column 645 (char 644)
[2024-07-24T08:01:03.281+0000] {logging_mixin.py:188} INFO - Error decoding JSON: Expecting ',' delimiter: line 1 column 106 (char 105)
[2024-07-24T08:01:03.282+0000] {logging_mixin.py:188} INFO - Error decoding JSON: Expecting ',' delimiter: line 1 column 182 (char 181)
[2024-07-24T08:01:03.282+0000] {logging_mixin.py:188} INFO - Error decoding JSON: Expecting ',' delimiter: line 1 column 164 (char 163)
[2024-07-24T08:01:03.282+0000] {logging_mixin.py:188} INFO - Error decoding JSON: Expecting ',' delimiter: line 1 column 22 (char 21)
[2024-07-24T08:01:03.282+0000] {logging_mixin.py:188} INFO - Error decoding JSON: Expecting ',' delimiter: line 1 column 491 (char 490)
[2024-07-24T08:01:03.283+0000] {logging_mixin.py:188} INFO - Error decoding JSON: Expecting ',' delimiter: line 1 column 234 (char 233)
[2024-07-24T08:01:03.283+0000] {logging_mixin.py:188} INFO - Error decoding JSON: Expecting ',' delimiter: line 1 column 227 (char 226)
[2024-07-24T08:01:03.283+0000] {logging_mixin.py:188} INFO - Error decoding JSON: Expecting ',' delimiter: line 1 column 20 (char 19)
[2024-07-24T08:01:03.284+0000] {logging_mixin.py:188} INFO - Error decoding JSON: Expecting ',' delimiter: line 1 column 22 (char 21)
[2024-07-24T08:01:03.284+0000] {logging_mixin.py:188} INFO - Error decoding JSON: Expecting ',' delimiter: line 1 column 443 (char 442)
[2024-07-24T08:01:03.284+0000] {logging_mixin.py:188} INFO - Error decoding JSON: Expecting ',' delimiter: line 1 column 270 (char 269)
[2024-07-24T08:01:03.285+0000] {logging_mixin.py:188} INFO - Error decoding JSON: Expecting ',' delimiter: line 1 column 261 (char 260)
[2024-07-24T08:01:03.285+0000] {logging_mixin.py:188} INFO - Error decoding JSON: Expecting ',' delimiter: line 1 column 295 (char 294)
[2024-07-24T08:01:03.285+0000] {logging_mixin.py:188} INFO - Error decoding JSON: Expecting ',' delimiter: line 1 column 20 (char 19)
[2024-07-24T08:01:03.286+0000] {logging_mixin.py:188} INFO - Error decoding JSON: Expecting ',' delimiter: line 1 column 403 (char 402)
[2024-07-24T08:01:03.286+0000] {logging_mixin.py:188} INFO - Error decoding JSON: Expecting ',' delimiter: line 1 column 289 (char 288)
[2024-07-24T08:01:03.286+0000] {logging_mixin.py:188} INFO - Error decoding JSON: Expecting ',' delimiter: line 1 column 535 (char 534)
[2024-07-24T08:01:03.287+0000] {logging_mixin.py:188} INFO - Error decoding JSON: Expecting ',' delimiter: line 1 column 18 (char 17)
[2024-07-24T08:01:03.287+0000] {logging_mixin.py:188} INFO - Error decoding JSON: Expecting ',' delimiter: line 1 column 22 (char 21)
[2024-07-24T08:01:03.287+0000] {logging_mixin.py:188} INFO - Error decoding JSON: Expecting ',' delimiter: line 1 column 22 (char 21)
[2024-07-24T08:01:03.288+0000] {logging_mixin.py:188} INFO - Error decoding JSON: Expecting ',' delimiter: line 1 column 266 (char 265)
[2024-07-24T08:01:03.288+0000] {logging_mixin.py:188} INFO - Error decoding JSON: Expecting ',' delimiter: line 1 column 22 (char 21)
[2024-07-24T08:01:03.288+0000] {logging_mixin.py:188} INFO - Error decoding JSON: Expecting ',' delimiter: line 1 column 307 (char 306)
[2024-07-24T08:01:03.289+0000] {logging_mixin.py:188} INFO - Error decoding JSON: Expecting ',' delimiter: line 1 column 250 (char 249)
[2024-07-24T08:01:03.289+0000] {logging_mixin.py:188} INFO - Error decoding JSON: Expecting ',' delimiter: line 1 column 22 (char 21)
[2024-07-24T08:01:03.290+0000] {logging_mixin.py:188} INFO - Error decoding JSON: Expecting ',' delimiter: line 1 column 22 (char 21)
[2024-07-24T08:01:03.290+0000] {logging_mixin.py:188} INFO - Error decoding JSON: Expecting ',' delimiter: line 1 column 587 (char 586)
[2024-07-24T08:01:03.290+0000] {logging_mixin.py:188} INFO - Error decoding JSON: Expecting ',' delimiter: line 1 column 389 (char 388)
[2024-07-24T08:01:03.291+0000] {logging_mixin.py:188} INFO - Error decoding JSON: Expecting ',' delimiter: line 1 column 242 (char 241)
[2024-07-24T08:01:03.291+0000] {logging_mixin.py:188} INFO - Error decoding JSON: Expecting ',' delimiter: line 1 column 22 (char 21)
[2024-07-24T08:01:03.291+0000] {logging_mixin.py:188} INFO - Error decoding JSON: Expecting ',' delimiter: line 1 column 402 (char 401)
[2024-07-24T08:01:03.292+0000] {logging_mixin.py:188} INFO - Error decoding JSON: Expecting ',' delimiter: line 1 column 266 (char 265)
[2024-07-24T08:01:03.292+0000] {logging_mixin.py:188} INFO - Error decoding JSON: Expecting ',' delimiter: line 1 column 23 (char 22)
[2024-07-24T08:01:03.292+0000] {logging_mixin.py:188} INFO - Error decoding JSON: Expecting ',' delimiter: line 1 column 22 (char 21)
[2024-07-24T08:01:03.292+0000] {logging_mixin.py:188} INFO - Error decoding JSON: Expecting ',' delimiter: line 1 column 23 (char 22)
[2024-07-24T08:01:03.293+0000] {logging_mixin.py:188} INFO - Error decoding JSON: Expecting ',' delimiter: line 1 column 22 (char 21)
[2024-07-24T08:01:03.293+0000] {logging_mixin.py:188} INFO - Error decoding JSON: Expecting ',' delimiter: line 1 column 316 (char 315)
[2024-07-24T08:01:03.294+0000] {logging_mixin.py:188} INFO - Error decoding JSON: Expecting ',' delimiter: line 1 column 23 (char 22)
[2024-07-24T08:01:03.294+0000] {logging_mixin.py:188} INFO - Error decoding JSON: Expecting ',' delimiter: line 1 column 142 (char 141)
[2024-07-24T08:01:03.294+0000] {logging_mixin.py:188} INFO - Error decoding JSON: Expecting ',' delimiter: line 1 column 22 (char 21)
[2024-07-24T08:01:03.295+0000] {logging_mixin.py:188} INFO - Error decoding JSON: Expecting ',' delimiter: line 1 column 22 (char 21)
[2024-07-24T08:01:03.295+0000] {logging_mixin.py:188} INFO - Error decoding JSON: Expecting ',' delimiter: line 1 column 496 (char 495)
[2024-07-24T08:01:03.295+0000] {logging_mixin.py:188} INFO - Error decoding JSON: Expecting ',' delimiter: line 1 column 278 (char 277)
[2024-07-24T08:01:03.296+0000] {logging_mixin.py:188} INFO - Error decoding JSON: Expecting ',' delimiter: line 1 column 22 (char 21)
[2024-07-24T08:01:03.296+0000] {logging_mixin.py:188} INFO - Error decoding JSON: Expecting ',' delimiter: line 1 column 22 (char 21)
[2024-07-24T08:01:03.296+0000] {logging_mixin.py:188} INFO - Error decoding JSON: Expecting ',' delimiter: line 1 column 484 (char 483)
[2024-07-24T08:01:03.296+0000] {logging_mixin.py:188} INFO - Error decoding JSON: Expecting ',' delimiter: line 1 column 307 (char 306)
[2024-07-24T08:01:03.297+0000] {logging_mixin.py:188} INFO - Error decoding JSON: Expecting ',' delimiter: line 1 column 146 (char 145)
[2024-07-24T08:01:03.297+0000] {logging_mixin.py:188} INFO - Error decoding JSON: Expecting ',' delimiter: line 1 column 681 (char 680)
[2024-07-24T08:01:03.298+0000] {logging_mixin.py:188} INFO - Error decoding JSON: Expecting ',' delimiter: line 1 column 23 (char 22)
[2024-07-24T08:01:03.298+0000] {logging_mixin.py:188} INFO - Error decoding JSON: Expecting ',' delimiter: line 1 column 486 (char 485)
[2024-07-24T08:01:03.298+0000] {logging_mixin.py:188} INFO - Error decoding JSON: Expecting ',' delimiter: line 1 column 20 (char 19)
[2024-07-24T08:01:03.298+0000] {logging_mixin.py:188} INFO - Error decoding JSON: Expecting ',' delimiter: line 1 column 178 (char 177)
[2024-07-24T08:01:03.299+0000] {logging_mixin.py:188} INFO - Error decoding JSON: Expecting ',' delimiter: line 1 column 543 (char 542)
[2024-07-24T08:01:03.299+0000] {logging_mixin.py:188} INFO - Error decoding JSON: Expecting ',' delimiter: line 1 column 22 (char 21)
[2024-07-24T08:01:03.300+0000] {logging_mixin.py:188} INFO - Error decoding JSON: Expecting ',' delimiter: line 1 column 20 (char 19)
[2024-07-24T08:01:03.300+0000] {logging_mixin.py:188} INFO - Error decoding JSON: Expecting ',' delimiter: line 1 column 22 (char 21)
[2024-07-24T08:01:03.301+0000] {logging_mixin.py:188} INFO - Error decoding JSON: Expecting ',' delimiter: line 1 column 283 (char 282)
[2024-07-24T08:01:03.301+0000] {logging_mixin.py:188} INFO - Error decoding JSON: Expecting ',' delimiter: line 1 column 378 (char 377)
[2024-07-24T08:01:03.301+0000] {logging_mixin.py:188} INFO - Error decoding JSON: Expecting ',' delimiter: line 1 column 107 (char 106)
[2024-07-24T08:01:03.302+0000] {logging_mixin.py:188} INFO - Error decoding JSON: Expecting ',' delimiter: line 1 column 280 (char 279)
[2024-07-24T08:01:03.302+0000] {logging_mixin.py:188} INFO - Error decoding JSON: Expecting ',' delimiter: line 1 column 148 (char 147)
[2024-07-24T08:01:03.303+0000] {logging_mixin.py:188} INFO - Error decoding JSON: Expecting ',' delimiter: line 1 column 22 (char 21)
[2024-07-24T08:01:03.303+0000] {logging_mixin.py:188} INFO - Error decoding JSON: Expecting ',' delimiter: line 1 column 22 (char 21)
[2024-07-24T08:01:03.304+0000] {logging_mixin.py:188} INFO - Error decoding JSON: Expecting ',' delimiter: line 1 column 222 (char 221)
[2024-07-24T08:01:03.304+0000] {logging_mixin.py:188} INFO - Error decoding JSON: Expecting ',' delimiter: line 1 column 20 (char 19)
[2024-07-24T08:01:03.304+0000] {logging_mixin.py:188} INFO - Error decoding JSON: Expecting ',' delimiter: line 1 column 789 (char 788)
[2024-07-24T08:01:03.304+0000] {logging_mixin.py:188} INFO - Error decoding JSON: Expecting ',' delimiter: line 1 column 22 (char 21)
[2024-07-24T08:01:03.305+0000] {logging_mixin.py:188} INFO - Error decoding JSON: Expecting ',' delimiter: line 1 column 23 (char 22)
[2024-07-24T08:01:03.305+0000] {logging_mixin.py:188} INFO - Error decoding JSON: Expecting ',' delimiter: line 1 column 22 (char 21)
[2024-07-24T08:01:03.306+0000] {logging_mixin.py:188} INFO - Error decoding JSON: Expecting ',' delimiter: line 1 column 22 (char 21)
[2024-07-24T08:01:03.306+0000] {logging_mixin.py:188} INFO - Error decoding JSON: Expecting ',' delimiter: line 1 column 521 (char 520)
[2024-07-24T08:01:03.306+0000] {logging_mixin.py:188} INFO - Error decoding JSON: Expecting ',' delimiter: line 1 column 20 (char 19)
[2024-07-24T08:01:03.306+0000] {logging_mixin.py:188} INFO - Error decoding JSON: Expecting ',' delimiter: line 1 column 20 (char 19)
[2024-07-24T08:01:03.307+0000] {logging_mixin.py:188} INFO - Error decoding JSON: Expecting ',' delimiter: line 1 column 412 (char 411)
[2024-07-24T08:01:03.307+0000] {logging_mixin.py:188} INFO - Error decoding JSON: Expecting ',' delimiter: line 1 column 20 (char 19)
[2024-07-24T08:01:03.307+0000] {logging_mixin.py:188} INFO - Error decoding JSON: Expecting ',' delimiter: line 1 column 22 (char 21)
[2024-07-24T08:01:03.307+0000] {logging_mixin.py:188} INFO - Error decoding JSON: Expecting ',' delimiter: line 1 column 22 (char 21)
[2024-07-24T08:01:03.308+0000] {logging_mixin.py:188} INFO - Error decoding JSON: Expecting ',' delimiter: line 1 column 642 (char 641)
[2024-07-24T08:01:03.308+0000] {logging_mixin.py:188} INFO - Error decoding JSON: Expecting ',' delimiter: line 1 column 22 (char 21)
[2024-07-24T08:01:03.309+0000] {logging_mixin.py:188} INFO - Error decoding JSON: Expecting ',' delimiter: line 1 column 23 (char 22)
[2024-07-24T08:01:03.309+0000] {logging_mixin.py:188} INFO - Error decoding JSON: Expecting ',' delimiter: line 1 column 506 (char 505)
[2024-07-24T08:01:03.309+0000] {logging_mixin.py:188} INFO - Error decoding JSON: Expecting ',' delimiter: line 1 column 22 (char 21)
[2024-07-24T08:01:03.310+0000] {logging_mixin.py:188} INFO - Error decoding JSON: Expecting ',' delimiter: line 1 column 23 (char 22)
[2024-07-24T08:01:03.310+0000] {logging_mixin.py:188} INFO - Error decoding JSON: Expecting ',' delimiter: line 1 column 22 (char 21)
[2024-07-24T08:01:03.310+0000] {logging_mixin.py:188} INFO - Error decoding JSON: Expecting ',' delimiter: line 1 column 329 (char 328)
[2024-07-24T08:01:03.311+0000] {logging_mixin.py:188} INFO - Error decoding JSON: Expecting ',' delimiter: line 1 column 22 (char 21)
[2024-07-24T08:01:03.311+0000] {logging_mixin.py:188} INFO - Error decoding JSON: Expecting ',' delimiter: line 1 column 282 (char 281)
[2024-07-24T08:01:03.312+0000] {logging_mixin.py:188} INFO - Error decoding JSON: Expecting ',' delimiter: line 1 column 66 (char 65)
[2024-07-24T08:01:03.312+0000] {logging_mixin.py:188} INFO - Error decoding JSON: Expecting ',' delimiter: line 1 column 23 (char 22)
[2024-07-24T08:01:03.312+0000] {logging_mixin.py:188} INFO - Error decoding JSON: Expecting ',' delimiter: line 1 column 20 (char 19)
[2024-07-24T08:01:03.313+0000] {logging_mixin.py:188} INFO - Error decoding JSON: Expecting ',' delimiter: line 1 column 22 (char 21)
[2024-07-24T08:01:03.313+0000] {logging_mixin.py:188} INFO - Error decoding JSON: Expecting ',' delimiter: line 1 column 20 (char 19)
[2024-07-24T08:01:03.313+0000] {logging_mixin.py:188} INFO - Error decoding JSON: Expecting ',' delimiter: line 1 column 934 (char 933)
[2024-07-24T08:01:03.314+0000] {logging_mixin.py:188} INFO - Error decoding JSON: Expecting ',' delimiter: line 1 column 20 (char 19)
[2024-07-24T08:01:03.314+0000] {logging_mixin.py:188} INFO - Error decoding JSON: Expecting ',' delimiter: line 1 column 20 (char 19)
[2024-07-24T08:01:03.315+0000] {logging_mixin.py:188} INFO - Error decoding JSON: Expecting ',' delimiter: line 1 column 742 (char 741)
[2024-07-24T08:01:03.315+0000] {logging_mixin.py:188} INFO - Error decoding JSON: Expecting ',' delimiter: line 1 column 484 (char 483)
[2024-07-24T08:01:03.315+0000] {logging_mixin.py:188} INFO - Error decoding JSON: Expecting ',' delimiter: line 1 column 241 (char 240)
[2024-07-24T08:01:03.316+0000] {logging_mixin.py:188} INFO - Error decoding JSON: Expecting ',' delimiter: line 1 column 22 (char 21)
[2024-07-24T08:01:03.316+0000] {logging_mixin.py:188} INFO - Error decoding JSON: Expecting ',' delimiter: line 1 column 757 (char 756)
[2024-07-24T08:01:03.316+0000] {logging_mixin.py:188} INFO - Error decoding JSON: Expecting ',' delimiter: line 1 column 22 (char 21)
[2024-07-24T08:01:03.317+0000] {logging_mixin.py:188} INFO - Error decoding JSON: Expecting ',' delimiter: line 1 column 506 (char 505)
[2024-07-24T08:01:03.317+0000] {logging_mixin.py:188} INFO - Error decoding JSON: Expecting ',' delimiter: line 1 column 194 (char 193)
[2024-07-24T08:01:03.318+0000] {logging_mixin.py:188} INFO - Error decoding JSON: Expecting ',' delimiter: line 1 column 22 (char 21)
[2024-07-24T08:01:03.318+0000] {logging_mixin.py:188} INFO - Error decoding JSON: Expecting ',' delimiter: line 1 column 20 (char 19)
[2024-07-24T08:01:03.318+0000] {logging_mixin.py:188} INFO - Error decoding JSON: Expecting ',' delimiter: line 1 column 22 (char 21)
[2024-07-24T08:01:03.319+0000] {logging_mixin.py:188} INFO - Error decoding JSON: Expecting ',' delimiter: line 1 column 22 (char 21)
[2024-07-24T08:01:03.319+0000] {logging_mixin.py:188} INFO - Error decoding JSON: Expecting ',' delimiter: line 1 column 22 (char 21)
[2024-07-24T08:01:03.319+0000] {logging_mixin.py:188} INFO - Error decoding JSON: Expecting ',' delimiter: line 1 column 20 (char 19)
[2024-07-24T08:01:03.320+0000] {logging_mixin.py:188} INFO - Error decoding JSON: Expecting ',' delimiter: line 1 column 263 (char 262)
[2024-07-24T08:01:03.320+0000] {logging_mixin.py:188} INFO - Error decoding JSON: Expecting ',' delimiter: line 1 column 262 (char 261)
[2024-07-24T08:01:03.321+0000] {logging_mixin.py:188} INFO - Error decoding JSON: Expecting ',' delimiter: line 1 column 22 (char 21)
[2024-07-24T08:01:03.321+0000] {logging_mixin.py:188} INFO - Error decoding JSON: Expecting ',' delimiter: line 1 column 23 (char 22)
[2024-07-24T08:01:03.322+0000] {logging_mixin.py:188} INFO - Error decoding JSON: Expecting ',' delimiter: line 1 column 453 (char 452)
[2024-07-24T08:01:03.322+0000] {logging_mixin.py:188} INFO - Error decoding JSON: Expecting ',' delimiter: line 1 column 22 (char 21)
[2024-07-24T08:01:03.322+0000] {logging_mixin.py:188} INFO - Error decoding JSON: Expecting ',' delimiter: line 1 column 266 (char 265)
[2024-07-24T08:01:03.322+0000] {logging_mixin.py:188} INFO - Error decoding JSON: Expecting ',' delimiter: line 1 column 338 (char 337)
[2024-07-24T08:01:03.323+0000] {logging_mixin.py:188} INFO - Error decoding JSON: Expecting ',' delimiter: line 1 column 22 (char 21)
[2024-07-24T08:01:03.323+0000] {logging_mixin.py:188} INFO - Error decoding JSON: Expecting ',' delimiter: line 1 column 20 (char 19)
[2024-07-24T08:01:03.324+0000] {logging_mixin.py:188} INFO - Error decoding JSON: Expecting ',' delimiter: line 1 column 22 (char 21)
[2024-07-24T08:01:03.324+0000] {logging_mixin.py:188} INFO - Error decoding JSON: Expecting ',' delimiter: line 1 column 232 (char 231)
[2024-07-24T08:01:03.324+0000] {logging_mixin.py:188} INFO - Error decoding JSON: Expecting ',' delimiter: line 1 column 127 (char 126)
[2024-07-24T08:01:03.325+0000] {logging_mixin.py:188} INFO - Error decoding JSON: Expecting ',' delimiter: line 1 column 237 (char 236)
[2024-07-24T08:01:03.325+0000] {logging_mixin.py:188} INFO - Error decoding JSON: Expecting ',' delimiter: line 1 column 672 (char 671)
[2024-07-24T08:01:03.326+0000] {logging_mixin.py:188} INFO - Error decoding JSON: Expecting ',' delimiter: line 1 column 105 (char 104)
[2024-07-24T08:01:03.326+0000] {logging_mixin.py:188} INFO - Error decoding JSON: Expecting ',' delimiter: line 1 column 1054 (char 1053)
[2024-07-24T08:01:03.326+0000] {logging_mixin.py:188} INFO - Error decoding JSON: Expecting ',' delimiter: line 1 column 235 (char 234)
[2024-07-24T08:01:03.327+0000] {logging_mixin.py:188} INFO - Error decoding JSON: Expecting ',' delimiter: line 1 column 22 (char 21)
[2024-07-24T08:01:03.327+0000] {logging_mixin.py:188} INFO - Error decoding JSON: Expecting ',' delimiter: line 1 column 399 (char 398)
[2024-07-24T08:01:03.327+0000] {logging_mixin.py:188} INFO - Error decoding JSON: Expecting ',' delimiter: line 1 column 420 (char 419)
[2024-07-24T08:01:03.328+0000] {logging_mixin.py:188} INFO - Error decoding JSON: Expecting ',' delimiter: line 1 column 86 (char 85)
[2024-07-24T08:01:03.328+0000] {logging_mixin.py:188} INFO - Error decoding JSON: Expecting ',' delimiter: line 1 column 22 (char 21)
[2024-07-24T08:01:03.329+0000] {logging_mixin.py:188} INFO - Error decoding JSON: Expecting ',' delimiter: line 1 column 118 (char 117)
[2024-07-24T08:01:03.329+0000] {logging_mixin.py:188} INFO - Error decoding JSON: Expecting ',' delimiter: line 1 column 22 (char 21)
[2024-07-24T08:01:03.329+0000] {logging_mixin.py:188} INFO - Error decoding JSON: Expecting ',' delimiter: line 1 column 163 (char 162)
[2024-07-24T08:01:03.330+0000] {logging_mixin.py:188} INFO - Error decoding JSON: Expecting ',' delimiter: line 1 column 2650 (char 2649)
[2024-07-24T08:01:03.330+0000] {logging_mixin.py:188} INFO - Error decoding JSON: Expecting ',' delimiter: line 1 column 301 (char 300)
[2024-07-24T08:01:03.331+0000] {logging_mixin.py:188} INFO - Error decoding JSON: Expecting ',' delimiter: line 1 column 137 (char 136)
[2024-07-24T08:01:03.331+0000] {logging_mixin.py:188} INFO - Error decoding JSON: Expecting ',' delimiter: line 1 column 22 (char 21)
[2024-07-24T08:01:03.331+0000] {logging_mixin.py:188} INFO - Error decoding JSON: Expecting ',' delimiter: line 1 column 22 (char 21)
[2024-07-24T08:01:03.332+0000] {logging_mixin.py:188} INFO - Error decoding JSON: Expecting ',' delimiter: line 1 column 22 (char 21)
[2024-07-24T08:01:03.332+0000] {logging_mixin.py:188} INFO - Error decoding JSON: Expecting ',' delimiter: line 1 column 22 (char 21)
[2024-07-24T08:01:03.332+0000] {logging_mixin.py:188} INFO - Error decoding JSON: Expecting ',' delimiter: line 1 column 904 (char 903)
[2024-07-24T08:01:03.333+0000] {logging_mixin.py:188} INFO - Error decoding JSON: Expecting ',' delimiter: line 1 column 1017 (char 1016)
[2024-07-24T08:01:03.333+0000] {logging_mixin.py:188} INFO - Error decoding JSON: Expecting ',' delimiter: line 1 column 22 (char 21)
[2024-07-24T08:01:03.333+0000] {logging_mixin.py:188} INFO - Error decoding JSON: Expecting ',' delimiter: line 1 column 161 (char 160)
[2024-07-24T08:01:03.334+0000] {logging_mixin.py:188} INFO - Error decoding JSON: Expecting ',' delimiter: line 1 column 22 (char 21)
[2024-07-24T08:01:03.334+0000] {logging_mixin.py:188} INFO - Error decoding JSON: Expecting ',' delimiter: line 1 column 22 (char 21)
[2024-07-24T08:01:03.334+0000] {logging_mixin.py:188} INFO - Error decoding JSON: Expecting ',' delimiter: line 1 column 22 (char 21)
[2024-07-24T08:01:03.335+0000] {logging_mixin.py:188} INFO - Error decoding JSON: Expecting ',' delimiter: line 1 column 22 (char 21)
[2024-07-24T08:01:03.335+0000] {logging_mixin.py:188} INFO - Error decoding JSON: Expecting ',' delimiter: line 1 column 22 (char 21)
[2024-07-24T08:01:03.335+0000] {logging_mixin.py:188} INFO - Error decoding JSON: Expecting ',' delimiter: line 1 column 22 (char 21)
[2024-07-24T08:01:03.335+0000] {logging_mixin.py:188} INFO - Error decoding JSON: Expecting ',' delimiter: line 1 column 22 (char 21)
[2024-07-24T08:01:03.336+0000] {logging_mixin.py:188} INFO - Error decoding JSON: Expecting ',' delimiter: line 1 column 156 (char 155)
[2024-07-24T08:01:03.336+0000] {logging_mixin.py:188} INFO - Error decoding JSON: Expecting ',' delimiter: line 1 column 257 (char 256)
[2024-07-24T08:01:03.336+0000] {logging_mixin.py:188} INFO - Error decoding JSON: Expecting ',' delimiter: line 1 column 20 (char 19)
[2024-07-24T08:01:03.337+0000] {logging_mixin.py:188} INFO - Error decoding JSON: Expecting ',' delimiter: line 1 column 236 (char 235)
[2024-07-24T08:01:03.338+0000] {logging_mixin.py:188} INFO - Error decoding JSON: Expecting ',' delimiter: line 1 column 20 (char 19)
[2024-07-24T08:01:03.338+0000] {logging_mixin.py:188} INFO - Error decoding JSON: Expecting ',' delimiter: line 1 column 20 (char 19)
[2024-07-24T08:01:03.339+0000] {logging_mixin.py:188} INFO - Error decoding JSON: Expecting ',' delimiter: line 1 column 330 (char 329)
[2024-07-24T08:01:03.340+0000] {logging_mixin.py:188} INFO - Error decoding JSON: Expecting ',' delimiter: line 1 column 164 (char 163)
[2024-07-24T08:01:03.343+0000] {logging_mixin.py:188} INFO - Error decoding JSON: Expecting ',' delimiter: line 1 column 571 (char 570)
[2024-07-24T08:01:03.343+0000] {logging_mixin.py:188} INFO - Error decoding JSON: Expecting ',' delimiter: line 1 column 1021 (char 1020)
[2024-07-24T08:01:03.344+0000] {logging_mixin.py:188} INFO - Error decoding JSON: Expecting ',' delimiter: line 1 column 336 (char 335)
[2024-07-24T08:01:03.345+0000] {logging_mixin.py:188} INFO - Error decoding JSON: Expecting ',' delimiter: line 1 column 419 (char 418)
[2024-07-24T08:01:03.346+0000] {logging_mixin.py:188} INFO - Error decoding JSON: Expecting ',' delimiter: line 1 column 77 (char 76)
[2024-07-24T08:01:03.347+0000] {logging_mixin.py:188} INFO - Error decoding JSON: Expecting ',' delimiter: line 1 column 428 (char 427)
[2024-07-24T08:01:03.708+0000] {logging_mixin.py:188} INFO - Experience data has been successfully written to data/cleaned/experiences_data.csv
[2024-07-24T08:01:03.708+0000] {logging_mixin.py:188} INFO - Education data has been successfully written to data/cleaned/education_data.csv
[2024-07-24T08:01:03.709+0000] {logging_mixin.py:188} INFO - Certifications data has been successfully written to data/cleaned/certifications_data.csv
[2024-07-24T08:01:03.709+0000] {logging_mixin.py:188} INFO - cleaned profile data has been successfully written to data/cleaned/cleaned_profile_data.csv
[2024-07-24T08:01:03.715+0000] {python.py:237} INFO - Done. Returned value was: None
[2024-07-24T08:01:03.715+0000] {taskinstance.py:441} INFO - ::group::Post task execution logs
[2024-07-24T08:01:03.733+0000] {taskinstance.py:1206} INFO - Marking task as SUCCESS. dag_id=raw_data_processing_pipeline, task_id=extract_from_raw_data, run_id=scheduled__2024-07-24T07:01:00+00:00, execution_date=20240724T070100, start_date=20240724T080102, end_date=20240724T080103
[2024-07-24T08:01:03.767+0000] {local_task_job_runner.py:243} INFO - Task exited with return code 0
[2024-07-24T08:01:03.812+0000] {taskinstance.py:3503} INFO - 1 downstream tasks scheduled from follow-on schedule check
[2024-07-24T08:01:03.814+0000] {local_task_job_runner.py:222} INFO - ::endgroup::
