[2024-07-25T09:23:47.011+0000] {local_task_job_runner.py:120} INFO - ::group::Pre task execution logs
[2024-07-25T09:23:47.063+0000] {taskinstance.py:2076} INFO - Dependencies all met for dep_context=non-requeueable deps ti=<TaskInstance: raw_data_processing_pipeline.themuse_api_call manual__2024-07-25T09:23:43.636415+00:00 [queued]>
[2024-07-25T09:23:47.080+0000] {taskinstance.py:2076} INFO - Dependencies all met for dep_context=requeueable deps ti=<TaskInstance: raw_data_processing_pipeline.themuse_api_call manual__2024-07-25T09:23:43.636415+00:00 [queued]>
[2024-07-25T09:23:47.081+0000] {taskinstance.py:2306} INFO - Starting attempt 1 of 1
[2024-07-25T09:23:47.108+0000] {taskinstance.py:2330} INFO - Executing <Task(PythonOperator): themuse_api_call> on 2024-07-25 09:23:43.636415+00:00
[2024-07-25T09:23:47.116+0000] {standard_task_runner.py:64} INFO - Started process 473 to run task
[2024-07-25T09:23:47.122+0000] {standard_task_runner.py:90} INFO - Running: ['airflow', 'tasks', 'run', 'raw_data_processing_pipeline', 'themuse_api_call', 'manual__2024-07-25T09:23:43.636415+00:00', '--job-id', '15', '--raw', '--subdir', 'DAGS_FOLDER/raw_data_processing_pipeline.py', '--cfg-path', '/tmp/tmpgoqt8_aa']
[2024-07-25T09:23:47.125+0000] {standard_task_runner.py:91} INFO - Job 15: Subtask themuse_api_call
[2024-07-25T09:23:47.238+0000] {task_command.py:426} INFO - Running <TaskInstance: raw_data_processing_pipeline.themuse_api_call manual__2024-07-25T09:23:43.636415+00:00 [running]> on host a2e39b95bff0
[2024-07-25T09:23:47.410+0000] {taskinstance.py:2648} INFO - Exporting env vars: AIRFLOW_CTX_DAG_OWNER='airflow' AIRFLOW_CTX_DAG_ID='raw_data_processing_pipeline' AIRFLOW_CTX_TASK_ID='themuse_api_call' AIRFLOW_CTX_EXECUTION_DATE='2024-07-25T09:23:43.636415+00:00' AIRFLOW_CTX_TRY_NUMBER='1' AIRFLOW_CTX_DAG_RUN_ID='manual__2024-07-25T09:23:43.636415+00:00'
[2024-07-25T09:23:47.412+0000] {taskinstance.py:430} INFO - ::endgroup::
[2024-07-25T09:23:50.932+0000] {logging_mixin.py:188} INFO - Saved to 'data/raw/themuse_jobs_part_1.csv': 200 jobs
[2024-07-25T09:23:54.938+0000] {logging_mixin.py:188} INFO - Saved to 'data/raw/themuse_jobs_part_2.csv': 200 jobs
[2024-07-25T09:23:59.807+0000] {logging_mixin.py:188} INFO - Saved to 'data/raw/themuse_jobs_part_3.csv': 200 jobs
[2024-07-25T09:24:05.072+0000] {logging_mixin.py:188} INFO - Saved to 'data/raw/themuse_jobs_part_4.csv': 200 jobs
[2024-07-25T09:24:08.824+0000] {logging_mixin.py:188} INFO - Saved to 'data/raw/themuse_jobs_part_5.csv': 200 jobs
[2024-07-25T09:24:11.883+0000] {logging_mixin.py:188} INFO - Saved to 'data/raw/themuse_jobs_part_6.csv': 200 jobs
[2024-07-25T09:24:15.697+0000] {logging_mixin.py:188} INFO - Saved to 'data/raw/themuse_jobs_part_7.csv': 200 jobs
[2024-07-25T09:24:19.717+0000] {logging_mixin.py:188} INFO - Saved to 'data/raw/themuse_jobs_part_8.csv': 200 jobs
[2024-07-25T09:24:23.459+0000] {logging_mixin.py:188} INFO - Saved to 'data/raw/themuse_jobs_part_9.csv': 200 jobs
[2024-07-25T09:24:26.498+0000] {logging_mixin.py:188} INFO - Saved to 'data/raw/themuse_jobs_part_10.csv': 200 jobs
[2024-07-25T09:24:26.667+0000] {logging_mixin.py:188} INFO - Error 400: Value `page` is too high
[2024-07-25T09:24:28.837+0000] {logging_mixin.py:188} INFO - Saved to 'data/raw/themuse_companies_part_1.csv': 200 companies
[2024-07-25T09:24:31.153+0000] {logging_mixin.py:188} INFO - Saved to 'data/raw/themuse_companies_part_2.csv': 200 companies
[2024-07-25T09:24:33.611+0000] {logging_mixin.py:188} INFO - Saved to 'data/raw/themuse_companies_part_3.csv': 200 companies
[2024-07-25T09:24:34.687+0000] {logging_mixin.py:188} INFO - Saved to 'data/raw/themuse_companies_part_4.csv': 93 companies
[2024-07-25T09:24:34.688+0000] {python.py:237} INFO - Done. Returned value was: None
[2024-07-25T09:24:34.689+0000] {taskinstance.py:441} INFO - ::group::Post task execution logs
[2024-07-25T09:24:34.714+0000] {taskinstance.py:1206} INFO - Marking task as SUCCESS. dag_id=raw_data_processing_pipeline, task_id=themuse_api_call, run_id=manual__2024-07-25T09:23:43.636415+00:00, execution_date=20240725T092343, start_date=20240725T092347, end_date=20240725T092434
[2024-07-25T09:24:34.744+0000] {local_task_job_runner.py:243} INFO - Task exited with return code 0
[2024-07-25T09:24:34.786+0000] {taskinstance.py:3503} INFO - 1 downstream tasks scheduled from follow-on schedule check
[2024-07-25T09:24:34.788+0000] {local_task_job_runner.py:222} INFO - ::endgroup::
