[2024-07-25T07:50:28.183+0000] {processor.py:161} INFO - Started process (PID=192) to work on /root/.cache/pypoetry/virtualenvs/freeprise-matchmaker-BsnH11MF-py3.8/lib/python3.8/site-packages/airflow/example_dags/plugins/decreasing_priority_weight_strategy.py
[2024-07-25T07:50:28.185+0000] {processor.py:830} INFO - Processing file /root/.cache/pypoetry/virtualenvs/freeprise-matchmaker-BsnH11MF-py3.8/lib/python3.8/site-packages/airflow/example_dags/plugins/decreasing_priority_weight_strategy.py for tasks to queue
[2024-07-25T07:50:28.190+0000] {logging_mixin.py:188} INFO - [2024-07-25T07:50:28.189+0000] {dagbag.py:545} INFO - Filling up the DagBag from /root/.cache/pypoetry/virtualenvs/freeprise-matchmaker-BsnH11MF-py3.8/lib/python3.8/site-packages/airflow/example_dags/plugins/decreasing_priority_weight_strategy.py
[2024-07-25T07:50:28.199+0000] {processor.py:842} WARNING - No viable dags retrieved from /root/.cache/pypoetry/virtualenvs/freeprise-matchmaker-BsnH11MF-py3.8/lib/python3.8/site-packages/airflow/example_dags/plugins/decreasing_priority_weight_strategy.py
[2024-07-25T07:50:28.244+0000] {processor.py:183} INFO - Processing /root/.cache/pypoetry/virtualenvs/freeprise-matchmaker-BsnH11MF-py3.8/lib/python3.8/site-packages/airflow/example_dags/plugins/decreasing_priority_weight_strategy.py took 0.084 seconds
[2024-07-25T07:50:59.242+0000] {processor.py:161} INFO - Started process (PID=458) to work on /root/.cache/pypoetry/virtualenvs/freeprise-matchmaker-BsnH11MF-py3.8/lib/python3.8/site-packages/airflow/example_dags/plugins/decreasing_priority_weight_strategy.py
[2024-07-25T07:50:59.245+0000] {processor.py:830} INFO - Processing file /root/.cache/pypoetry/virtualenvs/freeprise-matchmaker-BsnH11MF-py3.8/lib/python3.8/site-packages/airflow/example_dags/plugins/decreasing_priority_weight_strategy.py for tasks to queue
[2024-07-25T07:50:59.249+0000] {logging_mixin.py:188} INFO - [2024-07-25T07:50:59.248+0000] {dagbag.py:545} INFO - Filling up the DagBag from /root/.cache/pypoetry/virtualenvs/freeprise-matchmaker-BsnH11MF-py3.8/lib/python3.8/site-packages/airflow/example_dags/plugins/decreasing_priority_weight_strategy.py
[2024-07-25T07:50:59.254+0000] {processor.py:842} WARNING - No viable dags retrieved from /root/.cache/pypoetry/virtualenvs/freeprise-matchmaker-BsnH11MF-py3.8/lib/python3.8/site-packages/airflow/example_dags/plugins/decreasing_priority_weight_strategy.py
[2024-07-25T07:50:59.291+0000] {processor.py:183} INFO - Processing /root/.cache/pypoetry/virtualenvs/freeprise-matchmaker-BsnH11MF-py3.8/lib/python3.8/site-packages/airflow/example_dags/plugins/decreasing_priority_weight_strategy.py took 0.068 seconds
[2024-07-25T07:51:29.476+0000] {processor.py:161} INFO - Started process (PID=716) to work on /root/.cache/pypoetry/virtualenvs/freeprise-matchmaker-BsnH11MF-py3.8/lib/python3.8/site-packages/airflow/example_dags/plugins/decreasing_priority_weight_strategy.py
[2024-07-25T07:51:29.479+0000] {processor.py:830} INFO - Processing file /root/.cache/pypoetry/virtualenvs/freeprise-matchmaker-BsnH11MF-py3.8/lib/python3.8/site-packages/airflow/example_dags/plugins/decreasing_priority_weight_strategy.py for tasks to queue
[2024-07-25T07:51:29.482+0000] {logging_mixin.py:188} INFO - [2024-07-25T07:51:29.481+0000] {dagbag.py:545} INFO - Filling up the DagBag from /root/.cache/pypoetry/virtualenvs/freeprise-matchmaker-BsnH11MF-py3.8/lib/python3.8/site-packages/airflow/example_dags/plugins/decreasing_priority_weight_strategy.py
[2024-07-25T07:51:29.485+0000] {processor.py:842} WARNING - No viable dags retrieved from /root/.cache/pypoetry/virtualenvs/freeprise-matchmaker-BsnH11MF-py3.8/lib/python3.8/site-packages/airflow/example_dags/plugins/decreasing_priority_weight_strategy.py
[2024-07-25T07:51:29.516+0000] {processor.py:183} INFO - Processing /root/.cache/pypoetry/virtualenvs/freeprise-matchmaker-BsnH11MF-py3.8/lib/python3.8/site-packages/airflow/example_dags/plugins/decreasing_priority_weight_strategy.py took 0.051 seconds
[2024-07-25T07:51:59.789+0000] {processor.py:161} INFO - Started process (PID=982) to work on /root/.cache/pypoetry/virtualenvs/freeprise-matchmaker-BsnH11MF-py3.8/lib/python3.8/site-packages/airflow/example_dags/plugins/decreasing_priority_weight_strategy.py
[2024-07-25T07:51:59.790+0000] {processor.py:830} INFO - Processing file /root/.cache/pypoetry/virtualenvs/freeprise-matchmaker-BsnH11MF-py3.8/lib/python3.8/site-packages/airflow/example_dags/plugins/decreasing_priority_weight_strategy.py for tasks to queue
[2024-07-25T07:51:59.793+0000] {logging_mixin.py:188} INFO - [2024-07-25T07:51:59.793+0000] {dagbag.py:545} INFO - Filling up the DagBag from /root/.cache/pypoetry/virtualenvs/freeprise-matchmaker-BsnH11MF-py3.8/lib/python3.8/site-packages/airflow/example_dags/plugins/decreasing_priority_weight_strategy.py
[2024-07-25T07:51:59.797+0000] {processor.py:842} WARNING - No viable dags retrieved from /root/.cache/pypoetry/virtualenvs/freeprise-matchmaker-BsnH11MF-py3.8/lib/python3.8/site-packages/airflow/example_dags/plugins/decreasing_priority_weight_strategy.py
[2024-07-25T07:51:59.830+0000] {processor.py:183} INFO - Processing /root/.cache/pypoetry/virtualenvs/freeprise-matchmaker-BsnH11MF-py3.8/lib/python3.8/site-packages/airflow/example_dags/plugins/decreasing_priority_weight_strategy.py took 0.056 seconds
[2024-07-25T07:52:29.887+0000] {processor.py:161} INFO - Started process (PID=1248) to work on /root/.cache/pypoetry/virtualenvs/freeprise-matchmaker-BsnH11MF-py3.8/lib/python3.8/site-packages/airflow/example_dags/plugins/decreasing_priority_weight_strategy.py
[2024-07-25T07:52:29.889+0000] {processor.py:830} INFO - Processing file /root/.cache/pypoetry/virtualenvs/freeprise-matchmaker-BsnH11MF-py3.8/lib/python3.8/site-packages/airflow/example_dags/plugins/decreasing_priority_weight_strategy.py for tasks to queue
[2024-07-25T07:52:29.893+0000] {logging_mixin.py:188} INFO - [2024-07-25T07:52:29.892+0000] {dagbag.py:545} INFO - Filling up the DagBag from /root/.cache/pypoetry/virtualenvs/freeprise-matchmaker-BsnH11MF-py3.8/lib/python3.8/site-packages/airflow/example_dags/plugins/decreasing_priority_weight_strategy.py
[2024-07-25T07:52:29.897+0000] {processor.py:842} WARNING - No viable dags retrieved from /root/.cache/pypoetry/virtualenvs/freeprise-matchmaker-BsnH11MF-py3.8/lib/python3.8/site-packages/airflow/example_dags/plugins/decreasing_priority_weight_strategy.py
[2024-07-25T07:52:29.928+0000] {processor.py:183} INFO - Processing /root/.cache/pypoetry/virtualenvs/freeprise-matchmaker-BsnH11MF-py3.8/lib/python3.8/site-packages/airflow/example_dags/plugins/decreasing_priority_weight_strategy.py took 0.058 seconds
[2024-07-25T07:53:00.333+0000] {processor.py:161} INFO - Started process (PID=1514) to work on /root/.cache/pypoetry/virtualenvs/freeprise-matchmaker-BsnH11MF-py3.8/lib/python3.8/site-packages/airflow/example_dags/plugins/decreasing_priority_weight_strategy.py
[2024-07-25T07:53:00.334+0000] {processor.py:830} INFO - Processing file /root/.cache/pypoetry/virtualenvs/freeprise-matchmaker-BsnH11MF-py3.8/lib/python3.8/site-packages/airflow/example_dags/plugins/decreasing_priority_weight_strategy.py for tasks to queue
[2024-07-25T07:53:00.337+0000] {logging_mixin.py:188} INFO - [2024-07-25T07:53:00.336+0000] {dagbag.py:545} INFO - Filling up the DagBag from /root/.cache/pypoetry/virtualenvs/freeprise-matchmaker-BsnH11MF-py3.8/lib/python3.8/site-packages/airflow/example_dags/plugins/decreasing_priority_weight_strategy.py
[2024-07-25T07:53:00.341+0000] {processor.py:842} WARNING - No viable dags retrieved from /root/.cache/pypoetry/virtualenvs/freeprise-matchmaker-BsnH11MF-py3.8/lib/python3.8/site-packages/airflow/example_dags/plugins/decreasing_priority_weight_strategy.py
[2024-07-25T07:53:00.373+0000] {processor.py:183} INFO - Processing /root/.cache/pypoetry/virtualenvs/freeprise-matchmaker-BsnH11MF-py3.8/lib/python3.8/site-packages/airflow/example_dags/plugins/decreasing_priority_weight_strategy.py took 0.053 seconds
[2024-07-25T07:53:30.504+0000] {processor.py:161} INFO - Started process (PID=1780) to work on /root/.cache/pypoetry/virtualenvs/freeprise-matchmaker-BsnH11MF-py3.8/lib/python3.8/site-packages/airflow/example_dags/plugins/decreasing_priority_weight_strategy.py
[2024-07-25T07:53:30.506+0000] {processor.py:830} INFO - Processing file /root/.cache/pypoetry/virtualenvs/freeprise-matchmaker-BsnH11MF-py3.8/lib/python3.8/site-packages/airflow/example_dags/plugins/decreasing_priority_weight_strategy.py for tasks to queue
[2024-07-25T07:53:30.509+0000] {logging_mixin.py:188} INFO - [2024-07-25T07:53:30.508+0000] {dagbag.py:545} INFO - Filling up the DagBag from /root/.cache/pypoetry/virtualenvs/freeprise-matchmaker-BsnH11MF-py3.8/lib/python3.8/site-packages/airflow/example_dags/plugins/decreasing_priority_weight_strategy.py
[2024-07-25T07:53:30.512+0000] {processor.py:842} WARNING - No viable dags retrieved from /root/.cache/pypoetry/virtualenvs/freeprise-matchmaker-BsnH11MF-py3.8/lib/python3.8/site-packages/airflow/example_dags/plugins/decreasing_priority_weight_strategy.py
[2024-07-25T07:53:30.545+0000] {processor.py:183} INFO - Processing /root/.cache/pypoetry/virtualenvs/freeprise-matchmaker-BsnH11MF-py3.8/lib/python3.8/site-packages/airflow/example_dags/plugins/decreasing_priority_weight_strategy.py took 0.054 seconds
[2024-07-25T07:54:01.001+0000] {processor.py:161} INFO - Started process (PID=2046) to work on /root/.cache/pypoetry/virtualenvs/freeprise-matchmaker-BsnH11MF-py3.8/lib/python3.8/site-packages/airflow/example_dags/plugins/decreasing_priority_weight_strategy.py
[2024-07-25T07:54:01.003+0000] {processor.py:830} INFO - Processing file /root/.cache/pypoetry/virtualenvs/freeprise-matchmaker-BsnH11MF-py3.8/lib/python3.8/site-packages/airflow/example_dags/plugins/decreasing_priority_weight_strategy.py for tasks to queue
[2024-07-25T07:54:01.007+0000] {logging_mixin.py:188} INFO - [2024-07-25T07:54:01.006+0000] {dagbag.py:545} INFO - Filling up the DagBag from /root/.cache/pypoetry/virtualenvs/freeprise-matchmaker-BsnH11MF-py3.8/lib/python3.8/site-packages/airflow/example_dags/plugins/decreasing_priority_weight_strategy.py
[2024-07-25T07:54:01.011+0000] {processor.py:842} WARNING - No viable dags retrieved from /root/.cache/pypoetry/virtualenvs/freeprise-matchmaker-BsnH11MF-py3.8/lib/python3.8/site-packages/airflow/example_dags/plugins/decreasing_priority_weight_strategy.py
[2024-07-25T07:54:01.055+0000] {processor.py:183} INFO - Processing /root/.cache/pypoetry/virtualenvs/freeprise-matchmaker-BsnH11MF-py3.8/lib/python3.8/site-packages/airflow/example_dags/plugins/decreasing_priority_weight_strategy.py took 0.069 seconds
[2024-07-25T07:54:31.354+0000] {processor.py:161} INFO - Started process (PID=2312) to work on /root/.cache/pypoetry/virtualenvs/freeprise-matchmaker-BsnH11MF-py3.8/lib/python3.8/site-packages/airflow/example_dags/plugins/decreasing_priority_weight_strategy.py
[2024-07-25T07:54:31.357+0000] {processor.py:830} INFO - Processing file /root/.cache/pypoetry/virtualenvs/freeprise-matchmaker-BsnH11MF-py3.8/lib/python3.8/site-packages/airflow/example_dags/plugins/decreasing_priority_weight_strategy.py for tasks to queue
[2024-07-25T07:54:31.362+0000] {logging_mixin.py:188} INFO - [2024-07-25T07:54:31.361+0000] {dagbag.py:545} INFO - Filling up the DagBag from /root/.cache/pypoetry/virtualenvs/freeprise-matchmaker-BsnH11MF-py3.8/lib/python3.8/site-packages/airflow/example_dags/plugins/decreasing_priority_weight_strategy.py
[2024-07-25T07:54:31.368+0000] {processor.py:842} WARNING - No viable dags retrieved from /root/.cache/pypoetry/virtualenvs/freeprise-matchmaker-BsnH11MF-py3.8/lib/python3.8/site-packages/airflow/example_dags/plugins/decreasing_priority_weight_strategy.py
[2024-07-25T07:54:31.402+0000] {processor.py:183} INFO - Processing /root/.cache/pypoetry/virtualenvs/freeprise-matchmaker-BsnH11MF-py3.8/lib/python3.8/site-packages/airflow/example_dags/plugins/decreasing_priority_weight_strategy.py took 0.066 seconds
[2024-07-25T07:55:01.596+0000] {processor.py:161} INFO - Started process (PID=2578) to work on /root/.cache/pypoetry/virtualenvs/freeprise-matchmaker-BsnH11MF-py3.8/lib/python3.8/site-packages/airflow/example_dags/plugins/decreasing_priority_weight_strategy.py
[2024-07-25T07:55:01.597+0000] {processor.py:830} INFO - Processing file /root/.cache/pypoetry/virtualenvs/freeprise-matchmaker-BsnH11MF-py3.8/lib/python3.8/site-packages/airflow/example_dags/plugins/decreasing_priority_weight_strategy.py for tasks to queue
[2024-07-25T07:55:01.600+0000] {logging_mixin.py:188} INFO - [2024-07-25T07:55:01.599+0000] {dagbag.py:545} INFO - Filling up the DagBag from /root/.cache/pypoetry/virtualenvs/freeprise-matchmaker-BsnH11MF-py3.8/lib/python3.8/site-packages/airflow/example_dags/plugins/decreasing_priority_weight_strategy.py
[2024-07-25T07:55:01.604+0000] {processor.py:842} WARNING - No viable dags retrieved from /root/.cache/pypoetry/virtualenvs/freeprise-matchmaker-BsnH11MF-py3.8/lib/python3.8/site-packages/airflow/example_dags/plugins/decreasing_priority_weight_strategy.py
[2024-07-25T07:55:01.634+0000] {processor.py:183} INFO - Processing /root/.cache/pypoetry/virtualenvs/freeprise-matchmaker-BsnH11MF-py3.8/lib/python3.8/site-packages/airflow/example_dags/plugins/decreasing_priority_weight_strategy.py took 0.052 seconds
[2024-07-25T07:55:31.834+0000] {processor.py:161} INFO - Started process (PID=2844) to work on /root/.cache/pypoetry/virtualenvs/freeprise-matchmaker-BsnH11MF-py3.8/lib/python3.8/site-packages/airflow/example_dags/plugins/decreasing_priority_weight_strategy.py
[2024-07-25T07:55:31.837+0000] {processor.py:830} INFO - Processing file /root/.cache/pypoetry/virtualenvs/freeprise-matchmaker-BsnH11MF-py3.8/lib/python3.8/site-packages/airflow/example_dags/plugins/decreasing_priority_weight_strategy.py for tasks to queue
[2024-07-25T07:55:31.840+0000] {logging_mixin.py:188} INFO - [2024-07-25T07:55:31.839+0000] {dagbag.py:545} INFO - Filling up the DagBag from /root/.cache/pypoetry/virtualenvs/freeprise-matchmaker-BsnH11MF-py3.8/lib/python3.8/site-packages/airflow/example_dags/plugins/decreasing_priority_weight_strategy.py
[2024-07-25T07:55:31.845+0000] {processor.py:842} WARNING - No viable dags retrieved from /root/.cache/pypoetry/virtualenvs/freeprise-matchmaker-BsnH11MF-py3.8/lib/python3.8/site-packages/airflow/example_dags/plugins/decreasing_priority_weight_strategy.py
[2024-07-25T07:55:31.879+0000] {processor.py:183} INFO - Processing /root/.cache/pypoetry/virtualenvs/freeprise-matchmaker-BsnH11MF-py3.8/lib/python3.8/site-packages/airflow/example_dags/plugins/decreasing_priority_weight_strategy.py took 0.057 seconds
[2024-07-25T07:56:02.106+0000] {processor.py:161} INFO - Started process (PID=3110) to work on /root/.cache/pypoetry/virtualenvs/freeprise-matchmaker-BsnH11MF-py3.8/lib/python3.8/site-packages/airflow/example_dags/plugins/decreasing_priority_weight_strategy.py
[2024-07-25T07:56:02.108+0000] {processor.py:830} INFO - Processing file /root/.cache/pypoetry/virtualenvs/freeprise-matchmaker-BsnH11MF-py3.8/lib/python3.8/site-packages/airflow/example_dags/plugins/decreasing_priority_weight_strategy.py for tasks to queue
[2024-07-25T07:56:02.111+0000] {logging_mixin.py:188} INFO - [2024-07-25T07:56:02.111+0000] {dagbag.py:545} INFO - Filling up the DagBag from /root/.cache/pypoetry/virtualenvs/freeprise-matchmaker-BsnH11MF-py3.8/lib/python3.8/site-packages/airflow/example_dags/plugins/decreasing_priority_weight_strategy.py
[2024-07-25T07:56:02.115+0000] {processor.py:842} WARNING - No viable dags retrieved from /root/.cache/pypoetry/virtualenvs/freeprise-matchmaker-BsnH11MF-py3.8/lib/python3.8/site-packages/airflow/example_dags/plugins/decreasing_priority_weight_strategy.py
[2024-07-25T07:56:02.146+0000] {processor.py:183} INFO - Processing /root/.cache/pypoetry/virtualenvs/freeprise-matchmaker-BsnH11MF-py3.8/lib/python3.8/site-packages/airflow/example_dags/plugins/decreasing_priority_weight_strategy.py took 0.057 seconds
[2024-07-25T07:56:32.306+0000] {processor.py:161} INFO - Started process (PID=3376) to work on /root/.cache/pypoetry/virtualenvs/freeprise-matchmaker-BsnH11MF-py3.8/lib/python3.8/site-packages/airflow/example_dags/plugins/decreasing_priority_weight_strategy.py
[2024-07-25T07:56:32.308+0000] {processor.py:830} INFO - Processing file /root/.cache/pypoetry/virtualenvs/freeprise-matchmaker-BsnH11MF-py3.8/lib/python3.8/site-packages/airflow/example_dags/plugins/decreasing_priority_weight_strategy.py for tasks to queue
[2024-07-25T07:56:32.310+0000] {logging_mixin.py:188} INFO - [2024-07-25T07:56:32.310+0000] {dagbag.py:545} INFO - Filling up the DagBag from /root/.cache/pypoetry/virtualenvs/freeprise-matchmaker-BsnH11MF-py3.8/lib/python3.8/site-packages/airflow/example_dags/plugins/decreasing_priority_weight_strategy.py
[2024-07-25T07:56:32.314+0000] {processor.py:842} WARNING - No viable dags retrieved from /root/.cache/pypoetry/virtualenvs/freeprise-matchmaker-BsnH11MF-py3.8/lib/python3.8/site-packages/airflow/example_dags/plugins/decreasing_priority_weight_strategy.py
[2024-07-25T07:56:32.349+0000] {processor.py:183} INFO - Processing /root/.cache/pypoetry/virtualenvs/freeprise-matchmaker-BsnH11MF-py3.8/lib/python3.8/site-packages/airflow/example_dags/plugins/decreasing_priority_weight_strategy.py took 0.054 seconds
[2024-07-25T07:57:02.483+0000] {processor.py:161} INFO - Started process (PID=3642) to work on /root/.cache/pypoetry/virtualenvs/freeprise-matchmaker-BsnH11MF-py3.8/lib/python3.8/site-packages/airflow/example_dags/plugins/decreasing_priority_weight_strategy.py
[2024-07-25T07:57:02.485+0000] {processor.py:830} INFO - Processing file /root/.cache/pypoetry/virtualenvs/freeprise-matchmaker-BsnH11MF-py3.8/lib/python3.8/site-packages/airflow/example_dags/plugins/decreasing_priority_weight_strategy.py for tasks to queue
[2024-07-25T07:57:02.488+0000] {logging_mixin.py:188} INFO - [2024-07-25T07:57:02.488+0000] {dagbag.py:545} INFO - Filling up the DagBag from /root/.cache/pypoetry/virtualenvs/freeprise-matchmaker-BsnH11MF-py3.8/lib/python3.8/site-packages/airflow/example_dags/plugins/decreasing_priority_weight_strategy.py
[2024-07-25T07:57:02.492+0000] {processor.py:842} WARNING - No viable dags retrieved from /root/.cache/pypoetry/virtualenvs/freeprise-matchmaker-BsnH11MF-py3.8/lib/python3.8/site-packages/airflow/example_dags/plugins/decreasing_priority_weight_strategy.py
[2024-07-25T07:57:02.524+0000] {processor.py:183} INFO - Processing /root/.cache/pypoetry/virtualenvs/freeprise-matchmaker-BsnH11MF-py3.8/lib/python3.8/site-packages/airflow/example_dags/plugins/decreasing_priority_weight_strategy.py took 0.055 seconds
[2024-07-25T07:57:32.921+0000] {processor.py:161} INFO - Started process (PID=3908) to work on /root/.cache/pypoetry/virtualenvs/freeprise-matchmaker-BsnH11MF-py3.8/lib/python3.8/site-packages/airflow/example_dags/plugins/decreasing_priority_weight_strategy.py
[2024-07-25T07:57:32.924+0000] {processor.py:830} INFO - Processing file /root/.cache/pypoetry/virtualenvs/freeprise-matchmaker-BsnH11MF-py3.8/lib/python3.8/site-packages/airflow/example_dags/plugins/decreasing_priority_weight_strategy.py for tasks to queue
[2024-07-25T07:57:32.927+0000] {logging_mixin.py:188} INFO - [2024-07-25T07:57:32.926+0000] {dagbag.py:545} INFO - Filling up the DagBag from /root/.cache/pypoetry/virtualenvs/freeprise-matchmaker-BsnH11MF-py3.8/lib/python3.8/site-packages/airflow/example_dags/plugins/decreasing_priority_weight_strategy.py
[2024-07-25T07:57:32.931+0000] {processor.py:842} WARNING - No viable dags retrieved from /root/.cache/pypoetry/virtualenvs/freeprise-matchmaker-BsnH11MF-py3.8/lib/python3.8/site-packages/airflow/example_dags/plugins/decreasing_priority_weight_strategy.py
[2024-07-25T07:57:32.962+0000] {processor.py:183} INFO - Processing /root/.cache/pypoetry/virtualenvs/freeprise-matchmaker-BsnH11MF-py3.8/lib/python3.8/site-packages/airflow/example_dags/plugins/decreasing_priority_weight_strategy.py took 0.056 seconds
[2024-07-25T07:58:03.273+0000] {processor.py:161} INFO - Started process (PID=4174) to work on /root/.cache/pypoetry/virtualenvs/freeprise-matchmaker-BsnH11MF-py3.8/lib/python3.8/site-packages/airflow/example_dags/plugins/decreasing_priority_weight_strategy.py
[2024-07-25T07:58:03.274+0000] {processor.py:830} INFO - Processing file /root/.cache/pypoetry/virtualenvs/freeprise-matchmaker-BsnH11MF-py3.8/lib/python3.8/site-packages/airflow/example_dags/plugins/decreasing_priority_weight_strategy.py for tasks to queue
[2024-07-25T07:58:03.277+0000] {logging_mixin.py:188} INFO - [2024-07-25T07:58:03.276+0000] {dagbag.py:545} INFO - Filling up the DagBag from /root/.cache/pypoetry/virtualenvs/freeprise-matchmaker-BsnH11MF-py3.8/lib/python3.8/site-packages/airflow/example_dags/plugins/decreasing_priority_weight_strategy.py
[2024-07-25T07:58:03.281+0000] {processor.py:842} WARNING - No viable dags retrieved from /root/.cache/pypoetry/virtualenvs/freeprise-matchmaker-BsnH11MF-py3.8/lib/python3.8/site-packages/airflow/example_dags/plugins/decreasing_priority_weight_strategy.py
[2024-07-25T07:58:03.310+0000] {processor.py:183} INFO - Processing /root/.cache/pypoetry/virtualenvs/freeprise-matchmaker-BsnH11MF-py3.8/lib/python3.8/site-packages/airflow/example_dags/plugins/decreasing_priority_weight_strategy.py took 0.049 seconds
[2024-07-25T07:58:33.500+0000] {processor.py:161} INFO - Started process (PID=4440) to work on /root/.cache/pypoetry/virtualenvs/freeprise-matchmaker-BsnH11MF-py3.8/lib/python3.8/site-packages/airflow/example_dags/plugins/decreasing_priority_weight_strategy.py
[2024-07-25T07:58:33.502+0000] {processor.py:830} INFO - Processing file /root/.cache/pypoetry/virtualenvs/freeprise-matchmaker-BsnH11MF-py3.8/lib/python3.8/site-packages/airflow/example_dags/plugins/decreasing_priority_weight_strategy.py for tasks to queue
[2024-07-25T07:58:33.504+0000] {logging_mixin.py:188} INFO - [2024-07-25T07:58:33.504+0000] {dagbag.py:545} INFO - Filling up the DagBag from /root/.cache/pypoetry/virtualenvs/freeprise-matchmaker-BsnH11MF-py3.8/lib/python3.8/site-packages/airflow/example_dags/plugins/decreasing_priority_weight_strategy.py
[2024-07-25T07:58:33.508+0000] {processor.py:842} WARNING - No viable dags retrieved from /root/.cache/pypoetry/virtualenvs/freeprise-matchmaker-BsnH11MF-py3.8/lib/python3.8/site-packages/airflow/example_dags/plugins/decreasing_priority_weight_strategy.py
[2024-07-25T07:58:33.539+0000] {processor.py:183} INFO - Processing /root/.cache/pypoetry/virtualenvs/freeprise-matchmaker-BsnH11MF-py3.8/lib/python3.8/site-packages/airflow/example_dags/plugins/decreasing_priority_weight_strategy.py took 0.053 seconds
[2024-07-25T07:59:03.827+0000] {processor.py:161} INFO - Started process (PID=4706) to work on /root/.cache/pypoetry/virtualenvs/freeprise-matchmaker-BsnH11MF-py3.8/lib/python3.8/site-packages/airflow/example_dags/plugins/decreasing_priority_weight_strategy.py
[2024-07-25T07:59:03.829+0000] {processor.py:830} INFO - Processing file /root/.cache/pypoetry/virtualenvs/freeprise-matchmaker-BsnH11MF-py3.8/lib/python3.8/site-packages/airflow/example_dags/plugins/decreasing_priority_weight_strategy.py for tasks to queue
[2024-07-25T07:59:03.831+0000] {logging_mixin.py:188} INFO - [2024-07-25T07:59:03.831+0000] {dagbag.py:545} INFO - Filling up the DagBag from /root/.cache/pypoetry/virtualenvs/freeprise-matchmaker-BsnH11MF-py3.8/lib/python3.8/site-packages/airflow/example_dags/plugins/decreasing_priority_weight_strategy.py
[2024-07-25T07:59:03.834+0000] {processor.py:842} WARNING - No viable dags retrieved from /root/.cache/pypoetry/virtualenvs/freeprise-matchmaker-BsnH11MF-py3.8/lib/python3.8/site-packages/airflow/example_dags/plugins/decreasing_priority_weight_strategy.py
[2024-07-25T07:59:03.878+0000] {processor.py:183} INFO - Processing /root/.cache/pypoetry/virtualenvs/freeprise-matchmaker-BsnH11MF-py3.8/lib/python3.8/site-packages/airflow/example_dags/plugins/decreasing_priority_weight_strategy.py took 0.063 seconds
[2024-07-25T07:59:34.172+0000] {processor.py:161} INFO - Started process (PID=4970) to work on /root/.cache/pypoetry/virtualenvs/freeprise-matchmaker-BsnH11MF-py3.8/lib/python3.8/site-packages/airflow/example_dags/plugins/decreasing_priority_weight_strategy.py
[2024-07-25T07:59:34.174+0000] {processor.py:830} INFO - Processing file /root/.cache/pypoetry/virtualenvs/freeprise-matchmaker-BsnH11MF-py3.8/lib/python3.8/site-packages/airflow/example_dags/plugins/decreasing_priority_weight_strategy.py for tasks to queue
[2024-07-25T07:59:34.177+0000] {logging_mixin.py:188} INFO - [2024-07-25T07:59:34.176+0000] {dagbag.py:545} INFO - Filling up the DagBag from /root/.cache/pypoetry/virtualenvs/freeprise-matchmaker-BsnH11MF-py3.8/lib/python3.8/site-packages/airflow/example_dags/plugins/decreasing_priority_weight_strategy.py
[2024-07-25T07:59:34.182+0000] {processor.py:842} WARNING - No viable dags retrieved from /root/.cache/pypoetry/virtualenvs/freeprise-matchmaker-BsnH11MF-py3.8/lib/python3.8/site-packages/airflow/example_dags/plugins/decreasing_priority_weight_strategy.py
[2024-07-25T07:59:34.226+0000] {processor.py:183} INFO - Processing /root/.cache/pypoetry/virtualenvs/freeprise-matchmaker-BsnH11MF-py3.8/lib/python3.8/site-packages/airflow/example_dags/plugins/decreasing_priority_weight_strategy.py took 0.071 seconds
[2024-07-25T08:00:04.807+0000] {processor.py:161} INFO - Started process (PID=5238) to work on /root/.cache/pypoetry/virtualenvs/freeprise-matchmaker-BsnH11MF-py3.8/lib/python3.8/site-packages/airflow/example_dags/plugins/decreasing_priority_weight_strategy.py
[2024-07-25T08:00:04.810+0000] {processor.py:830} INFO - Processing file /root/.cache/pypoetry/virtualenvs/freeprise-matchmaker-BsnH11MF-py3.8/lib/python3.8/site-packages/airflow/example_dags/plugins/decreasing_priority_weight_strategy.py for tasks to queue
[2024-07-25T08:00:04.815+0000] {logging_mixin.py:188} INFO - [2024-07-25T08:00:04.814+0000] {dagbag.py:545} INFO - Filling up the DagBag from /root/.cache/pypoetry/virtualenvs/freeprise-matchmaker-BsnH11MF-py3.8/lib/python3.8/site-packages/airflow/example_dags/plugins/decreasing_priority_weight_strategy.py
[2024-07-25T08:00:04.821+0000] {processor.py:842} WARNING - No viable dags retrieved from /root/.cache/pypoetry/virtualenvs/freeprise-matchmaker-BsnH11MF-py3.8/lib/python3.8/site-packages/airflow/example_dags/plugins/decreasing_priority_weight_strategy.py
[2024-07-25T08:00:04.858+0000] {processor.py:183} INFO - Processing /root/.cache/pypoetry/virtualenvs/freeprise-matchmaker-BsnH11MF-py3.8/lib/python3.8/site-packages/airflow/example_dags/plugins/decreasing_priority_weight_strategy.py took 0.066 seconds
[2024-07-25T08:00:35.091+0000] {processor.py:161} INFO - Started process (PID=5504) to work on /root/.cache/pypoetry/virtualenvs/freeprise-matchmaker-BsnH11MF-py3.8/lib/python3.8/site-packages/airflow/example_dags/plugins/decreasing_priority_weight_strategy.py
[2024-07-25T08:00:35.100+0000] {processor.py:830} INFO - Processing file /root/.cache/pypoetry/virtualenvs/freeprise-matchmaker-BsnH11MF-py3.8/lib/python3.8/site-packages/airflow/example_dags/plugins/decreasing_priority_weight_strategy.py for tasks to queue
[2024-07-25T08:00:35.108+0000] {logging_mixin.py:188} INFO - [2024-07-25T08:00:35.107+0000] {dagbag.py:545} INFO - Filling up the DagBag from /root/.cache/pypoetry/virtualenvs/freeprise-matchmaker-BsnH11MF-py3.8/lib/python3.8/site-packages/airflow/example_dags/plugins/decreasing_priority_weight_strategy.py
[2024-07-25T08:00:35.117+0000] {processor.py:842} WARNING - No viable dags retrieved from /root/.cache/pypoetry/virtualenvs/freeprise-matchmaker-BsnH11MF-py3.8/lib/python3.8/site-packages/airflow/example_dags/plugins/decreasing_priority_weight_strategy.py
[2024-07-25T08:00:35.202+0000] {processor.py:183} INFO - Processing /root/.cache/pypoetry/virtualenvs/freeprise-matchmaker-BsnH11MF-py3.8/lib/python3.8/site-packages/airflow/example_dags/plugins/decreasing_priority_weight_strategy.py took 0.137 seconds
[2024-07-25T08:01:05.348+0000] {processor.py:161} INFO - Started process (PID=5772) to work on /root/.cache/pypoetry/virtualenvs/freeprise-matchmaker-BsnH11MF-py3.8/lib/python3.8/site-packages/airflow/example_dags/plugins/decreasing_priority_weight_strategy.py
[2024-07-25T08:01:05.351+0000] {processor.py:830} INFO - Processing file /root/.cache/pypoetry/virtualenvs/freeprise-matchmaker-BsnH11MF-py3.8/lib/python3.8/site-packages/airflow/example_dags/plugins/decreasing_priority_weight_strategy.py for tasks to queue
[2024-07-25T08:01:05.354+0000] {logging_mixin.py:188} INFO - [2024-07-25T08:01:05.353+0000] {dagbag.py:545} INFO - Filling up the DagBag from /root/.cache/pypoetry/virtualenvs/freeprise-matchmaker-BsnH11MF-py3.8/lib/python3.8/site-packages/airflow/example_dags/plugins/decreasing_priority_weight_strategy.py
[2024-07-25T08:01:05.358+0000] {processor.py:842} WARNING - No viable dags retrieved from /root/.cache/pypoetry/virtualenvs/freeprise-matchmaker-BsnH11MF-py3.8/lib/python3.8/site-packages/airflow/example_dags/plugins/decreasing_priority_weight_strategy.py
[2024-07-25T08:01:05.392+0000] {processor.py:183} INFO - Processing /root/.cache/pypoetry/virtualenvs/freeprise-matchmaker-BsnH11MF-py3.8/lib/python3.8/site-packages/airflow/example_dags/plugins/decreasing_priority_weight_strategy.py took 0.060 seconds
