[2024-07-26T10:01:03.670+0000] {local_task_job_runner.py:120} INFO - ::group::Pre task execution logs
[2024-07-26T10:01:03.721+0000] {taskinstance.py:2076} INFO - Dependencies all met for dep_context=non-requeueable deps ti=<TaskInstance: raw_data_processing_pipeline.themuse_api_call scheduled__2024-07-26T09:01:00+00:00 [queued]>
[2024-07-26T10:01:03.739+0000] {taskinstance.py:2076} INFO - Dependencies all met for dep_context=requeueable deps ti=<TaskInstance: raw_data_processing_pipeline.themuse_api_call scheduled__2024-07-26T09:01:00+00:00 [queued]>
[2024-07-26T10:01:03.739+0000] {taskinstance.py:2306} INFO - Starting attempt 1 of 1
[2024-07-26T10:01:03.762+0000] {taskinstance.py:2330} INFO - Executing <Task(PythonOperator): themuse_api_call> on 2024-07-26 09:01:00+00:00
[2024-07-26T10:01:03.769+0000] {standard_task_runner.py:64} INFO - Started process 9443 to run task
[2024-07-26T10:01:03.775+0000] {standard_task_runner.py:90} INFO - Running: ['airflow', 'tasks', 'run', 'raw_data_processing_pipeline', 'themuse_api_call', 'scheduled__2024-07-26T09:01:00+00:00', '--job-id', '187', '--raw', '--subdir', 'DAGS_FOLDER/raw_data_processing_pipeline.py', '--cfg-path', '/tmp/tmp2g7js86x']
[2024-07-26T10:01:03.778+0000] {standard_task_runner.py:91} INFO - Job 187: Subtask themuse_api_call
[2024-07-26T10:01:03.876+0000] {task_command.py:426} INFO - Running <TaskInstance: raw_data_processing_pipeline.themuse_api_call scheduled__2024-07-26T09:01:00+00:00 [running]> on host 1a5e8209220d
[2024-07-26T10:01:04.052+0000] {taskinstance.py:2648} INFO - Exporting env vars: AIRFLOW_CTX_DAG_OWNER='airflow' AIRFLOW_CTX_DAG_ID='raw_data_processing_pipeline' AIRFLOW_CTX_TASK_ID='themuse_api_call' AIRFLOW_CTX_EXECUTION_DATE='2024-07-26T09:01:00+00:00' AIRFLOW_CTX_TRY_NUMBER='1' AIRFLOW_CTX_DAG_RUN_ID='scheduled__2024-07-26T09:01:00+00:00'
[2024-07-26T10:01:04.053+0000] {taskinstance.py:430} INFO - ::endgroup::
[2024-07-26T10:01:11.651+0000] {logging_mixin.py:188} INFO - Saved to 'data/raw/themuse_jobs_part_1.csv': 200 jobs
[2024-07-26T10:01:20.314+0000] {logging_mixin.py:188} INFO - Saved to 'data/raw/themuse_jobs_part_2.csv': 200 jobs
[2024-07-26T10:01:30.849+0000] {logging_mixin.py:188} INFO - Saved to 'data/raw/themuse_jobs_part_3.csv': 200 jobs
[2024-07-26T10:01:36.685+0000] {logging_mixin.py:188} INFO - Saved to 'data/raw/themuse_jobs_part_4.csv': 200 jobs
[2024-07-26T10:01:44.343+0000] {logging_mixin.py:188} INFO - Saved to 'data/raw/themuse_jobs_part_5.csv': 200 jobs
[2024-07-26T10:01:50.510+0000] {logging_mixin.py:188} INFO - Saved to 'data/raw/themuse_jobs_part_6.csv': 200 jobs
[2024-07-26T10:02:08.338+0000] {logging_mixin.py:188} INFO - Saved to 'data/raw/themuse_jobs_part_7.csv': 200 jobs
[2024-07-26T10:02:18.416+0000] {logging_mixin.py:188} INFO - Saved to 'data/raw/themuse_jobs_part_8.csv': 200 jobs
[2024-07-26T10:02:26.079+0000] {logging_mixin.py:188} INFO - Saved to 'data/raw/themuse_jobs_part_9.csv': 200 jobs
[2024-07-26T10:02:32.326+0000] {logging_mixin.py:188} INFO - Saved to 'data/raw/themuse_jobs_part_10.csv': 200 jobs
[2024-07-26T10:02:32.467+0000] {logging_mixin.py:188} INFO - Error 400: Value `page` is too high
[2024-07-26T10:02:36.181+0000] {logging_mixin.py:188} INFO - Saved to 'data/raw/themuse_companies_part_1.csv': 200 companies
[2024-07-26T10:02:38.717+0000] {logging_mixin.py:188} INFO - Saved to 'data/raw/themuse_companies_part_2.csv': 200 companies
[2024-07-26T10:02:41.406+0000] {logging_mixin.py:188} INFO - Saved to 'data/raw/themuse_companies_part_3.csv': 200 companies
[2024-07-26T10:02:42.706+0000] {logging_mixin.py:188} INFO - Saved to 'data/raw/themuse_companies_part_4.csv': 64 companies
[2024-07-26T10:02:42.707+0000] {python.py:237} INFO - Done. Returned value was: None
[2024-07-26T10:02:42.708+0000] {taskinstance.py:441} INFO - ::group::Post task execution logs
[2024-07-26T10:02:42.728+0000] {taskinstance.py:1206} INFO - Marking task as SUCCESS. dag_id=raw_data_processing_pipeline, task_id=themuse_api_call, run_id=scheduled__2024-07-26T09:01:00+00:00, execution_date=20240726T090100, start_date=20240726T100103, end_date=20240726T100242
[2024-07-26T10:02:42.783+0000] {local_task_job_runner.py:243} INFO - Task exited with return code 0
[2024-07-26T10:02:42.842+0000] {taskinstance.py:3503} INFO - 0 downstream tasks scheduled from follow-on schedule check
[2024-07-26T10:02:42.846+0000] {local_task_job_runner.py:222} INFO - ::endgroup::
