[2024-07-25T15:38:07.363+0000] {processor.py:161} INFO - Started process (PID=171) to work on /app/airflow/dags/raw_data_processing_pipeline.py
[2024-07-25T15:38:07.366+0000] {processor.py:830} INFO - Processing file /app/airflow/dags/raw_data_processing_pipeline.py for tasks to queue
[2024-07-25T15:38:07.371+0000] {logging_mixin.py:188} INFO - [2024-07-25T15:38:07.370+0000] {dagbag.py:545} INFO - Filling up the DagBag from /app/airflow/dags/raw_data_processing_pipeline.py
[2024-07-25T15:38:08.291+0000] {processor.py:840} INFO - DAG(s) 'raw_data_processing_pipeline' retrieved from /app/airflow/dags/raw_data_processing_pipeline.py
[2024-07-25T15:38:08.344+0000] {logging_mixin.py:188} INFO - [2024-07-25T15:38:08.343+0000] {dag.py:3089} INFO - Sync 1 DAGs
[2024-07-25T15:38:08.391+0000] {logging_mixin.py:188} INFO - [2024-07-25T15:38:08.391+0000] {dag.py:3947} INFO - Setting next_dagrun for raw_data_processing_pipeline to 2024-07-25 15:01:00+00:00, run_after=2024-07-25 16:01:00+00:00
[2024-07-25T15:38:08.425+0000] {processor.py:183} INFO - Processing /app/airflow/dags/raw_data_processing_pipeline.py took 1.081 seconds
[2024-07-25T15:38:38.567+0000] {processor.py:161} INFO - Started process (PID=190) to work on /app/airflow/dags/raw_data_processing_pipeline.py
[2024-07-25T15:38:38.569+0000] {processor.py:830} INFO - Processing file /app/airflow/dags/raw_data_processing_pipeline.py for tasks to queue
[2024-07-25T15:38:38.571+0000] {logging_mixin.py:188} INFO - [2024-07-25T15:38:38.571+0000] {dagbag.py:545} INFO - Filling up the DagBag from /app/airflow/dags/raw_data_processing_pipeline.py
[2024-07-25T15:38:39.207+0000] {processor.py:840} INFO - DAG(s) 'raw_data_processing_pipeline' retrieved from /app/airflow/dags/raw_data_processing_pipeline.py
[2024-07-25T15:38:39.395+0000] {logging_mixin.py:188} INFO - [2024-07-25T15:38:39.394+0000] {dag.py:3089} INFO - Sync 1 DAGs
[2024-07-25T15:38:39.426+0000] {logging_mixin.py:188} INFO - [2024-07-25T15:38:39.426+0000] {dag.py:3947} INFO - Setting next_dagrun for raw_data_processing_pipeline to 2024-07-25 15:01:00+00:00, run_after=2024-07-25 16:01:00+00:00
[2024-07-25T15:38:39.450+0000] {processor.py:183} INFO - Processing /app/airflow/dags/raw_data_processing_pipeline.py took 0.895 seconds
[2024-07-25T15:39:09.622+0000] {processor.py:161} INFO - Started process (PID=198) to work on /app/airflow/dags/raw_data_processing_pipeline.py
[2024-07-25T15:39:09.624+0000] {processor.py:830} INFO - Processing file /app/airflow/dags/raw_data_processing_pipeline.py for tasks to queue
[2024-07-25T15:39:09.626+0000] {logging_mixin.py:188} INFO - [2024-07-25T15:39:09.625+0000] {dagbag.py:545} INFO - Filling up the DagBag from /app/airflow/dags/raw_data_processing_pipeline.py
[2024-07-25T15:39:10.215+0000] {processor.py:840} INFO - DAG(s) 'raw_data_processing_pipeline' retrieved from /app/airflow/dags/raw_data_processing_pipeline.py
[2024-07-25T15:39:10.257+0000] {logging_mixin.py:188} INFO - [2024-07-25T15:39:10.257+0000] {dag.py:3089} INFO - Sync 1 DAGs
[2024-07-25T15:39:10.289+0000] {logging_mixin.py:188} INFO - [2024-07-25T15:39:10.288+0000] {dag.py:3947} INFO - Setting next_dagrun for raw_data_processing_pipeline to 2024-07-25 15:01:00+00:00, run_after=2024-07-25 16:01:00+00:00
[2024-07-25T15:39:10.313+0000] {processor.py:183} INFO - Processing /app/airflow/dags/raw_data_processing_pipeline.py took 0.701 seconds
[2024-07-25T15:40:14.843+0000] {processor.py:161} INFO - Started process (PID=172) to work on /app/airflow/dags/raw_data_processing_pipeline.py
[2024-07-25T15:40:14.846+0000] {processor.py:830} INFO - Processing file /app/airflow/dags/raw_data_processing_pipeline.py for tasks to queue
[2024-07-25T15:40:14.855+0000] {logging_mixin.py:188} INFO - [2024-07-25T15:40:14.854+0000] {dagbag.py:545} INFO - Filling up the DagBag from /app/airflow/dags/raw_data_processing_pipeline.py
[2024-07-25T15:40:15.633+0000] {processor.py:840} INFO - DAG(s) 'raw_data_processing_pipeline' retrieved from /app/airflow/dags/raw_data_processing_pipeline.py
[2024-07-25T15:40:15.676+0000] {logging_mixin.py:188} INFO - [2024-07-25T15:40:15.675+0000] {dag.py:3089} INFO - Sync 1 DAGs
[2024-07-25T15:40:15.719+0000] {logging_mixin.py:188} INFO - [2024-07-25T15:40:15.719+0000] {dag.py:3947} INFO - Setting next_dagrun for raw_data_processing_pipeline to 2024-07-25 15:01:00+00:00, run_after=2024-07-25 16:01:00+00:00
[2024-07-25T15:40:15.749+0000] {processor.py:183} INFO - Processing /app/airflow/dags/raw_data_processing_pipeline.py took 0.922 seconds
[2024-07-25T15:40:45.945+0000] {processor.py:161} INFO - Started process (PID=184) to work on /app/airflow/dags/raw_data_processing_pipeline.py
[2024-07-25T15:40:45.946+0000] {processor.py:830} INFO - Processing file /app/airflow/dags/raw_data_processing_pipeline.py for tasks to queue
[2024-07-25T15:40:45.948+0000] {logging_mixin.py:188} INFO - [2024-07-25T15:40:45.948+0000] {dagbag.py:545} INFO - Filling up the DagBag from /app/airflow/dags/raw_data_processing_pipeline.py
[2024-07-25T15:40:46.515+0000] {processor.py:840} INFO - DAG(s) 'raw_data_processing_pipeline' retrieved from /app/airflow/dags/raw_data_processing_pipeline.py
[2024-07-25T15:40:46.662+0000] {logging_mixin.py:188} INFO - [2024-07-25T15:40:46.662+0000] {dag.py:3089} INFO - Sync 1 DAGs
[2024-07-25T15:40:46.689+0000] {logging_mixin.py:188} INFO - [2024-07-25T15:40:46.689+0000] {dag.py:3947} INFO - Setting next_dagrun for raw_data_processing_pipeline to 2024-07-25 15:01:00+00:00, run_after=2024-07-25 16:01:00+00:00
[2024-07-25T15:40:46.712+0000] {processor.py:183} INFO - Processing /app/airflow/dags/raw_data_processing_pipeline.py took 0.782 seconds
[2024-07-25T15:41:16.904+0000] {processor.py:161} INFO - Started process (PID=192) to work on /app/airflow/dags/raw_data_processing_pipeline.py
[2024-07-25T15:41:16.905+0000] {processor.py:830} INFO - Processing file /app/airflow/dags/raw_data_processing_pipeline.py for tasks to queue
[2024-07-25T15:41:16.908+0000] {logging_mixin.py:188} INFO - [2024-07-25T15:41:16.907+0000] {dagbag.py:545} INFO - Filling up the DagBag from /app/airflow/dags/raw_data_processing_pipeline.py
[2024-07-25T15:41:17.613+0000] {processor.py:840} INFO - DAG(s) 'raw_data_processing_pipeline' retrieved from /app/airflow/dags/raw_data_processing_pipeline.py
[2024-07-25T15:41:17.655+0000] {logging_mixin.py:188} INFO - [2024-07-25T15:41:17.655+0000] {dag.py:3089} INFO - Sync 1 DAGs
[2024-07-25T15:41:17.686+0000] {logging_mixin.py:188} INFO - [2024-07-25T15:41:17.686+0000] {dag.py:3947} INFO - Setting next_dagrun for raw_data_processing_pipeline to 2024-07-25 15:01:00+00:00, run_after=2024-07-25 16:01:00+00:00
[2024-07-25T15:41:17.712+0000] {processor.py:183} INFO - Processing /app/airflow/dags/raw_data_processing_pipeline.py took 0.822 seconds
[2024-07-25T15:41:37.851+0000] {processor.py:161} INFO - Started process (PID=200) to work on /app/airflow/dags/raw_data_processing_pipeline.py
[2024-07-25T15:41:37.852+0000] {processor.py:830} INFO - Processing file /app/airflow/dags/raw_data_processing_pipeline.py for tasks to queue
[2024-07-25T15:41:37.855+0000] {logging_mixin.py:188} INFO - [2024-07-25T15:41:37.855+0000] {dagbag.py:545} INFO - Filling up the DagBag from /app/airflow/dags/raw_data_processing_pipeline.py
[2024-07-25T15:41:38.511+0000] {processor.py:840} INFO - DAG(s) 'raw_data_processing_pipeline' retrieved from /app/airflow/dags/raw_data_processing_pipeline.py
[2024-07-25T15:41:38.662+0000] {logging_mixin.py:188} INFO - [2024-07-25T15:41:38.661+0000] {dag.py:3089} INFO - Sync 1 DAGs
[2024-07-25T15:41:38.691+0000] {logging_mixin.py:188} INFO - [2024-07-25T15:41:38.690+0000] {dag.py:3947} INFO - Setting next_dagrun for raw_data_processing_pipeline to 2024-07-25 15:01:00+00:00, run_after=2024-07-25 16:01:00+00:00
[2024-07-25T15:41:38.716+0000] {processor.py:183} INFO - Processing /app/airflow/dags/raw_data_processing_pipeline.py took 0.881 seconds
[2024-07-25T15:41:39.251+0000] {processor.py:161} INFO - Started process (PID=208) to work on /app/airflow/dags/raw_data_processing_pipeline.py
[2024-07-25T15:41:39.252+0000] {processor.py:830} INFO - Processing file /app/airflow/dags/raw_data_processing_pipeline.py for tasks to queue
[2024-07-25T15:41:39.254+0000] {logging_mixin.py:188} INFO - [2024-07-25T15:41:39.254+0000] {dagbag.py:545} INFO - Filling up the DagBag from /app/airflow/dags/raw_data_processing_pipeline.py
[2024-07-25T15:41:39.807+0000] {processor.py:840} INFO - DAG(s) 'raw_data_processing_pipeline' retrieved from /app/airflow/dags/raw_data_processing_pipeline.py
[2024-07-25T15:41:39.828+0000] {logging_mixin.py:188} INFO - [2024-07-25T15:41:39.828+0000] {dag.py:3089} INFO - Sync 1 DAGs
[2024-07-25T15:41:39.862+0000] {logging_mixin.py:188} INFO - [2024-07-25T15:41:39.861+0000] {dag.py:3947} INFO - Setting next_dagrun for raw_data_processing_pipeline to 2024-07-25 15:01:00+00:00, run_after=2024-07-25 16:01:00+00:00
[2024-07-25T15:41:39.889+0000] {processor.py:183} INFO - Processing /app/airflow/dags/raw_data_processing_pipeline.py took 0.649 seconds
[2024-07-25T15:42:10.070+0000] {processor.py:161} INFO - Started process (PID=216) to work on /app/airflow/dags/raw_data_processing_pipeline.py
[2024-07-25T15:42:10.079+0000] {processor.py:830} INFO - Processing file /app/airflow/dags/raw_data_processing_pipeline.py for tasks to queue
[2024-07-25T15:42:10.083+0000] {logging_mixin.py:188} INFO - [2024-07-25T15:42:10.083+0000] {dagbag.py:545} INFO - Filling up the DagBag from /app/airflow/dags/raw_data_processing_pipeline.py
[2024-07-25T15:42:10.709+0000] {processor.py:840} INFO - DAG(s) 'raw_data_processing_pipeline' retrieved from /app/airflow/dags/raw_data_processing_pipeline.py
[2024-07-25T15:42:10.763+0000] {logging_mixin.py:188} INFO - [2024-07-25T15:42:10.762+0000] {dag.py:3089} INFO - Sync 1 DAGs
[2024-07-25T15:42:10.805+0000] {logging_mixin.py:188} INFO - [2024-07-25T15:42:10.805+0000] {dag.py:3947} INFO - Setting next_dagrun for raw_data_processing_pipeline to 2024-07-25 15:01:00+00:00, run_after=2024-07-25 16:01:00+00:00
[2024-07-25T15:42:10.833+0000] {processor.py:183} INFO - Processing /app/airflow/dags/raw_data_processing_pipeline.py took 0.777 seconds
[2024-07-25T15:42:41.025+0000] {processor.py:161} INFO - Started process (PID=224) to work on /app/airflow/dags/raw_data_processing_pipeline.py
[2024-07-25T15:42:41.026+0000] {processor.py:830} INFO - Processing file /app/airflow/dags/raw_data_processing_pipeline.py for tasks to queue
[2024-07-25T15:42:41.029+0000] {logging_mixin.py:188} INFO - [2024-07-25T15:42:41.028+0000] {dagbag.py:545} INFO - Filling up the DagBag from /app/airflow/dags/raw_data_processing_pipeline.py
[2024-07-25T15:42:41.634+0000] {processor.py:840} INFO - DAG(s) 'raw_data_processing_pipeline' retrieved from /app/airflow/dags/raw_data_processing_pipeline.py
[2024-07-25T15:42:41.675+0000] {logging_mixin.py:188} INFO - [2024-07-25T15:42:41.675+0000] {dag.py:3089} INFO - Sync 1 DAGs
[2024-07-25T15:42:41.706+0000] {logging_mixin.py:188} INFO - [2024-07-25T15:42:41.706+0000] {dag.py:3947} INFO - Setting next_dagrun for raw_data_processing_pipeline to 2024-07-25 15:01:00+00:00, run_after=2024-07-25 16:01:00+00:00
[2024-07-25T15:42:41.728+0000] {processor.py:183} INFO - Processing /app/airflow/dags/raw_data_processing_pipeline.py took 0.715 seconds
[2024-07-25T15:43:11.914+0000] {processor.py:161} INFO - Started process (PID=232) to work on /app/airflow/dags/raw_data_processing_pipeline.py
[2024-07-25T15:43:11.917+0000] {processor.py:830} INFO - Processing file /app/airflow/dags/raw_data_processing_pipeline.py for tasks to queue
[2024-07-25T15:43:11.920+0000] {logging_mixin.py:188} INFO - [2024-07-25T15:43:11.919+0000] {dagbag.py:545} INFO - Filling up the DagBag from /app/airflow/dags/raw_data_processing_pipeline.py
[2024-07-25T15:43:12.503+0000] {processor.py:840} INFO - DAG(s) 'raw_data_processing_pipeline' retrieved from /app/airflow/dags/raw_data_processing_pipeline.py
[2024-07-25T15:43:12.544+0000] {logging_mixin.py:188} INFO - [2024-07-25T15:43:12.544+0000] {dag.py:3089} INFO - Sync 1 DAGs
[2024-07-25T15:43:12.578+0000] {logging_mixin.py:188} INFO - [2024-07-25T15:43:12.578+0000] {dag.py:3947} INFO - Setting next_dagrun for raw_data_processing_pipeline to 2024-07-25 15:01:00+00:00, run_after=2024-07-25 16:01:00+00:00
[2024-07-25T15:43:12.618+0000] {processor.py:183} INFO - Processing /app/airflow/dags/raw_data_processing_pipeline.py took 0.719 seconds
[2024-07-25T15:43:42.828+0000] {processor.py:161} INFO - Started process (PID=250) to work on /app/airflow/dags/raw_data_processing_pipeline.py
[2024-07-25T15:43:42.830+0000] {processor.py:830} INFO - Processing file /app/airflow/dags/raw_data_processing_pipeline.py for tasks to queue
[2024-07-25T15:43:42.833+0000] {logging_mixin.py:188} INFO - [2024-07-25T15:43:42.832+0000] {dagbag.py:545} INFO - Filling up the DagBag from /app/airflow/dags/raw_data_processing_pipeline.py
[2024-07-25T15:43:43.448+0000] {processor.py:840} INFO - DAG(s) 'raw_data_processing_pipeline' retrieved from /app/airflow/dags/raw_data_processing_pipeline.py
[2024-07-25T15:43:43.498+0000] {logging_mixin.py:188} INFO - [2024-07-25T15:43:43.497+0000] {dag.py:3089} INFO - Sync 1 DAGs
[2024-07-25T15:43:43.530+0000] {logging_mixin.py:188} INFO - [2024-07-25T15:43:43.530+0000] {dag.py:3947} INFO - Setting next_dagrun for raw_data_processing_pipeline to 2024-07-25 15:01:00+00:00, run_after=2024-07-25 16:01:00+00:00
[2024-07-25T15:43:43.553+0000] {processor.py:183} INFO - Processing /app/airflow/dags/raw_data_processing_pipeline.py took 0.738 seconds
[2024-07-25T15:44:13.628+0000] {processor.py:161} INFO - Started process (PID=258) to work on /app/airflow/dags/raw_data_processing_pipeline.py
[2024-07-25T15:44:13.630+0000] {processor.py:830} INFO - Processing file /app/airflow/dags/raw_data_processing_pipeline.py for tasks to queue
[2024-07-25T15:44:13.633+0000] {logging_mixin.py:188} INFO - [2024-07-25T15:44:13.632+0000] {dagbag.py:545} INFO - Filling up the DagBag from /app/airflow/dags/raw_data_processing_pipeline.py
[2024-07-25T15:44:14.197+0000] {processor.py:840} INFO - DAG(s) 'raw_data_processing_pipeline' retrieved from /app/airflow/dags/raw_data_processing_pipeline.py
[2024-07-25T15:44:14.238+0000] {logging_mixin.py:188} INFO - [2024-07-25T15:44:14.237+0000] {dag.py:3089} INFO - Sync 1 DAGs
[2024-07-25T15:44:14.268+0000] {logging_mixin.py:188} INFO - [2024-07-25T15:44:14.268+0000] {dag.py:3947} INFO - Setting next_dagrun for raw_data_processing_pipeline to 2024-07-25 15:01:00+00:00, run_after=2024-07-25 16:01:00+00:00
[2024-07-25T15:44:14.292+0000] {processor.py:183} INFO - Processing /app/airflow/dags/raw_data_processing_pipeline.py took 0.675 seconds
[2024-07-25T15:44:44.472+0000] {processor.py:161} INFO - Started process (PID=266) to work on /app/airflow/dags/raw_data_processing_pipeline.py
[2024-07-25T15:44:44.474+0000] {processor.py:830} INFO - Processing file /app/airflow/dags/raw_data_processing_pipeline.py for tasks to queue
[2024-07-25T15:44:44.476+0000] {logging_mixin.py:188} INFO - [2024-07-25T15:44:44.476+0000] {dagbag.py:545} INFO - Filling up the DagBag from /app/airflow/dags/raw_data_processing_pipeline.py
[2024-07-25T15:44:45.049+0000] {processor.py:840} INFO - DAG(s) 'raw_data_processing_pipeline' retrieved from /app/airflow/dags/raw_data_processing_pipeline.py
[2024-07-25T15:44:45.091+0000] {logging_mixin.py:188} INFO - [2024-07-25T15:44:45.090+0000] {dag.py:3089} INFO - Sync 1 DAGs
[2024-07-25T15:44:45.124+0000] {logging_mixin.py:188} INFO - [2024-07-25T15:44:45.123+0000] {dag.py:3947} INFO - Setting next_dagrun for raw_data_processing_pipeline to 2024-07-25 15:01:00+00:00, run_after=2024-07-25 16:01:00+00:00
[2024-07-25T15:44:45.147+0000] {processor.py:183} INFO - Processing /app/airflow/dags/raw_data_processing_pipeline.py took 0.686 seconds
[2024-07-25T15:45:15.318+0000] {processor.py:161} INFO - Started process (PID=274) to work on /app/airflow/dags/raw_data_processing_pipeline.py
[2024-07-25T15:45:15.321+0000] {processor.py:830} INFO - Processing file /app/airflow/dags/raw_data_processing_pipeline.py for tasks to queue
[2024-07-25T15:45:15.323+0000] {logging_mixin.py:188} INFO - [2024-07-25T15:45:15.323+0000] {dagbag.py:545} INFO - Filling up the DagBag from /app/airflow/dags/raw_data_processing_pipeline.py
[2024-07-25T15:45:15.901+0000] {processor.py:840} INFO - DAG(s) 'raw_data_processing_pipeline' retrieved from /app/airflow/dags/raw_data_processing_pipeline.py
[2024-07-25T15:45:15.941+0000] {logging_mixin.py:188} INFO - [2024-07-25T15:45:15.941+0000] {dag.py:3089} INFO - Sync 1 DAGs
[2024-07-25T15:45:15.972+0000] {logging_mixin.py:188} INFO - [2024-07-25T15:45:15.972+0000] {dag.py:3947} INFO - Setting next_dagrun for raw_data_processing_pipeline to 2024-07-25 15:01:00+00:00, run_after=2024-07-25 16:01:00+00:00
[2024-07-25T15:45:15.995+0000] {processor.py:183} INFO - Processing /app/airflow/dags/raw_data_processing_pipeline.py took 0.688 seconds
[2024-07-25T15:45:46.175+0000] {processor.py:161} INFO - Started process (PID=282) to work on /app/airflow/dags/raw_data_processing_pipeline.py
[2024-07-25T15:45:46.177+0000] {processor.py:830} INFO - Processing file /app/airflow/dags/raw_data_processing_pipeline.py for tasks to queue
[2024-07-25T15:45:46.180+0000] {logging_mixin.py:188} INFO - [2024-07-25T15:45:46.179+0000] {dagbag.py:545} INFO - Filling up the DagBag from /app/airflow/dags/raw_data_processing_pipeline.py
[2024-07-25T15:45:46.756+0000] {processor.py:840} INFO - DAG(s) 'raw_data_processing_pipeline' retrieved from /app/airflow/dags/raw_data_processing_pipeline.py
[2024-07-25T15:45:46.797+0000] {logging_mixin.py:188} INFO - [2024-07-25T15:45:46.796+0000] {dag.py:3089} INFO - Sync 1 DAGs
[2024-07-25T15:45:46.827+0000] {logging_mixin.py:188} INFO - [2024-07-25T15:45:46.826+0000] {dag.py:3947} INFO - Setting next_dagrun for raw_data_processing_pipeline to 2024-07-25 15:01:00+00:00, run_after=2024-07-25 16:01:00+00:00
[2024-07-25T15:45:46.848+0000] {processor.py:183} INFO - Processing /app/airflow/dags/raw_data_processing_pipeline.py took 0.684 seconds
[2024-07-25T15:46:17.038+0000] {processor.py:161} INFO - Started process (PID=290) to work on /app/airflow/dags/raw_data_processing_pipeline.py
[2024-07-25T15:46:17.040+0000] {processor.py:830} INFO - Processing file /app/airflow/dags/raw_data_processing_pipeline.py for tasks to queue
[2024-07-25T15:46:17.042+0000] {logging_mixin.py:188} INFO - [2024-07-25T15:46:17.042+0000] {dagbag.py:545} INFO - Filling up the DagBag from /app/airflow/dags/raw_data_processing_pipeline.py
[2024-07-25T15:46:17.631+0000] {processor.py:840} INFO - DAG(s) 'raw_data_processing_pipeline' retrieved from /app/airflow/dags/raw_data_processing_pipeline.py
[2024-07-25T15:46:17.672+0000] {logging_mixin.py:188} INFO - [2024-07-25T15:46:17.671+0000] {dag.py:3089} INFO - Sync 1 DAGs
[2024-07-25T15:46:17.702+0000] {logging_mixin.py:188} INFO - [2024-07-25T15:46:17.702+0000] {dag.py:3947} INFO - Setting next_dagrun for raw_data_processing_pipeline to 2024-07-25 15:01:00+00:00, run_after=2024-07-25 16:01:00+00:00
[2024-07-25T15:46:17.724+0000] {processor.py:183} INFO - Processing /app/airflow/dags/raw_data_processing_pipeline.py took 0.697 seconds
[2024-07-25T15:46:47.911+0000] {processor.py:161} INFO - Started process (PID=298) to work on /app/airflow/dags/raw_data_processing_pipeline.py
[2024-07-25T15:46:47.913+0000] {processor.py:830} INFO - Processing file /app/airflow/dags/raw_data_processing_pipeline.py for tasks to queue
[2024-07-25T15:46:47.915+0000] {logging_mixin.py:188} INFO - [2024-07-25T15:46:47.915+0000] {dagbag.py:545} INFO - Filling up the DagBag from /app/airflow/dags/raw_data_processing_pipeline.py
[2024-07-25T15:46:48.602+0000] {processor.py:840} INFO - DAG(s) 'raw_data_processing_pipeline' retrieved from /app/airflow/dags/raw_data_processing_pipeline.py
[2024-07-25T15:46:48.644+0000] {logging_mixin.py:188} INFO - [2024-07-25T15:46:48.643+0000] {dag.py:3089} INFO - Sync 1 DAGs
[2024-07-25T15:46:48.677+0000] {logging_mixin.py:188} INFO - [2024-07-25T15:46:48.677+0000] {dag.py:3947} INFO - Setting next_dagrun for raw_data_processing_pipeline to 2024-07-25 15:01:00+00:00, run_after=2024-07-25 16:01:00+00:00
[2024-07-25T15:46:48.703+0000] {processor.py:183} INFO - Processing /app/airflow/dags/raw_data_processing_pipeline.py took 0.809 seconds
[2024-07-25T15:47:18.869+0000] {processor.py:161} INFO - Started process (PID=306) to work on /app/airflow/dags/raw_data_processing_pipeline.py
[2024-07-25T15:47:18.872+0000] {processor.py:830} INFO - Processing file /app/airflow/dags/raw_data_processing_pipeline.py for tasks to queue
[2024-07-25T15:47:18.875+0000] {logging_mixin.py:188} INFO - [2024-07-25T15:47:18.874+0000] {dagbag.py:545} INFO - Filling up the DagBag from /app/airflow/dags/raw_data_processing_pipeline.py
[2024-07-25T15:47:19.468+0000] {processor.py:840} INFO - DAG(s) 'raw_data_processing_pipeline' retrieved from /app/airflow/dags/raw_data_processing_pipeline.py
[2024-07-25T15:47:19.510+0000] {logging_mixin.py:188} INFO - [2024-07-25T15:47:19.510+0000] {dag.py:3089} INFO - Sync 1 DAGs
[2024-07-25T15:47:19.542+0000] {logging_mixin.py:188} INFO - [2024-07-25T15:47:19.541+0000] {dag.py:3947} INFO - Setting next_dagrun for raw_data_processing_pipeline to 2024-07-25 15:01:00+00:00, run_after=2024-07-25 16:01:00+00:00
[2024-07-25T15:47:19.567+0000] {processor.py:183} INFO - Processing /app/airflow/dags/raw_data_processing_pipeline.py took 0.709 seconds
[2024-07-25T15:48:10.827+0000] {processor.py:161} INFO - Started process (PID=171) to work on /app/airflow/dags/raw_data_processing_pipeline.py
[2024-07-25T15:48:10.831+0000] {processor.py:830} INFO - Processing file /app/airflow/dags/raw_data_processing_pipeline.py for tasks to queue
[2024-07-25T15:48:10.835+0000] {logging_mixin.py:188} INFO - [2024-07-25T15:48:10.835+0000] {dagbag.py:545} INFO - Filling up the DagBag from /app/airflow/dags/raw_data_processing_pipeline.py
[2024-07-25T15:48:11.698+0000] {processor.py:840} INFO - DAG(s) 'raw_data_processing_pipeline' retrieved from /app/airflow/dags/raw_data_processing_pipeline.py
[2024-07-25T15:48:11.745+0000] {logging_mixin.py:188} INFO - [2024-07-25T15:48:11.744+0000] {dag.py:3089} INFO - Sync 1 DAGs
[2024-07-25T15:48:11.787+0000] {logging_mixin.py:188} INFO - [2024-07-25T15:48:11.787+0000] {dag.py:3947} INFO - Setting next_dagrun for raw_data_processing_pipeline to 2024-07-25 15:01:00+00:00, run_after=2024-07-25 16:01:00+00:00
[2024-07-25T15:48:11.814+0000] {processor.py:183} INFO - Processing /app/airflow/dags/raw_data_processing_pipeline.py took 1.007 seconds
[2024-07-25T15:48:41.965+0000] {processor.py:161} INFO - Started process (PID=179) to work on /app/airflow/dags/raw_data_processing_pipeline.py
[2024-07-25T15:48:41.966+0000] {processor.py:830} INFO - Processing file /app/airflow/dags/raw_data_processing_pipeline.py for tasks to queue
[2024-07-25T15:48:41.974+0000] {logging_mixin.py:188} INFO - [2024-07-25T15:48:41.973+0000] {dagbag.py:545} INFO - Filling up the DagBag from /app/airflow/dags/raw_data_processing_pipeline.py
[2024-07-25T15:48:42.636+0000] {processor.py:840} INFO - DAG(s) 'raw_data_processing_pipeline' retrieved from /app/airflow/dags/raw_data_processing_pipeline.py
[2024-07-25T15:48:42.810+0000] {logging_mixin.py:188} INFO - [2024-07-25T15:48:42.809+0000] {dag.py:3089} INFO - Sync 1 DAGs
[2024-07-25T15:48:42.841+0000] {logging_mixin.py:188} INFO - [2024-07-25T15:48:42.841+0000] {dag.py:3947} INFO - Setting next_dagrun for raw_data_processing_pipeline to 2024-07-25 15:01:00+00:00, run_after=2024-07-25 16:01:00+00:00
[2024-07-25T15:48:42.869+0000] {processor.py:183} INFO - Processing /app/airflow/dags/raw_data_processing_pipeline.py took 0.915 seconds
[2024-07-25T15:49:13.056+0000] {processor.py:161} INFO - Started process (PID=187) to work on /app/airflow/dags/raw_data_processing_pipeline.py
[2024-07-25T15:49:13.059+0000] {processor.py:830} INFO - Processing file /app/airflow/dags/raw_data_processing_pipeline.py for tasks to queue
[2024-07-25T15:49:13.061+0000] {logging_mixin.py:188} INFO - [2024-07-25T15:49:13.061+0000] {dagbag.py:545} INFO - Filling up the DagBag from /app/airflow/dags/raw_data_processing_pipeline.py
[2024-07-25T15:49:13.631+0000] {processor.py:840} INFO - DAG(s) 'raw_data_processing_pipeline' retrieved from /app/airflow/dags/raw_data_processing_pipeline.py
[2024-07-25T15:49:13.675+0000] {logging_mixin.py:188} INFO - [2024-07-25T15:49:13.675+0000] {dag.py:3089} INFO - Sync 1 DAGs
[2024-07-25T15:49:13.706+0000] {logging_mixin.py:188} INFO - [2024-07-25T15:49:13.706+0000] {dag.py:3947} INFO - Setting next_dagrun for raw_data_processing_pipeline to 2024-07-25 15:01:00+00:00, run_after=2024-07-25 16:01:00+00:00
[2024-07-25T15:49:13.731+0000] {processor.py:183} INFO - Processing /app/airflow/dags/raw_data_processing_pipeline.py took 0.686 seconds
[2024-07-25T15:49:43.920+0000] {processor.py:161} INFO - Started process (PID=205) to work on /app/airflow/dags/raw_data_processing_pipeline.py
[2024-07-25T15:49:43.923+0000] {processor.py:830} INFO - Processing file /app/airflow/dags/raw_data_processing_pipeline.py for tasks to queue
[2024-07-25T15:49:43.926+0000] {logging_mixin.py:188} INFO - [2024-07-25T15:49:43.925+0000] {dagbag.py:545} INFO - Filling up the DagBag from /app/airflow/dags/raw_data_processing_pipeline.py
[2024-07-25T15:49:44.561+0000] {processor.py:840} INFO - DAG(s) 'raw_data_processing_pipeline' retrieved from /app/airflow/dags/raw_data_processing_pipeline.py
[2024-07-25T15:49:44.604+0000] {logging_mixin.py:188} INFO - [2024-07-25T15:49:44.604+0000] {dag.py:3089} INFO - Sync 1 DAGs
[2024-07-25T15:49:44.639+0000] {logging_mixin.py:188} INFO - [2024-07-25T15:49:44.639+0000] {dag.py:3947} INFO - Setting next_dagrun for raw_data_processing_pipeline to 2024-07-25 15:01:00+00:00, run_after=2024-07-25 16:01:00+00:00
[2024-07-25T15:49:44.663+0000] {processor.py:183} INFO - Processing /app/airflow/dags/raw_data_processing_pipeline.py took 0.755 seconds
[2024-07-25T15:50:14.845+0000] {processor.py:161} INFO - Started process (PID=213) to work on /app/airflow/dags/raw_data_processing_pipeline.py
[2024-07-25T15:50:14.847+0000] {processor.py:830} INFO - Processing file /app/airflow/dags/raw_data_processing_pipeline.py for tasks to queue
[2024-07-25T15:50:14.849+0000] {logging_mixin.py:188} INFO - [2024-07-25T15:50:14.849+0000] {dagbag.py:545} INFO - Filling up the DagBag from /app/airflow/dags/raw_data_processing_pipeline.py
[2024-07-25T15:50:15.491+0000] {processor.py:840} INFO - DAG(s) 'raw_data_processing_pipeline' retrieved from /app/airflow/dags/raw_data_processing_pipeline.py
[2024-07-25T15:50:15.533+0000] {logging_mixin.py:188} INFO - [2024-07-25T15:50:15.533+0000] {dag.py:3089} INFO - Sync 1 DAGs
[2024-07-25T15:50:15.569+0000] {logging_mixin.py:188} INFO - [2024-07-25T15:50:15.568+0000] {dag.py:3947} INFO - Setting next_dagrun for raw_data_processing_pipeline to 2024-07-25 15:01:00+00:00, run_after=2024-07-25 16:01:00+00:00
[2024-07-25T15:50:15.591+0000] {processor.py:183} INFO - Processing /app/airflow/dags/raw_data_processing_pipeline.py took 0.757 seconds
[2024-07-25T15:50:45.760+0000] {processor.py:161} INFO - Started process (PID=221) to work on /app/airflow/dags/raw_data_processing_pipeline.py
[2024-07-25T15:50:45.765+0000] {processor.py:830} INFO - Processing file /app/airflow/dags/raw_data_processing_pipeline.py for tasks to queue
[2024-07-25T15:50:45.767+0000] {logging_mixin.py:188} INFO - [2024-07-25T15:50:45.767+0000] {dagbag.py:545} INFO - Filling up the DagBag from /app/airflow/dags/raw_data_processing_pipeline.py
[2024-07-25T15:50:46.355+0000] {processor.py:840} INFO - DAG(s) 'raw_data_processing_pipeline' retrieved from /app/airflow/dags/raw_data_processing_pipeline.py
[2024-07-25T15:50:46.397+0000] {logging_mixin.py:188} INFO - [2024-07-25T15:50:46.397+0000] {dag.py:3089} INFO - Sync 1 DAGs
[2024-07-25T15:50:46.428+0000] {logging_mixin.py:188} INFO - [2024-07-25T15:50:46.428+0000] {dag.py:3947} INFO - Setting next_dagrun for raw_data_processing_pipeline to 2024-07-25 15:01:00+00:00, run_after=2024-07-25 16:01:00+00:00
[2024-07-25T15:50:46.451+0000] {processor.py:183} INFO - Processing /app/airflow/dags/raw_data_processing_pipeline.py took 0.702 seconds
[2024-07-25T15:51:16.636+0000] {processor.py:161} INFO - Started process (PID=229) to work on /app/airflow/dags/raw_data_processing_pipeline.py
[2024-07-25T15:51:16.637+0000] {processor.py:830} INFO - Processing file /app/airflow/dags/raw_data_processing_pipeline.py for tasks to queue
[2024-07-25T15:51:16.639+0000] {logging_mixin.py:188} INFO - [2024-07-25T15:51:16.639+0000] {dagbag.py:545} INFO - Filling up the DagBag from /app/airflow/dags/raw_data_processing_pipeline.py
[2024-07-25T15:51:17.228+0000] {processor.py:840} INFO - DAG(s) 'raw_data_processing_pipeline' retrieved from /app/airflow/dags/raw_data_processing_pipeline.py
[2024-07-25T15:51:17.269+0000] {logging_mixin.py:188} INFO - [2024-07-25T15:51:17.268+0000] {dag.py:3089} INFO - Sync 1 DAGs
[2024-07-25T15:51:17.298+0000] {logging_mixin.py:188} INFO - [2024-07-25T15:51:17.298+0000] {dag.py:3947} INFO - Setting next_dagrun for raw_data_processing_pipeline to 2024-07-25 15:01:00+00:00, run_after=2024-07-25 16:01:00+00:00
[2024-07-25T15:51:17.319+0000] {processor.py:183} INFO - Processing /app/airflow/dags/raw_data_processing_pipeline.py took 0.695 seconds
[2024-07-25T15:51:47.490+0000] {processor.py:161} INFO - Started process (PID=248) to work on /app/airflow/dags/raw_data_processing_pipeline.py
[2024-07-25T15:51:47.492+0000] {processor.py:830} INFO - Processing file /app/airflow/dags/raw_data_processing_pipeline.py for tasks to queue
[2024-07-25T15:51:47.494+0000] {logging_mixin.py:188} INFO - [2024-07-25T15:51:47.494+0000] {dagbag.py:545} INFO - Filling up the DagBag from /app/airflow/dags/raw_data_processing_pipeline.py
[2024-07-25T15:51:48.055+0000] {processor.py:840} INFO - DAG(s) 'raw_data_processing_pipeline' retrieved from /app/airflow/dags/raw_data_processing_pipeline.py
[2024-07-25T15:51:48.100+0000] {logging_mixin.py:188} INFO - [2024-07-25T15:51:48.100+0000] {dag.py:3089} INFO - Sync 1 DAGs
[2024-07-25T15:51:48.132+0000] {logging_mixin.py:188} INFO - [2024-07-25T15:51:48.132+0000] {dag.py:3947} INFO - Setting next_dagrun for raw_data_processing_pipeline to 2024-07-25 15:01:00+00:00, run_after=2024-07-25 16:01:00+00:00
[2024-07-25T15:51:48.152+0000] {processor.py:183} INFO - Processing /app/airflow/dags/raw_data_processing_pipeline.py took 0.674 seconds
[2024-07-25T15:52:18.307+0000] {processor.py:161} INFO - Started process (PID=256) to work on /app/airflow/dags/raw_data_processing_pipeline.py
[2024-07-25T15:52:18.309+0000] {processor.py:830} INFO - Processing file /app/airflow/dags/raw_data_processing_pipeline.py for tasks to queue
[2024-07-25T15:52:18.312+0000] {logging_mixin.py:188} INFO - [2024-07-25T15:52:18.311+0000] {dagbag.py:545} INFO - Filling up the DagBag from /app/airflow/dags/raw_data_processing_pipeline.py
[2024-07-25T15:52:18.875+0000] {processor.py:840} INFO - DAG(s) 'raw_data_processing_pipeline' retrieved from /app/airflow/dags/raw_data_processing_pipeline.py
[2024-07-25T15:52:18.916+0000] {logging_mixin.py:188} INFO - [2024-07-25T15:52:18.915+0000] {dag.py:3089} INFO - Sync 1 DAGs
[2024-07-25T15:52:18.946+0000] {logging_mixin.py:188} INFO - [2024-07-25T15:52:18.945+0000] {dag.py:3947} INFO - Setting next_dagrun for raw_data_processing_pipeline to 2024-07-25 15:01:00+00:00, run_after=2024-07-25 16:01:00+00:00
[2024-07-25T15:52:18.969+0000] {processor.py:183} INFO - Processing /app/airflow/dags/raw_data_processing_pipeline.py took 0.673 seconds
[2024-07-25T15:52:49.147+0000] {processor.py:161} INFO - Started process (PID=264) to work on /app/airflow/dags/raw_data_processing_pipeline.py
[2024-07-25T15:52:49.149+0000] {processor.py:830} INFO - Processing file /app/airflow/dags/raw_data_processing_pipeline.py for tasks to queue
[2024-07-25T15:52:49.152+0000] {logging_mixin.py:188} INFO - [2024-07-25T15:52:49.152+0000] {dagbag.py:545} INFO - Filling up the DagBag from /app/airflow/dags/raw_data_processing_pipeline.py
[2024-07-25T15:52:49.714+0000] {processor.py:840} INFO - DAG(s) 'raw_data_processing_pipeline' retrieved from /app/airflow/dags/raw_data_processing_pipeline.py
[2024-07-25T15:52:49.756+0000] {logging_mixin.py:188} INFO - [2024-07-25T15:52:49.755+0000] {dag.py:3089} INFO - Sync 1 DAGs
[2024-07-25T15:52:49.794+0000] {logging_mixin.py:188} INFO - [2024-07-25T15:52:49.794+0000] {dag.py:3947} INFO - Setting next_dagrun for raw_data_processing_pipeline to 2024-07-25 15:01:00+00:00, run_after=2024-07-25 16:01:00+00:00
[2024-07-25T15:52:49.816+0000] {processor.py:183} INFO - Processing /app/airflow/dags/raw_data_processing_pipeline.py took 0.680 seconds
[2024-07-25T15:53:20.032+0000] {processor.py:161} INFO - Started process (PID=272) to work on /app/airflow/dags/raw_data_processing_pipeline.py
[2024-07-25T15:53:20.036+0000] {processor.py:830} INFO - Processing file /app/airflow/dags/raw_data_processing_pipeline.py for tasks to queue
[2024-07-25T15:53:20.042+0000] {logging_mixin.py:188} INFO - [2024-07-25T15:53:20.041+0000] {dagbag.py:545} INFO - Filling up the DagBag from /app/airflow/dags/raw_data_processing_pipeline.py
[2024-07-25T15:53:20.823+0000] {processor.py:840} INFO - DAG(s) 'raw_data_processing_pipeline' retrieved from /app/airflow/dags/raw_data_processing_pipeline.py
[2024-07-25T15:53:20.895+0000] {logging_mixin.py:188} INFO - [2024-07-25T15:53:20.895+0000] {dag.py:3089} INFO - Sync 1 DAGs
[2024-07-25T15:53:20.946+0000] {logging_mixin.py:188} INFO - [2024-07-25T15:53:20.946+0000] {dag.py:3947} INFO - Setting next_dagrun for raw_data_processing_pipeline to 2024-07-25 15:01:00+00:00, run_after=2024-07-25 16:01:00+00:00
[2024-07-25T15:53:20.979+0000] {processor.py:183} INFO - Processing /app/airflow/dags/raw_data_processing_pipeline.py took 0.966 seconds
[2024-07-25T15:53:51.170+0000] {processor.py:161} INFO - Started process (PID=280) to work on /app/airflow/dags/raw_data_processing_pipeline.py
[2024-07-25T15:53:51.172+0000] {processor.py:830} INFO - Processing file /app/airflow/dags/raw_data_processing_pipeline.py for tasks to queue
[2024-07-25T15:53:51.174+0000] {logging_mixin.py:188} INFO - [2024-07-25T15:53:51.174+0000] {dagbag.py:545} INFO - Filling up the DagBag from /app/airflow/dags/raw_data_processing_pipeline.py
[2024-07-25T15:53:51.731+0000] {processor.py:840} INFO - DAG(s) 'raw_data_processing_pipeline' retrieved from /app/airflow/dags/raw_data_processing_pipeline.py
[2024-07-25T15:53:51.771+0000] {logging_mixin.py:188} INFO - [2024-07-25T15:53:51.770+0000] {dag.py:3089} INFO - Sync 1 DAGs
[2024-07-25T15:53:51.808+0000] {logging_mixin.py:188} INFO - [2024-07-25T15:53:51.807+0000] {dag.py:3947} INFO - Setting next_dagrun for raw_data_processing_pipeline to 2024-07-25 15:01:00+00:00, run_after=2024-07-25 16:01:00+00:00
[2024-07-25T15:53:51.830+0000] {processor.py:183} INFO - Processing /app/airflow/dags/raw_data_processing_pipeline.py took 0.672 seconds
[2024-07-25T15:54:22.013+0000] {processor.py:161} INFO - Started process (PID=288) to work on /app/airflow/dags/raw_data_processing_pipeline.py
[2024-07-25T15:54:22.018+0000] {processor.py:830} INFO - Processing file /app/airflow/dags/raw_data_processing_pipeline.py for tasks to queue
[2024-07-25T15:54:22.020+0000] {logging_mixin.py:188} INFO - [2024-07-25T15:54:22.019+0000] {dagbag.py:545} INFO - Filling up the DagBag from /app/airflow/dags/raw_data_processing_pipeline.py
[2024-07-25T15:54:22.579+0000] {processor.py:840} INFO - DAG(s) 'raw_data_processing_pipeline' retrieved from /app/airflow/dags/raw_data_processing_pipeline.py
[2024-07-25T15:54:22.617+0000] {logging_mixin.py:188} INFO - [2024-07-25T15:54:22.617+0000] {dag.py:3089} INFO - Sync 1 DAGs
[2024-07-25T15:54:22.647+0000] {logging_mixin.py:188} INFO - [2024-07-25T15:54:22.647+0000] {dag.py:3947} INFO - Setting next_dagrun for raw_data_processing_pipeline to 2024-07-25 15:01:00+00:00, run_after=2024-07-25 16:01:00+00:00
[2024-07-25T15:54:22.668+0000] {processor.py:183} INFO - Processing /app/airflow/dags/raw_data_processing_pipeline.py took 0.666 seconds
[2024-07-25T15:54:52.848+0000] {processor.py:161} INFO - Started process (PID=296) to work on /app/airflow/dags/raw_data_processing_pipeline.py
[2024-07-25T15:54:52.850+0000] {processor.py:830} INFO - Processing file /app/airflow/dags/raw_data_processing_pipeline.py for tasks to queue
[2024-07-25T15:54:52.852+0000] {logging_mixin.py:188} INFO - [2024-07-25T15:54:52.851+0000] {dagbag.py:545} INFO - Filling up the DagBag from /app/airflow/dags/raw_data_processing_pipeline.py
[2024-07-25T15:54:53.418+0000] {processor.py:840} INFO - DAG(s) 'raw_data_processing_pipeline' retrieved from /app/airflow/dags/raw_data_processing_pipeline.py
[2024-07-25T15:54:53.460+0000] {logging_mixin.py:188} INFO - [2024-07-25T15:54:53.460+0000] {dag.py:3089} INFO - Sync 1 DAGs
[2024-07-25T15:54:53.490+0000] {logging_mixin.py:188} INFO - [2024-07-25T15:54:53.490+0000] {dag.py:3947} INFO - Setting next_dagrun for raw_data_processing_pipeline to 2024-07-25 15:01:00+00:00, run_after=2024-07-25 16:01:00+00:00
[2024-07-25T15:54:53.518+0000] {processor.py:183} INFO - Processing /app/airflow/dags/raw_data_processing_pipeline.py took 0.681 seconds
[2024-07-25T15:55:23.630+0000] {processor.py:161} INFO - Started process (PID=304) to work on /app/airflow/dags/raw_data_processing_pipeline.py
[2024-07-25T15:55:23.635+0000] {processor.py:830} INFO - Processing file /app/airflow/dags/raw_data_processing_pipeline.py for tasks to queue
[2024-07-25T15:55:23.639+0000] {logging_mixin.py:188} INFO - [2024-07-25T15:55:23.638+0000] {dagbag.py:545} INFO - Filling up the DagBag from /app/airflow/dags/raw_data_processing_pipeline.py
[2024-07-25T15:55:24.525+0000] {processor.py:840} INFO - DAG(s) 'raw_data_processing_pipeline' retrieved from /app/airflow/dags/raw_data_processing_pipeline.py
[2024-07-25T15:55:24.585+0000] {logging_mixin.py:188} INFO - [2024-07-25T15:55:24.584+0000] {dag.py:3089} INFO - Sync 1 DAGs
[2024-07-25T15:55:24.638+0000] {logging_mixin.py:188} INFO - [2024-07-25T15:55:24.638+0000] {dag.py:3947} INFO - Setting next_dagrun for raw_data_processing_pipeline to 2024-07-25 15:01:00+00:00, run_after=2024-07-25 16:01:00+00:00
[2024-07-25T15:55:24.668+0000] {processor.py:183} INFO - Processing /app/airflow/dags/raw_data_processing_pipeline.py took 1.064 seconds
[2024-07-25T15:57:49.084+0000] {processor.py:161} INFO - Started process (PID=171) to work on /app/airflow/dags/raw_data_processing_pipeline.py
[2024-07-25T15:57:49.087+0000] {processor.py:830} INFO - Processing file /app/airflow/dags/raw_data_processing_pipeline.py for tasks to queue
[2024-07-25T15:57:49.089+0000] {logging_mixin.py:188} INFO - [2024-07-25T15:57:49.089+0000] {dagbag.py:545} INFO - Filling up the DagBag from /app/airflow/dags/raw_data_processing_pipeline.py
[2024-07-25T15:57:49.733+0000] {processor.py:840} INFO - DAG(s) 'raw_data_processing_pipeline' retrieved from /app/airflow/dags/raw_data_processing_pipeline.py
[2024-07-25T15:57:49.764+0000] {logging_mixin.py:188} INFO - [2024-07-25T15:57:49.763+0000] {dag.py:3089} INFO - Sync 1 DAGs
[2024-07-25T15:57:49.800+0000] {logging_mixin.py:188} INFO - [2024-07-25T15:57:49.800+0000] {dag.py:3947} INFO - Setting next_dagrun for raw_data_processing_pipeline to 2024-07-25 15:01:00+00:00, run_after=2024-07-25 16:01:00+00:00
[2024-07-25T15:57:49.825+0000] {processor.py:183} INFO - Processing /app/airflow/dags/raw_data_processing_pipeline.py took 0.755 seconds
[2024-07-25T15:58:20.073+0000] {processor.py:161} INFO - Started process (PID=189) to work on /app/airflow/dags/raw_data_processing_pipeline.py
[2024-07-25T15:58:20.077+0000] {processor.py:830} INFO - Processing file /app/airflow/dags/raw_data_processing_pipeline.py for tasks to queue
[2024-07-25T15:58:20.084+0000] {logging_mixin.py:188} INFO - [2024-07-25T15:58:20.083+0000] {dagbag.py:545} INFO - Filling up the DagBag from /app/airflow/dags/raw_data_processing_pipeline.py
[2024-07-25T15:58:21.241+0000] {processor.py:840} INFO - DAG(s) 'raw_data_processing_pipeline' retrieved from /app/airflow/dags/raw_data_processing_pipeline.py
[2024-07-25T15:58:21.576+0000] {logging_mixin.py:188} INFO - [2024-07-25T15:58:21.575+0000] {dag.py:3089} INFO - Sync 1 DAGs
[2024-07-25T15:58:21.635+0000] {logging_mixin.py:188} INFO - [2024-07-25T15:58:21.635+0000] {dag.py:3947} INFO - Setting next_dagrun for raw_data_processing_pipeline to 2024-07-25 15:01:00+00:00, run_after=2024-07-25 16:01:00+00:00
[2024-07-25T15:58:21.687+0000] {processor.py:183} INFO - Processing /app/airflow/dags/raw_data_processing_pipeline.py took 1.643 seconds
[2024-07-25T15:58:51.910+0000] {processor.py:161} INFO - Started process (PID=197) to work on /app/airflow/dags/raw_data_processing_pipeline.py
[2024-07-25T15:58:51.915+0000] {processor.py:830} INFO - Processing file /app/airflow/dags/raw_data_processing_pipeline.py for tasks to queue
[2024-07-25T15:58:51.919+0000] {logging_mixin.py:188} INFO - [2024-07-25T15:58:51.918+0000] {dagbag.py:545} INFO - Filling up the DagBag from /app/airflow/dags/raw_data_processing_pipeline.py
[2024-07-25T15:58:52.715+0000] {processor.py:840} INFO - DAG(s) 'raw_data_processing_pipeline' retrieved from /app/airflow/dags/raw_data_processing_pipeline.py
[2024-07-25T15:58:52.770+0000] {logging_mixin.py:188} INFO - [2024-07-25T15:58:52.769+0000] {dag.py:3089} INFO - Sync 1 DAGs
[2024-07-25T15:58:52.809+0000] {logging_mixin.py:188} INFO - [2024-07-25T15:58:52.809+0000] {dag.py:3947} INFO - Setting next_dagrun for raw_data_processing_pipeline to 2024-07-25 15:01:00+00:00, run_after=2024-07-25 16:01:00+00:00
[2024-07-25T15:58:52.833+0000] {processor.py:183} INFO - Processing /app/airflow/dags/raw_data_processing_pipeline.py took 0.941 seconds
[2024-07-25T15:59:23.009+0000] {processor.py:161} INFO - Started process (PID=205) to work on /app/airflow/dags/raw_data_processing_pipeline.py
[2024-07-25T15:59:23.011+0000] {processor.py:830} INFO - Processing file /app/airflow/dags/raw_data_processing_pipeline.py for tasks to queue
[2024-07-25T15:59:23.013+0000] {logging_mixin.py:188} INFO - [2024-07-25T15:59:23.013+0000] {dagbag.py:545} INFO - Filling up the DagBag from /app/airflow/dags/raw_data_processing_pipeline.py
[2024-07-25T15:59:23.692+0000] {processor.py:840} INFO - DAG(s) 'raw_data_processing_pipeline' retrieved from /app/airflow/dags/raw_data_processing_pipeline.py
[2024-07-25T15:59:23.735+0000] {logging_mixin.py:188} INFO - [2024-07-25T15:59:23.735+0000] {dag.py:3089} INFO - Sync 1 DAGs
[2024-07-25T15:59:23.771+0000] {logging_mixin.py:188} INFO - [2024-07-25T15:59:23.770+0000] {dag.py:3947} INFO - Setting next_dagrun for raw_data_processing_pipeline to 2024-07-25 15:01:00+00:00, run_after=2024-07-25 16:01:00+00:00
[2024-07-25T15:59:23.796+0000] {processor.py:183} INFO - Processing /app/airflow/dags/raw_data_processing_pipeline.py took 0.797 seconds
[2024-07-25T15:59:53.958+0000] {processor.py:161} INFO - Started process (PID=224) to work on /app/airflow/dags/raw_data_processing_pipeline.py
[2024-07-25T15:59:53.960+0000] {processor.py:830} INFO - Processing file /app/airflow/dags/raw_data_processing_pipeline.py for tasks to queue
[2024-07-25T15:59:53.963+0000] {logging_mixin.py:188} INFO - [2024-07-25T15:59:53.962+0000] {dagbag.py:545} INFO - Filling up the DagBag from /app/airflow/dags/raw_data_processing_pipeline.py
[2024-07-25T15:59:54.684+0000] {processor.py:840} INFO - DAG(s) 'raw_data_processing_pipeline' retrieved from /app/airflow/dags/raw_data_processing_pipeline.py
[2024-07-25T15:59:54.724+0000] {logging_mixin.py:188} INFO - [2024-07-25T15:59:54.723+0000] {dag.py:3089} INFO - Sync 1 DAGs
[2024-07-25T15:59:54.756+0000] {logging_mixin.py:188} INFO - [2024-07-25T15:59:54.756+0000] {dag.py:3947} INFO - Setting next_dagrun for raw_data_processing_pipeline to 2024-07-25 15:01:00+00:00, run_after=2024-07-25 16:01:00+00:00
[2024-07-25T15:59:54.778+0000] {processor.py:183} INFO - Processing /app/airflow/dags/raw_data_processing_pipeline.py took 0.831 seconds
[2024-07-25T16:00:24.923+0000] {processor.py:161} INFO - Started process (PID=232) to work on /app/airflow/dags/raw_data_processing_pipeline.py
[2024-07-25T16:00:24.925+0000] {processor.py:830} INFO - Processing file /app/airflow/dags/raw_data_processing_pipeline.py for tasks to queue
[2024-07-25T16:00:24.928+0000] {logging_mixin.py:188} INFO - [2024-07-25T16:00:24.927+0000] {dagbag.py:545} INFO - Filling up the DagBag from /app/airflow/dags/raw_data_processing_pipeline.py
[2024-07-25T16:00:25.492+0000] {processor.py:840} INFO - DAG(s) 'raw_data_processing_pipeline' retrieved from /app/airflow/dags/raw_data_processing_pipeline.py
[2024-07-25T16:00:25.534+0000] {logging_mixin.py:188} INFO - [2024-07-25T16:00:25.533+0000] {dag.py:3089} INFO - Sync 1 DAGs
[2024-07-25T16:00:25.563+0000] {logging_mixin.py:188} INFO - [2024-07-25T16:00:25.563+0000] {dag.py:3947} INFO - Setting next_dagrun for raw_data_processing_pipeline to 2024-07-25 15:01:00+00:00, run_after=2024-07-25 16:01:00+00:00
[2024-07-25T16:00:25.585+0000] {processor.py:183} INFO - Processing /app/airflow/dags/raw_data_processing_pipeline.py took 0.674 seconds
[2024-07-25T16:03:39.789+0000] {processor.py:161} INFO - Started process (PID=170) to work on /app/airflow/dags/raw_data_processing_pipeline.py
[2024-07-25T16:03:39.795+0000] {processor.py:830} INFO - Processing file /app/airflow/dags/raw_data_processing_pipeline.py for tasks to queue
[2024-07-25T16:03:39.799+0000] {logging_mixin.py:188} INFO - [2024-07-25T16:03:39.799+0000] {dagbag.py:545} INFO - Filling up the DagBag from /app/airflow/dags/raw_data_processing_pipeline.py
[2024-07-25T16:03:40.683+0000] {processor.py:840} INFO - DAG(s) 'raw_data_processing_pipeline' retrieved from /app/airflow/dags/raw_data_processing_pipeline.py
[2024-07-25T16:03:40.731+0000] {logging_mixin.py:188} INFO - [2024-07-25T16:03:40.730+0000] {dag.py:3089} INFO - Sync 1 DAGs
[2024-07-25T16:03:40.775+0000] {logging_mixin.py:188} INFO - [2024-07-25T16:03:40.774+0000] {dag.py:3947} INFO - Setting next_dagrun for raw_data_processing_pipeline to 2024-07-25 16:01:00+00:00, run_after=2024-07-25 17:01:00+00:00
[2024-07-25T16:03:40.802+0000] {processor.py:183} INFO - Processing /app/airflow/dags/raw_data_processing_pipeline.py took 1.032 seconds
[2024-07-25T16:04:10.993+0000] {processor.py:161} INFO - Started process (PID=189) to work on /app/airflow/dags/raw_data_processing_pipeline.py
[2024-07-25T16:04:10.995+0000] {processor.py:830} INFO - Processing file /app/airflow/dags/raw_data_processing_pipeline.py for tasks to queue
[2024-07-25T16:04:10.997+0000] {logging_mixin.py:188} INFO - [2024-07-25T16:04:10.997+0000] {dagbag.py:545} INFO - Filling up the DagBag from /app/airflow/dags/raw_data_processing_pipeline.py
[2024-07-25T16:04:11.619+0000] {processor.py:840} INFO - DAG(s) 'raw_data_processing_pipeline' retrieved from /app/airflow/dags/raw_data_processing_pipeline.py
[2024-07-25T16:04:11.786+0000] {logging_mixin.py:188} INFO - [2024-07-25T16:04:11.786+0000] {dag.py:3089} INFO - Sync 1 DAGs
[2024-07-25T16:04:11.818+0000] {logging_mixin.py:188} INFO - [2024-07-25T16:04:11.818+0000] {dag.py:3947} INFO - Setting next_dagrun for raw_data_processing_pipeline to 2024-07-25 16:01:00+00:00, run_after=2024-07-25 17:01:00+00:00
[2024-07-25T16:04:11.841+0000] {processor.py:183} INFO - Processing /app/airflow/dags/raw_data_processing_pipeline.py took 0.858 seconds
[2024-07-25T16:04:42.029+0000] {processor.py:161} INFO - Started process (PID=197) to work on /app/airflow/dags/raw_data_processing_pipeline.py
[2024-07-25T16:04:42.030+0000] {processor.py:830} INFO - Processing file /app/airflow/dags/raw_data_processing_pipeline.py for tasks to queue
[2024-07-25T16:04:42.032+0000] {logging_mixin.py:188} INFO - [2024-07-25T16:04:42.032+0000] {dagbag.py:545} INFO - Filling up the DagBag from /app/airflow/dags/raw_data_processing_pipeline.py
[2024-07-25T16:04:42.594+0000] {processor.py:840} INFO - DAG(s) 'raw_data_processing_pipeline' retrieved from /app/airflow/dags/raw_data_processing_pipeline.py
[2024-07-25T16:04:42.634+0000] {logging_mixin.py:188} INFO - [2024-07-25T16:04:42.634+0000] {dag.py:3089} INFO - Sync 1 DAGs
[2024-07-25T16:04:42.663+0000] {logging_mixin.py:188} INFO - [2024-07-25T16:04:42.663+0000] {dag.py:3947} INFO - Setting next_dagrun for raw_data_processing_pipeline to 2024-07-25 16:01:00+00:00, run_after=2024-07-25 17:01:00+00:00
[2024-07-25T16:04:42.686+0000] {processor.py:183} INFO - Processing /app/airflow/dags/raw_data_processing_pipeline.py took 0.668 seconds
[2024-07-25T16:05:12.871+0000] {processor.py:161} INFO - Started process (PID=216) to work on /app/airflow/dags/raw_data_processing_pipeline.py
[2024-07-25T16:05:12.873+0000] {processor.py:830} INFO - Processing file /app/airflow/dags/raw_data_processing_pipeline.py for tasks to queue
[2024-07-25T16:05:12.875+0000] {logging_mixin.py:188} INFO - [2024-07-25T16:05:12.875+0000] {dagbag.py:545} INFO - Filling up the DagBag from /app/airflow/dags/raw_data_processing_pipeline.py
[2024-07-25T16:05:13.433+0000] {processor.py:840} INFO - DAG(s) 'raw_data_processing_pipeline' retrieved from /app/airflow/dags/raw_data_processing_pipeline.py
[2024-07-25T16:05:13.473+0000] {logging_mixin.py:188} INFO - [2024-07-25T16:05:13.473+0000] {dag.py:3089} INFO - Sync 1 DAGs
[2024-07-25T16:05:13.505+0000] {logging_mixin.py:188} INFO - [2024-07-25T16:05:13.504+0000] {dag.py:3947} INFO - Setting next_dagrun for raw_data_processing_pipeline to 2024-07-25 16:01:00+00:00, run_after=2024-07-25 17:01:00+00:00
[2024-07-25T16:05:13.527+0000] {processor.py:183} INFO - Processing /app/airflow/dags/raw_data_processing_pipeline.py took 0.666 seconds
[2024-07-25T16:05:43.690+0000] {processor.py:161} INFO - Started process (PID=224) to work on /app/airflow/dags/raw_data_processing_pipeline.py
[2024-07-25T16:05:43.692+0000] {processor.py:830} INFO - Processing file /app/airflow/dags/raw_data_processing_pipeline.py for tasks to queue
[2024-07-25T16:05:43.694+0000] {logging_mixin.py:188} INFO - [2024-07-25T16:05:43.694+0000] {dagbag.py:545} INFO - Filling up the DagBag from /app/airflow/dags/raw_data_processing_pipeline.py
[2024-07-25T16:05:44.271+0000] {processor.py:840} INFO - DAG(s) 'raw_data_processing_pipeline' retrieved from /app/airflow/dags/raw_data_processing_pipeline.py
[2024-07-25T16:05:44.312+0000] {logging_mixin.py:188} INFO - [2024-07-25T16:05:44.311+0000] {dag.py:3089} INFO - Sync 1 DAGs
[2024-07-25T16:05:44.345+0000] {logging_mixin.py:188} INFO - [2024-07-25T16:05:44.344+0000] {dag.py:3947} INFO - Setting next_dagrun for raw_data_processing_pipeline to 2024-07-25 16:01:00+00:00, run_after=2024-07-25 17:01:00+00:00
[2024-07-25T16:05:44.368+0000] {processor.py:183} INFO - Processing /app/airflow/dags/raw_data_processing_pipeline.py took 0.689 seconds
[2024-07-25T16:06:14.554+0000] {processor.py:161} INFO - Started process (PID=232) to work on /app/airflow/dags/raw_data_processing_pipeline.py
[2024-07-25T16:06:14.555+0000] {processor.py:830} INFO - Processing file /app/airflow/dags/raw_data_processing_pipeline.py for tasks to queue
[2024-07-25T16:06:14.558+0000] {logging_mixin.py:188} INFO - [2024-07-25T16:06:14.557+0000] {dagbag.py:545} INFO - Filling up the DagBag from /app/airflow/dags/raw_data_processing_pipeline.py
[2024-07-25T16:06:15.150+0000] {processor.py:840} INFO - DAG(s) 'raw_data_processing_pipeline' retrieved from /app/airflow/dags/raw_data_processing_pipeline.py
[2024-07-25T16:06:15.190+0000] {logging_mixin.py:188} INFO - [2024-07-25T16:06:15.189+0000] {dag.py:3089} INFO - Sync 1 DAGs
[2024-07-25T16:06:15.218+0000] {logging_mixin.py:188} INFO - [2024-07-25T16:06:15.218+0000] {dag.py:3947} INFO - Setting next_dagrun for raw_data_processing_pipeline to 2024-07-25 16:01:00+00:00, run_after=2024-07-25 17:01:00+00:00
[2024-07-25T16:06:15.239+0000] {processor.py:183} INFO - Processing /app/airflow/dags/raw_data_processing_pipeline.py took 0.697 seconds
[2024-07-25T16:06:45.419+0000] {processor.py:161} INFO - Started process (PID=240) to work on /app/airflow/dags/raw_data_processing_pipeline.py
[2024-07-25T16:06:45.425+0000] {processor.py:830} INFO - Processing file /app/airflow/dags/raw_data_processing_pipeline.py for tasks to queue
[2024-07-25T16:06:45.427+0000] {logging_mixin.py:188} INFO - [2024-07-25T16:06:45.427+0000] {dagbag.py:545} INFO - Filling up the DagBag from /app/airflow/dags/raw_data_processing_pipeline.py
[2024-07-25T16:06:45.993+0000] {processor.py:840} INFO - DAG(s) 'raw_data_processing_pipeline' retrieved from /app/airflow/dags/raw_data_processing_pipeline.py
[2024-07-25T16:06:46.034+0000] {logging_mixin.py:188} INFO - [2024-07-25T16:06:46.033+0000] {dag.py:3089} INFO - Sync 1 DAGs
[2024-07-25T16:06:46.063+0000] {logging_mixin.py:188} INFO - [2024-07-25T16:06:46.063+0000] {dag.py:3947} INFO - Setting next_dagrun for raw_data_processing_pipeline to 2024-07-25 16:01:00+00:00, run_after=2024-07-25 17:01:00+00:00
[2024-07-25T16:06:46.084+0000] {processor.py:183} INFO - Processing /app/airflow/dags/raw_data_processing_pipeline.py took 0.676 seconds
[2024-07-25T16:07:16.260+0000] {processor.py:161} INFO - Started process (PID=248) to work on /app/airflow/dags/raw_data_processing_pipeline.py
[2024-07-25T16:07:16.267+0000] {processor.py:830} INFO - Processing file /app/airflow/dags/raw_data_processing_pipeline.py for tasks to queue
[2024-07-25T16:07:16.269+0000] {logging_mixin.py:188} INFO - [2024-07-25T16:07:16.269+0000] {dagbag.py:545} INFO - Filling up the DagBag from /app/airflow/dags/raw_data_processing_pipeline.py
[2024-07-25T16:07:16.872+0000] {processor.py:840} INFO - DAG(s) 'raw_data_processing_pipeline' retrieved from /app/airflow/dags/raw_data_processing_pipeline.py
[2024-07-25T16:07:16.913+0000] {logging_mixin.py:188} INFO - [2024-07-25T16:07:16.912+0000] {dag.py:3089} INFO - Sync 1 DAGs
[2024-07-25T16:07:16.942+0000] {logging_mixin.py:188} INFO - [2024-07-25T16:07:16.942+0000] {dag.py:3947} INFO - Setting next_dagrun for raw_data_processing_pipeline to 2024-07-25 16:01:00+00:00, run_after=2024-07-25 17:01:00+00:00
[2024-07-25T16:07:16.964+0000] {processor.py:183} INFO - Processing /app/airflow/dags/raw_data_processing_pipeline.py took 0.716 seconds
[2024-07-25T16:07:47.122+0000] {processor.py:161} INFO - Started process (PID=256) to work on /app/airflow/dags/raw_data_processing_pipeline.py
[2024-07-25T16:07:47.124+0000] {processor.py:830} INFO - Processing file /app/airflow/dags/raw_data_processing_pipeline.py for tasks to queue
[2024-07-25T16:07:47.126+0000] {logging_mixin.py:188} INFO - [2024-07-25T16:07:47.125+0000] {dagbag.py:545} INFO - Filling up the DagBag from /app/airflow/dags/raw_data_processing_pipeline.py
[2024-07-25T16:07:47.712+0000] {processor.py:840} INFO - DAG(s) 'raw_data_processing_pipeline' retrieved from /app/airflow/dags/raw_data_processing_pipeline.py
[2024-07-25T16:07:47.752+0000] {logging_mixin.py:188} INFO - [2024-07-25T16:07:47.752+0000] {dag.py:3089} INFO - Sync 1 DAGs
[2024-07-25T16:07:47.783+0000] {logging_mixin.py:188} INFO - [2024-07-25T16:07:47.782+0000] {dag.py:3947} INFO - Setting next_dagrun for raw_data_processing_pipeline to 2024-07-25 16:01:00+00:00, run_after=2024-07-25 17:01:00+00:00
[2024-07-25T16:07:47.808+0000] {processor.py:183} INFO - Processing /app/airflow/dags/raw_data_processing_pipeline.py took 0.698 seconds
[2024-07-25T16:08:17.993+0000] {processor.py:161} INFO - Started process (PID=264) to work on /app/airflow/dags/raw_data_processing_pipeline.py
[2024-07-25T16:08:18.000+0000] {processor.py:830} INFO - Processing file /app/airflow/dags/raw_data_processing_pipeline.py for tasks to queue
[2024-07-25T16:08:18.003+0000] {logging_mixin.py:188} INFO - [2024-07-25T16:08:18.002+0000] {dagbag.py:545} INFO - Filling up the DagBag from /app/airflow/dags/raw_data_processing_pipeline.py
[2024-07-25T16:08:18.619+0000] {processor.py:840} INFO - DAG(s) 'raw_data_processing_pipeline' retrieved from /app/airflow/dags/raw_data_processing_pipeline.py
[2024-07-25T16:08:18.660+0000] {logging_mixin.py:188} INFO - [2024-07-25T16:08:18.660+0000] {dag.py:3089} INFO - Sync 1 DAGs
[2024-07-25T16:08:18.692+0000] {logging_mixin.py:188} INFO - [2024-07-25T16:08:18.691+0000] {dag.py:3947} INFO - Setting next_dagrun for raw_data_processing_pipeline to 2024-07-25 16:01:00+00:00, run_after=2024-07-25 17:01:00+00:00
[2024-07-25T16:08:18.715+0000] {processor.py:183} INFO - Processing /app/airflow/dags/raw_data_processing_pipeline.py took 0.734 seconds
[2024-07-25T16:08:49.019+0000] {processor.py:161} INFO - Started process (PID=272) to work on /app/airflow/dags/raw_data_processing_pipeline.py
[2024-07-25T16:08:49.022+0000] {processor.py:830} INFO - Processing file /app/airflow/dags/raw_data_processing_pipeline.py for tasks to queue
[2024-07-25T16:08:49.026+0000] {logging_mixin.py:188} INFO - [2024-07-25T16:08:49.025+0000] {dagbag.py:545} INFO - Filling up the DagBag from /app/airflow/dags/raw_data_processing_pipeline.py
[2024-07-25T16:08:49.796+0000] {processor.py:840} INFO - DAG(s) 'raw_data_processing_pipeline' retrieved from /app/airflow/dags/raw_data_processing_pipeline.py
[2024-07-25T16:08:49.859+0000] {logging_mixin.py:188} INFO - [2024-07-25T16:08:49.859+0000] {dag.py:3089} INFO - Sync 1 DAGs
[2024-07-25T16:08:49.905+0000] {logging_mixin.py:188} INFO - [2024-07-25T16:08:49.904+0000] {dag.py:3947} INFO - Setting next_dagrun for raw_data_processing_pipeline to 2024-07-25 16:01:00+00:00, run_after=2024-07-25 17:01:00+00:00
[2024-07-25T16:08:49.931+0000] {processor.py:183} INFO - Processing /app/airflow/dags/raw_data_processing_pipeline.py took 0.938 seconds
[2024-07-25T16:09:20.112+0000] {processor.py:161} INFO - Started process (PID=280) to work on /app/airflow/dags/raw_data_processing_pipeline.py
[2024-07-25T16:09:20.118+0000] {processor.py:830} INFO - Processing file /app/airflow/dags/raw_data_processing_pipeline.py for tasks to queue
[2024-07-25T16:09:20.120+0000] {logging_mixin.py:188} INFO - [2024-07-25T16:09:20.120+0000] {dagbag.py:545} INFO - Filling up the DagBag from /app/airflow/dags/raw_data_processing_pipeline.py
[2024-07-25T16:09:20.789+0000] {processor.py:840} INFO - DAG(s) 'raw_data_processing_pipeline' retrieved from /app/airflow/dags/raw_data_processing_pipeline.py
[2024-07-25T16:09:20.835+0000] {logging_mixin.py:188} INFO - [2024-07-25T16:09:20.834+0000] {dag.py:3089} INFO - Sync 1 DAGs
[2024-07-25T16:09:20.868+0000] {logging_mixin.py:188} INFO - [2024-07-25T16:09:20.868+0000] {dag.py:3947} INFO - Setting next_dagrun for raw_data_processing_pipeline to 2024-07-25 16:01:00+00:00, run_after=2024-07-25 17:01:00+00:00
[2024-07-25T16:09:20.892+0000] {processor.py:183} INFO - Processing /app/airflow/dags/raw_data_processing_pipeline.py took 0.792 seconds
[2024-07-25T16:09:51.062+0000] {processor.py:161} INFO - Started process (PID=288) to work on /app/airflow/dags/raw_data_processing_pipeline.py
[2024-07-25T16:09:51.063+0000] {processor.py:830} INFO - Processing file /app/airflow/dags/raw_data_processing_pipeline.py for tasks to queue
[2024-07-25T16:09:51.065+0000] {logging_mixin.py:188} INFO - [2024-07-25T16:09:51.065+0000] {dagbag.py:545} INFO - Filling up the DagBag from /app/airflow/dags/raw_data_processing_pipeline.py
[2024-07-25T16:09:51.660+0000] {processor.py:840} INFO - DAG(s) 'raw_data_processing_pipeline' retrieved from /app/airflow/dags/raw_data_processing_pipeline.py
[2024-07-25T16:09:51.704+0000] {logging_mixin.py:188} INFO - [2024-07-25T16:09:51.703+0000] {dag.py:3089} INFO - Sync 1 DAGs
[2024-07-25T16:09:51.736+0000] {logging_mixin.py:188} INFO - [2024-07-25T16:09:51.735+0000] {dag.py:3947} INFO - Setting next_dagrun for raw_data_processing_pipeline to 2024-07-25 16:01:00+00:00, run_after=2024-07-25 17:01:00+00:00
[2024-07-25T16:09:51.760+0000] {processor.py:183} INFO - Processing /app/airflow/dags/raw_data_processing_pipeline.py took 0.709 seconds
[2024-07-25T16:10:21.943+0000] {processor.py:161} INFO - Started process (PID=296) to work on /app/airflow/dags/raw_data_processing_pipeline.py
[2024-07-25T16:10:21.946+0000] {processor.py:830} INFO - Processing file /app/airflow/dags/raw_data_processing_pipeline.py for tasks to queue
[2024-07-25T16:10:21.949+0000] {logging_mixin.py:188} INFO - [2024-07-25T16:10:21.948+0000] {dagbag.py:545} INFO - Filling up the DagBag from /app/airflow/dags/raw_data_processing_pipeline.py
[2024-07-25T16:10:22.910+0000] {processor.py:840} INFO - DAG(s) 'raw_data_processing_pipeline' retrieved from /app/airflow/dags/raw_data_processing_pipeline.py
[2024-07-25T16:10:22.970+0000] {logging_mixin.py:188} INFO - [2024-07-25T16:10:22.969+0000] {dag.py:3089} INFO - Sync 1 DAGs
[2024-07-25T16:10:23.011+0000] {logging_mixin.py:188} INFO - [2024-07-25T16:10:23.011+0000] {dag.py:3947} INFO - Setting next_dagrun for raw_data_processing_pipeline to 2024-07-25 16:01:00+00:00, run_after=2024-07-25 17:01:00+00:00
[2024-07-25T16:10:23.055+0000] {processor.py:183} INFO - Processing /app/airflow/dags/raw_data_processing_pipeline.py took 1.131 seconds
[2024-07-25T16:15:32.471+0000] {processor.py:161} INFO - Started process (PID=171) to work on /app/airflow/dags/raw_data_processing_pipeline.py
[2024-07-25T16:15:32.473+0000] {processor.py:830} INFO - Processing file /app/airflow/dags/raw_data_processing_pipeline.py for tasks to queue
[2024-07-25T16:15:32.476+0000] {logging_mixin.py:188} INFO - [2024-07-25T16:15:32.475+0000] {dagbag.py:545} INFO - Filling up the DagBag from /app/airflow/dags/raw_data_processing_pipeline.py
[2024-07-25T16:15:33.081+0000] {processor.py:840} INFO - DAG(s) 'raw_data_processing_pipeline' retrieved from /app/airflow/dags/raw_data_processing_pipeline.py
[2024-07-25T16:15:33.111+0000] {logging_mixin.py:188} INFO - [2024-07-25T16:15:33.110+0000] {dag.py:3089} INFO - Sync 1 DAGs
[2024-07-25T16:15:33.143+0000] {logging_mixin.py:188} INFO - [2024-07-25T16:15:33.143+0000] {dag.py:3947} INFO - Setting next_dagrun for raw_data_processing_pipeline to 2024-07-25 16:01:00+00:00, run_after=2024-07-25 17:01:00+00:00
[2024-07-25T16:15:33.165+0000] {processor.py:183} INFO - Processing /app/airflow/dags/raw_data_processing_pipeline.py took 0.704 seconds
[2024-07-25T16:16:03.337+0000] {processor.py:161} INFO - Started process (PID=179) to work on /app/airflow/dags/raw_data_processing_pipeline.py
[2024-07-25T16:16:03.338+0000] {processor.py:830} INFO - Processing file /app/airflow/dags/raw_data_processing_pipeline.py for tasks to queue
[2024-07-25T16:16:03.341+0000] {logging_mixin.py:188} INFO - [2024-07-25T16:16:03.341+0000] {dagbag.py:545} INFO - Filling up the DagBag from /app/airflow/dags/raw_data_processing_pipeline.py
[2024-07-25T16:16:03.903+0000] {processor.py:840} INFO - DAG(s) 'raw_data_processing_pipeline' retrieved from /app/airflow/dags/raw_data_processing_pipeline.py
[2024-07-25T16:16:04.054+0000] {logging_mixin.py:188} INFO - [2024-07-25T16:16:04.054+0000] {dag.py:3089} INFO - Sync 1 DAGs
[2024-07-25T16:16:04.083+0000] {logging_mixin.py:188} INFO - [2024-07-25T16:16:04.083+0000] {dag.py:3947} INFO - Setting next_dagrun for raw_data_processing_pipeline to 2024-07-25 16:01:00+00:00, run_after=2024-07-25 17:01:00+00:00
[2024-07-25T16:16:04.105+0000] {processor.py:183} INFO - Processing /app/airflow/dags/raw_data_processing_pipeline.py took 0.778 seconds
[2024-07-25T16:16:34.276+0000] {processor.py:161} INFO - Started process (PID=187) to work on /app/airflow/dags/raw_data_processing_pipeline.py
[2024-07-25T16:16:34.283+0000] {processor.py:830} INFO - Processing file /app/airflow/dags/raw_data_processing_pipeline.py for tasks to queue
[2024-07-25T16:16:34.285+0000] {logging_mixin.py:188} INFO - [2024-07-25T16:16:34.285+0000] {dagbag.py:545} INFO - Filling up the DagBag from /app/airflow/dags/raw_data_processing_pipeline.py
[2024-07-25T16:16:34.864+0000] {processor.py:840} INFO - DAG(s) 'raw_data_processing_pipeline' retrieved from /app/airflow/dags/raw_data_processing_pipeline.py
[2024-07-25T16:16:34.905+0000] {logging_mixin.py:188} INFO - [2024-07-25T16:16:34.904+0000] {dag.py:3089} INFO - Sync 1 DAGs
[2024-07-25T16:16:34.935+0000] {logging_mixin.py:188} INFO - [2024-07-25T16:16:34.935+0000] {dag.py:3947} INFO - Setting next_dagrun for raw_data_processing_pipeline to 2024-07-25 16:01:00+00:00, run_after=2024-07-25 17:01:00+00:00
[2024-07-25T16:16:34.958+0000] {processor.py:183} INFO - Processing /app/airflow/dags/raw_data_processing_pipeline.py took 0.694 seconds
[2024-07-25T16:17:05.116+0000] {processor.py:161} INFO - Started process (PID=195) to work on /app/airflow/dags/raw_data_processing_pipeline.py
[2024-07-25T16:17:05.118+0000] {processor.py:830} INFO - Processing file /app/airflow/dags/raw_data_processing_pipeline.py for tasks to queue
[2024-07-25T16:17:05.120+0000] {logging_mixin.py:188} INFO - [2024-07-25T16:17:05.120+0000] {dagbag.py:545} INFO - Filling up the DagBag from /app/airflow/dags/raw_data_processing_pipeline.py
[2024-07-25T16:17:05.670+0000] {processor.py:840} INFO - DAG(s) 'raw_data_processing_pipeline' retrieved from /app/airflow/dags/raw_data_processing_pipeline.py
[2024-07-25T16:17:05.718+0000] {logging_mixin.py:188} INFO - [2024-07-25T16:17:05.717+0000] {dag.py:3089} INFO - Sync 1 DAGs
[2024-07-25T16:17:05.751+0000] {logging_mixin.py:188} INFO - [2024-07-25T16:17:05.750+0000] {dag.py:3947} INFO - Setting next_dagrun for raw_data_processing_pipeline to 2024-07-25 16:01:00+00:00, run_after=2024-07-25 17:01:00+00:00
[2024-07-25T16:17:05.772+0000] {processor.py:183} INFO - Processing /app/airflow/dags/raw_data_processing_pipeline.py took 0.667 seconds
[2024-07-25T16:17:35.951+0000] {processor.py:161} INFO - Started process (PID=203) to work on /app/airflow/dags/raw_data_processing_pipeline.py
[2024-07-25T16:17:35.958+0000] {processor.py:830} INFO - Processing file /app/airflow/dags/raw_data_processing_pipeline.py for tasks to queue
[2024-07-25T16:17:35.960+0000] {logging_mixin.py:188} INFO - [2024-07-25T16:17:35.960+0000] {dagbag.py:545} INFO - Filling up the DagBag from /app/airflow/dags/raw_data_processing_pipeline.py
[2024-07-25T16:17:36.533+0000] {processor.py:840} INFO - DAG(s) 'raw_data_processing_pipeline' retrieved from /app/airflow/dags/raw_data_processing_pipeline.py
[2024-07-25T16:17:36.574+0000] {logging_mixin.py:188} INFO - [2024-07-25T16:17:36.574+0000] {dag.py:3089} INFO - Sync 1 DAGs
[2024-07-25T16:17:36.605+0000] {logging_mixin.py:188} INFO - [2024-07-25T16:17:36.605+0000] {dag.py:3947} INFO - Setting next_dagrun for raw_data_processing_pipeline to 2024-07-25 16:01:00+00:00, run_after=2024-07-25 17:01:00+00:00
[2024-07-25T16:17:36.627+0000] {processor.py:183} INFO - Processing /app/airflow/dags/raw_data_processing_pipeline.py took 0.687 seconds
[2024-07-25T16:18:06.798+0000] {processor.py:161} INFO - Started process (PID=211) to work on /app/airflow/dags/raw_data_processing_pipeline.py
[2024-07-25T16:18:06.806+0000] {processor.py:830} INFO - Processing file /app/airflow/dags/raw_data_processing_pipeline.py for tasks to queue
[2024-07-25T16:18:06.809+0000] {logging_mixin.py:188} INFO - [2024-07-25T16:18:06.808+0000] {dagbag.py:545} INFO - Filling up the DagBag from /app/airflow/dags/raw_data_processing_pipeline.py
[2024-07-25T16:18:07.363+0000] {processor.py:840} INFO - DAG(s) 'raw_data_processing_pipeline' retrieved from /app/airflow/dags/raw_data_processing_pipeline.py
[2024-07-25T16:18:07.405+0000] {logging_mixin.py:188} INFO - [2024-07-25T16:18:07.404+0000] {dag.py:3089} INFO - Sync 1 DAGs
[2024-07-25T16:18:07.434+0000] {logging_mixin.py:188} INFO - [2024-07-25T16:18:07.434+0000] {dag.py:3947} INFO - Setting next_dagrun for raw_data_processing_pipeline to 2024-07-25 16:01:00+00:00, run_after=2024-07-25 17:01:00+00:00
[2024-07-25T16:18:07.456+0000] {processor.py:183} INFO - Processing /app/airflow/dags/raw_data_processing_pipeline.py took 0.669 seconds
[2024-07-25T16:18:37.534+0000] {processor.py:161} INFO - Started process (PID=219) to work on /app/airflow/dags/raw_data_processing_pipeline.py
[2024-07-25T16:18:37.535+0000] {processor.py:830} INFO - Processing file /app/airflow/dags/raw_data_processing_pipeline.py for tasks to queue
[2024-07-25T16:18:37.537+0000] {logging_mixin.py:188} INFO - [2024-07-25T16:18:37.537+0000] {dagbag.py:545} INFO - Filling up the DagBag from /app/airflow/dags/raw_data_processing_pipeline.py
[2024-07-25T16:18:38.120+0000] {processor.py:840} INFO - DAG(s) 'raw_data_processing_pipeline' retrieved from /app/airflow/dags/raw_data_processing_pipeline.py
[2024-07-25T16:18:38.164+0000] {logging_mixin.py:188} INFO - [2024-07-25T16:18:38.164+0000] {dag.py:3089} INFO - Sync 1 DAGs
[2024-07-25T16:18:38.197+0000] {logging_mixin.py:188} INFO - [2024-07-25T16:18:38.196+0000] {dag.py:3947} INFO - Setting next_dagrun for raw_data_processing_pipeline to 2024-07-25 16:01:00+00:00, run_after=2024-07-25 17:01:00+00:00
[2024-07-25T16:18:38.219+0000] {processor.py:183} INFO - Processing /app/airflow/dags/raw_data_processing_pipeline.py took 0.696 seconds
[2024-07-25T16:19:08.454+0000] {processor.py:161} INFO - Started process (PID=227) to work on /app/airflow/dags/raw_data_processing_pipeline.py
[2024-07-25T16:19:08.457+0000] {processor.py:830} INFO - Processing file /app/airflow/dags/raw_data_processing_pipeline.py for tasks to queue
[2024-07-25T16:19:08.459+0000] {logging_mixin.py:188} INFO - [2024-07-25T16:19:08.458+0000] {dagbag.py:545} INFO - Filling up the DagBag from /app/airflow/dags/raw_data_processing_pipeline.py
[2024-07-25T16:19:09.273+0000] {processor.py:840} INFO - DAG(s) 'raw_data_processing_pipeline' retrieved from /app/airflow/dags/raw_data_processing_pipeline.py
[2024-07-25T16:19:09.316+0000] {logging_mixin.py:188} INFO - [2024-07-25T16:19:09.316+0000] {dag.py:3089} INFO - Sync 1 DAGs
[2024-07-25T16:19:09.349+0000] {logging_mixin.py:188} INFO - [2024-07-25T16:19:09.348+0000] {dag.py:3947} INFO - Setting next_dagrun for raw_data_processing_pipeline to 2024-07-25 16:01:00+00:00, run_after=2024-07-25 17:01:00+00:00
[2024-07-25T16:19:09.372+0000] {processor.py:183} INFO - Processing /app/airflow/dags/raw_data_processing_pipeline.py took 0.930 seconds
[2024-07-25T16:19:39.566+0000] {processor.py:161} INFO - Started process (PID=245) to work on /app/airflow/dags/raw_data_processing_pipeline.py
[2024-07-25T16:19:39.568+0000] {processor.py:830} INFO - Processing file /app/airflow/dags/raw_data_processing_pipeline.py for tasks to queue
[2024-07-25T16:19:39.572+0000] {logging_mixin.py:188} INFO - [2024-07-25T16:19:39.571+0000] {dagbag.py:545} INFO - Filling up the DagBag from /app/airflow/dags/raw_data_processing_pipeline.py
[2024-07-25T16:19:40.257+0000] {processor.py:840} INFO - DAG(s) 'raw_data_processing_pipeline' retrieved from /app/airflow/dags/raw_data_processing_pipeline.py
[2024-07-25T16:19:40.302+0000] {logging_mixin.py:188} INFO - [2024-07-25T16:19:40.301+0000] {dag.py:3089} INFO - Sync 1 DAGs
[2024-07-25T16:19:40.335+0000] {logging_mixin.py:188} INFO - [2024-07-25T16:19:40.334+0000] {dag.py:3947} INFO - Setting next_dagrun for raw_data_processing_pipeline to 2024-07-25 16:01:00+00:00, run_after=2024-07-25 17:01:00+00:00
[2024-07-25T16:19:40.360+0000] {processor.py:183} INFO - Processing /app/airflow/dags/raw_data_processing_pipeline.py took 0.810 seconds
[2024-07-25T16:20:10.536+0000] {processor.py:161} INFO - Started process (PID=253) to work on /app/airflow/dags/raw_data_processing_pipeline.py
[2024-07-25T16:20:10.538+0000] {processor.py:830} INFO - Processing file /app/airflow/dags/raw_data_processing_pipeline.py for tasks to queue
[2024-07-25T16:20:10.541+0000] {logging_mixin.py:188} INFO - [2024-07-25T16:20:10.541+0000] {dagbag.py:545} INFO - Filling up the DagBag from /app/airflow/dags/raw_data_processing_pipeline.py
[2024-07-25T16:20:11.172+0000] {processor.py:840} INFO - DAG(s) 'raw_data_processing_pipeline' retrieved from /app/airflow/dags/raw_data_processing_pipeline.py
[2024-07-25T16:20:11.216+0000] {logging_mixin.py:188} INFO - [2024-07-25T16:20:11.216+0000] {dag.py:3089} INFO - Sync 1 DAGs
[2024-07-25T16:20:11.251+0000] {logging_mixin.py:188} INFO - [2024-07-25T16:20:11.250+0000] {dag.py:3947} INFO - Setting next_dagrun for raw_data_processing_pipeline to 2024-07-25 16:01:00+00:00, run_after=2024-07-25 17:01:00+00:00
[2024-07-25T16:20:11.274+0000] {processor.py:183} INFO - Processing /app/airflow/dags/raw_data_processing_pipeline.py took 0.750 seconds
[2024-07-25T16:20:41.476+0000] {processor.py:161} INFO - Started process (PID=1262) to work on /app/airflow/dags/raw_data_processing_pipeline.py
[2024-07-25T16:20:41.477+0000] {processor.py:830} INFO - Processing file /app/airflow/dags/raw_data_processing_pipeline.py for tasks to queue
[2024-07-25T16:20:41.481+0000] {logging_mixin.py:188} INFO - [2024-07-25T16:20:41.480+0000] {dagbag.py:545} INFO - Filling up the DagBag from /app/airflow/dags/raw_data_processing_pipeline.py
[2024-07-25T16:20:42.045+0000] {processor.py:840} INFO - DAG(s) 'raw_data_processing_pipeline' retrieved from /app/airflow/dags/raw_data_processing_pipeline.py
[2024-07-25T16:20:42.087+0000] {logging_mixin.py:188} INFO - [2024-07-25T16:20:42.086+0000] {dag.py:3089} INFO - Sync 1 DAGs
[2024-07-25T16:20:42.117+0000] {logging_mixin.py:188} INFO - [2024-07-25T16:20:42.117+0000] {dag.py:3947} INFO - Setting next_dagrun for raw_data_processing_pipeline to 2024-07-25 16:01:00+00:00, run_after=2024-07-25 17:01:00+00:00
[2024-07-25T16:20:42.138+0000] {processor.py:183} INFO - Processing /app/airflow/dags/raw_data_processing_pipeline.py took 0.674 seconds
[2024-07-25T16:21:12.321+0000] {processor.py:161} INFO - Started process (PID=1270) to work on /app/airflow/dags/raw_data_processing_pipeline.py
[2024-07-25T16:21:12.323+0000] {processor.py:830} INFO - Processing file /app/airflow/dags/raw_data_processing_pipeline.py for tasks to queue
[2024-07-25T16:21:12.325+0000] {logging_mixin.py:188} INFO - [2024-07-25T16:21:12.325+0000] {dagbag.py:545} INFO - Filling up the DagBag from /app/airflow/dags/raw_data_processing_pipeline.py
[2024-07-25T16:21:12.912+0000] {processor.py:840} INFO - DAG(s) 'raw_data_processing_pipeline' retrieved from /app/airflow/dags/raw_data_processing_pipeline.py
[2024-07-25T16:21:12.952+0000] {logging_mixin.py:188} INFO - [2024-07-25T16:21:12.952+0000] {dag.py:3089} INFO - Sync 1 DAGs
[2024-07-25T16:21:12.982+0000] {logging_mixin.py:188} INFO - [2024-07-25T16:21:12.981+0000] {dag.py:3947} INFO - Setting next_dagrun for raw_data_processing_pipeline to 2024-07-25 16:01:00+00:00, run_after=2024-07-25 17:01:00+00:00
[2024-07-25T16:21:13.004+0000] {processor.py:183} INFO - Processing /app/airflow/dags/raw_data_processing_pipeline.py took 0.695 seconds
[2024-07-25T16:21:43.175+0000] {processor.py:161} INFO - Started process (PID=1278) to work on /app/airflow/dags/raw_data_processing_pipeline.py
[2024-07-25T16:21:43.178+0000] {processor.py:830} INFO - Processing file /app/airflow/dags/raw_data_processing_pipeline.py for tasks to queue
[2024-07-25T16:21:43.180+0000] {logging_mixin.py:188} INFO - [2024-07-25T16:21:43.180+0000] {dagbag.py:545} INFO - Filling up the DagBag from /app/airflow/dags/raw_data_processing_pipeline.py
[2024-07-25T16:21:43.749+0000] {processor.py:840} INFO - DAG(s) 'raw_data_processing_pipeline' retrieved from /app/airflow/dags/raw_data_processing_pipeline.py
[2024-07-25T16:21:43.791+0000] {logging_mixin.py:188} INFO - [2024-07-25T16:21:43.790+0000] {dag.py:3089} INFO - Sync 1 DAGs
[2024-07-25T16:21:43.821+0000] {logging_mixin.py:188} INFO - [2024-07-25T16:21:43.820+0000] {dag.py:3947} INFO - Setting next_dagrun for raw_data_processing_pipeline to 2024-07-25 16:01:00+00:00, run_after=2024-07-25 17:01:00+00:00
[2024-07-25T16:21:43.842+0000] {processor.py:183} INFO - Processing /app/airflow/dags/raw_data_processing_pipeline.py took 0.678 seconds
[2024-07-25T16:22:13.889+0000] {processor.py:161} INFO - Started process (PID=1286) to work on /app/airflow/dags/raw_data_processing_pipeline.py
[2024-07-25T16:22:13.893+0000] {processor.py:830} INFO - Processing file /app/airflow/dags/raw_data_processing_pipeline.py for tasks to queue
[2024-07-25T16:22:13.896+0000] {logging_mixin.py:188} INFO - [2024-07-25T16:22:13.895+0000] {dagbag.py:545} INFO - Filling up the DagBag from /app/airflow/dags/raw_data_processing_pipeline.py
[2024-07-25T16:22:14.472+0000] {processor.py:840} INFO - DAG(s) 'raw_data_processing_pipeline' retrieved from /app/airflow/dags/raw_data_processing_pipeline.py
[2024-07-25T16:22:14.515+0000] {logging_mixin.py:188} INFO - [2024-07-25T16:22:14.514+0000] {dag.py:3089} INFO - Sync 1 DAGs
[2024-07-25T16:22:14.545+0000] {logging_mixin.py:188} INFO - [2024-07-25T16:22:14.545+0000] {dag.py:3947} INFO - Setting next_dagrun for raw_data_processing_pipeline to 2024-07-25 16:01:00+00:00, run_after=2024-07-25 17:01:00+00:00
[2024-07-25T16:22:14.568+0000] {processor.py:183} INFO - Processing /app/airflow/dags/raw_data_processing_pipeline.py took 0.691 seconds
[2024-07-25T16:22:44.747+0000] {processor.py:161} INFO - Started process (PID=1294) to work on /app/airflow/dags/raw_data_processing_pipeline.py
[2024-07-25T16:22:44.752+0000] {processor.py:830} INFO - Processing file /app/airflow/dags/raw_data_processing_pipeline.py for tasks to queue
[2024-07-25T16:22:44.755+0000] {logging_mixin.py:188} INFO - [2024-07-25T16:22:44.754+0000] {dagbag.py:545} INFO - Filling up the DagBag from /app/airflow/dags/raw_data_processing_pipeline.py
[2024-07-25T16:22:45.343+0000] {processor.py:840} INFO - DAG(s) 'raw_data_processing_pipeline' retrieved from /app/airflow/dags/raw_data_processing_pipeline.py
[2024-07-25T16:22:45.384+0000] {logging_mixin.py:188} INFO - [2024-07-25T16:22:45.383+0000] {dag.py:3089} INFO - Sync 1 DAGs
[2024-07-25T16:22:45.416+0000] {logging_mixin.py:188} INFO - [2024-07-25T16:22:45.416+0000] {dag.py:3947} INFO - Setting next_dagrun for raw_data_processing_pipeline to 2024-07-25 16:01:00+00:00, run_after=2024-07-25 17:01:00+00:00
[2024-07-25T16:22:45.438+0000] {processor.py:183} INFO - Processing /app/airflow/dags/raw_data_processing_pipeline.py took 0.704 seconds
[2024-07-25T16:23:15.604+0000] {processor.py:161} INFO - Started process (PID=1302) to work on /app/airflow/dags/raw_data_processing_pipeline.py
[2024-07-25T16:23:15.608+0000] {processor.py:830} INFO - Processing file /app/airflow/dags/raw_data_processing_pipeline.py for tasks to queue
[2024-07-25T16:23:15.611+0000] {logging_mixin.py:188} INFO - [2024-07-25T16:23:15.610+0000] {dagbag.py:545} INFO - Filling up the DagBag from /app/airflow/dags/raw_data_processing_pipeline.py
[2024-07-25T16:23:16.204+0000] {processor.py:840} INFO - DAG(s) 'raw_data_processing_pipeline' retrieved from /app/airflow/dags/raw_data_processing_pipeline.py
[2024-07-25T16:23:16.247+0000] {logging_mixin.py:188} INFO - [2024-07-25T16:23:16.246+0000] {dag.py:3089} INFO - Sync 1 DAGs
[2024-07-25T16:23:16.279+0000] {logging_mixin.py:188} INFO - [2024-07-25T16:23:16.279+0000] {dag.py:3947} INFO - Setting next_dagrun for raw_data_processing_pipeline to 2024-07-25 16:01:00+00:00, run_after=2024-07-25 17:01:00+00:00
[2024-07-25T16:23:16.305+0000] {processor.py:183} INFO - Processing /app/airflow/dags/raw_data_processing_pipeline.py took 0.712 seconds
[2024-07-25T16:23:46.429+0000] {processor.py:161} INFO - Started process (PID=1310) to work on /app/airflow/dags/raw_data_processing_pipeline.py
[2024-07-25T16:23:46.432+0000] {processor.py:830} INFO - Processing file /app/airflow/dags/raw_data_processing_pipeline.py for tasks to queue
[2024-07-25T16:23:46.435+0000] {logging_mixin.py:188} INFO - [2024-07-25T16:23:46.434+0000] {dagbag.py:545} INFO - Filling up the DagBag from /app/airflow/dags/raw_data_processing_pipeline.py
[2024-07-25T16:23:47.037+0000] {processor.py:840} INFO - DAG(s) 'raw_data_processing_pipeline' retrieved from /app/airflow/dags/raw_data_processing_pipeline.py
[2024-07-25T16:23:47.078+0000] {logging_mixin.py:188} INFO - [2024-07-25T16:23:47.077+0000] {dag.py:3089} INFO - Sync 1 DAGs
[2024-07-25T16:23:47.110+0000] {logging_mixin.py:188} INFO - [2024-07-25T16:23:47.110+0000] {dag.py:3947} INFO - Setting next_dagrun for raw_data_processing_pipeline to 2024-07-25 16:01:00+00:00, run_after=2024-07-25 17:01:00+00:00
[2024-07-25T16:23:47.135+0000] {processor.py:183} INFO - Processing /app/airflow/dags/raw_data_processing_pipeline.py took 0.719 seconds
[2024-07-25T16:24:17.319+0000] {processor.py:161} INFO - Started process (PID=1318) to work on /app/airflow/dags/raw_data_processing_pipeline.py
[2024-07-25T16:24:17.322+0000] {processor.py:830} INFO - Processing file /app/airflow/dags/raw_data_processing_pipeline.py for tasks to queue
[2024-07-25T16:24:17.324+0000] {logging_mixin.py:188} INFO - [2024-07-25T16:24:17.324+0000] {dagbag.py:545} INFO - Filling up the DagBag from /app/airflow/dags/raw_data_processing_pipeline.py
[2024-07-25T16:24:17.933+0000] {processor.py:840} INFO - DAG(s) 'raw_data_processing_pipeline' retrieved from /app/airflow/dags/raw_data_processing_pipeline.py
[2024-07-25T16:24:17.977+0000] {logging_mixin.py:188} INFO - [2024-07-25T16:24:17.976+0000] {dag.py:3089} INFO - Sync 1 DAGs
[2024-07-25T16:24:18.009+0000] {logging_mixin.py:188} INFO - [2024-07-25T16:24:18.009+0000] {dag.py:3947} INFO - Setting next_dagrun for raw_data_processing_pipeline to 2024-07-25 16:01:00+00:00, run_after=2024-07-25 17:01:00+00:00
[2024-07-25T16:24:18.037+0000] {processor.py:183} INFO - Processing /app/airflow/dags/raw_data_processing_pipeline.py took 0.729 seconds
[2024-07-25T16:24:48.360+0000] {processor.py:161} INFO - Started process (PID=1326) to work on /app/airflow/dags/raw_data_processing_pipeline.py
[2024-07-25T16:24:48.365+0000] {processor.py:830} INFO - Processing file /app/airflow/dags/raw_data_processing_pipeline.py for tasks to queue
[2024-07-25T16:24:48.368+0000] {logging_mixin.py:188} INFO - [2024-07-25T16:24:48.367+0000] {dagbag.py:545} INFO - Filling up the DagBag from /app/airflow/dags/raw_data_processing_pipeline.py
[2024-07-25T16:24:48.821+0000] {processor.py:840} INFO - DAG(s) 'raw_data_processing_pipeline' retrieved from /app/airflow/dags/raw_data_processing_pipeline.py
[2024-07-25T16:24:48.866+0000] {logging_mixin.py:188} INFO - [2024-07-25T16:24:48.866+0000] {dag.py:3089} INFO - Sync 1 DAGs
[2024-07-25T16:24:48.905+0000] {logging_mixin.py:188} INFO - [2024-07-25T16:24:48.905+0000] {dag.py:3947} INFO - Setting next_dagrun for raw_data_processing_pipeline to 2024-07-25 16:01:00+00:00, run_after=2024-07-25 17:01:00+00:00
[2024-07-25T16:24:48.936+0000] {processor.py:183} INFO - Processing /app/airflow/dags/raw_data_processing_pipeline.py took 0.588 seconds
[2024-07-25T16:25:19.099+0000] {processor.py:161} INFO - Started process (PID=1334) to work on /app/airflow/dags/raw_data_processing_pipeline.py
[2024-07-25T16:25:19.101+0000] {processor.py:830} INFO - Processing file /app/airflow/dags/raw_data_processing_pipeline.py for tasks to queue
[2024-07-25T16:25:19.104+0000] {logging_mixin.py:188} INFO - [2024-07-25T16:25:19.103+0000] {dagbag.py:545} INFO - Filling up the DagBag from /app/airflow/dags/raw_data_processing_pipeline.py
[2024-07-25T16:25:19.539+0000] {processor.py:840} INFO - DAG(s) 'raw_data_processing_pipeline' retrieved from /app/airflow/dags/raw_data_processing_pipeline.py
[2024-07-25T16:25:19.584+0000] {logging_mixin.py:188} INFO - [2024-07-25T16:25:19.584+0000] {dag.py:3089} INFO - Sync 1 DAGs
[2024-07-25T16:25:19.622+0000] {logging_mixin.py:188} INFO - [2024-07-25T16:25:19.622+0000] {dag.py:3947} INFO - Setting next_dagrun for raw_data_processing_pipeline to 2024-07-25 16:01:00+00:00, run_after=2024-07-25 17:01:00+00:00
[2024-07-25T16:25:19.646+0000] {processor.py:183} INFO - Processing /app/airflow/dags/raw_data_processing_pipeline.py took 0.558 seconds
[2024-07-25T16:25:49.861+0000] {processor.py:161} INFO - Started process (PID=1342) to work on /app/airflow/dags/raw_data_processing_pipeline.py
[2024-07-25T16:25:49.863+0000] {processor.py:830} INFO - Processing file /app/airflow/dags/raw_data_processing_pipeline.py for tasks to queue
[2024-07-25T16:25:49.865+0000] {logging_mixin.py:188} INFO - [2024-07-25T16:25:49.865+0000] {dagbag.py:545} INFO - Filling up the DagBag from /app/airflow/dags/raw_data_processing_pipeline.py
[2024-07-25T16:25:50.305+0000] {processor.py:840} INFO - DAG(s) 'raw_data_processing_pipeline' retrieved from /app/airflow/dags/raw_data_processing_pipeline.py
[2024-07-25T16:25:50.351+0000] {logging_mixin.py:188} INFO - [2024-07-25T16:25:50.350+0000] {dag.py:3089} INFO - Sync 1 DAGs
[2024-07-25T16:25:50.385+0000] {logging_mixin.py:188} INFO - [2024-07-25T16:25:50.385+0000] {dag.py:3947} INFO - Setting next_dagrun for raw_data_processing_pipeline to 2024-07-25 16:01:00+00:00, run_after=2024-07-25 17:01:00+00:00
[2024-07-25T16:25:50.408+0000] {processor.py:183} INFO - Processing /app/airflow/dags/raw_data_processing_pipeline.py took 0.559 seconds
[2024-07-25T16:26:20.571+0000] {processor.py:161} INFO - Started process (PID=1350) to work on /app/airflow/dags/raw_data_processing_pipeline.py
[2024-07-25T16:26:20.573+0000] {processor.py:830} INFO - Processing file /app/airflow/dags/raw_data_processing_pipeline.py for tasks to queue
[2024-07-25T16:26:20.576+0000] {logging_mixin.py:188} INFO - [2024-07-25T16:26:20.575+0000] {dagbag.py:545} INFO - Filling up the DagBag from /app/airflow/dags/raw_data_processing_pipeline.py
[2024-07-25T16:26:21.019+0000] {processor.py:840} INFO - DAG(s) 'raw_data_processing_pipeline' retrieved from /app/airflow/dags/raw_data_processing_pipeline.py
[2024-07-25T16:26:21.065+0000] {logging_mixin.py:188} INFO - [2024-07-25T16:26:21.064+0000] {dag.py:3089} INFO - Sync 1 DAGs
[2024-07-25T16:26:21.098+0000] {logging_mixin.py:188} INFO - [2024-07-25T16:26:21.097+0000] {dag.py:3947} INFO - Setting next_dagrun for raw_data_processing_pipeline to 2024-07-25 16:01:00+00:00, run_after=2024-07-25 17:01:00+00:00
[2024-07-25T16:26:21.121+0000] {processor.py:183} INFO - Processing /app/airflow/dags/raw_data_processing_pipeline.py took 0.561 seconds
