[2024-07-23T15:01:06.463+0000] {local_task_job_runner.py:120} INFO - ::group::Pre task execution logs
[2024-07-23T15:01:06.508+0000] {taskinstance.py:2076} INFO - Dependencies all met for dep_context=non-requeueable deps ti=<TaskInstance: raw_data_processing_pipeline.themuse_api_call scheduled__2024-07-23T14:01:00+00:00 [queued]>
[2024-07-23T15:01:06.521+0000] {taskinstance.py:2076} INFO - Dependencies all met for dep_context=requeueable deps ti=<TaskInstance: raw_data_processing_pipeline.themuse_api_call scheduled__2024-07-23T14:01:00+00:00 [queued]>
[2024-07-23T15:01:06.522+0000] {taskinstance.py:2306} INFO - Starting attempt 1 of 1
[2024-07-23T15:01:06.543+0000] {taskinstance.py:2330} INFO - Executing <Task(PythonOperator): themuse_api_call> on 2024-07-23 14:01:00+00:00
[2024-07-23T15:01:06.551+0000] {standard_task_runner.py:64} INFO - Started process 44865 to run task
[2024-07-23T15:01:06.556+0000] {standard_task_runner.py:90} INFO - Running: ['airflow', 'tasks', 'run', 'raw_data_processing_pipeline', 'themuse_api_call', 'scheduled__2024-07-23T14:01:00+00:00', '--job-id', '85', '--raw', '--subdir', 'DAGS_FOLDER/raw_data_processing_pipeline.py', '--cfg-path', '/tmp/tmpx18ul7n2']
[2024-07-23T15:01:06.558+0000] {standard_task_runner.py:91} INFO - Job 85: Subtask themuse_api_call
[2024-07-23T15:01:06.661+0000] {task_command.py:426} INFO - Running <TaskInstance: raw_data_processing_pipeline.themuse_api_call scheduled__2024-07-23T14:01:00+00:00 [running]> on host 4742c68cb1e2
[2024-07-23T15:01:06.854+0000] {taskinstance.py:2648} INFO - Exporting env vars: AIRFLOW_CTX_DAG_OWNER='airflow' AIRFLOW_CTX_DAG_ID='raw_data_processing_pipeline' AIRFLOW_CTX_TASK_ID='themuse_api_call' AIRFLOW_CTX_EXECUTION_DATE='2024-07-23T14:01:00+00:00' AIRFLOW_CTX_TRY_NUMBER='1' AIRFLOW_CTX_DAG_RUN_ID='scheduled__2024-07-23T14:01:00+00:00'
[2024-07-23T15:01:06.856+0000] {taskinstance.py:430} INFO - ::endgroup::
[2024-07-23T15:01:14.329+0000] {logging_mixin.py:188} INFO - Saved to 'data/source/themuse_jobs_part_1.csv': 200 jobs
[2024-07-23T15:01:20.926+0000] {logging_mixin.py:188} INFO - Saved to 'data/source/themuse_jobs_part_2.csv': 200 jobs
[2024-07-23T15:01:28.082+0000] {logging_mixin.py:188} INFO - Saved to 'data/source/themuse_jobs_part_3.csv': 200 jobs
[2024-07-23T15:01:31.910+0000] {logging_mixin.py:188} INFO - Saved to 'data/source/themuse_jobs_part_4.csv': 200 jobs
[2024-07-23T15:01:37.058+0000] {logging_mixin.py:188} INFO - Saved to 'data/source/themuse_jobs_part_5.csv': 200 jobs
[2024-07-23T15:01:42.739+0000] {logging_mixin.py:188} INFO - Saved to 'data/source/themuse_jobs_part_6.csv': 200 jobs
[2024-07-23T15:01:47.251+0000] {logging_mixin.py:188} INFO - Saved to 'data/source/themuse_jobs_part_7.csv': 200 jobs
[2024-07-23T15:01:52.385+0000] {logging_mixin.py:188} INFO - Saved to 'data/source/themuse_jobs_part_8.csv': 200 jobs
[2024-07-23T15:01:59.606+0000] {logging_mixin.py:188} INFO - Saved to 'data/source/themuse_jobs_part_9.csv': 200 jobs
[2024-07-23T15:02:03.727+0000] {logging_mixin.py:188} INFO - Saved to 'data/source/themuse_jobs_part_10.csv': 200 jobs
[2024-07-23T15:02:03.918+0000] {logging_mixin.py:188} INFO - Error 400: Value `page` is too high
[2024-07-23T15:02:07.708+0000] {logging_mixin.py:188} INFO - Saved to 'data/source/themuse_companies_part_1.csv': 200 companies
[2024-07-23T15:02:10.260+0000] {logging_mixin.py:188} INFO - Saved to 'data/source/themuse_companies_part_2.csv': 200 companies
[2024-07-23T15:02:12.922+0000] {logging_mixin.py:188} INFO - Saved to 'data/source/themuse_companies_part_3.csv': 200 companies
[2024-07-23T15:02:14.175+0000] {logging_mixin.py:188} INFO - Saved to 'data/source/themuse_companies_part_4.csv': 94 companies
[2024-07-23T15:02:14.176+0000] {python.py:237} INFO - Done. Returned value was: None
[2024-07-23T15:02:14.177+0000] {taskinstance.py:441} INFO - ::group::Post task execution logs
[2024-07-23T15:02:14.197+0000] {taskinstance.py:1206} INFO - Marking task as SUCCESS. dag_id=raw_data_processing_pipeline, task_id=themuse_api_call, run_id=scheduled__2024-07-23T14:01:00+00:00, execution_date=20240723T140100, start_date=20240723T150106, end_date=20240723T150214
[2024-07-23T15:02:14.240+0000] {local_task_job_runner.py:243} INFO - Task exited with return code 0
[2024-07-23T15:02:14.277+0000] {taskinstance.py:3503} INFO - 1 downstream tasks scheduled from follow-on schedule check
[2024-07-23T15:02:14.279+0000] {local_task_job_runner.py:222} INFO - ::endgroup::
