[2024-07-24T08:01:05.097+0000] {local_task_job_runner.py:120} INFO - ::group::Pre task execution logs
[2024-07-24T08:01:05.135+0000] {taskinstance.py:2076} INFO - Dependencies all met for dep_context=non-requeueable deps ti=<TaskInstance: raw_data_processing_pipeline.themuse_api_call scheduled__2024-07-24T07:01:00+00:00 [queued]>
[2024-07-24T08:01:05.145+0000] {taskinstance.py:2076} INFO - Dependencies all met for dep_context=requeueable deps ti=<TaskInstance: raw_data_processing_pipeline.themuse_api_call scheduled__2024-07-24T07:01:00+00:00 [queued]>
[2024-07-24T08:01:05.146+0000] {taskinstance.py:2306} INFO - Starting attempt 1 of 1
[2024-07-24T08:01:05.164+0000] {taskinstance.py:2330} INFO - Executing <Task(PythonOperator): themuse_api_call> on 2024-07-24 07:01:00+00:00
[2024-07-24T08:01:05.171+0000] {standard_task_runner.py:64} INFO - Started process 12162 to run task
[2024-07-24T08:01:05.177+0000] {standard_task_runner.py:90} INFO - Running: ['airflow', 'tasks', 'run', 'raw_data_processing_pipeline', 'themuse_api_call', 'scheduled__2024-07-24T07:01:00+00:00', '--job-id', '103', '--raw', '--subdir', 'DAGS_FOLDER/raw_data_processing_pipeline.py', '--cfg-path', '/tmp/tmpsermzk7h']
[2024-07-24T08:01:05.178+0000] {standard_task_runner.py:91} INFO - Job 103: Subtask themuse_api_call
[2024-07-24T08:01:05.260+0000] {task_command.py:426} INFO - Running <TaskInstance: raw_data_processing_pipeline.themuse_api_call scheduled__2024-07-24T07:01:00+00:00 [running]> on host 3f3ef3b72f68
[2024-07-24T08:01:05.407+0000] {taskinstance.py:2648} INFO - Exporting env vars: AIRFLOW_CTX_DAG_OWNER='airflow' AIRFLOW_CTX_DAG_ID='raw_data_processing_pipeline' AIRFLOW_CTX_TASK_ID='themuse_api_call' AIRFLOW_CTX_EXECUTION_DATE='2024-07-24T07:01:00+00:00' AIRFLOW_CTX_TRY_NUMBER='1' AIRFLOW_CTX_DAG_RUN_ID='scheduled__2024-07-24T07:01:00+00:00'
[2024-07-24T08:01:05.409+0000] {taskinstance.py:430} INFO - ::endgroup::
[2024-07-24T08:01:13.767+0000] {logging_mixin.py:188} INFO - Saved to 'data/raw/themuse_jobs_part_1.csv': 200 jobs
[2024-07-24T08:01:20.188+0000] {logging_mixin.py:188} INFO - Saved to 'data/raw/themuse_jobs_part_2.csv': 200 jobs
[2024-07-24T08:01:25.916+0000] {logging_mixin.py:188} INFO - Saved to 'data/raw/themuse_jobs_part_3.csv': 200 jobs
[2024-07-24T08:01:31.234+0000] {logging_mixin.py:188} INFO - Saved to 'data/raw/themuse_jobs_part_4.csv': 200 jobs
[2024-07-24T08:01:37.410+0000] {logging_mixin.py:188} INFO - Saved to 'data/raw/themuse_jobs_part_5.csv': 200 jobs
[2024-07-24T08:01:41.868+0000] {logging_mixin.py:188} INFO - Saved to 'data/raw/themuse_jobs_part_6.csv': 200 jobs
[2024-07-24T08:01:47.038+0000] {logging_mixin.py:188} INFO - Saved to 'data/raw/themuse_jobs_part_7.csv': 200 jobs
[2024-07-24T08:01:52.927+0000] {logging_mixin.py:188} INFO - Saved to 'data/raw/themuse_jobs_part_8.csv': 200 jobs
[2024-07-24T08:01:58.306+0000] {logging_mixin.py:188} INFO - Saved to 'data/raw/themuse_jobs_part_9.csv': 200 jobs
[2024-07-24T08:02:02.570+0000] {logging_mixin.py:188} INFO - Saved to 'data/raw/themuse_jobs_part_10.csv': 200 jobs
[2024-07-24T08:02:02.753+0000] {logging_mixin.py:188} INFO - Error 400: Value `page` is too high
[2024-07-24T08:02:06.268+0000] {logging_mixin.py:188} INFO - Saved to 'data/raw/themuse_companies_part_1.csv': 200 companies
[2024-07-24T08:02:09.275+0000] {logging_mixin.py:188} INFO - Saved to 'data/raw/themuse_companies_part_2.csv': 200 companies
[2024-07-24T08:02:12.467+0000] {logging_mixin.py:188} INFO - Saved to 'data/raw/themuse_companies_part_3.csv': 200 companies
[2024-07-24T08:02:13.784+0000] {logging_mixin.py:188} INFO - Saved to 'data/raw/themuse_companies_part_4.csv': 94 companies
[2024-07-24T08:02:13.785+0000] {python.py:237} INFO - Done. Returned value was: None
[2024-07-24T08:02:13.785+0000] {taskinstance.py:441} INFO - ::group::Post task execution logs
[2024-07-24T08:02:13.807+0000] {taskinstance.py:1206} INFO - Marking task as SUCCESS. dag_id=raw_data_processing_pipeline, task_id=themuse_api_call, run_id=scheduled__2024-07-24T07:01:00+00:00, execution_date=20240724T070100, start_date=20240724T080105, end_date=20240724T080213
[2024-07-24T08:02:13.843+0000] {local_task_job_runner.py:243} INFO - Task exited with return code 0
[2024-07-24T08:02:13.884+0000] {taskinstance.py:3503} INFO - 1 downstream tasks scheduled from follow-on schedule check
[2024-07-24T08:02:13.886+0000] {local_task_job_runner.py:222} INFO - ::endgroup::
