[0m12:47:15.073677 [debug] [MainThread]: Sending event: {'category': 'dbt', 'action': 'invocation', 'label': 'start', 'context': [<snowplow_tracker.self_describing_json.SelfDescribingJson object at 0x7f43d4be3670>, <snowplow_tracker.self_describing_json.SelfDescribingJson object at 0x7f43d5667940>, <snowplow_tracker.self_describing_json.SelfDescribingJson object at 0x7f43d32f6910>]}


============================== 12:47:15.081185 | c44b571f-cd91-4f64-9e60-3d299895d426 ==============================
[0m12:47:15.081185 [info ] [MainThread]: Running with dbt=1.8.4
[0m12:47:15.082617 [debug] [MainThread]: running dbt with arguments {'printer_width': '80', 'indirect_selection': 'eager', 'log_cache_events': 'False', 'write_json': 'True', 'partial_parse': 'True', 'cache_selected_only': 'False', 'profiles_dir': '/home/service_admin/.dbt', 'version_check': 'True', 'debug': 'False', 'log_path': 'logs', 'fail_fast': 'False', 'warn_error': 'None', 'use_colors': 'True', 'use_experimental_parser': 'False', 'empty': 'None', 'quiet': 'False', 'no_print': 'None', 'log_format': 'default', 'static_parser': 'True', 'invocation_command': 'dbt init', 'introspect': 'True', 'target_path': 'None', 'warn_error_options': 'WarnErrorOptions(include=[], exclude=[])', 'send_anonymous_usage_stats': 'True'}
[0m12:47:27.869767 [debug] [MainThread]: Starter project path: /home/service_admin/code/BOUSAROUT/freeprise-matchmaker/.venv/lib/python3.8/site-packages/dbt/include/starter_project
[0m12:47:27.879431 [info ] [MainThread]: 
Your new dbt project "dbt_freeprise" was created!

For more information on how to configure the profiles.yml file,
please consult the dbt documentation here:

  https://docs.getdbt.com/docs/configure-your-profile

One more thing:

Need help? Don't hesitate to reach out to us via GitHub issues or on Slack:

  https://community.getdbt.com/

Happy modeling!

[0m12:47:27.880788 [info ] [MainThread]: Setting up your profile.
[0m12:53:59.279835 [info ] [MainThread]: Profile dbt_freeprise written to /home/service_admin/.dbt/profiles.yml using target's profile_template.yml and your supplied values. Run 'dbt debug' to validate the connection.
[0m12:53:59.283935 [debug] [MainThread]: Resource report: {"command_name": "init", "command_success": true, "command_wall_clock_time": 404.30164, "process_user_time": 3.27389, "process_kernel_time": 0.693762, "process_mem_max_rss": "187208", "process_in_blocks": "202336", "process_out_blocks": "88"}
[0m12:53:59.285591 [debug] [MainThread]: Command `dbt init` succeeded at 12:53:59.285378 after 404.30 seconds
[0m12:53:59.286455 [debug] [MainThread]: Sending event: {'category': 'dbt', 'action': 'invocation', 'label': 'end', 'context': [<snowplow_tracker.self_describing_json.SelfDescribingJson object at 0x7f43d4be3670>, <snowplow_tracker.self_describing_json.SelfDescribingJson object at 0x7f43d4547400>, <snowplow_tracker.self_describing_json.SelfDescribingJson object at 0x7f43d30c5370>]}
[0m12:53:59.287350 [debug] [MainThread]: Flushing usage events
