[2024-07-21T13:14:52.863+0000] {local_task_job_runner.py:120} INFO - ::group::Pre task execution logs
[2024-07-21T13:14:52.905+0000] {taskinstance.py:2076} INFO - Dependencies all met for dep_context=non-requeueable deps ti=<TaskInstance: raw_data_processing_pipeline.clean_themuseapi_data scheduled__2024-07-21T12:01:00+00:00 [queued]>
[2024-07-21T13:14:52.917+0000] {taskinstance.py:2076} INFO - Dependencies all met for dep_context=requeueable deps ti=<TaskInstance: raw_data_processing_pipeline.clean_themuseapi_data scheduled__2024-07-21T12:01:00+00:00 [queued]>
[2024-07-21T13:14:52.918+0000] {taskinstance.py:2306} INFO - Starting attempt 1 of 1
[2024-07-21T13:14:52.938+0000] {taskinstance.py:2330} INFO - Executing <Task(PythonOperator): clean_themuseapi_data> on 2024-07-21 12:01:00+00:00
[2024-07-21T13:14:52.945+0000] {standard_task_runner.py:64} INFO - Started process 1879 to run task
[2024-07-21T13:14:52.945+0000] {clientserver.py:543} INFO - Closing down clientserver connection
[2024-07-21T13:14:52.954+0000] {standard_task_runner.py:90} INFO - Running: ['airflow', 'tasks', 'run', 'raw_data_processing_pipeline', 'clean_themuseapi_data', 'scheduled__2024-07-21T12:01:00+00:00', '--job-id', '71', '--raw', '--subdir', 'DAGS_FOLDER/raw_data_processing_pipeline.py', '--cfg-path', '/tmp/tmp69kajcvb']
[2024-07-21T13:14:52.954+0000] {standard_task_runner.py:91} INFO - Job 71: Subtask clean_themuseapi_data
[2024-07-21T13:14:53.052+0000] {task_command.py:426} INFO - Running <TaskInstance: raw_data_processing_pipeline.clean_themuseapi_data scheduled__2024-07-21T12:01:00+00:00 [running]> on host 87b32801fdc9
[2024-07-21T13:14:53.211+0000] {taskinstance.py:2648} INFO - Exporting env vars: AIRFLOW_CTX_DAG_OWNER='airflow' AIRFLOW_CTX_DAG_ID='raw_data_processing_pipeline' AIRFLOW_CTX_TASK_ID='clean_themuseapi_data' AIRFLOW_CTX_EXECUTION_DATE='2024-07-21T12:01:00+00:00' AIRFLOW_CTX_TRY_NUMBER='1' AIRFLOW_CTX_DAG_RUN_ID='scheduled__2024-07-21T12:01:00+00:00'
[2024-07-21T13:14:53.212+0000] {taskinstance.py:430} INFO - ::endgroup::
[2024-07-21T13:14:54.691+0000] {logging_mixin.py:188} INFO - Combined cleaned jobs data saved to 'data/cleaned/cleaned_all_jobs.csv'
[2024-07-21T13:14:54.719+0000] {logging_mixin.py:188} INFO - Combined cleaned companies data saved to 'data/cleaned/cleaned_all_companies.csv'
[2024-07-21T13:14:54.722+0000] {python.py:237} INFO - Done. Returned value was: None
[2024-07-21T13:14:54.723+0000] {taskinstance.py:441} INFO - ::group::Post task execution logs
[2024-07-21T13:14:54.743+0000] {taskinstance.py:1206} INFO - Marking task as SUCCESS. dag_id=raw_data_processing_pipeline, task_id=clean_themuseapi_data, run_id=scheduled__2024-07-21T12:01:00+00:00, execution_date=20240721T120100, start_date=20240721T131452, end_date=20240721T131454
[2024-07-21T13:14:54.770+0000] {local_task_job_runner.py:243} INFO - Task exited with return code 0
[2024-07-21T13:14:54.806+0000] {taskinstance.py:3503} INFO - 0 downstream tasks scheduled from follow-on schedule check
[2024-07-21T13:14:54.808+0000] {local_task_job_runner.py:222} INFO - ::endgroup::
