[2024-07-24T11:01:04.971+0000] {local_task_job_runner.py:120} INFO - ::group::Pre task execution logs
[2024-07-24T11:01:05.015+0000] {taskinstance.py:2076} INFO - Dependencies all met for dep_context=non-requeueable deps ti=<TaskInstance: raw_data_processing_pipeline.themuse_api_call scheduled__2024-07-24T10:01:00+00:00 [queued]>
[2024-07-24T11:01:05.027+0000] {taskinstance.py:2076} INFO - Dependencies all met for dep_context=requeueable deps ti=<TaskInstance: raw_data_processing_pipeline.themuse_api_call scheduled__2024-07-24T10:01:00+00:00 [queued]>
[2024-07-24T11:01:05.028+0000] {taskinstance.py:2306} INFO - Starting attempt 1 of 1
[2024-07-24T11:01:05.049+0000] {taskinstance.py:2330} INFO - Executing <Task(PythonOperator): themuse_api_call> on 2024-07-24 10:01:00+00:00
[2024-07-24T11:01:05.057+0000] {standard_task_runner.py:64} INFO - Started process 106050 to run task
[2024-07-24T11:01:05.063+0000] {standard_task_runner.py:90} INFO - Running: ['airflow', 'tasks', 'run', 'raw_data_processing_pipeline', 'themuse_api_call', 'scheduled__2024-07-24T10:01:00+00:00', '--job-id', '112', '--raw', '--subdir', 'DAGS_FOLDER/raw_data_processing_pipeline.py', '--cfg-path', '/tmp/tmpqo4fyz53']
[2024-07-24T11:01:05.065+0000] {standard_task_runner.py:91} INFO - Job 112: Subtask themuse_api_call
[2024-07-24T11:01:05.162+0000] {task_command.py:426} INFO - Running <TaskInstance: raw_data_processing_pipeline.themuse_api_call scheduled__2024-07-24T10:01:00+00:00 [running]> on host 3f3ef3b72f68
[2024-07-24T11:01:05.326+0000] {taskinstance.py:2648} INFO - Exporting env vars: AIRFLOW_CTX_DAG_OWNER='airflow' AIRFLOW_CTX_DAG_ID='raw_data_processing_pipeline' AIRFLOW_CTX_TASK_ID='themuse_api_call' AIRFLOW_CTX_EXECUTION_DATE='2024-07-24T10:01:00+00:00' AIRFLOW_CTX_TRY_NUMBER='1' AIRFLOW_CTX_DAG_RUN_ID='scheduled__2024-07-24T10:01:00+00:00'
[2024-07-24T11:01:05.328+0000] {taskinstance.py:430} INFO - ::endgroup::
[2024-07-24T11:01:13.031+0000] {logging_mixin.py:188} INFO - Saved to 'data/raw/themuse_jobs_part_1.csv': 200 jobs
[2024-07-24T11:01:21.166+0000] {logging_mixin.py:188} INFO - Saved to 'data/raw/themuse_jobs_part_2.csv': 200 jobs
[2024-07-24T11:01:27.381+0000] {logging_mixin.py:188} INFO - Saved to 'data/raw/themuse_jobs_part_3.csv': 200 jobs
[2024-07-24T11:01:33.381+0000] {logging_mixin.py:188} INFO - Saved to 'data/raw/themuse_jobs_part_4.csv': 200 jobs
[2024-07-24T11:01:39.266+0000] {logging_mixin.py:188} INFO - Saved to 'data/raw/themuse_jobs_part_5.csv': 200 jobs
[2024-07-24T11:01:43.170+0000] {logging_mixin.py:188} INFO - Saved to 'data/raw/themuse_jobs_part_6.csv': 200 jobs
[2024-07-24T11:01:47.799+0000] {logging_mixin.py:188} INFO - Saved to 'data/raw/themuse_jobs_part_7.csv': 200 jobs
[2024-07-24T11:01:52.229+0000] {logging_mixin.py:188} INFO - Saved to 'data/raw/themuse_jobs_part_8.csv': 200 jobs
[2024-07-24T11:01:57.044+0000] {logging_mixin.py:188} INFO - Saved to 'data/raw/themuse_jobs_part_9.csv': 200 jobs
[2024-07-24T11:02:03.213+0000] {logging_mixin.py:188} INFO - Saved to 'data/raw/themuse_jobs_part_10.csv': 200 jobs
[2024-07-24T11:02:03.413+0000] {logging_mixin.py:188} INFO - Error 400: Value `page` is too high
[2024-07-24T11:02:07.837+0000] {logging_mixin.py:188} INFO - Saved to 'data/raw/themuse_companies_part_1.csv': 200 companies
[2024-07-24T11:02:10.384+0000] {logging_mixin.py:188} INFO - Saved to 'data/raw/themuse_companies_part_2.csv': 200 companies
[2024-07-24T11:02:12.890+0000] {logging_mixin.py:188} INFO - Saved to 'data/raw/themuse_companies_part_3.csv': 200 companies
[2024-07-24T11:02:14.365+0000] {logging_mixin.py:188} INFO - Saved to 'data/raw/themuse_companies_part_4.csv': 94 companies
[2024-07-24T11:02:14.366+0000] {python.py:237} INFO - Done. Returned value was: None
[2024-07-24T11:02:14.366+0000] {taskinstance.py:441} INFO - ::group::Post task execution logs
[2024-07-24T11:02:14.387+0000] {taskinstance.py:1206} INFO - Marking task as SUCCESS. dag_id=raw_data_processing_pipeline, task_id=themuse_api_call, run_id=scheduled__2024-07-24T10:01:00+00:00, execution_date=20240724T100100, start_date=20240724T110105, end_date=20240724T110214
[2024-07-24T11:02:14.420+0000] {local_task_job_runner.py:243} INFO - Task exited with return code 0
[2024-07-24T11:02:14.460+0000] {taskinstance.py:3503} INFO - 1 downstream tasks scheduled from follow-on schedule check
[2024-07-24T11:02:14.463+0000] {local_task_job_runner.py:222} INFO - ::endgroup::
