[2024-07-20T10:39:05.020+0000] {local_task_job_runner.py:120} INFO - ::group::Pre task execution logs
[2024-07-20T10:39:05.082+0000] {taskinstance.py:2076} INFO - Dependencies all met for dep_context=non-requeueable deps ti=<TaskInstance: raw_data_processing_pipeline.themuse_api_call scheduled__2024-07-20T09:01:00+00:00 [queued]>
[2024-07-20T10:39:05.100+0000] {taskinstance.py:2076} INFO - Dependencies all met for dep_context=requeueable deps ti=<TaskInstance: raw_data_processing_pipeline.themuse_api_call scheduled__2024-07-20T09:01:00+00:00 [queued]>
[2024-07-20T10:39:05.102+0000] {taskinstance.py:2306} INFO - Starting attempt 1 of 1
[2024-07-20T10:39:05.138+0000] {taskinstance.py:2330} INFO - Executing <Task(PythonOperator): themuse_api_call> on 2024-07-20 09:01:00+00:00
[2024-07-20T10:39:05.154+0000] {standard_task_runner.py:64} INFO - Started process 56923 to run task
[2024-07-20T10:39:05.163+0000] {clientserver.py:543} INFO - Closing down clientserver connection
[2024-07-20T10:39:05.178+0000] {standard_task_runner.py:90} INFO - Running: ['airflow', 'tasks', 'run', 'raw_data_processing_pipeline', 'themuse_api_call', 'scheduled__2024-07-20T09:01:00+00:00', '--job-id', '64', '--raw', '--subdir', 'DAGS_FOLDER/raw_data_processing_pipeline.py', '--cfg-path', '/tmp/tmpt9gy81y8']
[2024-07-20T10:39:05.181+0000] {standard_task_runner.py:91} INFO - Job 64: Subtask themuse_api_call
[2024-07-20T10:39:05.383+0000] {task_command.py:426} INFO - Running <TaskInstance: raw_data_processing_pipeline.themuse_api_call scheduled__2024-07-20T09:01:00+00:00 [running]> on host 87b32801fdc9
[2024-07-20T10:39:05.688+0000] {taskinstance.py:2648} INFO - Exporting env vars: AIRFLOW_CTX_DAG_OWNER='airflow' AIRFLOW_CTX_DAG_ID='raw_data_processing_pipeline' AIRFLOW_CTX_TASK_ID='themuse_api_call' AIRFLOW_CTX_EXECUTION_DATE='2024-07-20T09:01:00+00:00' AIRFLOW_CTX_TRY_NUMBER='1' AIRFLOW_CTX_DAG_RUN_ID='scheduled__2024-07-20T09:01:00+00:00'
[2024-07-20T10:39:05.697+0000] {taskinstance.py:430} INFO - ::endgroup::
[2024-07-20T10:39:12.700+0000] {logging_mixin.py:188} INFO - Saved to 'data/source/themuse_jobs_part_1.csv': 200 jobs
[2024-07-20T10:39:18.921+0000] {logging_mixin.py:188} INFO - Saved to 'data/source/themuse_jobs_part_2.csv': 200 jobs
[2024-07-20T10:39:25.663+0000] {logging_mixin.py:188} INFO - Saved to 'data/source/themuse_jobs_part_3.csv': 200 jobs
[2024-07-20T10:39:29.951+0000] {logging_mixin.py:188} INFO - Saved to 'data/source/themuse_jobs_part_4.csv': 200 jobs
[2024-07-20T10:39:35.267+0000] {logging_mixin.py:188} INFO - Saved to 'data/source/themuse_jobs_part_5.csv': 200 jobs
[2024-07-20T10:39:39.981+0000] {logging_mixin.py:188} INFO - Saved to 'data/source/themuse_jobs_part_6.csv': 200 jobs
[2024-07-20T10:39:44.909+0000] {logging_mixin.py:188} INFO - Saved to 'data/source/themuse_jobs_part_7.csv': 200 jobs
[2024-07-20T10:39:48.555+0000] {logging_mixin.py:188} INFO - Saved to 'data/source/themuse_jobs_part_8.csv': 200 jobs
[2024-07-20T10:39:53.237+0000] {logging_mixin.py:188} INFO - Saved to 'data/source/themuse_jobs_part_9.csv': 200 jobs
[2024-07-20T10:39:57.438+0000] {logging_mixin.py:188} INFO - Saved to 'data/source/themuse_jobs_part_10.csv': 200 jobs
[2024-07-20T10:39:57.593+0000] {logging_mixin.py:188} INFO - Error 400: Value `page` is too high
[2024-07-20T10:39:59.733+0000] {logging_mixin.py:188} INFO - Saved to 'data/source/themuse_companies_part_1.csv': 200 companies
[2024-07-20T10:40:03.174+0000] {logging_mixin.py:188} INFO - Saved to 'data/source/themuse_companies_part_2.csv': 200 companies
[2024-07-20T10:40:05.800+0000] {logging_mixin.py:188} INFO - Saved to 'data/source/themuse_companies_part_3.csv': 200 companies
[2024-07-20T10:40:06.912+0000] {logging_mixin.py:188} INFO - Saved to 'data/source/themuse_companies_part_4.csv': 94 companies
[2024-07-20T10:40:06.913+0000] {python.py:237} INFO - Done. Returned value was: None
[2024-07-20T10:40:06.914+0000] {taskinstance.py:441} INFO - ::group::Post task execution logs
[2024-07-20T10:40:06.933+0000] {taskinstance.py:1206} INFO - Marking task as SUCCESS. dag_id=raw_data_processing_pipeline, task_id=themuse_api_call, run_id=scheduled__2024-07-20T09:01:00+00:00, execution_date=20240720T090100, start_date=20240720T103905, end_date=20240720T104006
[2024-07-20T10:40:06.964+0000] {local_task_job_runner.py:243} INFO - Task exited with return code 0
[2024-07-20T10:40:07.009+0000] {taskinstance.py:3503} INFO - 1 downstream tasks scheduled from follow-on schedule check
[2024-07-20T10:40:07.011+0000] {local_task_job_runner.py:222} INFO - ::endgroup::
