[2024-07-25T16:03:43.945+0000] {local_task_job_runner.py:120} INFO - ::group::Pre task execution logs
[2024-07-25T16:03:43.992+0000] {taskinstance.py:2076} INFO - Dependencies all met for dep_context=non-requeueable deps ti=<TaskInstance: raw_data_processing_pipeline.themuse_api_call scheduled__2024-07-25T15:01:00+00:00 [queued]>
[2024-07-25T16:03:44.005+0000] {taskinstance.py:2076} INFO - Dependencies all met for dep_context=requeueable deps ti=<TaskInstance: raw_data_processing_pipeline.themuse_api_call scheduled__2024-07-25T15:01:00+00:00 [queued]>
[2024-07-25T16:03:44.006+0000] {taskinstance.py:2306} INFO - Starting attempt 1 of 1
[2024-07-25T16:03:44.028+0000] {taskinstance.py:2330} INFO - Executing <Task(PythonOperator): themuse_api_call> on 2024-07-25 15:01:00+00:00
[2024-07-25T16:03:44.036+0000] {standard_task_runner.py:64} INFO - Started process 188 to run task
[2024-07-25T16:03:44.044+0000] {standard_task_runner.py:90} INFO - Running: ['airflow', 'tasks', 'run', 'raw_data_processing_pipeline', 'themuse_api_call', 'scheduled__2024-07-25T15:01:00+00:00', '--job-id', '157', '--raw', '--subdir', 'DAGS_FOLDER/raw_data_processing_pipeline.py', '--cfg-path', '/tmp/tmpmxph62do']
[2024-07-25T16:03:44.048+0000] {standard_task_runner.py:91} INFO - Job 157: Subtask themuse_api_call
[2024-07-25T16:03:44.154+0000] {task_command.py:426} INFO - Running <TaskInstance: raw_data_processing_pipeline.themuse_api_call scheduled__2024-07-25T15:01:00+00:00 [running]> on host e4392ddf2110
[2024-07-25T16:03:44.334+0000] {taskinstance.py:2648} INFO - Exporting env vars: AIRFLOW_CTX_DAG_OWNER='airflow' AIRFLOW_CTX_DAG_ID='raw_data_processing_pipeline' AIRFLOW_CTX_TASK_ID='themuse_api_call' AIRFLOW_CTX_EXECUTION_DATE='2024-07-25T15:01:00+00:00' AIRFLOW_CTX_TRY_NUMBER='1' AIRFLOW_CTX_DAG_RUN_ID='scheduled__2024-07-25T15:01:00+00:00'
[2024-07-25T16:03:44.336+0000] {taskinstance.py:430} INFO - ::endgroup::
[2024-07-25T16:03:48.566+0000] {logging_mixin.py:188} INFO - Saved to 'data/raw/themuse_jobs_part_1.csv': 200 jobs
[2024-07-25T16:03:54.226+0000] {logging_mixin.py:188} INFO - Saved to 'data/raw/themuse_jobs_part_2.csv': 200 jobs
[2024-07-25T16:03:59.982+0000] {logging_mixin.py:188} INFO - Saved to 'data/raw/themuse_jobs_part_3.csv': 200 jobs
[2024-07-25T16:04:05.788+0000] {logging_mixin.py:188} INFO - Saved to 'data/raw/themuse_jobs_part_4.csv': 200 jobs
[2024-07-25T16:04:11.369+0000] {logging_mixin.py:188} INFO - Saved to 'data/raw/themuse_jobs_part_5.csv': 200 jobs
[2024-07-25T16:04:18.561+0000] {logging_mixin.py:188} INFO - Saved to 'data/raw/themuse_jobs_part_6.csv': 200 jobs
[2024-07-25T16:04:22.516+0000] {logging_mixin.py:188} INFO - Saved to 'data/raw/themuse_jobs_part_7.csv': 200 jobs
[2024-07-25T16:04:28.813+0000] {logging_mixin.py:188} INFO - Saved to 'data/raw/themuse_jobs_part_8.csv': 200 jobs
[2024-07-25T16:04:33.598+0000] {logging_mixin.py:188} INFO - Saved to 'data/raw/themuse_jobs_part_9.csv': 200 jobs
[2024-07-25T16:04:38.087+0000] {logging_mixin.py:188} INFO - Saved to 'data/raw/themuse_jobs_part_10.csv': 200 jobs
[2024-07-25T16:04:38.222+0000] {logging_mixin.py:188} INFO - Error 400: Value `page` is too high
[2024-07-25T16:04:41.518+0000] {logging_mixin.py:188} INFO - Saved to 'data/raw/themuse_companies_part_1.csv': 200 companies
[2024-07-25T16:04:44.821+0000] {logging_mixin.py:188} INFO - Saved to 'data/raw/themuse_companies_part_2.csv': 200 companies
[2024-07-25T16:04:50.192+0000] {logging_mixin.py:188} INFO - Saved to 'data/raw/themuse_companies_part_3.csv': 200 companies
[2024-07-25T16:04:51.666+0000] {logging_mixin.py:188} INFO - Saved to 'data/raw/themuse_companies_part_4.csv': 64 companies
[2024-07-25T16:04:51.667+0000] {python.py:237} INFO - Done. Returned value was: None
[2024-07-25T16:04:51.667+0000] {taskinstance.py:441} INFO - ::group::Post task execution logs
[2024-07-25T16:04:51.688+0000] {taskinstance.py:1206} INFO - Marking task as SUCCESS. dag_id=raw_data_processing_pipeline, task_id=themuse_api_call, run_id=scheduled__2024-07-25T15:01:00+00:00, execution_date=20240725T150100, start_date=20240725T160343, end_date=20240725T160451
[2024-07-25T16:04:51.731+0000] {local_task_job_runner.py:243} INFO - Task exited with return code 0
[2024-07-25T16:04:51.779+0000] {taskinstance.py:3503} INFO - 1 downstream tasks scheduled from follow-on schedule check
[2024-07-25T16:04:51.781+0000] {local_task_job_runner.py:222} INFO - ::endgroup::
