[2024-07-24T16:01:05.660+0000] {local_task_job_runner.py:120} INFO - ::group::Pre task execution logs
[2024-07-24T16:01:05.705+0000] {taskinstance.py:2076} INFO - Dependencies all met for dep_context=non-requeueable deps ti=<TaskInstance: raw_data_processing_pipeline.themuse_api_call scheduled__2024-07-24T15:01:00+00:00 [queued]>
[2024-07-24T16:01:05.718+0000] {taskinstance.py:2076} INFO - Dependencies all met for dep_context=requeueable deps ti=<TaskInstance: raw_data_processing_pipeline.themuse_api_call scheduled__2024-07-24T15:01:00+00:00 [queued]>
[2024-07-24T16:01:05.718+0000] {taskinstance.py:2306} INFO - Starting attempt 1 of 1
[2024-07-24T16:01:05.739+0000] {taskinstance.py:2330} INFO - Executing <Task(PythonOperator): themuse_api_call> on 2024-07-24 15:01:00+00:00
[2024-07-24T16:01:05.747+0000] {standard_task_runner.py:64} INFO - Started process 262561 to run task
[2024-07-24T16:01:05.753+0000] {standard_task_runner.py:90} INFO - Running: ['airflow', 'tasks', 'run', 'raw_data_processing_pipeline', 'themuse_api_call', 'scheduled__2024-07-24T15:01:00+00:00', '--job-id', '125', '--raw', '--subdir', 'DAGS_FOLDER/raw_data_processing_pipeline.py', '--cfg-path', '/tmp/tmp2cgosqz2']
[2024-07-24T16:01:05.755+0000] {standard_task_runner.py:91} INFO - Job 125: Subtask themuse_api_call
[2024-07-24T16:01:05.852+0000] {task_command.py:426} INFO - Running <TaskInstance: raw_data_processing_pipeline.themuse_api_call scheduled__2024-07-24T15:01:00+00:00 [running]> on host 3f3ef3b72f68
[2024-07-24T16:01:06.026+0000] {taskinstance.py:2648} INFO - Exporting env vars: AIRFLOW_CTX_DAG_OWNER='airflow' AIRFLOW_CTX_DAG_ID='raw_data_processing_pipeline' AIRFLOW_CTX_TASK_ID='themuse_api_call' AIRFLOW_CTX_EXECUTION_DATE='2024-07-24T15:01:00+00:00' AIRFLOW_CTX_TRY_NUMBER='1' AIRFLOW_CTX_DAG_RUN_ID='scheduled__2024-07-24T15:01:00+00:00'
[2024-07-24T16:01:06.028+0000] {taskinstance.py:430} INFO - ::endgroup::
[2024-07-24T16:01:13.365+0000] {logging_mixin.py:188} INFO - Saved to 'data/raw/themuse_jobs_part_1.csv': 200 jobs
[2024-07-24T16:01:19.297+0000] {logging_mixin.py:188} INFO - Saved to 'data/raw/themuse_jobs_part_2.csv': 200 jobs
[2024-07-24T16:01:24.943+0000] {logging_mixin.py:188} INFO - Saved to 'data/raw/themuse_jobs_part_3.csv': 200 jobs
[2024-07-24T16:01:30.953+0000] {logging_mixin.py:188} INFO - Saved to 'data/raw/themuse_jobs_part_4.csv': 200 jobs
[2024-07-24T16:01:38.248+0000] {logging_mixin.py:188} INFO - Saved to 'data/raw/themuse_jobs_part_5.csv': 200 jobs
[2024-07-24T16:01:43.029+0000] {logging_mixin.py:188} INFO - Saved to 'data/raw/themuse_jobs_part_6.csv': 200 jobs
[2024-07-24T16:01:47.716+0000] {logging_mixin.py:188} INFO - Saved to 'data/raw/themuse_jobs_part_7.csv': 200 jobs
[2024-07-24T16:01:52.146+0000] {logging_mixin.py:188} INFO - Saved to 'data/raw/themuse_jobs_part_8.csv': 200 jobs
[2024-07-24T16:01:56.667+0000] {logging_mixin.py:188} INFO - Saved to 'data/raw/themuse_jobs_part_9.csv': 200 jobs
[2024-07-24T16:02:01.923+0000] {logging_mixin.py:188} INFO - Saved to 'data/raw/themuse_jobs_part_10.csv': 200 jobs
[2024-07-24T16:02:02.157+0000] {logging_mixin.py:188} INFO - Error 400: Value `page` is too high
[2024-07-24T16:02:05.787+0000] {logging_mixin.py:188} INFO - Saved to 'data/raw/themuse_companies_part_1.csv': 200 companies
[2024-07-24T16:02:08.373+0000] {logging_mixin.py:188} INFO - Saved to 'data/raw/themuse_companies_part_2.csv': 200 companies
[2024-07-24T16:02:11.661+0000] {logging_mixin.py:188} INFO - Saved to 'data/raw/themuse_companies_part_3.csv': 200 companies
[2024-07-24T16:02:12.932+0000] {logging_mixin.py:188} INFO - Saved to 'data/raw/themuse_companies_part_4.csv': 94 companies
[2024-07-24T16:02:12.933+0000] {python.py:237} INFO - Done. Returned value was: None
[2024-07-24T16:02:12.933+0000] {taskinstance.py:441} INFO - ::group::Post task execution logs
[2024-07-24T16:02:12.953+0000] {taskinstance.py:1206} INFO - Marking task as SUCCESS. dag_id=raw_data_processing_pipeline, task_id=themuse_api_call, run_id=scheduled__2024-07-24T15:01:00+00:00, execution_date=20240724T150100, start_date=20240724T160105, end_date=20240724T160212
[2024-07-24T16:02:12.982+0000] {local_task_job_runner.py:243} INFO - Task exited with return code 0
[2024-07-24T16:02:13.020+0000] {taskinstance.py:3503} INFO - 1 downstream tasks scheduled from follow-on schedule check
[2024-07-24T16:02:13.023+0000] {local_task_job_runner.py:222} INFO - ::endgroup::
