[2024-07-24T17:12:31.570+0000] {local_task_job_runner.py:120} INFO - ::group::Pre task execution logs
[2024-07-24T17:12:31.613+0000] {taskinstance.py:2076} INFO - Dependencies all met for dep_context=non-requeueable deps ti=<TaskInstance: raw_data_processing_pipeline.themuse_api_call manual__2024-07-24T17:12:25.203382+00:00 [queued]>
[2024-07-24T17:12:31.626+0000] {taskinstance.py:2076} INFO - Dependencies all met for dep_context=requeueable deps ti=<TaskInstance: raw_data_processing_pipeline.themuse_api_call manual__2024-07-24T17:12:25.203382+00:00 [queued]>
[2024-07-24T17:12:31.627+0000] {taskinstance.py:2306} INFO - Starting attempt 1 of 1
[2024-07-24T17:12:31.647+0000] {taskinstance.py:2330} INFO - Executing <Task(PythonOperator): themuse_api_call> on 2024-07-24 17:12:25.203382+00:00
[2024-07-24T17:12:31.654+0000] {standard_task_runner.py:64} INFO - Started process 1511 to run task
[2024-07-24T17:12:31.660+0000] {standard_task_runner.py:90} INFO - Running: ['airflow', 'tasks', 'run', 'raw_data_processing_pipeline', 'themuse_api_call', 'manual__2024-07-24T17:12:25.203382+00:00', '--job-id', '136', '--raw', '--subdir', 'DAGS_FOLDER/raw_data_processing_pipeline.py', '--cfg-path', '/tmp/tmphiqi9dpn']
[2024-07-24T17:12:31.661+0000] {standard_task_runner.py:91} INFO - Job 136: Subtask themuse_api_call
[2024-07-24T17:12:31.751+0000] {task_command.py:426} INFO - Running <TaskInstance: raw_data_processing_pipeline.themuse_api_call manual__2024-07-24T17:12:25.203382+00:00 [running]> on host e7d30dc62874
[2024-07-24T17:12:31.915+0000] {taskinstance.py:2648} INFO - Exporting env vars: AIRFLOW_CTX_DAG_OWNER='airflow' AIRFLOW_CTX_DAG_ID='raw_data_processing_pipeline' AIRFLOW_CTX_TASK_ID='themuse_api_call' AIRFLOW_CTX_EXECUTION_DATE='2024-07-24T17:12:25.203382+00:00' AIRFLOW_CTX_TRY_NUMBER='1' AIRFLOW_CTX_DAG_RUN_ID='manual__2024-07-24T17:12:25.203382+00:00'
[2024-07-24T17:12:31.917+0000] {taskinstance.py:430} INFO - ::endgroup::
[2024-07-24T17:12:37.365+0000] {logging_mixin.py:188} INFO - Saved to 'data/raw/themuse_jobs_part_1.csv': 200 jobs
[2024-07-24T17:12:42.619+0000] {logging_mixin.py:188} INFO - Saved to 'data/raw/themuse_jobs_part_2.csv': 200 jobs
[2024-07-24T17:12:48.421+0000] {logging_mixin.py:188} INFO - Saved to 'data/raw/themuse_jobs_part_3.csv': 200 jobs
[2024-07-24T17:12:54.359+0000] {logging_mixin.py:188} INFO - Saved to 'data/raw/themuse_jobs_part_4.csv': 200 jobs
[2024-07-24T17:13:00.187+0000] {logging_mixin.py:188} INFO - Saved to 'data/raw/themuse_jobs_part_5.csv': 200 jobs
[2024-07-24T17:13:06.154+0000] {logging_mixin.py:188} INFO - Saved to 'data/raw/themuse_jobs_part_6.csv': 200 jobs
[2024-07-24T17:13:10.515+0000] {logging_mixin.py:188} INFO - Saved to 'data/raw/themuse_jobs_part_7.csv': 200 jobs
[2024-07-24T17:13:14.861+0000] {logging_mixin.py:188} INFO - Saved to 'data/raw/themuse_jobs_part_8.csv': 200 jobs
[2024-07-24T17:13:21.163+0000] {logging_mixin.py:188} INFO - Saved to 'data/raw/themuse_jobs_part_9.csv': 200 jobs
[2024-07-24T17:13:25.175+0000] {logging_mixin.py:188} INFO - Saved to 'data/raw/themuse_jobs_part_10.csv': 200 jobs
[2024-07-24T17:13:25.363+0000] {logging_mixin.py:188} INFO - Error 400: Value `page` is too high
[2024-07-24T17:13:28.808+0000] {logging_mixin.py:188} INFO - Saved to 'data/raw/themuse_companies_part_1.csv': 200 companies
[2024-07-24T17:13:31.543+0000] {logging_mixin.py:188} INFO - Saved to 'data/raw/themuse_companies_part_2.csv': 200 companies
[2024-07-24T17:13:35.051+0000] {logging_mixin.py:188} INFO - Saved to 'data/raw/themuse_companies_part_3.csv': 200 companies
[2024-07-24T17:13:36.450+0000] {logging_mixin.py:188} INFO - Saved to 'data/raw/themuse_companies_part_4.csv': 94 companies
[2024-07-24T17:13:36.451+0000] {python.py:237} INFO - Done. Returned value was: None
[2024-07-24T17:13:36.452+0000] {taskinstance.py:441} INFO - ::group::Post task execution logs
[2024-07-24T17:13:36.471+0000] {taskinstance.py:1206} INFO - Marking task as SUCCESS. dag_id=raw_data_processing_pipeline, task_id=themuse_api_call, run_id=manual__2024-07-24T17:12:25.203382+00:00, execution_date=20240724T171225, start_date=20240724T171231, end_date=20240724T171336
[2024-07-24T17:13:36.518+0000] {local_task_job_runner.py:243} INFO - Task exited with return code 0
[2024-07-24T17:13:36.562+0000] {taskinstance.py:3503} INFO - 1 downstream tasks scheduled from follow-on schedule check
[2024-07-24T17:13:36.564+0000] {local_task_job_runner.py:222} INFO - ::endgroup::
