[2024-07-24T11:01:01.975+0000] {local_task_job_runner.py:120} INFO - ::group::Pre task execution logs
[2024-07-24T11:01:02.015+0000] {taskinstance.py:2076} INFO - Dependencies all met for dep_context=non-requeueable deps ti=<TaskInstance: raw_data_processing_pipeline.extract_from_raw_data scheduled__2024-07-24T10:01:00+00:00 [queued]>
[2024-07-24T11:01:02.027+0000] {taskinstance.py:2076} INFO - Dependencies all met for dep_context=requeueable deps ti=<TaskInstance: raw_data_processing_pipeline.extract_from_raw_data scheduled__2024-07-24T10:01:00+00:00 [queued]>
[2024-07-24T11:01:02.028+0000] {taskinstance.py:2306} INFO - Starting attempt 1 of 1
[2024-07-24T11:01:02.049+0000] {taskinstance.py:2330} INFO - Executing <Task(PythonOperator): extract_from_raw_data> on 2024-07-24 10:01:00+00:00
[2024-07-24T11:01:02.056+0000] {standard_task_runner.py:64} INFO - Started process 106015 to run task
[2024-07-24T11:01:02.062+0000] {standard_task_runner.py:90} INFO - Running: ['airflow', 'tasks', 'run', 'raw_data_processing_pipeline', 'extract_from_raw_data', 'scheduled__2024-07-24T10:01:00+00:00', '--job-id', '111', '--raw', '--subdir', 'DAGS_FOLDER/raw_data_processing_pipeline.py', '--cfg-path', '/tmp/tmp16hls4eh']
[2024-07-24T11:01:02.064+0000] {standard_task_runner.py:91} INFO - Job 111: Subtask extract_from_raw_data
[2024-07-24T11:01:02.156+0000] {task_command.py:426} INFO - Running <TaskInstance: raw_data_processing_pipeline.extract_from_raw_data scheduled__2024-07-24T10:01:00+00:00 [running]> on host 3f3ef3b72f68
[2024-07-24T11:01:02.335+0000] {taskinstance.py:2648} INFO - Exporting env vars: AIRFLOW_CTX_DAG_OWNER='airflow' AIRFLOW_CTX_DAG_ID='raw_data_processing_pipeline' AIRFLOW_CTX_TASK_ID='extract_from_raw_data' AIRFLOW_CTX_EXECUTION_DATE='2024-07-24T10:01:00+00:00' AIRFLOW_CTX_TRY_NUMBER='1' AIRFLOW_CTX_DAG_RUN_ID='scheduled__2024-07-24T10:01:00+00:00'
[2024-07-24T11:01:02.336+0000] {taskinstance.py:430} INFO - ::endgroup::
[2024-07-24T11:01:02.495+0000] {logging_mixin.py:188} INFO - Error decoding JSON: Expecting ',' delimiter: line 1 column 717 (char 716)
[2024-07-24T11:01:02.496+0000] {logging_mixin.py:188} INFO - Error decoding JSON: Expecting ',' delimiter: line 1 column 3207 (char 3206)
[2024-07-24T11:01:02.496+0000] {logging_mixin.py:188} INFO - Error decoding JSON: Expecting ',' delimiter: line 1 column 767 (char 766)
[2024-07-24T11:01:02.497+0000] {logging_mixin.py:188} INFO - Error decoding JSON: Expecting ',' delimiter: line 1 column 360 (char 359)
[2024-07-24T11:01:02.497+0000] {logging_mixin.py:188} INFO - Error decoding JSON: Expecting ',' delimiter: line 1 column 1806 (char 1805)
[2024-07-24T11:01:02.497+0000] {logging_mixin.py:188} INFO - Error decoding JSON: Expecting ',' delimiter: line 1 column 1212 (char 1211)
[2024-07-24T11:01:02.498+0000] {logging_mixin.py:188} INFO - Error decoding JSON: Expecting ',' delimiter: line 1 column 865 (char 864)
[2024-07-24T11:01:02.498+0000] {logging_mixin.py:188} INFO - Error decoding JSON: Expecting ',' delimiter: line 1 column 105 (char 104)
[2024-07-24T11:01:02.499+0000] {logging_mixin.py:188} INFO - Error decoding JSON: Expecting ',' delimiter: line 1 column 713 (char 712)
[2024-07-24T11:01:02.499+0000] {logging_mixin.py:188} INFO - Error decoding JSON: Expecting ',' delimiter: line 1 column 161 (char 160)
[2024-07-24T11:01:02.499+0000] {logging_mixin.py:188} INFO - Error decoding JSON: Expecting ',' delimiter: line 1 column 6209 (char 6208)
[2024-07-24T11:01:02.500+0000] {logging_mixin.py:188} INFO - Error decoding JSON: Expecting ',' delimiter: line 1 column 2232 (char 2231)
[2024-07-24T11:01:02.501+0000] {logging_mixin.py:188} INFO - Error decoding JSON: Expecting ',' delimiter: line 1 column 665 (char 664)
[2024-07-24T11:01:02.501+0000] {logging_mixin.py:188} INFO - Error decoding JSON: Expecting ',' delimiter: line 1 column 689 (char 688)
[2024-07-24T11:01:02.502+0000] {logging_mixin.py:188} INFO - Error decoding JSON: Expecting ',' delimiter: line 1 column 18 (char 17)
[2024-07-24T11:01:02.502+0000] {logging_mixin.py:188} INFO - Error decoding JSON: Expecting ',' delimiter: line 1 column 29 (char 28)
[2024-07-24T11:01:02.502+0000] {logging_mixin.py:188} INFO - Error decoding JSON: Expecting ',' delimiter: line 1 column 7821 (char 7820)
[2024-07-24T11:01:02.503+0000] {logging_mixin.py:188} INFO - Error decoding JSON: Expecting ',' delimiter: line 1 column 712 (char 711)
[2024-07-24T11:01:02.503+0000] {logging_mixin.py:188} INFO - Error decoding JSON: Expecting ',' delimiter: line 1 column 2386 (char 2385)
[2024-07-24T11:01:02.503+0000] {logging_mixin.py:188} INFO - Error decoding JSON: Expecting ',' delimiter: line 1 column 428 (char 427)
[2024-07-24T11:01:02.504+0000] {logging_mixin.py:188} INFO - Error decoding JSON: Expecting ',' delimiter: line 1 column 241 (char 240)
[2024-07-24T11:01:02.504+0000] {logging_mixin.py:188} INFO - Error decoding JSON: Expecting ',' delimiter: line 1 column 429 (char 428)
[2024-07-24T11:01:02.505+0000] {logging_mixin.py:188} INFO - Error decoding JSON: Expecting ',' delimiter: line 1 column 463 (char 462)
[2024-07-24T11:01:02.506+0000] {logging_mixin.py:188} INFO - Error decoding JSON: Expecting ',' delimiter: line 1 column 3655 (char 3654)
[2024-07-24T11:01:02.506+0000] {logging_mixin.py:188} INFO - Error decoding JSON: Expecting ',' delimiter: line 1 column 2895 (char 2894)
[2024-07-24T11:01:02.507+0000] {logging_mixin.py:188} INFO - Error decoding JSON: Expecting ',' delimiter: line 1 column 24 (char 23)
[2024-07-24T11:01:02.508+0000] {logging_mixin.py:188} INFO - Error decoding JSON: Expecting ',' delimiter: line 1 column 23 (char 22)
[2024-07-24T11:01:02.508+0000] {logging_mixin.py:188} INFO - Error decoding JSON: Expecting ',' delimiter: line 1 column 467 (char 466)
[2024-07-24T11:01:02.509+0000] {logging_mixin.py:188} INFO - Error decoding JSON: Expecting ',' delimiter: line 1 column 1252 (char 1251)
[2024-07-24T11:01:02.509+0000] {logging_mixin.py:188} INFO - Error decoding JSON: Expecting ',' delimiter: line 1 column 1568 (char 1567)
[2024-07-24T11:01:02.509+0000] {logging_mixin.py:188} INFO - Error decoding JSON: Expecting ',' delimiter: line 1 column 1566 (char 1565)
[2024-07-24T11:01:02.510+0000] {logging_mixin.py:188} INFO - Error decoding JSON: Expecting ',' delimiter: line 1 column 2257 (char 2256)
[2024-07-24T11:01:02.511+0000] {logging_mixin.py:188} INFO - Error decoding JSON: Expecting ',' delimiter: line 1 column 250 (char 249)
[2024-07-24T11:01:02.511+0000] {logging_mixin.py:188} INFO - Error decoding JSON: Expecting ',' delimiter: line 1 column 688 (char 687)
[2024-07-24T11:01:02.512+0000] {logging_mixin.py:188} INFO - Error decoding JSON: Expecting ',' delimiter: line 1 column 3039 (char 3038)
[2024-07-24T11:01:02.513+0000] {logging_mixin.py:188} INFO - Error decoding JSON: Expecting ',' delimiter: line 1 column 261 (char 260)
[2024-07-24T11:01:02.513+0000] {logging_mixin.py:188} INFO - Error decoding JSON: Expecting ',' delimiter: line 1 column 25 (char 24)
[2024-07-24T11:01:02.514+0000] {logging_mixin.py:188} INFO - Error decoding JSON: Expecting ',' delimiter: line 1 column 979 (char 978)
[2024-07-24T11:01:02.514+0000] {logging_mixin.py:188} INFO - Error decoding JSON: Expecting ',' delimiter: line 1 column 1958 (char 1957)
[2024-07-24T11:01:02.515+0000] {logging_mixin.py:188} INFO - Error decoding JSON: Expecting ',' delimiter: line 1 column 768 (char 767)
[2024-07-24T11:01:02.515+0000] {logging_mixin.py:188} INFO - Error decoding JSON: Expecting ',' delimiter: line 1 column 1520 (char 1519)
[2024-07-24T11:01:02.515+0000] {logging_mixin.py:188} INFO - Error decoding JSON: Expecting ',' delimiter: line 1 column 2408 (char 2407)
[2024-07-24T11:01:02.516+0000] {logging_mixin.py:188} INFO - Error decoding JSON: Expecting ',' delimiter: line 1 column 7131 (char 7130)
[2024-07-24T11:01:02.516+0000] {logging_mixin.py:188} INFO - Error decoding JSON: Expecting ',' delimiter: line 1 column 5509 (char 5508)
[2024-07-24T11:01:02.517+0000] {logging_mixin.py:188} INFO - Error decoding JSON: Expecting ',' delimiter: line 1 column 1093 (char 1092)
[2024-07-24T11:01:02.517+0000] {logging_mixin.py:188} INFO - Error decoding JSON: Expecting ',' delimiter: line 1 column 772 (char 771)
[2024-07-24T11:01:02.518+0000] {logging_mixin.py:188} INFO - Error decoding JSON: Expecting ',' delimiter: line 1 column 762 (char 761)
[2024-07-24T11:01:02.518+0000] {logging_mixin.py:188} INFO - Error decoding JSON: Expecting ',' delimiter: line 1 column 32 (char 31)
[2024-07-24T11:01:02.519+0000] {logging_mixin.py:188} INFO - Error decoding JSON: Expecting ',' delimiter: line 1 column 1985 (char 1984)
[2024-07-24T11:01:02.519+0000] {logging_mixin.py:188} INFO - Error decoding JSON: Expecting ',' delimiter: line 1 column 5715 (char 5714)
[2024-07-24T11:01:02.520+0000] {logging_mixin.py:188} INFO - Error decoding JSON: Expecting ',' delimiter: line 1 column 2894 (char 2893)
[2024-07-24T11:01:02.520+0000] {logging_mixin.py:188} INFO - Error decoding JSON: Expecting ',' delimiter: line 1 column 1639 (char 1638)
[2024-07-24T11:01:02.520+0000] {logging_mixin.py:188} INFO - Error decoding JSON: Expecting ',' delimiter: line 1 column 297 (char 296)
[2024-07-24T11:01:02.521+0000] {logging_mixin.py:188} INFO - Error decoding JSON: Expecting ',' delimiter: line 1 column 4895 (char 4894)
[2024-07-24T11:01:02.521+0000] {logging_mixin.py:188} INFO - Error decoding JSON: Expecting ',' delimiter: line 1 column 2745 (char 2744)
[2024-07-24T11:01:02.521+0000] {logging_mixin.py:188} INFO - Error decoding JSON: Expecting ',' delimiter: line 1 column 4036 (char 4035)
[2024-07-24T11:01:02.522+0000] {logging_mixin.py:188} INFO - Error decoding JSON: Expecting ',' delimiter: line 1 column 2028 (char 2027)
[2024-07-24T11:01:02.522+0000] {logging_mixin.py:188} INFO - Error decoding JSON: Expecting ',' delimiter: line 1 column 33 (char 32)
[2024-07-24T11:01:02.522+0000] {logging_mixin.py:188} INFO - Error decoding JSON: Expecting ',' delimiter: line 1 column 37 (char 36)
[2024-07-24T11:01:02.523+0000] {logging_mixin.py:188} INFO - Error decoding JSON: Expecting ',' delimiter: line 1 column 3971 (char 3970)
[2024-07-24T11:01:02.523+0000] {logging_mixin.py:188} INFO - Error decoding JSON: Expecting ',' delimiter: line 1 column 284 (char 283)
[2024-07-24T11:01:02.524+0000] {logging_mixin.py:188} INFO - Error decoding JSON: Expecting ',' delimiter: line 1 column 188 (char 187)
[2024-07-24T11:01:02.525+0000] {logging_mixin.py:188} INFO - Error decoding JSON: Expecting ',' delimiter: line 1 column 36 (char 35)
[2024-07-24T11:01:02.525+0000] {logging_mixin.py:188} INFO - Error decoding JSON: Invalid \escape: line 1 column 2378 (char 2377)
[2024-07-24T11:01:02.525+0000] {logging_mixin.py:188} INFO - Error decoding JSON: Expecting ',' delimiter: line 1 column 1356 (char 1355)
[2024-07-24T11:01:02.526+0000] {logging_mixin.py:188} INFO - Error decoding JSON: Expecting ',' delimiter: line 1 column 1161 (char 1160)
[2024-07-24T11:01:02.526+0000] {logging_mixin.py:188} INFO - Error decoding JSON: Expecting ',' delimiter: line 1 column 767 (char 766)
[2024-07-24T11:01:02.526+0000] {logging_mixin.py:188} INFO - Error decoding JSON: Expecting ',' delimiter: line 1 column 4872 (char 4871)
[2024-07-24T11:01:02.527+0000] {logging_mixin.py:188} INFO - Error decoding JSON: Expecting ',' delimiter: line 1 column 6464 (char 6463)
[2024-07-24T11:01:02.528+0000] {logging_mixin.py:188} INFO - Error decoding JSON: Expecting ',' delimiter: line 1 column 1527 (char 1526)
[2024-07-24T11:01:02.529+0000] {logging_mixin.py:188} INFO - Error decoding JSON: Expecting ',' delimiter: line 1 column 2073 (char 2072)
[2024-07-24T11:01:02.529+0000] {logging_mixin.py:188} INFO - Error decoding JSON: Expecting ',' delimiter: line 1 column 419 (char 418)
[2024-07-24T11:01:02.532+0000] {logging_mixin.py:188} INFO - Error decoding JSON: Expecting ',' delimiter: line 1 column 2887 (char 2886)
[2024-07-24T11:01:02.532+0000] {logging_mixin.py:188} INFO - Error decoding JSON: Expecting ',' delimiter: line 1 column 3805 (char 3804)
[2024-07-24T11:01:02.533+0000] {logging_mixin.py:188} INFO - Error decoding JSON: Expecting ',' delimiter: line 1 column 180 (char 179)
[2024-07-24T11:01:02.534+0000] {logging_mixin.py:188} INFO - Error decoding JSON: Expecting ',' delimiter: line 1 column 32 (char 31)
[2024-07-24T11:01:02.534+0000] {logging_mixin.py:188} INFO - Error decoding JSON: Expecting ',' delimiter: line 1 column 1044 (char 1043)
[2024-07-24T11:01:02.535+0000] {logging_mixin.py:188} INFO - Error decoding JSON: Expecting ',' delimiter: line 1 column 2070 (char 2069)
[2024-07-24T11:01:02.535+0000] {logging_mixin.py:188} INFO - Error decoding JSON: Expecting ',' delimiter: line 1 column 933 (char 932)
[2024-07-24T11:01:02.535+0000] {logging_mixin.py:188} INFO - Error decoding JSON: Expecting ',' delimiter: line 1 column 1306 (char 1305)
[2024-07-24T11:01:02.536+0000] {logging_mixin.py:188} INFO - Error decoding JSON: Expecting ',' delimiter: line 1 column 2612 (char 2611)
[2024-07-24T11:01:02.536+0000] {logging_mixin.py:188} INFO - Error decoding JSON: Expecting ',' delimiter: line 1 column 2004 (char 2003)
[2024-07-24T11:01:02.536+0000] {logging_mixin.py:188} INFO - Error decoding JSON: Expecting ',' delimiter: line 1 column 851 (char 850)
[2024-07-24T11:01:02.537+0000] {logging_mixin.py:188} INFO - Error decoding JSON: Expecting ',' delimiter: line 1 column 3420 (char 3419)
[2024-07-24T11:01:02.538+0000] {logging_mixin.py:188} INFO - Error decoding JSON: Expecting ',' delimiter: line 1 column 3655 (char 3654)
[2024-07-24T11:01:02.538+0000] {logging_mixin.py:188} INFO - Error decoding JSON: Expecting ',' delimiter: line 1 column 5220 (char 5219)
[2024-07-24T11:01:02.539+0000] {logging_mixin.py:188} INFO - Error decoding JSON: Expecting ',' delimiter: line 1 column 222 (char 221)
[2024-07-24T11:01:02.540+0000] {logging_mixin.py:188} INFO - Error decoding JSON: Expecting ',' delimiter: line 1 column 2440 (char 2439)
[2024-07-24T11:01:02.540+0000] {logging_mixin.py:188} INFO - Error decoding JSON: Expecting ',' delimiter: line 1 column 896 (char 895)
[2024-07-24T11:01:02.737+0000] {logging_mixin.py:188} INFO - Error decoding JSON: Expecting ',' delimiter: line 1 column 1097 (char 1096)
[2024-07-24T11:01:02.738+0000] {logging_mixin.py:188} INFO - Error decoding JSON: Expecting ',' delimiter: line 1 column 332 (char 331)
[2024-07-24T11:01:02.739+0000] {logging_mixin.py:188} INFO - Error decoding JSON: Expecting ',' delimiter: line 1 column 1236 (char 1235)
[2024-07-24T11:01:02.739+0000] {logging_mixin.py:188} INFO - Error decoding JSON: Expecting ',' delimiter: line 1 column 1018 (char 1017)
[2024-07-24T11:01:02.739+0000] {logging_mixin.py:188} INFO - Error decoding JSON: Expecting ',' delimiter: line 1 column 19 (char 18)
[2024-07-24T11:01:02.740+0000] {logging_mixin.py:188} INFO - Error decoding JSON: Expecting ',' delimiter: line 1 column 1031 (char 1030)
[2024-07-24T11:01:02.740+0000] {logging_mixin.py:188} INFO - Error decoding JSON: Expecting ',' delimiter: line 1 column 2586 (char 2585)
[2024-07-24T11:01:02.741+0000] {logging_mixin.py:188} INFO - Error decoding JSON: Expecting ',' delimiter: line 1 column 2414 (char 2413)
[2024-07-24T11:01:02.742+0000] {logging_mixin.py:188} INFO - Error decoding JSON: Expecting ',' delimiter: line 1 column 209 (char 208)
[2024-07-24T11:01:02.742+0000] {logging_mixin.py:188} INFO - Error decoding JSON: Expecting ',' delimiter: line 1 column 1899 (char 1898)
[2024-07-24T11:01:02.743+0000] {logging_mixin.py:188} INFO - Error decoding JSON: Expecting ',' delimiter: line 1 column 9265 (char 9264)
[2024-07-24T11:01:02.743+0000] {logging_mixin.py:188} INFO - Error decoding JSON: Expecting ',' delimiter: line 1 column 904 (char 903)
[2024-07-24T11:01:02.744+0000] {logging_mixin.py:188} INFO - Error decoding JSON: Expecting ',' delimiter: line 1 column 389 (char 388)
[2024-07-24T11:01:02.745+0000] {logging_mixin.py:188} INFO - Error decoding JSON: Expecting ',' delimiter: line 1 column 289 (char 288)
[2024-07-24T11:01:02.745+0000] {logging_mixin.py:188} INFO - Error decoding JSON: Expecting ',' delimiter: line 1 column 588 (char 587)
[2024-07-24T11:01:02.746+0000] {logging_mixin.py:188} INFO - Error decoding JSON: Expecting ',' delimiter: line 1 column 895 (char 894)
[2024-07-24T11:01:02.746+0000] {logging_mixin.py:188} INFO - Error decoding JSON: Expecting ',' delimiter: line 1 column 2497 (char 2496)
[2024-07-24T11:01:02.746+0000] {logging_mixin.py:188} INFO - Error decoding JSON: Expecting ',' delimiter: line 1 column 526 (char 525)
[2024-07-24T11:01:02.747+0000] {logging_mixin.py:188} INFO - Error decoding JSON: Expecting ',' delimiter: line 1 column 5576 (char 5575)
[2024-07-24T11:01:02.748+0000] {logging_mixin.py:188} INFO - Error decoding JSON: Expecting ',' delimiter: line 1 column 348 (char 347)
[2024-07-24T11:01:02.749+0000] {logging_mixin.py:188} INFO - Error decoding JSON: Expecting ',' delimiter: line 1 column 243 (char 242)
[2024-07-24T11:01:02.750+0000] {logging_mixin.py:188} INFO - Error decoding JSON: Expecting ',' delimiter: line 1 column 2417 (char 2416)
[2024-07-24T11:01:02.751+0000] {logging_mixin.py:188} INFO - Error decoding JSON: Expecting ',' delimiter: line 1 column 284 (char 283)
[2024-07-24T11:01:02.751+0000] {logging_mixin.py:188} INFO - Error decoding JSON: Expecting ',' delimiter: line 1 column 171 (char 170)
[2024-07-24T11:01:02.752+0000] {logging_mixin.py:188} INFO - Error decoding JSON: Expecting ',' delimiter: line 1 column 541 (char 540)
[2024-07-24T11:01:02.752+0000] {logging_mixin.py:188} INFO - Error decoding JSON: Expecting ',' delimiter: line 1 column 134 (char 133)
[2024-07-24T11:01:02.753+0000] {logging_mixin.py:188} INFO - Error decoding JSON: Expecting ',' delimiter: line 1 column 738 (char 737)
[2024-07-24T11:01:02.754+0000] {logging_mixin.py:188} INFO - Error decoding JSON: Expecting ',' delimiter: line 1 column 128 (char 127)
[2024-07-24T11:01:02.754+0000] {logging_mixin.py:188} INFO - Error decoding JSON: Expecting ',' delimiter: line 1 column 2011 (char 2010)
[2024-07-24T11:01:02.754+0000] {logging_mixin.py:188} INFO - Error decoding JSON: Expecting ',' delimiter: line 1 column 1680 (char 1679)
[2024-07-24T11:01:02.754+0000] {logging_mixin.py:188} INFO - Error decoding JSON: Expecting ',' delimiter: line 1 column 3278 (char 3277)
[2024-07-24T11:01:02.755+0000] {logging_mixin.py:188} INFO - Error decoding JSON: Expecting ',' delimiter: line 1 column 214 (char 213)
[2024-07-24T11:01:02.756+0000] {logging_mixin.py:188} INFO - Error decoding JSON: Expecting ',' delimiter: line 1 column 739 (char 738)
[2024-07-24T11:01:02.756+0000] {logging_mixin.py:188} INFO - Error decoding JSON: Expecting ',' delimiter: line 1 column 1886 (char 1885)
[2024-07-24T11:01:02.757+0000] {logging_mixin.py:188} INFO - Error decoding JSON: Expecting ',' delimiter: line 1 column 2074 (char 2073)
[2024-07-24T11:01:02.757+0000] {logging_mixin.py:188} INFO - Error decoding JSON: Expecting ',' delimiter: line 1 column 988 (char 987)
[2024-07-24T11:01:02.757+0000] {logging_mixin.py:188} INFO - Error decoding JSON: Expecting ',' delimiter: line 1 column 1852 (char 1851)
[2024-07-24T11:01:02.758+0000] {logging_mixin.py:188} INFO - Error decoding JSON: Expecting ',' delimiter: line 1 column 201 (char 200)
[2024-07-24T11:01:02.758+0000] {logging_mixin.py:188} INFO - Error decoding JSON: Expecting ',' delimiter: line 1 column 16 (char 15)
[2024-07-24T11:01:02.759+0000] {logging_mixin.py:188} INFO - Error decoding JSON: Expecting ',' delimiter: line 1 column 23 (char 22)
[2024-07-24T11:01:02.759+0000] {logging_mixin.py:188} INFO - Error decoding JSON: Expecting ',' delimiter: line 1 column 1293 (char 1292)
[2024-07-24T11:01:02.760+0000] {logging_mixin.py:188} INFO - Error decoding JSON: Expecting ',' delimiter: line 1 column 33 (char 32)
[2024-07-24T11:01:02.761+0000] {logging_mixin.py:188} INFO - Error decoding JSON: Expecting ',' delimiter: line 1 column 5571 (char 5570)
[2024-07-24T11:01:02.761+0000] {logging_mixin.py:188} INFO - Error decoding JSON: Expecting ',' delimiter: line 1 column 29 (char 28)
[2024-07-24T11:01:02.762+0000] {logging_mixin.py:188} INFO - Error decoding JSON: Expecting ',' delimiter: line 1 column 627 (char 626)
[2024-07-24T11:01:02.762+0000] {logging_mixin.py:188} INFO - Error decoding JSON: Expecting ',' delimiter: line 1 column 3027 (char 3026)
[2024-07-24T11:01:02.763+0000] {logging_mixin.py:188} INFO - Error decoding JSON: Expecting ',' delimiter: line 1 column 939 (char 938)
[2024-07-24T11:01:02.764+0000] {logging_mixin.py:188} INFO - Error decoding JSON: Expecting ',' delimiter: line 1 column 154 (char 153)
[2024-07-24T11:01:02.764+0000] {logging_mixin.py:188} INFO - Error decoding JSON: Expecting ',' delimiter: line 1 column 4876 (char 4875)
[2024-07-24T11:01:02.764+0000] {logging_mixin.py:188} INFO - Error decoding JSON: Expecting ',' delimiter: line 1 column 1584 (char 1583)
[2024-07-24T11:01:02.765+0000] {logging_mixin.py:188} INFO - Error decoding JSON: Expecting ',' delimiter: line 1 column 19 (char 18)
[2024-07-24T11:01:02.766+0000] {logging_mixin.py:188} INFO - Error decoding JSON: Expecting ',' delimiter: line 1 column 1845 (char 1844)
[2024-07-24T11:01:02.766+0000] {logging_mixin.py:188} INFO - Error decoding JSON: Expecting ',' delimiter: line 1 column 4527 (char 4526)
[2024-07-24T11:01:02.766+0000] {logging_mixin.py:188} INFO - Error decoding JSON: Expecting ',' delimiter: line 1 column 1877 (char 1876)
[2024-07-24T11:01:02.767+0000] {logging_mixin.py:188} INFO - Error decoding JSON: Expecting ',' delimiter: line 1 column 2351 (char 2350)
[2024-07-24T11:01:02.767+0000] {logging_mixin.py:188} INFO - Error decoding JSON: Expecting ',' delimiter: line 1 column 1781 (char 1780)
[2024-07-24T11:01:02.768+0000] {logging_mixin.py:188} INFO - Error decoding JSON: Expecting ',' delimiter: line 1 column 8620 (char 8619)
[2024-07-24T11:01:02.769+0000] {logging_mixin.py:188} INFO - Error decoding JSON: Expecting ',' delimiter: line 1 column 2801 (char 2800)
[2024-07-24T11:01:02.769+0000] {logging_mixin.py:188} INFO - Error decoding JSON: Expecting ',' delimiter: line 1 column 23 (char 22)
[2024-07-24T11:01:02.770+0000] {logging_mixin.py:188} INFO - Error decoding JSON: Expecting ',' delimiter: line 1 column 289 (char 288)
[2024-07-24T11:01:02.770+0000] {logging_mixin.py:188} INFO - Error decoding JSON: Expecting ',' delimiter: line 1 column 8391 (char 8390)
[2024-07-24T11:01:02.772+0000] {logging_mixin.py:188} INFO - Error decoding JSON: Expecting ',' delimiter: line 1 column 130 (char 129)
[2024-07-24T11:01:02.773+0000] {logging_mixin.py:188} INFO - Error decoding JSON: Expecting ',' delimiter: line 1 column 5774 (char 5773)
[2024-07-24T11:01:02.774+0000] {logging_mixin.py:188} INFO - Error decoding JSON: Expecting ',' delimiter: line 1 column 8853 (char 8852)
[2024-07-24T11:01:02.774+0000] {logging_mixin.py:188} INFO - Error decoding JSON: Expecting ',' delimiter: line 1 column 3224 (char 3223)
[2024-07-24T11:01:02.775+0000] {logging_mixin.py:188} INFO - Error decoding JSON: Expecting ',' delimiter: line 1 column 19 (char 18)
[2024-07-24T11:01:02.776+0000] {logging_mixin.py:188} INFO - Error decoding JSON: Expecting ',' delimiter: line 1 column 118 (char 117)
[2024-07-24T11:01:02.776+0000] {logging_mixin.py:188} INFO - Error decoding JSON: Expecting ',' delimiter: line 1 column 154 (char 153)
[2024-07-24T11:01:02.777+0000] {logging_mixin.py:188} INFO - Error decoding JSON: Expecting ',' delimiter: line 1 column 3115 (char 3114)
[2024-07-24T11:01:02.777+0000] {logging_mixin.py:188} INFO - Error decoding JSON: Expecting ',' delimiter: line 1 column 777 (char 776)
[2024-07-24T11:01:02.778+0000] {logging_mixin.py:188} INFO - Error decoding JSON: Expecting ',' delimiter: line 1 column 7092 (char 7091)
[2024-07-24T11:01:02.778+0000] {logging_mixin.py:188} INFO - Error decoding JSON: Expecting ',' delimiter: line 1 column 129 (char 128)
[2024-07-24T11:01:02.779+0000] {logging_mixin.py:188} INFO - Error decoding JSON: Expecting ',' delimiter: line 1 column 16 (char 15)
[2024-07-24T11:01:02.779+0000] {logging_mixin.py:188} INFO - Error decoding JSON: Expecting ',' delimiter: line 1 column 2956 (char 2955)
[2024-07-24T11:01:02.780+0000] {logging_mixin.py:188} INFO - Error decoding JSON: Expecting ',' delimiter: line 1 column 412 (char 411)
[2024-07-24T11:01:02.780+0000] {logging_mixin.py:188} INFO - Error decoding JSON: Expecting ',' delimiter: line 1 column 1499 (char 1498)
[2024-07-24T11:01:02.781+0000] {logging_mixin.py:188} INFO - Error decoding JSON: Expecting ',' delimiter: line 1 column 1599 (char 1598)
[2024-07-24T11:01:02.783+0000] {logging_mixin.py:188} INFO - Error decoding JSON: Expecting ',' delimiter: line 1 column 162 (char 161)
[2024-07-24T11:01:02.784+0000] {logging_mixin.py:188} INFO - Error decoding JSON: Expecting ',' delimiter: line 1 column 555 (char 554)
[2024-07-24T11:01:02.784+0000] {logging_mixin.py:188} INFO - Error decoding JSON: Expecting ',' delimiter: line 1 column 645 (char 644)
[2024-07-24T11:01:02.784+0000] {logging_mixin.py:188} INFO - Error decoding JSON: Expecting ',' delimiter: line 1 column 106 (char 105)
[2024-07-24T11:01:02.785+0000] {logging_mixin.py:188} INFO - Error decoding JSON: Expecting ',' delimiter: line 1 column 182 (char 181)
[2024-07-24T11:01:02.785+0000] {logging_mixin.py:188} INFO - Error decoding JSON: Expecting ',' delimiter: line 1 column 164 (char 163)
[2024-07-24T11:01:02.785+0000] {logging_mixin.py:188} INFO - Error decoding JSON: Expecting ',' delimiter: line 1 column 22 (char 21)
[2024-07-24T11:01:02.785+0000] {logging_mixin.py:188} INFO - Error decoding JSON: Expecting ',' delimiter: line 1 column 491 (char 490)
[2024-07-24T11:01:02.786+0000] {logging_mixin.py:188} INFO - Error decoding JSON: Expecting ',' delimiter: line 1 column 234 (char 233)
[2024-07-24T11:01:02.786+0000] {logging_mixin.py:188} INFO - Error decoding JSON: Expecting ',' delimiter: line 1 column 227 (char 226)
[2024-07-24T11:01:02.786+0000] {logging_mixin.py:188} INFO - Error decoding JSON: Expecting ',' delimiter: line 1 column 20 (char 19)
[2024-07-24T11:01:02.787+0000] {logging_mixin.py:188} INFO - Error decoding JSON: Expecting ',' delimiter: line 1 column 22 (char 21)
[2024-07-24T11:01:02.787+0000] {logging_mixin.py:188} INFO - Error decoding JSON: Expecting ',' delimiter: line 1 column 443 (char 442)
[2024-07-24T11:01:02.787+0000] {logging_mixin.py:188} INFO - Error decoding JSON: Expecting ',' delimiter: line 1 column 270 (char 269)
[2024-07-24T11:01:02.788+0000] {logging_mixin.py:188} INFO - Error decoding JSON: Expecting ',' delimiter: line 1 column 261 (char 260)
[2024-07-24T11:01:02.788+0000] {logging_mixin.py:188} INFO - Error decoding JSON: Expecting ',' delimiter: line 1 column 295 (char 294)
[2024-07-24T11:01:02.788+0000] {logging_mixin.py:188} INFO - Error decoding JSON: Expecting ',' delimiter: line 1 column 20 (char 19)
[2024-07-24T11:01:02.788+0000] {logging_mixin.py:188} INFO - Error decoding JSON: Expecting ',' delimiter: line 1 column 403 (char 402)
[2024-07-24T11:01:02.789+0000] {logging_mixin.py:188} INFO - Error decoding JSON: Expecting ',' delimiter: line 1 column 289 (char 288)
[2024-07-24T11:01:02.789+0000] {logging_mixin.py:188} INFO - Error decoding JSON: Expecting ',' delimiter: line 1 column 535 (char 534)
[2024-07-24T11:01:02.790+0000] {logging_mixin.py:188} INFO - Error decoding JSON: Expecting ',' delimiter: line 1 column 18 (char 17)
[2024-07-24T11:01:02.790+0000] {logging_mixin.py:188} INFO - Error decoding JSON: Expecting ',' delimiter: line 1 column 22 (char 21)
[2024-07-24T11:01:02.790+0000] {logging_mixin.py:188} INFO - Error decoding JSON: Expecting ',' delimiter: line 1 column 22 (char 21)
[2024-07-24T11:01:02.790+0000] {logging_mixin.py:188} INFO - Error decoding JSON: Expecting ',' delimiter: line 1 column 266 (char 265)
[2024-07-24T11:01:02.791+0000] {logging_mixin.py:188} INFO - Error decoding JSON: Expecting ',' delimiter: line 1 column 22 (char 21)
[2024-07-24T11:01:02.791+0000] {logging_mixin.py:188} INFO - Error decoding JSON: Expecting ',' delimiter: line 1 column 307 (char 306)
[2024-07-24T11:01:02.791+0000] {logging_mixin.py:188} INFO - Error decoding JSON: Expecting ',' delimiter: line 1 column 250 (char 249)
[2024-07-24T11:01:02.792+0000] {logging_mixin.py:188} INFO - Error decoding JSON: Expecting ',' delimiter: line 1 column 22 (char 21)
[2024-07-24T11:01:02.792+0000] {logging_mixin.py:188} INFO - Error decoding JSON: Expecting ',' delimiter: line 1 column 22 (char 21)
[2024-07-24T11:01:02.793+0000] {logging_mixin.py:188} INFO - Error decoding JSON: Expecting ',' delimiter: line 1 column 587 (char 586)
[2024-07-24T11:01:02.793+0000] {logging_mixin.py:188} INFO - Error decoding JSON: Expecting ',' delimiter: line 1 column 389 (char 388)
[2024-07-24T11:01:02.793+0000] {logging_mixin.py:188} INFO - Error decoding JSON: Expecting ',' delimiter: line 1 column 242 (char 241)
[2024-07-24T11:01:02.794+0000] {logging_mixin.py:188} INFO - Error decoding JSON: Expecting ',' delimiter: line 1 column 22 (char 21)
[2024-07-24T11:01:02.794+0000] {logging_mixin.py:188} INFO - Error decoding JSON: Expecting ',' delimiter: line 1 column 402 (char 401)
[2024-07-24T11:01:02.794+0000] {logging_mixin.py:188} INFO - Error decoding JSON: Expecting ',' delimiter: line 1 column 266 (char 265)
[2024-07-24T11:01:02.794+0000] {logging_mixin.py:188} INFO - Error decoding JSON: Expecting ',' delimiter: line 1 column 23 (char 22)
[2024-07-24T11:01:02.795+0000] {logging_mixin.py:188} INFO - Error decoding JSON: Expecting ',' delimiter: line 1 column 22 (char 21)
[2024-07-24T11:01:02.795+0000] {logging_mixin.py:188} INFO - Error decoding JSON: Expecting ',' delimiter: line 1 column 23 (char 22)
[2024-07-24T11:01:02.795+0000] {logging_mixin.py:188} INFO - Error decoding JSON: Expecting ',' delimiter: line 1 column 22 (char 21)
[2024-07-24T11:01:02.796+0000] {logging_mixin.py:188} INFO - Error decoding JSON: Expecting ',' delimiter: line 1 column 316 (char 315)
[2024-07-24T11:01:02.796+0000] {logging_mixin.py:188} INFO - Error decoding JSON: Expecting ',' delimiter: line 1 column 23 (char 22)
[2024-07-24T11:01:02.796+0000] {logging_mixin.py:188} INFO - Error decoding JSON: Expecting ',' delimiter: line 1 column 142 (char 141)
[2024-07-24T11:01:02.796+0000] {logging_mixin.py:188} INFO - Error decoding JSON: Expecting ',' delimiter: line 1 column 22 (char 21)
[2024-07-24T11:01:02.797+0000] {logging_mixin.py:188} INFO - Error decoding JSON: Expecting ',' delimiter: line 1 column 22 (char 21)
[2024-07-24T11:01:02.797+0000] {logging_mixin.py:188} INFO - Error decoding JSON: Expecting ',' delimiter: line 1 column 496 (char 495)
[2024-07-24T11:01:02.797+0000] {logging_mixin.py:188} INFO - Error decoding JSON: Expecting ',' delimiter: line 1 column 278 (char 277)
[2024-07-24T11:01:02.797+0000] {logging_mixin.py:188} INFO - Error decoding JSON: Expecting ',' delimiter: line 1 column 22 (char 21)
[2024-07-24T11:01:02.798+0000] {logging_mixin.py:188} INFO - Error decoding JSON: Expecting ',' delimiter: line 1 column 22 (char 21)
[2024-07-24T11:01:02.798+0000] {logging_mixin.py:188} INFO - Error decoding JSON: Expecting ',' delimiter: line 1 column 484 (char 483)
[2024-07-24T11:01:02.798+0000] {logging_mixin.py:188} INFO - Error decoding JSON: Expecting ',' delimiter: line 1 column 307 (char 306)
[2024-07-24T11:01:02.799+0000] {logging_mixin.py:188} INFO - Error decoding JSON: Expecting ',' delimiter: line 1 column 146 (char 145)
[2024-07-24T11:01:02.799+0000] {logging_mixin.py:188} INFO - Error decoding JSON: Expecting ',' delimiter: line 1 column 681 (char 680)
[2024-07-24T11:01:02.799+0000] {logging_mixin.py:188} INFO - Error decoding JSON: Expecting ',' delimiter: line 1 column 23 (char 22)
[2024-07-24T11:01:02.800+0000] {logging_mixin.py:188} INFO - Error decoding JSON: Expecting ',' delimiter: line 1 column 486 (char 485)
[2024-07-24T11:01:02.800+0000] {logging_mixin.py:188} INFO - Error decoding JSON: Expecting ',' delimiter: line 1 column 20 (char 19)
[2024-07-24T11:01:02.800+0000] {logging_mixin.py:188} INFO - Error decoding JSON: Expecting ',' delimiter: line 1 column 178 (char 177)
[2024-07-24T11:01:02.801+0000] {logging_mixin.py:188} INFO - Error decoding JSON: Expecting ',' delimiter: line 1 column 543 (char 542)
[2024-07-24T11:01:02.801+0000] {logging_mixin.py:188} INFO - Error decoding JSON: Expecting ',' delimiter: line 1 column 22 (char 21)
[2024-07-24T11:01:02.802+0000] {logging_mixin.py:188} INFO - Error decoding JSON: Expecting ',' delimiter: line 1 column 20 (char 19)
[2024-07-24T11:01:02.802+0000] {logging_mixin.py:188} INFO - Error decoding JSON: Expecting ',' delimiter: line 1 column 22 (char 21)
[2024-07-24T11:01:02.802+0000] {logging_mixin.py:188} INFO - Error decoding JSON: Expecting ',' delimiter: line 1 column 283 (char 282)
[2024-07-24T11:01:02.803+0000] {logging_mixin.py:188} INFO - Error decoding JSON: Expecting ',' delimiter: line 1 column 378 (char 377)
[2024-07-24T11:01:02.803+0000] {logging_mixin.py:188} INFO - Error decoding JSON: Expecting ',' delimiter: line 1 column 107 (char 106)
[2024-07-24T11:01:02.803+0000] {logging_mixin.py:188} INFO - Error decoding JSON: Expecting ',' delimiter: line 1 column 280 (char 279)
[2024-07-24T11:01:02.804+0000] {logging_mixin.py:188} INFO - Error decoding JSON: Expecting ',' delimiter: line 1 column 148 (char 147)
[2024-07-24T11:01:02.804+0000] {logging_mixin.py:188} INFO - Error decoding JSON: Expecting ',' delimiter: line 1 column 22 (char 21)
[2024-07-24T11:01:02.804+0000] {logging_mixin.py:188} INFO - Error decoding JSON: Expecting ',' delimiter: line 1 column 22 (char 21)
[2024-07-24T11:01:02.805+0000] {logging_mixin.py:188} INFO - Error decoding JSON: Expecting ',' delimiter: line 1 column 222 (char 221)
[2024-07-24T11:01:02.805+0000] {logging_mixin.py:188} INFO - Error decoding JSON: Expecting ',' delimiter: line 1 column 20 (char 19)
[2024-07-24T11:01:02.806+0000] {logging_mixin.py:188} INFO - Error decoding JSON: Expecting ',' delimiter: line 1 column 789 (char 788)
[2024-07-24T11:01:02.806+0000] {logging_mixin.py:188} INFO - Error decoding JSON: Expecting ',' delimiter: line 1 column 22 (char 21)
[2024-07-24T11:01:02.806+0000] {logging_mixin.py:188} INFO - Error decoding JSON: Expecting ',' delimiter: line 1 column 23 (char 22)
[2024-07-24T11:01:02.807+0000] {logging_mixin.py:188} INFO - Error decoding JSON: Expecting ',' delimiter: line 1 column 22 (char 21)
[2024-07-24T11:01:02.807+0000] {logging_mixin.py:188} INFO - Error decoding JSON: Expecting ',' delimiter: line 1 column 22 (char 21)
[2024-07-24T11:01:02.807+0000] {logging_mixin.py:188} INFO - Error decoding JSON: Expecting ',' delimiter: line 1 column 521 (char 520)
[2024-07-24T11:01:02.807+0000] {logging_mixin.py:188} INFO - Error decoding JSON: Expecting ',' delimiter: line 1 column 20 (char 19)
[2024-07-24T11:01:02.808+0000] {logging_mixin.py:188} INFO - Error decoding JSON: Expecting ',' delimiter: line 1 column 20 (char 19)
[2024-07-24T11:01:02.808+0000] {logging_mixin.py:188} INFO - Error decoding JSON: Expecting ',' delimiter: line 1 column 412 (char 411)
[2024-07-24T11:01:02.808+0000] {logging_mixin.py:188} INFO - Error decoding JSON: Expecting ',' delimiter: line 1 column 20 (char 19)
[2024-07-24T11:01:02.808+0000] {logging_mixin.py:188} INFO - Error decoding JSON: Expecting ',' delimiter: line 1 column 22 (char 21)
[2024-07-24T11:01:02.809+0000] {logging_mixin.py:188} INFO - Error decoding JSON: Expecting ',' delimiter: line 1 column 22 (char 21)
[2024-07-24T11:01:02.809+0000] {logging_mixin.py:188} INFO - Error decoding JSON: Expecting ',' delimiter: line 1 column 642 (char 641)
[2024-07-24T11:01:02.809+0000] {logging_mixin.py:188} INFO - Error decoding JSON: Expecting ',' delimiter: line 1 column 22 (char 21)
[2024-07-24T11:01:02.810+0000] {logging_mixin.py:188} INFO - Error decoding JSON: Expecting ',' delimiter: line 1 column 23 (char 22)
[2024-07-24T11:01:02.810+0000] {logging_mixin.py:188} INFO - Error decoding JSON: Expecting ',' delimiter: line 1 column 506 (char 505)
[2024-07-24T11:01:02.811+0000] {logging_mixin.py:188} INFO - Error decoding JSON: Expecting ',' delimiter: line 1 column 22 (char 21)
[2024-07-24T11:01:02.811+0000] {logging_mixin.py:188} INFO - Error decoding JSON: Expecting ',' delimiter: line 1 column 23 (char 22)
[2024-07-24T11:01:02.811+0000] {logging_mixin.py:188} INFO - Error decoding JSON: Expecting ',' delimiter: line 1 column 22 (char 21)
[2024-07-24T11:01:02.811+0000] {logging_mixin.py:188} INFO - Error decoding JSON: Expecting ',' delimiter: line 1 column 329 (char 328)
[2024-07-24T11:01:02.812+0000] {logging_mixin.py:188} INFO - Error decoding JSON: Expecting ',' delimiter: line 1 column 22 (char 21)
[2024-07-24T11:01:02.812+0000] {logging_mixin.py:188} INFO - Error decoding JSON: Expecting ',' delimiter: line 1 column 282 (char 281)
[2024-07-24T11:01:02.813+0000] {logging_mixin.py:188} INFO - Error decoding JSON: Expecting ',' delimiter: line 1 column 66 (char 65)
[2024-07-24T11:01:02.813+0000] {logging_mixin.py:188} INFO - Error decoding JSON: Expecting ',' delimiter: line 1 column 23 (char 22)
[2024-07-24T11:01:02.813+0000] {logging_mixin.py:188} INFO - Error decoding JSON: Expecting ',' delimiter: line 1 column 20 (char 19)
[2024-07-24T11:01:02.813+0000] {logging_mixin.py:188} INFO - Error decoding JSON: Expecting ',' delimiter: line 1 column 22 (char 21)
[2024-07-24T11:01:02.814+0000] {logging_mixin.py:188} INFO - Error decoding JSON: Expecting ',' delimiter: line 1 column 20 (char 19)
[2024-07-24T11:01:02.814+0000] {logging_mixin.py:188} INFO - Error decoding JSON: Expecting ',' delimiter: line 1 column 934 (char 933)
[2024-07-24T11:01:02.814+0000] {logging_mixin.py:188} INFO - Error decoding JSON: Expecting ',' delimiter: line 1 column 20 (char 19)
[2024-07-24T11:01:02.815+0000] {logging_mixin.py:188} INFO - Error decoding JSON: Expecting ',' delimiter: line 1 column 20 (char 19)
[2024-07-24T11:01:02.815+0000] {logging_mixin.py:188} INFO - Error decoding JSON: Expecting ',' delimiter: line 1 column 742 (char 741)
[2024-07-24T11:01:02.815+0000] {logging_mixin.py:188} INFO - Error decoding JSON: Expecting ',' delimiter: line 1 column 484 (char 483)
[2024-07-24T11:01:02.816+0000] {logging_mixin.py:188} INFO - Error decoding JSON: Expecting ',' delimiter: line 1 column 241 (char 240)
[2024-07-24T11:01:02.816+0000] {logging_mixin.py:188} INFO - Error decoding JSON: Expecting ',' delimiter: line 1 column 22 (char 21)
[2024-07-24T11:01:02.816+0000] {logging_mixin.py:188} INFO - Error decoding JSON: Expecting ',' delimiter: line 1 column 757 (char 756)
[2024-07-24T11:01:02.817+0000] {logging_mixin.py:188} INFO - Error decoding JSON: Expecting ',' delimiter: line 1 column 22 (char 21)
[2024-07-24T11:01:02.817+0000] {logging_mixin.py:188} INFO - Error decoding JSON: Expecting ',' delimiter: line 1 column 506 (char 505)
[2024-07-24T11:01:02.818+0000] {logging_mixin.py:188} INFO - Error decoding JSON: Expecting ',' delimiter: line 1 column 194 (char 193)
[2024-07-24T11:01:02.818+0000] {logging_mixin.py:188} INFO - Error decoding JSON: Expecting ',' delimiter: line 1 column 22 (char 21)
[2024-07-24T11:01:02.818+0000] {logging_mixin.py:188} INFO - Error decoding JSON: Expecting ',' delimiter: line 1 column 20 (char 19)
[2024-07-24T11:01:02.819+0000] {logging_mixin.py:188} INFO - Error decoding JSON: Expecting ',' delimiter: line 1 column 22 (char 21)
[2024-07-24T11:01:02.819+0000] {logging_mixin.py:188} INFO - Error decoding JSON: Expecting ',' delimiter: line 1 column 22 (char 21)
[2024-07-24T11:01:02.819+0000] {logging_mixin.py:188} INFO - Error decoding JSON: Expecting ',' delimiter: line 1 column 22 (char 21)
[2024-07-24T11:01:02.820+0000] {logging_mixin.py:188} INFO - Error decoding JSON: Expecting ',' delimiter: line 1 column 20 (char 19)
[2024-07-24T11:01:02.820+0000] {logging_mixin.py:188} INFO - Error decoding JSON: Expecting ',' delimiter: line 1 column 263 (char 262)
[2024-07-24T11:01:02.821+0000] {logging_mixin.py:188} INFO - Error decoding JSON: Expecting ',' delimiter: line 1 column 262 (char 261)
[2024-07-24T11:01:02.822+0000] {logging_mixin.py:188} INFO - Error decoding JSON: Expecting ',' delimiter: line 1 column 22 (char 21)
[2024-07-24T11:01:02.822+0000] {logging_mixin.py:188} INFO - Error decoding JSON: Expecting ',' delimiter: line 1 column 23 (char 22)
[2024-07-24T11:01:02.823+0000] {logging_mixin.py:188} INFO - Error decoding JSON: Expecting ',' delimiter: line 1 column 453 (char 452)
[2024-07-24T11:01:02.823+0000] {logging_mixin.py:188} INFO - Error decoding JSON: Expecting ',' delimiter: line 1 column 22 (char 21)
[2024-07-24T11:01:02.823+0000] {logging_mixin.py:188} INFO - Error decoding JSON: Expecting ',' delimiter: line 1 column 266 (char 265)
[2024-07-24T11:01:02.824+0000] {logging_mixin.py:188} INFO - Error decoding JSON: Expecting ',' delimiter: line 1 column 338 (char 337)
[2024-07-24T11:01:02.824+0000] {logging_mixin.py:188} INFO - Error decoding JSON: Expecting ',' delimiter: line 1 column 22 (char 21)
[2024-07-24T11:01:02.824+0000] {logging_mixin.py:188} INFO - Error decoding JSON: Expecting ',' delimiter: line 1 column 20 (char 19)
[2024-07-24T11:01:02.825+0000] {logging_mixin.py:188} INFO - Error decoding JSON: Expecting ',' delimiter: line 1 column 22 (char 21)
[2024-07-24T11:01:02.825+0000] {logging_mixin.py:188} INFO - Error decoding JSON: Expecting ',' delimiter: line 1 column 232 (char 231)
[2024-07-24T11:01:02.826+0000] {logging_mixin.py:188} INFO - Error decoding JSON: Expecting ',' delimiter: line 1 column 127 (char 126)
[2024-07-24T11:01:02.826+0000] {logging_mixin.py:188} INFO - Error decoding JSON: Expecting ',' delimiter: line 1 column 237 (char 236)
[2024-07-24T11:01:02.826+0000] {logging_mixin.py:188} INFO - Error decoding JSON: Expecting ',' delimiter: line 1 column 672 (char 671)
[2024-07-24T11:01:02.827+0000] {logging_mixin.py:188} INFO - Error decoding JSON: Expecting ',' delimiter: line 1 column 105 (char 104)
[2024-07-24T11:01:02.827+0000] {logging_mixin.py:188} INFO - Error decoding JSON: Expecting ',' delimiter: line 1 column 1054 (char 1053)
[2024-07-24T11:01:02.827+0000] {logging_mixin.py:188} INFO - Error decoding JSON: Expecting ',' delimiter: line 1 column 235 (char 234)
[2024-07-24T11:01:02.828+0000] {logging_mixin.py:188} INFO - Error decoding JSON: Expecting ',' delimiter: line 1 column 22 (char 21)
[2024-07-24T11:01:02.828+0000] {logging_mixin.py:188} INFO - Error decoding JSON: Expecting ',' delimiter: line 1 column 399 (char 398)
[2024-07-24T11:01:02.828+0000] {logging_mixin.py:188} INFO - Error decoding JSON: Expecting ',' delimiter: line 1 column 420 (char 419)
[2024-07-24T11:01:02.829+0000] {logging_mixin.py:188} INFO - Error decoding JSON: Expecting ',' delimiter: line 1 column 86 (char 85)
[2024-07-24T11:01:02.829+0000] {logging_mixin.py:188} INFO - Error decoding JSON: Expecting ',' delimiter: line 1 column 22 (char 21)
[2024-07-24T11:01:02.830+0000] {logging_mixin.py:188} INFO - Error decoding JSON: Expecting ',' delimiter: line 1 column 118 (char 117)
[2024-07-24T11:01:02.830+0000] {logging_mixin.py:188} INFO - Error decoding JSON: Expecting ',' delimiter: line 1 column 22 (char 21)
[2024-07-24T11:01:02.831+0000] {logging_mixin.py:188} INFO - Error decoding JSON: Expecting ',' delimiter: line 1 column 163 (char 162)
[2024-07-24T11:01:02.831+0000] {logging_mixin.py:188} INFO - Error decoding JSON: Expecting ',' delimiter: line 1 column 2650 (char 2649)
[2024-07-24T11:01:02.831+0000] {logging_mixin.py:188} INFO - Error decoding JSON: Expecting ',' delimiter: line 1 column 301 (char 300)
[2024-07-24T11:01:02.832+0000] {logging_mixin.py:188} INFO - Error decoding JSON: Expecting ',' delimiter: line 1 column 137 (char 136)
[2024-07-24T11:01:02.832+0000] {logging_mixin.py:188} INFO - Error decoding JSON: Expecting ',' delimiter: line 1 column 22 (char 21)
[2024-07-24T11:01:02.832+0000] {logging_mixin.py:188} INFO - Error decoding JSON: Expecting ',' delimiter: line 1 column 22 (char 21)
[2024-07-24T11:01:02.832+0000] {logging_mixin.py:188} INFO - Error decoding JSON: Expecting ',' delimiter: line 1 column 22 (char 21)
[2024-07-24T11:01:02.833+0000] {logging_mixin.py:188} INFO - Error decoding JSON: Expecting ',' delimiter: line 1 column 22 (char 21)
[2024-07-24T11:01:02.833+0000] {logging_mixin.py:188} INFO - Error decoding JSON: Expecting ',' delimiter: line 1 column 904 (char 903)
[2024-07-24T11:01:02.833+0000] {logging_mixin.py:188} INFO - Error decoding JSON: Expecting ',' delimiter: line 1 column 1017 (char 1016)
[2024-07-24T11:01:02.834+0000] {logging_mixin.py:188} INFO - Error decoding JSON: Expecting ',' delimiter: line 1 column 22 (char 21)
[2024-07-24T11:01:02.834+0000] {logging_mixin.py:188} INFO - Error decoding JSON: Expecting ',' delimiter: line 1 column 161 (char 160)
[2024-07-24T11:01:02.834+0000] {logging_mixin.py:188} INFO - Error decoding JSON: Expecting ',' delimiter: line 1 column 22 (char 21)
[2024-07-24T11:01:02.835+0000] {logging_mixin.py:188} INFO - Error decoding JSON: Expecting ',' delimiter: line 1 column 22 (char 21)
[2024-07-24T11:01:02.835+0000] {logging_mixin.py:188} INFO - Error decoding JSON: Expecting ',' delimiter: line 1 column 22 (char 21)
[2024-07-24T11:01:02.835+0000] {logging_mixin.py:188} INFO - Error decoding JSON: Expecting ',' delimiter: line 1 column 22 (char 21)
[2024-07-24T11:01:02.835+0000] {logging_mixin.py:188} INFO - Error decoding JSON: Expecting ',' delimiter: line 1 column 22 (char 21)
[2024-07-24T11:01:02.836+0000] {logging_mixin.py:188} INFO - Error decoding JSON: Expecting ',' delimiter: line 1 column 22 (char 21)
[2024-07-24T11:01:02.836+0000] {logging_mixin.py:188} INFO - Error decoding JSON: Expecting ',' delimiter: line 1 column 22 (char 21)
[2024-07-24T11:01:02.836+0000] {logging_mixin.py:188} INFO - Error decoding JSON: Expecting ',' delimiter: line 1 column 156 (char 155)
[2024-07-24T11:01:02.837+0000] {logging_mixin.py:188} INFO - Error decoding JSON: Expecting ',' delimiter: line 1 column 257 (char 256)
[2024-07-24T11:01:02.837+0000] {logging_mixin.py:188} INFO - Error decoding JSON: Expecting ',' delimiter: line 1 column 20 (char 19)
[2024-07-24T11:01:02.838+0000] {logging_mixin.py:188} INFO - Error decoding JSON: Expecting ',' delimiter: line 1 column 236 (char 235)
[2024-07-24T11:01:02.838+0000] {logging_mixin.py:188} INFO - Error decoding JSON: Expecting ',' delimiter: line 1 column 20 (char 19)
[2024-07-24T11:01:02.839+0000] {logging_mixin.py:188} INFO - Error decoding JSON: Expecting ',' delimiter: line 1 column 20 (char 19)
[2024-07-24T11:01:02.839+0000] {logging_mixin.py:188} INFO - Error decoding JSON: Expecting ',' delimiter: line 1 column 330 (char 329)
[2024-07-24T11:01:02.841+0000] {logging_mixin.py:188} INFO - Error decoding JSON: Expecting ',' delimiter: line 1 column 164 (char 163)
[2024-07-24T11:01:02.843+0000] {logging_mixin.py:188} INFO - Error decoding JSON: Expecting ',' delimiter: line 1 column 571 (char 570)
[2024-07-24T11:01:02.844+0000] {logging_mixin.py:188} INFO - Error decoding JSON: Expecting ',' delimiter: line 1 column 1021 (char 1020)
[2024-07-24T11:01:02.844+0000] {logging_mixin.py:188} INFO - Error decoding JSON: Expecting ',' delimiter: line 1 column 336 (char 335)
[2024-07-24T11:01:02.846+0000] {logging_mixin.py:188} INFO - Error decoding JSON: Expecting ',' delimiter: line 1 column 419 (char 418)
[2024-07-24T11:01:02.846+0000] {logging_mixin.py:188} INFO - Error decoding JSON: Expecting ',' delimiter: line 1 column 77 (char 76)
[2024-07-24T11:01:02.847+0000] {logging_mixin.py:188} INFO - Error decoding JSON: Expecting ',' delimiter: line 1 column 428 (char 427)
[2024-07-24T11:01:03.190+0000] {logging_mixin.py:188} INFO - Experience data has been successfully written to data/cleaned/experiences_data.csv
[2024-07-24T11:01:03.190+0000] {logging_mixin.py:188} INFO - Education data has been successfully written to data/cleaned/education_data.csv
[2024-07-24T11:01:03.190+0000] {logging_mixin.py:188} INFO - Certifications data has been successfully written to data/cleaned/certifications_data.csv
[2024-07-24T11:01:03.191+0000] {logging_mixin.py:188} INFO - cleaned profile data has been successfully written to data/cleaned/cleaned_profile_data.csv
[2024-07-24T11:01:03.197+0000] {python.py:237} INFO - Done. Returned value was: None
[2024-07-24T11:01:03.198+0000] {taskinstance.py:441} INFO - ::group::Post task execution logs
[2024-07-24T11:01:03.217+0000] {taskinstance.py:1206} INFO - Marking task as SUCCESS. dag_id=raw_data_processing_pipeline, task_id=extract_from_raw_data, run_id=scheduled__2024-07-24T10:01:00+00:00, execution_date=20240724T100100, start_date=20240724T110102, end_date=20240724T110103
[2024-07-24T11:01:03.279+0000] {local_task_job_runner.py:243} INFO - Task exited with return code 0
[2024-07-24T11:01:03.342+0000] {taskinstance.py:3503} INFO - 1 downstream tasks scheduled from follow-on schedule check
[2024-07-24T11:01:03.349+0000] {local_task_job_runner.py:222} INFO - ::endgroup::
