[2024-07-24T10:01:05.100+0000] {local_task_job_runner.py:120} INFO - ::group::Pre task execution logs
[2024-07-24T10:01:05.149+0000] {taskinstance.py:2076} INFO - Dependencies all met for dep_context=non-requeueable deps ti=<TaskInstance: raw_data_processing_pipeline.themuse_api_call scheduled__2024-07-24T09:01:00+00:00 [queued]>
[2024-07-24T10:01:05.164+0000] {taskinstance.py:2076} INFO - Dependencies all met for dep_context=requeueable deps ti=<TaskInstance: raw_data_processing_pipeline.themuse_api_call scheduled__2024-07-24T09:01:00+00:00 [queued]>
[2024-07-24T10:01:05.165+0000] {taskinstance.py:2306} INFO - Starting attempt 1 of 1
[2024-07-24T10:01:05.184+0000] {taskinstance.py:2330} INFO - Executing <Task(PythonOperator): themuse_api_call> on 2024-07-24 09:01:00+00:00
[2024-07-24T10:01:05.191+0000] {standard_task_runner.py:64} INFO - Started process 74689 to run task
[2024-07-24T10:01:05.197+0000] {standard_task_runner.py:90} INFO - Running: ['airflow', 'tasks', 'run', 'raw_data_processing_pipeline', 'themuse_api_call', 'scheduled__2024-07-24T09:01:00+00:00', '--job-id', '109', '--raw', '--subdir', 'DAGS_FOLDER/raw_data_processing_pipeline.py', '--cfg-path', '/tmp/tmphmfdwduv']
[2024-07-24T10:01:05.198+0000] {standard_task_runner.py:91} INFO - Job 109: Subtask themuse_api_call
[2024-07-24T10:01:05.285+0000] {task_command.py:426} INFO - Running <TaskInstance: raw_data_processing_pipeline.themuse_api_call scheduled__2024-07-24T09:01:00+00:00 [running]> on host 3f3ef3b72f68
[2024-07-24T10:01:05.441+0000] {taskinstance.py:2648} INFO - Exporting env vars: AIRFLOW_CTX_DAG_OWNER='airflow' AIRFLOW_CTX_DAG_ID='raw_data_processing_pipeline' AIRFLOW_CTX_TASK_ID='themuse_api_call' AIRFLOW_CTX_EXECUTION_DATE='2024-07-24T09:01:00+00:00' AIRFLOW_CTX_TRY_NUMBER='1' AIRFLOW_CTX_DAG_RUN_ID='scheduled__2024-07-24T09:01:00+00:00'
[2024-07-24T10:01:05.443+0000] {taskinstance.py:430} INFO - ::endgroup::
[2024-07-24T10:01:12.148+0000] {logging_mixin.py:188} INFO - Saved to 'data/raw/themuse_jobs_part_1.csv': 200 jobs
[2024-07-24T10:01:18.710+0000] {logging_mixin.py:188} INFO - Saved to 'data/raw/themuse_jobs_part_2.csv': 200 jobs
[2024-07-24T10:01:25.353+0000] {logging_mixin.py:188} INFO - Saved to 'data/raw/themuse_jobs_part_3.csv': 200 jobs
[2024-07-24T10:01:31.523+0000] {logging_mixin.py:188} INFO - Saved to 'data/raw/themuse_jobs_part_4.csv': 200 jobs
[2024-07-24T10:01:37.559+0000] {logging_mixin.py:188} INFO - Saved to 'data/raw/themuse_jobs_part_5.csv': 200 jobs
[2024-07-24T10:01:42.831+0000] {logging_mixin.py:188} INFO - Saved to 'data/raw/themuse_jobs_part_6.csv': 200 jobs
[2024-07-24T10:01:57.470+0000] {logging_mixin.py:188} INFO - Saved to 'data/raw/themuse_jobs_part_7.csv': 200 jobs
[2024-07-24T10:02:14.151+0000] {logging_mixin.py:188} INFO - Saved to 'data/raw/themuse_jobs_part_8.csv': 200 jobs
[2024-07-24T10:02:18.548+0000] {logging_mixin.py:188} INFO - Saved to 'data/raw/themuse_jobs_part_9.csv': 200 jobs
[2024-07-24T10:02:22.552+0000] {logging_mixin.py:188} INFO - Saved to 'data/raw/themuse_jobs_part_10.csv': 200 jobs
[2024-07-24T10:02:22.745+0000] {logging_mixin.py:188} INFO - Error 400: Value `page` is too high
[2024-07-24T10:02:26.448+0000] {logging_mixin.py:188} INFO - Saved to 'data/raw/themuse_companies_part_1.csv': 200 companies
[2024-07-24T10:02:28.993+0000] {logging_mixin.py:188} INFO - Saved to 'data/raw/themuse_companies_part_2.csv': 200 companies
[2024-07-24T10:02:31.921+0000] {logging_mixin.py:188} INFO - Saved to 'data/raw/themuse_companies_part_3.csv': 200 companies
[2024-07-24T10:02:33.518+0000] {logging_mixin.py:188} INFO - Saved to 'data/raw/themuse_companies_part_4.csv': 94 companies
[2024-07-24T10:02:33.518+0000] {python.py:237} INFO - Done. Returned value was: None
[2024-07-24T10:02:33.519+0000] {taskinstance.py:441} INFO - ::group::Post task execution logs
[2024-07-24T10:02:33.538+0000] {taskinstance.py:1206} INFO - Marking task as SUCCESS. dag_id=raw_data_processing_pipeline, task_id=themuse_api_call, run_id=scheduled__2024-07-24T09:01:00+00:00, execution_date=20240724T090100, start_date=20240724T100105, end_date=20240724T100233
[2024-07-24T10:02:33.580+0000] {local_task_job_runner.py:243} INFO - Task exited with return code 0
[2024-07-24T10:02:33.618+0000] {taskinstance.py:3503} INFO - 1 downstream tasks scheduled from follow-on schedule check
[2024-07-24T10:02:33.620+0000] {local_task_job_runner.py:222} INFO - ::endgroup::
