[2024-07-23T16:01:06.254+0000] {local_task_job_runner.py:120} INFO - ::group::Pre task execution logs
[2024-07-23T16:01:06.295+0000] {taskinstance.py:2076} INFO - Dependencies all met for dep_context=non-requeueable deps ti=<TaskInstance: raw_data_processing_pipeline.themuse_api_call scheduled__2024-07-23T15:01:00+00:00 [queued]>
[2024-07-23T16:01:06.307+0000] {taskinstance.py:2076} INFO - Dependencies all met for dep_context=requeueable deps ti=<TaskInstance: raw_data_processing_pipeline.themuse_api_call scheduled__2024-07-23T15:01:00+00:00 [queued]>
[2024-07-23T16:01:06.307+0000] {taskinstance.py:2306} INFO - Starting attempt 1 of 1
[2024-07-23T16:01:06.327+0000] {taskinstance.py:2330} INFO - Executing <Task(PythonOperator): themuse_api_call> on 2024-07-23 15:01:00+00:00
[2024-07-23T16:01:06.335+0000] {standard_task_runner.py:64} INFO - Started process 12778 to run task
[2024-07-23T16:01:06.341+0000] {standard_task_runner.py:90} INFO - Running: ['airflow', 'tasks', 'run', 'raw_data_processing_pipeline', 'themuse_api_call', 'scheduled__2024-07-23T15:01:00+00:00', '--job-id', '89', '--raw', '--subdir', 'DAGS_FOLDER/raw_data_processing_pipeline.py', '--cfg-path', '/tmp/tmpit1l3c92']
[2024-07-23T16:01:06.342+0000] {standard_task_runner.py:91} INFO - Job 89: Subtask themuse_api_call
[2024-07-23T16:01:06.465+0000] {task_command.py:426} INFO - Running <TaskInstance: raw_data_processing_pipeline.themuse_api_call scheduled__2024-07-23T15:01:00+00:00 [running]> on host 26e6daac73e6
[2024-07-23T16:01:06.677+0000] {taskinstance.py:2648} INFO - Exporting env vars: AIRFLOW_CTX_DAG_OWNER='airflow' AIRFLOW_CTX_DAG_ID='raw_data_processing_pipeline' AIRFLOW_CTX_TASK_ID='themuse_api_call' AIRFLOW_CTX_EXECUTION_DATE='2024-07-23T15:01:00+00:00' AIRFLOW_CTX_TRY_NUMBER='1' AIRFLOW_CTX_DAG_RUN_ID='scheduled__2024-07-23T15:01:00+00:00'
[2024-07-23T16:01:06.679+0000] {taskinstance.py:430} INFO - ::endgroup::
[2024-07-23T16:01:13.904+0000] {logging_mixin.py:188} INFO - Saved to 'data/source/themuse_jobs_part_1.csv': 200 jobs
[2024-07-23T16:01:20.232+0000] {logging_mixin.py:188} INFO - Saved to 'data/source/themuse_jobs_part_2.csv': 200 jobs
[2024-07-23T16:01:27.335+0000] {logging_mixin.py:188} INFO - Saved to 'data/source/themuse_jobs_part_3.csv': 200 jobs
[2024-07-23T16:01:32.657+0000] {logging_mixin.py:188} INFO - Saved to 'data/source/themuse_jobs_part_4.csv': 200 jobs
[2024-07-23T16:01:37.559+0000] {logging_mixin.py:188} INFO - Saved to 'data/source/themuse_jobs_part_5.csv': 200 jobs
[2024-07-23T16:01:43.914+0000] {logging_mixin.py:188} INFO - Saved to 'data/source/themuse_jobs_part_6.csv': 200 jobs
[2024-07-23T16:01:50.516+0000] {logging_mixin.py:188} INFO - Saved to 'data/source/themuse_jobs_part_7.csv': 200 jobs
[2024-07-23T16:01:54.517+0000] {logging_mixin.py:188} INFO - Saved to 'data/source/themuse_jobs_part_8.csv': 200 jobs
[2024-07-23T16:01:58.931+0000] {logging_mixin.py:188} INFO - Saved to 'data/source/themuse_jobs_part_9.csv': 200 jobs
[2024-07-23T16:02:03.218+0000] {logging_mixin.py:188} INFO - Saved to 'data/source/themuse_jobs_part_10.csv': 200 jobs
[2024-07-23T16:02:03.707+0000] {logging_mixin.py:188} INFO - Error 400: Value `page` is too high
[2024-07-23T16:02:07.800+0000] {logging_mixin.py:188} INFO - Saved to 'data/source/themuse_companies_part_1.csv': 200 companies
[2024-07-23T16:02:12.192+0000] {logging_mixin.py:188} INFO - Saved to 'data/source/themuse_companies_part_2.csv': 200 companies
[2024-07-23T16:02:14.569+0000] {logging_mixin.py:188} INFO - Saved to 'data/source/themuse_companies_part_3.csv': 200 companies
[2024-07-23T16:02:15.788+0000] {logging_mixin.py:188} INFO - Saved to 'data/source/themuse_companies_part_4.csv': 94 companies
[2024-07-23T16:02:15.788+0000] {python.py:237} INFO - Done. Returned value was: None
[2024-07-23T16:02:15.789+0000] {taskinstance.py:441} INFO - ::group::Post task execution logs
[2024-07-23T16:02:15.809+0000] {taskinstance.py:1206} INFO - Marking task as SUCCESS. dag_id=raw_data_processing_pipeline, task_id=themuse_api_call, run_id=scheduled__2024-07-23T15:01:00+00:00, execution_date=20240723T150100, start_date=20240723T160106, end_date=20240723T160215
[2024-07-23T16:02:15.866+0000] {local_task_job_runner.py:243} INFO - Task exited with return code 0
[2024-07-23T16:02:15.905+0000] {taskinstance.py:3503} INFO - 1 downstream tasks scheduled from follow-on schedule check
[2024-07-23T16:02:15.907+0000] {local_task_job_runner.py:222} INFO - ::endgroup::
