[2024-07-25T12:01:03.415+0000] {local_task_job_runner.py:120} INFO - ::group::Pre task execution logs
[2024-07-25T12:01:03.457+0000] {taskinstance.py:2076} INFO - Dependencies all met for dep_context=non-requeueable deps ti=<TaskInstance: raw_data_processing_pipeline.themuse_api_call scheduled__2024-07-25T11:01:00+00:00 [queued]>
[2024-07-25T12:01:03.471+0000] {taskinstance.py:2076} INFO - Dependencies all met for dep_context=requeueable deps ti=<TaskInstance: raw_data_processing_pipeline.themuse_api_call scheduled__2024-07-25T11:01:00+00:00 [queued]>
[2024-07-25T12:01:03.471+0000] {taskinstance.py:2306} INFO - Starting attempt 1 of 1
[2024-07-25T12:01:03.493+0000] {taskinstance.py:2330} INFO - Executing <Task(PythonOperator): themuse_api_call> on 2024-07-25 11:01:00+00:00
[2024-07-25T12:01:03.500+0000] {standard_task_runner.py:64} INFO - Started process 2000 to run task
[2024-07-25T12:01:03.506+0000] {standard_task_runner.py:90} INFO - Running: ['airflow', 'tasks', 'run', 'raw_data_processing_pipeline', 'themuse_api_call', 'scheduled__2024-07-25T11:01:00+00:00', '--job-id', '46', '--raw', '--subdir', 'DAGS_FOLDER/raw_data_processing_pipeline.py', '--cfg-path', '/tmp/tmp0ip16a7l']
[2024-07-25T12:01:03.509+0000] {standard_task_runner.py:91} INFO - Job 46: Subtask themuse_api_call
[2024-07-25T12:01:03.603+0000] {task_command.py:426} INFO - Running <TaskInstance: raw_data_processing_pipeline.themuse_api_call scheduled__2024-07-25T11:01:00+00:00 [running]> on host 5e8b32b69c95
[2024-07-25T12:01:03.765+0000] {taskinstance.py:2648} INFO - Exporting env vars: AIRFLOW_CTX_DAG_OWNER='airflow' AIRFLOW_CTX_DAG_ID='raw_data_processing_pipeline' AIRFLOW_CTX_TASK_ID='themuse_api_call' AIRFLOW_CTX_EXECUTION_DATE='2024-07-25T11:01:00+00:00' AIRFLOW_CTX_TRY_NUMBER='1' AIRFLOW_CTX_DAG_RUN_ID='scheduled__2024-07-25T11:01:00+00:00'
[2024-07-25T12:01:03.767+0000] {taskinstance.py:430} INFO - ::endgroup::
[2024-07-25T12:01:11.632+0000] {logging_mixin.py:188} INFO - Saved to 'data/raw/themuse_jobs_part_1.csv': 200 jobs
[2024-07-25T12:01:18.016+0000] {logging_mixin.py:188} INFO - Saved to 'data/raw/themuse_jobs_part_2.csv': 200 jobs
[2024-07-25T12:01:22.586+0000] {logging_mixin.py:188} INFO - Saved to 'data/raw/themuse_jobs_part_3.csv': 200 jobs
[2024-07-25T12:01:27.791+0000] {logging_mixin.py:188} INFO - Saved to 'data/raw/themuse_jobs_part_4.csv': 200 jobs
[2024-07-25T12:01:31.863+0000] {logging_mixin.py:188} INFO - Saved to 'data/raw/themuse_jobs_part_5.csv': 200 jobs
[2024-07-25T12:01:37.454+0000] {logging_mixin.py:188} INFO - Saved to 'data/raw/themuse_jobs_part_6.csv': 200 jobs
[2024-07-25T12:01:43.056+0000] {logging_mixin.py:188} INFO - Saved to 'data/raw/themuse_jobs_part_7.csv': 200 jobs
[2024-07-25T12:01:47.313+0000] {logging_mixin.py:188} INFO - Saved to 'data/raw/themuse_jobs_part_8.csv': 200 jobs
[2024-07-25T12:01:51.418+0000] {logging_mixin.py:188} INFO - Saved to 'data/raw/themuse_jobs_part_9.csv': 200 jobs
[2024-07-25T12:01:54.864+0000] {logging_mixin.py:188} INFO - Saved to 'data/raw/themuse_jobs_part_10.csv': 200 jobs
[2024-07-25T12:01:55.008+0000] {logging_mixin.py:188} INFO - Error 400: Value `page` is too high
[2024-07-25T12:01:57.489+0000] {logging_mixin.py:188} INFO - Saved to 'data/raw/themuse_companies_part_1.csv': 200 companies
[2024-07-25T12:02:00.553+0000] {logging_mixin.py:188} INFO - Saved to 'data/raw/themuse_companies_part_2.csv': 200 companies
[2024-07-25T12:02:02.880+0000] {logging_mixin.py:188} INFO - Saved to 'data/raw/themuse_companies_part_3.csv': 200 companies
[2024-07-25T12:02:05.267+0000] {logging_mixin.py:188} INFO - Saved to 'data/raw/themuse_companies_part_4.csv': 93 companies
[2024-07-25T12:02:05.268+0000] {python.py:237} INFO - Done. Returned value was: None
[2024-07-25T12:02:05.268+0000] {taskinstance.py:441} INFO - ::group::Post task execution logs
[2024-07-25T12:02:05.288+0000] {taskinstance.py:1206} INFO - Marking task as SUCCESS. dag_id=raw_data_processing_pipeline, task_id=themuse_api_call, run_id=scheduled__2024-07-25T11:01:00+00:00, execution_date=20240725T110100, start_date=20240725T120103, end_date=20240725T120205
[2024-07-25T12:02:05.337+0000] {local_task_job_runner.py:243} INFO - Task exited with return code 0
[2024-07-25T12:02:05.381+0000] {taskinstance.py:3503} INFO - 1 downstream tasks scheduled from follow-on schedule check
[2024-07-25T12:02:05.383+0000] {local_task_job_runner.py:222} INFO - ::endgroup::
