[2024-07-25T09:48:26.431+0000] {local_task_job_runner.py:120} INFO - ::group::Pre task execution logs
[2024-07-25T09:48:26.471+0000] {taskinstance.py:2076} INFO - Dependencies all met for dep_context=non-requeueable deps ti=<TaskInstance: raw_data_processing_pipeline.themuse_api_call manual__2024-07-25T09:48:23.269879+00:00 [queued]>
[2024-07-25T09:48:26.484+0000] {taskinstance.py:2076} INFO - Dependencies all met for dep_context=requeueable deps ti=<TaskInstance: raw_data_processing_pipeline.themuse_api_call manual__2024-07-25T09:48:23.269879+00:00 [queued]>
[2024-07-25T09:48:26.484+0000] {taskinstance.py:2306} INFO - Starting attempt 1 of 1
[2024-07-25T09:48:26.503+0000] {taskinstance.py:2330} INFO - Executing <Task(PythonOperator): themuse_api_call> on 2024-07-25 09:48:23.269879+00:00
[2024-07-25T09:48:26.509+0000] {standard_task_runner.py:64} INFO - Started process 334 to run task
[2024-07-25T09:48:26.515+0000] {standard_task_runner.py:90} INFO - Running: ['airflow', 'tasks', 'run', 'raw_data_processing_pipeline', 'themuse_api_call', 'manual__2024-07-25T09:48:23.269879+00:00', '--job-id', '30', '--raw', '--subdir', 'DAGS_FOLDER/raw_data_processing_pipeline.py', '--cfg-path', '/tmp/tmp0ogjsc0o']
[2024-07-25T09:48:26.519+0000] {standard_task_runner.py:91} INFO - Job 30: Subtask themuse_api_call
[2024-07-25T09:48:26.610+0000] {task_command.py:426} INFO - Running <TaskInstance: raw_data_processing_pipeline.themuse_api_call manual__2024-07-25T09:48:23.269879+00:00 [running]> on host 5e8b32b69c95
[2024-07-25T09:48:26.777+0000] {taskinstance.py:2648} INFO - Exporting env vars: AIRFLOW_CTX_DAG_OWNER='airflow' AIRFLOW_CTX_DAG_ID='raw_data_processing_pipeline' AIRFLOW_CTX_TASK_ID='themuse_api_call' AIRFLOW_CTX_EXECUTION_DATE='2024-07-25T09:48:23.269879+00:00' AIRFLOW_CTX_TRY_NUMBER='1' AIRFLOW_CTX_DAG_RUN_ID='manual__2024-07-25T09:48:23.269879+00:00'
[2024-07-25T09:48:26.779+0000] {taskinstance.py:430} INFO - ::endgroup::
[2024-07-25T09:48:32.824+0000] {logging_mixin.py:188} INFO - Saved to 'data/raw/themuse_jobs_part_1.csv': 200 jobs
[2024-07-25T09:48:37.270+0000] {logging_mixin.py:188} INFO - Saved to 'data/raw/themuse_jobs_part_2.csv': 200 jobs
[2024-07-25T09:48:42.519+0000] {logging_mixin.py:188} INFO - Saved to 'data/raw/themuse_jobs_part_3.csv': 200 jobs
[2024-07-25T09:48:47.512+0000] {logging_mixin.py:188} INFO - Saved to 'data/raw/themuse_jobs_part_4.csv': 200 jobs
[2024-07-25T09:48:52.600+0000] {logging_mixin.py:188} INFO - Saved to 'data/raw/themuse_jobs_part_5.csv': 200 jobs
[2024-07-25T09:48:57.795+0000] {logging_mixin.py:188} INFO - Saved to 'data/raw/themuse_jobs_part_6.csv': 200 jobs
[2024-07-25T09:49:02.281+0000] {logging_mixin.py:188} INFO - Saved to 'data/raw/themuse_jobs_part_7.csv': 200 jobs
[2024-07-25T09:49:06.882+0000] {logging_mixin.py:188} INFO - Saved to 'data/raw/themuse_jobs_part_8.csv': 200 jobs
[2024-07-25T09:49:11.028+0000] {logging_mixin.py:188} INFO - Saved to 'data/raw/themuse_jobs_part_9.csv': 200 jobs
[2024-07-25T09:49:14.517+0000] {logging_mixin.py:188} INFO - Saved to 'data/raw/themuse_jobs_part_10.csv': 200 jobs
[2024-07-25T09:49:14.921+0000] {logging_mixin.py:188} INFO - Error 400: Value `page` is too high
[2024-07-25T09:49:17.990+0000] {logging_mixin.py:188} INFO - Saved to 'data/raw/themuse_companies_part_1.csv': 200 companies
[2024-07-25T09:49:21.024+0000] {logging_mixin.py:188} INFO - Saved to 'data/raw/themuse_companies_part_2.csv': 200 companies
[2024-07-25T09:49:23.227+0000] {logging_mixin.py:188} INFO - Saved to 'data/raw/themuse_companies_part_3.csv': 200 companies
[2024-07-25T09:49:24.276+0000] {logging_mixin.py:188} INFO - Saved to 'data/raw/themuse_companies_part_4.csv': 93 companies
[2024-07-25T09:49:24.277+0000] {python.py:237} INFO - Done. Returned value was: None
[2024-07-25T09:49:24.277+0000] {taskinstance.py:441} INFO - ::group::Post task execution logs
[2024-07-25T09:49:24.297+0000] {taskinstance.py:1206} INFO - Marking task as SUCCESS. dag_id=raw_data_processing_pipeline, task_id=themuse_api_call, run_id=manual__2024-07-25T09:48:23.269879+00:00, execution_date=20240725T094823, start_date=20240725T094826, end_date=20240725T094924
[2024-07-25T09:49:24.355+0000] {local_task_job_runner.py:243} INFO - Task exited with return code 0
[2024-07-25T09:49:24.399+0000] {taskinstance.py:3503} INFO - 1 downstream tasks scheduled from follow-on schedule check
[2024-07-25T09:49:24.402+0000] {local_task_job_runner.py:222} INFO - ::endgroup::
