[2024-07-21T13:13:42.400+0000] {local_task_job_runner.py:120} INFO - ::group::Pre task execution logs
[2024-07-21T13:13:42.443+0000] {taskinstance.py:2076} INFO - Dependencies all met for dep_context=non-requeueable deps ti=<TaskInstance: raw_data_processing_pipeline.themuse_api_call scheduled__2024-07-21T12:01:00+00:00 [queued]>
[2024-07-21T13:13:42.455+0000] {taskinstance.py:2076} INFO - Dependencies all met for dep_context=requeueable deps ti=<TaskInstance: raw_data_processing_pipeline.themuse_api_call scheduled__2024-07-21T12:01:00+00:00 [queued]>
[2024-07-21T13:13:42.455+0000] {taskinstance.py:2306} INFO - Starting attempt 1 of 1
[2024-07-21T13:13:42.479+0000] {taskinstance.py:2330} INFO - Executing <Task(PythonOperator): themuse_api_call> on 2024-07-21 12:01:00+00:00
[2024-07-21T13:13:42.485+0000] {standard_task_runner.py:64} INFO - Started process 910 to run task
[2024-07-21T13:13:42.485+0000] {clientserver.py:543} INFO - Closing down clientserver connection
[2024-07-21T13:13:42.494+0000] {standard_task_runner.py:90} INFO - Running: ['airflow', 'tasks', 'run', 'raw_data_processing_pipeline', 'themuse_api_call', 'scheduled__2024-07-21T12:01:00+00:00', '--job-id', '70', '--raw', '--subdir', 'DAGS_FOLDER/raw_data_processing_pipeline.py', '--cfg-path', '/tmp/tmph3sf3ddf']
[2024-07-21T13:13:42.495+0000] {standard_task_runner.py:91} INFO - Job 70: Subtask themuse_api_call
[2024-07-21T13:13:42.585+0000] {task_command.py:426} INFO - Running <TaskInstance: raw_data_processing_pipeline.themuse_api_call scheduled__2024-07-21T12:01:00+00:00 [running]> on host 87b32801fdc9
[2024-07-21T13:13:42.739+0000] {taskinstance.py:2648} INFO - Exporting env vars: AIRFLOW_CTX_DAG_OWNER='airflow' AIRFLOW_CTX_DAG_ID='raw_data_processing_pipeline' AIRFLOW_CTX_TASK_ID='themuse_api_call' AIRFLOW_CTX_EXECUTION_DATE='2024-07-21T12:01:00+00:00' AIRFLOW_CTX_TRY_NUMBER='1' AIRFLOW_CTX_DAG_RUN_ID='scheduled__2024-07-21T12:01:00+00:00'
[2024-07-21T13:13:42.741+0000] {taskinstance.py:430} INFO - ::endgroup::
[2024-07-21T13:13:49.282+0000] {logging_mixin.py:188} INFO - Saved to 'data/source/themuse_jobs_part_1.csv': 200 jobs
[2024-07-21T13:13:54.919+0000] {logging_mixin.py:188} INFO - Saved to 'data/source/themuse_jobs_part_2.csv': 200 jobs
[2024-07-21T13:14:00.684+0000] {logging_mixin.py:188} INFO - Saved to 'data/source/themuse_jobs_part_3.csv': 200 jobs
[2024-07-21T13:14:05.791+0000] {logging_mixin.py:188} INFO - Saved to 'data/source/themuse_jobs_part_4.csv': 200 jobs
[2024-07-21T13:14:10.383+0000] {logging_mixin.py:188} INFO - Saved to 'data/source/themuse_jobs_part_5.csv': 200 jobs
[2024-07-21T13:14:15.112+0000] {logging_mixin.py:188} INFO - Saved to 'data/source/themuse_jobs_part_6.csv': 200 jobs
[2024-07-21T13:14:18.893+0000] {logging_mixin.py:188} INFO - Saved to 'data/source/themuse_jobs_part_7.csv': 200 jobs
[2024-07-21T13:14:23.494+0000] {logging_mixin.py:188} INFO - Saved to 'data/source/themuse_jobs_part_8.csv': 200 jobs
[2024-07-21T13:14:27.874+0000] {logging_mixin.py:188} INFO - Saved to 'data/source/themuse_jobs_part_9.csv': 200 jobs
[2024-07-21T13:14:32.310+0000] {logging_mixin.py:188} INFO - Saved to 'data/source/themuse_jobs_part_10.csv': 200 jobs
[2024-07-21T13:14:32.830+0000] {logging_mixin.py:188} INFO - Error 400: Value `page` is too high
[2024-07-21T13:14:36.233+0000] {logging_mixin.py:188} INFO - Saved to 'data/source/themuse_companies_part_1.csv': 200 companies
[2024-07-21T13:14:39.130+0000] {logging_mixin.py:188} INFO - Saved to 'data/source/themuse_companies_part_2.csv': 200 companies
[2024-07-21T13:14:42.478+0000] {logging_mixin.py:188} INFO - Saved to 'data/source/themuse_companies_part_3.csv': 200 companies
[2024-07-21T13:14:43.442+0000] {logging_mixin.py:188} INFO - Saved to 'data/source/themuse_companies_part_4.csv': 94 companies
[2024-07-21T13:14:43.443+0000] {python.py:237} INFO - Done. Returned value was: None
[2024-07-21T13:14:43.443+0000] {taskinstance.py:441} INFO - ::group::Post task execution logs
[2024-07-21T13:14:43.464+0000] {taskinstance.py:1206} INFO - Marking task as SUCCESS. dag_id=raw_data_processing_pipeline, task_id=themuse_api_call, run_id=scheduled__2024-07-21T12:01:00+00:00, execution_date=20240721T120100, start_date=20240721T131342, end_date=20240721T131443
[2024-07-21T13:14:43.494+0000] {local_task_job_runner.py:243} INFO - Task exited with return code 0
[2024-07-21T13:14:43.539+0000] {taskinstance.py:3503} INFO - 1 downstream tasks scheduled from follow-on schedule check
[2024-07-21T13:14:43.542+0000] {local_task_job_runner.py:222} INFO - ::endgroup::
