[2024-07-24T17:01:15.034+0000] {local_task_job_runner.py:120} INFO - ::group::Pre task execution logs
[2024-07-24T17:01:15.097+0000] {taskinstance.py:2076} INFO - Dependencies all met for dep_context=non-requeueable deps ti=<TaskInstance: raw_data_processing_pipeline.themuse_api_call scheduled__2024-07-24T16:01:00+00:00 [queued]>
[2024-07-24T17:01:15.116+0000] {taskinstance.py:2076} INFO - Dependencies all met for dep_context=requeueable deps ti=<TaskInstance: raw_data_processing_pipeline.themuse_api_call scheduled__2024-07-24T16:01:00+00:00 [queued]>
[2024-07-24T17:01:15.117+0000] {taskinstance.py:2306} INFO - Starting attempt 1 of 1
[2024-07-24T17:01:15.153+0000] {taskinstance.py:2330} INFO - Executing <Task(PythonOperator): themuse_api_call> on 2024-07-24 16:01:00+00:00
[2024-07-24T17:01:15.162+0000] {standard_task_runner.py:64} INFO - Started process 427 to run task
[2024-07-24T17:01:15.176+0000] {standard_task_runner.py:90} INFO - Running: ['airflow', 'tasks', 'run', 'raw_data_processing_pipeline', 'themuse_api_call', 'scheduled__2024-07-24T16:01:00+00:00', '--job-id', '129', '--raw', '--subdir', 'DAGS_FOLDER/raw_data_processing_pipeline.py', '--cfg-path', '/tmp/tmp4cxghcez']
[2024-07-24T17:01:15.178+0000] {standard_task_runner.py:91} INFO - Job 129: Subtask themuse_api_call
[2024-07-24T17:01:15.342+0000] {task_command.py:426} INFO - Running <TaskInstance: raw_data_processing_pipeline.themuse_api_call scheduled__2024-07-24T16:01:00+00:00 [running]> on host e7d30dc62874
[2024-07-24T17:01:15.602+0000] {taskinstance.py:2648} INFO - Exporting env vars: AIRFLOW_CTX_DAG_OWNER='airflow' AIRFLOW_CTX_DAG_ID='raw_data_processing_pipeline' AIRFLOW_CTX_TASK_ID='themuse_api_call' AIRFLOW_CTX_EXECUTION_DATE='2024-07-24T16:01:00+00:00' AIRFLOW_CTX_TRY_NUMBER='1' AIRFLOW_CTX_DAG_RUN_ID='scheduled__2024-07-24T16:01:00+00:00'
[2024-07-24T17:01:15.606+0000] {taskinstance.py:430} INFO - ::endgroup::
[2024-07-24T17:01:23.873+0000] {logging_mixin.py:188} INFO - Saved to 'data/raw/themuse_jobs_part_1.csv': 200 jobs
[2024-07-24T17:01:30.159+0000] {logging_mixin.py:188} INFO - Saved to 'data/raw/themuse_jobs_part_2.csv': 200 jobs
[2024-07-24T17:01:36.214+0000] {logging_mixin.py:188} INFO - Saved to 'data/raw/themuse_jobs_part_3.csv': 200 jobs
[2024-07-24T17:01:42.284+0000] {logging_mixin.py:188} INFO - Saved to 'data/raw/themuse_jobs_part_4.csv': 200 jobs
[2024-07-24T17:01:47.805+0000] {logging_mixin.py:188} INFO - Saved to 'data/raw/themuse_jobs_part_5.csv': 200 jobs
[2024-07-24T17:01:53.146+0000] {logging_mixin.py:188} INFO - Saved to 'data/raw/themuse_jobs_part_6.csv': 200 jobs
[2024-07-24T17:01:58.363+0000] {logging_mixin.py:188} INFO - Saved to 'data/raw/themuse_jobs_part_7.csv': 200 jobs
[2024-07-24T17:02:03.270+0000] {logging_mixin.py:188} INFO - Saved to 'data/raw/themuse_jobs_part_8.csv': 200 jobs
[2024-07-24T17:02:06.960+0000] {logging_mixin.py:188} INFO - Saved to 'data/raw/themuse_jobs_part_9.csv': 200 jobs
[2024-07-24T17:02:11.266+0000] {logging_mixin.py:188} INFO - Saved to 'data/raw/themuse_jobs_part_10.csv': 200 jobs
[2024-07-24T17:02:11.510+0000] {logging_mixin.py:188} INFO - Error 400: Value `page` is too high
[2024-07-24T17:02:15.553+0000] {logging_mixin.py:188} INFO - Saved to 'data/raw/themuse_companies_part_1.csv': 200 companies
[2024-07-24T17:02:19.160+0000] {logging_mixin.py:188} INFO - Saved to 'data/raw/themuse_companies_part_2.csv': 200 companies
[2024-07-24T17:02:23.005+0000] {logging_mixin.py:188} INFO - Saved to 'data/raw/themuse_companies_part_3.csv': 200 companies
[2024-07-24T17:02:24.603+0000] {logging_mixin.py:188} INFO - Saved to 'data/raw/themuse_companies_part_4.csv': 94 companies
[2024-07-24T17:02:24.603+0000] {python.py:237} INFO - Done. Returned value was: None
[2024-07-24T17:02:24.604+0000] {taskinstance.py:441} INFO - ::group::Post task execution logs
[2024-07-24T17:02:24.625+0000] {taskinstance.py:1206} INFO - Marking task as SUCCESS. dag_id=raw_data_processing_pipeline, task_id=themuse_api_call, run_id=scheduled__2024-07-24T16:01:00+00:00, execution_date=20240724T160100, start_date=20240724T170115, end_date=20240724T170224
[2024-07-24T17:02:24.658+0000] {local_task_job_runner.py:243} INFO - Task exited with return code 0
[2024-07-24T17:02:24.704+0000] {taskinstance.py:3503} INFO - 1 downstream tasks scheduled from follow-on schedule check
[2024-07-24T17:02:24.707+0000] {local_task_job_runner.py:222} INFO - ::endgroup::
