[2024-07-26T17:01:04.807+0000] {local_task_job_runner.py:120} INFO - ::group::Pre task execution logs
[2024-07-26T17:01:04.852+0000] {taskinstance.py:2076} INFO - Dependencies all met for dep_context=non-requeueable deps ti=<TaskInstance: raw_data_processing_pipeline.themuse_api_call scheduled__2024-07-26T16:01:00+00:00 [queued]>
[2024-07-26T17:01:04.868+0000] {taskinstance.py:2076} INFO - Dependencies all met for dep_context=requeueable deps ti=<TaskInstance: raw_data_processing_pipeline.themuse_api_call scheduled__2024-07-26T16:01:00+00:00 [queued]>
[2024-07-26T17:01:04.868+0000] {taskinstance.py:2306} INFO - Starting attempt 1 of 1
[2024-07-26T17:01:04.890+0000] {taskinstance.py:2330} INFO - Executing <Task(PythonOperator): themuse_api_call> on 2024-07-26 16:01:00+00:00
[2024-07-26T17:01:04.899+0000] {standard_task_runner.py:64} INFO - Started process 23847 to run task
[2024-07-26T17:01:04.907+0000] {standard_task_runner.py:90} INFO - Running: ['airflow', 'tasks', 'run', 'raw_data_processing_pipeline', 'themuse_api_call', 'scheduled__2024-07-26T16:01:00+00:00', '--job-id', '215', '--raw', '--subdir', 'DAGS_FOLDER/raw_data_processing_pipeline.py', '--cfg-path', '/tmp/tmpkilskzwd']
[2024-07-26T17:01:04.911+0000] {standard_task_runner.py:91} INFO - Job 215: Subtask themuse_api_call
[2024-07-26T17:01:05.018+0000] {task_command.py:426} INFO - Running <TaskInstance: raw_data_processing_pipeline.themuse_api_call scheduled__2024-07-26T16:01:00+00:00 [running]> on host 1a5e8209220d
[2024-07-26T17:01:05.213+0000] {taskinstance.py:2648} INFO - Exporting env vars: AIRFLOW_CTX_DAG_OWNER='airflow' AIRFLOW_CTX_DAG_ID='raw_data_processing_pipeline' AIRFLOW_CTX_TASK_ID='themuse_api_call' AIRFLOW_CTX_EXECUTION_DATE='2024-07-26T16:01:00+00:00' AIRFLOW_CTX_TRY_NUMBER='1' AIRFLOW_CTX_DAG_RUN_ID='scheduled__2024-07-26T16:01:00+00:00'
[2024-07-26T17:01:05.215+0000] {taskinstance.py:430} INFO - ::endgroup::
[2024-07-26T17:01:12.424+0000] {logging_mixin.py:188} INFO - Saved to 'data/raw/themuse_jobs_part_1.csv': 200 jobs
[2024-07-26T17:01:20.456+0000] {logging_mixin.py:188} INFO - Saved to 'data/raw/themuse_jobs_part_2.csv': 200 jobs
[2024-07-26T17:01:26.303+0000] {logging_mixin.py:188} INFO - Saved to 'data/raw/themuse_jobs_part_3.csv': 200 jobs
[2024-07-26T17:01:31.018+0000] {logging_mixin.py:188} INFO - Saved to 'data/raw/themuse_jobs_part_4.csv': 200 jobs
[2024-07-26T17:01:36.653+0000] {logging_mixin.py:188} INFO - Saved to 'data/raw/themuse_jobs_part_5.csv': 200 jobs
[2024-07-26T17:01:41.200+0000] {logging_mixin.py:188} INFO - Saved to 'data/raw/themuse_jobs_part_6.csv': 200 jobs
[2024-07-26T17:01:47.647+0000] {logging_mixin.py:188} INFO - Saved to 'data/raw/themuse_jobs_part_7.csv': 200 jobs
[2024-07-26T17:01:53.372+0000] {logging_mixin.py:188} INFO - Saved to 'data/raw/themuse_jobs_part_8.csv': 200 jobs
[2024-07-26T17:02:01.176+0000] {logging_mixin.py:188} INFO - Saved to 'data/raw/themuse_jobs_part_9.csv': 200 jobs
[2024-07-26T17:02:06.943+0000] {logging_mixin.py:188} INFO - Saved to 'data/raw/themuse_jobs_part_10.csv': 200 jobs
[2024-07-26T17:02:07.102+0000] {logging_mixin.py:188} INFO - Error 400: Value `page` is too high
[2024-07-26T17:02:10.078+0000] {logging_mixin.py:188} INFO - Saved to 'data/raw/themuse_companies_part_1.csv': 200 companies
[2024-07-26T17:02:13.521+0000] {logging_mixin.py:188} INFO - Saved to 'data/raw/themuse_companies_part_2.csv': 200 companies
[2024-07-26T17:02:16.013+0000] {logging_mixin.py:188} INFO - Saved to 'data/raw/themuse_companies_part_3.csv': 200 companies
[2024-07-26T17:02:17.035+0000] {logging_mixin.py:188} INFO - Saved to 'data/raw/themuse_companies_part_4.csv': 63 companies
[2024-07-26T17:02:17.036+0000] {python.py:237} INFO - Done. Returned value was: None
[2024-07-26T17:02:17.037+0000] {taskinstance.py:441} INFO - ::group::Post task execution logs
[2024-07-26T17:02:17.058+0000] {taskinstance.py:1206} INFO - Marking task as SUCCESS. dag_id=raw_data_processing_pipeline, task_id=themuse_api_call, run_id=scheduled__2024-07-26T16:01:00+00:00, execution_date=20240726T160100, start_date=20240726T170104, end_date=20240726T170217
[2024-07-26T17:02:17.095+0000] {local_task_job_runner.py:243} INFO - Task exited with return code 0
[2024-07-26T17:02:17.144+0000] {taskinstance.py:3503} INFO - 1 downstream tasks scheduled from follow-on schedule check
[2024-07-26T17:02:17.147+0000] {local_task_job_runner.py:222} INFO - ::endgroup::
