[2024-07-25T15:49:41.721+0000] {local_task_job_runner.py:120} INFO - ::group::Pre task execution logs
[2024-07-25T15:49:41.761+0000] {taskinstance.py:2076} INFO - Dependencies all met for dep_context=non-requeueable deps ti=<TaskInstance: raw_data_processing_pipeline.themuse_api_call manual__2024-07-25T15:49:38.318781+00:00 [queued]>
[2024-07-25T15:49:41.773+0000] {taskinstance.py:2076} INFO - Dependencies all met for dep_context=requeueable deps ti=<TaskInstance: raw_data_processing_pipeline.themuse_api_call manual__2024-07-25T15:49:38.318781+00:00 [queued]>
[2024-07-25T15:49:41.773+0000] {taskinstance.py:2306} INFO - Starting attempt 1 of 1
[2024-07-25T15:49:41.792+0000] {taskinstance.py:2330} INFO - Executing <Task(PythonOperator): themuse_api_call> on 2024-07-25 15:49:38.318781+00:00
[2024-07-25T15:49:41.799+0000] {standard_task_runner.py:64} INFO - Started process 204 to run task
[2024-07-25T15:49:41.805+0000] {standard_task_runner.py:90} INFO - Running: ['airflow', 'tasks', 'run', 'raw_data_processing_pipeline', 'themuse_api_call', 'manual__2024-07-25T15:49:38.318781+00:00', '--job-id', '147', '--raw', '--subdir', 'DAGS_FOLDER/raw_data_processing_pipeline.py', '--cfg-path', '/tmp/tmpaylg41y4']
[2024-07-25T15:49:41.807+0000] {standard_task_runner.py:91} INFO - Job 147: Subtask themuse_api_call
[2024-07-25T15:49:41.894+0000] {task_command.py:426} INFO - Running <TaskInstance: raw_data_processing_pipeline.themuse_api_call manual__2024-07-25T15:49:38.318781+00:00 [running]> on host dfb2dd86b1b2
[2024-07-25T15:49:42.046+0000] {taskinstance.py:2648} INFO - Exporting env vars: AIRFLOW_CTX_DAG_OWNER='airflow' AIRFLOW_CTX_DAG_ID='raw_data_processing_pipeline' AIRFLOW_CTX_TASK_ID='themuse_api_call' AIRFLOW_CTX_EXECUTION_DATE='2024-07-25T15:49:38.318781+00:00' AIRFLOW_CTX_TRY_NUMBER='1' AIRFLOW_CTX_DAG_RUN_ID='manual__2024-07-25T15:49:38.318781+00:00'
[2024-07-25T15:49:42.048+0000] {taskinstance.py:430} INFO - ::endgroup::
[2024-07-25T15:49:57.841+0000] {logging_mixin.py:188} INFO - Saved to 'data/raw/themuse_jobs_part_1.csv': 200 jobs
[2024-07-25T15:50:12.284+0000] {logging_mixin.py:188} INFO - Saved to 'data/raw/themuse_jobs_part_2.csv': 200 jobs
[2024-07-25T15:50:26.395+0000] {logging_mixin.py:188} INFO - Saved to 'data/raw/themuse_jobs_part_3.csv': 200 jobs
[2024-07-25T15:50:39.284+0000] {logging_mixin.py:188} INFO - Saved to 'data/raw/themuse_jobs_part_4.csv': 200 jobs
[2024-07-25T15:50:46.778+0000] {logging_mixin.py:188} INFO - Saved to 'data/raw/themuse_jobs_part_5.csv': 200 jobs
[2024-07-25T15:50:54.486+0000] {logging_mixin.py:188} INFO - Saved to 'data/raw/themuse_jobs_part_6.csv': 200 jobs
[2024-07-25T15:51:00.873+0000] {logging_mixin.py:188} INFO - Saved to 'data/raw/themuse_jobs_part_7.csv': 200 jobs
[2024-07-25T15:51:08.869+0000] {logging_mixin.py:188} INFO - Saved to 'data/raw/themuse_jobs_part_8.csv': 200 jobs
[2024-07-25T15:51:12.682+0000] {logging_mixin.py:188} INFO - Saved to 'data/raw/themuse_jobs_part_9.csv': 200 jobs
[2024-07-25T15:51:18.022+0000] {logging_mixin.py:188} INFO - Saved to 'data/raw/themuse_jobs_part_10.csv': 200 jobs
[2024-07-25T15:51:18.526+0000] {logging_mixin.py:188} INFO - Error 400: Value `page` is too high
[2024-07-25T15:51:21.771+0000] {logging_mixin.py:188} INFO - Saved to 'data/raw/themuse_companies_part_1.csv': 200 companies
[2024-07-25T15:51:26.542+0000] {logging_mixin.py:188} INFO - Saved to 'data/raw/themuse_companies_part_2.csv': 200 companies
[2024-07-25T15:51:29.288+0000] {logging_mixin.py:188} INFO - Saved to 'data/raw/themuse_companies_part_3.csv': 200 companies
[2024-07-25T15:51:30.192+0000] {logging_mixin.py:188} INFO - Saved to 'data/raw/themuse_companies_part_4.csv': 64 companies
[2024-07-25T15:51:30.192+0000] {python.py:237} INFO - Done. Returned value was: None
[2024-07-25T15:51:30.193+0000] {taskinstance.py:441} INFO - ::group::Post task execution logs
[2024-07-25T15:51:30.212+0000] {taskinstance.py:1206} INFO - Marking task as SUCCESS. dag_id=raw_data_processing_pipeline, task_id=themuse_api_call, run_id=manual__2024-07-25T15:49:38.318781+00:00, execution_date=20240725T154938, start_date=20240725T154941, end_date=20240725T155130
[2024-07-25T15:51:30.253+0000] {local_task_job_runner.py:243} INFO - Task exited with return code 0
[2024-07-25T15:51:30.301+0000] {taskinstance.py:3503} INFO - 1 downstream tasks scheduled from follow-on schedule check
[2024-07-25T15:51:30.303+0000] {local_task_job_runner.py:222} INFO - ::endgroup::
