[2024-07-21T15:02:43.952+0000] {local_task_job_runner.py:120} INFO - ::group::Pre task execution logs
[2024-07-21T15:02:43.994+0000] {taskinstance.py:2076} INFO - Dependencies all met for dep_context=non-requeueable deps ti=<TaskInstance: raw_data_processing_pipeline.clean_themuseapi_data scheduled__2024-07-21T14:01:00+00:00 [queued]>
[2024-07-21T15:02:44.006+0000] {taskinstance.py:2076} INFO - Dependencies all met for dep_context=requeueable deps ti=<TaskInstance: raw_data_processing_pipeline.clean_themuseapi_data scheduled__2024-07-21T14:01:00+00:00 [queued]>
[2024-07-21T15:02:44.007+0000] {taskinstance.py:2306} INFO - Starting attempt 1 of 1
[2024-07-21T15:02:44.027+0000] {taskinstance.py:2330} INFO - Executing <Task(PythonOperator): clean_themuseapi_data> on 2024-07-21 14:01:00+00:00
[2024-07-21T15:02:44.034+0000] {clientserver.py:543} INFO - Closing down clientserver connection
[2024-07-21T15:02:44.034+0000] {standard_task_runner.py:64} INFO - Started process 79304 to run task
[2024-07-21T15:02:44.042+0000] {standard_task_runner.py:90} INFO - Running: ['airflow', 'tasks', 'run', 'raw_data_processing_pipeline', 'clean_themuseapi_data', 'scheduled__2024-07-21T14:01:00+00:00', '--job-id', '76', '--raw', '--subdir', 'DAGS_FOLDER/raw_data_processing_pipeline.py', '--cfg-path', '/tmp/tmpmayhsgx0']
[2024-07-21T15:02:44.043+0000] {standard_task_runner.py:91} INFO - Job 76: Subtask clean_themuseapi_data
[2024-07-21T15:02:44.141+0000] {task_command.py:426} INFO - Running <TaskInstance: raw_data_processing_pipeline.clean_themuseapi_data scheduled__2024-07-21T14:01:00+00:00 [running]> on host 87b32801fdc9
[2024-07-21T15:02:44.299+0000] {taskinstance.py:2648} INFO - Exporting env vars: AIRFLOW_CTX_DAG_OWNER='airflow' AIRFLOW_CTX_DAG_ID='raw_data_processing_pipeline' AIRFLOW_CTX_TASK_ID='clean_themuseapi_data' AIRFLOW_CTX_EXECUTION_DATE='2024-07-21T14:01:00+00:00' AIRFLOW_CTX_TRY_NUMBER='1' AIRFLOW_CTX_DAG_RUN_ID='scheduled__2024-07-21T14:01:00+00:00'
[2024-07-21T15:02:44.302+0000] {taskinstance.py:430} INFO - ::endgroup::
[2024-07-21T15:02:45.746+0000] {logging_mixin.py:188} INFO - Combined cleaned jobs data saved to 'data/cleaned/cleaned_all_jobs.csv'
[2024-07-21T15:02:45.772+0000] {logging_mixin.py:188} INFO - Combined cleaned companies data saved to 'data/cleaned/cleaned_all_companies.csv'
[2024-07-21T15:02:45.775+0000] {python.py:237} INFO - Done. Returned value was: None
[2024-07-21T15:02:45.775+0000] {taskinstance.py:441} INFO - ::group::Post task execution logs
[2024-07-21T15:02:45.795+0000] {taskinstance.py:1206} INFO - Marking task as SUCCESS. dag_id=raw_data_processing_pipeline, task_id=clean_themuseapi_data, run_id=scheduled__2024-07-21T14:01:00+00:00, execution_date=20240721T140100, start_date=20240721T150243, end_date=20240721T150245
[2024-07-21T15:02:45.860+0000] {local_task_job_runner.py:243} INFO - Task exited with return code 0
[2024-07-21T15:02:45.896+0000] {taskinstance.py:3503} INFO - 0 downstream tasks scheduled from follow-on schedule check
[2024-07-21T15:02:45.899+0000] {local_task_job_runner.py:222} INFO - ::endgroup::
