[2024-07-26T14:01:04.522+0000] {local_task_job_runner.py:120} INFO - ::group::Pre task execution logs
[2024-07-26T14:01:04.564+0000] {taskinstance.py:2076} INFO - Dependencies all met for dep_context=non-requeueable deps ti=<TaskInstance: raw_data_processing_pipeline.themuse_api_call scheduled__2024-07-26T13:01:00+00:00 [queued]>
[2024-07-26T14:01:04.581+0000] {taskinstance.py:2076} INFO - Dependencies all met for dep_context=requeueable deps ti=<TaskInstance: raw_data_processing_pipeline.themuse_api_call scheduled__2024-07-26T13:01:00+00:00 [queued]>
[2024-07-26T14:01:04.581+0000] {taskinstance.py:2306} INFO - Starting attempt 1 of 1
[2024-07-26T14:01:04.603+0000] {taskinstance.py:2330} INFO - Executing <Task(PythonOperator): themuse_api_call> on 2024-07-26 13:01:00+00:00
[2024-07-26T14:01:04.611+0000] {standard_task_runner.py:64} INFO - Started process 17670 to run task
[2024-07-26T14:01:04.617+0000] {standard_task_runner.py:90} INFO - Running: ['airflow', 'tasks', 'run', 'raw_data_processing_pipeline', 'themuse_api_call', 'scheduled__2024-07-26T13:01:00+00:00', '--job-id', '203', '--raw', '--subdir', 'DAGS_FOLDER/raw_data_processing_pipeline.py', '--cfg-path', '/tmp/tmp8v6bayv9']
[2024-07-26T14:01:04.620+0000] {standard_task_runner.py:91} INFO - Job 203: Subtask themuse_api_call
[2024-07-26T14:01:04.727+0000] {task_command.py:426} INFO - Running <TaskInstance: raw_data_processing_pipeline.themuse_api_call scheduled__2024-07-26T13:01:00+00:00 [running]> on host 1a5e8209220d
[2024-07-26T14:01:04.917+0000] {taskinstance.py:2648} INFO - Exporting env vars: AIRFLOW_CTX_DAG_OWNER='airflow' AIRFLOW_CTX_DAG_ID='raw_data_processing_pipeline' AIRFLOW_CTX_TASK_ID='themuse_api_call' AIRFLOW_CTX_EXECUTION_DATE='2024-07-26T13:01:00+00:00' AIRFLOW_CTX_TRY_NUMBER='1' AIRFLOW_CTX_DAG_RUN_ID='scheduled__2024-07-26T13:01:00+00:00'
[2024-07-26T14:01:04.919+0000] {taskinstance.py:430} INFO - ::endgroup::
[2024-07-26T14:01:25.791+0000] {logging_mixin.py:188} INFO - Saved to 'data/raw/themuse_jobs_part_1.csv': 200 jobs
[2024-07-26T14:01:34.726+0000] {logging_mixin.py:188} INFO - Saved to 'data/raw/themuse_jobs_part_2.csv': 200 jobs
[2024-07-26T14:01:52.272+0000] {logging_mixin.py:188} INFO - Saved to 'data/raw/themuse_jobs_part_3.csv': 200 jobs
[2024-07-26T14:02:18.115+0000] {logging_mixin.py:188} INFO - Saved to 'data/raw/themuse_jobs_part_4.csv': 200 jobs
[2024-07-26T14:02:29.933+0000] {logging_mixin.py:188} INFO - Saved to 'data/raw/themuse_jobs_part_5.csv': 200 jobs
[2024-07-26T14:02:39.908+0000] {logging_mixin.py:188} INFO - Saved to 'data/raw/themuse_jobs_part_6.csv': 200 jobs
[2024-07-26T14:02:46.805+0000] {logging_mixin.py:188} INFO - Saved to 'data/raw/themuse_jobs_part_7.csv': 200 jobs
[2024-07-26T14:03:01.906+0000] {logging_mixin.py:188} INFO - Saved to 'data/raw/themuse_jobs_part_8.csv': 200 jobs
[2024-07-26T14:03:21.925+0000] {logging_mixin.py:188} INFO - Saved to 'data/raw/themuse_jobs_part_9.csv': 200 jobs
[2024-07-26T14:03:26.924+0000] {logging_mixin.py:188} INFO - Saved to 'data/raw/themuse_jobs_part_10.csv': 200 jobs
[2024-07-26T14:03:27.548+0000] {logging_mixin.py:188} INFO - Error 400: Value `page` is too high
[2024-07-26T14:03:32.453+0000] {logging_mixin.py:188} INFO - Saved to 'data/raw/themuse_companies_part_1.csv': 200 companies
[2024-07-26T14:03:36.511+0000] {logging_mixin.py:188} INFO - Saved to 'data/raw/themuse_companies_part_2.csv': 200 companies
[2024-07-26T14:03:39.923+0000] {logging_mixin.py:188} INFO - Saved to 'data/raw/themuse_companies_part_3.csv': 200 companies
[2024-07-26T14:03:41.293+0000] {logging_mixin.py:188} INFO - Saved to 'data/raw/themuse_companies_part_4.csv': 64 companies
[2024-07-26T14:03:41.293+0000] {python.py:237} INFO - Done. Returned value was: None
[2024-07-26T14:03:41.294+0000] {taskinstance.py:441} INFO - ::group::Post task execution logs
[2024-07-26T14:03:41.314+0000] {taskinstance.py:1206} INFO - Marking task as SUCCESS. dag_id=raw_data_processing_pipeline, task_id=themuse_api_call, run_id=scheduled__2024-07-26T13:01:00+00:00, execution_date=20240726T130100, start_date=20240726T140104, end_date=20240726T140341
[2024-07-26T14:03:41.357+0000] {local_task_job_runner.py:243} INFO - Task exited with return code 0
[2024-07-26T14:03:41.404+0000] {taskinstance.py:3503} INFO - 1 downstream tasks scheduled from follow-on schedule check
[2024-07-26T14:03:41.406+0000] {local_task_job_runner.py:222} INFO - ::endgroup::
